[0.042s] Invoking command in '/home/pierres/COURS/slamnav/build/nav2_rotation_shim_controller': AMENT_PREFIX_PATH=/home/pierres/COURS/slamnav/install/nav2_regulated_pure_pursuit_controller:/home/pierres/COURS/slamnav/install/nav2_controller:/home/pierres/COURS/slamnav/install/nav2_core:/home/pierres/COURS/slamnav/install/nav2_costmap_2d:/home/pierres/COURS/slamnav/install/nav_2d_utils:/home/pierres/COURS/slamnav/install/nav2_map_server:/home/pierres/COURS/slamnav/install/nav2_lifecycle_manager:/home/pierres/COURS/slamnav/install/nav2_util:/home/pierres/COURS/slamnav/install/nav2_voxel_grid:/home/pierres/COURS/slamnav/install/nav2_msgs:/home/pierres/COURS/slamnav/install/nav_2d_msgs:/home/pierres/COURS/slamnav/install/nav2_common:${AMENT_PREFIX_PATH} CMAKE_PREFIX_PATH=/home/pierres/COURS/slamnav/install/nav2_regulated_pure_pursuit_controller:/home/pierres/COURS/slamnav/install/nav2_controller:/home/pierres/COURS/slamnav/install/nav2_core:/home/pierres/COURS/slamnav/install/nav2_costmap_2d:/home/pierres/COURS/slamnav/install/nav_2d_utils:/home/pierres/COURS/slamnav/install/nav2_map_server:/home/pierres/COURS/slamnav/install/nav2_lifecycle_manager:/home/pierres/COURS/slamnav/install/nav2_util:/home/pierres/COURS/slamnav/install/nav2_voxel_grid:/home/pierres/COURS/slamnav/install/nav2_msgs:/home/pierres/COURS/slamnav/install/nav_2d_msgs:/home/pierres/COURS/slamnav/install/nav2_common:/home/pierres/COURS/slamnav/install/slam_toolbox:/opt/ros/humble:/home/pierres/COURS/slamnav/install/slamnav_turtlebot LD_LIBRARY_PATH=/home/pierres/COURS/slamnav/install/nav2_regulated_pure_pursuit_controller/lib:/home/pierres/COURS/slamnav/install/nav2_controller/lib:/home/pierres/COURS/slamnav/install/nav2_costmap_2d/lib:/home/pierres/COURS/slamnav/install/nav_2d_utils/lib:/home/pierres/COURS/slamnav/install/nav2_map_server/lib:/home/pierres/COURS/slamnav/install/nav2_lifecycle_manager/lib:/home/pierres/COURS/slamnav/install/nav2_util/lib:/home/pierres/COURS/slamnav/install/nav2_voxel_grid/lib:/home/pierres/COURS/slamnav/install/nav2_msgs/lib:/home/pierres/COURS/slamnav/install/nav_2d_msgs/lib:${LD_LIBRARY_PATH} PYTHONPATH=/home/pierres/COURS/slamnav/install/nav2_msgs/local/lib/python3.10/dist-packages:/home/pierres/COURS/slamnav/install/nav_2d_msgs/local/lib/python3.10/dist-packages:/home/pierres/COURS/slamnav/install/nav2_common/local/lib/python3.10/dist-packages:${PYTHONPATH} /usr/bin/cmake /home/pierres/COURS/slamnav/src/navigation2/nav2_rotation_shim_controller -DCMAKE_BUILD_TYPE=Humble -DAMENT_CMAKE_SYMLINK_INSTALL=1 -DCMAKE_INSTALL_PREFIX=/home/pierres/COURS/slamnav/install/nav2_rotation_shim_controller
[0.101s] -- The C compiler identification is GNU 11.4.0
[0.186s] -- The CXX compiler identification is GNU 11.4.0
[0.198s] -- Detecting C compiler ABI info
[0.271s] -- Detecting C compiler ABI info - done
[0.285s] -- Check for working C compiler: /usr/bin/cc - skipped
[0.285s] -- Detecting C compile features
[0.286s] -- Detecting C compile features - done
[0.292s] -- Detecting CXX compiler ABI info
[0.414s] -- Detecting CXX compiler ABI info - done
[0.428s] -- Check for working CXX compiler: /usr/bin/c++ - skipped
[0.428s] -- Detecting CXX compile features
[0.429s] -- Detecting CXX compile features - done
[0.435s] -- Found ament_cmake: 1.3.10 (/opt/ros/humble/share/ament_cmake/cmake)
[0.673s] -- Found Python3: /usr/bin/python3 (found version "3.10.12") found components: Interpreter 
[0.749s] -- Override CMake install command with custom implementation using symlinks instead of copying resources
[0.782s] -- Found nav2_common: 1.1.16 (/home/pierres/COURS/slamnav/install/nav2_common/share/nav2_common/cmake)
[0.782s] -- Found nav2_core: 1.1.16 (/home/pierres/COURS/slamnav/install/nav2_core/share/nav2_core/cmake)
[0.858s] -- Found rosidl_generator_c: 3.1.5 (/opt/ros/humble/share/rosidl_generator_c/cmake)
[0.870s] -- Found rosidl_adapter: 3.1.5 (/opt/ros/humble/share/rosidl_adapter/cmake)
[0.888s] -- Found rosidl_generator_cpp: 3.1.5 (/opt/ros/humble/share/rosidl_generator_cpp/cmake)
[0.913s] -- Using all available rosidl_typesupport_c: rosidl_typesupport_fastrtps_c;rosidl_typesupport_introspection_c
[0.948s] -- Using all available rosidl_typesupport_cpp: rosidl_typesupport_fastrtps_cpp;rosidl_typesupport_introspection_cpp
[1.042s] -- Found rmw_implementation_cmake: 6.1.2 (/opt/ros/humble/share/rmw_implementation_cmake/cmake)
[1.049s] -- Found rmw_cyclonedds_cpp: 1.3.4 (/opt/ros/humble/share/rmw_cyclonedds_cpp/cmake)
[1.098s] -- Using RMW implementation 'rmw_cyclonedds_cpp' as default
[1.117s] -- Looking for pthread.h
[1.239s] -- Looking for pthread.h - found
[1.239s] -- Performing Test CMAKE_HAVE_LIBC_PTHREAD
[1.349s] -- Performing Test CMAKE_HAVE_LIBC_PTHREAD - Success
[1.350s] -- Found Threads: TRUE  
[1.687s] -- Found Eigen3: TRUE (found version "3.4.0") 
[1.687s] -- Ensuring Eigen3 include directory is part of orocos-kdl CMake target
[1.954s] -- Found ament_lint_auto: 0.12.11 (/opt/ros/humble/share/ament_lint_auto/cmake)
[2.191s] -- Found gtest sources under '/opt/ros/humble/src/gtest_vendor': C++ tests using 'Google Test' will be built
[2.662s] -- Added test 'cppcheck' to perform static code analysis on C / C++ code
[2.662s] -- Configured cppcheck include dirs: /home/pierres/COURS/slamnav/src/navigation2/nav2_rotation_shim_controller/include
[2.662s] -- Configured cppcheck exclude dirs and/or files: 
[2.664s] -- Added test 'cpplint' to check C / C++ code against the Google style
[2.664s] -- Configured cpplint exclude dirs and/or files: 
[2.666s] -- Added test 'lint_cmake' to check CMake code style
[2.669s] -- Added test 'uncrustify' to check C / C++ code style
[2.669s] -- Configured uncrustify additional arguments: 
[2.671s] -- Added test 'xmllint' to check XML markup files
[2.679s] -- Configuring done
[2.795s] -- Generating done
[2.797s] -- Build files have been written to: /home/pierres/COURS/slamnav/build/nav2_rotation_shim_controller
[2.817s] Invoked command in '/home/pierres/COURS/slamnav/build/nav2_rotation_shim_controller' returned '0': AMENT_PREFIX_PATH=/home/pierres/COURS/slamnav/install/nav2_regulated_pure_pursuit_controller:/home/pierres/COURS/slamnav/install/nav2_controller:/home/pierres/COURS/slamnav/install/nav2_core:/home/pierres/COURS/slamnav/install/nav2_costmap_2d:/home/pierres/COURS/slamnav/install/nav_2d_utils:/home/pierres/COURS/slamnav/install/nav2_map_server:/home/pierres/COURS/slamnav/install/nav2_lifecycle_manager:/home/pierres/COURS/slamnav/install/nav2_util:/home/pierres/COURS/slamnav/install/nav2_voxel_grid:/home/pierres/COURS/slamnav/install/nav2_msgs:/home/pierres/COURS/slamnav/install/nav_2d_msgs:/home/pierres/COURS/slamnav/install/nav2_common:${AMENT_PREFIX_PATH} CMAKE_PREFIX_PATH=/home/pierres/COURS/slamnav/install/nav2_regulated_pure_pursuit_controller:/home/pierres/COURS/slamnav/install/nav2_controller:/home/pierres/COURS/slamnav/install/nav2_core:/home/pierres/COURS/slamnav/install/nav2_costmap_2d:/home/pierres/COURS/slamnav/install/nav_2d_utils:/home/pierres/COURS/slamnav/install/nav2_map_server:/home/pierres/COURS/slamnav/install/nav2_lifecycle_manager:/home/pierres/COURS/slamnav/install/nav2_util:/home/pierres/COURS/slamnav/install/nav2_voxel_grid:/home/pierres/COURS/slamnav/install/nav2_msgs:/home/pierres/COURS/slamnav/install/nav_2d_msgs:/home/pierres/COURS/slamnav/install/nav2_common:/home/pierres/COURS/slamnav/install/slam_toolbox:/opt/ros/humble:/home/pierres/COURS/slamnav/install/slamnav_turtlebot LD_LIBRARY_PATH=/home/pierres/COURS/slamnav/install/nav2_regulated_pure_pursuit_controller/lib:/home/pierres/COURS/slamnav/install/nav2_controller/lib:/home/pierres/COURS/slamnav/install/nav2_costmap_2d/lib:/home/pierres/COURS/slamnav/install/nav_2d_utils/lib:/home/pierres/COURS/slamnav/install/nav2_map_server/lib:/home/pierres/COURS/slamnav/install/nav2_lifecycle_manager/lib:/home/pierres/COURS/slamnav/install/nav2_util/lib:/home/pierres/COURS/slamnav/install/nav2_voxel_grid/lib:/home/pierres/COURS/slamnav/install/nav2_msgs/lib:/home/pierres/COURS/slamnav/install/nav_2d_msgs/lib:${LD_LIBRARY_PATH} PYTHONPATH=/home/pierres/COURS/slamnav/install/nav2_msgs/local/lib/python3.10/dist-packages:/home/pierres/COURS/slamnav/install/nav_2d_msgs/local/lib/python3.10/dist-packages:/home/pierres/COURS/slamnav/install/nav2_common/local/lib/python3.10/dist-packages:${PYTHONPATH} /usr/bin/cmake /home/pierres/COURS/slamnav/src/navigation2/nav2_rotation_shim_controller -DCMAKE_BUILD_TYPE=Humble -DAMENT_CMAKE_SYMLINK_INSTALL=1 -DCMAKE_INSTALL_PREFIX=/home/pierres/COURS/slamnav/install/nav2_rotation_shim_controller
[2.820s] Invoking command in '/home/pierres/COURS/slamnav/build/nav2_rotation_shim_controller': AMENT_PREFIX_PATH=/home/pierres/COURS/slamnav/install/nav2_regulated_pure_pursuit_controller:/home/pierres/COURS/slamnav/install/nav2_controller:/home/pierres/COURS/slamnav/install/nav2_core:/home/pierres/COURS/slamnav/install/nav2_costmap_2d:/home/pierres/COURS/slamnav/install/nav_2d_utils:/home/pierres/COURS/slamnav/install/nav2_map_server:/home/pierres/COURS/slamnav/install/nav2_lifecycle_manager:/home/pierres/COURS/slamnav/install/nav2_util:/home/pierres/COURS/slamnav/install/nav2_voxel_grid:/home/pierres/COURS/slamnav/install/nav2_msgs:/home/pierres/COURS/slamnav/install/nav_2d_msgs:/home/pierres/COURS/slamnav/install/nav2_common:${AMENT_PREFIX_PATH} CMAKE_PREFIX_PATH=/home/pierres/COURS/slamnav/install/nav2_regulated_pure_pursuit_controller:/home/pierres/COURS/slamnav/install/nav2_controller:/home/pierres/COURS/slamnav/install/nav2_core:/home/pierres/COURS/slamnav/install/nav2_costmap_2d:/home/pierres/COURS/slamnav/install/nav_2d_utils:/home/pierres/COURS/slamnav/install/nav2_map_server:/home/pierres/COURS/slamnav/install/nav2_lifecycle_manager:/home/pierres/COURS/slamnav/install/nav2_util:/home/pierres/COURS/slamnav/install/nav2_voxel_grid:/home/pierres/COURS/slamnav/install/nav2_msgs:/home/pierres/COURS/slamnav/install/nav_2d_msgs:/home/pierres/COURS/slamnav/install/nav2_common:/home/pierres/COURS/slamnav/install/slam_toolbox:/opt/ros/humble:/home/pierres/COURS/slamnav/install/slamnav_turtlebot LD_LIBRARY_PATH=/home/pierres/COURS/slamnav/install/nav2_regulated_pure_pursuit_controller/lib:/home/pierres/COURS/slamnav/install/nav2_controller/lib:/home/pierres/COURS/slamnav/install/nav2_costmap_2d/lib:/home/pierres/COURS/slamnav/install/nav_2d_utils/lib:/home/pierres/COURS/slamnav/install/nav2_map_server/lib:/home/pierres/COURS/slamnav/install/nav2_lifecycle_manager/lib:/home/pierres/COURS/slamnav/install/nav2_util/lib:/home/pierres/COURS/slamnav/install/nav2_voxel_grid/lib:/home/pierres/COURS/slamnav/install/nav2_msgs/lib:/home/pierres/COURS/slamnav/install/nav_2d_msgs/lib:${LD_LIBRARY_PATH} PYTHONPATH=/home/pierres/COURS/slamnav/install/nav2_msgs/local/lib/python3.10/dist-packages:/home/pierres/COURS/slamnav/install/nav_2d_msgs/local/lib/python3.10/dist-packages:/home/pierres/COURS/slamnav/install/nav2_common/local/lib/python3.10/dist-packages:${PYTHONPATH} /usr/bin/cmake --build /home/pierres/COURS/slamnav/build/nav2_rotation_shim_controller -- -j16 -l16
[2.894s] [ 12%] [32mBuilding CXX object gtest/CMakeFiles/gtest_main.dir/src/gtest_main.cc.o[0m
[2.894s] [ 25%] [32mBuilding CXX object gtest/CMakeFiles/gtest.dir/src/gtest-all.cc.o[0m
[2.895s] [ 37%] [32mBuilding CXX object CMakeFiles/nav2_rotation_shim_controller.dir/src/nav2_rotation_shim_controller.cpp.o[0m
[4.408s] [ 50%] [32m[1mLinking CXX static library libgtest_main.a[0m
[4.520s] [ 50%] Built target gtest_main
[11.945s] [ 62%] [32m[1mLinking CXX static library libgtest.a[0m
[12.219s] [ 62%] Built target gtest
[26.740s] [ 75%] [32m[1mLinking CXX shared library libnav2_rotation_shim_controller.so[0m
[29.787s] [ 75%] Built target nav2_rotation_shim_controller
[29.824s] [ 87%] [32mBuilding CXX object test/CMakeFiles/test_shim_controller.dir/test_shim_controller.cpp.o[0m
[40.611s] [100%] [32m[1mLinking CXX executable test_shim_controller[0m
[42.242s] [100%] Built target test_shim_controller
[42.257s] Invoked command in '/home/pierres/COURS/slamnav/build/nav2_rotation_shim_controller' returned '0': AMENT_PREFIX_PATH=/home/pierres/COURS/slamnav/install/nav2_regulated_pure_pursuit_controller:/home/pierres/COURS/slamnav/install/nav2_controller:/home/pierres/COURS/slamnav/install/nav2_core:/home/pierres/COURS/slamnav/install/nav2_costmap_2d:/home/pierres/COURS/slamnav/install/nav_2d_utils:/home/pierres/COURS/slamnav/install/nav2_map_server:/home/pierres/COURS/slamnav/install/nav2_lifecycle_manager:/home/pierres/COURS/slamnav/install/nav2_util:/home/pierres/COURS/slamnav/install/nav2_voxel_grid:/home/pierres/COURS/slamnav/install/nav2_msgs:/home/pierres/COURS/slamnav/install/nav_2d_msgs:/home/pierres/COURS/slamnav/install/nav2_common:${AMENT_PREFIX_PATH} CMAKE_PREFIX_PATH=/home/pierres/COURS/slamnav/install/nav2_regulated_pure_pursuit_controller:/home/pierres/COURS/slamnav/install/nav2_controller:/home/pierres/COURS/slamnav/install/nav2_core:/home/pierres/COURS/slamnav/install/nav2_costmap_2d:/home/pierres/COURS/slamnav/install/nav_2d_utils:/home/pierres/COURS/slamnav/install/nav2_map_server:/home/pierres/COURS/slamnav/install/nav2_lifecycle_manager:/home/pierres/COURS/slamnav/install/nav2_util:/home/pierres/COURS/slamnav/install/nav2_voxel_grid:/home/pierres/COURS/slamnav/install/nav2_msgs:/home/pierres/COURS/slamnav/install/nav_2d_msgs:/home/pierres/COURS/slamnav/install/nav2_common:/home/pierres/COURS/slamnav/install/slam_toolbox:/opt/ros/humble:/home/pierres/COURS/slamnav/install/slamnav_turtlebot LD_LIBRARY_PATH=/home/pierres/COURS/slamnav/install/nav2_regulated_pure_pursuit_controller/lib:/home/pierres/COURS/slamnav/install/nav2_controller/lib:/home/pierres/COURS/slamnav/install/nav2_costmap_2d/lib:/home/pierres/COURS/slamnav/install/nav_2d_utils/lib:/home/pierres/COURS/slamnav/install/nav2_map_server/lib:/home/pierres/COURS/slamnav/install/nav2_lifecycle_manager/lib:/home/pierres/COURS/slamnav/install/nav2_util/lib:/home/pierres/COURS/slamnav/install/nav2_voxel_grid/lib:/home/pierres/COURS/slamnav/install/nav2_msgs/lib:/home/pierres/COURS/slamnav/install/nav_2d_msgs/lib:${LD_LIBRARY_PATH} PYTHONPATH=/home/pierres/COURS/slamnav/install/nav2_msgs/local/lib/python3.10/dist-packages:/home/pierres/COURS/slamnav/install/nav_2d_msgs/local/lib/python3.10/dist-packages:/home/pierres/COURS/slamnav/install/nav2_common/local/lib/python3.10/dist-packages:${PYTHONPATH} /usr/bin/cmake --build /home/pierres/COURS/slamnav/build/nav2_rotation_shim_controller -- -j16 -l16
[42.290s] Invoking command in '/home/pierres/COURS/slamnav/build/nav2_rotation_shim_controller': AMENT_PREFIX_PATH=/home/pierres/COURS/slamnav/install/nav2_regulated_pure_pursuit_controller:/home/pierres/COURS/slamnav/install/nav2_controller:/home/pierres/COURS/slamnav/install/nav2_core:/home/pierres/COURS/slamnav/install/nav2_costmap_2d:/home/pierres/COURS/slamnav/install/nav_2d_utils:/home/pierres/COURS/slamnav/install/nav2_map_server:/home/pierres/COURS/slamnav/install/nav2_lifecycle_manager:/home/pierres/COURS/slamnav/install/nav2_util:/home/pierres/COURS/slamnav/install/nav2_voxel_grid:/home/pierres/COURS/slamnav/install/nav2_msgs:/home/pierres/COURS/slamnav/install/nav_2d_msgs:/home/pierres/COURS/slamnav/install/nav2_common:${AMENT_PREFIX_PATH} CMAKE_PREFIX_PATH=/home/pierres/COURS/slamnav/install/nav2_regulated_pure_pursuit_controller:/home/pierres/COURS/slamnav/install/nav2_controller:/home/pierres/COURS/slamnav/install/nav2_core:/home/pierres/COURS/slamnav/install/nav2_costmap_2d:/home/pierres/COURS/slamnav/install/nav_2d_utils:/home/pierres/COURS/slamnav/install/nav2_map_server:/home/pierres/COURS/slamnav/install/nav2_lifecycle_manager:/home/pierres/COURS/slamnav/install/nav2_util:/home/pierres/COURS/slamnav/install/nav2_voxel_grid:/home/pierres/COURS/slamnav/install/nav2_msgs:/home/pierres/COURS/slamnav/install/nav_2d_msgs:/home/pierres/COURS/slamnav/install/nav2_common:/home/pierres/COURS/slamnav/install/slam_toolbox:/opt/ros/humble:/home/pierres/COURS/slamnav/install/slamnav_turtlebot LD_LIBRARY_PATH=/home/pierres/COURS/slamnav/install/nav2_regulated_pure_pursuit_controller/lib:/home/pierres/COURS/slamnav/install/nav2_controller/lib:/home/pierres/COURS/slamnav/install/nav2_costmap_2d/lib:/home/pierres/COURS/slamnav/install/nav_2d_utils/lib:/home/pierres/COURS/slamnav/install/nav2_map_server/lib:/home/pierres/COURS/slamnav/install/nav2_lifecycle_manager/lib:/home/pierres/COURS/slamnav/install/nav2_util/lib:/home/pierres/COURS/slamnav/install/nav2_voxel_grid/lib:/home/pierres/COURS/slamnav/install/nav2_msgs/lib:/home/pierres/COURS/slamnav/install/nav_2d_msgs/lib:${LD_LIBRARY_PATH} PYTHONPATH=/home/pierres/COURS/slamnav/install/nav2_msgs/local/lib/python3.10/dist-packages:/home/pierres/COURS/slamnav/install/nav_2d_msgs/local/lib/python3.10/dist-packages:/home/pierres/COURS/slamnav/install/nav2_common/local/lib/python3.10/dist-packages:${PYTHONPATH} /usr/bin/cmake --install /home/pierres/COURS/slamnav/build/nav2_rotation_shim_controller
[42.299s] -- Install configuration: "Humble"
[42.300s] -- Execute custom install script
[42.300s] -- Symlinking: /home/pierres/COURS/slamnav/install/nav2_rotation_shim_controller/lib/libnav2_rotation_shim_controller.so
[42.310s] -- Symlinking: /home/pierres/COURS/slamnav/install/nav2_rotation_shim_controller/include//nav2_rotation_shim_controller/nav2_rotation_shim_controller.hpp
[42.321s] -- Symlinking: /home/pierres/COURS/slamnav/install/nav2_rotation_shim_controller/include//nav2_rotation_shim_controller/tools/utils.hpp
[42.331s] -- Symlinking: /home/pierres/COURS/slamnav/install/nav2_rotation_shim_controller/share/nav2_rotation_shim_controller/environment/library_path.sh
[42.342s] -- Symlinking: /home/pierres/COURS/slamnav/install/nav2_rotation_shim_controller/share/nav2_rotation_shim_controller/environment/library_path.dsv
[42.349s] -- Symlinking: /home/pierres/COURS/slamnav/install/nav2_rotation_shim_controller/share/nav2_rotation_shim_controller//nav2_rotation_shim_controller.xml
[42.361s] -- Symlinking: /home/pierres/COURS/slamnav/install/nav2_rotation_shim_controller/share/ament_index/resource_index/package_run_dependencies/nav2_rotation_shim_controller
[42.372s] -- Symlinking: /home/pierres/COURS/slamnav/install/nav2_rotation_shim_controller/share/ament_index/resource_index/parent_prefix_path/nav2_rotation_shim_controller
[42.383s] -- Symlinking: /home/pierres/COURS/slamnav/install/nav2_rotation_shim_controller/share/nav2_rotation_shim_controller/environment/ament_prefix_path.sh
[42.394s] -- Symlinking: /home/pierres/COURS/slamnav/install/nav2_rotation_shim_controller/share/nav2_rotation_shim_controller/environment/ament_prefix_path.dsv
[42.405s] -- Symlinking: /home/pierres/COURS/slamnav/install/nav2_rotation_shim_controller/share/nav2_rotation_shim_controller/environment/path.sh
[42.416s] -- Symlinking: /home/pierres/COURS/slamnav/install/nav2_rotation_shim_controller/share/nav2_rotation_shim_controller/environment/path.dsv
[42.427s] -- Symlinking: /home/pierres/COURS/slamnav/install/nav2_rotation_shim_controller/share/nav2_rotation_shim_controller/local_setup.bash
[42.437s] -- Symlinking: /home/pierres/COURS/slamnav/install/nav2_rotation_shim_controller/share/nav2_rotation_shim_controller/local_setup.sh
[42.448s] -- Symlinking: /home/pierres/COURS/slamnav/install/nav2_rotation_shim_controller/share/nav2_rotation_shim_controller/local_setup.zsh
[42.460s] -- Symlinking: /home/pierres/COURS/slamnav/install/nav2_rotation_shim_controller/share/nav2_rotation_shim_controller/local_setup.dsv
[42.471s] -- Symlinking: /home/pierres/COURS/slamnav/install/nav2_rotation_shim_controller/share/nav2_rotation_shim_controller/package.dsv
[42.482s] -- Symlinking: /home/pierres/COURS/slamnav/install/nav2_rotation_shim_controller/share/ament_index/resource_index/packages/nav2_rotation_shim_controller
[42.493s] -- Symlinking: /home/pierres/COURS/slamnav/install/nav2_rotation_shim_controller/share/ament_index/resource_index/nav2_core__pluginlib__plugin/nav2_rotation_shim_controller
[42.503s] -- Symlinking: /home/pierres/COURS/slamnav/install/nav2_rotation_shim_controller/share/nav2_rotation_shim_controller/cmake/ament_cmake_export_include_directories-extras.cmake
[42.514s] -- Symlinking: /home/pierres/COURS/slamnav/install/nav2_rotation_shim_controller/share/nav2_rotation_shim_controller/cmake/ament_cmake_export_libraries-extras.cmake
[42.524s] -- Symlinking: /home/pierres/COURS/slamnav/install/nav2_rotation_shim_controller/share/nav2_rotation_shim_controller/cmake/ament_cmake_export_dependencies-extras.cmake
[42.535s] -- Symlinking: /home/pierres/COURS/slamnav/install/nav2_rotation_shim_controller/share/nav2_rotation_shim_controller/cmake/nav2_rotation_shim_controllerConfig.cmake
[42.546s] -- Symlinking: /home/pierres/COURS/slamnav/install/nav2_rotation_shim_controller/share/nav2_rotation_shim_controller/cmake/nav2_rotation_shim_controllerConfig-version.cmake
[42.557s] -- Symlinking: /home/pierres/COURS/slamnav/install/nav2_rotation_shim_controller/share/nav2_rotation_shim_controller/package.xml
[42.571s] Invoked command in '/home/pierres/COURS/slamnav/build/nav2_rotation_shim_controller' returned '0': AMENT_PREFIX_PATH=/home/pierres/COURS/slamnav/install/nav2_regulated_pure_pursuit_controller:/home/pierres/COURS/slamnav/install/nav2_controller:/home/pierres/COURS/slamnav/install/nav2_core:/home/pierres/COURS/slamnav/install/nav2_costmap_2d:/home/pierres/COURS/slamnav/install/nav_2d_utils:/home/pierres/COURS/slamnav/install/nav2_map_server:/home/pierres/COURS/slamnav/install/nav2_lifecycle_manager:/home/pierres/COURS/slamnav/install/nav2_util:/home/pierres/COURS/slamnav/install/nav2_voxel_grid:/home/pierres/COURS/slamnav/install/nav2_msgs:/home/pierres/COURS/slamnav/install/nav_2d_msgs:/home/pierres/COURS/slamnav/install/nav2_common:${AMENT_PREFIX_PATH} CMAKE_PREFIX_PATH=/home/pierres/COURS/slamnav/install/nav2_regulated_pure_pursuit_controller:/home/pierres/COURS/slamnav/install/nav2_controller:/home/pierres/COURS/slamnav/install/nav2_core:/home/pierres/COURS/slamnav/install/nav2_costmap_2d:/home/pierres/COURS/slamnav/install/nav_2d_utils:/home/pierres/COURS/slamnav/install/nav2_map_server:/home/pierres/COURS/slamnav/install/nav2_lifecycle_manager:/home/pierres/COURS/slamnav/install/nav2_util:/home/pierres/COURS/slamnav/install/nav2_voxel_grid:/home/pierres/COURS/slamnav/install/nav2_msgs:/home/pierres/COURS/slamnav/install/nav_2d_msgs:/home/pierres/COURS/slamnav/install/nav2_common:/home/pierres/COURS/slamnav/install/slam_toolbox:/opt/ros/humble:/home/pierres/COURS/slamnav/install/slamnav_turtlebot LD_LIBRARY_PATH=/home/pierres/COURS/slamnav/install/nav2_regulated_pure_pursuit_controller/lib:/home/pierres/COURS/slamnav/install/nav2_controller/lib:/home/pierres/COURS/slamnav/install/nav2_costmap_2d/lib:/home/pierres/COURS/slamnav/install/nav_2d_utils/lib:/home/pierres/COURS/slamnav/install/nav2_map_server/lib:/home/pierres/COURS/slamnav/install/nav2_lifecycle_manager/lib:/home/pierres/COURS/slamnav/install/nav2_util/lib:/home/pierres/COURS/slamnav/install/nav2_voxel_grid/lib:/home/pierres/COURS/slamnav/install/nav2_msgs/lib:/home/pierres/COURS/slamnav/install/nav_2d_msgs/lib:${LD_LIBRARY_PATH} PYTHONPATH=/home/pierres/COURS/slamnav/install/nav2_msgs/local/lib/python3.10/dist-packages:/home/pierres/COURS/slamnav/install/nav_2d_msgs/local/lib/python3.10/dist-packages:/home/pierres/COURS/slamnav/install/nav2_common/local/lib/python3.10/dist-packages:${PYTHONPATH} /usr/bin/cmake --install /home/pierres/COURS/slamnav/build/nav2_rotation_shim_controller
