[0.057s] Invoking command in '/home/pierres/COURS/slamnav/build/nav2_mppi_controller': AMENT_PREFIX_PATH=/home/pierres/COURS/slamnav/install/nav2_core:/home/pierres/COURS/slamnav/install/nav2_costmap_2d:/home/pierres/COURS/slamnav/install/nav2_map_server:/home/pierres/COURS/slamnav/install/nav2_lifecycle_manager:/home/pierres/COURS/slamnav/install/nav2_util:/home/pierres/COURS/slamnav/install/nav2_voxel_grid:/home/pierres/COURS/slamnav/install/nav2_msgs:/home/pierres/COURS/slamnav/install/nav2_common:${AMENT_PREFIX_PATH} CMAKE_PREFIX_PATH=/home/pierres/COURS/slamnav/install/nav2_core:/home/pierres/COURS/slamnav/install/nav2_costmap_2d:/home/pierres/COURS/slamnav/install/nav2_map_server:/home/pierres/COURS/slamnav/install/nav2_lifecycle_manager:/home/pierres/COURS/slamnav/install/nav2_util:/home/pierres/COURS/slamnav/install/nav2_voxel_grid:/home/pierres/COURS/slamnav/install/nav2_msgs:/home/pierres/COURS/slamnav/install/nav2_common:/home/pierres/COURS/slamnav/install/slam_toolbox:/opt/ros/humble:/home/pierres/COURS/slamnav/install/slamnav_turtlebot LD_LIBRARY_PATH=/home/pierres/COURS/slamnav/install/nav2_costmap_2d/lib:/home/pierres/COURS/slamnav/install/nav2_map_server/lib:/home/pierres/COURS/slamnav/install/nav2_lifecycle_manager/lib:/home/pierres/COURS/slamnav/install/nav2_util/lib:/home/pierres/COURS/slamnav/install/nav2_voxel_grid/lib:/home/pierres/COURS/slamnav/install/nav2_msgs/lib:${LD_LIBRARY_PATH} PYTHONPATH=/home/pierres/COURS/slamnav/install/nav2_msgs/local/lib/python3.10/dist-packages:/home/pierres/COURS/slamnav/install/nav2_common/local/lib/python3.10/dist-packages:${PYTHONPATH} /usr/bin/cmake /home/pierres/COURS/slamnav/src/navigation2/nav2_mppi_controller -DCMAKE_INSTALL_PREFIX=/home/pierres/COURS/slamnav/install/nav2_mppi_controller
[0.073s] -- Found ament_cmake: 1.3.10 (/opt/ros/humble/share/ament_cmake/cmake)
[0.236s] -- Override CMake install command with custom implementation using symlinks instead of copying resources
[0.253s] -- Found rclcpp: 16.0.10 (/opt/ros/humble/share/rclcpp/cmake)
[0.281s] -- Found rosidl_generator_c: 3.1.5 (/opt/ros/humble/share/rosidl_generator_c/cmake)
[0.286s] -- Found rosidl_adapter: 3.1.5 (/opt/ros/humble/share/rosidl_adapter/cmake)
[0.289s] -- Found rosidl_generator_cpp: 3.1.5 (/opt/ros/humble/share/rosidl_generator_cpp/cmake)
[0.299s] -- Using all available rosidl_typesupport_c: rosidl_typesupport_fastrtps_c;rosidl_typesupport_introspection_c
[0.313s] -- Using all available rosidl_typesupport_cpp: rosidl_typesupport_fastrtps_cpp;rosidl_typesupport_introspection_cpp
[0.352s] -- Found rmw_implementation_cmake: 6.1.2 (/opt/ros/humble/share/rmw_implementation_cmake/cmake)
[0.352s] -- Found rmw_cyclonedds_cpp: 1.3.4 (/opt/ros/humble/share/rmw_cyclonedds_cpp/cmake)
[0.389s] -- Using RMW implementation 'rmw_cyclonedds_cpp' as default
[0.441s] -- Found nav2_common: 1.1.16 (/home/pierres/COURS/slamnav/install/nav2_common/share/nav2_common/cmake)
[0.441s] -- Found pluginlib: 5.1.0 (/opt/ros/humble/share/pluginlib/cmake)
[0.466s] -- Found tf2: 0.25.8 (/opt/ros/humble/share/tf2/cmake)
[0.485s] -- Found visualization_msgs: 4.2.4 (/opt/ros/humble/share/visualization_msgs/cmake)
[0.536s] -- Found nav_msgs: 4.2.4 (/opt/ros/humble/share/nav_msgs/cmake)
[0.567s] -- Found nav2_core: 1.1.16 (/home/pierres/COURS/slamnav/install/nav2_core/share/nav2_core/cmake)
[0.838s] -- Ensuring Eigen3 include directory is part of orocos-kdl CMake target
[0.943s] -- Found tf2_eigen: 0.25.8 (/opt/ros/humble/share/tf2_eigen/cmake)
[1.297s] -- Found ament_lint_auto: 0.12.11 (/opt/ros/humble/share/ament_lint_auto/cmake)
[1.298s] -- Found ament_cmake_gtest: 1.3.10 (/opt/ros/humble/share/ament_cmake_gtest/cmake)
[1.441s] -- Found gtest sources under '/opt/ros/humble/src/gtest_vendor': C++ tests using 'Google Test' will be built
[2.801s] -- Added test 'cppcheck' to perform static code analysis on C / C++ code
[2.801s] -- Configured cppcheck include dirs: /home/pierres/COURS/slamnav/src/navigation2/nav2_mppi_controller/include
[2.802s] -- Configured cppcheck exclude dirs and/or files: 
[2.805s] -- Added test 'cpplint' to check C / C++ code against the Google style
[2.805s] -- Configured cpplint exclude dirs and/or files: 
[2.807s] -- Added test 'lint_cmake' to check CMake code style
[2.811s] -- Added test 'uncrustify' to check C / C++ code style
[2.811s] -- Configured uncrustify additional arguments: 
[2.812s] -- Added test 'xmllint' to check XML markup files
[2.816s] -- Configuring done
[3.655s] -- Generating done
[3.661s] -- Build files have been written to: /home/pierres/COURS/slamnav/build/nav2_mppi_controller
[3.676s] Invoked command in '/home/pierres/COURS/slamnav/build/nav2_mppi_controller' returned '0': AMENT_PREFIX_PATH=/home/pierres/COURS/slamnav/install/nav2_core:/home/pierres/COURS/slamnav/install/nav2_costmap_2d:/home/pierres/COURS/slamnav/install/nav2_map_server:/home/pierres/COURS/slamnav/install/nav2_lifecycle_manager:/home/pierres/COURS/slamnav/install/nav2_util:/home/pierres/COURS/slamnav/install/nav2_voxel_grid:/home/pierres/COURS/slamnav/install/nav2_msgs:/home/pierres/COURS/slamnav/install/nav2_common:${AMENT_PREFIX_PATH} CMAKE_PREFIX_PATH=/home/pierres/COURS/slamnav/install/nav2_core:/home/pierres/COURS/slamnav/install/nav2_costmap_2d:/home/pierres/COURS/slamnav/install/nav2_map_server:/home/pierres/COURS/slamnav/install/nav2_lifecycle_manager:/home/pierres/COURS/slamnav/install/nav2_util:/home/pierres/COURS/slamnav/install/nav2_voxel_grid:/home/pierres/COURS/slamnav/install/nav2_msgs:/home/pierres/COURS/slamnav/install/nav2_common:/home/pierres/COURS/slamnav/install/slam_toolbox:/opt/ros/humble:/home/pierres/COURS/slamnav/install/slamnav_turtlebot LD_LIBRARY_PATH=/home/pierres/COURS/slamnav/install/nav2_costmap_2d/lib:/home/pierres/COURS/slamnav/install/nav2_map_server/lib:/home/pierres/COURS/slamnav/install/nav2_lifecycle_manager/lib:/home/pierres/COURS/slamnav/install/nav2_util/lib:/home/pierres/COURS/slamnav/install/nav2_voxel_grid/lib:/home/pierres/COURS/slamnav/install/nav2_msgs/lib:${LD_LIBRARY_PATH} PYTHONPATH=/home/pierres/COURS/slamnav/install/nav2_msgs/local/lib/python3.10/dist-packages:/home/pierres/COURS/slamnav/install/nav2_common/local/lib/python3.10/dist-packages:${PYTHONPATH} /usr/bin/cmake /home/pierres/COURS/slamnav/src/navigation2/nav2_mppi_controller -DCMAKE_INSTALL_PREFIX=/home/pierres/COURS/slamnav/install/nav2_mppi_controller
[3.677s] Invoking command in '/home/pierres/COURS/slamnav/build/nav2_mppi_controller': AMENT_PREFIX_PATH=/home/pierres/COURS/slamnav/install/nav2_core:/home/pierres/COURS/slamnav/install/nav2_costmap_2d:/home/pierres/COURS/slamnav/install/nav2_map_server:/home/pierres/COURS/slamnav/install/nav2_lifecycle_manager:/home/pierres/COURS/slamnav/install/nav2_util:/home/pierres/COURS/slamnav/install/nav2_voxel_grid:/home/pierres/COURS/slamnav/install/nav2_msgs:/home/pierres/COURS/slamnav/install/nav2_common:${AMENT_PREFIX_PATH} CMAKE_PREFIX_PATH=/home/pierres/COURS/slamnav/install/nav2_core:/home/pierres/COURS/slamnav/install/nav2_costmap_2d:/home/pierres/COURS/slamnav/install/nav2_map_server:/home/pierres/COURS/slamnav/install/nav2_lifecycle_manager:/home/pierres/COURS/slamnav/install/nav2_util:/home/pierres/COURS/slamnav/install/nav2_voxel_grid:/home/pierres/COURS/slamnav/install/nav2_msgs:/home/pierres/COURS/slamnav/install/nav2_common:/home/pierres/COURS/slamnav/install/slam_toolbox:/opt/ros/humble:/home/pierres/COURS/slamnav/install/slamnav_turtlebot LD_LIBRARY_PATH=/home/pierres/COURS/slamnav/install/nav2_costmap_2d/lib:/home/pierres/COURS/slamnav/install/nav2_map_server/lib:/home/pierres/COURS/slamnav/install/nav2_lifecycle_manager/lib:/home/pierres/COURS/slamnav/install/nav2_util/lib:/home/pierres/COURS/slamnav/install/nav2_voxel_grid/lib:/home/pierres/COURS/slamnav/install/nav2_msgs/lib:${LD_LIBRARY_PATH} PYTHONPATH=/home/pierres/COURS/slamnav/install/nav2_msgs/local/lib/python3.10/dist-packages:/home/pierres/COURS/slamnav/install/nav2_common/local/lib/python3.10/dist-packages:${PYTHONPATH} /usr/bin/cmake --build /home/pierres/COURS/slamnav/build/nav2_mppi_controller -- -j16 -l16
[3.721s] [35m[1mConsolidate compiler generated dependencies of target gtest_main[0m
[3.722s] [35m[1mConsolidate compiler generated dependencies of target gtest[0m
[3.725s] [35m[1mConsolidate compiler generated dependencies of target mppi_controller[0m
[3.733s] [  4%] Built target gtest_main
[3.734s] [35m[1mConsolidate compiler generated dependencies of target mppi_critics[0m
[3.736s] [  8%] Built target gtest
[3.760s] [ 24%] Built target mppi_controller
[3.774s] [35m[1mConsolidate compiler generated dependencies of target motion_model_tests[0m
[3.774s] [35m[1mConsolidate compiler generated dependencies of target models_test[0m
[3.775s] [35m[1mConsolidate compiler generated dependencies of target trajectory_visualizer_tests[0m
[3.775s] [35m[1mConsolidate compiler generated dependencies of target parameter_handler_test[0m
[3.775s] [35m[1mConsolidate compiler generated dependencies of target path_handler_test[0m
[3.775s] [35m[1mConsolidate compiler generated dependencies of target controller_state_transition_test[0m
[3.775s] [35m[1mConsolidate compiler generated dependencies of target optimizer_smoke_test[0m
[3.775s] [35m[1mConsolidate compiler generated dependencies of target noise_generator_test[0m
[3.775s] [35m[1mConsolidate compiler generated dependencies of target critic_manager_test[0m
[3.776s] [35m[1mConsolidate compiler generated dependencies of target utils_test[0m
[3.788s] [ 51%] Built target mppi_critics
[3.788s] [35m[1mConsolidate compiler generated dependencies of target optimizer_unit_tests[0m
[3.793s] [ 55%] Built target path_handler_test
[3.794s] [ 63%] Built target motion_model_tests
[3.794s] [ 63%] Built target parameter_handler_test
[3.798s] [ 67%] Built target models_test
[3.798s] [ 71%] Built target trajectory_visualizer_tests
[3.798s] [35m[1mConsolidate compiler generated dependencies of target critics_tests[0m
[3.799s] [ 75%] Built target controller_state_transition_test
[3.799s] [ 79%] Built target noise_generator_test
[3.800s] [ 83%] Built target optimizer_smoke_test
[3.801s] [ 87%] Built target critic_manager_test
[3.804s] [ 91%] Built target utils_test
[3.816s] [ 95%] Built target optimizer_unit_tests
[3.818s] [100%] Built target critics_tests
[3.832s] Invoked command in '/home/pierres/COURS/slamnav/build/nav2_mppi_controller' returned '0': AMENT_PREFIX_PATH=/home/pierres/COURS/slamnav/install/nav2_core:/home/pierres/COURS/slamnav/install/nav2_costmap_2d:/home/pierres/COURS/slamnav/install/nav2_map_server:/home/pierres/COURS/slamnav/install/nav2_lifecycle_manager:/home/pierres/COURS/slamnav/install/nav2_util:/home/pierres/COURS/slamnav/install/nav2_voxel_grid:/home/pierres/COURS/slamnav/install/nav2_msgs:/home/pierres/COURS/slamnav/install/nav2_common:${AMENT_PREFIX_PATH} CMAKE_PREFIX_PATH=/home/pierres/COURS/slamnav/install/nav2_core:/home/pierres/COURS/slamnav/install/nav2_costmap_2d:/home/pierres/COURS/slamnav/install/nav2_map_server:/home/pierres/COURS/slamnav/install/nav2_lifecycle_manager:/home/pierres/COURS/slamnav/install/nav2_util:/home/pierres/COURS/slamnav/install/nav2_voxel_grid:/home/pierres/COURS/slamnav/install/nav2_msgs:/home/pierres/COURS/slamnav/install/nav2_common:/home/pierres/COURS/slamnav/install/slam_toolbox:/opt/ros/humble:/home/pierres/COURS/slamnav/install/slamnav_turtlebot LD_LIBRARY_PATH=/home/pierres/COURS/slamnav/install/nav2_costmap_2d/lib:/home/pierres/COURS/slamnav/install/nav2_map_server/lib:/home/pierres/COURS/slamnav/install/nav2_lifecycle_manager/lib:/home/pierres/COURS/slamnav/install/nav2_util/lib:/home/pierres/COURS/slamnav/install/nav2_voxel_grid/lib:/home/pierres/COURS/slamnav/install/nav2_msgs/lib:${LD_LIBRARY_PATH} PYTHONPATH=/home/pierres/COURS/slamnav/install/nav2_msgs/local/lib/python3.10/dist-packages:/home/pierres/COURS/slamnav/install/nav2_common/local/lib/python3.10/dist-packages:${PYTHONPATH} /usr/bin/cmake --build /home/pierres/COURS/slamnav/build/nav2_mppi_controller -- -j16 -l16
[3.909s] Invoking command in '/home/pierres/COURS/slamnav/build/nav2_mppi_controller': AMENT_PREFIX_PATH=/home/pierres/COURS/slamnav/install/nav2_core:/home/pierres/COURS/slamnav/install/nav2_costmap_2d:/home/pierres/COURS/slamnav/install/nav2_map_server:/home/pierres/COURS/slamnav/install/nav2_lifecycle_manager:/home/pierres/COURS/slamnav/install/nav2_util:/home/pierres/COURS/slamnav/install/nav2_voxel_grid:/home/pierres/COURS/slamnav/install/nav2_msgs:/home/pierres/COURS/slamnav/install/nav2_common:${AMENT_PREFIX_PATH} CMAKE_PREFIX_PATH=/home/pierres/COURS/slamnav/install/nav2_core:/home/pierres/COURS/slamnav/install/nav2_costmap_2d:/home/pierres/COURS/slamnav/install/nav2_map_server:/home/pierres/COURS/slamnav/install/nav2_lifecycle_manager:/home/pierres/COURS/slamnav/install/nav2_util:/home/pierres/COURS/slamnav/install/nav2_voxel_grid:/home/pierres/COURS/slamnav/install/nav2_msgs:/home/pierres/COURS/slamnav/install/nav2_common:/home/pierres/COURS/slamnav/install/slam_toolbox:/opt/ros/humble:/home/pierres/COURS/slamnav/install/slamnav_turtlebot LD_LIBRARY_PATH=/home/pierres/COURS/slamnav/install/nav2_costmap_2d/lib:/home/pierres/COURS/slamnav/install/nav2_map_server/lib:/home/pierres/COURS/slamnav/install/nav2_lifecycle_manager/lib:/home/pierres/COURS/slamnav/install/nav2_util/lib:/home/pierres/COURS/slamnav/install/nav2_voxel_grid/lib:/home/pierres/COURS/slamnav/install/nav2_msgs/lib:${LD_LIBRARY_PATH} PYTHONPATH=/home/pierres/COURS/slamnav/install/nav2_msgs/local/lib/python3.10/dist-packages:/home/pierres/COURS/slamnav/install/nav2_common/local/lib/python3.10/dist-packages:${PYTHONPATH} /usr/bin/cmake --install /home/pierres/COURS/slamnav/build/nav2_mppi_controller
[3.915s] -- Install configuration: "Humble"
[3.916s] -- Execute custom install script
[3.916s] -- Up-to-date symlink: /home/pierres/COURS/slamnav/install/nav2_mppi_controller/lib/libmppi_controller.so
[3.916s] -- Up-to-date symlink: /home/pierres/COURS/slamnav/install/nav2_mppi_controller/lib/libmppi_critics.so
[3.916s] -- Up-to-date symlink: /home/pierres/COURS/slamnav/install/nav2_mppi_controller/include//nav2_mppi_controller/controller.hpp
[3.917s] -- Up-to-date symlink: /home/pierres/COURS/slamnav/install/nav2_mppi_controller/include//nav2_mppi_controller/critic_data.hpp
[3.917s] -- Up-to-date symlink: /home/pierres/COURS/slamnav/install/nav2_mppi_controller/include//nav2_mppi_controller/critic_function.hpp
[3.917s] -- Up-to-date symlink: /home/pierres/COURS/slamnav/install/nav2_mppi_controller/include//nav2_mppi_controller/critic_manager.hpp
[3.917s] -- Up-to-date symlink: /home/pierres/COURS/slamnav/install/nav2_mppi_controller/include//nav2_mppi_controller/critics/constraint_critic.hpp
[3.917s] -- Up-to-date symlink: /home/pierres/COURS/slamnav/install/nav2_mppi_controller/include//nav2_mppi_controller/critics/cost_critic.hpp
[3.917s] -- Up-to-date symlink: /home/pierres/COURS/slamnav/install/nav2_mppi_controller/include//nav2_mppi_controller/critics/goal_angle_critic.hpp
[3.917s] -- Up-to-date symlink: /home/pierres/COURS/slamnav/install/nav2_mppi_controller/include//nav2_mppi_controller/critics/goal_critic.hpp
[3.917s] -- Up-to-date symlink: /home/pierres/COURS/slamnav/install/nav2_mppi_controller/include//nav2_mppi_controller/critics/obstacles_critic.hpp
[3.917s] -- Up-to-date symlink: /home/pierres/COURS/slamnav/install/nav2_mppi_controller/include//nav2_mppi_controller/critics/path_align_critic.hpp
[3.917s] -- Up-to-date symlink: /home/pierres/COURS/slamnav/install/nav2_mppi_controller/include//nav2_mppi_controller/critics/path_align_legacy_critic.hpp
[3.918s] -- Up-to-date symlink: /home/pierres/COURS/slamnav/install/nav2_mppi_controller/include//nav2_mppi_controller/critics/path_angle_critic.hpp
[3.918s] -- Up-to-date symlink: /home/pierres/COURS/slamnav/install/nav2_mppi_controller/include//nav2_mppi_controller/critics/path_follow_critic.hpp
[3.918s] -- Up-to-date symlink: /home/pierres/COURS/slamnav/install/nav2_mppi_controller/include//nav2_mppi_controller/critics/prefer_forward_critic.hpp
[3.918s] -- Up-to-date symlink: /home/pierres/COURS/slamnav/install/nav2_mppi_controller/include//nav2_mppi_controller/critics/twirling_critic.hpp
[3.918s] -- Up-to-date symlink: /home/pierres/COURS/slamnav/install/nav2_mppi_controller/include//nav2_mppi_controller/critics/velocity_deadband_critic.hpp
[3.918s] -- Up-to-date symlink: /home/pierres/COURS/slamnav/install/nav2_mppi_controller/include//nav2_mppi_controller/models/constraints.hpp
[3.918s] -- Up-to-date symlink: /home/pierres/COURS/slamnav/install/nav2_mppi_controller/include//nav2_mppi_controller/models/control_sequence.hpp
[3.918s] -- Up-to-date symlink: /home/pierres/COURS/slamnav/install/nav2_mppi_controller/include//nav2_mppi_controller/models/optimizer_settings.hpp
[3.918s] -- Up-to-date symlink: /home/pierres/COURS/slamnav/install/nav2_mppi_controller/include//nav2_mppi_controller/models/path.hpp
[3.918s] -- Up-to-date symlink: /home/pierres/COURS/slamnav/install/nav2_mppi_controller/include//nav2_mppi_controller/models/state.hpp
[3.918s] -- Up-to-date symlink: /home/pierres/COURS/slamnav/install/nav2_mppi_controller/include//nav2_mppi_controller/models/trajectories.hpp
[3.919s] -- Up-to-date symlink: /home/pierres/COURS/slamnav/install/nav2_mppi_controller/include//nav2_mppi_controller/motion_models.hpp
[3.919s] -- Up-to-date symlink: /home/pierres/COURS/slamnav/install/nav2_mppi_controller/include//nav2_mppi_controller/optimizer.hpp
[3.919s] -- Up-to-date symlink: /home/pierres/COURS/slamnav/install/nav2_mppi_controller/include//nav2_mppi_controller/tools/noise_generator.hpp
[3.919s] -- Up-to-date symlink: /home/pierres/COURS/slamnav/install/nav2_mppi_controller/include//nav2_mppi_controller/tools/parameters_handler.hpp
[3.919s] -- Up-to-date symlink: /home/pierres/COURS/slamnav/install/nav2_mppi_controller/include//nav2_mppi_controller/tools/path_handler.hpp
[3.919s] -- Up-to-date symlink: /home/pierres/COURS/slamnav/install/nav2_mppi_controller/include//nav2_mppi_controller/tools/trajectory_visualizer.hpp
[3.919s] -- Up-to-date symlink: /home/pierres/COURS/slamnav/install/nav2_mppi_controller/include//nav2_mppi_controller/tools/utils.hpp
[3.919s] -- Up-to-date symlink: /home/pierres/COURS/slamnav/install/nav2_mppi_controller/share/nav2_mppi_controller/environment/library_path.sh
[3.919s] -- Up-to-date symlink: /home/pierres/COURS/slamnav/install/nav2_mppi_controller/share/nav2_mppi_controller/environment/library_path.dsv
[3.919s] -- Up-to-date symlink: /home/pierres/COURS/slamnav/install/nav2_mppi_controller/share/nav2_mppi_controller//mppic.xml
[3.919s] -- Up-to-date symlink: /home/pierres/COURS/slamnav/install/nav2_mppi_controller/share/nav2_mppi_controller//critics.xml
[3.919s] -- Up-to-date symlink: /home/pierres/COURS/slamnav/install/nav2_mppi_controller/share/ament_index/resource_index/package_run_dependencies/nav2_mppi_controller
[3.920s] -- Up-to-date symlink: /home/pierres/COURS/slamnav/install/nav2_mppi_controller/share/ament_index/resource_index/parent_prefix_path/nav2_mppi_controller
[3.920s] -- Up-to-date symlink: /home/pierres/COURS/slamnav/install/nav2_mppi_controller/share/nav2_mppi_controller/environment/ament_prefix_path.sh
[3.920s] -- Up-to-date symlink: /home/pierres/COURS/slamnav/install/nav2_mppi_controller/share/nav2_mppi_controller/environment/ament_prefix_path.dsv
[3.920s] -- Up-to-date symlink: /home/pierres/COURS/slamnav/install/nav2_mppi_controller/share/nav2_mppi_controller/environment/path.sh
[3.920s] -- Up-to-date symlink: /home/pierres/COURS/slamnav/install/nav2_mppi_controller/share/nav2_mppi_controller/environment/path.dsv
[3.920s] -- Up-to-date symlink: /home/pierres/COURS/slamnav/install/nav2_mppi_controller/share/nav2_mppi_controller/local_setup.bash
[3.920s] -- Up-to-date symlink: /home/pierres/COURS/slamnav/install/nav2_mppi_controller/share/nav2_mppi_controller/local_setup.sh
[3.920s] -- Up-to-date symlink: /home/pierres/COURS/slamnav/install/nav2_mppi_controller/share/nav2_mppi_controller/local_setup.zsh
[3.920s] -- Up-to-date symlink: /home/pierres/COURS/slamnav/install/nav2_mppi_controller/share/nav2_mppi_controller/local_setup.dsv
[3.920s] -- Symlinking: /home/pierres/COURS/slamnav/install/nav2_mppi_controller/share/nav2_mppi_controller/package.dsv
[3.928s] -- Up-to-date symlink: /home/pierres/COURS/slamnav/install/nav2_mppi_controller/share/ament_index/resource_index/packages/nav2_mppi_controller
[3.929s] -- Up-to-date symlink: /home/pierres/COURS/slamnav/install/nav2_mppi_controller/share/ament_index/resource_index/nav2_core__pluginlib__plugin/nav2_mppi_controller
[3.929s] -- Up-to-date symlink: /home/pierres/COURS/slamnav/install/nav2_mppi_controller/share/ament_index/resource_index/nav2_mppi_controller__pluginlib__plugin/nav2_mppi_controller
[3.929s] -- Up-to-date symlink: /home/pierres/COURS/slamnav/install/nav2_mppi_controller/share/nav2_mppi_controller/cmake/ament_cmake_export_libraries-extras.cmake
[3.929s] -- Up-to-date symlink: /home/pierres/COURS/slamnav/install/nav2_mppi_controller/share/nav2_mppi_controller/cmake/ament_cmake_export_dependencies-extras.cmake
[3.929s] -- Up-to-date symlink: /home/pierres/COURS/slamnav/install/nav2_mppi_controller/share/nav2_mppi_controller/cmake/ament_cmake_export_include_directories-extras.cmake
[3.929s] -- Up-to-date symlink: /home/pierres/COURS/slamnav/install/nav2_mppi_controller/share/nav2_mppi_controller/cmake/nav2_mppi_controllerConfig.cmake
[3.929s] -- Up-to-date symlink: /home/pierres/COURS/slamnav/install/nav2_mppi_controller/share/nav2_mppi_controller/cmake/nav2_mppi_controllerConfig-version.cmake
[3.929s] -- Up-to-date symlink: /home/pierres/COURS/slamnav/install/nav2_mppi_controller/share/nav2_mppi_controller/package.xml
[3.930s] Invoked command in '/home/pierres/COURS/slamnav/build/nav2_mppi_controller' returned '0': AMENT_PREFIX_PATH=/home/pierres/COURS/slamnav/install/nav2_core:/home/pierres/COURS/slamnav/install/nav2_costmap_2d:/home/pierres/COURS/slamnav/install/nav2_map_server:/home/pierres/COURS/slamnav/install/nav2_lifecycle_manager:/home/pierres/COURS/slamnav/install/nav2_util:/home/pierres/COURS/slamnav/install/nav2_voxel_grid:/home/pierres/COURS/slamnav/install/nav2_msgs:/home/pierres/COURS/slamnav/install/nav2_common:${AMENT_PREFIX_PATH} CMAKE_PREFIX_PATH=/home/pierres/COURS/slamnav/install/nav2_core:/home/pierres/COURS/slamnav/install/nav2_costmap_2d:/home/pierres/COURS/slamnav/install/nav2_map_server:/home/pierres/COURS/slamnav/install/nav2_lifecycle_manager:/home/pierres/COURS/slamnav/install/nav2_util:/home/pierres/COURS/slamnav/install/nav2_voxel_grid:/home/pierres/COURS/slamnav/install/nav2_msgs:/home/pierres/COURS/slamnav/install/nav2_common:/home/pierres/COURS/slamnav/install/slam_toolbox:/opt/ros/humble:/home/pierres/COURS/slamnav/install/slamnav_turtlebot LD_LIBRARY_PATH=/home/pierres/COURS/slamnav/install/nav2_costmap_2d/lib:/home/pierres/COURS/slamnav/install/nav2_map_server/lib:/home/pierres/COURS/slamnav/install/nav2_lifecycle_manager/lib:/home/pierres/COURS/slamnav/install/nav2_util/lib:/home/pierres/COURS/slamnav/install/nav2_voxel_grid/lib:/home/pierres/COURS/slamnav/install/nav2_msgs/lib:${LD_LIBRARY_PATH} PYTHONPATH=/home/pierres/COURS/slamnav/install/nav2_msgs/local/lib/python3.10/dist-packages:/home/pierres/COURS/slamnav/install/nav2_common/local/lib/python3.10/dist-packages:${PYTHONPATH} /usr/bin/cmake --install /home/pierres/COURS/slamnav/build/nav2_mppi_controller
