[0.044s] Invoking command in '/home/pierres/COURS/slamnav/build/nav2_behavior_tree': CMAKE_PREFIX_PATH=/home/pierres/COURS/slamnav/install/nav2_util:/home/pierres/COURS/slamnav/install/nav2_msgs:/home/pierres/COURS/slamnav/install/nav2_common:/home/pierres/COURS/slamnav/install/nav2_system_tests:/home/pierres/COURS/slamnav/install/nav2_bringup:/home/pierres/COURS/slamnav/install/navigation2:/home/pierres/COURS/slamnav/install/nav2_smoother:/home/pierres/COURS/slamnav/install/nav2_graceful_controller:/home/pierres/COURS/slamnav/install/nav2_dwb_controller:/home/pierres/COURS/slamnav/install/nav2_controller:/home/pierres/COURS/slamnav/install/dwb_plugins:/home/pierres/COURS/slamnav/install/dwb_critics:/home/pierres/COURS/slamnav/install/dwb_core:/home/pierres/COURS/slamnav/install/nav_2d_utils:/home/pierres/COURS/slamnav/install/dwb_msgs:/home/pierres/COURS/slamnav/install/nav_2d_msgs:/home/pierres/COURS/slamnav/install/nav2_waypoint_follower:/home/pierres/COURS/slamnav/install/nav2_theta_star_planner:/home/pierres/COURS/slamnav/install/nav2_smac_planner:/home/pierres/COURS/slamnav/install/nav2_rotation_shim_controller:/home/pierres/COURS/slamnav/install/nav2_regulated_pure_pursuit_controller:/home/pierres/COURS/slamnav/install/nav2_planner:/home/pierres/COURS/slamnav/install/nav2_navfn_planner:/home/pierres/COURS/slamnav/install/nav2_mppi_controller:/home/pierres/COURS/slamnav/install/nav2_constrained_smoother:/home/pierres/COURS/slamnav/install/nav2_bt_navigator:/home/pierres/COURS/slamnav/install/nav2_behaviors:/home/pierres/COURS/slamnav/install/nav2_core:/home/pierres/COURS/slamnav/install/nav2_collision_monitor:/home/pierres/COURS/slamnav/install/costmap_queue:/home/pierres/COURS/slamnav/install/nav2_costmap_2d:/home/pierres/COURS/slamnav/install/nav2_voxel_grid:/home/pierres/COURS/slamnav/install/nav2_velocity_smoother:/home/pierres/COURS/slamnav/install/nav2_rviz_plugins:/home/pierres/COURS/slamnav/install/nav2_map_server:/home/pierres/COURS/slamnav/install/nav2_lifecycle_manager:/home/pierres/COURS/slamnav/install/nav2_behavior_tree:/home/pierres/COURS/slamnav/install/nav2_amcl:/home/pierres/COURS/slamnav/install/slam_toolbox:/home/pierres/COURS/slamnav/install/nav2_simple_commander:/opt/ros/humble:/home/pierres/COURS/slamnav/install/slamnav_turtlebot LD_LIBRARY_PATH=/home/pierres/COURS/slamnav/install/nav2_util/lib:/home/pierres/COURS/slamnav/install/nav2_msgs/lib:/home/pierres/COURS/slamnav/install/nav2_smoother/lib:/home/pierres/COURS/slamnav/install/nav2_graceful_controller/lib:/home/pierres/COURS/slamnav/install/nav2_controller/lib:/home/pierres/COURS/slamnav/install/dwb_plugins/lib:/home/pierres/COURS/slamnav/install/dwb_critics/lib:/home/pierres/COURS/slamnav/install/dwb_core/lib:/home/pierres/COURS/slamnav/install/nav_2d_utils/lib:/home/pierres/COURS/slamnav/install/dwb_msgs/lib:/home/pierres/COURS/slamnav/install/nav_2d_msgs/lib:/home/pierres/COURS/slamnav/install/nav2_waypoint_follower/lib:/home/pierres/COURS/slamnav/install/nav2_theta_star_planner/lib:/home/pierres/COURS/slamnav/install/nav2_smac_planner/lib:/home/pierres/COURS/slamnav/install/nav2_rotation_shim_controller/lib:/home/pierres/COURS/slamnav/install/nav2_regulated_pure_pursuit_controller/lib:/home/pierres/COURS/slamnav/install/nav2_planner/lib:/home/pierres/COURS/slamnav/install/nav2_navfn_planner/lib:/home/pierres/COURS/slamnav/install/nav2_mppi_controller/lib:/home/pierres/COURS/slamnav/install/nav2_constrained_smoother/lib:/home/pierres/COURS/slamnav/install/nav2_bt_navigator/lib:/home/pierres/COURS/slamnav/install/nav2_behaviors/lib:/home/pierres/COURS/slamnav/install/nav2_collision_monitor/lib:/home/pierres/COURS/slamnav/install/costmap_queue/lib:/home/pierres/COURS/slamnav/install/nav2_costmap_2d/lib:/home/pierres/COURS/slamnav/install/nav2_voxel_grid/lib:/home/pierres/COURS/slamnav/install/nav2_velocity_smoother/lib:/home/pierres/COURS/slamnav/install/nav2_rviz_plugins/lib:/home/pierres/COURS/slamnav/install/nav2_map_server/lib:/home/pierres/COURS/slamnav/install/nav2_lifecycle_manager/lib:/home/pierres/COURS/slamnav/install/nav2_behavior_tree/lib:/home/pierres/COURS/slamnav/install/nav2_amcl/lib:/usr/lib/x86_64-linux-gnu/gazebo-11/plugins:/home/pierres/COURS/slamnav/install/slam_toolbox/lib:/opt/ros/humble/opt/rviz_ogre_vendor/lib:/opt/ros/humble/lib/x86_64-linux-gnu:/opt/ros/humble/lib /usr/bin/cmake --build /home/pierres/COURS/slamnav/build/nav2_behavior_tree -- -j16 -l16
[0.138s] [  1%] Built target nav2_compute_path_through_poses_action_bt_node
[0.144s] [  2%] Built target nav2_behavior_tree
[0.144s] [  3%] Built target nav2_controller_cancel_bt_node
[0.146s] [  4%] Built target nav2_compute_path_to_pose_action_bt_node
[0.163s] [  4%] Built target nav2_smooth_path_action_bt_node
[0.165s] [  5%] Built target nav2_spin_cancel_bt_node
[0.165s] [  6%] Built target nav2_drive_on_heading_cancel_bt_node
[0.166s] [  7%] Built target nav2_back_up_cancel_bt_node
[0.168s] [  8%] Built target nav2_assisted_teleop_cancel_bt_node
[0.179s] [ 10%] Built target nav2_follow_path_action_bt_node
[0.179s] [ 10%] Built target nav2_wait_cancel_bt_node
[0.180s] [ 11%] Built target nav2_back_up_action_bt_node
[0.204s] [ 12%] Built target nav2_spin_action_bt_node
[0.210s] [ 14%] Built target nav2_transform_available_condition_bt_node
[0.210s] [ 14%] Built target nav2_goal_reached_condition_bt_node
[0.212s] [ 15%] Built target nav2_drive_on_heading_bt_node
[0.213s] [ 16%] Built target nav2_wait_action_bt_node
[0.219s] [ 17%] Built target nav2_is_stuck_condition_bt_node
[0.220s] [ 18%] Built target nav2_time_expired_condition_bt_node
[0.220s] [ 18%] Built target nav2_goal_updated_condition_bt_node
[0.228s] [ 19%] Built target nav2_is_path_valid_condition_bt_node
[0.228s] [ 20%] Built target nav2_globally_updated_goal_condition_bt_node
[0.228s] [ 21%] Built target nav2_clear_costmap_service_bt_node
[0.231s] [ 22%] Built target nav2_assisted_teleop_action_bt_node
[0.259s] [ 23%] Built target nav2_path_expiring_timer_condition
[0.260s] [ 24%] Built target nav2_distance_traveled_condition_bt_node
[0.261s] [ 25%] Built target nav2_reinitialize_global_localization_service_bt_node
[0.265s] [ 26%] Built target nav2_initial_pose_received_condition_bt_node
[0.266s] [ 27%] Built target nav2_is_battery_low_condition_bt_node
[0.271s] [ 29%] Built target nav2_distance_controller_bt_node
[0.271s] [ 29%] Built target nav2_is_battery_charging_condition_bt_node
[0.271s] [ 30%] Built target nav2_rate_controller_bt_node
[0.271s] [ 31%] Built target nav2_truncate_path_action_bt_node
[0.271s] [ 32%] Built target nav2_speed_controller_bt_node
[0.275s] [ 33%] Built target nav2_truncate_path_local_action_bt_node
[0.275s] [ 34%] Built target nav2_recovery_node_bt_node
[0.275s] [ 35%] Built target nav2_goal_updater_node_bt_node
[0.277s] [ 36%] Built target nav2_path_longer_on_approach_bt_node
[0.277s] [ 37%] Built target nav2_navigate_to_pose_action_bt_node
[0.311s] [ 38%] Built target nav2_planner_selector_bt_node
[0.311s] [ 39%] Built target nav2_pipeline_sequence_bt_node
[0.312s] [ 40%] Built target nav2_navigate_through_poses_action_bt_node
[0.312s] [ 41%] Built target nav2_round_robin_node_bt_node
[0.314s] [ 42%] Built target nav2_remove_passed_goals_action_bt_node
[0.314s] [ 43%] Built target nav2_smoother_selector_bt_node
[0.315s] [ 44%] Built target nav2_get_pose_from_path_action_bt_node
[0.316s] [ 45%] Built target nav2_single_trigger_bt_node
[0.318s] [ 46%] Built target nav2_progress_checker_selector_bt_node
[0.319s] [ 47%] Built target nav2_controller_selector_bt_node
[0.320s] [ 49%] Built target nav2_goal_checker_selector_bt_node
[0.321s] [ 49%] Built target gtest_main
[0.324s] [ 49%] Built target gtest
[0.326s] [ 50%] Built target nav2_goal_updated_controller_bt_node
[0.365s] [ 51%] Built target test_condition_path_expiring_timer
[0.367s] [ 52%] Built target test_condition_goal_updated
[0.368s] [ 53%] Built target test_condition_transform_available
[0.376s] [ 54%] Built target test_condition_goal_reached
[0.377s] [ 55%] Built target test_condition_distance_traveled
[0.380s] [ 56%] Built target test_condition_is_stuck
[0.381s] [ 58%] Built target test_condition_initial_pose_received
[0.381s] [ 58%] Built target test_condition_globally_updated_goal
[0.382s] [ 59%] Built target test_bt_conversions
[0.382s] [ 59%] Built target test_condition_time_expired
[0.383s] [ 61%] Built target test_decorator_distance_controller
[0.383s] [ 61%] Built target test_condition_is_path_valid
[0.383s] [ 62%] Built target test_condition_is_battery_low
[0.383s] [ 63%] Built target test_decorator_speed_controller
[0.392s] [ 64%] Built target test_condition_is_battery_charging
[0.392s] [ 65%] Built target test_decorator_rate_controller
[0.416s] [ 67%] Built target test_goal_updater_node
[0.416s] [ 66%] Built target test_goal_updated_controller
[0.416s] [ 68%] Built target test_single_trigger_node
[0.416s] [ 69%] Built target test_control_recovery_node
[0.417s] [ 70%] Built target test_decorator_path_longer_on_approach
[0.422s] [ 71%] Built target test_bt_action_node
[0.422s] [ 72%] Built target test_control_round_robin_node
[0.422s] [ 73%] Built target test_control_pipeline_sequence
[0.422s] [ 74%] Built target test_action_drive_on_heading
[0.426s] [ 75%] Built target test_action_back_up_action
[0.427s] [ 76%] Built target test_action_spin_action
[0.436s] [ 77%] Built target test_action_wait_action
[0.441s] [ 78%] Built target test_action_assisted_teleop_action
[0.449s] [ 79%] Built target test_action_controller_cancel_action
[0.455s] [ 82%] Built target test_action_spin_cancel_action
[0.455s] [ 82%] Built target test_action_wait_cancel_action
[0.455s] [ 82%] Built target test_action_assisted_teleop_cancel_action
[0.457s] [ 83%] Built target test_action_back_up_cancel_action
[0.463s] [ 84%] Built target test_action_clear_costmap_service
[0.463s] [ 85%] Built target test_action_compute_path_to_pose_action
[0.463s] [ 86%] Built target test_action_reinitialize_global_localization_service
[0.464s] [ 87%] Built target test_action_compute_path_through_poses_action
[0.465s] [ 88%] Built target test_action_smooth_path_action
[0.465s] [ 89%] Built target test_action_drive_on_heading_cancel_action
[0.470s] [ 89%] Built target test_action_follow_path_action
[0.472s] [ 90%] Built target test_action_navigate_to_pose_action
[0.475s] [ 91%] Built target test_action_navigate_through_poses_action
[0.483s] [ 92%] Built target test_truncate_path_action
[0.483s] [ 93%] Built target test_truncate_path_local_action
[0.486s] [ 94%] Built target test_remove_passed_goals_action
[0.491s] [ 95%] Built target test_planner_selector_node
[0.492s] [ 96%] Built target test_get_pose_from_path_action
[0.493s] [ 97%] Built target test_smoother_selector_node
[0.494s] [ 98%] Built target test_goal_checker_selector_node
[0.500s] [ 99%] Built target test_controller_selector_node
[0.502s] [100%] Built target test_progress_checker_selector_node
[0.513s] Invoked command in '/home/pierres/COURS/slamnav/build/nav2_behavior_tree' returned '0': CMAKE_PREFIX_PATH=/home/pierres/COURS/slamnav/install/nav2_util:/home/pierres/COURS/slamnav/install/nav2_msgs:/home/pierres/COURS/slamnav/install/nav2_common:/home/pierres/COURS/slamnav/install/nav2_system_tests:/home/pierres/COURS/slamnav/install/nav2_bringup:/home/pierres/COURS/slamnav/install/navigation2:/home/pierres/COURS/slamnav/install/nav2_smoother:/home/pierres/COURS/slamnav/install/nav2_graceful_controller:/home/pierres/COURS/slamnav/install/nav2_dwb_controller:/home/pierres/COURS/slamnav/install/nav2_controller:/home/pierres/COURS/slamnav/install/dwb_plugins:/home/pierres/COURS/slamnav/install/dwb_critics:/home/pierres/COURS/slamnav/install/dwb_core:/home/pierres/COURS/slamnav/install/nav_2d_utils:/home/pierres/COURS/slamnav/install/dwb_msgs:/home/pierres/COURS/slamnav/install/nav_2d_msgs:/home/pierres/COURS/slamnav/install/nav2_waypoint_follower:/home/pierres/COURS/slamnav/install/nav2_theta_star_planner:/home/pierres/COURS/slamnav/install/nav2_smac_planner:/home/pierres/COURS/slamnav/install/nav2_rotation_shim_controller:/home/pierres/COURS/slamnav/install/nav2_regulated_pure_pursuit_controller:/home/pierres/COURS/slamnav/install/nav2_planner:/home/pierres/COURS/slamnav/install/nav2_navfn_planner:/home/pierres/COURS/slamnav/install/nav2_mppi_controller:/home/pierres/COURS/slamnav/install/nav2_constrained_smoother:/home/pierres/COURS/slamnav/install/nav2_bt_navigator:/home/pierres/COURS/slamnav/install/nav2_behaviors:/home/pierres/COURS/slamnav/install/nav2_core:/home/pierres/COURS/slamnav/install/nav2_collision_monitor:/home/pierres/COURS/slamnav/install/costmap_queue:/home/pierres/COURS/slamnav/install/nav2_costmap_2d:/home/pierres/COURS/slamnav/install/nav2_voxel_grid:/home/pierres/COURS/slamnav/install/nav2_velocity_smoother:/home/pierres/COURS/slamnav/install/nav2_rviz_plugins:/home/pierres/COURS/slamnav/install/nav2_map_server:/home/pierres/COURS/slamnav/install/nav2_lifecycle_manager:/home/pierres/COURS/slamnav/install/nav2_behavior_tree:/home/pierres/COURS/slamnav/install/nav2_amcl:/home/pierres/COURS/slamnav/install/slam_toolbox:/home/pierres/COURS/slamnav/install/nav2_simple_commander:/opt/ros/humble:/home/pierres/COURS/slamnav/install/slamnav_turtlebot LD_LIBRARY_PATH=/home/pierres/COURS/slamnav/install/nav2_util/lib:/home/pierres/COURS/slamnav/install/nav2_msgs/lib:/home/pierres/COURS/slamnav/install/nav2_smoother/lib:/home/pierres/COURS/slamnav/install/nav2_graceful_controller/lib:/home/pierres/COURS/slamnav/install/nav2_controller/lib:/home/pierres/COURS/slamnav/install/dwb_plugins/lib:/home/pierres/COURS/slamnav/install/dwb_critics/lib:/home/pierres/COURS/slamnav/install/dwb_core/lib:/home/pierres/COURS/slamnav/install/nav_2d_utils/lib:/home/pierres/COURS/slamnav/install/dwb_msgs/lib:/home/pierres/COURS/slamnav/install/nav_2d_msgs/lib:/home/pierres/COURS/slamnav/install/nav2_waypoint_follower/lib:/home/pierres/COURS/slamnav/install/nav2_theta_star_planner/lib:/home/pierres/COURS/slamnav/install/nav2_smac_planner/lib:/home/pierres/COURS/slamnav/install/nav2_rotation_shim_controller/lib:/home/pierres/COURS/slamnav/install/nav2_regulated_pure_pursuit_controller/lib:/home/pierres/COURS/slamnav/install/nav2_planner/lib:/home/pierres/COURS/slamnav/install/nav2_navfn_planner/lib:/home/pierres/COURS/slamnav/install/nav2_mppi_controller/lib:/home/pierres/COURS/slamnav/install/nav2_constrained_smoother/lib:/home/pierres/COURS/slamnav/install/nav2_bt_navigator/lib:/home/pierres/COURS/slamnav/install/nav2_behaviors/lib:/home/pierres/COURS/slamnav/install/nav2_collision_monitor/lib:/home/pierres/COURS/slamnav/install/costmap_queue/lib:/home/pierres/COURS/slamnav/install/nav2_costmap_2d/lib:/home/pierres/COURS/slamnav/install/nav2_voxel_grid/lib:/home/pierres/COURS/slamnav/install/nav2_velocity_smoother/lib:/home/pierres/COURS/slamnav/install/nav2_rviz_plugins/lib:/home/pierres/COURS/slamnav/install/nav2_map_server/lib:/home/pierres/COURS/slamnav/install/nav2_lifecycle_manager/lib:/home/pierres/COURS/slamnav/install/nav2_behavior_tree/lib:/home/pierres/COURS/slamnav/install/nav2_amcl/lib:/usr/lib/x86_64-linux-gnu/gazebo-11/plugins:/home/pierres/COURS/slamnav/install/slam_toolbox/lib:/opt/ros/humble/opt/rviz_ogre_vendor/lib:/opt/ros/humble/lib/x86_64-linux-gnu:/opt/ros/humble/lib /usr/bin/cmake --build /home/pierres/COURS/slamnav/build/nav2_behavior_tree -- -j16 -l16
[0.874s] Invoking command in '/home/pierres/COURS/slamnav/build/nav2_behavior_tree': CMAKE_PREFIX_PATH=/home/pierres/COURS/slamnav/install/nav2_util:/home/pierres/COURS/slamnav/install/nav2_msgs:/home/pierres/COURS/slamnav/install/nav2_common:/home/pierres/COURS/slamnav/install/nav2_system_tests:/home/pierres/COURS/slamnav/install/nav2_bringup:/home/pierres/COURS/slamnav/install/navigation2:/home/pierres/COURS/slamnav/install/nav2_smoother:/home/pierres/COURS/slamnav/install/nav2_graceful_controller:/home/pierres/COURS/slamnav/install/nav2_dwb_controller:/home/pierres/COURS/slamnav/install/nav2_controller:/home/pierres/COURS/slamnav/install/dwb_plugins:/home/pierres/COURS/slamnav/install/dwb_critics:/home/pierres/COURS/slamnav/install/dwb_core:/home/pierres/COURS/slamnav/install/nav_2d_utils:/home/pierres/COURS/slamnav/install/dwb_msgs:/home/pierres/COURS/slamnav/install/nav_2d_msgs:/home/pierres/COURS/slamnav/install/nav2_waypoint_follower:/home/pierres/COURS/slamnav/install/nav2_theta_star_planner:/home/pierres/COURS/slamnav/install/nav2_smac_planner:/home/pierres/COURS/slamnav/install/nav2_rotation_shim_controller:/home/pierres/COURS/slamnav/install/nav2_regulated_pure_pursuit_controller:/home/pierres/COURS/slamnav/install/nav2_planner:/home/pierres/COURS/slamnav/install/nav2_navfn_planner:/home/pierres/COURS/slamnav/install/nav2_mppi_controller:/home/pierres/COURS/slamnav/install/nav2_constrained_smoother:/home/pierres/COURS/slamnav/install/nav2_bt_navigator:/home/pierres/COURS/slamnav/install/nav2_behaviors:/home/pierres/COURS/slamnav/install/nav2_core:/home/pierres/COURS/slamnav/install/nav2_collision_monitor:/home/pierres/COURS/slamnav/install/costmap_queue:/home/pierres/COURS/slamnav/install/nav2_costmap_2d:/home/pierres/COURS/slamnav/install/nav2_voxel_grid:/home/pierres/COURS/slamnav/install/nav2_velocity_smoother:/home/pierres/COURS/slamnav/install/nav2_rviz_plugins:/home/pierres/COURS/slamnav/install/nav2_map_server:/home/pierres/COURS/slamnav/install/nav2_lifecycle_manager:/home/pierres/COURS/slamnav/install/nav2_behavior_tree:/home/pierres/COURS/slamnav/install/nav2_amcl:/home/pierres/COURS/slamnav/install/slam_toolbox:/home/pierres/COURS/slamnav/install/nav2_simple_commander:/opt/ros/humble:/home/pierres/COURS/slamnav/install/slamnav_turtlebot LD_LIBRARY_PATH=/home/pierres/COURS/slamnav/install/nav2_util/lib:/home/pierres/COURS/slamnav/install/nav2_msgs/lib:/home/pierres/COURS/slamnav/install/nav2_smoother/lib:/home/pierres/COURS/slamnav/install/nav2_graceful_controller/lib:/home/pierres/COURS/slamnav/install/nav2_controller/lib:/home/pierres/COURS/slamnav/install/dwb_plugins/lib:/home/pierres/COURS/slamnav/install/dwb_critics/lib:/home/pierres/COURS/slamnav/install/dwb_core/lib:/home/pierres/COURS/slamnav/install/nav_2d_utils/lib:/home/pierres/COURS/slamnav/install/dwb_msgs/lib:/home/pierres/COURS/slamnav/install/nav_2d_msgs/lib:/home/pierres/COURS/slamnav/install/nav2_waypoint_follower/lib:/home/pierres/COURS/slamnav/install/nav2_theta_star_planner/lib:/home/pierres/COURS/slamnav/install/nav2_smac_planner/lib:/home/pierres/COURS/slamnav/install/nav2_rotation_shim_controller/lib:/home/pierres/COURS/slamnav/install/nav2_regulated_pure_pursuit_controller/lib:/home/pierres/COURS/slamnav/install/nav2_planner/lib:/home/pierres/COURS/slamnav/install/nav2_navfn_planner/lib:/home/pierres/COURS/slamnav/install/nav2_mppi_controller/lib:/home/pierres/COURS/slamnav/install/nav2_constrained_smoother/lib:/home/pierres/COURS/slamnav/install/nav2_bt_navigator/lib:/home/pierres/COURS/slamnav/install/nav2_behaviors/lib:/home/pierres/COURS/slamnav/install/nav2_collision_monitor/lib:/home/pierres/COURS/slamnav/install/costmap_queue/lib:/home/pierres/COURS/slamnav/install/nav2_costmap_2d/lib:/home/pierres/COURS/slamnav/install/nav2_voxel_grid/lib:/home/pierres/COURS/slamnav/install/nav2_velocity_smoother/lib:/home/pierres/COURS/slamnav/install/nav2_rviz_plugins/lib:/home/pierres/COURS/slamnav/install/nav2_map_server/lib:/home/pierres/COURS/slamnav/install/nav2_lifecycle_manager/lib:/home/pierres/COURS/slamnav/install/nav2_behavior_tree/lib:/home/pierres/COURS/slamnav/install/nav2_amcl/lib:/usr/lib/x86_64-linux-gnu/gazebo-11/plugins:/home/pierres/COURS/slamnav/install/slam_toolbox/lib:/opt/ros/humble/opt/rviz_ogre_vendor/lib:/opt/ros/humble/lib/x86_64-linux-gnu:/opt/ros/humble/lib /usr/bin/cmake --install /home/pierres/COURS/slamnav/build/nav2_behavior_tree
[0.885s] -- Install configuration: "Humble"
[0.886s] -- Execute custom install script
[0.886s] -- Up-to-date symlink: /home/pierres/COURS/slamnav/install/nav2_behavior_tree/lib/libnav2_behavior_tree.so
[0.886s] -- Up-to-date symlink: /home/pierres/COURS/slamnav/install/nav2_behavior_tree/lib/libnav2_compute_path_to_pose_action_bt_node.so
[0.887s] -- Up-to-date symlink: /home/pierres/COURS/slamnav/install/nav2_behavior_tree/lib/libnav2_compute_path_through_poses_action_bt_node.so
[0.887s] -- Up-to-date symlink: /home/pierres/COURS/slamnav/install/nav2_behavior_tree/lib/libnav2_controller_cancel_bt_node.so
[0.887s] -- Up-to-date symlink: /home/pierres/COURS/slamnav/install/nav2_behavior_tree/lib/libnav2_wait_cancel_bt_node.so
[0.887s] -- Up-to-date symlink: /home/pierres/COURS/slamnav/install/nav2_behavior_tree/lib/libnav2_spin_cancel_bt_node.so
[0.887s] -- Up-to-date symlink: /home/pierres/COURS/slamnav/install/nav2_behavior_tree/lib/libnav2_back_up_cancel_bt_node.so
[0.887s] -- Up-to-date symlink: /home/pierres/COURS/slamnav/install/nav2_behavior_tree/lib/libnav2_assisted_teleop_cancel_bt_node.so
[0.887s] -- Up-to-date symlink: /home/pierres/COURS/slamnav/install/nav2_behavior_tree/lib/libnav2_drive_on_heading_cancel_bt_node.so
[0.887s] -- Up-to-date symlink: /home/pierres/COURS/slamnav/install/nav2_behavior_tree/lib/libnav2_smooth_path_action_bt_node.so
[0.887s] -- Up-to-date symlink: /home/pierres/COURS/slamnav/install/nav2_behavior_tree/lib/libnav2_follow_path_action_bt_node.so
[0.887s] -- Up-to-date symlink: /home/pierres/COURS/slamnav/install/nav2_behavior_tree/lib/libnav2_back_up_action_bt_node.so
[0.887s] -- Up-to-date symlink: /home/pierres/COURS/slamnav/install/nav2_behavior_tree/lib/libnav2_drive_on_heading_bt_node.so
[0.887s] -- Up-to-date symlink: /home/pierres/COURS/slamnav/install/nav2_behavior_tree/lib/libnav2_spin_action_bt_node.so
[0.887s] -- Up-to-date symlink: /home/pierres/COURS/slamnav/install/nav2_behavior_tree/lib/libnav2_wait_action_bt_node.so
[0.888s] -- Up-to-date symlink: /home/pierres/COURS/slamnav/install/nav2_behavior_tree/lib/libnav2_assisted_teleop_action_bt_node.so
[0.888s] -- Up-to-date symlink: /home/pierres/COURS/slamnav/install/nav2_behavior_tree/lib/libnav2_clear_costmap_service_bt_node.so
[0.888s] -- Up-to-date symlink: /home/pierres/COURS/slamnav/install/nav2_behavior_tree/lib/libnav2_is_stuck_condition_bt_node.so
[0.888s] -- Up-to-date symlink: /home/pierres/COURS/slamnav/install/nav2_behavior_tree/lib/libnav2_transform_available_condition_bt_node.so
[0.888s] -- Up-to-date symlink: /home/pierres/COURS/slamnav/install/nav2_behavior_tree/lib/libnav2_goal_reached_condition_bt_node.so
[0.888s] -- Up-to-date symlink: /home/pierres/COURS/slamnav/install/nav2_behavior_tree/lib/libnav2_globally_updated_goal_condition_bt_node.so
[0.888s] -- Up-to-date symlink: /home/pierres/COURS/slamnav/install/nav2_behavior_tree/lib/libnav2_goal_updated_condition_bt_node.so
[0.888s] -- Up-to-date symlink: /home/pierres/COURS/slamnav/install/nav2_behavior_tree/lib/libnav2_is_path_valid_condition_bt_node.so
[0.888s] -- Up-to-date symlink: /home/pierres/COURS/slamnav/install/nav2_behavior_tree/lib/libnav2_time_expired_condition_bt_node.so
[0.888s] -- Up-to-date symlink: /home/pierres/COURS/slamnav/install/nav2_behavior_tree/lib/libnav2_path_expiring_timer_condition.so
[0.888s] -- Up-to-date symlink: /home/pierres/COURS/slamnav/install/nav2_behavior_tree/lib/libnav2_distance_traveled_condition_bt_node.so
[0.888s] -- Up-to-date symlink: /home/pierres/COURS/slamnav/install/nav2_behavior_tree/lib/libnav2_initial_pose_received_condition_bt_node.so
[0.889s] -- Up-to-date symlink: /home/pierres/COURS/slamnav/install/nav2_behavior_tree/lib/libnav2_is_battery_charging_condition_bt_node.so
[0.889s] -- Up-to-date symlink: /home/pierres/COURS/slamnav/install/nav2_behavior_tree/lib/libnav2_is_battery_low_condition_bt_node.so
[0.889s] -- Up-to-date symlink: /home/pierres/COURS/slamnav/install/nav2_behavior_tree/lib/libnav2_reinitialize_global_localization_service_bt_node.so
[0.889s] -- Up-to-date symlink: /home/pierres/COURS/slamnav/install/nav2_behavior_tree/lib/libnav2_rate_controller_bt_node.so
[0.889s] -- Up-to-date symlink: /home/pierres/COURS/slamnav/install/nav2_behavior_tree/lib/libnav2_distance_controller_bt_node.so
[0.889s] -- Up-to-date symlink: /home/pierres/COURS/slamnav/install/nav2_behavior_tree/lib/libnav2_speed_controller_bt_node.so
[0.889s] -- Up-to-date symlink: /home/pierres/COURS/slamnav/install/nav2_behavior_tree/lib/libnav2_truncate_path_action_bt_node.so
[0.889s] -- Up-to-date symlink: /home/pierres/COURS/slamnav/install/nav2_behavior_tree/lib/libnav2_truncate_path_local_action_bt_node.so
[0.889s] -- Up-to-date symlink: /home/pierres/COURS/slamnav/install/nav2_behavior_tree/lib/libnav2_goal_updater_node_bt_node.so
[0.889s] -- Up-to-date symlink: /home/pierres/COURS/slamnav/install/nav2_behavior_tree/lib/libnav2_path_longer_on_approach_bt_node.so
[0.889s] -- Up-to-date symlink: /home/pierres/COURS/slamnav/install/nav2_behavior_tree/lib/libnav2_recovery_node_bt_node.so
[0.890s] -- Up-to-date symlink: /home/pierres/COURS/slamnav/install/nav2_behavior_tree/lib/libnav2_navigate_to_pose_action_bt_node.so
[0.890s] -- Up-to-date symlink: /home/pierres/COURS/slamnav/install/nav2_behavior_tree/lib/libnav2_navigate_through_poses_action_bt_node.so
[0.890s] -- Up-to-date symlink: /home/pierres/COURS/slamnav/install/nav2_behavior_tree/lib/libnav2_remove_passed_goals_action_bt_node.so
[0.890s] -- Up-to-date symlink: /home/pierres/COURS/slamnav/install/nav2_behavior_tree/lib/libnav2_get_pose_from_path_action_bt_node.so
[0.890s] -- Up-to-date symlink: /home/pierres/COURS/slamnav/install/nav2_behavior_tree/lib/libnav2_pipeline_sequence_bt_node.so
[0.890s] -- Up-to-date symlink: /home/pierres/COURS/slamnav/install/nav2_behavior_tree/lib/libnav2_round_robin_node_bt_node.so
[0.890s] -- Up-to-date symlink: /home/pierres/COURS/slamnav/install/nav2_behavior_tree/lib/libnav2_single_trigger_bt_node.so
[0.890s] -- Up-to-date symlink: /home/pierres/COURS/slamnav/install/nav2_behavior_tree/lib/libnav2_planner_selector_bt_node.so
[0.890s] -- Up-to-date symlink: /home/pierres/COURS/slamnav/install/nav2_behavior_tree/lib/libnav2_controller_selector_bt_node.so
[0.890s] -- Up-to-date symlink: /home/pierres/COURS/slamnav/install/nav2_behavior_tree/lib/libnav2_smoother_selector_bt_node.so
[0.890s] -- Up-to-date symlink: /home/pierres/COURS/slamnav/install/nav2_behavior_tree/lib/libnav2_goal_checker_selector_bt_node.so
[0.890s] -- Up-to-date symlink: /home/pierres/COURS/slamnav/install/nav2_behavior_tree/lib/libnav2_progress_checker_selector_bt_node.so
[0.890s] -- Up-to-date symlink: /home/pierres/COURS/slamnav/install/nav2_behavior_tree/lib/libnav2_goal_updated_controller_bt_node.so
[0.891s] -- Up-to-date symlink: /home/pierres/COURS/slamnav/install/nav2_behavior_tree/include//nav2_behavior_tree/behavior_tree_engine.hpp
[0.891s] -- Up-to-date symlink: /home/pierres/COURS/slamnav/install/nav2_behavior_tree/include//nav2_behavior_tree/bt_action_node.hpp
[0.891s] -- Up-to-date symlink: /home/pierres/COURS/slamnav/install/nav2_behavior_tree/include//nav2_behavior_tree/bt_action_server.hpp
[0.891s] -- Up-to-date symlink: /home/pierres/COURS/slamnav/install/nav2_behavior_tree/include//nav2_behavior_tree/bt_action_server_impl.hpp
[0.891s] -- Up-to-date symlink: /home/pierres/COURS/slamnav/install/nav2_behavior_tree/include//nav2_behavior_tree/bt_cancel_action_node.hpp
[0.891s] -- Up-to-date symlink: /home/pierres/COURS/slamnav/install/nav2_behavior_tree/include//nav2_behavior_tree/bt_conversions.hpp
[0.892s] -- Up-to-date symlink: /home/pierres/COURS/slamnav/install/nav2_behavior_tree/include//nav2_behavior_tree/bt_service_node.hpp
[0.892s] -- Up-to-date symlink: /home/pierres/COURS/slamnav/install/nav2_behavior_tree/include//nav2_behavior_tree/plugins/action/assisted_teleop_action.hpp
[0.892s] -- Up-to-date symlink: /home/pierres/COURS/slamnav/install/nav2_behavior_tree/include//nav2_behavior_tree/plugins/action/assisted_teleop_cancel_node.hpp
[0.892s] -- Up-to-date symlink: /home/pierres/COURS/slamnav/install/nav2_behavior_tree/include//nav2_behavior_tree/plugins/action/back_up_action.hpp
[0.892s] -- Up-to-date symlink: /home/pierres/COURS/slamnav/install/nav2_behavior_tree/include//nav2_behavior_tree/plugins/action/back_up_cancel_node.hpp
[0.892s] -- Up-to-date symlink: /home/pierres/COURS/slamnav/install/nav2_behavior_tree/include//nav2_behavior_tree/plugins/action/clear_costmap_service.hpp
[0.892s] -- Up-to-date symlink: /home/pierres/COURS/slamnav/install/nav2_behavior_tree/include//nav2_behavior_tree/plugins/action/compute_path_through_poses_action.hpp
[0.892s] -- Up-to-date symlink: /home/pierres/COURS/slamnav/install/nav2_behavior_tree/include//nav2_behavior_tree/plugins/action/compute_path_to_pose_action.hpp
[0.892s] -- Up-to-date symlink: /home/pierres/COURS/slamnav/install/nav2_behavior_tree/include//nav2_behavior_tree/plugins/action/controller_cancel_node.hpp
[0.892s] -- Up-to-date symlink: /home/pierres/COURS/slamnav/install/nav2_behavior_tree/include//nav2_behavior_tree/plugins/action/controller_selector_node.hpp
[0.892s] -- Up-to-date symlink: /home/pierres/COURS/slamnav/install/nav2_behavior_tree/include//nav2_behavior_tree/plugins/action/drive_on_heading_action.hpp
[0.892s] -- Up-to-date symlink: /home/pierres/COURS/slamnav/install/nav2_behavior_tree/include//nav2_behavior_tree/plugins/action/drive_on_heading_cancel_node.hpp
[0.892s] -- Up-to-date symlink: /home/pierres/COURS/slamnav/install/nav2_behavior_tree/include//nav2_behavior_tree/plugins/action/follow_path_action.hpp
[0.892s] -- Up-to-date symlink: /home/pierres/COURS/slamnav/install/nav2_behavior_tree/include//nav2_behavior_tree/plugins/action/get_pose_from_path_action.hpp
[0.892s] -- Up-to-date symlink: /home/pierres/COURS/slamnav/install/nav2_behavior_tree/include//nav2_behavior_tree/plugins/action/goal_checker_selector_node.hpp
[0.892s] -- Up-to-date symlink: /home/pierres/COURS/slamnav/install/nav2_behavior_tree/include//nav2_behavior_tree/plugins/action/navigate_through_poses_action.hpp
[0.892s] -- Up-to-date symlink: /home/pierres/COURS/slamnav/install/nav2_behavior_tree/include//nav2_behavior_tree/plugins/action/navigate_to_pose_action.hpp
[0.893s] -- Up-to-date symlink: /home/pierres/COURS/slamnav/install/nav2_behavior_tree/include//nav2_behavior_tree/plugins/action/planner_selector_node.hpp
[0.893s] -- Up-to-date symlink: /home/pierres/COURS/slamnav/install/nav2_behavior_tree/include//nav2_behavior_tree/plugins/action/progress_checker_selector_node.hpp
[0.893s] -- Up-to-date symlink: /home/pierres/COURS/slamnav/install/nav2_behavior_tree/include//nav2_behavior_tree/plugins/action/reinitialize_global_localization_service.hpp
[0.893s] -- Up-to-date symlink: /home/pierres/COURS/slamnav/install/nav2_behavior_tree/include//nav2_behavior_tree/plugins/action/remove_passed_goals_action.hpp
[0.893s] -- Up-to-date symlink: /home/pierres/COURS/slamnav/install/nav2_behavior_tree/include//nav2_behavior_tree/plugins/action/smooth_path_action.hpp
[0.893s] -- Up-to-date symlink: /home/pierres/COURS/slamnav/install/nav2_behavior_tree/include//nav2_behavior_tree/plugins/action/smoother_selector_node.hpp
[0.893s] -- Up-to-date symlink: /home/pierres/COURS/slamnav/install/nav2_behavior_tree/include//nav2_behavior_tree/plugins/action/spin_action.hpp
[0.893s] -- Up-to-date symlink: /home/pierres/COURS/slamnav/install/nav2_behavior_tree/include//nav2_behavior_tree/plugins/action/spin_cancel_node.hpp
[0.893s] -- Up-to-date symlink: /home/pierres/COURS/slamnav/install/nav2_behavior_tree/include//nav2_behavior_tree/plugins/action/truncate_path_action.hpp
[0.893s] -- Up-to-date symlink: /home/pierres/COURS/slamnav/install/nav2_behavior_tree/include//nav2_behavior_tree/plugins/action/truncate_path_local_action.hpp
[0.893s] -- Up-to-date symlink: /home/pierres/COURS/slamnav/install/nav2_behavior_tree/include//nav2_behavior_tree/plugins/action/wait_action.hpp
[0.893s] -- Up-to-date symlink: /home/pierres/COURS/slamnav/install/nav2_behavior_tree/include//nav2_behavior_tree/plugins/action/wait_cancel_node.hpp
[0.893s] -- Up-to-date symlink: /home/pierres/COURS/slamnav/install/nav2_behavior_tree/include//nav2_behavior_tree/plugins/condition/distance_traveled_condition.hpp
[0.893s] -- Up-to-date symlink: /home/pierres/COURS/slamnav/install/nav2_behavior_tree/include//nav2_behavior_tree/plugins/condition/globally_updated_goal_condition.hpp
[0.893s] -- Up-to-date symlink: /home/pierres/COURS/slamnav/install/nav2_behavior_tree/include//nav2_behavior_tree/plugins/condition/goal_reached_condition.hpp
[0.893s] -- Up-to-date symlink: /home/pierres/COURS/slamnav/install/nav2_behavior_tree/include//nav2_behavior_tree/plugins/condition/goal_updated_condition.hpp
[0.893s] -- Up-to-date symlink: /home/pierres/COURS/slamnav/install/nav2_behavior_tree/include//nav2_behavior_tree/plugins/condition/initial_pose_received_condition.hpp
[0.893s] -- Up-to-date symlink: /home/pierres/COURS/slamnav/install/nav2_behavior_tree/include//nav2_behavior_tree/plugins/condition/is_battery_charging_condition.hpp
[0.894s] -- Up-to-date symlink: /home/pierres/COURS/slamnav/install/nav2_behavior_tree/include//nav2_behavior_tree/plugins/condition/is_battery_low_condition.hpp
[0.894s] -- Up-to-date symlink: /home/pierres/COURS/slamnav/install/nav2_behavior_tree/include//nav2_behavior_tree/plugins/condition/is_path_valid_condition.hpp
[0.894s] -- Up-to-date symlink: /home/pierres/COURS/slamnav/install/nav2_behavior_tree/include//nav2_behavior_tree/plugins/condition/is_stuck_condition.hpp
[0.894s] -- Up-to-date symlink: /home/pierres/COURS/slamnav/install/nav2_behavior_tree/include//nav2_behavior_tree/plugins/condition/path_expiring_timer_condition.hpp
[0.894s] -- Up-to-date symlink: /home/pierres/COURS/slamnav/install/nav2_behavior_tree/include//nav2_behavior_tree/plugins/condition/time_expired_condition.hpp
[0.894s] -- Up-to-date symlink: /home/pierres/COURS/slamnav/install/nav2_behavior_tree/include//nav2_behavior_tree/plugins/condition/transform_available_condition.hpp
[0.894s] -- Up-to-date symlink: /home/pierres/COURS/slamnav/install/nav2_behavior_tree/include//nav2_behavior_tree/plugins/control/pipeline_sequence.hpp
[0.894s] -- Up-to-date symlink: /home/pierres/COURS/slamnav/install/nav2_behavior_tree/include//nav2_behavior_tree/plugins/control/recovery_node.hpp
[0.894s] -- Up-to-date symlink: /home/pierres/COURS/slamnav/install/nav2_behavior_tree/include//nav2_behavior_tree/plugins/control/round_robin_node.hpp
[0.894s] -- Up-to-date symlink: /home/pierres/COURS/slamnav/install/nav2_behavior_tree/include//nav2_behavior_tree/plugins/decorator/distance_controller.hpp
[0.894s] -- Up-to-date symlink: /home/pierres/COURS/slamnav/install/nav2_behavior_tree/include//nav2_behavior_tree/plugins/decorator/goal_updated_controller.hpp
[0.894s] -- Up-to-date symlink: /home/pierres/COURS/slamnav/install/nav2_behavior_tree/include//nav2_behavior_tree/plugins/decorator/goal_updater_node.hpp
[0.894s] -- Up-to-date symlink: /home/pierres/COURS/slamnav/install/nav2_behavior_tree/include//nav2_behavior_tree/plugins/decorator/path_longer_on_approach.hpp
[0.894s] -- Up-to-date symlink: /home/pierres/COURS/slamnav/install/nav2_behavior_tree/include//nav2_behavior_tree/plugins/decorator/rate_controller.hpp
[0.894s] -- Up-to-date symlink: /home/pierres/COURS/slamnav/install/nav2_behavior_tree/include//nav2_behavior_tree/plugins/decorator/single_trigger_node.hpp
[0.894s] -- Up-to-date symlink: /home/pierres/COURS/slamnav/install/nav2_behavior_tree/include//nav2_behavior_tree/plugins/decorator/speed_controller.hpp
[0.894s] -- Up-to-date symlink: /home/pierres/COURS/slamnav/install/nav2_behavior_tree/include//nav2_behavior_tree/ros_topic_logger.hpp
[0.895s] -- Up-to-date symlink: /home/pierres/COURS/slamnav/install/nav2_behavior_tree/share/nav2_behavior_tree/nav2_tree_nodes.xml
[0.895s] -- Up-to-date symlink: /home/pierres/COURS/slamnav/install/nav2_behavior_tree/share/nav2_behavior_tree/environment/library_path.sh
[0.895s] -- Up-to-date symlink: /home/pierres/COURS/slamnav/install/nav2_behavior_tree/share/nav2_behavior_tree/environment/library_path.dsv
[0.895s] -- Up-to-date symlink: /home/pierres/COURS/slamnav/install/nav2_behavior_tree/share/ament_index/resource_index/package_run_dependencies/nav2_behavior_tree
[0.895s] -- Up-to-date symlink: /home/pierres/COURS/slamnav/install/nav2_behavior_tree/share/ament_index/resource_index/parent_prefix_path/nav2_behavior_tree
[0.895s] -- Up-to-date symlink: /home/pierres/COURS/slamnav/install/nav2_behavior_tree/share/nav2_behavior_tree/environment/ament_prefix_path.sh
[0.895s] -- Up-to-date symlink: /home/pierres/COURS/slamnav/install/nav2_behavior_tree/share/nav2_behavior_tree/environment/ament_prefix_path.dsv
[0.896s] -- Up-to-date symlink: /home/pierres/COURS/slamnav/install/nav2_behavior_tree/share/nav2_behavior_tree/environment/path.sh
[0.896s] -- Up-to-date symlink: /home/pierres/COURS/slamnav/install/nav2_behavior_tree/share/nav2_behavior_tree/environment/path.dsv
[0.896s] -- Up-to-date symlink: /home/pierres/COURS/slamnav/install/nav2_behavior_tree/share/nav2_behavior_tree/local_setup.bash
[0.896s] -- Up-to-date symlink: /home/pierres/COURS/slamnav/install/nav2_behavior_tree/share/nav2_behavior_tree/local_setup.sh
[0.896s] -- Up-to-date symlink: /home/pierres/COURS/slamnav/install/nav2_behavior_tree/share/nav2_behavior_tree/local_setup.zsh
[0.896s] -- Up-to-date symlink: /home/pierres/COURS/slamnav/install/nav2_behavior_tree/share/nav2_behavior_tree/local_setup.dsv
[0.896s] -- Symlinking: /home/pierres/COURS/slamnav/install/nav2_behavior_tree/share/nav2_behavior_tree/package.dsv
[0.906s] -- Up-to-date symlink: /home/pierres/COURS/slamnav/install/nav2_behavior_tree/share/ament_index/resource_index/packages/nav2_behavior_tree
[0.906s] -- Up-to-date symlink: /home/pierres/COURS/slamnav/install/nav2_behavior_tree/share/nav2_behavior_tree/cmake/ament_cmake_export_include_directories-extras.cmake
[0.907s] -- Up-to-date symlink: /home/pierres/COURS/slamnav/install/nav2_behavior_tree/share/nav2_behavior_tree/cmake/ament_cmake_export_libraries-extras.cmake
[0.907s] -- Up-to-date symlink: /home/pierres/COURS/slamnav/install/nav2_behavior_tree/share/nav2_behavior_tree/cmake/ament_cmake_export_dependencies-extras.cmake
[0.907s] -- Up-to-date symlink: /home/pierres/COURS/slamnav/install/nav2_behavior_tree/share/nav2_behavior_tree/cmake/nav2_behavior_treeConfig.cmake
[0.907s] -- Up-to-date symlink: /home/pierres/COURS/slamnav/install/nav2_behavior_tree/share/nav2_behavior_tree/cmake/nav2_behavior_treeConfig-version.cmake
[0.907s] -- Up-to-date symlink: /home/pierres/COURS/slamnav/install/nav2_behavior_tree/share/nav2_behavior_tree/package.xml
[0.909s] Invoked command in '/home/pierres/COURS/slamnav/build/nav2_behavior_tree' returned '0': CMAKE_PREFIX_PATH=/home/pierres/COURS/slamnav/install/nav2_util:/home/pierres/COURS/slamnav/install/nav2_msgs:/home/pierres/COURS/slamnav/install/nav2_common:/home/pierres/COURS/slamnav/install/nav2_system_tests:/home/pierres/COURS/slamnav/install/nav2_bringup:/home/pierres/COURS/slamnav/install/navigation2:/home/pierres/COURS/slamnav/install/nav2_smoother:/home/pierres/COURS/slamnav/install/nav2_graceful_controller:/home/pierres/COURS/slamnav/install/nav2_dwb_controller:/home/pierres/COURS/slamnav/install/nav2_controller:/home/pierres/COURS/slamnav/install/dwb_plugins:/home/pierres/COURS/slamnav/install/dwb_critics:/home/pierres/COURS/slamnav/install/dwb_core:/home/pierres/COURS/slamnav/install/nav_2d_utils:/home/pierres/COURS/slamnav/install/dwb_msgs:/home/pierres/COURS/slamnav/install/nav_2d_msgs:/home/pierres/COURS/slamnav/install/nav2_waypoint_follower:/home/pierres/COURS/slamnav/install/nav2_theta_star_planner:/home/pierres/COURS/slamnav/install/nav2_smac_planner:/home/pierres/COURS/slamnav/install/nav2_rotation_shim_controller:/home/pierres/COURS/slamnav/install/nav2_regulated_pure_pursuit_controller:/home/pierres/COURS/slamnav/install/nav2_planner:/home/pierres/COURS/slamnav/install/nav2_navfn_planner:/home/pierres/COURS/slamnav/install/nav2_mppi_controller:/home/pierres/COURS/slamnav/install/nav2_constrained_smoother:/home/pierres/COURS/slamnav/install/nav2_bt_navigator:/home/pierres/COURS/slamnav/install/nav2_behaviors:/home/pierres/COURS/slamnav/install/nav2_core:/home/pierres/COURS/slamnav/install/nav2_collision_monitor:/home/pierres/COURS/slamnav/install/costmap_queue:/home/pierres/COURS/slamnav/install/nav2_costmap_2d:/home/pierres/COURS/slamnav/install/nav2_voxel_grid:/home/pierres/COURS/slamnav/install/nav2_velocity_smoother:/home/pierres/COURS/slamnav/install/nav2_rviz_plugins:/home/pierres/COURS/slamnav/install/nav2_map_server:/home/pierres/COURS/slamnav/install/nav2_lifecycle_manager:/home/pierres/COURS/slamnav/install/nav2_behavior_tree:/home/pierres/COURS/slamnav/install/nav2_amcl:/home/pierres/COURS/slamnav/install/slam_toolbox:/home/pierres/COURS/slamnav/install/nav2_simple_commander:/opt/ros/humble:/home/pierres/COURS/slamnav/install/slamnav_turtlebot LD_LIBRARY_PATH=/home/pierres/COURS/slamnav/install/nav2_util/lib:/home/pierres/COURS/slamnav/install/nav2_msgs/lib:/home/pierres/COURS/slamnav/install/nav2_smoother/lib:/home/pierres/COURS/slamnav/install/nav2_graceful_controller/lib:/home/pierres/COURS/slamnav/install/nav2_controller/lib:/home/pierres/COURS/slamnav/install/dwb_plugins/lib:/home/pierres/COURS/slamnav/install/dwb_critics/lib:/home/pierres/COURS/slamnav/install/dwb_core/lib:/home/pierres/COURS/slamnav/install/nav_2d_utils/lib:/home/pierres/COURS/slamnav/install/dwb_msgs/lib:/home/pierres/COURS/slamnav/install/nav_2d_msgs/lib:/home/pierres/COURS/slamnav/install/nav2_waypoint_follower/lib:/home/pierres/COURS/slamnav/install/nav2_theta_star_planner/lib:/home/pierres/COURS/slamnav/install/nav2_smac_planner/lib:/home/pierres/COURS/slamnav/install/nav2_rotation_shim_controller/lib:/home/pierres/COURS/slamnav/install/nav2_regulated_pure_pursuit_controller/lib:/home/pierres/COURS/slamnav/install/nav2_planner/lib:/home/pierres/COURS/slamnav/install/nav2_navfn_planner/lib:/home/pierres/COURS/slamnav/install/nav2_mppi_controller/lib:/home/pierres/COURS/slamnav/install/nav2_constrained_smoother/lib:/home/pierres/COURS/slamnav/install/nav2_bt_navigator/lib:/home/pierres/COURS/slamnav/install/nav2_behaviors/lib:/home/pierres/COURS/slamnav/install/nav2_collision_monitor/lib:/home/pierres/COURS/slamnav/install/costmap_queue/lib:/home/pierres/COURS/slamnav/install/nav2_costmap_2d/lib:/home/pierres/COURS/slamnav/install/nav2_voxel_grid/lib:/home/pierres/COURS/slamnav/install/nav2_velocity_smoother/lib:/home/pierres/COURS/slamnav/install/nav2_rviz_plugins/lib:/home/pierres/COURS/slamnav/install/nav2_map_server/lib:/home/pierres/COURS/slamnav/install/nav2_lifecycle_manager/lib:/home/pierres/COURS/slamnav/install/nav2_behavior_tree/lib:/home/pierres/COURS/slamnav/install/nav2_amcl/lib:/usr/lib/x86_64-linux-gnu/gazebo-11/plugins:/home/pierres/COURS/slamnav/install/slam_toolbox/lib:/opt/ros/humble/opt/rviz_ogre_vendor/lib:/opt/ros/humble/lib/x86_64-linux-gnu:/opt/ros/humble/lib /usr/bin/cmake --install /home/pierres/COURS/slamnav/build/nav2_behavior_tree
