/home/pierres/COURS/slamnav/install/slamnav_turtlebot/lib/python3.10/site-packages/slamnav_turtlebot/joy_teleop.py
/home/pierres/COURS/slamnav/install/slamnav_turtlebot/lib/python3.10/site-packages/slamnav_turtlebot/__init__.py
/home/pierres/COURS/slamnav/install/slamnav_turtlebot/lib/python3.10/site-packages/slamnav_turtlebot/__pycache__/joy_teleop.cpython-310.pyc
/home/pierres/COURS/slamnav/install/slamnav_turtlebot/lib/python3.10/site-packages/slamnav_turtlebot/__pycache__/__init__.cpython-310.pyc
/home/pierres/COURS/slamnav/install/slamnav_turtlebot/share/ament_index/resource_index/packages/slamnav_turtlebot
/home/pierres/COURS/slamnav/install/slamnav_turtlebot/share/slamnav_turtlebot/package.xml
/home/pierres/COURS/slamnav/install/slamnav_turtlebot/share/slamnav_turtlebot/launch/nav.launch.xml
/home/pierres/COURS/slamnav/install/slamnav_turtlebot/share/slamnav_turtlebot/launch/slam.launch.xml
/home/pierres/COURS/slamnav/install/slamnav_turtlebot/share/slamnav_turtlebot/launch/simulation.launch.xml
/home/pierres/COURS/slamnav/install/slamnav_turtlebot/share/slamnav_turtlebot/launch/teleop.launch.py
/home/pierres/COURS/slamnav/install/slamnav_turtlebot/share/slamnav_turtlebot/config
/home/pierres/COURS/slamnav/install/slamnav_turtlebot/share/slamnav_turtlebot/config/mux.yaml
/home/pierres/COURS/slamnav/install/slamnav_turtlebot/lib/python3.10/site-packages/slamnav_turtlebot-0.0.0-py3.10.egg-info/PKG-INFO
/home/pierres/COURS/slamnav/install/slamnav_turtlebot/lib/python3.10/site-packages/slamnav_turtlebot-0.0.0-py3.10.egg-info/entry_points.txt
/home/pierres/COURS/slamnav/install/slamnav_turtlebot/lib/python3.10/site-packages/slamnav_turtlebot-0.0.0-py3.10.egg-info/top_level.txt
/home/pierres/COURS/slamnav/install/slamnav_turtlebot/lib/python3.10/site-packages/slamnav_turtlebot-0.0.0-py3.10.egg-info/dependency_links.txt
/home/pierres/COURS/slamnav/install/slamnav_turtlebot/lib/python3.10/site-packages/slamnav_turtlebot-0.0.0-py3.10.egg-info/SOURCES.txt
/home/pierres/COURS/slamnav/install/slamnav_turtlebot/lib/python3.10/site-packages/slamnav_turtlebot-0.0.0-py3.10.egg-info/requires.txt
/home/pierres/COURS/slamnav/install/slamnav_turtlebot/lib/python3.10/site-packages/slamnav_turtlebot-0.0.0-py3.10.egg-info/zip-safe
/home/pierres/COURS/slamnav/install/slamnav_turtlebot/lib/slamnav_turtlebot/joy_teleop
