/home/pierres/.local/lib/python3.10/site-packages/setuptools/dist.py:717: UserWarning: Usage of dash-separated 'script-dir' will not be supported in future versions. Please use the underscore name 'script_dir' instead
  warnings.warn(
running develop
running egg_info
writing slamnav_turtlebot.egg-info/PKG-INFO
writing dependency_links to slamnav_turtlebot.egg-info/dependency_links.txt
writing entry points to slamnav_turtlebot.egg-info/entry_points.txt
writing requirements to slamnav_turtlebot.egg-info/requires.txt
writing top-level names to slamnav_turtlebot.egg-info/top_level.txt
reading manifest file 'slamnav_turtlebot.egg-info/SOURCES.txt'
writing manifest file 'slamnav_turtlebot.egg-info/SOURCES.txt'
running build_ext
Creating /home/pierres/COURS/slamnav/install/slamnav_turtlebot/lib/python3.10/site-packages/slamnav-turtlebot.egg-link (link to .)
Installing joy_teleop script to /home/pierres/COURS/slamnav/install/slamnav_turtlebot/lib/slamnav_turtlebot

Installed /home/pierres/COURS/slamnav/build/slamnav_turtlebot
running symlink_data
symbolically linking /home/pierres/COURS/slamnav/build/slamnav_turtlebot/resource/slamnav_turtlebot -> /home/pierres/COURS/slamnav/install/slamnav_turtlebot/share/ament_index/resource_index/packages
symbolically linking /home/pierres/COURS/slamnav/build/slamnav_turtlebot/package.xml -> /home/pierres/COURS/slamnav/install/slamnav_turtlebot/share/slamnav_turtlebot
symbolically linking /home/pierres/COURS/slamnav/build/slamnav_turtlebot/launch/nav.launch.xml -> /home/pierres/COURS/slamnav/install/slamnav_turtlebot/share/slamnav_turtlebot/launch
symbolically linking /home/pierres/COURS/slamnav/build/slamnav_turtlebot/launch/slam.launch.xml -> /home/pierres/COURS/slamnav/install/slamnav_turtlebot/share/slamnav_turtlebot/launch
symbolically linking /home/pierres/COURS/slamnav/build/slamnav_turtlebot/launch/simulation.launch.xml -> /home/pierres/COURS/slamnav/install/slamnav_turtlebot/share/slamnav_turtlebot/launch
symbolically linking /home/pierres/COURS/slamnav/build/slamnav_turtlebot/launch/teleop.launch.py -> /home/pierres/COURS/slamnav/install/slamnav_turtlebot/share/slamnav_turtlebot/launch
symbolically linking /home/pierres/COURS/slamnav/build/slamnav_turtlebot/config/mux.yaml -> /home/pierres/COURS/slamnav/install/slamnav_turtlebot/share/slamnav_turtlebot/config
