[0.093s] Invoking command in '/home/pierres/COURS/slamnav/build/dwb_critics': AMENT_PREFIX_PATH=/home/pierres/COURS/slamnav/install/dwb_core:/home/pierres/COURS/slamnav/install/nav2_core:/home/pierres/COURS/slamnav/install/costmap_queue:/home/pierres/COURS/slamnav/install/nav2_costmap_2d:/home/pierres/COURS/slamnav/install/nav_2d_utils:/home/pierres/COURS/slamnav/install/nav2_map_server:/home/pierres/COURS/slamnav/install/nav2_lifecycle_manager:/home/pierres/COURS/slamnav/install/nav2_util:/home/pierres/COURS/slamnav/install/nav2_voxel_grid:/home/pierres/COURS/slamnav/install/nav2_msgs:/home/pierres/COURS/slamnav/install/dwb_msgs:/home/pierres/COURS/slamnav/install/nav_2d_msgs:/home/pierres/COURS/slamnav/install/nav2_common CMAKE_PREFIX_PATH=/home/pierres/COURS/slamnav/install/dwb_core:/home/pierres/COURS/slamnav/install/nav2_core:/home/pierres/COURS/slamnav/install/costmap_queue:/home/pierres/COURS/slamnav/install/nav2_costmap_2d:/home/pierres/COURS/slamnav/install/nav_2d_utils:/home/pierres/COURS/slamnav/install/nav2_map_server:/home/pierres/COURS/slamnav/install/nav2_lifecycle_manager:/home/pierres/COURS/slamnav/install/nav2_util:/home/pierres/COURS/slamnav/install/nav2_voxel_grid:/home/pierres/COURS/slamnav/install/nav2_msgs:/home/pierres/COURS/slamnav/install/dwb_msgs:/home/pierres/COURS/slamnav/install/nav_2d_msgs:/home/pierres/COURS/slamnav/install/nav2_common LD_LIBRARY_PATH=/home/pierres/COURS/slamnav/install/dwb_core/lib:/home/pierres/COURS/slamnav/install/costmap_queue/lib:/home/pierres/COURS/slamnav/install/nav2_costmap_2d/lib:/home/pierres/COURS/slamnav/install/nav_2d_utils/lib:/home/pierres/COURS/slamnav/install/nav2_map_server/lib:/home/pierres/COURS/slamnav/install/nav2_lifecycle_manager/lib:/home/pierres/COURS/slamnav/install/nav2_util/lib:/home/pierres/COURS/slamnav/install/nav2_voxel_grid/lib:/home/pierres/COURS/slamnav/install/nav2_msgs/lib:/home/pierres/COURS/slamnav/install/dwb_msgs/lib:/home/pierres/COURS/slamnav/install/nav_2d_msgs/lib PYTHONPATH=/home/pierres/COURS/slamnav/install/nav2_msgs/local/lib/python3.10/dist-packages:/home/pierres/COURS/slamnav/install/dwb_msgs/local/lib/python3.10/dist-packages:/home/pierres/COURS/slamnav/install/nav_2d_msgs/local/lib/python3.10/dist-packages:/home/pierres/COURS/slamnav/install/nav2_common/local/lib/python3.10/dist-packages /usr/bin/cmake --build /home/pierres/COURS/slamnav/build/dwb_critics -- -j16 -l16
[0.166s] [  7%] Built target gtest
[0.166s] [ 14%] Built target gtest_main
[0.197s] [ 62%] Built target dwb_critics
[0.221s] [ 70%] Built target base_obstacle_tests
[0.228s] [ 77%] Built target prefer_forward_tests
[0.228s] [ 85%] Built target alignment_util_tests
[0.228s] [ 92%] Built target obstacle_footprint_tests
[0.231s] [100%] Built target twirling_tests
[0.242s] Invoked command in '/home/pierres/COURS/slamnav/build/dwb_critics' returned '0': AMENT_PREFIX_PATH=/home/pierres/COURS/slamnav/install/dwb_core:/home/pierres/COURS/slamnav/install/nav2_core:/home/pierres/COURS/slamnav/install/costmap_queue:/home/pierres/COURS/slamnav/install/nav2_costmap_2d:/home/pierres/COURS/slamnav/install/nav_2d_utils:/home/pierres/COURS/slamnav/install/nav2_map_server:/home/pierres/COURS/slamnav/install/nav2_lifecycle_manager:/home/pierres/COURS/slamnav/install/nav2_util:/home/pierres/COURS/slamnav/install/nav2_voxel_grid:/home/pierres/COURS/slamnav/install/nav2_msgs:/home/pierres/COURS/slamnav/install/dwb_msgs:/home/pierres/COURS/slamnav/install/nav_2d_msgs:/home/pierres/COURS/slamnav/install/nav2_common CMAKE_PREFIX_PATH=/home/pierres/COURS/slamnav/install/dwb_core:/home/pierres/COURS/slamnav/install/nav2_core:/home/pierres/COURS/slamnav/install/costmap_queue:/home/pierres/COURS/slamnav/install/nav2_costmap_2d:/home/pierres/COURS/slamnav/install/nav_2d_utils:/home/pierres/COURS/slamnav/install/nav2_map_server:/home/pierres/COURS/slamnav/install/nav2_lifecycle_manager:/home/pierres/COURS/slamnav/install/nav2_util:/home/pierres/COURS/slamnav/install/nav2_voxel_grid:/home/pierres/COURS/slamnav/install/nav2_msgs:/home/pierres/COURS/slamnav/install/dwb_msgs:/home/pierres/COURS/slamnav/install/nav_2d_msgs:/home/pierres/COURS/slamnav/install/nav2_common LD_LIBRARY_PATH=/home/pierres/COURS/slamnav/install/dwb_core/lib:/home/pierres/COURS/slamnav/install/costmap_queue/lib:/home/pierres/COURS/slamnav/install/nav2_costmap_2d/lib:/home/pierres/COURS/slamnav/install/nav_2d_utils/lib:/home/pierres/COURS/slamnav/install/nav2_map_server/lib:/home/pierres/COURS/slamnav/install/nav2_lifecycle_manager/lib:/home/pierres/COURS/slamnav/install/nav2_util/lib:/home/pierres/COURS/slamnav/install/nav2_voxel_grid/lib:/home/pierres/COURS/slamnav/install/nav2_msgs/lib:/home/pierres/COURS/slamnav/install/dwb_msgs/lib:/home/pierres/COURS/slamnav/install/nav_2d_msgs/lib PYTHONPATH=/home/pierres/COURS/slamnav/install/nav2_msgs/local/lib/python3.10/dist-packages:/home/pierres/COURS/slamnav/install/dwb_msgs/local/lib/python3.10/dist-packages:/home/pierres/COURS/slamnav/install/nav_2d_msgs/local/lib/python3.10/dist-packages:/home/pierres/COURS/slamnav/install/nav2_common/local/lib/python3.10/dist-packages /usr/bin/cmake --build /home/pierres/COURS/slamnav/build/dwb_critics -- -j16 -l16
[0.296s] Invoking command in '/home/pierres/COURS/slamnav/build/dwb_critics': AMENT_PREFIX_PATH=/home/pierres/COURS/slamnav/install/dwb_core:/home/pierres/COURS/slamnav/install/nav2_core:/home/pierres/COURS/slamnav/install/costmap_queue:/home/pierres/COURS/slamnav/install/nav2_costmap_2d:/home/pierres/COURS/slamnav/install/nav_2d_utils:/home/pierres/COURS/slamnav/install/nav2_map_server:/home/pierres/COURS/slamnav/install/nav2_lifecycle_manager:/home/pierres/COURS/slamnav/install/nav2_util:/home/pierres/COURS/slamnav/install/nav2_voxel_grid:/home/pierres/COURS/slamnav/install/nav2_msgs:/home/pierres/COURS/slamnav/install/dwb_msgs:/home/pierres/COURS/slamnav/install/nav_2d_msgs:/home/pierres/COURS/slamnav/install/nav2_common CMAKE_PREFIX_PATH=/home/pierres/COURS/slamnav/install/dwb_core:/home/pierres/COURS/slamnav/install/nav2_core:/home/pierres/COURS/slamnav/install/costmap_queue:/home/pierres/COURS/slamnav/install/nav2_costmap_2d:/home/pierres/COURS/slamnav/install/nav_2d_utils:/home/pierres/COURS/slamnav/install/nav2_map_server:/home/pierres/COURS/slamnav/install/nav2_lifecycle_manager:/home/pierres/COURS/slamnav/install/nav2_util:/home/pierres/COURS/slamnav/install/nav2_voxel_grid:/home/pierres/COURS/slamnav/install/nav2_msgs:/home/pierres/COURS/slamnav/install/dwb_msgs:/home/pierres/COURS/slamnav/install/nav_2d_msgs:/home/pierres/COURS/slamnav/install/nav2_common LD_LIBRARY_PATH=/home/pierres/COURS/slamnav/install/dwb_core/lib:/home/pierres/COURS/slamnav/install/costmap_queue/lib:/home/pierres/COURS/slamnav/install/nav2_costmap_2d/lib:/home/pierres/COURS/slamnav/install/nav_2d_utils/lib:/home/pierres/COURS/slamnav/install/nav2_map_server/lib:/home/pierres/COURS/slamnav/install/nav2_lifecycle_manager/lib:/home/pierres/COURS/slamnav/install/nav2_util/lib:/home/pierres/COURS/slamnav/install/nav2_voxel_grid/lib:/home/pierres/COURS/slamnav/install/nav2_msgs/lib:/home/pierres/COURS/slamnav/install/dwb_msgs/lib:/home/pierres/COURS/slamnav/install/nav_2d_msgs/lib PYTHONPATH=/home/pierres/COURS/slamnav/install/nav2_msgs/local/lib/python3.10/dist-packages:/home/pierres/COURS/slamnav/install/dwb_msgs/local/lib/python3.10/dist-packages:/home/pierres/COURS/slamnav/install/nav_2d_msgs/local/lib/python3.10/dist-packages:/home/pierres/COURS/slamnav/install/nav2_common/local/lib/python3.10/dist-packages /usr/bin/cmake --install /home/pierres/COURS/slamnav/build/dwb_critics
[0.304s] -- Install configuration: "Humble"
[0.306s] -- Execute custom install script
[0.307s] -- Up-to-date symlink: /home/pierres/COURS/slamnav/install/dwb_critics/lib/libdwb_critics.so
[0.309s] -- Up-to-date symlink: /home/pierres/COURS/slamnav/install/dwb_critics/include//dwb_critics/alignment_util.hpp
[0.309s] -- Up-to-date symlink: /home/pierres/COURS/slamnav/install/dwb_critics/include//dwb_critics/base_obstacle.hpp
[0.310s] -- Up-to-date symlink: /home/pierres/COURS/slamnav/install/dwb_critics/include//dwb_critics/goal_align.hpp
[0.310s] -- Up-to-date symlink: /home/pierres/COURS/slamnav/install/dwb_critics/include//dwb_critics/goal_dist.hpp
[0.310s] -- Up-to-date symlink: /home/pierres/COURS/slamnav/install/dwb_critics/include//dwb_critics/line_iterator.hpp
[0.311s] -- Up-to-date symlink: /home/pierres/COURS/slamnav/install/dwb_critics/include//dwb_critics/map_grid.hpp
[0.311s] -- Up-to-date symlink: /home/pierres/COURS/slamnav/install/dwb_critics/include//dwb_critics/obstacle_footprint.hpp
[0.311s] -- Up-to-date symlink: /home/pierres/COURS/slamnav/install/dwb_critics/include//dwb_critics/oscillation.hpp
[0.311s] -- Up-to-date symlink: /home/pierres/COURS/slamnav/install/dwb_critics/include//dwb_critics/path_align.hpp
[0.311s] -- Up-to-date symlink: /home/pierres/COURS/slamnav/install/dwb_critics/include//dwb_critics/path_dist.hpp
[0.311s] -- Up-to-date symlink: /home/pierres/COURS/slamnav/install/dwb_critics/include//dwb_critics/prefer_forward.hpp
[0.311s] -- Up-to-date symlink: /home/pierres/COURS/slamnav/install/dwb_critics/include//dwb_critics/rotate_to_goal.hpp
[0.311s] -- Up-to-date symlink: /home/pierres/COURS/slamnav/install/dwb_critics/include//dwb_critics/twirling.hpp
[0.311s] -- Up-to-date symlink: /home/pierres/COURS/slamnav/install/dwb_critics/share/dwb_critics/default_critics.xml
[0.311s] -- Up-to-date symlink: /home/pierres/COURS/slamnav/install/dwb_critics/share/dwb_critics/environment/library_path.sh
[0.311s] -- Up-to-date symlink: /home/pierres/COURS/slamnav/install/dwb_critics/share/dwb_critics/environment/library_path.dsv
[0.311s] -- Up-to-date symlink: /home/pierres/COURS/slamnav/install/dwb_critics/share/dwb_critics//default_critics.xml
[0.312s] -- Up-to-date symlink: /home/pierres/COURS/slamnav/install/dwb_critics/share/ament_index/resource_index/package_run_dependencies/dwb_critics
[0.312s] -- Up-to-date symlink: /home/pierres/COURS/slamnav/install/dwb_critics/share/ament_index/resource_index/parent_prefix_path/dwb_critics
[0.312s] -- Up-to-date symlink: /home/pierres/COURS/slamnav/install/dwb_critics/share/dwb_critics/environment/ament_prefix_path.sh
[0.313s] -- Up-to-date symlink: /home/pierres/COURS/slamnav/install/dwb_critics/share/dwb_critics/environment/ament_prefix_path.dsv
[0.313s] -- Up-to-date symlink: /home/pierres/COURS/slamnav/install/dwb_critics/share/dwb_critics/environment/path.sh
[0.313s] -- Up-to-date symlink: /home/pierres/COURS/slamnav/install/dwb_critics/share/dwb_critics/environment/path.dsv
[0.313s] -- Up-to-date symlink: /home/pierres/COURS/slamnav/install/dwb_critics/share/dwb_critics/local_setup.bash
[0.313s] -- Up-to-date symlink: /home/pierres/COURS/slamnav/install/dwb_critics/share/dwb_critics/local_setup.sh
[0.313s] -- Up-to-date symlink: /home/pierres/COURS/slamnav/install/dwb_critics/share/dwb_critics/local_setup.zsh
[0.313s] -- Up-to-date symlink: /home/pierres/COURS/slamnav/install/dwb_critics/share/dwb_critics/local_setup.dsv
[0.313s] -- Symlinking: /home/pierres/COURS/slamnav/install/dwb_critics/share/dwb_critics/package.dsv
[0.326s] -- Up-to-date symlink: /home/pierres/COURS/slamnav/install/dwb_critics/share/ament_index/resource_index/packages/dwb_critics
[0.326s] -- Up-to-date symlink: /home/pierres/COURS/slamnav/install/dwb_critics/share/ament_index/resource_index/dwb_core__pluginlib__plugin/dwb_critics
[0.326s] -- Up-to-date symlink: /home/pierres/COURS/slamnav/install/dwb_critics/share/dwb_critics/cmake/ament_cmake_export_include_directories-extras.cmake
[0.326s] -- Up-to-date symlink: /home/pierres/COURS/slamnav/install/dwb_critics/share/dwb_critics/cmake/ament_cmake_export_libraries-extras.cmake
[0.326s] -- Up-to-date symlink: /home/pierres/COURS/slamnav/install/dwb_critics/share/dwb_critics/cmake/ament_cmake_export_dependencies-extras.cmake
[0.326s] -- Up-to-date symlink: /home/pierres/COURS/slamnav/install/dwb_critics/share/dwb_critics/cmake/dwb_criticsConfig.cmake
[0.326s] -- Up-to-date symlink: /home/pierres/COURS/slamnav/install/dwb_critics/share/dwb_critics/cmake/dwb_criticsConfig-version.cmake
[0.327s] -- Up-to-date symlink: /home/pierres/COURS/slamnav/install/dwb_critics/share/dwb_critics/package.xml
[0.330s] Invoked command in '/home/pierres/COURS/slamnav/build/dwb_critics' returned '0': AMENT_PREFIX_PATH=/home/pierres/COURS/slamnav/install/dwb_core:/home/pierres/COURS/slamnav/install/nav2_core:/home/pierres/COURS/slamnav/install/costmap_queue:/home/pierres/COURS/slamnav/install/nav2_costmap_2d:/home/pierres/COURS/slamnav/install/nav_2d_utils:/home/pierres/COURS/slamnav/install/nav2_map_server:/home/pierres/COURS/slamnav/install/nav2_lifecycle_manager:/home/pierres/COURS/slamnav/install/nav2_util:/home/pierres/COURS/slamnav/install/nav2_voxel_grid:/home/pierres/COURS/slamnav/install/nav2_msgs:/home/pierres/COURS/slamnav/install/dwb_msgs:/home/pierres/COURS/slamnav/install/nav_2d_msgs:/home/pierres/COURS/slamnav/install/nav2_common CMAKE_PREFIX_PATH=/home/pierres/COURS/slamnav/install/dwb_core:/home/pierres/COURS/slamnav/install/nav2_core:/home/pierres/COURS/slamnav/install/costmap_queue:/home/pierres/COURS/slamnav/install/nav2_costmap_2d:/home/pierres/COURS/slamnav/install/nav_2d_utils:/home/pierres/COURS/slamnav/install/nav2_map_server:/home/pierres/COURS/slamnav/install/nav2_lifecycle_manager:/home/pierres/COURS/slamnav/install/nav2_util:/home/pierres/COURS/slamnav/install/nav2_voxel_grid:/home/pierres/COURS/slamnav/install/nav2_msgs:/home/pierres/COURS/slamnav/install/dwb_msgs:/home/pierres/COURS/slamnav/install/nav_2d_msgs:/home/pierres/COURS/slamnav/install/nav2_common LD_LIBRARY_PATH=/home/pierres/COURS/slamnav/install/dwb_core/lib:/home/pierres/COURS/slamnav/install/costmap_queue/lib:/home/pierres/COURS/slamnav/install/nav2_costmap_2d/lib:/home/pierres/COURS/slamnav/install/nav_2d_utils/lib:/home/pierres/COURS/slamnav/install/nav2_map_server/lib:/home/pierres/COURS/slamnav/install/nav2_lifecycle_manager/lib:/home/pierres/COURS/slamnav/install/nav2_util/lib:/home/pierres/COURS/slamnav/install/nav2_voxel_grid/lib:/home/pierres/COURS/slamnav/install/nav2_msgs/lib:/home/pierres/COURS/slamnav/install/dwb_msgs/lib:/home/pierres/COURS/slamnav/install/nav_2d_msgs/lib PYTHONPATH=/home/pierres/COURS/slamnav/install/nav2_msgs/local/lib/python3.10/dist-packages:/home/pierres/COURS/slamnav/install/dwb_msgs/local/lib/python3.10/dist-packages:/home/pierres/COURS/slamnav/install/nav_2d_msgs/local/lib/python3.10/dist-packages:/home/pierres/COURS/slamnav/install/nav2_common/local/lib/python3.10/dist-packages /usr/bin/cmake --install /home/pierres/COURS/slamnav/build/dwb_critics
