[0.108s] Invoking command in '/home/pierres/COURS/slamnav/build/nav2_planner': AMENT_PREFIX_PATH=/home/pierres/COURS/slamnav/install/nav2_core:/home/pierres/COURS/slamnav/install/nav2_costmap_2d:/home/pierres/COURS/slamnav/install/nav2_map_server:/home/pierres/COURS/slamnav/install/nav2_lifecycle_manager:/home/pierres/COURS/slamnav/install/nav2_util:/home/pierres/COURS/slamnav/install/nav2_voxel_grid:/home/pierres/COURS/slamnav/install/nav2_msgs:/home/pierres/COURS/slamnav/install/nav2_common:${AMENT_PREFIX_PATH} CMAKE_PREFIX_PATH=/home/pierres/COURS/slamnav/install/nav2_core:/home/pierres/COURS/slamnav/install/nav2_costmap_2d:/home/pierres/COURS/slamnav/install/nav2_map_server:/home/pierres/COURS/slamnav/install/nav2_lifecycle_manager:/home/pierres/COURS/slamnav/install/nav2_util:/home/pierres/COURS/slamnav/install/nav2_voxel_grid:/home/pierres/COURS/slamnav/install/nav2_msgs:/home/pierres/COURS/slamnav/install/nav2_common:/opt/ros/humble:/home/pierres/COURS/slamnav/install/slamnav_turtlebot LD_LIBRARY_PATH=/home/pierres/COURS/slamnav/install/nav2_costmap_2d/lib:/home/pierres/COURS/slamnav/install/nav2_map_server/lib:/home/pierres/COURS/slamnav/install/nav2_lifecycle_manager/lib:/home/pierres/COURS/slamnav/install/nav2_util/lib:/home/pierres/COURS/slamnav/install/nav2_voxel_grid/lib:/home/pierres/COURS/slamnav/install/nav2_msgs/lib:${LD_LIBRARY_PATH} PYTHONPATH=/home/pierres/COURS/slamnav/install/nav2_msgs/local/lib/python3.10/dist-packages:/home/pierres/COURS/slamnav/install/nav2_common/local/lib/python3.10/dist-packages:${PYTHONPATH} /usr/bin/cmake --build /home/pierres/COURS/slamnav/build/nav2_planner -- -j16 -l16
[0.182s] [ 20%] Built target gtest_main
[0.183s] [ 40%] Built target gtest
[0.194s] [ 60%] Built target planner_server_core
[0.262s] [ 80%] Built target planner_server
[0.264s] [100%] Built target test_dynamic_parameters
[0.318s] Invoked command in '/home/pierres/COURS/slamnav/build/nav2_planner' returned '0': AMENT_PREFIX_PATH=/home/pierres/COURS/slamnav/install/nav2_core:/home/pierres/COURS/slamnav/install/nav2_costmap_2d:/home/pierres/COURS/slamnav/install/nav2_map_server:/home/pierres/COURS/slamnav/install/nav2_lifecycle_manager:/home/pierres/COURS/slamnav/install/nav2_util:/home/pierres/COURS/slamnav/install/nav2_voxel_grid:/home/pierres/COURS/slamnav/install/nav2_msgs:/home/pierres/COURS/slamnav/install/nav2_common:${AMENT_PREFIX_PATH} CMAKE_PREFIX_PATH=/home/pierres/COURS/slamnav/install/nav2_core:/home/pierres/COURS/slamnav/install/nav2_costmap_2d:/home/pierres/COURS/slamnav/install/nav2_map_server:/home/pierres/COURS/slamnav/install/nav2_lifecycle_manager:/home/pierres/COURS/slamnav/install/nav2_util:/home/pierres/COURS/slamnav/install/nav2_voxel_grid:/home/pierres/COURS/slamnav/install/nav2_msgs:/home/pierres/COURS/slamnav/install/nav2_common:/opt/ros/humble:/home/pierres/COURS/slamnav/install/slamnav_turtlebot LD_LIBRARY_PATH=/home/pierres/COURS/slamnav/install/nav2_costmap_2d/lib:/home/pierres/COURS/slamnav/install/nav2_map_server/lib:/home/pierres/COURS/slamnav/install/nav2_lifecycle_manager/lib:/home/pierres/COURS/slamnav/install/nav2_util/lib:/home/pierres/COURS/slamnav/install/nav2_voxel_grid/lib:/home/pierres/COURS/slamnav/install/nav2_msgs/lib:${LD_LIBRARY_PATH} PYTHONPATH=/home/pierres/COURS/slamnav/install/nav2_msgs/local/lib/python3.10/dist-packages:/home/pierres/COURS/slamnav/install/nav2_common/local/lib/python3.10/dist-packages:${PYTHONPATH} /usr/bin/cmake --build /home/pierres/COURS/slamnav/build/nav2_planner -- -j16 -l16
[0.387s] Invoking command in '/home/pierres/COURS/slamnav/build/nav2_planner': AMENT_PREFIX_PATH=/home/pierres/COURS/slamnav/install/nav2_core:/home/pierres/COURS/slamnav/install/nav2_costmap_2d:/home/pierres/COURS/slamnav/install/nav2_map_server:/home/pierres/COURS/slamnav/install/nav2_lifecycle_manager:/home/pierres/COURS/slamnav/install/nav2_util:/home/pierres/COURS/slamnav/install/nav2_voxel_grid:/home/pierres/COURS/slamnav/install/nav2_msgs:/home/pierres/COURS/slamnav/install/nav2_common:${AMENT_PREFIX_PATH} CMAKE_PREFIX_PATH=/home/pierres/COURS/slamnav/install/nav2_core:/home/pierres/COURS/slamnav/install/nav2_costmap_2d:/home/pierres/COURS/slamnav/install/nav2_map_server:/home/pierres/COURS/slamnav/install/nav2_lifecycle_manager:/home/pierres/COURS/slamnav/install/nav2_util:/home/pierres/COURS/slamnav/install/nav2_voxel_grid:/home/pierres/COURS/slamnav/install/nav2_msgs:/home/pierres/COURS/slamnav/install/nav2_common:/opt/ros/humble:/home/pierres/COURS/slamnav/install/slamnav_turtlebot LD_LIBRARY_PATH=/home/pierres/COURS/slamnav/install/nav2_costmap_2d/lib:/home/pierres/COURS/slamnav/install/nav2_map_server/lib:/home/pierres/COURS/slamnav/install/nav2_lifecycle_manager/lib:/home/pierres/COURS/slamnav/install/nav2_util/lib:/home/pierres/COURS/slamnav/install/nav2_voxel_grid/lib:/home/pierres/COURS/slamnav/install/nav2_msgs/lib:${LD_LIBRARY_PATH} PYTHONPATH=/home/pierres/COURS/slamnav/install/nav2_msgs/local/lib/python3.10/dist-packages:/home/pierres/COURS/slamnav/install/nav2_common/local/lib/python3.10/dist-packages:${PYTHONPATH} /usr/bin/cmake --install /home/pierres/COURS/slamnav/build/nav2_planner
[0.392s] -- Install configuration: "Humble"
[0.394s] -- Execute custom install script
[0.394s] -- Up-to-date symlink: /home/pierres/COURS/slamnav/install/nav2_planner/lib/libplanner_server_core.so
[0.394s] -- Up-to-date symlink: /home/pierres/COURS/slamnav/install/nav2_planner/lib/nav2_planner/planner_server
[0.394s] -- Up-to-date symlink: /home/pierres/COURS/slamnav/install/nav2_planner/include//nav2_planner/planner_server.hpp
[0.395s] -- Up-to-date symlink: /home/pierres/COURS/slamnav/install/nav2_planner/share/nav2_planner/environment/library_path.sh
[0.395s] -- Up-to-date symlink: /home/pierres/COURS/slamnav/install/nav2_planner/share/nav2_planner/environment/library_path.dsv
[0.395s] -- Up-to-date symlink: /home/pierres/COURS/slamnav/install/nav2_planner/share/ament_index/resource_index/package_run_dependencies/nav2_planner
[0.395s] -- Up-to-date symlink: /home/pierres/COURS/slamnav/install/nav2_planner/share/ament_index/resource_index/parent_prefix_path/nav2_planner
[0.395s] -- Up-to-date symlink: /home/pierres/COURS/slamnav/install/nav2_planner/share/nav2_planner/environment/ament_prefix_path.sh
[0.395s] -- Up-to-date symlink: /home/pierres/COURS/slamnav/install/nav2_planner/share/nav2_planner/environment/ament_prefix_path.dsv
[0.395s] -- Up-to-date symlink: /home/pierres/COURS/slamnav/install/nav2_planner/share/nav2_planner/environment/path.sh
[0.395s] -- Up-to-date symlink: /home/pierres/COURS/slamnav/install/nav2_planner/share/nav2_planner/environment/path.dsv
[0.395s] -- Up-to-date symlink: /home/pierres/COURS/slamnav/install/nav2_planner/share/nav2_planner/local_setup.bash
[0.395s] -- Up-to-date symlink: /home/pierres/COURS/slamnav/install/nav2_planner/share/nav2_planner/local_setup.sh
[0.396s] -- Up-to-date symlink: /home/pierres/COURS/slamnav/install/nav2_planner/share/nav2_planner/local_setup.zsh
[0.396s] -- Up-to-date symlink: /home/pierres/COURS/slamnav/install/nav2_planner/share/nav2_planner/local_setup.dsv
[0.396s] -- Symlinking: /home/pierres/COURS/slamnav/install/nav2_planner/share/nav2_planner/package.dsv
[0.401s] -- Up-to-date symlink: /home/pierres/COURS/slamnav/install/nav2_planner/share/ament_index/resource_index/packages/nav2_planner
[0.401s] -- Up-to-date symlink: /home/pierres/COURS/slamnav/install/nav2_planner/share/ament_index/resource_index/rclcpp_components/nav2_planner
[0.401s] -- Up-to-date symlink: /home/pierres/COURS/slamnav/install/nav2_planner/share/nav2_planner/cmake/ament_cmake_export_include_directories-extras.cmake
[0.401s] -- Up-to-date symlink: /home/pierres/COURS/slamnav/install/nav2_planner/share/nav2_planner/cmake/ament_cmake_export_libraries-extras.cmake
[0.401s] -- Up-to-date symlink: /home/pierres/COURS/slamnav/install/nav2_planner/share/nav2_planner/cmake/ament_cmake_export_dependencies-extras.cmake
[0.401s] -- Up-to-date symlink: /home/pierres/COURS/slamnav/install/nav2_planner/share/nav2_planner/cmake/nav2_plannerConfig.cmake
[0.401s] -- Up-to-date symlink: /home/pierres/COURS/slamnav/install/nav2_planner/share/nav2_planner/cmake/nav2_plannerConfig-version.cmake
[0.401s] -- Up-to-date symlink: /home/pierres/COURS/slamnav/install/nav2_planner/share/nav2_planner/package.xml
[0.458s] Invoked command in '/home/pierres/COURS/slamnav/build/nav2_planner' returned '0': AMENT_PREFIX_PATH=/home/pierres/COURS/slamnav/install/nav2_core:/home/pierres/COURS/slamnav/install/nav2_costmap_2d:/home/pierres/COURS/slamnav/install/nav2_map_server:/home/pierres/COURS/slamnav/install/nav2_lifecycle_manager:/home/pierres/COURS/slamnav/install/nav2_util:/home/pierres/COURS/slamnav/install/nav2_voxel_grid:/home/pierres/COURS/slamnav/install/nav2_msgs:/home/pierres/COURS/slamnav/install/nav2_common:${AMENT_PREFIX_PATH} CMAKE_PREFIX_PATH=/home/pierres/COURS/slamnav/install/nav2_core:/home/pierres/COURS/slamnav/install/nav2_costmap_2d:/home/pierres/COURS/slamnav/install/nav2_map_server:/home/pierres/COURS/slamnav/install/nav2_lifecycle_manager:/home/pierres/COURS/slamnav/install/nav2_util:/home/pierres/COURS/slamnav/install/nav2_voxel_grid:/home/pierres/COURS/slamnav/install/nav2_msgs:/home/pierres/COURS/slamnav/install/nav2_common:/opt/ros/humble:/home/pierres/COURS/slamnav/install/slamnav_turtlebot LD_LIBRARY_PATH=/home/pierres/COURS/slamnav/install/nav2_costmap_2d/lib:/home/pierres/COURS/slamnav/install/nav2_map_server/lib:/home/pierres/COURS/slamnav/install/nav2_lifecycle_manager/lib:/home/pierres/COURS/slamnav/install/nav2_util/lib:/home/pierres/COURS/slamnav/install/nav2_voxel_grid/lib:/home/pierres/COURS/slamnav/install/nav2_msgs/lib:${LD_LIBRARY_PATH} PYTHONPATH=/home/pierres/COURS/slamnav/install/nav2_msgs/local/lib/python3.10/dist-packages:/home/pierres/COURS/slamnav/install/nav2_common/local/lib/python3.10/dist-packages:${PYTHONPATH} /usr/bin/cmake --install /home/pierres/COURS/slamnav/build/nav2_planner
