[0.065s] Invoking command in '/home/pierres/COURS/slamnav/build/nav2_rviz_plugins': AMENT_PREFIX_PATH=/home/pierres/COURS/slamnav/install/nav2_lifecycle_manager:/home/pierres/COURS/slamnav/install/nav2_util:/home/pierres/COURS/slamnav/install/nav2_msgs:/home/pierres/COURS/slamnav/install/nav2_common:${AMENT_PREFIX_PATH} CMAKE_PREFIX_PATH=/home/pierres/COURS/slamnav/install/nav2_lifecycle_manager:/home/pierres/COURS/slamnav/install/nav2_util:/home/pierres/COURS/slamnav/install/nav2_msgs:/home/pierres/COURS/slamnav/install/nav2_common:/home/pierres/COURS/slamnav/install/slam_toolbox:/opt/ros/humble:/home/pierres/COURS/slamnav/install/slamnav_turtlebot LD_LIBRARY_PATH=/home/pierres/COURS/slamnav/install/nav2_lifecycle_manager/lib:/home/pierres/COURS/slamnav/install/nav2_util/lib:/home/pierres/COURS/slamnav/install/nav2_msgs/lib:${LD_LIBRARY_PATH} PYTHONPATH=/home/pierres/COURS/slamnav/install/nav2_msgs/local/lib/python3.10/dist-packages:/home/pierres/COURS/slamnav/install/nav2_common/local/lib/python3.10/dist-packages:${PYTHONPATH} /usr/bin/cmake /home/pierres/COURS/slamnav/src/navigation2/nav2_rviz_plugins -DCMAKE_BUILD_TYPE=Humble -DAMENT_CMAKE_SYMLINK_INSTALL=1 -DCMAKE_INSTALL_PREFIX=/home/pierres/COURS/slamnav/install/nav2_rviz_plugins
[0.229s] -- The C compiler identification is GNU 11.4.0
[0.383s] -- The CXX compiler identification is GNU 11.4.0
[0.405s] -- Detecting C compiler ABI info
[0.597s] -- Detecting C compiler ABI info - done
[0.625s] -- Check for working C compiler: /usr/bin/cc - skipped
[0.625s] -- Detecting C compile features
[0.629s] -- Detecting C compile features - done
[0.639s] -- Detecting CXX compiler ABI info
[0.888s] -- Detecting CXX compiler ABI info - done
[0.900s] -- Check for working CXX compiler: /usr/bin/c++ - skipped
[0.900s] -- Detecting CXX compile features
[0.901s] -- Detecting CXX compile features - done
[0.905s] -- Found ament_cmake: 1.3.10 (/opt/ros/humble/share/ament_cmake/cmake)
[1.433s] -- Found Python3: /usr/bin/python3 (found version "3.10.12") found components: Interpreter 
[1.672s] -- Override CMake install command with custom implementation using symlinks instead of copying resources
[1.763s] -- Found geometry_msgs: 4.2.4 (/opt/ros/humble/share/geometry_msgs/cmake)
[1.848s] -- Found rosidl_generator_c: 3.1.5 (/opt/ros/humble/share/rosidl_generator_c/cmake)
[1.856s] -- Found rosidl_adapter: 3.1.5 (/opt/ros/humble/share/rosidl_adapter/cmake)
[1.873s] -- Found rosidl_generator_cpp: 3.1.5 (/opt/ros/humble/share/rosidl_generator_cpp/cmake)
[1.906s] -- Using all available rosidl_typesupport_c: rosidl_typesupport_fastrtps_c;rosidl_typesupport_introspection_c
[1.933s] -- Using all available rosidl_typesupport_cpp: rosidl_typesupport_fastrtps_cpp;rosidl_typesupport_introspection_cpp
[1.995s] -- Found nav2_util: 1.1.16 (/home/pierres/COURS/slamnav/install/nav2_util/share/nav2_util/cmake)
[2.215s] -- Found rmw_implementation_cmake: 6.1.2 (/opt/ros/humble/share/rmw_implementation_cmake/cmake)
[2.221s] -- Found rmw_cyclonedds_cpp: 1.3.4 (/opt/ros/humble/share/rmw_cyclonedds_cpp/cmake)
[2.264s] -- Using RMW implementation 'rmw_cyclonedds_cpp' as default
[2.277s] -- Looking for pthread.h
[2.440s] -- Looking for pthread.h - found
[2.440s] -- Performing Test CMAKE_HAVE_LIBC_PTHREAD
[2.663s] -- Performing Test CMAKE_HAVE_LIBC_PTHREAD - Success
[2.665s] -- Found Threads: TRUE  
[2.925s] -- Found eigen3_cmake_module: 0.1.1 (/opt/ros/humble/share/eigen3_cmake_module/cmake)
[2.928s] -- Found Eigen3: TRUE (found version "3.4.0") 
[2.929s] -- Ensuring Eigen3 include directory is part of orocos-kdl CMake target
[3.015s] -- Found nav2_lifecycle_manager: 1.1.16 (/home/pierres/COURS/slamnav/install/nav2_lifecycle_manager/share/nav2_lifecycle_manager/cmake)
[3.106s] -- Found pluginlib: 5.1.0 (/opt/ros/humble/share/pluginlib/cmake)
[3.225s] -- Found rviz_common: 11.2.13 (/opt/ros/humble/share/rviz_common/cmake)
[3.245s] -- Setting assimp_DIR to: '/opt/ros/humble/share/rviz_assimp_vendor/cmake/../../../opt/rviz_assimp_vendor/lib/cmake/assimp-4.1'
[3.270s] -- Setting OGRE_DIR to: '/opt/ros/humble/share/rviz_ogre_vendor/cmake/../../../opt/rviz_ogre_vendor/lib/OGRE/cmake'
[3.274s] -- Found OGRE
[3.276s] --   static     : OFF
[3.277s] --   components : HLMS;MeshLodGenerator;Overlay;Paging;Property;RTShaderSystem;Terrain;Volume
[3.277s] --   plugins    : Plugin_BSPSceneManager;Plugin_OctreeSceneManager;Plugin_PCZSceneManager;Plugin_ParticleFX;RenderSystem_GL;RenderSystem_GL3Plus;Codec_STBI
[3.277s] --   media      : /opt/ros/humble/opt/rviz_ogre_vendor/share/OGRE/Media
[3.277s] -- OGRE_LIBRARIES: OgreHLMS;OgreMeshLodGenerator;OgreOverlay;OgrePaging;OgreProperty;OgreRTShaderSystem;OgreTerrain;OgreVolume;OgreMain
[3.277s] -- OGRE_LIBRARY_DIRS: /opt/ros/humble/opt/rviz_ogre_vendor/lib
[3.277s] -- OGRE_PLUGINS: Plugin_BSPSceneManager;Plugin_OctreeSceneManager;Plugin_PCZSceneManager;Plugin_ParticleFX;RenderSystem_GL;RenderSystem_GL3Plus;Codec_STBI
[3.277s] -- OGRE_PLUGIN_DIR: /opt/ros/humble/opt/rviz_ogre_vendor/lib/OGRE
[3.278s] -- rviz_ogre_vendor::OgreOverlay for IMPORTED_LOCATION_RELEASE: /opt/ros/humble/opt/rviz_ogre_vendor/lib/libOgreOverlay.so
[3.278s] -- rviz_ogre_vendor::OgreOverlay for IMPORTED_LOCATION_DEBUG: /opt/ros/humble/opt/rviz_ogre_vendor/lib/libOgreOverlay.so
[3.283s] -- rviz_ogre_vendor::OgreMain for IMPORTED_LOCATION_RELEASE: /opt/ros/humble/opt/rviz_ogre_vendor/lib/libOgreMain.so
[3.283s] -- rviz_ogre_vendor::OgreMain for IMPORTED_LOCATION_DEBUG: /opt/ros/humble/opt/rviz_ogre_vendor/lib/libOgreMain.so
[3.366s] -- Found ZLIB: /usr/lib/x86_64-linux-gnu/libz.so (found version "1.2.11") 
[3.389s] -- Found OpenGL: /usr/lib/x86_64-linux-gnu/libOpenGL.so   
[3.761s] -- Found X11: /usr/include   
[3.761s] -- Looking for XOpenDisplay in /usr/lib/x86_64-linux-gnu/libX11.so;/usr/lib/x86_64-linux-gnu/libXext.so
[3.988s] -- Looking for XOpenDisplay in /usr/lib/x86_64-linux-gnu/libX11.so;/usr/lib/x86_64-linux-gnu/libXext.so - found
[3.988s] -- Looking for gethostbyname
[4.189s] -- Looking for gethostbyname - found
[4.189s] -- Looking for connect
[4.432s] -- Looking for connect - found
[4.433s] -- Looking for remove
[4.687s] -- Looking for remove - found
[4.687s] -- Looking for shmat
[4.906s] -- Looking for shmat - found
[4.907s] -- Looking for IceConnectionNumber in ICE
[5.164s] -- Looking for IceConnectionNumber in ICE - found
[5.425s] -- library: /usr/lib/x86_64-linux-gnu/libcurl.so
[5.585s] -- Found rviz_default_plugins: 11.2.13 (/opt/ros/humble/share/rviz_default_plugins/cmake)
[6.131s] -- Found ament_lint_auto: 0.12.11 (/opt/ros/humble/share/ament_lint_auto/cmake)
[6.363s] -- Added test 'copyright' to check source files copyright and LICENSE
[6.370s] -- Added test 'cppcheck' to perform static code analysis on C / C++ code
[6.372s] -- Configured cppcheck include dirs: /home/pierres/COURS/slamnav/src/navigation2/nav2_rviz_plugins/include
[6.372s] -- Configured cppcheck exclude dirs and/or files: 
[6.378s] -- Added test 'cpplint' to check C / C++ code against the Google style
[6.378s] -- Configured cpplint exclude dirs and/or files: 
[6.381s] -- Added test 'lint_cmake' to check CMake code style
[6.390s] -- Added test 'uncrustify' to check C / C++ code style
[6.390s] -- Configured uncrustify additional arguments: 
[6.392s] -- Added test 'xmllint' to check XML markup files
[6.416s] -- Configuring done
[6.632s] -- Generating done
[6.644s] -- Build files have been written to: /home/pierres/COURS/slamnav/build/nav2_rviz_plugins
[6.675s] Invoked command in '/home/pierres/COURS/slamnav/build/nav2_rviz_plugins' returned '0': AMENT_PREFIX_PATH=/home/pierres/COURS/slamnav/install/nav2_lifecycle_manager:/home/pierres/COURS/slamnav/install/nav2_util:/home/pierres/COURS/slamnav/install/nav2_msgs:/home/pierres/COURS/slamnav/install/nav2_common:${AMENT_PREFIX_PATH} CMAKE_PREFIX_PATH=/home/pierres/COURS/slamnav/install/nav2_lifecycle_manager:/home/pierres/COURS/slamnav/install/nav2_util:/home/pierres/COURS/slamnav/install/nav2_msgs:/home/pierres/COURS/slamnav/install/nav2_common:/home/pierres/COURS/slamnav/install/slam_toolbox:/opt/ros/humble:/home/pierres/COURS/slamnav/install/slamnav_turtlebot LD_LIBRARY_PATH=/home/pierres/COURS/slamnav/install/nav2_lifecycle_manager/lib:/home/pierres/COURS/slamnav/install/nav2_util/lib:/home/pierres/COURS/slamnav/install/nav2_msgs/lib:${LD_LIBRARY_PATH} PYTHONPATH=/home/pierres/COURS/slamnav/install/nav2_msgs/local/lib/python3.10/dist-packages:/home/pierres/COURS/slamnav/install/nav2_common/local/lib/python3.10/dist-packages:${PYTHONPATH} /usr/bin/cmake /home/pierres/COURS/slamnav/src/navigation2/nav2_rviz_plugins -DCMAKE_BUILD_TYPE=Humble -DAMENT_CMAKE_SYMLINK_INSTALL=1 -DCMAKE_INSTALL_PREFIX=/home/pierres/COURS/slamnav/install/nav2_rviz_plugins
[6.678s] Invoking command in '/home/pierres/COURS/slamnav/build/nav2_rviz_plugins': AMENT_PREFIX_PATH=/home/pierres/COURS/slamnav/install/nav2_lifecycle_manager:/home/pierres/COURS/slamnav/install/nav2_util:/home/pierres/COURS/slamnav/install/nav2_msgs:/home/pierres/COURS/slamnav/install/nav2_common:${AMENT_PREFIX_PATH} CMAKE_PREFIX_PATH=/home/pierres/COURS/slamnav/install/nav2_lifecycle_manager:/home/pierres/COURS/slamnav/install/nav2_util:/home/pierres/COURS/slamnav/install/nav2_msgs:/home/pierres/COURS/slamnav/install/nav2_common:/home/pierres/COURS/slamnav/install/slam_toolbox:/opt/ros/humble:/home/pierres/COURS/slamnav/install/slamnav_turtlebot LD_LIBRARY_PATH=/home/pierres/COURS/slamnav/install/nav2_lifecycle_manager/lib:/home/pierres/COURS/slamnav/install/nav2_util/lib:/home/pierres/COURS/slamnav/install/nav2_msgs/lib:${LD_LIBRARY_PATH} PYTHONPATH=/home/pierres/COURS/slamnav/install/nav2_msgs/local/lib/python3.10/dist-packages:/home/pierres/COURS/slamnav/install/nav2_common/local/lib/python3.10/dist-packages:${PYTHONPATH} /usr/bin/cmake --build /home/pierres/COURS/slamnav/build/nav2_rviz_plugins -- -j16 -l16
[6.835s] [ 14%] [34m[1mAutomatic MOC for target nav2_rviz_plugins[0m
[9.120s] [ 14%] Built target nav2_rviz_plugins_autogen
[9.191s] [ 28%] [32mBuilding CXX object CMakeFiles/nav2_rviz_plugins.dir/nav2_rviz_plugins_autogen/mocs_compilation.cpp.o[0m
[9.200s] [ 42%] [32mBuilding CXX object CMakeFiles/nav2_rviz_plugins.dir/src/goal_tool.cpp.o[0m
[9.201s] [ 57%] [32mBuilding CXX object CMakeFiles/nav2_rviz_plugins.dir/src/nav2_panel.cpp.o[0m
[9.203s] [ 71%] [32mBuilding CXX object CMakeFiles/nav2_rviz_plugins.dir/src/particle_cloud_display/flat_weighted_arrows_array.cpp.o[0m
[9.207s] [ 85%] [32mBuilding CXX object CMakeFiles/nav2_rviz_plugins.dir/src/particle_cloud_display/particle_cloud_display.cpp.o[0m
[48.098s] [100%] [32m[1mLinking CXX shared library libnav2_rviz_plugins.so[0m
[60.309s] [100%] Built target nav2_rviz_plugins
[60.325s] Invoked command in '/home/pierres/COURS/slamnav/build/nav2_rviz_plugins' returned '0': AMENT_PREFIX_PATH=/home/pierres/COURS/slamnav/install/nav2_lifecycle_manager:/home/pierres/COURS/slamnav/install/nav2_util:/home/pierres/COURS/slamnav/install/nav2_msgs:/home/pierres/COURS/slamnav/install/nav2_common:${AMENT_PREFIX_PATH} CMAKE_PREFIX_PATH=/home/pierres/COURS/slamnav/install/nav2_lifecycle_manager:/home/pierres/COURS/slamnav/install/nav2_util:/home/pierres/COURS/slamnav/install/nav2_msgs:/home/pierres/COURS/slamnav/install/nav2_common:/home/pierres/COURS/slamnav/install/slam_toolbox:/opt/ros/humble:/home/pierres/COURS/slamnav/install/slamnav_turtlebot LD_LIBRARY_PATH=/home/pierres/COURS/slamnav/install/nav2_lifecycle_manager/lib:/home/pierres/COURS/slamnav/install/nav2_util/lib:/home/pierres/COURS/slamnav/install/nav2_msgs/lib:${LD_LIBRARY_PATH} PYTHONPATH=/home/pierres/COURS/slamnav/install/nav2_msgs/local/lib/python3.10/dist-packages:/home/pierres/COURS/slamnav/install/nav2_common/local/lib/python3.10/dist-packages:${PYTHONPATH} /usr/bin/cmake --build /home/pierres/COURS/slamnav/build/nav2_rviz_plugins -- -j16 -l16
[60.368s] Invoking command in '/home/pierres/COURS/slamnav/build/nav2_rviz_plugins': AMENT_PREFIX_PATH=/home/pierres/COURS/slamnav/install/nav2_lifecycle_manager:/home/pierres/COURS/slamnav/install/nav2_util:/home/pierres/COURS/slamnav/install/nav2_msgs:/home/pierres/COURS/slamnav/install/nav2_common:${AMENT_PREFIX_PATH} CMAKE_PREFIX_PATH=/home/pierres/COURS/slamnav/install/nav2_lifecycle_manager:/home/pierres/COURS/slamnav/install/nav2_util:/home/pierres/COURS/slamnav/install/nav2_msgs:/home/pierres/COURS/slamnav/install/nav2_common:/home/pierres/COURS/slamnav/install/slam_toolbox:/opt/ros/humble:/home/pierres/COURS/slamnav/install/slamnav_turtlebot LD_LIBRARY_PATH=/home/pierres/COURS/slamnav/install/nav2_lifecycle_manager/lib:/home/pierres/COURS/slamnav/install/nav2_util/lib:/home/pierres/COURS/slamnav/install/nav2_msgs/lib:${LD_LIBRARY_PATH} PYTHONPATH=/home/pierres/COURS/slamnav/install/nav2_msgs/local/lib/python3.10/dist-packages:/home/pierres/COURS/slamnav/install/nav2_common/local/lib/python3.10/dist-packages:${PYTHONPATH} /usr/bin/cmake --install /home/pierres/COURS/slamnav/build/nav2_rviz_plugins
[60.379s] -- Install configuration: "Humble"
[60.379s] -- Execute custom install script
[60.380s] -- Symlinking: /home/pierres/COURS/slamnav/install/nav2_rviz_plugins/share/nav2_rviz_plugins//plugins_description.xml
[60.392s] -- Symlinking: /home/pierres/COURS/slamnav/install/nav2_rviz_plugins/include//nav2_rviz_plugins/goal_common.hpp
[60.403s] -- Symlinking: /home/pierres/COURS/slamnav/install/nav2_rviz_plugins/include//nav2_rviz_plugins/goal_pose_updater.hpp
[60.415s] -- Symlinking: /home/pierres/COURS/slamnav/install/nav2_rviz_plugins/include//nav2_rviz_plugins/goal_tool.hpp
[60.427s] -- Symlinking: /home/pierres/COURS/slamnav/install/nav2_rviz_plugins/include//nav2_rviz_plugins/nav2_panel.hpp
[60.438s] -- Symlinking: /home/pierres/COURS/slamnav/install/nav2_rviz_plugins/include//nav2_rviz_plugins/particle_cloud_display/flat_weighted_arrows_array.hpp
[60.448s] -- Symlinking: /home/pierres/COURS/slamnav/install/nav2_rviz_plugins/include//nav2_rviz_plugins/particle_cloud_display/particle_cloud_display.hpp
[60.455s] -- Symlinking: /home/pierres/COURS/slamnav/install/nav2_rviz_plugins/include//nav2_rviz_plugins/ros_action_qevent.hpp
[60.467s] -- Symlinking: /home/pierres/COURS/slamnav/install/nav2_rviz_plugins/share/nav2_rviz_plugins/environment/library_path.sh
[60.479s] -- Symlinking: /home/pierres/COURS/slamnav/install/nav2_rviz_plugins/share/nav2_rviz_plugins/environment/library_path.dsv
[60.491s] -- Symlinking: /home/pierres/COURS/slamnav/install/nav2_rviz_plugins/share/ament_index/resource_index/package_run_dependencies/nav2_rviz_plugins
[60.504s] -- Symlinking: /home/pierres/COURS/slamnav/install/nav2_rviz_plugins/share/ament_index/resource_index/parent_prefix_path/nav2_rviz_plugins
[60.516s] -- Symlinking: /home/pierres/COURS/slamnav/install/nav2_rviz_plugins/share/nav2_rviz_plugins/environment/ament_prefix_path.sh
[60.529s] -- Symlinking: /home/pierres/COURS/slamnav/install/nav2_rviz_plugins/share/nav2_rviz_plugins/environment/ament_prefix_path.dsv
[60.541s] -- Symlinking: /home/pierres/COURS/slamnav/install/nav2_rviz_plugins/share/nav2_rviz_plugins/environment/path.sh
[60.553s] -- Symlinking: /home/pierres/COURS/slamnav/install/nav2_rviz_plugins/share/nav2_rviz_plugins/environment/path.dsv
[60.561s] -- Symlinking: /home/pierres/COURS/slamnav/install/nav2_rviz_plugins/share/nav2_rviz_plugins/local_setup.bash
[60.574s] -- Symlinking: /home/pierres/COURS/slamnav/install/nav2_rviz_plugins/share/nav2_rviz_plugins/local_setup.sh
[60.586s] -- Symlinking: /home/pierres/COURS/slamnav/install/nav2_rviz_plugins/share/nav2_rviz_plugins/local_setup.zsh
[60.596s] -- Symlinking: /home/pierres/COURS/slamnav/install/nav2_rviz_plugins/share/nav2_rviz_plugins/local_setup.dsv
[60.608s] -- Symlinking: /home/pierres/COURS/slamnav/install/nav2_rviz_plugins/share/nav2_rviz_plugins/package.dsv
[60.619s] -- Symlinking: /home/pierres/COURS/slamnav/install/nav2_rviz_plugins/share/ament_index/resource_index/packages/nav2_rviz_plugins
[60.628s] -- Symlinking: /home/pierres/COURS/slamnav/install/nav2_rviz_plugins/share/ament_index/resource_index/rviz_common__pluginlib__plugin/nav2_rviz_plugins
[60.637s] -- Symlinking: /home/pierres/COURS/slamnav/install/nav2_rviz_plugins/share/nav2_rviz_plugins/cmake/ament_cmake_export_include_directories-extras.cmake
[60.646s] -- Symlinking: /home/pierres/COURS/slamnav/install/nav2_rviz_plugins/share/nav2_rviz_plugins/cmake/ament_cmake_export_targets-extras.cmake
[60.658s] -- Symlinking: /home/pierres/COURS/slamnav/install/nav2_rviz_plugins/share/nav2_rviz_plugins/cmake/ament_cmake_export_dependencies-extras.cmake
[60.670s] -- Symlinking: /home/pierres/COURS/slamnav/install/nav2_rviz_plugins/share/nav2_rviz_plugins/cmake/nav2_rviz_pluginsConfig.cmake
[60.681s] -- Symlinking: /home/pierres/COURS/slamnav/install/nav2_rviz_plugins/share/nav2_rviz_plugins/cmake/nav2_rviz_pluginsConfig-version.cmake
[60.694s] -- Symlinking: /home/pierres/COURS/slamnav/install/nav2_rviz_plugins/share/nav2_rviz_plugins/package.xml
[60.702s] -- Installing: /home/pierres/COURS/slamnav/install/nav2_rviz_plugins/lib/libnav2_rviz_plugins.so
[60.738s] -- Set runtime path of "/home/pierres/COURS/slamnav/install/nav2_rviz_plugins/lib/libnav2_rviz_plugins.so" to ""
[60.739s] -- Installing: /home/pierres/COURS/slamnav/install/nav2_rviz_plugins/share/nav2_rviz_plugins/cmake/nav2_rviz_pluginsExport.cmake
[60.739s] -- Installing: /home/pierres/COURS/slamnav/install/nav2_rviz_plugins/share/nav2_rviz_plugins/cmake/nav2_rviz_pluginsExport-humble.cmake
[60.743s] Invoked command in '/home/pierres/COURS/slamnav/build/nav2_rviz_plugins' returned '0': AMENT_PREFIX_PATH=/home/pierres/COURS/slamnav/install/nav2_lifecycle_manager:/home/pierres/COURS/slamnav/install/nav2_util:/home/pierres/COURS/slamnav/install/nav2_msgs:/home/pierres/COURS/slamnav/install/nav2_common:${AMENT_PREFIX_PATH} CMAKE_PREFIX_PATH=/home/pierres/COURS/slamnav/install/nav2_lifecycle_manager:/home/pierres/COURS/slamnav/install/nav2_util:/home/pierres/COURS/slamnav/install/nav2_msgs:/home/pierres/COURS/slamnav/install/nav2_common:/home/pierres/COURS/slamnav/install/slam_toolbox:/opt/ros/humble:/home/pierres/COURS/slamnav/install/slamnav_turtlebot LD_LIBRARY_PATH=/home/pierres/COURS/slamnav/install/nav2_lifecycle_manager/lib:/home/pierres/COURS/slamnav/install/nav2_util/lib:/home/pierres/COURS/slamnav/install/nav2_msgs/lib:${LD_LIBRARY_PATH} PYTHONPATH=/home/pierres/COURS/slamnav/install/nav2_msgs/local/lib/python3.10/dist-packages:/home/pierres/COURS/slamnav/install/nav2_common/local/lib/python3.10/dist-packages:${PYTHONPATH} /usr/bin/cmake --install /home/pierres/COURS/slamnav/build/nav2_rviz_plugins
