[0.024s] Invoking command in '/home/pierres/COURS/slamnav/build/nav2_amcl': AMENT_PREFIX_PATH=/home/pierres/COURS/slamnav/install/nav2_util:/home/pierres/COURS/slamnav/install/nav2_msgs:/home/pierres/COURS/slamnav/install/nav2_common:${AMENT_PREFIX_PATH} CMAKE_PREFIX_PATH=/home/pierres/COURS/slamnav/install/nav2_util:/home/pierres/COURS/slamnav/install/nav2_msgs:/home/pierres/COURS/slamnav/install/nav2_common:/home/pierres/COURS/slamnav/install/slam_toolbox:/opt/ros/humble:/home/pierres/COURS/slamnav/install/slamnav_turtlebot LD_LIBRARY_PATH=/home/pierres/COURS/slamnav/install/nav2_util/lib:/home/pierres/COURS/slamnav/install/nav2_msgs/lib:${LD_LIBRARY_PATH} PYTHONPATH=/home/pierres/COURS/slamnav/install/nav2_msgs/local/lib/python3.10/dist-packages:/home/pierres/COURS/slamnav/install/nav2_common/local/lib/python3.10/dist-packages:${PYTHONPATH} /usr/bin/cmake /home/pierres/COURS/slamnav/src/navigation2/nav2_amcl -DCMAKE_INSTALL_PREFIX=/home/pierres/COURS/slamnav/install/nav2_amcl
[0.035s] -- Found ament_cmake: 1.3.10 (/opt/ros/humble/share/ament_cmake/cmake)
[0.169s] -- Override CMake install command with custom implementation using symlinks instead of copying resources
[0.177s] -- Found nav2_common: 1.1.16 (/home/pierres/COURS/slamnav/install/nav2_common/share/nav2_common/cmake)
[0.177s] -- Found rclcpp: 16.0.10 (/opt/ros/humble/share/rclcpp/cmake)
[0.214s] -- Found rosidl_generator_c: 3.1.5 (/opt/ros/humble/share/rosidl_generator_c/cmake)
[0.217s] -- Found rosidl_adapter: 3.1.5 (/opt/ros/humble/share/rosidl_adapter/cmake)
[0.224s] -- Found rosidl_generator_cpp: 3.1.5 (/opt/ros/humble/share/rosidl_generator_cpp/cmake)
[0.236s] -- Using all available rosidl_typesupport_c: rosidl_typesupport_fastrtps_c;rosidl_typesupport_introspection_c
[0.251s] -- Using all available rosidl_typesupport_cpp: rosidl_typesupport_fastrtps_cpp;rosidl_typesupport_introspection_cpp
[0.289s] -- Found rmw_implementation_cmake: 6.1.2 (/opt/ros/humble/share/rmw_implementation_cmake/cmake)
[0.291s] -- Found rmw_cyclonedds_cpp: 1.3.4 (/opt/ros/humble/share/rmw_cyclonedds_cpp/cmake)
[0.312s] -- Using RMW implementation 'rmw_cyclonedds_cpp' as default
[0.372s] -- Found rclcpp_lifecycle: 16.0.10 (/opt/ros/humble/share/rclcpp_lifecycle/cmake)
[0.391s] -- Found rclcpp_components: 16.0.10 (/opt/ros/humble/share/rclcpp_components/cmake)
[0.413s] -- Found message_filters: 4.3.5 (/opt/ros/humble/share/message_filters/cmake)
[0.417s] -- Found tf2_geometry_msgs: 0.25.8 (/opt/ros/humble/share/tf2_geometry_msgs/cmake)
[0.435s] -- Found eigen3_cmake_module: 0.1.1 (/opt/ros/humble/share/eigen3_cmake_module/cmake)
[0.437s] -- Ensuring Eigen3 include directory is part of orocos-kdl CMake target
[0.515s] -- Found nav_msgs: 4.2.4 (/opt/ros/humble/share/nav_msgs/cmake)
[0.536s] -- Found sensor_msgs: 4.2.4 (/opt/ros/humble/share/sensor_msgs/cmake)
[0.557s] -- Found std_srvs: 4.2.4 (/opt/ros/humble/share/std_srvs/cmake)
[0.568s] -- Found nav2_util: 1.1.16 (/home/pierres/COURS/slamnav/install/nav2_util/share/nav2_util/cmake)
[0.642s] -- Found pluginlib: 5.1.0 (/opt/ros/humble/share/pluginlib/cmake)
[0.733s] -- Found ament_lint_auto: 0.12.11 (/opt/ros/humble/share/ament_lint_auto/cmake)
[0.802s] -- Added test 'cppcheck' to perform static code analysis on C / C++ code
[0.803s] -- Configured cppcheck include dirs: /home/pierres/COURS/slamnav/src/navigation2/nav2_amcl/include;/home/pierres/COURS/slamnav/src/navigation2/nav2_amcl/src/include
[0.804s] -- Configured cppcheck exclude dirs and/or files: 
[0.804s] -- Added test 'lint_cmake' to check CMake code style
[0.805s] -- Added test 'uncrustify' to check C / C++ code style
[0.806s] -- Configured uncrustify additional arguments: 
[0.807s] -- Added test 'xmllint' to check XML markup files
[0.807s] -- Configuring done
[0.874s] -- Generating done
[0.876s] -- Build files have been written to: /home/pierres/COURS/slamnav/build/nav2_amcl
[0.891s] Invoked command in '/home/pierres/COURS/slamnav/build/nav2_amcl' returned '0': AMENT_PREFIX_PATH=/home/pierres/COURS/slamnav/install/nav2_util:/home/pierres/COURS/slamnav/install/nav2_msgs:/home/pierres/COURS/slamnav/install/nav2_common:${AMENT_PREFIX_PATH} CMAKE_PREFIX_PATH=/home/pierres/COURS/slamnav/install/nav2_util:/home/pierres/COURS/slamnav/install/nav2_msgs:/home/pierres/COURS/slamnav/install/nav2_common:/home/pierres/COURS/slamnav/install/slam_toolbox:/opt/ros/humble:/home/pierres/COURS/slamnav/install/slamnav_turtlebot LD_LIBRARY_PATH=/home/pierres/COURS/slamnav/install/nav2_util/lib:/home/pierres/COURS/slamnav/install/nav2_msgs/lib:${LD_LIBRARY_PATH} PYTHONPATH=/home/pierres/COURS/slamnav/install/nav2_msgs/local/lib/python3.10/dist-packages:/home/pierres/COURS/slamnav/install/nav2_common/local/lib/python3.10/dist-packages:${PYTHONPATH} /usr/bin/cmake /home/pierres/COURS/slamnav/src/navigation2/nav2_amcl -DCMAKE_INSTALL_PREFIX=/home/pierres/COURS/slamnav/install/nav2_amcl
[0.893s] Invoking command in '/home/pierres/COURS/slamnav/build/nav2_amcl': AMENT_PREFIX_PATH=/home/pierres/COURS/slamnav/install/nav2_util:/home/pierres/COURS/slamnav/install/nav2_msgs:/home/pierres/COURS/slamnav/install/nav2_common:${AMENT_PREFIX_PATH} CMAKE_PREFIX_PATH=/home/pierres/COURS/slamnav/install/nav2_util:/home/pierres/COURS/slamnav/install/nav2_msgs:/home/pierres/COURS/slamnav/install/nav2_common:/home/pierres/COURS/slamnav/install/slam_toolbox:/opt/ros/humble:/home/pierres/COURS/slamnav/install/slamnav_turtlebot LD_LIBRARY_PATH=/home/pierres/COURS/slamnav/install/nav2_util/lib:/home/pierres/COURS/slamnav/install/nav2_msgs/lib:${LD_LIBRARY_PATH} PYTHONPATH=/home/pierres/COURS/slamnav/install/nav2_msgs/local/lib/python3.10/dist-packages:/home/pierres/COURS/slamnav/install/nav2_common/local/lib/python3.10/dist-packages:${PYTHONPATH} /usr/bin/cmake --build /home/pierres/COURS/slamnav/build/nav2_amcl -- -j16 -l16
[0.937s] [35m[1mConsolidate compiler generated dependencies of target map_lib[0m
[0.938s] [35m[1mConsolidate compiler generated dependencies of target pf_lib[0m
[0.951s] [ 45%] Built target map_lib
[0.951s] [ 50%] Built target pf_lib
[0.960s] [35m[1mConsolidate compiler generated dependencies of target motions_lib[0m
[0.964s] [35m[1mConsolidate compiler generated dependencies of target sensors_lib[0m
[0.975s] [ 62%] Built target motions_lib
[0.979s] [ 83%] Built target sensors_lib
[0.988s] [35m[1mConsolidate compiler generated dependencies of target amcl_core[0m
[1.000s] [ 91%] Built target amcl_core
[1.013s] [35m[1mConsolidate compiler generated dependencies of target amcl[0m
[1.033s] [100%] Built target amcl
[1.047s] Invoked command in '/home/pierres/COURS/slamnav/build/nav2_amcl' returned '0': AMENT_PREFIX_PATH=/home/pierres/COURS/slamnav/install/nav2_util:/home/pierres/COURS/slamnav/install/nav2_msgs:/home/pierres/COURS/slamnav/install/nav2_common:${AMENT_PREFIX_PATH} CMAKE_PREFIX_PATH=/home/pierres/COURS/slamnav/install/nav2_util:/home/pierres/COURS/slamnav/install/nav2_msgs:/home/pierres/COURS/slamnav/install/nav2_common:/home/pierres/COURS/slamnav/install/slam_toolbox:/opt/ros/humble:/home/pierres/COURS/slamnav/install/slamnav_turtlebot LD_LIBRARY_PATH=/home/pierres/COURS/slamnav/install/nav2_util/lib:/home/pierres/COURS/slamnav/install/nav2_msgs/lib:${LD_LIBRARY_PATH} PYTHONPATH=/home/pierres/COURS/slamnav/install/nav2_msgs/local/lib/python3.10/dist-packages:/home/pierres/COURS/slamnav/install/nav2_common/local/lib/python3.10/dist-packages:${PYTHONPATH} /usr/bin/cmake --build /home/pierres/COURS/slamnav/build/nav2_amcl -- -j16 -l16
[1.078s] Invoking command in '/home/pierres/COURS/slamnav/build/nav2_amcl': AMENT_PREFIX_PATH=/home/pierres/COURS/slamnav/install/nav2_util:/home/pierres/COURS/slamnav/install/nav2_msgs:/home/pierres/COURS/slamnav/install/nav2_common:${AMENT_PREFIX_PATH} CMAKE_PREFIX_PATH=/home/pierres/COURS/slamnav/install/nav2_util:/home/pierres/COURS/slamnav/install/nav2_msgs:/home/pierres/COURS/slamnav/install/nav2_common:/home/pierres/COURS/slamnav/install/slam_toolbox:/opt/ros/humble:/home/pierres/COURS/slamnav/install/slamnav_turtlebot LD_LIBRARY_PATH=/home/pierres/COURS/slamnav/install/nav2_util/lib:/home/pierres/COURS/slamnav/install/nav2_msgs/lib:${LD_LIBRARY_PATH} PYTHONPATH=/home/pierres/COURS/slamnav/install/nav2_msgs/local/lib/python3.10/dist-packages:/home/pierres/COURS/slamnav/install/nav2_common/local/lib/python3.10/dist-packages:${PYTHONPATH} /usr/bin/cmake --install /home/pierres/COURS/slamnav/build/nav2_amcl
[1.084s] -- Install configuration: "Humble"
[1.084s] -- Execute custom install script
[1.085s] -- Up-to-date symlink: /home/pierres/COURS/slamnav/install/nav2_amcl/lib/libpf_lib.so
[1.085s] -- Up-to-date symlink: /home/pierres/COURS/slamnav/install/nav2_amcl/lib/libmap_lib.so
[1.085s] -- Up-to-date symlink: /home/pierres/COURS/slamnav/install/nav2_amcl/lib/libmotions_lib.so
[1.085s] -- Up-to-date symlink: /home/pierres/COURS/slamnav/install/nav2_amcl/lib/libsensors_lib.so
[1.085s] -- Up-to-date symlink: /home/pierres/COURS/slamnav/install/nav2_amcl/lib/libamcl_core.so
[1.085s] -- Up-to-date symlink: /home/pierres/COURS/slamnav/install/nav2_amcl/lib/nav2_amcl/amcl
[1.086s] -- Up-to-date symlink: /home/pierres/COURS/slamnav/install/nav2_amcl/include//nav2_amcl/amcl_node.hpp
[1.086s] -- Up-to-date symlink: /home/pierres/COURS/slamnav/install/nav2_amcl/include//nav2_amcl/angleutils.hpp
[1.086s] -- Up-to-date symlink: /home/pierres/COURS/slamnav/install/nav2_amcl/include//nav2_amcl/map/map.hpp
[1.086s] -- Up-to-date symlink: /home/pierres/COURS/slamnav/install/nav2_amcl/include//nav2_amcl/motion_model/differential_motion_model.hpp
[1.086s] -- Up-to-date symlink: /home/pierres/COURS/slamnav/install/nav2_amcl/include//nav2_amcl/motion_model/motion_model.hpp
[1.086s] -- Up-to-date symlink: /home/pierres/COURS/slamnav/install/nav2_amcl/include//nav2_amcl/motion_model/omni_motion_model.hpp
[1.086s] -- Up-to-date symlink: /home/pierres/COURS/slamnav/install/nav2_amcl/include//nav2_amcl/pf/eig3.hpp
[1.086s] -- Up-to-date symlink: /home/pierres/COURS/slamnav/install/nav2_amcl/include//nav2_amcl/pf/pf.hpp
[1.086s] -- Up-to-date symlink: /home/pierres/COURS/slamnav/install/nav2_amcl/include//nav2_amcl/pf/pf_kdtree.hpp
[1.086s] -- Up-to-date symlink: /home/pierres/COURS/slamnav/install/nav2_amcl/include//nav2_amcl/pf/pf_pdf.hpp
[1.086s] -- Up-to-date symlink: /home/pierres/COURS/slamnav/install/nav2_amcl/include//nav2_amcl/pf/pf_vector.hpp
[1.087s] -- Up-to-date symlink: /home/pierres/COURS/slamnav/install/nav2_amcl/include//nav2_amcl/portable_utils.hpp
[1.087s] -- Up-to-date symlink: /home/pierres/COURS/slamnav/install/nav2_amcl/include//nav2_amcl/sensors/laser/laser.hpp
[1.087s] -- Up-to-date symlink: /home/pierres/COURS/slamnav/install/nav2_amcl/share/nav2_amcl/environment/library_path.sh
[1.087s] -- Up-to-date symlink: /home/pierres/COURS/slamnav/install/nav2_amcl/share/nav2_amcl/environment/library_path.dsv
[1.087s] -- Up-to-date symlink: /home/pierres/COURS/slamnav/install/nav2_amcl/share/nav2_amcl//plugins.xml
[1.087s] -- Up-to-date symlink: /home/pierres/COURS/slamnav/install/nav2_amcl/share/ament_index/resource_index/package_run_dependencies/nav2_amcl
[1.087s] -- Up-to-date symlink: /home/pierres/COURS/slamnav/install/nav2_amcl/share/ament_index/resource_index/parent_prefix_path/nav2_amcl
[1.087s] -- Up-to-date symlink: /home/pierres/COURS/slamnav/install/nav2_amcl/share/nav2_amcl/environment/ament_prefix_path.sh
[1.087s] -- Up-to-date symlink: /home/pierres/COURS/slamnav/install/nav2_amcl/share/nav2_amcl/environment/ament_prefix_path.dsv
[1.087s] -- Up-to-date symlink: /home/pierres/COURS/slamnav/install/nav2_amcl/share/nav2_amcl/environment/path.sh
[1.087s] -- Up-to-date symlink: /home/pierres/COURS/slamnav/install/nav2_amcl/share/nav2_amcl/environment/path.dsv
[1.087s] -- Up-to-date symlink: /home/pierres/COURS/slamnav/install/nav2_amcl/share/nav2_amcl/local_setup.bash
[1.087s] -- Up-to-date symlink: /home/pierres/COURS/slamnav/install/nav2_amcl/share/nav2_amcl/local_setup.sh
[1.087s] -- Up-to-date symlink: /home/pierres/COURS/slamnav/install/nav2_amcl/share/nav2_amcl/local_setup.zsh
[1.087s] -- Up-to-date symlink: /home/pierres/COURS/slamnav/install/nav2_amcl/share/nav2_amcl/local_setup.dsv
[1.087s] -- Symlinking: /home/pierres/COURS/slamnav/install/nav2_amcl/share/nav2_amcl/package.dsv
[1.094s] -- Up-to-date symlink: /home/pierres/COURS/slamnav/install/nav2_amcl/share/ament_index/resource_index/packages/nav2_amcl
[1.094s] -- Up-to-date symlink: /home/pierres/COURS/slamnav/install/nav2_amcl/share/ament_index/resource_index/nav2_amcl__pluginlib__plugin/nav2_amcl
[1.094s] -- Up-to-date symlink: /home/pierres/COURS/slamnav/install/nav2_amcl/share/ament_index/resource_index/rclcpp_components/nav2_amcl
[1.094s] -- Up-to-date symlink: /home/pierres/COURS/slamnav/install/nav2_amcl/share/nav2_amcl/cmake/ament_cmake_export_include_directories-extras.cmake
[1.094s] -- Up-to-date symlink: /home/pierres/COURS/slamnav/install/nav2_amcl/share/nav2_amcl/cmake/ament_cmake_export_libraries-extras.cmake
[1.094s] -- Up-to-date symlink: /home/pierres/COURS/slamnav/install/nav2_amcl/share/nav2_amcl/cmake/ament_cmake_export_dependencies-extras.cmake
[1.095s] -- Up-to-date symlink: /home/pierres/COURS/slamnav/install/nav2_amcl/share/nav2_amcl/cmake/nav2_amclConfig.cmake
[1.095s] -- Up-to-date symlink: /home/pierres/COURS/slamnav/install/nav2_amcl/share/nav2_amcl/cmake/nav2_amclConfig-version.cmake
[1.095s] -- Up-to-date symlink: /home/pierres/COURS/slamnav/install/nav2_amcl/share/nav2_amcl/package.xml
[1.097s] Invoked command in '/home/pierres/COURS/slamnav/build/nav2_amcl' returned '0': AMENT_PREFIX_PATH=/home/pierres/COURS/slamnav/install/nav2_util:/home/pierres/COURS/slamnav/install/nav2_msgs:/home/pierres/COURS/slamnav/install/nav2_common:${AMENT_PREFIX_PATH} CMAKE_PREFIX_PATH=/home/pierres/COURS/slamnav/install/nav2_util:/home/pierres/COURS/slamnav/install/nav2_msgs:/home/pierres/COURS/slamnav/install/nav2_common:/home/pierres/COURS/slamnav/install/slam_toolbox:/opt/ros/humble:/home/pierres/COURS/slamnav/install/slamnav_turtlebot LD_LIBRARY_PATH=/home/pierres/COURS/slamnav/install/nav2_util/lib:/home/pierres/COURS/slamnav/install/nav2_msgs/lib:${LD_LIBRARY_PATH} PYTHONPATH=/home/pierres/COURS/slamnav/install/nav2_msgs/local/lib/python3.10/dist-packages:/home/pierres/COURS/slamnav/install/nav2_common/local/lib/python3.10/dist-packages:${PYTHONPATH} /usr/bin/cmake --install /home/pierres/COURS/slamnav/build/nav2_amcl
