[0.022s] Invoking command in '/home/pierres/COURS/slamnav/build/nav_2d_utils': AMENT_PREFIX_PATH=/home/pierres/COURS/slamnav/install/nav2_util:/home/pierres/COURS/slamnav/install/nav2_msgs:/home/pierres/COURS/slamnav/install/nav_2d_msgs:/home/pierres/COURS/slamnav/install/nav2_common:${AMENT_PREFIX_PATH} CMAKE_PREFIX_PATH=/home/pierres/COURS/slamnav/install/nav2_util:/home/pierres/COURS/slamnav/install/nav2_msgs:/home/pierres/COURS/slamnav/install/nav_2d_msgs:/home/pierres/COURS/slamnav/install/nav2_common:/opt/ros/humble:/home/pierres/COURS/slamnav/install/slamnav_turtlebot LD_LIBRARY_PATH=/home/pierres/COURS/slamnav/install/nav2_util/lib:/home/pierres/COURS/slamnav/install/nav2_msgs/lib:/home/pierres/COURS/slamnav/install/nav_2d_msgs/lib:${LD_LIBRARY_PATH} PYTHONPATH=/home/pierres/COURS/slamnav/install/nav2_msgs/local/lib/python3.10/dist-packages:/home/pierres/COURS/slamnav/install/nav_2d_msgs/local/lib/python3.10/dist-packages:/home/pierres/COURS/slamnav/install/nav2_common/local/lib/python3.10/dist-packages:${PYTHONPATH} /usr/bin/cmake --build /home/pierres/COURS/slamnav/build/nav_2d_utils -- -j16 -l16
[0.088s] [ 12%] Built target gtest
[0.092s] [ 25%] Built target path_ops
[0.092s] [ 37%] Built target gtest_main
[0.095s] [ 50%] Built target conversions
[0.135s] [ 62%] Built target path_ops_tests
[0.140s] [ 75%] Built target tf_help
[0.162s] [ 87%] Built target 2d_utils_tests
[0.179s] [100%] Built target tf_help_tests
[0.198s] Invoked command in '/home/pierres/COURS/slamnav/build/nav_2d_utils' returned '0': AMENT_PREFIX_PATH=/home/pierres/COURS/slamnav/install/nav2_util:/home/pierres/COURS/slamnav/install/nav2_msgs:/home/pierres/COURS/slamnav/install/nav_2d_msgs:/home/pierres/COURS/slamnav/install/nav2_common:${AMENT_PREFIX_PATH} CMAKE_PREFIX_PATH=/home/pierres/COURS/slamnav/install/nav2_util:/home/pierres/COURS/slamnav/install/nav2_msgs:/home/pierres/COURS/slamnav/install/nav_2d_msgs:/home/pierres/COURS/slamnav/install/nav2_common:/opt/ros/humble:/home/pierres/COURS/slamnav/install/slamnav_turtlebot LD_LIBRARY_PATH=/home/pierres/COURS/slamnav/install/nav2_util/lib:/home/pierres/COURS/slamnav/install/nav2_msgs/lib:/home/pierres/COURS/slamnav/install/nav_2d_msgs/lib:${LD_LIBRARY_PATH} PYTHONPATH=/home/pierres/COURS/slamnav/install/nav2_msgs/local/lib/python3.10/dist-packages:/home/pierres/COURS/slamnav/install/nav_2d_msgs/local/lib/python3.10/dist-packages:/home/pierres/COURS/slamnav/install/nav2_common/local/lib/python3.10/dist-packages:${PYTHONPATH} /usr/bin/cmake --build /home/pierres/COURS/slamnav/build/nav_2d_utils -- -j16 -l16
[0.236s] Invoking command in '/home/pierres/COURS/slamnav/build/nav_2d_utils': AMENT_PREFIX_PATH=/home/pierres/COURS/slamnav/install/nav2_util:/home/pierres/COURS/slamnav/install/nav2_msgs:/home/pierres/COURS/slamnav/install/nav_2d_msgs:/home/pierres/COURS/slamnav/install/nav2_common:${AMENT_PREFIX_PATH} CMAKE_PREFIX_PATH=/home/pierres/COURS/slamnav/install/nav2_util:/home/pierres/COURS/slamnav/install/nav2_msgs:/home/pierres/COURS/slamnav/install/nav_2d_msgs:/home/pierres/COURS/slamnav/install/nav2_common:/opt/ros/humble:/home/pierres/COURS/slamnav/install/slamnav_turtlebot LD_LIBRARY_PATH=/home/pierres/COURS/slamnav/install/nav2_util/lib:/home/pierres/COURS/slamnav/install/nav2_msgs/lib:/home/pierres/COURS/slamnav/install/nav_2d_msgs/lib:${LD_LIBRARY_PATH} PYTHONPATH=/home/pierres/COURS/slamnav/install/nav2_msgs/local/lib/python3.10/dist-packages:/home/pierres/COURS/slamnav/install/nav_2d_msgs/local/lib/python3.10/dist-packages:/home/pierres/COURS/slamnav/install/nav2_common/local/lib/python3.10/dist-packages:${PYTHONPATH} /usr/bin/cmake --install /home/pierres/COURS/slamnav/build/nav_2d_utils
[0.242s] -- Install configuration: "Humble"
[0.243s] -- Execute custom install script
[0.243s] -- Up-to-date symlink: /home/pierres/COURS/slamnav/install/nav_2d_utils/lib/libconversions.so
[0.243s] -- Up-to-date symlink: /home/pierres/COURS/slamnav/install/nav_2d_utils/lib/libpath_ops.so
[0.244s] -- Up-to-date symlink: /home/pierres/COURS/slamnav/install/nav_2d_utils/lib/libtf_help.so
[0.244s] -- Up-to-date symlink: /home/pierres/COURS/slamnav/install/nav_2d_utils/include//nav_2d_utils/conversions.hpp
[0.244s] -- Up-to-date symlink: /home/pierres/COURS/slamnav/install/nav_2d_utils/include//nav_2d_utils/odom_subscriber.hpp
[0.253s] -- Up-to-date symlink: /home/pierres/COURS/slamnav/install/nav_2d_utils/include//nav_2d_utils/parameters.hpp
[0.253s] -- Up-to-date symlink: /home/pierres/COURS/slamnav/install/nav_2d_utils/include//nav_2d_utils/path_ops.hpp
[0.253s] -- Up-to-date symlink: /home/pierres/COURS/slamnav/install/nav_2d_utils/include//nav_2d_utils/tf_help.hpp
[0.253s] -- Up-to-date symlink: /home/pierres/COURS/slamnav/install/nav_2d_utils/share/nav_2d_utils/environment/library_path.sh
[0.253s] -- Up-to-date symlink: /home/pierres/COURS/slamnav/install/nav_2d_utils/share/nav_2d_utils/environment/library_path.dsv
[0.253s] -- Up-to-date symlink: /home/pierres/COURS/slamnav/install/nav_2d_utils/share/ament_index/resource_index/package_run_dependencies/nav_2d_utils
[0.253s] -- Up-to-date symlink: /home/pierres/COURS/slamnav/install/nav_2d_utils/share/ament_index/resource_index/parent_prefix_path/nav_2d_utils
[0.253s] -- Up-to-date symlink: /home/pierres/COURS/slamnav/install/nav_2d_utils/share/nav_2d_utils/environment/ament_prefix_path.sh
[0.253s] -- Up-to-date symlink: /home/pierres/COURS/slamnav/install/nav_2d_utils/share/nav_2d_utils/environment/ament_prefix_path.dsv
[0.253s] -- Up-to-date symlink: /home/pierres/COURS/slamnav/install/nav_2d_utils/share/nav_2d_utils/environment/path.sh
[0.253s] -- Up-to-date symlink: /home/pierres/COURS/slamnav/install/nav_2d_utils/share/nav_2d_utils/environment/path.dsv
[0.253s] -- Up-to-date symlink: /home/pierres/COURS/slamnav/install/nav_2d_utils/share/nav_2d_utils/local_setup.bash
[0.254s] -- Up-to-date symlink: /home/pierres/COURS/slamnav/install/nav_2d_utils/share/nav_2d_utils/local_setup.sh
[0.254s] -- Up-to-date symlink: /home/pierres/COURS/slamnav/install/nav_2d_utils/share/nav_2d_utils/local_setup.zsh
[0.254s] -- Up-to-date symlink: /home/pierres/COURS/slamnav/install/nav_2d_utils/share/nav_2d_utils/local_setup.dsv
[0.254s] -- Symlinking: /home/pierres/COURS/slamnav/install/nav_2d_utils/share/nav_2d_utils/package.dsv
[0.255s] -- Up-to-date symlink: /home/pierres/COURS/slamnav/install/nav_2d_utils/share/ament_index/resource_index/packages/nav_2d_utils
[0.256s] -- Up-to-date symlink: /home/pierres/COURS/slamnav/install/nav_2d_utils/share/nav_2d_utils/cmake/ament_cmake_export_include_directories-extras.cmake
[0.256s] -- Up-to-date symlink: /home/pierres/COURS/slamnav/install/nav_2d_utils/share/nav_2d_utils/cmake/ament_cmake_export_libraries-extras.cmake
[0.256s] -- Up-to-date symlink: /home/pierres/COURS/slamnav/install/nav_2d_utils/share/nav_2d_utils/cmake/ament_cmake_export_dependencies-extras.cmake
[0.256s] -- Up-to-date symlink: /home/pierres/COURS/slamnav/install/nav_2d_utils/share/nav_2d_utils/cmake/nav_2d_utilsConfig.cmake
[0.256s] -- Up-to-date symlink: /home/pierres/COURS/slamnav/install/nav_2d_utils/share/nav_2d_utils/cmake/nav_2d_utilsConfig-version.cmake
[0.256s] -- Up-to-date symlink: /home/pierres/COURS/slamnav/install/nav_2d_utils/share/nav_2d_utils/package.xml
[0.257s] Invoked command in '/home/pierres/COURS/slamnav/build/nav_2d_utils' returned '0': AMENT_PREFIX_PATH=/home/pierres/COURS/slamnav/install/nav2_util:/home/pierres/COURS/slamnav/install/nav2_msgs:/home/pierres/COURS/slamnav/install/nav_2d_msgs:/home/pierres/COURS/slamnav/install/nav2_common:${AMENT_PREFIX_PATH} CMAKE_PREFIX_PATH=/home/pierres/COURS/slamnav/install/nav2_util:/home/pierres/COURS/slamnav/install/nav2_msgs:/home/pierres/COURS/slamnav/install/nav_2d_msgs:/home/pierres/COURS/slamnav/install/nav2_common:/opt/ros/humble:/home/pierres/COURS/slamnav/install/slamnav_turtlebot LD_LIBRARY_PATH=/home/pierres/COURS/slamnav/install/nav2_util/lib:/home/pierres/COURS/slamnav/install/nav2_msgs/lib:/home/pierres/COURS/slamnav/install/nav_2d_msgs/lib:${LD_LIBRARY_PATH} PYTHONPATH=/home/pierres/COURS/slamnav/install/nav2_msgs/local/lib/python3.10/dist-packages:/home/pierres/COURS/slamnav/install/nav_2d_msgs/local/lib/python3.10/dist-packages:/home/pierres/COURS/slamnav/install/nav2_common/local/lib/python3.10/dist-packages:${PYTHONPATH} /usr/bin/cmake --install /home/pierres/COURS/slamnav/build/nav_2d_utils
