[0.029s] Invoking command in '/home/pierres/COURS/slamnav/build/dwb_msgs': AMENT_PREFIX_PATH=/home/pierres/COURS/slamnav/install/nav_2d_msgs:${AMENT_PREFIX_PATH} CMAKE_PREFIX_PATH=/home/pierres/COURS/slamnav/install/nav_2d_msgs:/home/pierres/COURS/slamnav/install/slam_toolbox:/opt/ros/humble:/home/pierres/COURS/slamnav/install/slamnav_turtlebot LD_LIBRARY_PATH=/home/pierres/COURS/slamnav/install/nav_2d_msgs/lib:${LD_LIBRARY_PATH} PYTHONPATH=/home/pierres/COURS/slamnav/install/nav_2d_msgs/local/lib/python3.10/dist-packages:${PYTHONPATH} /usr/bin/cmake /home/pierres/COURS/slamnav/src/navigation2/nav2_dwb_controller/dwb_msgs -DCMAKE_BUILD_TYPE=Humble -DAMENT_CMAKE_SYMLINK_INSTALL=1 -DCMAKE_INSTALL_PREFIX=/home/pierres/COURS/slamnav/install/dwb_msgs
[0.050s] -- Found builtin_interfaces: 1.2.1 (/opt/ros/humble/share/builtin_interfaces/cmake)
[0.317s] -- Override CMake install command with custom implementation using symlinks instead of copying resources
[0.374s] -- Found rosidl_generator_c: 3.1.5 (/opt/ros/humble/share/rosidl_generator_c/cmake)
[0.381s] -- Found rosidl_adapter: 3.1.5 (/opt/ros/humble/share/rosidl_adapter/cmake)
[0.387s] -- Found rosidl_generator_cpp: 3.1.5 (/opt/ros/humble/share/rosidl_generator_cpp/cmake)
[0.401s] -- Using all available rosidl_typesupport_c: rosidl_typesupport_fastrtps_c;rosidl_typesupport_introspection_c
[0.429s] -- Using all available rosidl_typesupport_cpp: rosidl_typesupport_fastrtps_cpp;rosidl_typesupport_introspection_cpp
[0.448s] -- Found geometry_msgs: 4.2.4 (/opt/ros/humble/share/geometry_msgs/cmake)
[0.485s] -- Found nav_2d_msgs: 1.1.16 (/home/pierres/COURS/slamnav/install/nav_2d_msgs/share/nav_2d_msgs/cmake)
[0.508s] -- Found nav_msgs: 4.2.4 (/opt/ros/humble/share/nav_msgs/cmake)
[0.543s] -- Found rosidl_default_generators: 1.2.0 (/opt/ros/humble/share/rosidl_default_generators/cmake)
[1.240s] -- Found ament_cmake_ros: 0.10.0 (/opt/ros/humble/share/ament_cmake_ros/cmake)
[2.242s] -- Using all available rosidl_typesupport_c: rosidl_typesupport_fastrtps_c;rosidl_typesupport_introspection_c
[2.628s] -- Using all available rosidl_typesupport_cpp: rosidl_typesupport_fastrtps_cpp;rosidl_typesupport_introspection_cpp
[2.698s] -- Found python_cmake_module: 0.10.0 (/opt/ros/humble/share/python_cmake_module/cmake)
[2.780s] -- Using PYTHON_EXECUTABLE: /usr/bin/python3
[2.780s] -- Using PYTHON_INCLUDE_DIRS: /usr/include/python3.10
[2.780s] -- Using PYTHON_LIBRARIES: /usr/lib/x86_64-linux-gnu/libpython3.10.so
[2.953s] -- Configuring done
[3.112s] -- Generating done
[3.131s] -- Build files have been written to: /home/pierres/COURS/slamnav/build/dwb_msgs
[3.151s] Invoked command in '/home/pierres/COURS/slamnav/build/dwb_msgs' returned '0': AMENT_PREFIX_PATH=/home/pierres/COURS/slamnav/install/nav_2d_msgs:${AMENT_PREFIX_PATH} CMAKE_PREFIX_PATH=/home/pierres/COURS/slamnav/install/nav_2d_msgs:/home/pierres/COURS/slamnav/install/slam_toolbox:/opt/ros/humble:/home/pierres/COURS/slamnav/install/slamnav_turtlebot LD_LIBRARY_PATH=/home/pierres/COURS/slamnav/install/nav_2d_msgs/lib:${LD_LIBRARY_PATH} PYTHONPATH=/home/pierres/COURS/slamnav/install/nav_2d_msgs/local/lib/python3.10/dist-packages:${PYTHONPATH} /usr/bin/cmake /home/pierres/COURS/slamnav/src/navigation2/nav2_dwb_controller/dwb_msgs -DCMAKE_BUILD_TYPE=Humble -DAMENT_CMAKE_SYMLINK_INSTALL=1 -DCMAKE_INSTALL_PREFIX=/home/pierres/COURS/slamnav/install/dwb_msgs
[3.151s] Invoking command in '/home/pierres/COURS/slamnav/build/dwb_msgs': AMENT_PREFIX_PATH=/home/pierres/COURS/slamnav/install/nav_2d_msgs:${AMENT_PREFIX_PATH} CMAKE_PREFIX_PATH=/home/pierres/COURS/slamnav/install/nav_2d_msgs:/home/pierres/COURS/slamnav/install/slam_toolbox:/opt/ros/humble:/home/pierres/COURS/slamnav/install/slamnav_turtlebot LD_LIBRARY_PATH=/home/pierres/COURS/slamnav/install/nav_2d_msgs/lib:${LD_LIBRARY_PATH} PYTHONPATH=/home/pierres/COURS/slamnav/install/nav_2d_msgs/local/lib/python3.10/dist-packages:${PYTHONPATH} /usr/bin/cmake --build /home/pierres/COURS/slamnav/build/dwb_msgs -- -j16 -l16
[3.251s] [35m[1mConsolidate compiler generated dependencies of target dwb_msgs__rosidl_generator_c[0m
[3.274s] [  1%] Built target dwb_msgs__cpp
[3.296s] [  2%] Built target ament_cmake_python_symlink_dwb_msgs
[3.296s] [  2%] [32mBuilding C object CMakeFiles/dwb_msgs__rosidl_generator_c.dir/rosidl_generator_c/dwb_msgs/msg/detail/critic_score__functions.c.o[0m
[3.297s] [  3%] [32mBuilding C object CMakeFiles/dwb_msgs__rosidl_generator_c.dir/rosidl_generator_c/dwb_msgs/msg/detail/local_plan_evaluation__functions.c.o[0m
[3.304s] [  4%] [32mBuilding C object CMakeFiles/dwb_msgs__rosidl_generator_c.dir/rosidl_generator_c/dwb_msgs/msg/detail/trajectory2_d__functions.c.o[0m
[3.305s] [  5%] [32mBuilding C object CMakeFiles/dwb_msgs__rosidl_generator_c.dir/rosidl_generator_c/dwb_msgs/msg/detail/trajectory_score__functions.c.o[0m
[3.309s] [35m[1mConsolidate compiler generated dependencies of target dwb_msgs__rosidl_typesupport_cpp[0m
[3.309s] [  6%] [32mBuilding C object CMakeFiles/dwb_msgs__rosidl_generator_c.dir/rosidl_generator_c/dwb_msgs/srv/detail/get_critic_score__functions.c.o[0m
[3.309s] [  7%] [32mBuilding C object CMakeFiles/dwb_msgs__rosidl_generator_c.dir/rosidl_generator_c/dwb_msgs/srv/detail/generate_trajectory__functions.c.o[0m
[3.312s] [  8%] [32mBuilding C object CMakeFiles/dwb_msgs__rosidl_generator_c.dir/rosidl_generator_c/dwb_msgs/srv/detail/generate_twists__functions.c.o[0m
[3.313s] [  9%] [32mBuilding C object CMakeFiles/dwb_msgs__rosidl_generator_c.dir/rosidl_generator_c/dwb_msgs/srv/detail/score_trajectory__functions.c.o[0m
[3.316s] [35m[1mConsolidate compiler generated dependencies of target dwb_msgs__rosidl_typesupport_introspection_cpp[0m
[3.321s] [35m[1mConsolidate compiler generated dependencies of target dwb_msgs__rosidl_typesupport_fastrtps_cpp[0m
[3.322s] [ 10%] [32mBuilding C object CMakeFiles/dwb_msgs__rosidl_generator_c.dir/rosidl_generator_c/dwb_msgs/srv/detail/debug_local_plan__functions.c.o[0m
[3.364s] [ 11%] [32mBuilding CXX object CMakeFiles/dwb_msgs__rosidl_typesupport_introspection_cpp.dir/rosidl_typesupport_introspection_cpp/dwb_msgs/msg/detail/critic_score__type_support.cpp.o[0m
[3.365s] [ 12%] [32mBuilding CXX object CMakeFiles/dwb_msgs__rosidl_typesupport_cpp.dir/rosidl_typesupport_cpp/dwb_msgs/msg/critic_score__type_support.cpp.o[0m
[3.365s] [ 13%] [32mBuilding CXX object CMakeFiles/dwb_msgs__rosidl_typesupport_fastrtps_cpp.dir/rosidl_typesupport_fastrtps_cpp/dwb_msgs/msg/detail/dds_fastrtps/critic_score__type_support.cpp.o[0m
[3.373s] [ 15%] [32mBuilding CXX object CMakeFiles/dwb_msgs__rosidl_typesupport_introspection_cpp.dir/rosidl_typesupport_introspection_cpp/dwb_msgs/msg/detail/local_plan_evaluation__type_support.cpp.o[0m
[3.380s] [ 15%] [32mBuilding CXX object CMakeFiles/dwb_msgs__rosidl_typesupport_introspection_cpp.dir/rosidl_typesupport_introspection_cpp/dwb_msgs/msg/detail/trajectory_score__type_support.cpp.o[0m
[3.385s] [ 16%] [32mBuilding CXX object CMakeFiles/dwb_msgs__rosidl_typesupport_introspection_cpp.dir/rosidl_typesupport_introspection_cpp/dwb_msgs/msg/detail/trajectory2_d__type_support.cpp.o[0m
[3.448s] [ 17%] [32mBuilding CXX object CMakeFiles/dwb_msgs__rosidl_typesupport_cpp.dir/rosidl_typesupport_cpp/dwb_msgs/msg/local_plan_evaluation__type_support.cpp.o[0m
[3.480s] [ 18%] [32mBuilding CXX object CMakeFiles/dwb_msgs__rosidl_typesupport_cpp.dir/rosidl_typesupport_cpp/dwb_msgs/msg/trajectory2_d__type_support.cpp.o[0m
[3.481s] [ 20%] [32mBuilding CXX object CMakeFiles/dwb_msgs__rosidl_typesupport_fastrtps_cpp.dir/rosidl_typesupport_fastrtps_cpp/dwb_msgs/msg/detail/dds_fastrtps/local_plan_evaluation__type_support.cpp.o[0m
[3.481s] [ 21%] [32mBuilding CXX object CMakeFiles/dwb_msgs__rosidl_typesupport_introspection_cpp.dir/rosidl_typesupport_introspection_cpp/dwb_msgs/srv/detail/debug_local_plan__type_support.cpp.o[0m
[3.488s] [ 22%] [32mBuilding CXX object CMakeFiles/dwb_msgs__rosidl_typesupport_cpp.dir/rosidl_typesupport_cpp/dwb_msgs/msg/trajectory_score__type_support.cpp.o[0m
[3.517s] [ 23%] [32mBuilding CXX object CMakeFiles/dwb_msgs__rosidl_typesupport_fastrtps_cpp.dir/rosidl_typesupport_fastrtps_cpp/dwb_msgs/msg/detail/dds_fastrtps/trajectory2_d__type_support.cpp.o[0m
[3.520s] [ 24%] [32mBuilding CXX object CMakeFiles/dwb_msgs__rosidl_typesupport_introspection_cpp.dir/rosidl_typesupport_introspection_cpp/dwb_msgs/srv/detail/generate_trajectory__type_support.cpp.o[0m
[3.545s] [ 25%] [32mBuilding CXX object CMakeFiles/dwb_msgs__rosidl_typesupport_introspection_cpp.dir/rosidl_typesupport_introspection_cpp/dwb_msgs/srv/detail/generate_twists__type_support.cpp.o[0m
[3.589s] [ 26%] [32m[1mLinking C shared library libdwb_msgs__rosidl_generator_c.so[0m
[3.728s] [ 27%] Built target dwb_msgs__rosidl_generator_c
[3.785s] [35m[1mConsolidate compiler generated dependencies of target dwb_msgs__rosidl_typesupport_fastrtps_c[0m
[3.836s] [ 28%] [32mBuilding CXX object CMakeFiles/dwb_msgs__rosidl_typesupport_fastrtps_c.dir/rosidl_typesupport_fastrtps_c/dwb_msgs/msg/detail/critic_score__type_support_c.cpp.o[0m
[4.098s] [ 29%] [32mBuilding CXX object CMakeFiles/dwb_msgs__rosidl_typesupport_fastrtps_c.dir/rosidl_typesupport_fastrtps_c/dwb_msgs/msg/detail/local_plan_evaluation__type_support_c.cpp.o[0m
[4.306s] [35m[1mConsolidate compiler generated dependencies of target dwb_msgs__rosidl_typesupport_introspection_c[0m
[4.333s] [ 30%] [32mBuilding CXX object CMakeFiles/dwb_msgs__rosidl_typesupport_fastrtps_c.dir/rosidl_typesupport_fastrtps_c/dwb_msgs/msg/detail/trajectory2_d__type_support_c.cpp.o[0m
[4.355s] [ 31%] [32mBuilding C object CMakeFiles/dwb_msgs__rosidl_typesupport_introspection_c.dir/rosidl_typesupport_introspection_c/dwb_msgs/msg/detail/critic_score__type_support.c.o[0m
[4.411s] running egg_info
[4.420s] writing dwb_msgs.egg-info/PKG-INFO
[4.421s] writing dependency_links to dwb_msgs.egg-info/dependency_links.txt
[4.421s] writing top-level names to dwb_msgs.egg-info/top_level.txt
[4.429s] [ 32%] [32mBuilding C object CMakeFiles/dwb_msgs__rosidl_typesupport_introspection_c.dir/rosidl_typesupport_introspection_c/dwb_msgs/msg/detail/local_plan_evaluation__type_support.c.o[0m
[4.431s] reading manifest file 'dwb_msgs.egg-info/SOURCES.txt'
[4.432s] writing manifest file 'dwb_msgs.egg-info/SOURCES.txt'
[4.461s] [ 33%] [32mBuilding C object CMakeFiles/dwb_msgs__rosidl_typesupport_introspection_c.dir/rosidl_typesupport_introspection_c/dwb_msgs/msg/detail/trajectory2_d__type_support.c.o[0m
[4.495s] [ 34%] [32mBuilding C object CMakeFiles/dwb_msgs__rosidl_typesupport_introspection_c.dir/rosidl_typesupport_introspection_c/dwb_msgs/msg/detail/trajectory_score__type_support.c.o[0m
[4.557s] [ 34%] Built target ament_cmake_python_build_dwb_msgs_egg
[4.572s] [ 35%] [32mBuilding CXX object CMakeFiles/dwb_msgs__rosidl_typesupport_cpp.dir/rosidl_typesupport_cpp/dwb_msgs/srv/debug_local_plan__type_support.cpp.o[0m
[4.573s] [35m[1mConsolidate compiler generated dependencies of target dwb_msgs__rosidl_typesupport_c[0m
[4.582s] [ 36%] [32mBuilding CXX object CMakeFiles/dwb_msgs__rosidl_typesupport_cpp.dir/rosidl_typesupport_cpp/dwb_msgs/srv/generate_trajectory__type_support.cpp.o[0m
[4.595s] [ 37%] [32mBuilding C object CMakeFiles/dwb_msgs__rosidl_typesupport_introspection_c.dir/rosidl_typesupport_introspection_c/dwb_msgs/srv/detail/debug_local_plan__type_support.c.o[0m
[4.614s] [ 38%] [32mBuilding CXX object CMakeFiles/dwb_msgs__rosidl_typesupport_fastrtps_cpp.dir/rosidl_typesupport_fastrtps_cpp/dwb_msgs/msg/detail/dds_fastrtps/trajectory_score__type_support.cpp.o[0m
[4.622s] [ 40%] [32mBuilding CXX object CMakeFiles/dwb_msgs__rosidl_typesupport_c.dir/rosidl_typesupport_c/dwb_msgs/msg/critic_score__type_support.cpp.o[0m
[4.627s] [ 41%] [32mBuilding CXX object CMakeFiles/dwb_msgs__rosidl_typesupport_fastrtps_cpp.dir/rosidl_typesupport_fastrtps_cpp/dwb_msgs/srv/detail/dds_fastrtps/debug_local_plan__type_support.cpp.o[0m
[4.664s] [ 42%] [32mBuilding CXX object CMakeFiles/dwb_msgs__rosidl_typesupport_introspection_cpp.dir/rosidl_typesupport_introspection_cpp/dwb_msgs/srv/detail/get_critic_score__type_support.cpp.o[0m
[4.697s] [ 43%] [32mBuilding C object CMakeFiles/dwb_msgs__rosidl_typesupport_introspection_c.dir/rosidl_typesupport_introspection_c/dwb_msgs/srv/detail/generate_trajectory__type_support.c.o[0m
[4.750s] [ 44%] [32mBuilding CXX object CMakeFiles/dwb_msgs__rosidl_typesupport_c.dir/rosidl_typesupport_c/dwb_msgs/msg/local_plan_evaluation__type_support.cpp.o[0m
[4.833s] [ 45%] [32mBuilding CXX object CMakeFiles/dwb_msgs__rosidl_typesupport_c.dir/rosidl_typesupport_c/dwb_msgs/msg/trajectory2_d__type_support.cpp.o[0m
[4.845s] [ 46%] [32mBuilding CXX object CMakeFiles/dwb_msgs__rosidl_typesupport_cpp.dir/rosidl_typesupport_cpp/dwb_msgs/srv/generate_twists__type_support.cpp.o[0m
[4.851s] [ 47%] [32mBuilding CXX object CMakeFiles/dwb_msgs__rosidl_typesupport_introspection_cpp.dir/rosidl_typesupport_introspection_cpp/dwb_msgs/srv/detail/score_trajectory__type_support.cpp.o[0m
[4.874s] [ 48%] [32mBuilding C object CMakeFiles/dwb_msgs__rosidl_typesupport_introspection_c.dir/rosidl_typesupport_introspection_c/dwb_msgs/srv/detail/generate_twists__type_support.c.o[0m
[4.935s] [ 49%] [32mBuilding CXX object CMakeFiles/dwb_msgs__rosidl_typesupport_cpp.dir/rosidl_typesupport_cpp/dwb_msgs/srv/get_critic_score__type_support.cpp.o[0m
[4.935s] [ 50%] [32mBuilding CXX object CMakeFiles/dwb_msgs__rosidl_typesupport_c.dir/rosidl_typesupport_c/dwb_msgs/msg/trajectory_score__type_support.cpp.o[0m
[4.963s] [ 51%] [32mBuilding CXX object CMakeFiles/dwb_msgs__rosidl_typesupport_c.dir/rosidl_typesupport_c/dwb_msgs/srv/debug_local_plan__type_support.cpp.o[0m
[4.972s] [ 52%] [32mBuilding CXX object CMakeFiles/dwb_msgs__rosidl_typesupport_cpp.dir/rosidl_typesupport_cpp/dwb_msgs/srv/score_trajectory__type_support.cpp.o[0m
[4.993s] [ 53%] [32mBuilding C object CMakeFiles/dwb_msgs__rosidl_typesupport_introspection_c.dir/rosidl_typesupport_introspection_c/dwb_msgs/srv/detail/get_critic_score__type_support.c.o[0m
[5.005s] [ 54%] [32mBuilding C object CMakeFiles/dwb_msgs__rosidl_typesupport_introspection_c.dir/rosidl_typesupport_introspection_c/dwb_msgs/srv/detail/score_trajectory__type_support.c.o[0m
[5.030s] [ 55%] [32mBuilding CXX object CMakeFiles/dwb_msgs__rosidl_typesupport_fastrtps_c.dir/rosidl_typesupport_fastrtps_c/dwb_msgs/msg/detail/trajectory_score__type_support_c.cpp.o[0m
[5.057s] [ 56%] [32mBuilding CXX object CMakeFiles/dwb_msgs__rosidl_typesupport_fastrtps_c.dir/rosidl_typesupport_fastrtps_c/dwb_msgs/srv/detail/debug_local_plan__type_support_c.cpp.o[0m
[5.058s] [ 57%] [32mBuilding CXX object CMakeFiles/dwb_msgs__rosidl_typesupport_c.dir/rosidl_typesupport_c/dwb_msgs/srv/generate_trajectory__type_support.cpp.o[0m
[5.106s] [ 58%] [32mBuilding CXX object CMakeFiles/dwb_msgs__rosidl_typesupport_fastrtps_cpp.dir/rosidl_typesupport_fastrtps_cpp/dwb_msgs/srv/detail/dds_fastrtps/generate_trajectory__type_support.cpp.o[0m
[5.129s] [ 60%] [32m[1mLinking C shared library libdwb_msgs__rosidl_typesupport_introspection_c.so[0m
[5.137s] [ 61%] [32mBuilding CXX object CMakeFiles/dwb_msgs__rosidl_typesupport_c.dir/rosidl_typesupport_c/dwb_msgs/srv/generate_twists__type_support.cpp.o[0m
[5.211s] [ 62%] [32mBuilding CXX object CMakeFiles/dwb_msgs__rosidl_typesupport_c.dir/rosidl_typesupport_c/dwb_msgs/srv/get_critic_score__type_support.cpp.o[0m
[5.227s] [ 63%] [32mBuilding CXX object CMakeFiles/dwb_msgs__rosidl_typesupport_c.dir/rosidl_typesupport_c/dwb_msgs/srv/score_trajectory__type_support.cpp.o[0m
[5.252s] [ 64%] Built target dwb_msgs__rosidl_typesupport_introspection_c
[5.275s] [ 65%] [32mBuilding CXX object CMakeFiles/dwb_msgs__rosidl_typesupport_fastrtps_c.dir/rosidl_typesupport_fastrtps_c/dwb_msgs/srv/detail/generate_trajectory__type_support_c.cpp.o[0m
[5.297s] [ 66%] [32mBuilding CXX object CMakeFiles/dwb_msgs__rosidl_typesupport_fastrtps_cpp.dir/rosidl_typesupport_fastrtps_cpp/dwb_msgs/srv/detail/dds_fastrtps/generate_twists__type_support.cpp.o[0m
[5.308s] [ 67%] [32mBuilding CXX object CMakeFiles/dwb_msgs__rosidl_typesupport_fastrtps_cpp.dir/rosidl_typesupport_fastrtps_cpp/dwb_msgs/srv/detail/dds_fastrtps/get_critic_score__type_support.cpp.o[0m
[5.338s] [ 68%] [32m[1mLinking CXX shared library libdwb_msgs__rosidl_typesupport_c.so[0m
[5.404s] [ 69%] [32mBuilding CXX object CMakeFiles/dwb_msgs__rosidl_typesupport_fastrtps_cpp.dir/rosidl_typesupport_fastrtps_cpp/dwb_msgs/srv/detail/dds_fastrtps/score_trajectory__type_support.cpp.o[0m
[5.429s] [ 70%] [32mBuilding CXX object CMakeFiles/dwb_msgs__rosidl_typesupport_fastrtps_c.dir/rosidl_typesupport_fastrtps_c/dwb_msgs/srv/detail/generate_twists__type_support_c.cpp.o[0m
[5.439s] [ 71%] [32mBuilding CXX object CMakeFiles/dwb_msgs__rosidl_typesupport_fastrtps_c.dir/rosidl_typesupport_fastrtps_c/dwb_msgs/srv/detail/get_critic_score__type_support_c.cpp.o[0m
[5.464s] [ 72%] Built target dwb_msgs__rosidl_typesupport_c
[5.467s] [ 73%] [32mBuilding CXX object CMakeFiles/dwb_msgs__rosidl_typesupport_fastrtps_c.dir/rosidl_typesupport_fastrtps_c/dwb_msgs/srv/detail/score_trajectory__type_support_c.cpp.o[0m
[5.655s] [ 74%] [32m[1mLinking CXX shared library libdwb_msgs__rosidl_typesupport_cpp.so[0m
[5.736s] [ 75%] Built target dwb_msgs__rosidl_typesupport_cpp
[5.970s] [ 77%] [32m[1mLinking CXX shared library libdwb_msgs__rosidl_typesupport_introspection_cpp.so[0m
[5.970s] [ 77%] [32m[1mLinking CXX shared library libdwb_msgs__rosidl_typesupport_fastrtps_cpp.so[0m
[6.036s] [ 78%] [32m[1mLinking CXX shared library libdwb_msgs__rosidl_typesupport_fastrtps_c.so[0m
[6.046s] [ 80%] Built target dwb_msgs__rosidl_typesupport_introspection_cpp
[6.057s] [ 81%] Built target dwb_msgs__rosidl_typesupport_fastrtps_cpp
[6.107s] [ 82%] Built target dwb_msgs__rosidl_typesupport_fastrtps_c
[6.130s] [ 82%] Built target dwb_msgs
[6.155s] [ 83%] Built target dwb_msgs__py
[6.192s] [35m[1mConsolidate compiler generated dependencies of target dwb_msgs__rosidl_generator_py[0m
[6.273s] [ 84%] [32mBuilding C object CMakeFiles/dwb_msgs__rosidl_generator_py.dir/rosidl_generator_py/dwb_msgs/msg/_critic_score_s.c.o[0m
[6.278s] [ 86%] [32mBuilding C object CMakeFiles/dwb_msgs__rosidl_generator_py.dir/rosidl_generator_py/dwb_msgs/srv/_debug_local_plan_s.c.o[0m
[6.278s] [ 87%] [32mBuilding C object CMakeFiles/dwb_msgs__rosidl_generator_py.dir/rosidl_generator_py/dwb_msgs/srv/_generate_trajectory_s.c.o[0m
[6.279s] [ 88%] [32mBuilding C object CMakeFiles/dwb_msgs__rosidl_generator_py.dir/rosidl_generator_py/dwb_msgs/msg/_trajectory2_d_s.c.o[0m
[6.279s] [ 89%] [32mBuilding C object CMakeFiles/dwb_msgs__rosidl_generator_py.dir/rosidl_generator_py/dwb_msgs/srv/_generate_twists_s.c.o[0m
[6.279s] [ 89%] [32mBuilding C object CMakeFiles/dwb_msgs__rosidl_generator_py.dir/rosidl_generator_py/dwb_msgs/msg/_local_plan_evaluation_s.c.o[0m
[6.287s] [ 90%] [32mBuilding C object CMakeFiles/dwb_msgs__rosidl_generator_py.dir/rosidl_generator_py/dwb_msgs/srv/_get_critic_score_s.c.o[0m
[6.288s] [ 91%] [32mBuilding C object CMakeFiles/dwb_msgs__rosidl_generator_py.dir/rosidl_generator_py/dwb_msgs/msg/_trajectory_score_s.c.o[0m
[6.289s] [ 92%] [32mBuilding C object CMakeFiles/dwb_msgs__rosidl_generator_py.dir/rosidl_generator_py/dwb_msgs/srv/_score_trajectory_s.c.o[0m
[6.523s] [ 93%] [32m[1mLinking C shared library rosidl_generator_py/dwb_msgs/libdwb_msgs__rosidl_generator_py.so[0m
[6.566s] [ 93%] Built target dwb_msgs__rosidl_generator_py
[6.575s] [35m[1mConsolidate compiler generated dependencies of target dwb_msgs__rosidl_typesupport_introspection_c__pyext[0m
[6.578s] [35m[1mConsolidate compiler generated dependencies of target dwb_msgs__rosidl_typesupport_fastrtps_c__pyext[0m
[6.579s] [35m[1mConsolidate compiler generated dependencies of target dwb_msgs__rosidl_typesupport_c__pyext[0m
[6.589s] [ 94%] [32mBuilding C object CMakeFiles/dwb_msgs__rosidl_typesupport_fastrtps_c__pyext.dir/rosidl_generator_py/dwb_msgs/_dwb_msgs_s.ep.rosidl_typesupport_fastrtps_c.c.o[0m
[6.589s] [ 95%] [32mBuilding C object CMakeFiles/dwb_msgs__rosidl_typesupport_introspection_c__pyext.dir/rosidl_generator_py/dwb_msgs/_dwb_msgs_s.ep.rosidl_typesupport_introspection_c.c.o[0m
[6.594s] [ 96%] [32mBuilding C object CMakeFiles/dwb_msgs__rosidl_typesupport_c__pyext.dir/rosidl_generator_py/dwb_msgs/_dwb_msgs_s.ep.rosidl_typesupport_c.c.o[0m
[6.689s] [ 97%] [32m[1mLinking C shared library rosidl_generator_py/dwb_msgs/dwb_msgs_s__rosidl_typesupport_introspection_c.cpython-310-x86_64-linux-gnu.so[0m
[6.689s] [ 98%] [32m[1mLinking C shared library rosidl_generator_py/dwb_msgs/dwb_msgs_s__rosidl_typesupport_fastrtps_c.cpython-310-x86_64-linux-gnu.so[0m
[6.732s] [ 98%] Built target dwb_msgs__rosidl_typesupport_introspection_c__pyext
[6.743s] [ 98%] Built target dwb_msgs__rosidl_typesupport_fastrtps_c__pyext
[6.769s] [100%] [32m[1mLinking C shared library rosidl_generator_py/dwb_msgs/dwb_msgs_s__rosidl_typesupport_c.cpython-310-x86_64-linux-gnu.so[0m
[6.825s] [100%] Built target dwb_msgs__rosidl_typesupport_c__pyext
[6.840s] Invoked command in '/home/pierres/COURS/slamnav/build/dwb_msgs' returned '0': AMENT_PREFIX_PATH=/home/pierres/COURS/slamnav/install/nav_2d_msgs:${AMENT_PREFIX_PATH} CMAKE_PREFIX_PATH=/home/pierres/COURS/slamnav/install/nav_2d_msgs:/home/pierres/COURS/slamnav/install/slam_toolbox:/opt/ros/humble:/home/pierres/COURS/slamnav/install/slamnav_turtlebot LD_LIBRARY_PATH=/home/pierres/COURS/slamnav/install/nav_2d_msgs/lib:${LD_LIBRARY_PATH} PYTHONPATH=/home/pierres/COURS/slamnav/install/nav_2d_msgs/local/lib/python3.10/dist-packages:${PYTHONPATH} /usr/bin/cmake --build /home/pierres/COURS/slamnav/build/dwb_msgs -- -j16 -l16
[7.032s] Invoking command in '/home/pierres/COURS/slamnav/build/dwb_msgs': AMENT_PREFIX_PATH=/home/pierres/COURS/slamnav/install/nav_2d_msgs:${AMENT_PREFIX_PATH} CMAKE_PREFIX_PATH=/home/pierres/COURS/slamnav/install/nav_2d_msgs:/home/pierres/COURS/slamnav/install/slam_toolbox:/opt/ros/humble:/home/pierres/COURS/slamnav/install/slamnav_turtlebot LD_LIBRARY_PATH=/home/pierres/COURS/slamnav/install/nav_2d_msgs/lib:${LD_LIBRARY_PATH} PYTHONPATH=/home/pierres/COURS/slamnav/install/nav_2d_msgs/local/lib/python3.10/dist-packages:${PYTHONPATH} /usr/bin/cmake --install /home/pierres/COURS/slamnav/build/dwb_msgs
[7.038s] -- Install configuration: "Humble"
[7.038s] -- Execute custom install script
[7.039s] -- Up-to-date symlink: /home/pierres/COURS/slamnav/install/dwb_msgs/share/ament_index/resource_index/rosidl_interfaces/dwb_msgs
[7.039s] -- Up-to-date symlink: /home/pierres/COURS/slamnav/install/dwb_msgs/include/dwb_msgs/dwb_msgs/msg/critic_score.h
[7.039s] -- Up-to-date symlink: /home/pierres/COURS/slamnav/install/dwb_msgs/include/dwb_msgs/dwb_msgs/msg/detail/critic_score__functions.h
[7.039s] -- Up-to-date symlink: /home/pierres/COURS/slamnav/install/dwb_msgs/include/dwb_msgs/dwb_msgs/msg/detail/critic_score__struct.h
[7.039s] -- Up-to-date symlink: /home/pierres/COURS/slamnav/install/dwb_msgs/include/dwb_msgs/dwb_msgs/msg/detail/critic_score__type_support.h
[7.039s] -- Up-to-date symlink: /home/pierres/COURS/slamnav/install/dwb_msgs/include/dwb_msgs/dwb_msgs/msg/detail/local_plan_evaluation__functions.h
[7.040s] -- Up-to-date symlink: /home/pierres/COURS/slamnav/install/dwb_msgs/include/dwb_msgs/dwb_msgs/msg/detail/local_plan_evaluation__struct.h
[7.040s] -- Up-to-date symlink: /home/pierres/COURS/slamnav/install/dwb_msgs/include/dwb_msgs/dwb_msgs/msg/detail/local_plan_evaluation__type_support.h
[7.040s] -- Up-to-date symlink: /home/pierres/COURS/slamnav/install/dwb_msgs/include/dwb_msgs/dwb_msgs/msg/detail/trajectory2_d__functions.h
[7.040s] -- Up-to-date symlink: /home/pierres/COURS/slamnav/install/dwb_msgs/include/dwb_msgs/dwb_msgs/msg/detail/trajectory2_d__struct.h
[7.040s] -- Up-to-date symlink: /home/pierres/COURS/slamnav/install/dwb_msgs/include/dwb_msgs/dwb_msgs/msg/detail/trajectory2_d__type_support.h
[7.040s] -- Up-to-date symlink: /home/pierres/COURS/slamnav/install/dwb_msgs/include/dwb_msgs/dwb_msgs/msg/detail/trajectory_score__functions.h
[7.040s] -- Up-to-date symlink: /home/pierres/COURS/slamnav/install/dwb_msgs/include/dwb_msgs/dwb_msgs/msg/detail/trajectory_score__struct.h
[7.040s] -- Up-to-date symlink: /home/pierres/COURS/slamnav/install/dwb_msgs/include/dwb_msgs/dwb_msgs/msg/detail/trajectory_score__type_support.h
[7.040s] -- Up-to-date symlink: /home/pierres/COURS/slamnav/install/dwb_msgs/include/dwb_msgs/dwb_msgs/msg/local_plan_evaluation.h
[7.040s] -- Up-to-date symlink: /home/pierres/COURS/slamnav/install/dwb_msgs/include/dwb_msgs/dwb_msgs/msg/rosidl_generator_c__visibility_control.h
[7.041s] -- Up-to-date symlink: /home/pierres/COURS/slamnav/install/dwb_msgs/include/dwb_msgs/dwb_msgs/msg/trajectory2_d.h
[7.041s] -- Up-to-date symlink: /home/pierres/COURS/slamnav/install/dwb_msgs/include/dwb_msgs/dwb_msgs/msg/trajectory_score.h
[7.041s] -- Up-to-date symlink: /home/pierres/COURS/slamnav/install/dwb_msgs/include/dwb_msgs/dwb_msgs/srv/debug_local_plan.h
[7.041s] -- Up-to-date symlink: /home/pierres/COURS/slamnav/install/dwb_msgs/include/dwb_msgs/dwb_msgs/srv/detail/debug_local_plan__functions.h
[7.041s] -- Up-to-date symlink: /home/pierres/COURS/slamnav/install/dwb_msgs/include/dwb_msgs/dwb_msgs/srv/detail/debug_local_plan__struct.h
[7.041s] -- Up-to-date symlink: /home/pierres/COURS/slamnav/install/dwb_msgs/include/dwb_msgs/dwb_msgs/srv/detail/debug_local_plan__type_support.h
[7.041s] -- Up-to-date symlink: /home/pierres/COURS/slamnav/install/dwb_msgs/include/dwb_msgs/dwb_msgs/srv/detail/generate_trajectory__functions.h
[7.041s] -- Up-to-date symlink: /home/pierres/COURS/slamnav/install/dwb_msgs/include/dwb_msgs/dwb_msgs/srv/detail/generate_trajectory__struct.h
[7.041s] -- Up-to-date symlink: /home/pierres/COURS/slamnav/install/dwb_msgs/include/dwb_msgs/dwb_msgs/srv/detail/generate_trajectory__type_support.h
[7.041s] -- Up-to-date symlink: /home/pierres/COURS/slamnav/install/dwb_msgs/include/dwb_msgs/dwb_msgs/srv/detail/generate_twists__functions.h
[7.041s] -- Up-to-date symlink: /home/pierres/COURS/slamnav/install/dwb_msgs/include/dwb_msgs/dwb_msgs/srv/detail/generate_twists__struct.h
[7.041s] -- Up-to-date symlink: /home/pierres/COURS/slamnav/install/dwb_msgs/include/dwb_msgs/dwb_msgs/srv/detail/generate_twists__type_support.h
[7.042s] -- Up-to-date symlink: /home/pierres/COURS/slamnav/install/dwb_msgs/include/dwb_msgs/dwb_msgs/srv/detail/get_critic_score__functions.h
[7.042s] -- Up-to-date symlink: /home/pierres/COURS/slamnav/install/dwb_msgs/include/dwb_msgs/dwb_msgs/srv/detail/get_critic_score__struct.h
[7.042s] -- Up-to-date symlink: /home/pierres/COURS/slamnav/install/dwb_msgs/include/dwb_msgs/dwb_msgs/srv/detail/get_critic_score__type_support.h
[7.042s] -- Up-to-date symlink: /home/pierres/COURS/slamnav/install/dwb_msgs/include/dwb_msgs/dwb_msgs/srv/detail/score_trajectory__functions.h
[7.042s] -- Up-to-date symlink: /home/pierres/COURS/slamnav/install/dwb_msgs/include/dwb_msgs/dwb_msgs/srv/detail/score_trajectory__struct.h
[7.042s] -- Up-to-date symlink: /home/pierres/COURS/slamnav/install/dwb_msgs/include/dwb_msgs/dwb_msgs/srv/detail/score_trajectory__type_support.h
[7.042s] -- Up-to-date symlink: /home/pierres/COURS/slamnav/install/dwb_msgs/include/dwb_msgs/dwb_msgs/srv/generate_trajectory.h
[7.042s] -- Up-to-date symlink: /home/pierres/COURS/slamnav/install/dwb_msgs/include/dwb_msgs/dwb_msgs/srv/generate_twists.h
[7.042s] -- Up-to-date symlink: /home/pierres/COURS/slamnav/install/dwb_msgs/include/dwb_msgs/dwb_msgs/srv/get_critic_score.h
[7.043s] -- Up-to-date symlink: /home/pierres/COURS/slamnav/install/dwb_msgs/include/dwb_msgs/dwb_msgs/srv/score_trajectory.h
[7.043s] -- Up-to-date symlink: /home/pierres/COURS/slamnav/install/dwb_msgs/share/dwb_msgs/environment/library_path.sh
[7.043s] -- Up-to-date symlink: /home/pierres/COURS/slamnav/install/dwb_msgs/share/dwb_msgs/environment/library_path.dsv
[7.043s] -- Up-to-date symlink: /home/pierres/COURS/slamnav/install/dwb_msgs/include/dwb_msgs/dwb_msgs/msg/detail/critic_score__rosidl_typesupport_fastrtps_c.h
[7.043s] -- Up-to-date symlink: /home/pierres/COURS/slamnav/install/dwb_msgs/include/dwb_msgs/dwb_msgs/msg/detail/local_plan_evaluation__rosidl_typesupport_fastrtps_c.h
[7.043s] -- Up-to-date symlink: /home/pierres/COURS/slamnav/install/dwb_msgs/include/dwb_msgs/dwb_msgs/msg/detail/trajectory2_d__rosidl_typesupport_fastrtps_c.h
[7.043s] -- Up-to-date symlink: /home/pierres/COURS/slamnav/install/dwb_msgs/include/dwb_msgs/dwb_msgs/msg/detail/trajectory_score__rosidl_typesupport_fastrtps_c.h
[7.043s] -- Up-to-date symlink: /home/pierres/COURS/slamnav/install/dwb_msgs/include/dwb_msgs/dwb_msgs/msg/rosidl_typesupport_fastrtps_c__visibility_control.h
[7.043s] -- Up-to-date symlink: /home/pierres/COURS/slamnav/install/dwb_msgs/include/dwb_msgs/dwb_msgs/srv/detail/debug_local_plan__rosidl_typesupport_fastrtps_c.h
[7.043s] -- Up-to-date symlink: /home/pierres/COURS/slamnav/install/dwb_msgs/include/dwb_msgs/dwb_msgs/srv/detail/generate_trajectory__rosidl_typesupport_fastrtps_c.h
[7.043s] -- Up-to-date symlink: /home/pierres/COURS/slamnav/install/dwb_msgs/include/dwb_msgs/dwb_msgs/srv/detail/generate_twists__rosidl_typesupport_fastrtps_c.h
[7.044s] -- Up-to-date symlink: /home/pierres/COURS/slamnav/install/dwb_msgs/include/dwb_msgs/dwb_msgs/srv/detail/get_critic_score__rosidl_typesupport_fastrtps_c.h
[7.044s] -- Up-to-date symlink: /home/pierres/COURS/slamnav/install/dwb_msgs/include/dwb_msgs/dwb_msgs/srv/detail/score_trajectory__rosidl_typesupport_fastrtps_c.h
[7.044s] -- Up-to-date symlink: /home/pierres/COURS/slamnav/install/dwb_msgs/include/dwb_msgs/dwb_msgs/msg/critic_score.hpp
[7.044s] -- Up-to-date symlink: /home/pierres/COURS/slamnav/install/dwb_msgs/include/dwb_msgs/dwb_msgs/msg/detail/critic_score__builder.hpp
[7.044s] -- Up-to-date symlink: /home/pierres/COURS/slamnav/install/dwb_msgs/include/dwb_msgs/dwb_msgs/msg/detail/critic_score__struct.hpp
[7.044s] -- Up-to-date symlink: /home/pierres/COURS/slamnav/install/dwb_msgs/include/dwb_msgs/dwb_msgs/msg/detail/critic_score__traits.hpp
[7.044s] -- Up-to-date symlink: /home/pierres/COURS/slamnav/install/dwb_msgs/include/dwb_msgs/dwb_msgs/msg/detail/local_plan_evaluation__builder.hpp
[7.044s] -- Up-to-date symlink: /home/pierres/COURS/slamnav/install/dwb_msgs/include/dwb_msgs/dwb_msgs/msg/detail/local_plan_evaluation__struct.hpp
[7.044s] -- Up-to-date symlink: /home/pierres/COURS/slamnav/install/dwb_msgs/include/dwb_msgs/dwb_msgs/msg/detail/local_plan_evaluation__traits.hpp
[7.045s] -- Up-to-date symlink: /home/pierres/COURS/slamnav/install/dwb_msgs/include/dwb_msgs/dwb_msgs/msg/detail/trajectory2_d__builder.hpp
[7.045s] -- Up-to-date symlink: /home/pierres/COURS/slamnav/install/dwb_msgs/include/dwb_msgs/dwb_msgs/msg/detail/trajectory2_d__struct.hpp
[7.045s] -- Up-to-date symlink: /home/pierres/COURS/slamnav/install/dwb_msgs/include/dwb_msgs/dwb_msgs/msg/detail/trajectory2_d__traits.hpp
[7.045s] -- Up-to-date symlink: /home/pierres/COURS/slamnav/install/dwb_msgs/include/dwb_msgs/dwb_msgs/msg/detail/trajectory_score__builder.hpp
[7.045s] -- Up-to-date symlink: /home/pierres/COURS/slamnav/install/dwb_msgs/include/dwb_msgs/dwb_msgs/msg/detail/trajectory_score__struct.hpp
[7.045s] -- Up-to-date symlink: /home/pierres/COURS/slamnav/install/dwb_msgs/include/dwb_msgs/dwb_msgs/msg/detail/trajectory_score__traits.hpp
[7.045s] -- Up-to-date symlink: /home/pierres/COURS/slamnav/install/dwb_msgs/include/dwb_msgs/dwb_msgs/msg/local_plan_evaluation.hpp
[7.045s] -- Up-to-date symlink: /home/pierres/COURS/slamnav/install/dwb_msgs/include/dwb_msgs/dwb_msgs/msg/trajectory2_d.hpp
[7.045s] -- Up-to-date symlink: /home/pierres/COURS/slamnav/install/dwb_msgs/include/dwb_msgs/dwb_msgs/msg/trajectory_score.hpp
[7.045s] -- Up-to-date symlink: /home/pierres/COURS/slamnav/install/dwb_msgs/include/dwb_msgs/dwb_msgs/srv/debug_local_plan.hpp
[7.045s] -- Up-to-date symlink: /home/pierres/COURS/slamnav/install/dwb_msgs/include/dwb_msgs/dwb_msgs/srv/detail/debug_local_plan__builder.hpp
[7.045s] -- Up-to-date symlink: /home/pierres/COURS/slamnav/install/dwb_msgs/include/dwb_msgs/dwb_msgs/srv/detail/debug_local_plan__struct.hpp
[7.046s] -- Up-to-date symlink: /home/pierres/COURS/slamnav/install/dwb_msgs/include/dwb_msgs/dwb_msgs/srv/detail/debug_local_plan__traits.hpp
[7.046s] -- Up-to-date symlink: /home/pierres/COURS/slamnav/install/dwb_msgs/include/dwb_msgs/dwb_msgs/srv/detail/generate_trajectory__builder.hpp
[7.046s] -- Up-to-date symlink: /home/pierres/COURS/slamnav/install/dwb_msgs/include/dwb_msgs/dwb_msgs/srv/detail/generate_trajectory__struct.hpp
[7.046s] -- Up-to-date symlink: /home/pierres/COURS/slamnav/install/dwb_msgs/include/dwb_msgs/dwb_msgs/srv/detail/generate_trajectory__traits.hpp
[7.046s] -- Up-to-date symlink: /home/pierres/COURS/slamnav/install/dwb_msgs/include/dwb_msgs/dwb_msgs/srv/detail/generate_twists__builder.hpp
[7.046s] -- Up-to-date symlink: /home/pierres/COURS/slamnav/install/dwb_msgs/include/dwb_msgs/dwb_msgs/srv/detail/generate_twists__struct.hpp
[7.046s] -- Up-to-date symlink: /home/pierres/COURS/slamnav/install/dwb_msgs/include/dwb_msgs/dwb_msgs/srv/detail/generate_twists__traits.hpp
[7.046s] -- Up-to-date symlink: /home/pierres/COURS/slamnav/install/dwb_msgs/include/dwb_msgs/dwb_msgs/srv/detail/get_critic_score__builder.hpp
[7.046s] -- Up-to-date symlink: /home/pierres/COURS/slamnav/install/dwb_msgs/include/dwb_msgs/dwb_msgs/srv/detail/get_critic_score__struct.hpp
[7.046s] -- Up-to-date symlink: /home/pierres/COURS/slamnav/install/dwb_msgs/include/dwb_msgs/dwb_msgs/srv/detail/get_critic_score__traits.hpp
[7.047s] -- Up-to-date symlink: /home/pierres/COURS/slamnav/install/dwb_msgs/include/dwb_msgs/dwb_msgs/srv/detail/score_trajectory__builder.hpp
[7.047s] -- Up-to-date symlink: /home/pierres/COURS/slamnav/install/dwb_msgs/include/dwb_msgs/dwb_msgs/srv/detail/score_trajectory__struct.hpp
[7.047s] -- Up-to-date symlink: /home/pierres/COURS/slamnav/install/dwb_msgs/include/dwb_msgs/dwb_msgs/srv/detail/score_trajectory__traits.hpp
[7.047s] -- Up-to-date symlink: /home/pierres/COURS/slamnav/install/dwb_msgs/include/dwb_msgs/dwb_msgs/srv/generate_trajectory.hpp
[7.047s] -- Up-to-date symlink: /home/pierres/COURS/slamnav/install/dwb_msgs/include/dwb_msgs/dwb_msgs/srv/generate_twists.hpp
[7.047s] -- Up-to-date symlink: /home/pierres/COURS/slamnav/install/dwb_msgs/include/dwb_msgs/dwb_msgs/srv/get_critic_score.hpp
[7.047s] -- Up-to-date symlink: /home/pierres/COURS/slamnav/install/dwb_msgs/include/dwb_msgs/dwb_msgs/srv/score_trajectory.hpp
[7.048s] -- Up-to-date symlink: /home/pierres/COURS/slamnav/install/dwb_msgs/include/dwb_msgs/dwb_msgs/msg/detail/critic_score__rosidl_typesupport_fastrtps_cpp.hpp
[7.048s] -- Up-to-date symlink: /home/pierres/COURS/slamnav/install/dwb_msgs/include/dwb_msgs/dwb_msgs/msg/detail/local_plan_evaluation__rosidl_typesupport_fastrtps_cpp.hpp
[7.049s] -- Up-to-date symlink: /home/pierres/COURS/slamnav/install/dwb_msgs/include/dwb_msgs/dwb_msgs/msg/detail/trajectory2_d__rosidl_typesupport_fastrtps_cpp.hpp
[7.049s] -- Up-to-date symlink: /home/pierres/COURS/slamnav/install/dwb_msgs/include/dwb_msgs/dwb_msgs/msg/detail/trajectory_score__rosidl_typesupport_fastrtps_cpp.hpp
[7.049s] -- Up-to-date symlink: /home/pierres/COURS/slamnav/install/dwb_msgs/include/dwb_msgs/dwb_msgs/msg/rosidl_typesupport_fastrtps_cpp__visibility_control.h
[7.049s] -- Up-to-date symlink: /home/pierres/COURS/slamnav/install/dwb_msgs/include/dwb_msgs/dwb_msgs/srv/detail/debug_local_plan__rosidl_typesupport_fastrtps_cpp.hpp
[7.050s] -- Up-to-date symlink: /home/pierres/COURS/slamnav/install/dwb_msgs/include/dwb_msgs/dwb_msgs/srv/detail/generate_trajectory__rosidl_typesupport_fastrtps_cpp.hpp
[7.050s] -- Up-to-date symlink: /home/pierres/COURS/slamnav/install/dwb_msgs/include/dwb_msgs/dwb_msgs/srv/detail/generate_twists__rosidl_typesupport_fastrtps_cpp.hpp
[7.050s] -- Up-to-date symlink: /home/pierres/COURS/slamnav/install/dwb_msgs/include/dwb_msgs/dwb_msgs/srv/detail/get_critic_score__rosidl_typesupport_fastrtps_cpp.hpp
[7.050s] -- Up-to-date symlink: /home/pierres/COURS/slamnav/install/dwb_msgs/include/dwb_msgs/dwb_msgs/srv/detail/score_trajectory__rosidl_typesupport_fastrtps_cpp.hpp
[7.050s] -- Up-to-date symlink: /home/pierres/COURS/slamnav/install/dwb_msgs/include/dwb_msgs/dwb_msgs/msg/detail/critic_score__rosidl_typesupport_introspection_c.h
[7.051s] -- Up-to-date symlink: /home/pierres/COURS/slamnav/install/dwb_msgs/include/dwb_msgs/dwb_msgs/msg/detail/local_plan_evaluation__rosidl_typesupport_introspection_c.h
[7.051s] -- Up-to-date symlink: /home/pierres/COURS/slamnav/install/dwb_msgs/include/dwb_msgs/dwb_msgs/msg/detail/trajectory2_d__rosidl_typesupport_introspection_c.h
[7.052s] -- Up-to-date symlink: /home/pierres/COURS/slamnav/install/dwb_msgs/include/dwb_msgs/dwb_msgs/msg/detail/trajectory_score__rosidl_typesupport_introspection_c.h
[7.052s] -- Up-to-date symlink: /home/pierres/COURS/slamnav/install/dwb_msgs/include/dwb_msgs/dwb_msgs/msg/rosidl_typesupport_introspection_c__visibility_control.h
[7.052s] -- Up-to-date symlink: /home/pierres/COURS/slamnav/install/dwb_msgs/include/dwb_msgs/dwb_msgs/srv/detail/debug_local_plan__rosidl_typesupport_introspection_c.h
[7.052s] -- Up-to-date symlink: /home/pierres/COURS/slamnav/install/dwb_msgs/include/dwb_msgs/dwb_msgs/srv/detail/generate_trajectory__rosidl_typesupport_introspection_c.h
[7.052s] -- Up-to-date symlink: /home/pierres/COURS/slamnav/install/dwb_msgs/include/dwb_msgs/dwb_msgs/srv/detail/generate_twists__rosidl_typesupport_introspection_c.h
[7.053s] -- Up-to-date symlink: /home/pierres/COURS/slamnav/install/dwb_msgs/include/dwb_msgs/dwb_msgs/srv/detail/get_critic_score__rosidl_typesupport_introspection_c.h
[7.053s] -- Up-to-date symlink: /home/pierres/COURS/slamnav/install/dwb_msgs/include/dwb_msgs/dwb_msgs/srv/detail/score_trajectory__rosidl_typesupport_introspection_c.h
[7.053s] -- Up-to-date symlink: /home/pierres/COURS/slamnav/install/dwb_msgs/include/dwb_msgs/dwb_msgs/msg/detail/critic_score__rosidl_typesupport_introspection_cpp.hpp
[7.053s] -- Up-to-date symlink: /home/pierres/COURS/slamnav/install/dwb_msgs/include/dwb_msgs/dwb_msgs/msg/detail/local_plan_evaluation__rosidl_typesupport_introspection_cpp.hpp
[7.054s] -- Up-to-date symlink: /home/pierres/COURS/slamnav/install/dwb_msgs/include/dwb_msgs/dwb_msgs/msg/detail/trajectory2_d__rosidl_typesupport_introspection_cpp.hpp
[7.054s] -- Up-to-date symlink: /home/pierres/COURS/slamnav/install/dwb_msgs/include/dwb_msgs/dwb_msgs/msg/detail/trajectory_score__rosidl_typesupport_introspection_cpp.hpp
[7.055s] -- Up-to-date symlink: /home/pierres/COURS/slamnav/install/dwb_msgs/include/dwb_msgs/dwb_msgs/srv/detail/debug_local_plan__rosidl_typesupport_introspection_cpp.hpp
[7.055s] -- Up-to-date symlink: /home/pierres/COURS/slamnav/install/dwb_msgs/include/dwb_msgs/dwb_msgs/srv/detail/generate_trajectory__rosidl_typesupport_introspection_cpp.hpp
[7.055s] -- Up-to-date symlink: /home/pierres/COURS/slamnav/install/dwb_msgs/include/dwb_msgs/dwb_msgs/srv/detail/generate_twists__rosidl_typesupport_introspection_cpp.hpp
[7.055s] -- Up-to-date symlink: /home/pierres/COURS/slamnav/install/dwb_msgs/include/dwb_msgs/dwb_msgs/srv/detail/get_critic_score__rosidl_typesupport_introspection_cpp.hpp
[7.055s] -- Up-to-date symlink: /home/pierres/COURS/slamnav/install/dwb_msgs/include/dwb_msgs/dwb_msgs/srv/detail/score_trajectory__rosidl_typesupport_introspection_cpp.hpp
[7.056s] -- Up-to-date symlink: /home/pierres/COURS/slamnav/install/dwb_msgs/share/dwb_msgs/environment/pythonpath.sh
[7.056s] -- Up-to-date symlink: /home/pierres/COURS/slamnav/install/dwb_msgs/share/dwb_msgs/environment/pythonpath.dsv
[7.056s] -- Up-to-date symlink: /home/pierres/COURS/slamnav/install/dwb_msgs/local/lib/python3.10/dist-packages/dwb_msgs-1.1.16-py3.10.egg-info/PKG-INFO
[7.056s] -- Up-to-date symlink: /home/pierres/COURS/slamnav/install/dwb_msgs/local/lib/python3.10/dist-packages/dwb_msgs-1.1.16-py3.10.egg-info/SOURCES.txt
[7.056s] -- Up-to-date symlink: /home/pierres/COURS/slamnav/install/dwb_msgs/local/lib/python3.10/dist-packages/dwb_msgs-1.1.16-py3.10.egg-info/dependency_links.txt
[7.056s] -- Up-to-date symlink: /home/pierres/COURS/slamnav/install/dwb_msgs/local/lib/python3.10/dist-packages/dwb_msgs-1.1.16-py3.10.egg-info/top_level.txt
[7.058s] -- Up-to-date symlink: /home/pierres/COURS/slamnav/install/dwb_msgs/local/lib/python3.10/dist-packages/dwb_msgs/__init__.py
[7.058s] -- Up-to-date symlink: /home/pierres/COURS/slamnav/install/dwb_msgs/local/lib/python3.10/dist-packages/dwb_msgs/_dwb_msgs_s.ep.rosidl_typesupport_c.c
[7.058s] -- Up-to-date symlink: /home/pierres/COURS/slamnav/install/dwb_msgs/local/lib/python3.10/dist-packages/dwb_msgs/_dwb_msgs_s.ep.rosidl_typesupport_fastrtps_c.c
[7.058s] -- Up-to-date symlink: /home/pierres/COURS/slamnav/install/dwb_msgs/local/lib/python3.10/dist-packages/dwb_msgs/_dwb_msgs_s.ep.rosidl_typesupport_introspection_c.c
[7.058s] -- Up-to-date symlink: /home/pierres/COURS/slamnav/install/dwb_msgs/local/lib/python3.10/dist-packages/dwb_msgs/dwb_msgs_s__rosidl_typesupport_c.cpython-310-x86_64-linux-gnu.so
[7.059s] -- Up-to-date symlink: /home/pierres/COURS/slamnav/install/dwb_msgs/local/lib/python3.10/dist-packages/dwb_msgs/dwb_msgs_s__rosidl_typesupport_fastrtps_c.cpython-310-x86_64-linux-gnu.so
[7.059s] -- Up-to-date symlink: /home/pierres/COURS/slamnav/install/dwb_msgs/local/lib/python3.10/dist-packages/dwb_msgs/dwb_msgs_s__rosidl_typesupport_introspection_c.cpython-310-x86_64-linux-gnu.so
[7.059s] -- Up-to-date symlink: /home/pierres/COURS/slamnav/install/dwb_msgs/local/lib/python3.10/dist-packages/dwb_msgs/libdwb_msgs__rosidl_generator_py.so
[7.060s] -- Up-to-date symlink: /home/pierres/COURS/slamnav/install/dwb_msgs/local/lib/python3.10/dist-packages/dwb_msgs/msg/__init__.py
[7.060s] -- Up-to-date symlink: /home/pierres/COURS/slamnav/install/dwb_msgs/local/lib/python3.10/dist-packages/dwb_msgs/msg/_critic_score.py
[7.060s] -- Up-to-date symlink: /home/pierres/COURS/slamnav/install/dwb_msgs/local/lib/python3.10/dist-packages/dwb_msgs/msg/_critic_score_s.c
[7.060s] -- Up-to-date symlink: /home/pierres/COURS/slamnav/install/dwb_msgs/local/lib/python3.10/dist-packages/dwb_msgs/msg/_local_plan_evaluation.py
[7.060s] -- Up-to-date symlink: /home/pierres/COURS/slamnav/install/dwb_msgs/local/lib/python3.10/dist-packages/dwb_msgs/msg/_local_plan_evaluation_s.c
[7.061s] -- Up-to-date symlink: /home/pierres/COURS/slamnav/install/dwb_msgs/local/lib/python3.10/dist-packages/dwb_msgs/msg/_trajectory2_d.py
[7.062s] -- Up-to-date symlink: /home/pierres/COURS/slamnav/install/dwb_msgs/local/lib/python3.10/dist-packages/dwb_msgs/msg/_trajectory2_d_s.c
[7.062s] -- Up-to-date symlink: /home/pierres/COURS/slamnav/install/dwb_msgs/local/lib/python3.10/dist-packages/dwb_msgs/msg/_trajectory_score.py
[7.062s] -- Up-to-date symlink: /home/pierres/COURS/slamnav/install/dwb_msgs/local/lib/python3.10/dist-packages/dwb_msgs/msg/_trajectory_score_s.c
[7.062s] -- Up-to-date symlink: /home/pierres/COURS/slamnav/install/dwb_msgs/local/lib/python3.10/dist-packages/dwb_msgs/srv/__init__.py
[7.062s] -- Up-to-date symlink: /home/pierres/COURS/slamnav/install/dwb_msgs/local/lib/python3.10/dist-packages/dwb_msgs/srv/_debug_local_plan.py
[7.062s] -- Up-to-date symlink: /home/pierres/COURS/slamnav/install/dwb_msgs/local/lib/python3.10/dist-packages/dwb_msgs/srv/_debug_local_plan_s.c
[7.062s] -- Up-to-date symlink: /home/pierres/COURS/slamnav/install/dwb_msgs/local/lib/python3.10/dist-packages/dwb_msgs/srv/_generate_trajectory.py
[7.062s] -- Up-to-date symlink: /home/pierres/COURS/slamnav/install/dwb_msgs/local/lib/python3.10/dist-packages/dwb_msgs/srv/_generate_trajectory_s.c
[7.062s] -- Up-to-date symlink: /home/pierres/COURS/slamnav/install/dwb_msgs/local/lib/python3.10/dist-packages/dwb_msgs/srv/_generate_twists.py
[7.062s] -- Up-to-date symlink: /home/pierres/COURS/slamnav/install/dwb_msgs/local/lib/python3.10/dist-packages/dwb_msgs/srv/_generate_twists_s.c
[7.063s] -- Up-to-date symlink: /home/pierres/COURS/slamnav/install/dwb_msgs/local/lib/python3.10/dist-packages/dwb_msgs/srv/_get_critic_score.py
[7.063s] -- Up-to-date symlink: /home/pierres/COURS/slamnav/install/dwb_msgs/local/lib/python3.10/dist-packages/dwb_msgs/srv/_get_critic_score_s.c
[7.063s] -- Up-to-date symlink: /home/pierres/COURS/slamnav/install/dwb_msgs/local/lib/python3.10/dist-packages/dwb_msgs/srv/_score_trajectory.py
[7.063s] -- Up-to-date symlink: /home/pierres/COURS/slamnav/install/dwb_msgs/local/lib/python3.10/dist-packages/dwb_msgs/srv/_score_trajectory_s.c
[7.063s] -- Up-to-date symlink: /home/pierres/COURS/slamnav/install/dwb_msgs/local/lib/python3.10/dist-packages/dwb_msgs/dwb_msgs_s__rosidl_typesupport_fastrtps_c.cpython-310-x86_64-linux-gnu.so
[7.063s] -- Up-to-date symlink: /home/pierres/COURS/slamnav/install/dwb_msgs/local/lib/python3.10/dist-packages/dwb_msgs/dwb_msgs_s__rosidl_typesupport_introspection_c.cpython-310-x86_64-linux-gnu.so
[7.063s] -- Up-to-date symlink: /home/pierres/COURS/slamnav/install/dwb_msgs/local/lib/python3.10/dist-packages/dwb_msgs/dwb_msgs_s__rosidl_typesupport_c.cpython-310-x86_64-linux-gnu.so
[7.063s] -- Up-to-date symlink: /home/pierres/COURS/slamnav/install/dwb_msgs/share/dwb_msgs/msg/CriticScore.idl
[7.064s] -- Up-to-date symlink: /home/pierres/COURS/slamnav/install/dwb_msgs/share/dwb_msgs/msg/LocalPlanEvaluation.idl
[7.064s] -- Up-to-date symlink: /home/pierres/COURS/slamnav/install/dwb_msgs/share/dwb_msgs/msg/Trajectory2D.idl
[7.064s] -- Up-to-date symlink: /home/pierres/COURS/slamnav/install/dwb_msgs/share/dwb_msgs/msg/TrajectoryScore.idl
[7.064s] -- Up-to-date symlink: /home/pierres/COURS/slamnav/install/dwb_msgs/share/dwb_msgs/srv/DebugLocalPlan.idl
[7.064s] -- Up-to-date symlink: /home/pierres/COURS/slamnav/install/dwb_msgs/share/dwb_msgs/srv/GenerateTrajectory.idl
[7.064s] -- Up-to-date symlink: /home/pierres/COURS/slamnav/install/dwb_msgs/share/dwb_msgs/srv/GenerateTwists.idl
[7.064s] -- Up-to-date symlink: /home/pierres/COURS/slamnav/install/dwb_msgs/share/dwb_msgs/srv/GetCriticScore.idl
[7.064s] -- Up-to-date symlink: /home/pierres/COURS/slamnav/install/dwb_msgs/share/dwb_msgs/srv/ScoreTrajectory.idl
[7.064s] -- Up-to-date symlink: /home/pierres/COURS/slamnav/install/dwb_msgs/share/dwb_msgs/msg/CriticScore.msg
[7.064s] -- Up-to-date symlink: /home/pierres/COURS/slamnav/install/dwb_msgs/share/dwb_msgs/msg/LocalPlanEvaluation.msg
[7.064s] -- Up-to-date symlink: /home/pierres/COURS/slamnav/install/dwb_msgs/share/dwb_msgs/msg/Trajectory2D.msg
[7.065s] -- Up-to-date symlink: /home/pierres/COURS/slamnav/install/dwb_msgs/share/dwb_msgs/msg/TrajectoryScore.msg
[7.065s] -- Up-to-date symlink: /home/pierres/COURS/slamnav/install/dwb_msgs/share/dwb_msgs/srv/DebugLocalPlan.srv
[7.065s] -- Up-to-date symlink: /home/pierres/COURS/slamnav/install/dwb_msgs/share/dwb_msgs/srv/DebugLocalPlan_Request.msg
[7.065s] -- Up-to-date symlink: /home/pierres/COURS/slamnav/install/dwb_msgs/share/dwb_msgs/srv/DebugLocalPlan_Response.msg
[7.065s] -- Up-to-date symlink: /home/pierres/COURS/slamnav/install/dwb_msgs/share/dwb_msgs/srv/GenerateTrajectory.srv
[7.065s] -- Up-to-date symlink: /home/pierres/COURS/slamnav/install/dwb_msgs/share/dwb_msgs/srv/GenerateTrajectory_Request.msg
[7.065s] -- Up-to-date symlink: /home/pierres/COURS/slamnav/install/dwb_msgs/share/dwb_msgs/srv/GenerateTrajectory_Response.msg
[7.065s] -- Up-to-date symlink: /home/pierres/COURS/slamnav/install/dwb_msgs/share/dwb_msgs/srv/GenerateTwists.srv
[7.065s] -- Up-to-date symlink: /home/pierres/COURS/slamnav/install/dwb_msgs/share/dwb_msgs/srv/GenerateTwists_Request.msg
[7.065s] -- Up-to-date symlink: /home/pierres/COURS/slamnav/install/dwb_msgs/share/dwb_msgs/srv/GenerateTwists_Response.msg
[7.065s] -- Up-to-date symlink: /home/pierres/COURS/slamnav/install/dwb_msgs/share/dwb_msgs/srv/GetCriticScore.srv
[7.066s] -- Up-to-date symlink: /home/pierres/COURS/slamnav/install/dwb_msgs/share/dwb_msgs/srv/GetCriticScore_Request.msg
[7.066s] -- Up-to-date symlink: /home/pierres/COURS/slamnav/install/dwb_msgs/share/dwb_msgs/srv/GetCriticScore_Response.msg
[7.066s] -- Up-to-date symlink: /home/pierres/COURS/slamnav/install/dwb_msgs/share/dwb_msgs/srv/ScoreTrajectory.srv
[7.066s] -- Up-to-date symlink: /home/pierres/COURS/slamnav/install/dwb_msgs/share/dwb_msgs/srv/ScoreTrajectory_Request.msg
[7.066s] -- Up-to-date symlink: /home/pierres/COURS/slamnav/install/dwb_msgs/share/dwb_msgs/srv/ScoreTrajectory_Response.msg
[7.066s] -- Up-to-date symlink: /home/pierres/COURS/slamnav/install/dwb_msgs/share/ament_index/resource_index/package_run_dependencies/dwb_msgs
[7.066s] -- Up-to-date symlink: /home/pierres/COURS/slamnav/install/dwb_msgs/share/ament_index/resource_index/parent_prefix_path/dwb_msgs
[7.066s] -- Up-to-date symlink: /home/pierres/COURS/slamnav/install/dwb_msgs/share/dwb_msgs/environment/ament_prefix_path.sh
[7.066s] -- Up-to-date symlink: /home/pierres/COURS/slamnav/install/dwb_msgs/share/dwb_msgs/environment/ament_prefix_path.dsv
[7.066s] -- Up-to-date symlink: /home/pierres/COURS/slamnav/install/dwb_msgs/share/dwb_msgs/environment/path.sh
[7.067s] -- Up-to-date symlink: /home/pierres/COURS/slamnav/install/dwb_msgs/share/dwb_msgs/environment/path.dsv
[7.067s] -- Up-to-date symlink: /home/pierres/COURS/slamnav/install/dwb_msgs/share/dwb_msgs/local_setup.bash
[7.067s] -- Up-to-date symlink: /home/pierres/COURS/slamnav/install/dwb_msgs/share/dwb_msgs/local_setup.sh
[7.067s] -- Up-to-date symlink: /home/pierres/COURS/slamnav/install/dwb_msgs/share/dwb_msgs/local_setup.zsh
[7.067s] -- Up-to-date symlink: /home/pierres/COURS/slamnav/install/dwb_msgs/share/dwb_msgs/local_setup.dsv
[7.067s] -- Symlinking: /home/pierres/COURS/slamnav/install/dwb_msgs/share/dwb_msgs/package.dsv
[7.067s] -- Up-to-date symlink: /home/pierres/COURS/slamnav/install/dwb_msgs/share/ament_index/resource_index/packages/dwb_msgs
[7.067s] -- Up-to-date symlink: /home/pierres/COURS/slamnav/install/dwb_msgs/share/dwb_msgs/cmake/rosidl_cmake-extras.cmake
[7.067s] -- Up-to-date symlink: /home/pierres/COURS/slamnav/install/dwb_msgs/share/dwb_msgs/cmake/ament_cmake_export_dependencies-extras.cmake
[7.067s] -- Up-to-date symlink: /home/pierres/COURS/slamnav/install/dwb_msgs/share/dwb_msgs/cmake/ament_cmake_export_include_directories-extras.cmake
[7.067s] -- Up-to-date symlink: /home/pierres/COURS/slamnav/install/dwb_msgs/share/dwb_msgs/cmake/ament_cmake_export_libraries-extras.cmake
[7.067s] -- Up-to-date symlink: /home/pierres/COURS/slamnav/install/dwb_msgs/share/dwb_msgs/cmake/ament_cmake_export_targets-extras.cmake
[7.068s] -- Up-to-date symlink: /home/pierres/COURS/slamnav/install/dwb_msgs/share/dwb_msgs/cmake/rosidl_cmake_export_typesupport_targets-extras.cmake
[7.068s] -- Up-to-date symlink: /home/pierres/COURS/slamnav/install/dwb_msgs/share/dwb_msgs/cmake/rosidl_cmake_export_typesupport_libraries-extras.cmake
[7.068s] -- Up-to-date symlink: /home/pierres/COURS/slamnav/install/dwb_msgs/share/dwb_msgs/cmake/dwb_msgsConfig.cmake
[7.068s] -- Up-to-date symlink: /home/pierres/COURS/slamnav/install/dwb_msgs/share/dwb_msgs/cmake/dwb_msgsConfig-version.cmake
[7.068s] -- Up-to-date symlink: /home/pierres/COURS/slamnav/install/dwb_msgs/share/dwb_msgs/package.xml
[7.068s] -- Installing: /home/pierres/COURS/slamnav/install/dwb_msgs/lib/libdwb_msgs__rosidl_generator_c.so
[7.068s] -- Set runtime path of "/home/pierres/COURS/slamnav/install/dwb_msgs/lib/libdwb_msgs__rosidl_generator_c.so" to ""
[7.068s] -- Installing: /home/pierres/COURS/slamnav/install/dwb_msgs/lib/libdwb_msgs__rosidl_typesupport_fastrtps_c.so
[7.068s] -- Set runtime path of "/home/pierres/COURS/slamnav/install/dwb_msgs/lib/libdwb_msgs__rosidl_typesupport_fastrtps_c.so" to ""
[7.068s] -- Installing: /home/pierres/COURS/slamnav/install/dwb_msgs/lib/libdwb_msgs__rosidl_typesupport_fastrtps_cpp.so
[7.068s] -- Set runtime path of "/home/pierres/COURS/slamnav/install/dwb_msgs/lib/libdwb_msgs__rosidl_typesupport_fastrtps_cpp.so" to ""
[7.069s] -- Installing: /home/pierres/COURS/slamnav/install/dwb_msgs/lib/libdwb_msgs__rosidl_typesupport_introspection_c.so
[7.069s] -- Set runtime path of "/home/pierres/COURS/slamnav/install/dwb_msgs/lib/libdwb_msgs__rosidl_typesupport_introspection_c.so" to ""
[7.069s] -- Installing: /home/pierres/COURS/slamnav/install/dwb_msgs/lib/libdwb_msgs__rosidl_typesupport_c.so
[7.069s] -- Set runtime path of "/home/pierres/COURS/slamnav/install/dwb_msgs/lib/libdwb_msgs__rosidl_typesupport_c.so" to ""
[7.069s] -- Installing: /home/pierres/COURS/slamnav/install/dwb_msgs/lib/libdwb_msgs__rosidl_typesupport_introspection_cpp.so
[7.069s] -- Set runtime path of "/home/pierres/COURS/slamnav/install/dwb_msgs/lib/libdwb_msgs__rosidl_typesupport_introspection_cpp.so" to ""
[7.069s] -- Installing: /home/pierres/COURS/slamnav/install/dwb_msgs/lib/libdwb_msgs__rosidl_typesupport_cpp.so
[7.069s] -- Set runtime path of "/home/pierres/COURS/slamnav/install/dwb_msgs/lib/libdwb_msgs__rosidl_typesupport_cpp.so" to ""
[7.090s] Listing '/home/pierres/COURS/slamnav/install/dwb_msgs/local/lib/python3.10/dist-packages/dwb_msgs'...
[7.091s] Compiling '/home/pierres/COURS/slamnav/install/dwb_msgs/local/lib/python3.10/dist-packages/dwb_msgs/__init__.py'...
[7.091s] Listing '/home/pierres/COURS/slamnav/install/dwb_msgs/local/lib/python3.10/dist-packages/dwb_msgs/msg'...
[7.091s] Listing '/home/pierres/COURS/slamnav/install/dwb_msgs/local/lib/python3.10/dist-packages/dwb_msgs/srv'...
[7.093s] -- Installing: /home/pierres/COURS/slamnav/install/dwb_msgs/lib/libdwb_msgs__rosidl_generator_py.so
[7.094s] -- Set runtime path of "/home/pierres/COURS/slamnav/install/dwb_msgs/lib/libdwb_msgs__rosidl_generator_py.so" to ""
[7.094s] -- Up-to-date: /home/pierres/COURS/slamnav/install/dwb_msgs/share/dwb_msgs/cmake/export_dwb_msgs__rosidl_generator_cExport.cmake
[7.094s] -- Installing: /home/pierres/COURS/slamnav/install/dwb_msgs/share/dwb_msgs/cmake/export_dwb_msgs__rosidl_generator_cExport-humble.cmake
[7.094s] -- Up-to-date: /home/pierres/COURS/slamnav/install/dwb_msgs/share/dwb_msgs/cmake/export_dwb_msgs__rosidl_typesupport_fastrtps_cExport.cmake
[7.094s] -- Installing: /home/pierres/COURS/slamnav/install/dwb_msgs/share/dwb_msgs/cmake/export_dwb_msgs__rosidl_typesupport_fastrtps_cExport-humble.cmake
[7.094s] -- Up-to-date: /home/pierres/COURS/slamnav/install/dwb_msgs/share/dwb_msgs/cmake/export_dwb_msgs__rosidl_generator_cppExport.cmake
[7.094s] -- Up-to-date: /home/pierres/COURS/slamnav/install/dwb_msgs/share/dwb_msgs/cmake/export_dwb_msgs__rosidl_typesupport_fastrtps_cppExport.cmake
[7.094s] -- Installing: /home/pierres/COURS/slamnav/install/dwb_msgs/share/dwb_msgs/cmake/export_dwb_msgs__rosidl_typesupport_fastrtps_cppExport-humble.cmake
[7.094s] -- Up-to-date: /home/pierres/COURS/slamnav/install/dwb_msgs/share/dwb_msgs/cmake/dwb_msgs__rosidl_typesupport_introspection_cExport.cmake
[7.094s] -- Installing: /home/pierres/COURS/slamnav/install/dwb_msgs/share/dwb_msgs/cmake/dwb_msgs__rosidl_typesupport_introspection_cExport-humble.cmake
[7.094s] -- Up-to-date: /home/pierres/COURS/slamnav/install/dwb_msgs/share/dwb_msgs/cmake/dwb_msgs__rosidl_typesupport_cExport.cmake
[7.094s] -- Installing: /home/pierres/COURS/slamnav/install/dwb_msgs/share/dwb_msgs/cmake/dwb_msgs__rosidl_typesupport_cExport-humble.cmake
[7.095s] -- Up-to-date: /home/pierres/COURS/slamnav/install/dwb_msgs/share/dwb_msgs/cmake/dwb_msgs__rosidl_typesupport_introspection_cppExport.cmake
[7.095s] -- Installing: /home/pierres/COURS/slamnav/install/dwb_msgs/share/dwb_msgs/cmake/dwb_msgs__rosidl_typesupport_introspection_cppExport-humble.cmake
[7.095s] -- Up-to-date: /home/pierres/COURS/slamnav/install/dwb_msgs/share/dwb_msgs/cmake/dwb_msgs__rosidl_typesupport_cppExport.cmake
[7.095s] -- Installing: /home/pierres/COURS/slamnav/install/dwb_msgs/share/dwb_msgs/cmake/dwb_msgs__rosidl_typesupport_cppExport-humble.cmake
[7.095s] -- Up-to-date: /home/pierres/COURS/slamnav/install/dwb_msgs/share/dwb_msgs/cmake/export_dwb_msgs__rosidl_generator_pyExport.cmake
[7.095s] -- Installing: /home/pierres/COURS/slamnav/install/dwb_msgs/share/dwb_msgs/cmake/export_dwb_msgs__rosidl_generator_pyExport-humble.cmake
[7.097s] Invoked command in '/home/pierres/COURS/slamnav/build/dwb_msgs' returned '0': AMENT_PREFIX_PATH=/home/pierres/COURS/slamnav/install/nav_2d_msgs:${AMENT_PREFIX_PATH} CMAKE_PREFIX_PATH=/home/pierres/COURS/slamnav/install/nav_2d_msgs:/home/pierres/COURS/slamnav/install/slam_toolbox:/opt/ros/humble:/home/pierres/COURS/slamnav/install/slamnav_turtlebot LD_LIBRARY_PATH=/home/pierres/COURS/slamnav/install/nav_2d_msgs/lib:${LD_LIBRARY_PATH} PYTHONPATH=/home/pierres/COURS/slamnav/install/nav_2d_msgs/local/lib/python3.10/dist-packages:${PYTHONPATH} /usr/bin/cmake --install /home/pierres/COURS/slamnav/build/dwb_msgs
