[0.073s] Invoking command in '/home/pierres/COURS/slamnav/build/nav2_planner': AMENT_PREFIX_PATH=/home/pierres/COURS/slamnav/install/nav2_core:/home/pierres/COURS/slamnav/install/nav2_costmap_2d:/home/pierres/COURS/slamnav/install/nav2_map_server:/home/pierres/COURS/slamnav/install/nav2_lifecycle_manager:/home/pierres/COURS/slamnav/install/nav2_util:/home/pierres/COURS/slamnav/install/nav2_voxel_grid:/home/pierres/COURS/slamnav/install/nav2_msgs:/home/pierres/COURS/slamnav/install/nav2_common CMAKE_PREFIX_PATH=/home/pierres/COURS/slamnav/install/nav2_core:/home/pierres/COURS/slamnav/install/nav2_costmap_2d:/home/pierres/COURS/slamnav/install/nav2_map_server:/home/pierres/COURS/slamnav/install/nav2_lifecycle_manager:/home/pierres/COURS/slamnav/install/nav2_util:/home/pierres/COURS/slamnav/install/nav2_voxel_grid:/home/pierres/COURS/slamnav/install/nav2_msgs:/home/pierres/COURS/slamnav/install/nav2_common LD_LIBRARY_PATH=/home/pierres/COURS/slamnav/install/nav2_costmap_2d/lib:/home/pierres/COURS/slamnav/install/nav2_map_server/lib:/home/pierres/COURS/slamnav/install/nav2_lifecycle_manager/lib:/home/pierres/COURS/slamnav/install/nav2_util/lib:/home/pierres/COURS/slamnav/install/nav2_voxel_grid/lib:/home/pierres/COURS/slamnav/install/nav2_msgs/lib PYTHONPATH=/home/pierres/COURS/slamnav/install/nav2_msgs/local/lib/python3.10/dist-packages:/home/pierres/COURS/slamnav/install/nav2_common/local/lib/python3.10/dist-packages /usr/bin/cmake --build /home/pierres/COURS/slamnav/build/nav2_planner -- -j16 -l16
[0.152s] [ 20%] Built target gtest_main
[0.154s] [ 40%] Built target planner_server_core
[0.169s] [ 60%] Built target gtest
[0.202s] [ 80%] Built target planner_server
[0.248s] [100%] Built target test_dynamic_parameters
[0.346s] Invoked command in '/home/pierres/COURS/slamnav/build/nav2_planner' returned '0': AMENT_PREFIX_PATH=/home/pierres/COURS/slamnav/install/nav2_core:/home/pierres/COURS/slamnav/install/nav2_costmap_2d:/home/pierres/COURS/slamnav/install/nav2_map_server:/home/pierres/COURS/slamnav/install/nav2_lifecycle_manager:/home/pierres/COURS/slamnav/install/nav2_util:/home/pierres/COURS/slamnav/install/nav2_voxel_grid:/home/pierres/COURS/slamnav/install/nav2_msgs:/home/pierres/COURS/slamnav/install/nav2_common CMAKE_PREFIX_PATH=/home/pierres/COURS/slamnav/install/nav2_core:/home/pierres/COURS/slamnav/install/nav2_costmap_2d:/home/pierres/COURS/slamnav/install/nav2_map_server:/home/pierres/COURS/slamnav/install/nav2_lifecycle_manager:/home/pierres/COURS/slamnav/install/nav2_util:/home/pierres/COURS/slamnav/install/nav2_voxel_grid:/home/pierres/COURS/slamnav/install/nav2_msgs:/home/pierres/COURS/slamnav/install/nav2_common LD_LIBRARY_PATH=/home/pierres/COURS/slamnav/install/nav2_costmap_2d/lib:/home/pierres/COURS/slamnav/install/nav2_map_server/lib:/home/pierres/COURS/slamnav/install/nav2_lifecycle_manager/lib:/home/pierres/COURS/slamnav/install/nav2_util/lib:/home/pierres/COURS/slamnav/install/nav2_voxel_grid/lib:/home/pierres/COURS/slamnav/install/nav2_msgs/lib PYTHONPATH=/home/pierres/COURS/slamnav/install/nav2_msgs/local/lib/python3.10/dist-packages:/home/pierres/COURS/slamnav/install/nav2_common/local/lib/python3.10/dist-packages /usr/bin/cmake --build /home/pierres/COURS/slamnav/build/nav2_planner -- -j16 -l16
[0.390s] Invoking command in '/home/pierres/COURS/slamnav/build/nav2_planner': AMENT_PREFIX_PATH=/home/pierres/COURS/slamnav/install/nav2_core:/home/pierres/COURS/slamnav/install/nav2_costmap_2d:/home/pierres/COURS/slamnav/install/nav2_map_server:/home/pierres/COURS/slamnav/install/nav2_lifecycle_manager:/home/pierres/COURS/slamnav/install/nav2_util:/home/pierres/COURS/slamnav/install/nav2_voxel_grid:/home/pierres/COURS/slamnav/install/nav2_msgs:/home/pierres/COURS/slamnav/install/nav2_common CMAKE_PREFIX_PATH=/home/pierres/COURS/slamnav/install/nav2_core:/home/pierres/COURS/slamnav/install/nav2_costmap_2d:/home/pierres/COURS/slamnav/install/nav2_map_server:/home/pierres/COURS/slamnav/install/nav2_lifecycle_manager:/home/pierres/COURS/slamnav/install/nav2_util:/home/pierres/COURS/slamnav/install/nav2_voxel_grid:/home/pierres/COURS/slamnav/install/nav2_msgs:/home/pierres/COURS/slamnav/install/nav2_common LD_LIBRARY_PATH=/home/pierres/COURS/slamnav/install/nav2_costmap_2d/lib:/home/pierres/COURS/slamnav/install/nav2_map_server/lib:/home/pierres/COURS/slamnav/install/nav2_lifecycle_manager/lib:/home/pierres/COURS/slamnav/install/nav2_util/lib:/home/pierres/COURS/slamnav/install/nav2_voxel_grid/lib:/home/pierres/COURS/slamnav/install/nav2_msgs/lib PYTHONPATH=/home/pierres/COURS/slamnav/install/nav2_msgs/local/lib/python3.10/dist-packages:/home/pierres/COURS/slamnav/install/nav2_common/local/lib/python3.10/dist-packages /usr/bin/cmake --install /home/pierres/COURS/slamnav/build/nav2_planner
[0.405s] -- Install configuration: "Humble"
[0.405s] -- Execute custom install script
[0.405s] -- Up-to-date symlink: /home/pierres/COURS/slamnav/install/nav2_planner/lib/libplanner_server_core.so
[0.405s] -- Up-to-date symlink: /home/pierres/COURS/slamnav/install/nav2_planner/lib/nav2_planner/planner_server
[0.405s] -- Up-to-date symlink: /home/pierres/COURS/slamnav/install/nav2_planner/include//nav2_planner/planner_server.hpp
[0.405s] -- Up-to-date symlink: /home/pierres/COURS/slamnav/install/nav2_planner/share/nav2_planner/environment/library_path.sh
[0.406s] -- Up-to-date symlink: /home/pierres/COURS/slamnav/install/nav2_planner/share/nav2_planner/environment/library_path.dsv
[0.406s] -- Up-to-date symlink: /home/pierres/COURS/slamnav/install/nav2_planner/share/ament_index/resource_index/package_run_dependencies/nav2_planner
[0.406s] -- Up-to-date symlink: /home/pierres/COURS/slamnav/install/nav2_planner/share/ament_index/resource_index/parent_prefix_path/nav2_planner
[0.406s] -- Up-to-date symlink: /home/pierres/COURS/slamnav/install/nav2_planner/share/nav2_planner/environment/ament_prefix_path.sh
[0.407s] -- Up-to-date symlink: /home/pierres/COURS/slamnav/install/nav2_planner/share/nav2_planner/environment/ament_prefix_path.dsv
[0.408s] -- Up-to-date symlink: /home/pierres/COURS/slamnav/install/nav2_planner/share/nav2_planner/environment/path.sh
[0.408s] -- Up-to-date symlink: /home/pierres/COURS/slamnav/install/nav2_planner/share/nav2_planner/environment/path.dsv
[0.408s] -- Up-to-date symlink: /home/pierres/COURS/slamnav/install/nav2_planner/share/nav2_planner/local_setup.bash
[0.409s] -- Up-to-date symlink: /home/pierres/COURS/slamnav/install/nav2_planner/share/nav2_planner/local_setup.sh
[0.409s] -- Up-to-date symlink: /home/pierres/COURS/slamnav/install/nav2_planner/share/nav2_planner/local_setup.zsh
[0.410s] -- Up-to-date symlink: /home/pierres/COURS/slamnav/install/nav2_planner/share/nav2_planner/local_setup.dsv
[0.410s] -- Symlinking: /home/pierres/COURS/slamnav/install/nav2_planner/share/nav2_planner/package.dsv
[0.413s] -- Up-to-date symlink: /home/pierres/COURS/slamnav/install/nav2_planner/share/ament_index/resource_index/packages/nav2_planner
[0.413s] -- Up-to-date symlink: /home/pierres/COURS/slamnav/install/nav2_planner/share/ament_index/resource_index/rclcpp_components/nav2_planner
[0.413s] -- Up-to-date symlink: /home/pierres/COURS/slamnav/install/nav2_planner/share/nav2_planner/cmake/ament_cmake_export_include_directories-extras.cmake
[0.413s] -- Up-to-date symlink: /home/pierres/COURS/slamnav/install/nav2_planner/share/nav2_planner/cmake/ament_cmake_export_libraries-extras.cmake
[0.413s] -- Up-to-date symlink: /home/pierres/COURS/slamnav/install/nav2_planner/share/nav2_planner/cmake/ament_cmake_export_dependencies-extras.cmake
[0.413s] -- Up-to-date symlink: /home/pierres/COURS/slamnav/install/nav2_planner/share/nav2_planner/cmake/nav2_plannerConfig.cmake
[0.413s] -- Up-to-date symlink: /home/pierres/COURS/slamnav/install/nav2_planner/share/nav2_planner/cmake/nav2_plannerConfig-version.cmake
[0.413s] -- Up-to-date symlink: /home/pierres/COURS/slamnav/install/nav2_planner/share/nav2_planner/package.xml
[0.489s] Invoked command in '/home/pierres/COURS/slamnav/build/nav2_planner' returned '0': AMENT_PREFIX_PATH=/home/pierres/COURS/slamnav/install/nav2_core:/home/pierres/COURS/slamnav/install/nav2_costmap_2d:/home/pierres/COURS/slamnav/install/nav2_map_server:/home/pierres/COURS/slamnav/install/nav2_lifecycle_manager:/home/pierres/COURS/slamnav/install/nav2_util:/home/pierres/COURS/slamnav/install/nav2_voxel_grid:/home/pierres/COURS/slamnav/install/nav2_msgs:/home/pierres/COURS/slamnav/install/nav2_common CMAKE_PREFIX_PATH=/home/pierres/COURS/slamnav/install/nav2_core:/home/pierres/COURS/slamnav/install/nav2_costmap_2d:/home/pierres/COURS/slamnav/install/nav2_map_server:/home/pierres/COURS/slamnav/install/nav2_lifecycle_manager:/home/pierres/COURS/slamnav/install/nav2_util:/home/pierres/COURS/slamnav/install/nav2_voxel_grid:/home/pierres/COURS/slamnav/install/nav2_msgs:/home/pierres/COURS/slamnav/install/nav2_common LD_LIBRARY_PATH=/home/pierres/COURS/slamnav/install/nav2_costmap_2d/lib:/home/pierres/COURS/slamnav/install/nav2_map_server/lib:/home/pierres/COURS/slamnav/install/nav2_lifecycle_manager/lib:/home/pierres/COURS/slamnav/install/nav2_util/lib:/home/pierres/COURS/slamnav/install/nav2_voxel_grid/lib:/home/pierres/COURS/slamnav/install/nav2_msgs/lib PYTHONPATH=/home/pierres/COURS/slamnav/install/nav2_msgs/local/lib/python3.10/dist-packages:/home/pierres/COURS/slamnav/install/nav2_common/local/lib/python3.10/dist-packages /usr/bin/cmake --install /home/pierres/COURS/slamnav/build/nav2_planner
