[0.133s] Invoking command in '/home/pierres/COURS/slamnav/build/nav2_smoother': AMENT_PREFIX_PATH=/home/pierres/COURS/slamnav/install/nav2_core:/home/pierres/COURS/slamnav/install/nav2_costmap_2d:/home/pierres/COURS/slamnav/install/nav_2d_utils:/home/pierres/COURS/slamnav/install/nav2_map_server:/home/pierres/COURS/slamnav/install/nav2_lifecycle_manager:/home/pierres/COURS/slamnav/install/nav2_util:/home/pierres/COURS/slamnav/install/nav2_voxel_grid:/home/pierres/COURS/slamnav/install/nav2_msgs:/home/pierres/COURS/slamnav/install/nav_2d_msgs:/home/pierres/COURS/slamnav/install/nav2_common:${AMENT_PREFIX_PATH} CMAKE_PREFIX_PATH=/home/pierres/COURS/slamnav/install/nav2_core:/home/pierres/COURS/slamnav/install/nav2_costmap_2d:/home/pierres/COURS/slamnav/install/nav_2d_utils:/home/pierres/COURS/slamnav/install/nav2_map_server:/home/pierres/COURS/slamnav/install/nav2_lifecycle_manager:/home/pierres/COURS/slamnav/install/nav2_util:/home/pierres/COURS/slamnav/install/nav2_voxel_grid:/home/pierres/COURS/slamnav/install/nav2_msgs:/home/pierres/COURS/slamnav/install/nav_2d_msgs:/home/pierres/COURS/slamnav/install/nav2_common:/home/pierres/COURS/slamnav/install/slam_toolbox:/opt/ros/humble:/home/pierres/COURS/slamnav/install/slamnav_turtlebot LD_LIBRARY_PATH=/home/pierres/COURS/slamnav/install/nav2_costmap_2d/lib:/home/pierres/COURS/slamnav/install/nav_2d_utils/lib:/home/pierres/COURS/slamnav/install/nav2_map_server/lib:/home/pierres/COURS/slamnav/install/nav2_lifecycle_manager/lib:/home/pierres/COURS/slamnav/install/nav2_util/lib:/home/pierres/COURS/slamnav/install/nav2_voxel_grid/lib:/home/pierres/COURS/slamnav/install/nav2_msgs/lib:/home/pierres/COURS/slamnav/install/nav_2d_msgs/lib:${LD_LIBRARY_PATH} PYTHONPATH=/home/pierres/COURS/slamnav/install/nav2_msgs/local/lib/python3.10/dist-packages:/home/pierres/COURS/slamnav/install/nav_2d_msgs/local/lib/python3.10/dist-packages:/home/pierres/COURS/slamnav/install/nav2_common/local/lib/python3.10/dist-packages:${PYTHONPATH} /usr/bin/cmake /home/pierres/COURS/slamnav/src/navigation2/nav2_smoother -DCMAKE_BUILD_TYPE=Humble -DAMENT_CMAKE_SYMLINK_INSTALL=1 -DCMAKE_INSTALL_PREFIX=/home/pierres/COURS/slamnav/install/nav2_smoother
[4.837s] -- The C compiler identification is GNU 11.4.0
[4.837s] -- The CXX compiler identification is GNU 11.4.0
[4.837s] -- Detecting C compiler ABI info
[4.837s] -- Detecting C compiler ABI info - done
[4.837s] -- Check for working C compiler: /usr/bin/cc - skipped
[4.837s] -- Detecting C compile features
[4.838s] -- Detecting C compile features - done
[4.838s] -- Detecting CXX compiler ABI info
[4.838s] -- Detecting CXX compiler ABI info - done
[4.838s] -- Check for working CXX compiler: /usr/bin/c++ - skipped
[4.838s] -- Detecting CXX compile features
[4.838s] -- Detecting CXX compile features - done
[4.838s] -- Found ament_cmake: 1.3.10 (/opt/ros/humble/share/ament_cmake/cmake)
[4.842s] -- Found Python3: /usr/bin/python3 (found version "3.10.12") found components: Interpreter 
[4.843s] -- Override CMake install command with custom implementation using symlinks instead of copying resources
[4.843s] -- Found nav2_core: 1.1.16 (/home/pierres/COURS/slamnav/install/nav2_core/share/nav2_core/cmake)
[4.843s] -- Found rosidl_generator_c: 3.1.5 (/opt/ros/humble/share/rosidl_generator_c/cmake)
[4.843s] -- Found rosidl_adapter: 3.1.5 (/opt/ros/humble/share/rosidl_adapter/cmake)
[4.843s] -- Found rosidl_generator_cpp: 3.1.5 (/opt/ros/humble/share/rosidl_generator_cpp/cmake)
[4.843s] -- Using all available rosidl_typesupport_c: rosidl_typesupport_fastrtps_c;rosidl_typesupport_introspection_c
[4.843s] -- Using all available rosidl_typesupport_cpp: rosidl_typesupport_fastrtps_cpp;rosidl_typesupport_introspection_cpp
[4.843s] -- Found rmw_implementation_cmake: 6.1.2 (/opt/ros/humble/share/rmw_implementation_cmake/cmake)
[4.843s] -- Found rmw_cyclonedds_cpp: 1.3.4 (/opt/ros/humble/share/rmw_cyclonedds_cpp/cmake)
[4.843s] -- Using RMW implementation 'rmw_cyclonedds_cpp' as default
[4.843s] -- Looking for pthread.h
[4.843s] -- Looking for pthread.h - found
[4.844s] -- Performing Test CMAKE_HAVE_LIBC_PTHREAD
[4.844s] -- Performing Test CMAKE_HAVE_LIBC_PTHREAD - Success
[4.844s] -- Found Threads: TRUE  
[4.844s] -- Found Eigen3: TRUE (found version "3.4.0") 
[4.844s] -- Ensuring Eigen3 include directory is part of orocos-kdl CMake target
[4.844s] -- Found nav2_common: 1.1.16 (/home/pierres/COURS/slamnav/install/nav2_common/share/nav2_common/cmake)
[4.844s] -- Found nav_2d_utils: 1.1.16 (/home/pierres/COURS/slamnav/install/nav_2d_utils/share/nav_2d_utils/cmake)
[4.844s] -- Found ament_lint_auto: 0.12.11 (/opt/ros/humble/share/ament_lint_auto/cmake)
[4.844s] -- Found gtest sources under '/opt/ros/humble/src/gtest_vendor': C++ tests using 'Google Test' will be built
[5.793s] -- Added test 'cppcheck' to perform static code analysis on C / C++ code
[5.801s] -- Configured cppcheck include dirs: /home/pierres/COURS/slamnav/src/navigation2/nav2_smoother/include
[5.801s] -- Configured cppcheck exclude dirs and/or files: 
[5.811s] -- Added test 'cpplint' to check C / C++ code against the Google style
[5.812s] -- Configured cpplint exclude dirs and/or files: 
[5.816s] -- Added test 'lint_cmake' to check CMake code style
[5.828s] -- Added test 'uncrustify' to check C / C++ code style
[5.828s] -- Configured uncrustify additional arguments: 
[5.828s] -- Added test 'xmllint' to check XML markup files
[5.848s] -- Configuring done
[7.508s] -- Generating done
[7.537s] -- Build files have been written to: /home/pierres/COURS/slamnav/build/nav2_smoother
[7.654s] Invoked command in '/home/pierres/COURS/slamnav/build/nav2_smoother' returned '0': AMENT_PREFIX_PATH=/home/pierres/COURS/slamnav/install/nav2_core:/home/pierres/COURS/slamnav/install/nav2_costmap_2d:/home/pierres/COURS/slamnav/install/nav_2d_utils:/home/pierres/COURS/slamnav/install/nav2_map_server:/home/pierres/COURS/slamnav/install/nav2_lifecycle_manager:/home/pierres/COURS/slamnav/install/nav2_util:/home/pierres/COURS/slamnav/install/nav2_voxel_grid:/home/pierres/COURS/slamnav/install/nav2_msgs:/home/pierres/COURS/slamnav/install/nav_2d_msgs:/home/pierres/COURS/slamnav/install/nav2_common:${AMENT_PREFIX_PATH} CMAKE_PREFIX_PATH=/home/pierres/COURS/slamnav/install/nav2_core:/home/pierres/COURS/slamnav/install/nav2_costmap_2d:/home/pierres/COURS/slamnav/install/nav_2d_utils:/home/pierres/COURS/slamnav/install/nav2_map_server:/home/pierres/COURS/slamnav/install/nav2_lifecycle_manager:/home/pierres/COURS/slamnav/install/nav2_util:/home/pierres/COURS/slamnav/install/nav2_voxel_grid:/home/pierres/COURS/slamnav/install/nav2_msgs:/home/pierres/COURS/slamnav/install/nav_2d_msgs:/home/pierres/COURS/slamnav/install/nav2_common:/home/pierres/COURS/slamnav/install/slam_toolbox:/opt/ros/humble:/home/pierres/COURS/slamnav/install/slamnav_turtlebot LD_LIBRARY_PATH=/home/pierres/COURS/slamnav/install/nav2_costmap_2d/lib:/home/pierres/COURS/slamnav/install/nav_2d_utils/lib:/home/pierres/COURS/slamnav/install/nav2_map_server/lib:/home/pierres/COURS/slamnav/install/nav2_lifecycle_manager/lib:/home/pierres/COURS/slamnav/install/nav2_util/lib:/home/pierres/COURS/slamnav/install/nav2_voxel_grid/lib:/home/pierres/COURS/slamnav/install/nav2_msgs/lib:/home/pierres/COURS/slamnav/install/nav_2d_msgs/lib:${LD_LIBRARY_PATH} PYTHONPATH=/home/pierres/COURS/slamnav/install/nav2_msgs/local/lib/python3.10/dist-packages:/home/pierres/COURS/slamnav/install/nav_2d_msgs/local/lib/python3.10/dist-packages:/home/pierres/COURS/slamnav/install/nav2_common/local/lib/python3.10/dist-packages:${PYTHONPATH} /usr/bin/cmake /home/pierres/COURS/slamnav/src/navigation2/nav2_smoother -DCMAKE_BUILD_TYPE=Humble -DAMENT_CMAKE_SYMLINK_INSTALL=1 -DCMAKE_INSTALL_PREFIX=/home/pierres/COURS/slamnav/install/nav2_smoother
[7.655s] Invoking command in '/home/pierres/COURS/slamnav/build/nav2_smoother': AMENT_PREFIX_PATH=/home/pierres/COURS/slamnav/install/nav2_core:/home/pierres/COURS/slamnav/install/nav2_costmap_2d:/home/pierres/COURS/slamnav/install/nav_2d_utils:/home/pierres/COURS/slamnav/install/nav2_map_server:/home/pierres/COURS/slamnav/install/nav2_lifecycle_manager:/home/pierres/COURS/slamnav/install/nav2_util:/home/pierres/COURS/slamnav/install/nav2_voxel_grid:/home/pierres/COURS/slamnav/install/nav2_msgs:/home/pierres/COURS/slamnav/install/nav_2d_msgs:/home/pierres/COURS/slamnav/install/nav2_common:${AMENT_PREFIX_PATH} CMAKE_PREFIX_PATH=/home/pierres/COURS/slamnav/install/nav2_core:/home/pierres/COURS/slamnav/install/nav2_costmap_2d:/home/pierres/COURS/slamnav/install/nav_2d_utils:/home/pierres/COURS/slamnav/install/nav2_map_server:/home/pierres/COURS/slamnav/install/nav2_lifecycle_manager:/home/pierres/COURS/slamnav/install/nav2_util:/home/pierres/COURS/slamnav/install/nav2_voxel_grid:/home/pierres/COURS/slamnav/install/nav2_msgs:/home/pierres/COURS/slamnav/install/nav_2d_msgs:/home/pierres/COURS/slamnav/install/nav2_common:/home/pierres/COURS/slamnav/install/slam_toolbox:/opt/ros/humble:/home/pierres/COURS/slamnav/install/slamnav_turtlebot LD_LIBRARY_PATH=/home/pierres/COURS/slamnav/install/nav2_costmap_2d/lib:/home/pierres/COURS/slamnav/install/nav_2d_utils/lib:/home/pierres/COURS/slamnav/install/nav2_map_server/lib:/home/pierres/COURS/slamnav/install/nav2_lifecycle_manager/lib:/home/pierres/COURS/slamnav/install/nav2_util/lib:/home/pierres/COURS/slamnav/install/nav2_voxel_grid/lib:/home/pierres/COURS/slamnav/install/nav2_msgs/lib:/home/pierres/COURS/slamnav/install/nav_2d_msgs/lib:${LD_LIBRARY_PATH} PYTHONPATH=/home/pierres/COURS/slamnav/install/nav2_msgs/local/lib/python3.10/dist-packages:/home/pierres/COURS/slamnav/install/nav_2d_msgs/local/lib/python3.10/dist-packages:/home/pierres/COURS/slamnav/install/nav2_common/local/lib/python3.10/dist-packages:${PYTHONPATH} /usr/bin/cmake --build /home/pierres/COURS/slamnav/build/nav2_smoother -- -j16 -l16
[13.471s] [  5%] [32mBuilding CXX object CMakeFiles/simple_smoother.dir/src/simple_smoother.cpp.o[0m
[13.471s] [ 16%] [32mBuilding CXX object CMakeFiles/smoother_server_core.dir/src/nav2_smoother.cpp.o[0m
[13.471s] [ 16%] [32mBuilding CXX object gtest/CMakeFiles/gtest_main.dir/src/gtest_main.cc.o[0m
[13.472s] [ 22%] [32mBuilding CXX object CMakeFiles/savitzky_golay_smoother.dir/src/savitzky_golay_smoother.cpp.o[0m
[13.472s] [ 27%] [32m[1mLinking CXX static library libgtest_main.a[0m
[13.472s] [ 27%] Built target gtest_main
[24.201s] [ 33%] [32m[1mLinking CXX shared library libsimple_smoother.so[0m
[29.018s] [ 38%] [32m[1mLinking CXX shared library libsavitzky_golay_smoother.so[0m
[30.192s] [ 38%] Built target savitzky_golay_smoother
[31.208s] [ 38%] Built target simple_smoother
[40.421s] [ 44%] [32m[1mLinking CXX shared library libsmoother_server_core.so[0m
[42.936s] [ 44%] Built target smoother_server_core
[42.968s] [ 50%] [32mBuilding CXX object gtest/CMakeFiles/gtest.dir/src/gtest-all.cc.o[0m
[46.999s] [ 55%] [32m[1mLinking CXX static library libgtest.a[0m
[47.089s] [ 55%] Built target gtest
[47.127s] [ 61%] [32mBuilding CXX object CMakeFiles/smoother_server.dir/src/main.cpp.o[0m
[56.153s] [ 66%] [32m[1mLinking CXX executable smoother_server[0m
[57.718s] [ 66%] Built target smoother_server
[57.744s] [ 72%] [32mBuilding CXX object test/CMakeFiles/test_savitzky_golay_smoother.dir/test_savitzky_golay_smoother.cpp.o[0m
[65.016s] [ 77%] [32m[1mLinking CXX executable test_savitzky_golay_smoother[0m
[66.055s] [ 77%] Built target test_savitzky_golay_smoother
[66.077s] [ 83%] [32mBuilding CXX object test/CMakeFiles/test_simple_smoother.dir/test_simple_smoother.cpp.o[0m
[72.044s] [ 88%] [32m[1mLinking CXX executable test_simple_smoother[0m
[73.590s] [ 88%] Built target test_simple_smoother
[73.616s] [ 94%] [32mBuilding CXX object test/CMakeFiles/test_smoother_server.dir/test_smoother_server.cpp.o[0m
[80.671s] [100%] [32m[1mLinking CXX executable test_smoother_server[0m
[82.405s] [100%] Built target test_smoother_server
[82.418s] Invoked command in '/home/pierres/COURS/slamnav/build/nav2_smoother' returned '0': AMENT_PREFIX_PATH=/home/pierres/COURS/slamnav/install/nav2_core:/home/pierres/COURS/slamnav/install/nav2_costmap_2d:/home/pierres/COURS/slamnav/install/nav_2d_utils:/home/pierres/COURS/slamnav/install/nav2_map_server:/home/pierres/COURS/slamnav/install/nav2_lifecycle_manager:/home/pierres/COURS/slamnav/install/nav2_util:/home/pierres/COURS/slamnav/install/nav2_voxel_grid:/home/pierres/COURS/slamnav/install/nav2_msgs:/home/pierres/COURS/slamnav/install/nav_2d_msgs:/home/pierres/COURS/slamnav/install/nav2_common:${AMENT_PREFIX_PATH} CMAKE_PREFIX_PATH=/home/pierres/COURS/slamnav/install/nav2_core:/home/pierres/COURS/slamnav/install/nav2_costmap_2d:/home/pierres/COURS/slamnav/install/nav_2d_utils:/home/pierres/COURS/slamnav/install/nav2_map_server:/home/pierres/COURS/slamnav/install/nav2_lifecycle_manager:/home/pierres/COURS/slamnav/install/nav2_util:/home/pierres/COURS/slamnav/install/nav2_voxel_grid:/home/pierres/COURS/slamnav/install/nav2_msgs:/home/pierres/COURS/slamnav/install/nav_2d_msgs:/home/pierres/COURS/slamnav/install/nav2_common:/home/pierres/COURS/slamnav/install/slam_toolbox:/opt/ros/humble:/home/pierres/COURS/slamnav/install/slamnav_turtlebot LD_LIBRARY_PATH=/home/pierres/COURS/slamnav/install/nav2_costmap_2d/lib:/home/pierres/COURS/slamnav/install/nav_2d_utils/lib:/home/pierres/COURS/slamnav/install/nav2_map_server/lib:/home/pierres/COURS/slamnav/install/nav2_lifecycle_manager/lib:/home/pierres/COURS/slamnav/install/nav2_util/lib:/home/pierres/COURS/slamnav/install/nav2_voxel_grid/lib:/home/pierres/COURS/slamnav/install/nav2_msgs/lib:/home/pierres/COURS/slamnav/install/nav_2d_msgs/lib:${LD_LIBRARY_PATH} PYTHONPATH=/home/pierres/COURS/slamnav/install/nav2_msgs/local/lib/python3.10/dist-packages:/home/pierres/COURS/slamnav/install/nav_2d_msgs/local/lib/python3.10/dist-packages:/home/pierres/COURS/slamnav/install/nav2_common/local/lib/python3.10/dist-packages:${PYTHONPATH} /usr/bin/cmake --build /home/pierres/COURS/slamnav/build/nav2_smoother -- -j16 -l16
[82.464s] Invoking command in '/home/pierres/COURS/slamnav/build/nav2_smoother': AMENT_PREFIX_PATH=/home/pierres/COURS/slamnav/install/nav2_core:/home/pierres/COURS/slamnav/install/nav2_costmap_2d:/home/pierres/COURS/slamnav/install/nav_2d_utils:/home/pierres/COURS/slamnav/install/nav2_map_server:/home/pierres/COURS/slamnav/install/nav2_lifecycle_manager:/home/pierres/COURS/slamnav/install/nav2_util:/home/pierres/COURS/slamnav/install/nav2_voxel_grid:/home/pierres/COURS/slamnav/install/nav2_msgs:/home/pierres/COURS/slamnav/install/nav_2d_msgs:/home/pierres/COURS/slamnav/install/nav2_common:${AMENT_PREFIX_PATH} CMAKE_PREFIX_PATH=/home/pierres/COURS/slamnav/install/nav2_core:/home/pierres/COURS/slamnav/install/nav2_costmap_2d:/home/pierres/COURS/slamnav/install/nav_2d_utils:/home/pierres/COURS/slamnav/install/nav2_map_server:/home/pierres/COURS/slamnav/install/nav2_lifecycle_manager:/home/pierres/COURS/slamnav/install/nav2_util:/home/pierres/COURS/slamnav/install/nav2_voxel_grid:/home/pierres/COURS/slamnav/install/nav2_msgs:/home/pierres/COURS/slamnav/install/nav_2d_msgs:/home/pierres/COURS/slamnav/install/nav2_common:/home/pierres/COURS/slamnav/install/slam_toolbox:/opt/ros/humble:/home/pierres/COURS/slamnav/install/slamnav_turtlebot LD_LIBRARY_PATH=/home/pierres/COURS/slamnav/install/nav2_costmap_2d/lib:/home/pierres/COURS/slamnav/install/nav_2d_utils/lib:/home/pierres/COURS/slamnav/install/nav2_map_server/lib:/home/pierres/COURS/slamnav/install/nav2_lifecycle_manager/lib:/home/pierres/COURS/slamnav/install/nav2_util/lib:/home/pierres/COURS/slamnav/install/nav2_voxel_grid/lib:/home/pierres/COURS/slamnav/install/nav2_msgs/lib:/home/pierres/COURS/slamnav/install/nav_2d_msgs/lib:${LD_LIBRARY_PATH} PYTHONPATH=/home/pierres/COURS/slamnav/install/nav2_msgs/local/lib/python3.10/dist-packages:/home/pierres/COURS/slamnav/install/nav_2d_msgs/local/lib/python3.10/dist-packages:/home/pierres/COURS/slamnav/install/nav2_common/local/lib/python3.10/dist-packages:${PYTHONPATH} /usr/bin/cmake --install /home/pierres/COURS/slamnav/build/nav2_smoother
[82.473s] -- Install configuration: "Humble"
[82.474s] -- Execute custom install script
[82.474s] -- Symlinking: /home/pierres/COURS/slamnav/install/nav2_smoother/share/nav2_smoother//plugins.xml
[82.486s] -- Symlinking: /home/pierres/COURS/slamnav/install/nav2_smoother/lib/libsmoother_server_core.so
[82.499s] -- Symlinking: /home/pierres/COURS/slamnav/install/nav2_smoother/lib/libsimple_smoother.so
[82.511s] -- Symlinking: /home/pierres/COURS/slamnav/install/nav2_smoother/lib/libsavitzky_golay_smoother.so
[82.521s] -- Symlinking: /home/pierres/COURS/slamnav/install/nav2_smoother/lib/nav2_smoother/smoother_server
[82.530s] -- Symlinking: /home/pierres/COURS/slamnav/install/nav2_smoother/include//nav2_smoother/nav2_smoother.hpp
[82.543s] -- Symlinking: /home/pierres/COURS/slamnav/install/nav2_smoother/include//nav2_smoother/savitzky_golay_smoother.hpp
[82.552s] -- Symlinking: /home/pierres/COURS/slamnav/install/nav2_smoother/include//nav2_smoother/simple_smoother.hpp
[82.560s] -- Symlinking: /home/pierres/COURS/slamnav/install/nav2_smoother/include//nav2_smoother/smoother_utils.hpp
[82.569s] -- Symlinking: /home/pierres/COURS/slamnav/install/nav2_smoother/share/nav2_smoother/environment/library_path.sh
[82.584s] -- Symlinking: /home/pierres/COURS/slamnav/install/nav2_smoother/share/nav2_smoother/environment/library_path.dsv
[82.598s] -- Symlinking: /home/pierres/COURS/slamnav/install/nav2_smoother/share/ament_index/resource_index/package_run_dependencies/nav2_smoother
[82.612s] -- Symlinking: /home/pierres/COURS/slamnav/install/nav2_smoother/share/ament_index/resource_index/parent_prefix_path/nav2_smoother
[82.626s] -- Symlinking: /home/pierres/COURS/slamnav/install/nav2_smoother/share/nav2_smoother/environment/ament_prefix_path.sh
[82.640s] -- Symlinking: /home/pierres/COURS/slamnav/install/nav2_smoother/share/nav2_smoother/environment/ament_prefix_path.dsv
[82.654s] -- Symlinking: /home/pierres/COURS/slamnav/install/nav2_smoother/share/nav2_smoother/environment/path.sh
[82.669s] -- Symlinking: /home/pierres/COURS/slamnav/install/nav2_smoother/share/nav2_smoother/environment/path.dsv
[82.683s] -- Symlinking: /home/pierres/COURS/slamnav/install/nav2_smoother/share/nav2_smoother/local_setup.bash
[82.697s] -- Symlinking: /home/pierres/COURS/slamnav/install/nav2_smoother/share/nav2_smoother/local_setup.sh
[82.711s] -- Symlinking: /home/pierres/COURS/slamnav/install/nav2_smoother/share/nav2_smoother/local_setup.zsh
[82.726s] -- Symlinking: /home/pierres/COURS/slamnav/install/nav2_smoother/share/nav2_smoother/local_setup.dsv
[82.741s] -- Symlinking: /home/pierres/COURS/slamnav/install/nav2_smoother/share/nav2_smoother/package.dsv
[82.756s] -- Symlinking: /home/pierres/COURS/slamnav/install/nav2_smoother/share/ament_index/resource_index/packages/nav2_smoother
[82.770s] -- Symlinking: /home/pierres/COURS/slamnav/install/nav2_smoother/share/ament_index/resource_index/nav2_core__pluginlib__plugin/nav2_smoother
[82.785s] -- Symlinking: /home/pierres/COURS/slamnav/install/nav2_smoother/share/ament_index/resource_index/rclcpp_components/nav2_smoother
[82.799s] -- Symlinking: /home/pierres/COURS/slamnav/install/nav2_smoother/share/nav2_smoother/cmake/ament_cmake_export_include_directories-extras.cmake
[82.814s] -- Symlinking: /home/pierres/COURS/slamnav/install/nav2_smoother/share/nav2_smoother/cmake/ament_cmake_export_libraries-extras.cmake
[82.829s] -- Symlinking: /home/pierres/COURS/slamnav/install/nav2_smoother/share/nav2_smoother/cmake/ament_cmake_export_dependencies-extras.cmake
[82.843s] -- Symlinking: /home/pierres/COURS/slamnav/install/nav2_smoother/share/nav2_smoother/cmake/nav2_smootherConfig.cmake
[82.858s] -- Symlinking: /home/pierres/COURS/slamnav/install/nav2_smoother/share/nav2_smoother/cmake/nav2_smootherConfig-version.cmake
[82.872s] -- Symlinking: /home/pierres/COURS/slamnav/install/nav2_smoother/share/nav2_smoother/package.xml
[82.890s] Invoked command in '/home/pierres/COURS/slamnav/build/nav2_smoother' returned '0': AMENT_PREFIX_PATH=/home/pierres/COURS/slamnav/install/nav2_core:/home/pierres/COURS/slamnav/install/nav2_costmap_2d:/home/pierres/COURS/slamnav/install/nav_2d_utils:/home/pierres/COURS/slamnav/install/nav2_map_server:/home/pierres/COURS/slamnav/install/nav2_lifecycle_manager:/home/pierres/COURS/slamnav/install/nav2_util:/home/pierres/COURS/slamnav/install/nav2_voxel_grid:/home/pierres/COURS/slamnav/install/nav2_msgs:/home/pierres/COURS/slamnav/install/nav_2d_msgs:/home/pierres/COURS/slamnav/install/nav2_common:${AMENT_PREFIX_PATH} CMAKE_PREFIX_PATH=/home/pierres/COURS/slamnav/install/nav2_core:/home/pierres/COURS/slamnav/install/nav2_costmap_2d:/home/pierres/COURS/slamnav/install/nav_2d_utils:/home/pierres/COURS/slamnav/install/nav2_map_server:/home/pierres/COURS/slamnav/install/nav2_lifecycle_manager:/home/pierres/COURS/slamnav/install/nav2_util:/home/pierres/COURS/slamnav/install/nav2_voxel_grid:/home/pierres/COURS/slamnav/install/nav2_msgs:/home/pierres/COURS/slamnav/install/nav_2d_msgs:/home/pierres/COURS/slamnav/install/nav2_common:/home/pierres/COURS/slamnav/install/slam_toolbox:/opt/ros/humble:/home/pierres/COURS/slamnav/install/slamnav_turtlebot LD_LIBRARY_PATH=/home/pierres/COURS/slamnav/install/nav2_costmap_2d/lib:/home/pierres/COURS/slamnav/install/nav_2d_utils/lib:/home/pierres/COURS/slamnav/install/nav2_map_server/lib:/home/pierres/COURS/slamnav/install/nav2_lifecycle_manager/lib:/home/pierres/COURS/slamnav/install/nav2_util/lib:/home/pierres/COURS/slamnav/install/nav2_voxel_grid/lib:/home/pierres/COURS/slamnav/install/nav2_msgs/lib:/home/pierres/COURS/slamnav/install/nav_2d_msgs/lib:${LD_LIBRARY_PATH} PYTHONPATH=/home/pierres/COURS/slamnav/install/nav2_msgs/local/lib/python3.10/dist-packages:/home/pierres/COURS/slamnav/install/nav_2d_msgs/local/lib/python3.10/dist-packages:/home/pierres/COURS/slamnav/install/nav2_common/local/lib/python3.10/dist-packages:${PYTHONPATH} /usr/bin/cmake --install /home/pierres/COURS/slamnav/build/nav2_smoother
