[0.065s] Invoking command in '/home/pierres/COURS/slamnav/build/slam_toolbox': AMENT_PREFIX_PATH=/home/pierres/COURS/slamnav/install/nav2_map_server:/home/pierres/COURS/slamnav/install/nav2_util:/home/pierres/COURS/slamnav/install/nav2_msgs:/home/pierres/COURS/slamnav/install/nav2_common:${AMENT_PREFIX_PATH} CMAKE_PREFIX_PATH=/home/pierres/COURS/slamnav/install/nav2_map_server:/home/pierres/COURS/slamnav/install/nav2_util:/home/pierres/COURS/slamnav/install/nav2_msgs:/home/pierres/COURS/slamnav/install/nav2_common:/home/pierres/COURS/slamnav/install/slam_toolbox:/opt/ros/humble:/home/pierres/COURS/slamnav/install/slamnav_turtlebot LD_LIBRARY_PATH=/home/pierres/COURS/slamnav/install/nav2_map_server/lib:/home/pierres/COURS/slamnav/install/nav2_util/lib:/home/pierres/COURS/slamnav/install/nav2_msgs/lib:${LD_LIBRARY_PATH} PYTHONPATH=/home/pierres/COURS/slamnav/install/nav2_msgs/local/lib/python3.10/dist-packages:/home/pierres/COURS/slamnav/install/nav2_common/local/lib/python3.10/dist-packages:${PYTHONPATH} /usr/bin/cmake /home/pierres/COURS/slamnav/src/slam_toolbox -DCMAKE_BUILD_TYPE=Humble -DAMENT_CMAKE_SYMLINK_INSTALL=1 -DCMAKE_INSTALL_PREFIX=/home/pierres/COURS/slamnav/install/slam_toolbox
[0.094s] -- Found ament_cmake: 1.3.10 (/opt/ros/humble/share/ament_cmake/cmake)
[0.325s] -- Override CMake install command with custom implementation using symlinks instead of copying resources
[0.346s] -- Found message_filters: 4.3.5 (/opt/ros/humble/share/message_filters/cmake)
[0.415s] -- Found rosidl_generator_c: 3.1.5 (/opt/ros/humble/share/rosidl_generator_c/cmake)
[0.424s] -- Found rosidl_adapter: 3.1.5 (/opt/ros/humble/share/rosidl_adapter/cmake)
[0.434s] -- Found rosidl_generator_cpp: 3.1.5 (/opt/ros/humble/share/rosidl_generator_cpp/cmake)
[0.451s] -- Using all available rosidl_typesupport_c: rosidl_typesupport_fastrtps_c;rosidl_typesupport_introspection_c
[0.476s] -- Using all available rosidl_typesupport_cpp: rosidl_typesupport_fastrtps_cpp;rosidl_typesupport_introspection_cpp
[0.524s] -- Found rmw_implementation_cmake: 6.1.2 (/opt/ros/humble/share/rmw_implementation_cmake/cmake)
[0.527s] -- Found rmw_cyclonedds_cpp: 1.3.4 (/opt/ros/humble/share/rmw_cyclonedds_cpp/cmake)
[0.553s] -- Using RMW implementation 'rmw_cyclonedds_cpp' as default
[0.636s] -- Found nav_msgs: 4.2.4 (/opt/ros/humble/share/nav_msgs/cmake)
[0.684s] -- Found sensor_msgs: 4.2.4 (/opt/ros/humble/share/sensor_msgs/cmake)
[0.730s] -- Found tf2: 0.25.8 (/opt/ros/humble/share/tf2/cmake)
[0.740s] -- Found tf2_ros: 0.25.8 (/opt/ros/humble/share/tf2_ros/cmake)
[0.872s] -- Found visualization_msgs: 4.2.4 (/opt/ros/humble/share/visualization_msgs/cmake)
[0.915s] -- Found pluginlib: 5.1.0 (/opt/ros/humble/share/pluginlib/cmake)
[0.953s] -- Found tf2_geometry_msgs: 0.25.8 (/opt/ros/humble/share/tf2_geometry_msgs/cmake)
[0.962s] -- Found eigen3_cmake_module: 0.1.1 (/opt/ros/humble/share/eigen3_cmake_module/cmake)
[0.965s] -- Ensuring Eigen3 include directory is part of orocos-kdl CMake target
[0.976s] -- Found tf2_sensor_msgs: 0.25.8 (/opt/ros/humble/share/tf2_sensor_msgs/cmake)
[0.988s] -- Found std_srvs: 4.2.4 (/opt/ros/humble/share/std_srvs/cmake)
[1.014s] -- Found rosidl_default_generators: 1.2.0 (/opt/ros/humble/share/rosidl_default_generators/cmake)
[1.022s] -- Found rviz_common: 11.2.13 (/opt/ros/humble/share/rviz_common/cmake)
[1.042s] -- Setting assimp_DIR to: '/opt/ros/humble/share/rviz_assimp_vendor/cmake/../../../opt/rviz_assimp_vendor/lib/cmake/assimp-4.1'
[1.045s] -- Setting OGRE_DIR to: '/opt/ros/humble/share/rviz_ogre_vendor/cmake/../../../opt/rviz_ogre_vendor/lib/OGRE/cmake'
[1.048s] -- Found OGRE
[1.048s] --   static     : OFF
[1.049s] --   components : HLMS;MeshLodGenerator;Overlay;Paging;Property;RTShaderSystem;Terrain;Volume
[1.049s] --   plugins    : Plugin_BSPSceneManager;Plugin_OctreeSceneManager;Plugin_PCZSceneManager;Plugin_ParticleFX;RenderSystem_GL;RenderSystem_GL3Plus;Codec_STBI
[1.050s] --   media      : /opt/ros/humble/opt/rviz_ogre_vendor/share/OGRE/Media
[1.050s] -- OGRE_LIBRARIES: OgreHLMS;OgreMeshLodGenerator;OgreOverlay;OgrePaging;OgreProperty;OgreRTShaderSystem;OgreTerrain;OgreVolume;OgreMain
[1.051s] -- OGRE_LIBRARY_DIRS: /opt/ros/humble/opt/rviz_ogre_vendor/lib
[1.051s] -- OGRE_PLUGINS: Plugin_BSPSceneManager;Plugin_OctreeSceneManager;Plugin_PCZSceneManager;Plugin_ParticleFX;RenderSystem_GL;RenderSystem_GL3Plus;Codec_STBI
[1.052s] -- OGRE_PLUGIN_DIR: /opt/ros/humble/opt/rviz_ogre_vendor/lib/OGRE
[1.052s] -- rviz_ogre_vendor::OgreOverlay for IMPORTED_LOCATION_RELEASE: /opt/ros/humble/opt/rviz_ogre_vendor/lib/libOgreOverlay.so
[1.053s] -- rviz_ogre_vendor::OgreOverlay for IMPORTED_LOCATION_DEBUG: /opt/ros/humble/opt/rviz_ogre_vendor/lib/libOgreOverlay.so
[1.053s] -- rviz_ogre_vendor::OgreMain for IMPORTED_LOCATION_RELEASE: /opt/ros/humble/opt/rviz_ogre_vendor/lib/libOgreMain.so
[1.054s] -- rviz_ogre_vendor::OgreMain for IMPORTED_LOCATION_DEBUG: /opt/ros/humble/opt/rviz_ogre_vendor/lib/libOgreMain.so
[1.203s] -- library: /usr/lib/x86_64-linux-gnu/libcurl.so
[1.260s] -- Found rviz_default_plugins: 11.2.13 (/opt/ros/humble/share/rviz_default_plugins/cmake)
[1.977s] -- Found required Ceres dependency: Eigen version 3.4.0 in /usr/include/eigen3
[1.988s] -- Found required Ceres dependency: glog
[1.989s] -- Found required Ceres dependency: gflags
[1.989s] -- Found Ceres version: 2.0.0 installed in: /usr with components: [EigenSparse, SparseLinearAlgebraLibrary, LAPACK, SuiteSparse, CXSparse, SchurSpecializations, Multithreading]
[3.312s] -- Found ament_cmake_ros: 0.10.0 (/opt/ros/humble/share/ament_cmake_ros/cmake)
[4.415s] -- Using all available rosidl_typesupport_c: rosidl_typesupport_fastrtps_c;rosidl_typesupport_introspection_c
[4.873s] -- Using all available rosidl_typesupport_cpp: rosidl_typesupport_fastrtps_cpp;rosidl_typesupport_introspection_cpp
[4.910s] -- Found python_cmake_module: 0.10.0 (/opt/ros/humble/share/python_cmake_module/cmake)
[4.967s] -- Using PYTHON_EXECUTABLE: /usr/bin/python3
[4.967s] -- Using PYTHON_INCLUDE_DIRS: /usr/include/python3.10
[4.967s] -- Using PYTHON_LIBRARIES: /usr/lib/x86_64-linux-gnu/libpython3.10.so
[5.203s] -- Configuring done
[5.709s] -- Generating done
[5.718s] -- Build files have been written to: /home/pierres/COURS/slamnav/build/slam_toolbox
[5.756s] Invoked command in '/home/pierres/COURS/slamnav/build/slam_toolbox' returned '0': AMENT_PREFIX_PATH=/home/pierres/COURS/slamnav/install/nav2_map_server:/home/pierres/COURS/slamnav/install/nav2_util:/home/pierres/COURS/slamnav/install/nav2_msgs:/home/pierres/COURS/slamnav/install/nav2_common:${AMENT_PREFIX_PATH} CMAKE_PREFIX_PATH=/home/pierres/COURS/slamnav/install/nav2_map_server:/home/pierres/COURS/slamnav/install/nav2_util:/home/pierres/COURS/slamnav/install/nav2_msgs:/home/pierres/COURS/slamnav/install/nav2_common:/home/pierres/COURS/slamnav/install/slam_toolbox:/opt/ros/humble:/home/pierres/COURS/slamnav/install/slamnav_turtlebot LD_LIBRARY_PATH=/home/pierres/COURS/slamnav/install/nav2_map_server/lib:/home/pierres/COURS/slamnav/install/nav2_util/lib:/home/pierres/COURS/slamnav/install/nav2_msgs/lib:${LD_LIBRARY_PATH} PYTHONPATH=/home/pierres/COURS/slamnav/install/nav2_msgs/local/lib/python3.10/dist-packages:/home/pierres/COURS/slamnav/install/nav2_common/local/lib/python3.10/dist-packages:${PYTHONPATH} /usr/bin/cmake /home/pierres/COURS/slamnav/src/slam_toolbox -DCMAKE_BUILD_TYPE=Humble -DAMENT_CMAKE_SYMLINK_INSTALL=1 -DCMAKE_INSTALL_PREFIX=/home/pierres/COURS/slamnav/install/slam_toolbox
[5.758s] Invoking command in '/home/pierres/COURS/slamnav/build/slam_toolbox': AMENT_PREFIX_PATH=/home/pierres/COURS/slamnav/install/nav2_map_server:/home/pierres/COURS/slamnav/install/nav2_util:/home/pierres/COURS/slamnav/install/nav2_msgs:/home/pierres/COURS/slamnav/install/nav2_common:${AMENT_PREFIX_PATH} CMAKE_PREFIX_PATH=/home/pierres/COURS/slamnav/install/nav2_map_server:/home/pierres/COURS/slamnav/install/nav2_util:/home/pierres/COURS/slamnav/install/nav2_msgs:/home/pierres/COURS/slamnav/install/nav2_common:/home/pierres/COURS/slamnav/install/slam_toolbox:/opt/ros/humble:/home/pierres/COURS/slamnav/install/slamnav_turtlebot LD_LIBRARY_PATH=/home/pierres/COURS/slamnav/install/nav2_map_server/lib:/home/pierres/COURS/slamnav/install/nav2_util/lib:/home/pierres/COURS/slamnav/install/nav2_msgs/lib:${LD_LIBRARY_PATH} PYTHONPATH=/home/pierres/COURS/slamnav/install/nav2_msgs/local/lib/python3.10/dist-packages:/home/pierres/COURS/slamnav/install/nav2_common/local/lib/python3.10/dist-packages:${PYTHONPATH} /usr/bin/cmake --build /home/pierres/COURS/slamnav/build/slam_toolbox -- -j16 -l16
[5.840s] [  1%] Built target slam_toolbox__cpp
[5.860s] [35m[1mConsolidate compiler generated dependencies of target kartoSlamToolbox[0m
[5.918s] [  3%] Built target kartoSlamToolbox
[5.943s] [35m[1mConsolidate compiler generated dependencies of target slam_toolbox__rosidl_typesupport_introspection_cpp[0m
[5.973s] [ 11%] Built target slam_toolbox__rosidl_typesupport_introspection_cpp
[5.997s] [35m[1mConsolidate compiler generated dependencies of target slam_toolbox__rosidl_typesupport_fastrtps_cpp[0m
[6.028s] [ 20%] Built target slam_toolbox__rosidl_typesupport_fastrtps_cpp
[6.050s] [35m[1mConsolidate compiler generated dependencies of target slam_toolbox__rosidl_typesupport_cpp[0m
[6.073s] [ 28%] Built target slam_toolbox__rosidl_typesupport_cpp
[6.103s] [ 28%] Built target ament_cmake_python_symlink_slam_toolbox
[6.134s] [35m[1mConsolidate compiler generated dependencies of target toolbox_common[0m
[6.210s] [ 29%] [32m[1mLinking CXX shared library libtoolbox_common.so[0m
[7.278s] [ 33%] Built target toolbox_common
[7.637s] running egg_info
[7.638s] writing slam_toolbox.egg-info/PKG-INFO
[7.638s] writing dependency_links to slam_toolbox.egg-info/dependency_links.txt
[7.638s] writing top-level names to slam_toolbox.egg-info/top_level.txt
[7.641s] reading manifest file 'slam_toolbox.egg-info/SOURCES.txt'
[7.642s] writing manifest file 'slam_toolbox.egg-info/SOURCES.txt'
[7.673s] [ 33%] Built target ament_cmake_python_build_slam_toolbox_egg
[7.686s] [35m[1mConsolidate compiler generated dependencies of target merge_maps_kinematic[0m
[7.712s] [ 34%] [32m[1mLinking CXX executable merge_maps_kinematic[0m
[8.149s] [ 35%] Built target merge_maps_kinematic
[8.165s] [35m[1mConsolidate compiler generated dependencies of target lifelong_slam_toolbox[0m
[8.205s] [ 35%] [32m[1mLinking CXX shared library liblifelong_slam_toolbox.so[0m
[8.775s] [ 36%] Built target lifelong_slam_toolbox
[8.792s] [35m[1mConsolidate compiler generated dependencies of target localization_slam_toolbox[0m
[8.832s] [ 37%] [32m[1mLinking CXX shared library liblocalization_slam_toolbox.so[0m
[9.387s] [ 37%] Built target localization_slam_toolbox
[9.402s] [35m[1mConsolidate compiler generated dependencies of target lifelong_slam_toolbox_node[0m
[9.440s] [ 38%] [32m[1mLinking CXX executable lifelong_slam_toolbox_node[0m
[9.765s] [ 39%] Built target lifelong_slam_toolbox_node
[9.778s] [35m[1mConsolidate compiler generated dependencies of target map_and_localization_slam_toolbox[0m
[9.804s] [ 40%] [32m[1mLinking CXX shared library libmap_and_localization_slam_toolbox.so[0m
[10.208s] [ 40%] Built target map_and_localization_slam_toolbox
[10.223s] [35m[1mConsolidate compiler generated dependencies of target localization_slam_toolbox_node[0m
[10.259s] [ 41%] [32m[1mLinking CXX executable localization_slam_toolbox_node[0m
[10.564s] [ 42%] Built target localization_slam_toolbox_node
[10.579s] [35m[1mConsolidate compiler generated dependencies of target map_and_localization_slam_toolbox_node[0m
[10.617s] [ 42%] [32m[1mLinking CXX executable map_and_localization_slam_toolbox_node[0m
[10.927s] [ 43%] Built target map_and_localization_slam_toolbox_node
[10.942s] [35m[1mConsolidate compiler generated dependencies of target ceres_solver_plugin[0m
[10.943s] [35m[1mConsolidate compiler generated dependencies of target async_slam_toolbox[0m
[10.943s] [35m[1mConsolidate compiler generated dependencies of target sync_slam_toolbox[0m
[10.975s] [ 44%] [32m[1mLinking CXX shared library libceres_solver_plugin.so[0m
[10.984s] [ 46%] [32m[1mLinking CXX shared library libsync_slam_toolbox.so[0m
[10.984s] [ 46%] [32m[1mLinking CXX shared library libasync_slam_toolbox.so[0m
[11.478s] [ 47%] Built target async_slam_toolbox
[11.497s] [35m[1mConsolidate compiler generated dependencies of target SlamToolboxPlugin[0m
[11.537s] [ 47%] [32m[1mLinking CXX shared library libSlamToolboxPlugin.so[0m
[11.639s] [ 48%] Built target ceres_solver_plugin
[11.659s] [35m[1mConsolidate compiler generated dependencies of target async_slam_toolbox_node[0m
[11.711s] [ 48%] [32m[1mLinking CXX executable async_slam_toolbox_node[0m
[11.717s] [ 49%] Built target sync_slam_toolbox
[11.730s] [35m[1mConsolidate compiler generated dependencies of target slam_toolbox__rosidl_generator_c[0m
[11.743s] [ 58%] Built target slam_toolbox__rosidl_generator_c
[11.756s] [35m[1mConsolidate compiler generated dependencies of target sync_slam_toolbox_node[0m
[11.786s] [ 58%] [32m[1mLinking CXX executable sync_slam_toolbox_node[0m
[12.270s] [ 59%] Built target sync_slam_toolbox_node
[12.299s] [35m[1mConsolidate compiler generated dependencies of target slam_toolbox__rosidl_typesupport_c[0m
[12.302s] [35m[1mConsolidate compiler generated dependencies of target slam_toolbox__rosidl_typesupport_introspection_c[0m
[12.319s] [ 67%] Built target slam_toolbox__rosidl_typesupport_c
[12.329s] [ 75%] Built target slam_toolbox__rosidl_typesupport_introspection_c
[12.341s] [35m[1mConsolidate compiler generated dependencies of target slam_toolbox__rosidl_typesupport_fastrtps_c[0m
[12.375s] [ 84%] Built target slam_toolbox__rosidl_typesupport_fastrtps_c
[12.407s] [ 84%] Built target slam_toolbox
[12.439s] [ 85%] Built target async_slam_toolbox_node
[12.441s] [ 85%] Built target slam_toolbox__py
[12.464s] [35m[1mConsolidate compiler generated dependencies of target slam_toolbox__rosidl_generator_py[0m
[12.491s] [ 93%] Built target slam_toolbox__rosidl_generator_py
[12.507s] [35m[1mConsolidate compiler generated dependencies of target slam_toolbox__rosidl_typesupport_introspection_c__pyext[0m
[12.507s] [35m[1mConsolidate compiler generated dependencies of target slam_toolbox__rosidl_typesupport_fastrtps_c__pyext[0m
[12.526s] [ 95%] Built target slam_toolbox__rosidl_typesupport_introspection_c__pyext
[12.527s] [ 96%] Built target slam_toolbox__rosidl_typesupport_fastrtps_c__pyext
[12.541s] [35m[1mConsolidate compiler generated dependencies of target slam_toolbox__rosidl_typesupport_c__pyext[0m
[12.561s] [ 98%] Built target slam_toolbox__rosidl_typesupport_c__pyext
[14.002s] [100%] Built target SlamToolboxPlugin
[14.022s] Invoked command in '/home/pierres/COURS/slamnav/build/slam_toolbox' returned '0': AMENT_PREFIX_PATH=/home/pierres/COURS/slamnav/install/nav2_map_server:/home/pierres/COURS/slamnav/install/nav2_util:/home/pierres/COURS/slamnav/install/nav2_msgs:/home/pierres/COURS/slamnav/install/nav2_common:${AMENT_PREFIX_PATH} CMAKE_PREFIX_PATH=/home/pierres/COURS/slamnav/install/nav2_map_server:/home/pierres/COURS/slamnav/install/nav2_util:/home/pierres/COURS/slamnav/install/nav2_msgs:/home/pierres/COURS/slamnav/install/nav2_common:/home/pierres/COURS/slamnav/install/slam_toolbox:/opt/ros/humble:/home/pierres/COURS/slamnav/install/slamnav_turtlebot LD_LIBRARY_PATH=/home/pierres/COURS/slamnav/install/nav2_map_server/lib:/home/pierres/COURS/slamnav/install/nav2_util/lib:/home/pierres/COURS/slamnav/install/nav2_msgs/lib:${LD_LIBRARY_PATH} PYTHONPATH=/home/pierres/COURS/slamnav/install/nav2_msgs/local/lib/python3.10/dist-packages:/home/pierres/COURS/slamnav/install/nav2_common/local/lib/python3.10/dist-packages:${PYTHONPATH} /usr/bin/cmake --build /home/pierres/COURS/slamnav/build/slam_toolbox -- -j16 -l16
[14.433s] Invoking command in '/home/pierres/COURS/slamnav/build/slam_toolbox': AMENT_PREFIX_PATH=/home/pierres/COURS/slamnav/install/nav2_map_server:/home/pierres/COURS/slamnav/install/nav2_util:/home/pierres/COURS/slamnav/install/nav2_msgs:/home/pierres/COURS/slamnav/install/nav2_common:${AMENT_PREFIX_PATH} CMAKE_PREFIX_PATH=/home/pierres/COURS/slamnav/install/nav2_map_server:/home/pierres/COURS/slamnav/install/nav2_util:/home/pierres/COURS/slamnav/install/nav2_msgs:/home/pierres/COURS/slamnav/install/nav2_common:/home/pierres/COURS/slamnav/install/slam_toolbox:/opt/ros/humble:/home/pierres/COURS/slamnav/install/slamnav_turtlebot LD_LIBRARY_PATH=/home/pierres/COURS/slamnav/install/nav2_map_server/lib:/home/pierres/COURS/slamnav/install/nav2_util/lib:/home/pierres/COURS/slamnav/install/nav2_msgs/lib:${LD_LIBRARY_PATH} PYTHONPATH=/home/pierres/COURS/slamnav/install/nav2_msgs/local/lib/python3.10/dist-packages:/home/pierres/COURS/slamnav/install/nav2_common/local/lib/python3.10/dist-packages:${PYTHONPATH} /usr/bin/cmake --install /home/pierres/COURS/slamnav/build/slam_toolbox
[14.446s] -- Install configuration: "Release"
[14.447s] -- Execute custom install script
[14.447s] -- Up-to-date symlink: /home/pierres/COURS/slamnav/install/slam_toolbox/include//karto_sdk/Karto.h
[14.448s] -- Up-to-date symlink: /home/pierres/COURS/slamnav/install/slam_toolbox/include//karto_sdk/Macros.h
[14.449s] -- Up-to-date symlink: /home/pierres/COURS/slamnav/install/slam_toolbox/include//karto_sdk/Mapper.h
[14.450s] -- Up-to-date symlink: /home/pierres/COURS/slamnav/install/slam_toolbox/include//karto_sdk/Math.h
[14.450s] -- Up-to-date symlink: /home/pierres/COURS/slamnav/install/slam_toolbox/include//karto_sdk/Types.h
[14.451s] -- Up-to-date symlink: /home/pierres/COURS/slamnav/install/slam_toolbox/include//karto_sdk/nanoflann.hpp
[14.453s] -- Up-to-date symlink: /home/pierres/COURS/slamnav/install/slam_toolbox/include//karto_sdk/nanoflann_adaptors.h
[14.453s] -- Up-to-date symlink: /home/pierres/COURS/slamnav/install/slam_toolbox/share/ament_index/resource_index/rosidl_interfaces/slam_toolbox
[14.454s] -- Up-to-date symlink: /home/pierres/COURS/slamnav/install/slam_toolbox/include/slam_toolbox/slam_toolbox/msg/rosidl_generator_c__visibility_control.h
[14.455s] -- Up-to-date symlink: /home/pierres/COURS/slamnav/install/slam_toolbox/include/slam_toolbox/slam_toolbox/srv/add_submap.h
[14.456s] -- Up-to-date symlink: /home/pierres/COURS/slamnav/install/slam_toolbox/include/slam_toolbox/slam_toolbox/srv/clear.h
[14.457s] -- Up-to-date symlink: /home/pierres/COURS/slamnav/install/slam_toolbox/include/slam_toolbox/slam_toolbox/srv/clear_queue.h
[14.458s] -- Up-to-date symlink: /home/pierres/COURS/slamnav/install/slam_toolbox/include/slam_toolbox/slam_toolbox/srv/deserialize_pose_graph.h
[14.459s] -- Up-to-date symlink: /home/pierres/COURS/slamnav/install/slam_toolbox/include/slam_toolbox/slam_toolbox/srv/detail/add_submap__functions.h
[14.459s] -- Up-to-date symlink: /home/pierres/COURS/slamnav/install/slam_toolbox/include/slam_toolbox/slam_toolbox/srv/detail/add_submap__struct.h
[14.460s] -- Up-to-date symlink: /home/pierres/COURS/slamnav/install/slam_toolbox/include/slam_toolbox/slam_toolbox/srv/detail/add_submap__type_support.h
[14.461s] -- Up-to-date symlink: /home/pierres/COURS/slamnav/install/slam_toolbox/include/slam_toolbox/slam_toolbox/srv/detail/clear__functions.h
[14.461s] -- Up-to-date symlink: /home/pierres/COURS/slamnav/install/slam_toolbox/include/slam_toolbox/slam_toolbox/srv/detail/clear__struct.h
[14.462s] -- Up-to-date symlink: /home/pierres/COURS/slamnav/install/slam_toolbox/include/slam_toolbox/slam_toolbox/srv/detail/clear__type_support.h
[14.462s] -- Up-to-date symlink: /home/pierres/COURS/slamnav/install/slam_toolbox/include/slam_toolbox/slam_toolbox/srv/detail/clear_queue__functions.h
[14.464s] -- Up-to-date symlink: /home/pierres/COURS/slamnav/install/slam_toolbox/include/slam_toolbox/slam_toolbox/srv/detail/clear_queue__struct.h
[14.465s] -- Up-to-date symlink: /home/pierres/COURS/slamnav/install/slam_toolbox/include/slam_toolbox/slam_toolbox/srv/detail/clear_queue__type_support.h
[14.465s] -- Up-to-date symlink: /home/pierres/COURS/slamnav/install/slam_toolbox/include/slam_toolbox/slam_toolbox/srv/detail/deserialize_pose_graph__functions.h
[14.467s] -- Up-to-date symlink: /home/pierres/COURS/slamnav/install/slam_toolbox/include/slam_toolbox/slam_toolbox/srv/detail/deserialize_pose_graph__struct.h
[14.468s] -- Up-to-date symlink: /home/pierres/COURS/slamnav/install/slam_toolbox/include/slam_toolbox/slam_toolbox/srv/detail/deserialize_pose_graph__type_support.h
[14.468s] -- Up-to-date symlink: /home/pierres/COURS/slamnav/install/slam_toolbox/include/slam_toolbox/slam_toolbox/srv/detail/loop_closure__functions.h
[14.469s] -- Up-to-date symlink: /home/pierres/COURS/slamnav/install/slam_toolbox/include/slam_toolbox/slam_toolbox/srv/detail/loop_closure__struct.h
[14.469s] -- Up-to-date symlink: /home/pierres/COURS/slamnav/install/slam_toolbox/include/slam_toolbox/slam_toolbox/srv/detail/loop_closure__type_support.h
[14.469s] -- Up-to-date symlink: /home/pierres/COURS/slamnav/install/slam_toolbox/include/slam_toolbox/slam_toolbox/srv/detail/merge_maps__functions.h
[14.469s] -- Up-to-date symlink: /home/pierres/COURS/slamnav/install/slam_toolbox/include/slam_toolbox/slam_toolbox/srv/detail/merge_maps__struct.h
[14.470s] -- Up-to-date symlink: /home/pierres/COURS/slamnav/install/slam_toolbox/include/slam_toolbox/slam_toolbox/srv/detail/merge_maps__type_support.h
[14.470s] -- Up-to-date symlink: /home/pierres/COURS/slamnav/install/slam_toolbox/include/slam_toolbox/slam_toolbox/srv/detail/pause__functions.h
[14.470s] -- Up-to-date symlink: /home/pierres/COURS/slamnav/install/slam_toolbox/include/slam_toolbox/slam_toolbox/srv/detail/pause__struct.h
[14.470s] -- Up-to-date symlink: /home/pierres/COURS/slamnav/install/slam_toolbox/include/slam_toolbox/slam_toolbox/srv/detail/pause__type_support.h
[14.470s] -- Up-to-date symlink: /home/pierres/COURS/slamnav/install/slam_toolbox/include/slam_toolbox/slam_toolbox/srv/detail/save_map__functions.h
[14.470s] -- Up-to-date symlink: /home/pierres/COURS/slamnav/install/slam_toolbox/include/slam_toolbox/slam_toolbox/srv/detail/save_map__struct.h
[14.472s] -- Up-to-date symlink: /home/pierres/COURS/slamnav/install/slam_toolbox/include/slam_toolbox/slam_toolbox/srv/detail/save_map__type_support.h
[14.473s] -- Up-to-date symlink: /home/pierres/COURS/slamnav/install/slam_toolbox/include/slam_toolbox/slam_toolbox/srv/detail/serialize_pose_graph__functions.h
[14.473s] -- Up-to-date symlink: /home/pierres/COURS/slamnav/install/slam_toolbox/include/slam_toolbox/slam_toolbox/srv/detail/serialize_pose_graph__struct.h
[14.474s] -- Up-to-date symlink: /home/pierres/COURS/slamnav/install/slam_toolbox/include/slam_toolbox/slam_toolbox/srv/detail/serialize_pose_graph__type_support.h
[14.475s] -- Up-to-date symlink: /home/pierres/COURS/slamnav/install/slam_toolbox/include/slam_toolbox/slam_toolbox/srv/detail/toggle_interactive__functions.h
[14.475s] -- Up-to-date symlink: /home/pierres/COURS/slamnav/install/slam_toolbox/include/slam_toolbox/slam_toolbox/srv/detail/toggle_interactive__struct.h
[14.478s] -- Up-to-date symlink: /home/pierres/COURS/slamnav/install/slam_toolbox/include/slam_toolbox/slam_toolbox/srv/detail/toggle_interactive__type_support.h
[14.478s] -- Up-to-date symlink: /home/pierres/COURS/slamnav/install/slam_toolbox/include/slam_toolbox/slam_toolbox/srv/loop_closure.h
[14.478s] -- Up-to-date symlink: /home/pierres/COURS/slamnav/install/slam_toolbox/include/slam_toolbox/slam_toolbox/srv/merge_maps.h
[14.478s] -- Up-to-date symlink: /home/pierres/COURS/slamnav/install/slam_toolbox/include/slam_toolbox/slam_toolbox/srv/pause.h
[14.479s] -- Up-to-date symlink: /home/pierres/COURS/slamnav/install/slam_toolbox/include/slam_toolbox/slam_toolbox/srv/save_map.h
[14.480s] -- Up-to-date symlink: /home/pierres/COURS/slamnav/install/slam_toolbox/include/slam_toolbox/slam_toolbox/srv/serialize_pose_graph.h
[14.480s] -- Up-to-date symlink: /home/pierres/COURS/slamnav/install/slam_toolbox/include/slam_toolbox/slam_toolbox/srv/toggle_interactive.h
[14.480s] -- Up-to-date symlink: /home/pierres/COURS/slamnav/install/slam_toolbox/share/slam_toolbox/environment/library_path.sh
[14.480s] -- Up-to-date symlink: /home/pierres/COURS/slamnav/install/slam_toolbox/share/slam_toolbox/environment/library_path.dsv
[14.480s] -- Up-to-date symlink: /home/pierres/COURS/slamnav/install/slam_toolbox/include/slam_toolbox/slam_toolbox/msg/rosidl_typesupport_fastrtps_c__visibility_control.h
[14.481s] -- Up-to-date symlink: /home/pierres/COURS/slamnav/install/slam_toolbox/include/slam_toolbox/slam_toolbox/srv/detail/add_submap__rosidl_typesupport_fastrtps_c.h
[14.482s] -- Up-to-date symlink: /home/pierres/COURS/slamnav/install/slam_toolbox/include/slam_toolbox/slam_toolbox/srv/detail/clear__rosidl_typesupport_fastrtps_c.h
[14.482s] -- Up-to-date symlink: /home/pierres/COURS/slamnav/install/slam_toolbox/include/slam_toolbox/slam_toolbox/srv/detail/clear_queue__rosidl_typesupport_fastrtps_c.h
[14.483s] -- Up-to-date symlink: /home/pierres/COURS/slamnav/install/slam_toolbox/include/slam_toolbox/slam_toolbox/srv/detail/deserialize_pose_graph__rosidl_typesupport_fastrtps_c.h
[14.483s] -- Up-to-date symlink: /home/pierres/COURS/slamnav/install/slam_toolbox/include/slam_toolbox/slam_toolbox/srv/detail/loop_closure__rosidl_typesupport_fastrtps_c.h
[14.483s] -- Up-to-date symlink: /home/pierres/COURS/slamnav/install/slam_toolbox/include/slam_toolbox/slam_toolbox/srv/detail/merge_maps__rosidl_typesupport_fastrtps_c.h
[14.483s] -- Up-to-date symlink: /home/pierres/COURS/slamnav/install/slam_toolbox/include/slam_toolbox/slam_toolbox/srv/detail/pause__rosidl_typesupport_fastrtps_c.h
[14.483s] -- Up-to-date symlink: /home/pierres/COURS/slamnav/install/slam_toolbox/include/slam_toolbox/slam_toolbox/srv/detail/save_map__rosidl_typesupport_fastrtps_c.h
[14.483s] -- Up-to-date symlink: /home/pierres/COURS/slamnav/install/slam_toolbox/include/slam_toolbox/slam_toolbox/srv/detail/serialize_pose_graph__rosidl_typesupport_fastrtps_c.h
[14.483s] -- Up-to-date symlink: /home/pierres/COURS/slamnav/install/slam_toolbox/include/slam_toolbox/slam_toolbox/srv/detail/toggle_interactive__rosidl_typesupport_fastrtps_c.h
[14.483s] -- Up-to-date symlink: /home/pierres/COURS/slamnav/install/slam_toolbox/include/slam_toolbox/slam_toolbox/srv/add_submap.hpp
[14.483s] -- Up-to-date symlink: /home/pierres/COURS/slamnav/install/slam_toolbox/include/slam_toolbox/slam_toolbox/srv/clear.hpp
[14.486s] -- Up-to-date symlink: /home/pierres/COURS/slamnav/install/slam_toolbox/include/slam_toolbox/slam_toolbox/srv/clear_queue.hpp
[14.486s] -- Up-to-date symlink: /home/pierres/COURS/slamnav/install/slam_toolbox/include/slam_toolbox/slam_toolbox/srv/deserialize_pose_graph.hpp
[14.487s] -- Up-to-date symlink: /home/pierres/COURS/slamnav/install/slam_toolbox/include/slam_toolbox/slam_toolbox/srv/detail/add_submap__builder.hpp
[14.487s] -- Up-to-date symlink: /home/pierres/COURS/slamnav/install/slam_toolbox/include/slam_toolbox/slam_toolbox/srv/detail/add_submap__struct.hpp
[14.487s] -- Up-to-date symlink: /home/pierres/COURS/slamnav/install/slam_toolbox/include/slam_toolbox/slam_toolbox/srv/detail/add_submap__traits.hpp
[14.488s] -- Up-to-date symlink: /home/pierres/COURS/slamnav/install/slam_toolbox/include/slam_toolbox/slam_toolbox/srv/detail/clear__builder.hpp
[14.488s] -- Up-to-date symlink: /home/pierres/COURS/slamnav/install/slam_toolbox/include/slam_toolbox/slam_toolbox/srv/detail/clear__struct.hpp
[14.488s] -- Up-to-date symlink: /home/pierres/COURS/slamnav/install/slam_toolbox/include/slam_toolbox/slam_toolbox/srv/detail/clear__traits.hpp
[14.489s] -- Up-to-date symlink: /home/pierres/COURS/slamnav/install/slam_toolbox/include/slam_toolbox/slam_toolbox/srv/detail/clear_queue__builder.hpp
[14.489s] -- Up-to-date symlink: /home/pierres/COURS/slamnav/install/slam_toolbox/include/slam_toolbox/slam_toolbox/srv/detail/clear_queue__struct.hpp
[14.490s] -- Up-to-date symlink: /home/pierres/COURS/slamnav/install/slam_toolbox/include/slam_toolbox/slam_toolbox/srv/detail/clear_queue__traits.hpp
[14.491s] -- Up-to-date symlink: /home/pierres/COURS/slamnav/install/slam_toolbox/include/slam_toolbox/slam_toolbox/srv/detail/deserialize_pose_graph__builder.hpp
[14.491s] -- Up-to-date symlink: /home/pierres/COURS/slamnav/install/slam_toolbox/include/slam_toolbox/slam_toolbox/srv/detail/deserialize_pose_graph__struct.hpp
[14.491s] -- Up-to-date symlink: /home/pierres/COURS/slamnav/install/slam_toolbox/include/slam_toolbox/slam_toolbox/srv/detail/deserialize_pose_graph__traits.hpp
[14.492s] -- Up-to-date symlink: /home/pierres/COURS/slamnav/install/slam_toolbox/include/slam_toolbox/slam_toolbox/srv/detail/loop_closure__builder.hpp
[14.503s] -- Up-to-date symlink: /home/pierres/COURS/slamnav/install/slam_toolbox/include/slam_toolbox/slam_toolbox/srv/detail/loop_closure__struct.hpp
[14.503s] -- Up-to-date symlink: /home/pierres/COURS/slamnav/install/slam_toolbox/include/slam_toolbox/slam_toolbox/srv/detail/loop_closure__traits.hpp
[14.503s] -- Up-to-date symlink: /home/pierres/COURS/slamnav/install/slam_toolbox/include/slam_toolbox/slam_toolbox/srv/detail/merge_maps__builder.hpp
[14.504s] -- Up-to-date symlink: /home/pierres/COURS/slamnav/install/slam_toolbox/include/slam_toolbox/slam_toolbox/srv/detail/merge_maps__struct.hpp
[14.504s] -- Up-to-date symlink: /home/pierres/COURS/slamnav/install/slam_toolbox/include/slam_toolbox/slam_toolbox/srv/detail/merge_maps__traits.hpp
[14.504s] -- Up-to-date symlink: /home/pierres/COURS/slamnav/install/slam_toolbox/include/slam_toolbox/slam_toolbox/srv/detail/pause__builder.hpp
[14.504s] -- Up-to-date symlink: /home/pierres/COURS/slamnav/install/slam_toolbox/include/slam_toolbox/slam_toolbox/srv/detail/pause__struct.hpp
[14.504s] -- Up-to-date symlink: /home/pierres/COURS/slamnav/install/slam_toolbox/include/slam_toolbox/slam_toolbox/srv/detail/pause__traits.hpp
[14.504s] -- Up-to-date symlink: /home/pierres/COURS/slamnav/install/slam_toolbox/include/slam_toolbox/slam_toolbox/srv/detail/save_map__builder.hpp
[14.504s] -- Up-to-date symlink: /home/pierres/COURS/slamnav/install/slam_toolbox/include/slam_toolbox/slam_toolbox/srv/detail/save_map__struct.hpp
[14.504s] -- Up-to-date symlink: /home/pierres/COURS/slamnav/install/slam_toolbox/include/slam_toolbox/slam_toolbox/srv/detail/save_map__traits.hpp
[14.505s] -- Up-to-date symlink: /home/pierres/COURS/slamnav/install/slam_toolbox/include/slam_toolbox/slam_toolbox/srv/detail/serialize_pose_graph__builder.hpp
[14.505s] -- Up-to-date symlink: /home/pierres/COURS/slamnav/install/slam_toolbox/include/slam_toolbox/slam_toolbox/srv/detail/serialize_pose_graph__struct.hpp
[14.505s] -- Up-to-date symlink: /home/pierres/COURS/slamnav/install/slam_toolbox/include/slam_toolbox/slam_toolbox/srv/detail/serialize_pose_graph__traits.hpp
[14.505s] -- Up-to-date symlink: /home/pierres/COURS/slamnav/install/slam_toolbox/include/slam_toolbox/slam_toolbox/srv/detail/toggle_interactive__builder.hpp
[14.505s] -- Up-to-date symlink: /home/pierres/COURS/slamnav/install/slam_toolbox/include/slam_toolbox/slam_toolbox/srv/detail/toggle_interactive__struct.hpp
[14.505s] -- Up-to-date symlink: /home/pierres/COURS/slamnav/install/slam_toolbox/include/slam_toolbox/slam_toolbox/srv/detail/toggle_interactive__traits.hpp
[14.505s] -- Up-to-date symlink: /home/pierres/COURS/slamnav/install/slam_toolbox/include/slam_toolbox/slam_toolbox/srv/loop_closure.hpp
[14.506s] -- Up-to-date symlink: /home/pierres/COURS/slamnav/install/slam_toolbox/include/slam_toolbox/slam_toolbox/srv/merge_maps.hpp
[14.506s] -- Up-to-date symlink: /home/pierres/COURS/slamnav/install/slam_toolbox/include/slam_toolbox/slam_toolbox/srv/pause.hpp
[14.506s] -- Up-to-date symlink: /home/pierres/COURS/slamnav/install/slam_toolbox/include/slam_toolbox/slam_toolbox/srv/save_map.hpp
[14.510s] -- Up-to-date symlink: /home/pierres/COURS/slamnav/install/slam_toolbox/include/slam_toolbox/slam_toolbox/srv/serialize_pose_graph.hpp
[14.510s] -- Up-to-date symlink: /home/pierres/COURS/slamnav/install/slam_toolbox/include/slam_toolbox/slam_toolbox/srv/toggle_interactive.hpp
[14.511s] -- Up-to-date symlink: /home/pierres/COURS/slamnav/install/slam_toolbox/include/slam_toolbox/slam_toolbox/msg/rosidl_typesupport_fastrtps_cpp__visibility_control.h
[14.511s] -- Up-to-date symlink: /home/pierres/COURS/slamnav/install/slam_toolbox/include/slam_toolbox/slam_toolbox/srv/detail/add_submap__rosidl_typesupport_fastrtps_cpp.hpp
[14.511s] -- Up-to-date symlink: /home/pierres/COURS/slamnav/install/slam_toolbox/include/slam_toolbox/slam_toolbox/srv/detail/clear__rosidl_typesupport_fastrtps_cpp.hpp
[14.511s] -- Up-to-date symlink: /home/pierres/COURS/slamnav/install/slam_toolbox/include/slam_toolbox/slam_toolbox/srv/detail/clear_queue__rosidl_typesupport_fastrtps_cpp.hpp
[14.511s] -- Up-to-date symlink: /home/pierres/COURS/slamnav/install/slam_toolbox/include/slam_toolbox/slam_toolbox/srv/detail/deserialize_pose_graph__rosidl_typesupport_fastrtps_cpp.hpp
[14.511s] -- Up-to-date symlink: /home/pierres/COURS/slamnav/install/slam_toolbox/include/slam_toolbox/slam_toolbox/srv/detail/loop_closure__rosidl_typesupport_fastrtps_cpp.hpp
[14.511s] -- Up-to-date symlink: /home/pierres/COURS/slamnav/install/slam_toolbox/include/slam_toolbox/slam_toolbox/srv/detail/merge_maps__rosidl_typesupport_fastrtps_cpp.hpp
[14.512s] -- Up-to-date symlink: /home/pierres/COURS/slamnav/install/slam_toolbox/include/slam_toolbox/slam_toolbox/srv/detail/pause__rosidl_typesupport_fastrtps_cpp.hpp
[14.512s] -- Up-to-date symlink: /home/pierres/COURS/slamnav/install/slam_toolbox/include/slam_toolbox/slam_toolbox/srv/detail/save_map__rosidl_typesupport_fastrtps_cpp.hpp
[14.512s] -- Up-to-date symlink: /home/pierres/COURS/slamnav/install/slam_toolbox/include/slam_toolbox/slam_toolbox/srv/detail/serialize_pose_graph__rosidl_typesupport_fastrtps_cpp.hpp
[14.512s] -- Up-to-date symlink: /home/pierres/COURS/slamnav/install/slam_toolbox/include/slam_toolbox/slam_toolbox/srv/detail/toggle_interactive__rosidl_typesupport_fastrtps_cpp.hpp
[14.512s] -- Up-to-date symlink: /home/pierres/COURS/slamnav/install/slam_toolbox/include/slam_toolbox/slam_toolbox/msg/rosidl_typesupport_introspection_c__visibility_control.h
[14.512s] -- Up-to-date symlink: /home/pierres/COURS/slamnav/install/slam_toolbox/include/slam_toolbox/slam_toolbox/srv/detail/add_submap__rosidl_typesupport_introspection_c.h
[14.512s] -- Up-to-date symlink: /home/pierres/COURS/slamnav/install/slam_toolbox/include/slam_toolbox/slam_toolbox/srv/detail/clear__rosidl_typesupport_introspection_c.h
[14.512s] -- Up-to-date symlink: /home/pierres/COURS/slamnav/install/slam_toolbox/include/slam_toolbox/slam_toolbox/srv/detail/clear_queue__rosidl_typesupport_introspection_c.h
[14.513s] -- Up-to-date symlink: /home/pierres/COURS/slamnav/install/slam_toolbox/include/slam_toolbox/slam_toolbox/srv/detail/deserialize_pose_graph__rosidl_typesupport_introspection_c.h
[14.513s] -- Up-to-date symlink: /home/pierres/COURS/slamnav/install/slam_toolbox/include/slam_toolbox/slam_toolbox/srv/detail/loop_closure__rosidl_typesupport_introspection_c.h
[14.513s] -- Up-to-date symlink: /home/pierres/COURS/slamnav/install/slam_toolbox/include/slam_toolbox/slam_toolbox/srv/detail/merge_maps__rosidl_typesupport_introspection_c.h
[14.513s] -- Up-to-date symlink: /home/pierres/COURS/slamnav/install/slam_toolbox/include/slam_toolbox/slam_toolbox/srv/detail/pause__rosidl_typesupport_introspection_c.h
[14.513s] -- Up-to-date symlink: /home/pierres/COURS/slamnav/install/slam_toolbox/include/slam_toolbox/slam_toolbox/srv/detail/save_map__rosidl_typesupport_introspection_c.h
[14.513s] -- Up-to-date symlink: /home/pierres/COURS/slamnav/install/slam_toolbox/include/slam_toolbox/slam_toolbox/srv/detail/serialize_pose_graph__rosidl_typesupport_introspection_c.h
[14.513s] -- Up-to-date symlink: /home/pierres/COURS/slamnav/install/slam_toolbox/include/slam_toolbox/slam_toolbox/srv/detail/toggle_interactive__rosidl_typesupport_introspection_c.h
[14.513s] -- Up-to-date symlink: /home/pierres/COURS/slamnav/install/slam_toolbox/include/slam_toolbox/slam_toolbox/srv/detail/add_submap__rosidl_typesupport_introspection_cpp.hpp
[14.514s] -- Up-to-date symlink: /home/pierres/COURS/slamnav/install/slam_toolbox/include/slam_toolbox/slam_toolbox/srv/detail/clear__rosidl_typesupport_introspection_cpp.hpp
[14.514s] -- Up-to-date symlink: /home/pierres/COURS/slamnav/install/slam_toolbox/include/slam_toolbox/slam_toolbox/srv/detail/clear_queue__rosidl_typesupport_introspection_cpp.hpp
[14.517s] -- Up-to-date symlink: /home/pierres/COURS/slamnav/install/slam_toolbox/include/slam_toolbox/slam_toolbox/srv/detail/deserialize_pose_graph__rosidl_typesupport_introspection_cpp.hpp
[14.517s] -- Up-to-date symlink: /home/pierres/COURS/slamnav/install/slam_toolbox/include/slam_toolbox/slam_toolbox/srv/detail/loop_closure__rosidl_typesupport_introspection_cpp.hpp
[14.517s] -- Up-to-date symlink: /home/pierres/COURS/slamnav/install/slam_toolbox/include/slam_toolbox/slam_toolbox/srv/detail/merge_maps__rosidl_typesupport_introspection_cpp.hpp
[14.518s] -- Up-to-date symlink: /home/pierres/COURS/slamnav/install/slam_toolbox/include/slam_toolbox/slam_toolbox/srv/detail/pause__rosidl_typesupport_introspection_cpp.hpp
[14.518s] -- Up-to-date symlink: /home/pierres/COURS/slamnav/install/slam_toolbox/include/slam_toolbox/slam_toolbox/srv/detail/save_map__rosidl_typesupport_introspection_cpp.hpp
[14.518s] -- Up-to-date symlink: /home/pierres/COURS/slamnav/install/slam_toolbox/include/slam_toolbox/slam_toolbox/srv/detail/serialize_pose_graph__rosidl_typesupport_introspection_cpp.hpp
[14.518s] -- Up-to-date symlink: /home/pierres/COURS/slamnav/install/slam_toolbox/include/slam_toolbox/slam_toolbox/srv/detail/toggle_interactive__rosidl_typesupport_introspection_cpp.hpp
[14.518s] -- Up-to-date symlink: /home/pierres/COURS/slamnav/install/slam_toolbox/share/slam_toolbox/environment/pythonpath.sh
[14.518s] -- Up-to-date symlink: /home/pierres/COURS/slamnav/install/slam_toolbox/share/slam_toolbox/environment/pythonpath.dsv
[14.519s] -- Up-to-date symlink: /home/pierres/COURS/slamnav/install/slam_toolbox/local/lib/python3.10/dist-packages/slam_toolbox-2.6.8-py3.10.egg-info/PKG-INFO
[14.519s] -- Up-to-date symlink: /home/pierres/COURS/slamnav/install/slam_toolbox/local/lib/python3.10/dist-packages/slam_toolbox-2.6.8-py3.10.egg-info/SOURCES.txt
[14.519s] -- Up-to-date symlink: /home/pierres/COURS/slamnav/install/slam_toolbox/local/lib/python3.10/dist-packages/slam_toolbox-2.6.8-py3.10.egg-info/dependency_links.txt
[14.519s] -- Up-to-date symlink: /home/pierres/COURS/slamnav/install/slam_toolbox/local/lib/python3.10/dist-packages/slam_toolbox-2.6.8-py3.10.egg-info/top_level.txt
[14.519s] -- Up-to-date symlink: /home/pierres/COURS/slamnav/install/slam_toolbox/local/lib/python3.10/dist-packages/slam_toolbox/__init__.py
[14.519s] -- Up-to-date symlink: /home/pierres/COURS/slamnav/install/slam_toolbox/local/lib/python3.10/dist-packages/slam_toolbox/_slam_toolbox_s.ep.rosidl_typesupport_c.c
[14.519s] -- Up-to-date symlink: /home/pierres/COURS/slamnav/install/slam_toolbox/local/lib/python3.10/dist-packages/slam_toolbox/_slam_toolbox_s.ep.rosidl_typesupport_fastrtps_c.c
[14.519s] -- Up-to-date symlink: /home/pierres/COURS/slamnav/install/slam_toolbox/local/lib/python3.10/dist-packages/slam_toolbox/_slam_toolbox_s.ep.rosidl_typesupport_introspection_c.c
[14.520s] -- Up-to-date symlink: /home/pierres/COURS/slamnav/install/slam_toolbox/local/lib/python3.10/dist-packages/slam_toolbox/libslam_toolbox__rosidl_generator_py.so
[14.520s] -- Up-to-date symlink: /home/pierres/COURS/slamnav/install/slam_toolbox/local/lib/python3.10/dist-packages/slam_toolbox/slam_toolbox_s__rosidl_typesupport_c.cpython-310-x86_64-linux-gnu.so
[14.520s] -- Up-to-date symlink: /home/pierres/COURS/slamnav/install/slam_toolbox/local/lib/python3.10/dist-packages/slam_toolbox/slam_toolbox_s__rosidl_typesupport_fastrtps_c.cpython-310-x86_64-linux-gnu.so
[14.520s] -- Up-to-date symlink: /home/pierres/COURS/slamnav/install/slam_toolbox/local/lib/python3.10/dist-packages/slam_toolbox/slam_toolbox_s__rosidl_typesupport_introspection_c.cpython-310-x86_64-linux-gnu.so
[14.520s] -- Up-to-date symlink: /home/pierres/COURS/slamnav/install/slam_toolbox/local/lib/python3.10/dist-packages/slam_toolbox/srv/__init__.py
[14.520s] -- Up-to-date symlink: /home/pierres/COURS/slamnav/install/slam_toolbox/local/lib/python3.10/dist-packages/slam_toolbox/srv/_add_submap.py
[14.520s] -- Up-to-date symlink: /home/pierres/COURS/slamnav/install/slam_toolbox/local/lib/python3.10/dist-packages/slam_toolbox/srv/_add_submap_s.c
[14.520s] -- Up-to-date symlink: /home/pierres/COURS/slamnav/install/slam_toolbox/local/lib/python3.10/dist-packages/slam_toolbox/srv/_clear.py
[14.520s] -- Up-to-date symlink: /home/pierres/COURS/slamnav/install/slam_toolbox/local/lib/python3.10/dist-packages/slam_toolbox/srv/_clear_queue.py
[14.521s] -- Up-to-date symlink: /home/pierres/COURS/slamnav/install/slam_toolbox/local/lib/python3.10/dist-packages/slam_toolbox/srv/_clear_queue_s.c
[14.521s] -- Up-to-date symlink: /home/pierres/COURS/slamnav/install/slam_toolbox/local/lib/python3.10/dist-packages/slam_toolbox/srv/_clear_s.c
[14.525s] -- Up-to-date symlink: /home/pierres/COURS/slamnav/install/slam_toolbox/local/lib/python3.10/dist-packages/slam_toolbox/srv/_deserialize_pose_graph.py
[14.525s] -- Up-to-date symlink: /home/pierres/COURS/slamnav/install/slam_toolbox/local/lib/python3.10/dist-packages/slam_toolbox/srv/_deserialize_pose_graph_s.c
[14.526s] -- Up-to-date symlink: /home/pierres/COURS/slamnav/install/slam_toolbox/local/lib/python3.10/dist-packages/slam_toolbox/srv/_loop_closure.py
[14.526s] -- Up-to-date symlink: /home/pierres/COURS/slamnav/install/slam_toolbox/local/lib/python3.10/dist-packages/slam_toolbox/srv/_loop_closure_s.c
[14.526s] -- Up-to-date symlink: /home/pierres/COURS/slamnav/install/slam_toolbox/local/lib/python3.10/dist-packages/slam_toolbox/srv/_merge_maps.py
[14.526s] -- Up-to-date symlink: /home/pierres/COURS/slamnav/install/slam_toolbox/local/lib/python3.10/dist-packages/slam_toolbox/srv/_merge_maps_s.c
[14.526s] -- Up-to-date symlink: /home/pierres/COURS/slamnav/install/slam_toolbox/local/lib/python3.10/dist-packages/slam_toolbox/srv/_pause.py
[14.526s] -- Up-to-date symlink: /home/pierres/COURS/slamnav/install/slam_toolbox/local/lib/python3.10/dist-packages/slam_toolbox/srv/_pause_s.c
[14.526s] -- Up-to-date symlink: /home/pierres/COURS/slamnav/install/slam_toolbox/local/lib/python3.10/dist-packages/slam_toolbox/srv/_save_map.py
[14.526s] -- Up-to-date symlink: /home/pierres/COURS/slamnav/install/slam_toolbox/local/lib/python3.10/dist-packages/slam_toolbox/srv/_save_map_s.c
[14.527s] -- Up-to-date symlink: /home/pierres/COURS/slamnav/install/slam_toolbox/local/lib/python3.10/dist-packages/slam_toolbox/srv/_serialize_pose_graph.py
[14.527s] -- Up-to-date symlink: /home/pierres/COURS/slamnav/install/slam_toolbox/local/lib/python3.10/dist-packages/slam_toolbox/srv/_serialize_pose_graph_s.c
[14.527s] -- Up-to-date symlink: /home/pierres/COURS/slamnav/install/slam_toolbox/local/lib/python3.10/dist-packages/slam_toolbox/srv/_toggle_interactive.py
[14.527s] -- Up-to-date symlink: /home/pierres/COURS/slamnav/install/slam_toolbox/local/lib/python3.10/dist-packages/slam_toolbox/srv/_toggle_interactive_s.c
[14.527s] -- Up-to-date symlink: /home/pierres/COURS/slamnav/install/slam_toolbox/local/lib/python3.10/dist-packages/slam_toolbox/slam_toolbox_s__rosidl_typesupport_fastrtps_c.cpython-310-x86_64-linux-gnu.so
[14.527s] -- Up-to-date symlink: /home/pierres/COURS/slamnav/install/slam_toolbox/local/lib/python3.10/dist-packages/slam_toolbox/slam_toolbox_s__rosidl_typesupport_introspection_c.cpython-310-x86_64-linux-gnu.so
[14.527s] -- Up-to-date symlink: /home/pierres/COURS/slamnav/install/slam_toolbox/local/lib/python3.10/dist-packages/slam_toolbox/slam_toolbox_s__rosidl_typesupport_c.cpython-310-x86_64-linux-gnu.so
[14.528s] -- Up-to-date symlink: /home/pierres/COURS/slamnav/install/slam_toolbox/share/slam_toolbox/srv/Pause.idl
[14.528s] -- Up-to-date symlink: /home/pierres/COURS/slamnav/install/slam_toolbox/share/slam_toolbox/srv/ClearQueue.idl
[14.528s] -- Up-to-date symlink: /home/pierres/COURS/slamnav/install/slam_toolbox/share/slam_toolbox/srv/ToggleInteractive.idl
[14.528s] -- Up-to-date symlink: /home/pierres/COURS/slamnav/install/slam_toolbox/share/slam_toolbox/srv/Clear.idl
[14.528s] -- Up-to-date symlink: /home/pierres/COURS/slamnav/install/slam_toolbox/share/slam_toolbox/srv/SaveMap.idl
[14.528s] -- Up-to-date symlink: /home/pierres/COURS/slamnav/install/slam_toolbox/share/slam_toolbox/srv/LoopClosure.idl
[14.528s] -- Up-to-date symlink: /home/pierres/COURS/slamnav/install/slam_toolbox/share/slam_toolbox/srv/MergeMaps.idl
[14.528s] -- Up-to-date symlink: /home/pierres/COURS/slamnav/install/slam_toolbox/share/slam_toolbox/srv/AddSubmap.idl
[14.529s] -- Up-to-date symlink: /home/pierres/COURS/slamnav/install/slam_toolbox/share/slam_toolbox/srv/DeserializePoseGraph.idl
[14.529s] -- Up-to-date symlink: /home/pierres/COURS/slamnav/install/slam_toolbox/share/slam_toolbox/srv/SerializePoseGraph.idl
[14.532s] -- Up-to-date symlink: /home/pierres/COURS/slamnav/install/slam_toolbox/share/slam_toolbox/srvs/Pause.srv
[14.532s] -- Up-to-date symlink: /home/pierres/COURS/slamnav/install/slam_toolbox/share/slam_toolbox/srvs/Pause_Request.msg
[14.532s] -- Up-to-date symlink: /home/pierres/COURS/slamnav/install/slam_toolbox/share/slam_toolbox/srvs/Pause_Response.msg
[14.533s] -- Up-to-date symlink: /home/pierres/COURS/slamnav/install/slam_toolbox/share/slam_toolbox/srvs/ClearQueue.srv
[14.533s] -- Up-to-date symlink: /home/pierres/COURS/slamnav/install/slam_toolbox/share/slam_toolbox/srvs/ClearQueue_Request.msg
[14.533s] -- Up-to-date symlink: /home/pierres/COURS/slamnav/install/slam_toolbox/share/slam_toolbox/srvs/ClearQueue_Response.msg
[14.533s] -- Up-to-date symlink: /home/pierres/COURS/slamnav/install/slam_toolbox/share/slam_toolbox/srvs/ToggleInteractive.srv
[14.533s] -- Up-to-date symlink: /home/pierres/COURS/slamnav/install/slam_toolbox/share/slam_toolbox/srvs/ToggleInteractive_Request.msg
[14.533s] -- Up-to-date symlink: /home/pierres/COURS/slamnav/install/slam_toolbox/share/slam_toolbox/srvs/ToggleInteractive_Response.msg
[14.533s] -- Up-to-date symlink: /home/pierres/COURS/slamnav/install/slam_toolbox/share/slam_toolbox/srvs/Clear.srv
[14.533s] -- Up-to-date symlink: /home/pierres/COURS/slamnav/install/slam_toolbox/share/slam_toolbox/srvs/Clear_Request.msg
[14.534s] -- Up-to-date symlink: /home/pierres/COURS/slamnav/install/slam_toolbox/share/slam_toolbox/srvs/Clear_Response.msg
[14.534s] -- Up-to-date symlink: /home/pierres/COURS/slamnav/install/slam_toolbox/share/slam_toolbox/srvs/SaveMap.srv
[14.534s] -- Up-to-date symlink: /home/pierres/COURS/slamnav/install/slam_toolbox/share/slam_toolbox/srvs/SaveMap_Request.msg
[14.534s] -- Up-to-date symlink: /home/pierres/COURS/slamnav/install/slam_toolbox/share/slam_toolbox/srvs/SaveMap_Response.msg
[14.534s] -- Up-to-date symlink: /home/pierres/COURS/slamnav/install/slam_toolbox/share/slam_toolbox/srvs/LoopClosure.srv
[14.534s] -- Up-to-date symlink: /home/pierres/COURS/slamnav/install/slam_toolbox/share/slam_toolbox/srvs/LoopClosure_Request.msg
[14.534s] -- Up-to-date symlink: /home/pierres/COURS/slamnav/install/slam_toolbox/share/slam_toolbox/srvs/LoopClosure_Response.msg
[14.538s] -- Up-to-date symlink: /home/pierres/COURS/slamnav/install/slam_toolbox/share/slam_toolbox/srvs/MergeMaps.srv
[14.538s] -- Up-to-date symlink: /home/pierres/COURS/slamnav/install/slam_toolbox/share/slam_toolbox/srvs/MergeMaps_Request.msg
[14.538s] -- Up-to-date symlink: /home/pierres/COURS/slamnav/install/slam_toolbox/share/slam_toolbox/srvs/MergeMaps_Response.msg
[14.539s] -- Up-to-date symlink: /home/pierres/COURS/slamnav/install/slam_toolbox/share/slam_toolbox/srvs/AddSubmap.srv
[14.539s] -- Up-to-date symlink: /home/pierres/COURS/slamnav/install/slam_toolbox/share/slam_toolbox/srvs/AddSubmap_Request.msg
[14.539s] -- Up-to-date symlink: /home/pierres/COURS/slamnav/install/slam_toolbox/share/slam_toolbox/srvs/AddSubmap_Response.msg
[14.539s] -- Up-to-date symlink: /home/pierres/COURS/slamnav/install/slam_toolbox/share/slam_toolbox/srvs/DeserializePoseGraph.srv
[14.539s] -- Up-to-date symlink: /home/pierres/COURS/slamnav/install/slam_toolbox/share/slam_toolbox/srvs/DeserializePoseGraph_Request.msg
[14.539s] -- Up-to-date symlink: /home/pierres/COURS/slamnav/install/slam_toolbox/share/slam_toolbox/srvs/DeserializePoseGraph_Response.msg
[14.539s] -- Up-to-date symlink: /home/pierres/COURS/slamnav/install/slam_toolbox/share/slam_toolbox/srvs/SerializePoseGraph.srv
[14.543s] -- Up-to-date symlink: /home/pierres/COURS/slamnav/install/slam_toolbox/share/slam_toolbox/srvs/SerializePoseGraph_Request.msg
[14.543s] -- Up-to-date symlink: /home/pierres/COURS/slamnav/install/slam_toolbox/share/slam_toolbox/srvs/SerializePoseGraph_Response.msg
[14.543s] -- Up-to-date symlink: /home/pierres/COURS/slamnav/install/slam_toolbox/share/slam_toolbox//rviz_plugins.xml
[14.544s] -- Up-to-date symlink: /home/pierres/COURS/slamnav/install/slam_toolbox/share/slam_toolbox//solver_plugins.xml
[14.544s] -- Up-to-date symlink: /home/pierres/COURS/slamnav/install/slam_toolbox/lib/slam_toolbox/async_slam_toolbox_node
[14.544s] -- Up-to-date symlink: /home/pierres/COURS/slamnav/install/slam_toolbox/lib/slam_toolbox/sync_slam_toolbox_node
[14.544s] -- Up-to-date symlink: /home/pierres/COURS/slamnav/install/slam_toolbox/lib/slam_toolbox/localization_slam_toolbox_node
[14.544s] -- Up-to-date symlink: /home/pierres/COURS/slamnav/install/slam_toolbox/lib/slam_toolbox/map_and_localization_slam_toolbox_node
[14.544s] -- Up-to-date symlink: /home/pierres/COURS/slamnav/install/slam_toolbox/lib/slam_toolbox/merge_maps_kinematic
[14.544s] -- Up-to-date symlink: /home/pierres/COURS/slamnav/install/slam_toolbox/lib/libtoolbox_common.so
[14.544s] -- Up-to-date symlink: /home/pierres/COURS/slamnav/install/slam_toolbox/lib/libSlamToolboxPlugin.so
[14.545s] -- Up-to-date symlink: /home/pierres/COURS/slamnav/install/slam_toolbox/lib/libceres_solver_plugin.so
[14.545s] -- Up-to-date symlink: /home/pierres/COURS/slamnav/install/slam_toolbox/lib/libasync_slam_toolbox.so
[14.545s] -- Up-to-date symlink: /home/pierres/COURS/slamnav/install/slam_toolbox/lib/libsync_slam_toolbox.so
[14.545s] -- Up-to-date symlink: /home/pierres/COURS/slamnav/install/slam_toolbox/lib/liblocalization_slam_toolbox.so
[14.545s] -- Up-to-date symlink: /home/pierres/COURS/slamnav/install/slam_toolbox/lib/liblifelong_slam_toolbox.so
[14.545s] -- Up-to-date symlink: /home/pierres/COURS/slamnav/install/slam_toolbox/lib/libmap_and_localization_slam_toolbox.so
[14.545s] -- Up-to-date symlink: /home/pierres/COURS/slamnav/install/slam_toolbox/lib/libkartoSlamToolbox.so
[14.546s] -- Up-to-date symlink: /home/pierres/COURS/slamnav/install/slam_toolbox/include/slam_toolbox/experimental/slam_toolbox_lifelong.hpp
[14.546s] -- Up-to-date symlink: /home/pierres/COURS/slamnav/install/slam_toolbox/include/slam_toolbox/experimental/slam_toolbox_map_and_localization.hpp
[14.546s] -- Up-to-date symlink: /home/pierres/COURS/slamnav/install/slam_toolbox/include/slam_toolbox/get_pose_helper.hpp
[14.546s] -- Up-to-date symlink: /home/pierres/COURS/slamnav/install/slam_toolbox/include/slam_toolbox/laser_utils.hpp
[14.546s] -- Up-to-date symlink: /home/pierres/COURS/slamnav/install/slam_toolbox/include/slam_toolbox/loop_closure_assistant.hpp
[14.546s] -- Up-to-date symlink: /home/pierres/COURS/slamnav/install/slam_toolbox/include/slam_toolbox/map_saver.hpp
[14.546s] -- Up-to-date symlink: /home/pierres/COURS/slamnav/install/slam_toolbox/include/slam_toolbox/merge_maps_kinematic.hpp
[14.546s] -- Up-to-date symlink: /home/pierres/COURS/slamnav/install/slam_toolbox/include/slam_toolbox/serialization.hpp
[14.547s] -- Up-to-date symlink: /home/pierres/COURS/slamnav/install/slam_toolbox/include/slam_toolbox/slam_mapper.hpp
[14.547s] -- Up-to-date symlink: /home/pierres/COURS/slamnav/install/slam_toolbox/include/slam_toolbox/slam_toolbox_async.hpp
[14.547s] -- Up-to-date symlink: /home/pierres/COURS/slamnav/install/slam_toolbox/include/slam_toolbox/slam_toolbox_common.hpp
[14.550s] -- Up-to-date symlink: /home/pierres/COURS/slamnav/install/slam_toolbox/include/slam_toolbox/slam_toolbox_localization.hpp
[14.550s] -- Up-to-date symlink: /home/pierres/COURS/slamnav/install/slam_toolbox/include/slam_toolbox/slam_toolbox_sync.hpp
[14.550s] -- Up-to-date symlink: /home/pierres/COURS/slamnav/install/slam_toolbox/include/slam_toolbox/snap_utils.hpp
[14.550s] -- Up-to-date symlink: /home/pierres/COURS/slamnav/install/slam_toolbox/include/slam_toolbox/toolbox_msgs.hpp
[14.551s] -- Up-to-date symlink: /home/pierres/COURS/slamnav/install/slam_toolbox/include/slam_toolbox/toolbox_types.hpp
[14.551s] -- Up-to-date symlink: /home/pierres/COURS/slamnav/install/slam_toolbox/include/slam_toolbox/visualization_utils.hpp
[14.551s] -- Up-to-date symlink: /home/pierres/COURS/slamnav/install/slam_toolbox/share/slam_toolbox/launch/localization_launch.py
[14.551s] -- Up-to-date symlink: /home/pierres/COURS/slamnav/install/slam_toolbox/share/slam_toolbox/launch/merge_maps_kinematic_launch.py
[14.551s] -- Up-to-date symlink: /home/pierres/COURS/slamnav/install/slam_toolbox/share/slam_toolbox/launch/offline_launch.py
[14.551s] -- Up-to-date symlink: /home/pierres/COURS/slamnav/install/slam_toolbox/share/slam_toolbox/launch/online_async_launch.py
[14.551s] -- Up-to-date symlink: /home/pierres/COURS/slamnav/install/slam_toolbox/share/slam_toolbox/launch/online_sync_launch.py
[14.552s] -- Up-to-date symlink: /home/pierres/COURS/slamnav/install/slam_toolbox/share/slam_toolbox/config/mapper_params_lifelong.yaml
[14.552s] -- Up-to-date symlink: /home/pierres/COURS/slamnav/install/slam_toolbox/share/slam_toolbox/config/mapper_params_localization.yaml
[14.552s] -- Up-to-date symlink: /home/pierres/COURS/slamnav/install/slam_toolbox/share/slam_toolbox/config/mapper_params_offline.yaml
[14.552s] -- Up-to-date symlink: /home/pierres/COURS/slamnav/install/slam_toolbox/share/slam_toolbox/config/mapper_params_online_async.yaml
[14.552s] -- Up-to-date symlink: /home/pierres/COURS/slamnav/install/slam_toolbox/share/slam_toolbox/config/mapper_params_online_sync.yaml
[14.552s] -- Up-to-date symlink: /home/pierres/COURS/slamnav/install/slam_toolbox/share/slam_toolbox/config/slam_toolbox_default.rviz
[14.552s] -- Up-to-date symlink: /home/pierres/COURS/slamnav/install/slam_toolbox/share/solver_plugins.xml
[14.553s] -- Up-to-date symlink: /home/pierres/COURS/slamnav/install/slam_toolbox/share/rviz_plugins.xml
[14.553s] -- Up-to-date symlink: /home/pierres/COURS/slamnav/install/slam_toolbox/share/ament_index/resource_index/package_run_dependencies/slam_toolbox
[14.553s] -- Up-to-date symlink: /home/pierres/COURS/slamnav/install/slam_toolbox/share/ament_index/resource_index/parent_prefix_path/slam_toolbox
[14.553s] -- Up-to-date symlink: /home/pierres/COURS/slamnav/install/slam_toolbox/share/slam_toolbox/environment/ament_prefix_path.sh
[14.553s] -- Up-to-date symlink: /home/pierres/COURS/slamnav/install/slam_toolbox/share/slam_toolbox/environment/ament_prefix_path.dsv
[14.553s] -- Up-to-date symlink: /home/pierres/COURS/slamnav/install/slam_toolbox/share/slam_toolbox/environment/path.sh
[14.553s] -- Up-to-date symlink: /home/pierres/COURS/slamnav/install/slam_toolbox/share/slam_toolbox/environment/path.dsv
[14.553s] -- Up-to-date symlink: /home/pierres/COURS/slamnav/install/slam_toolbox/share/slam_toolbox/local_setup.bash
[14.554s] -- Up-to-date symlink: /home/pierres/COURS/slamnav/install/slam_toolbox/share/slam_toolbox/local_setup.sh
[14.554s] -- Up-to-date symlink: /home/pierres/COURS/slamnav/install/slam_toolbox/share/slam_toolbox/local_setup.zsh
[14.556s] -- Up-to-date symlink: /home/pierres/COURS/slamnav/install/slam_toolbox/share/slam_toolbox/local_setup.dsv
[14.556s] -- Symlinking: /home/pierres/COURS/slamnav/install/slam_toolbox/share/slam_toolbox/package.dsv
[14.556s] -- Up-to-date symlink: /home/pierres/COURS/slamnav/install/slam_toolbox/share/ament_index/resource_index/packages/slam_toolbox
[14.557s] -- Up-to-date symlink: /home/pierres/COURS/slamnav/install/slam_toolbox/share/ament_index/resource_index/rviz_common__pluginlib__plugin/slam_toolbox
[14.557s] -- Up-to-date symlink: /home/pierres/COURS/slamnav/install/slam_toolbox/share/ament_index/resource_index/slam_toolbox__pluginlib__plugin/slam_toolbox
[14.557s] -- Up-to-date symlink: /home/pierres/COURS/slamnav/install/slam_toolbox/share/ament_index/resource_index/rclcpp_components/slam_toolbox
[14.557s] -- Up-to-date symlink: /home/pierres/COURS/slamnav/install/slam_toolbox/share/slam_toolbox/cmake/rosidl_cmake-extras.cmake
[14.557s] -- Up-to-date symlink: /home/pierres/COURS/slamnav/install/slam_toolbox/share/slam_toolbox/cmake/ament_cmake_export_dependencies-extras.cmake
[14.557s] -- Up-to-date symlink: /home/pierres/COURS/slamnav/install/slam_toolbox/share/slam_toolbox/cmake/ament_cmake_export_include_directories-extras.cmake
[14.557s] -- Up-to-date symlink: /home/pierres/COURS/slamnav/install/slam_toolbox/share/slam_toolbox/cmake/ament_cmake_export_libraries-extras.cmake
[14.558s] -- Up-to-date symlink: /home/pierres/COURS/slamnav/install/slam_toolbox/share/slam_toolbox/cmake/ament_cmake_export_targets-extras.cmake
[14.558s] -- Up-to-date symlink: /home/pierres/COURS/slamnav/install/slam_toolbox/share/slam_toolbox/cmake/rosidl_cmake_export_typesupport_targets-extras.cmake
[14.558s] -- Up-to-date symlink: /home/pierres/COURS/slamnav/install/slam_toolbox/share/slam_toolbox/cmake/rosidl_cmake_export_typesupport_libraries-extras.cmake
[14.558s] -- Up-to-date symlink: /home/pierres/COURS/slamnav/install/slam_toolbox/share/slam_toolbox/cmake/slam_toolboxConfig.cmake
[14.558s] -- Up-to-date symlink: /home/pierres/COURS/slamnav/install/slam_toolbox/share/slam_toolbox/cmake/slam_toolboxConfig-version.cmake
[14.558s] -- Up-to-date symlink: /home/pierres/COURS/slamnav/install/slam_toolbox/share/slam_toolbox/package.xml
[14.558s] -- Up-to-date: /home/pierres/COURS/slamnav/install/slam_toolbox/lib/libslam_toolbox__rosidl_generator_c.so
[14.559s] -- Up-to-date: /home/pierres/COURS/slamnav/install/slam_toolbox/lib/libslam_toolbox__rosidl_typesupport_fastrtps_c.so
[14.559s] -- Up-to-date: /home/pierres/COURS/slamnav/install/slam_toolbox/lib/libslam_toolbox__rosidl_typesupport_fastrtps_cpp.so
[14.559s] -- Up-to-date: /home/pierres/COURS/slamnav/install/slam_toolbox/lib/libslam_toolbox__rosidl_typesupport_introspection_c.so
[14.559s] -- Up-to-date: /home/pierres/COURS/slamnav/install/slam_toolbox/lib/libslam_toolbox__rosidl_typesupport_c.so
[14.559s] -- Up-to-date: /home/pierres/COURS/slamnav/install/slam_toolbox/lib/libslam_toolbox__rosidl_typesupport_introspection_cpp.so
[14.559s] -- Up-to-date: /home/pierres/COURS/slamnav/install/slam_toolbox/lib/libslam_toolbox__rosidl_typesupport_cpp.so
[14.602s] Listing '/home/pierres/COURS/slamnav/install/slam_toolbox/local/lib/python3.10/dist-packages/slam_toolbox'...
[14.602s] Compiling '/home/pierres/COURS/slamnav/install/slam_toolbox/local/lib/python3.10/dist-packages/slam_toolbox/__init__.py'...
[14.603s] Listing '/home/pierres/COURS/slamnav/install/slam_toolbox/local/lib/python3.10/dist-packages/slam_toolbox/srv'...
[14.612s] -- Up-to-date: /home/pierres/COURS/slamnav/install/slam_toolbox/lib/libslam_toolbox__rosidl_generator_py.so
[14.613s] -- Up-to-date: /home/pierres/COURS/slamnav/install/slam_toolbox/share/slam_toolbox/cmake/export_slam_toolbox__rosidl_generator_cExport.cmake
[14.614s] -- Up-to-date: /home/pierres/COURS/slamnav/install/slam_toolbox/share/slam_toolbox/cmake/export_slam_toolbox__rosidl_generator_cExport-release.cmake
[14.614s] -- Up-to-date: /home/pierres/COURS/slamnav/install/slam_toolbox/share/slam_toolbox/cmake/export_slam_toolbox__rosidl_typesupport_fastrtps_cExport.cmake
[14.615s] -- Up-to-date: /home/pierres/COURS/slamnav/install/slam_toolbox/share/slam_toolbox/cmake/export_slam_toolbox__rosidl_typesupport_fastrtps_cExport-release.cmake
[14.615s] -- Up-to-date: /home/pierres/COURS/slamnav/install/slam_toolbox/share/slam_toolbox/cmake/export_slam_toolbox__rosidl_generator_cppExport.cmake
[14.616s] -- Up-to-date: /home/pierres/COURS/slamnav/install/slam_toolbox/share/slam_toolbox/cmake/export_slam_toolbox__rosidl_typesupport_fastrtps_cppExport.cmake
[14.616s] -- Up-to-date: /home/pierres/COURS/slamnav/install/slam_toolbox/share/slam_toolbox/cmake/export_slam_toolbox__rosidl_typesupport_fastrtps_cppExport-release.cmake
[14.617s] -- Up-to-date: /home/pierres/COURS/slamnav/install/slam_toolbox/share/slam_toolbox/cmake/slam_toolbox__rosidl_typesupport_introspection_cExport.cmake
[14.617s] -- Up-to-date: /home/pierres/COURS/slamnav/install/slam_toolbox/share/slam_toolbox/cmake/slam_toolbox__rosidl_typesupport_introspection_cExport-release.cmake
[14.617s] -- Up-to-date: /home/pierres/COURS/slamnav/install/slam_toolbox/share/slam_toolbox/cmake/slam_toolbox__rosidl_typesupport_cExport.cmake
[14.618s] -- Up-to-date: /home/pierres/COURS/slamnav/install/slam_toolbox/share/slam_toolbox/cmake/slam_toolbox__rosidl_typesupport_cExport-release.cmake
[14.618s] -- Up-to-date: /home/pierres/COURS/slamnav/install/slam_toolbox/share/slam_toolbox/cmake/slam_toolbox__rosidl_typesupport_introspection_cppExport.cmake
[14.619s] -- Up-to-date: /home/pierres/COURS/slamnav/install/slam_toolbox/share/slam_toolbox/cmake/slam_toolbox__rosidl_typesupport_introspection_cppExport-release.cmake
[14.619s] -- Up-to-date: /home/pierres/COURS/slamnav/install/slam_toolbox/share/slam_toolbox/cmake/slam_toolbox__rosidl_typesupport_cppExport.cmake
[14.620s] -- Up-to-date: /home/pierres/COURS/slamnav/install/slam_toolbox/share/slam_toolbox/cmake/slam_toolbox__rosidl_typesupport_cppExport-release.cmake
[14.620s] -- Up-to-date: /home/pierres/COURS/slamnav/install/slam_toolbox/share/slam_toolbox/cmake/export_slam_toolbox__rosidl_generator_pyExport.cmake
[14.621s] -- Up-to-date: /home/pierres/COURS/slamnav/install/slam_toolbox/share/slam_toolbox/cmake/export_slam_toolbox__rosidl_generator_pyExport-release.cmake
[14.621s] -- Up-to-date: /home/pierres/COURS/slamnav/install/slam_toolbox/share/slam_toolbox/cmake/SlamToolboxPluginExport.cmake
[14.622s] -- Up-to-date: /home/pierres/COURS/slamnav/install/slam_toolbox/share/slam_toolbox/cmake/SlamToolboxPluginExport-release.cmake
[14.627s] Invoked command in '/home/pierres/COURS/slamnav/build/slam_toolbox' returned '0': AMENT_PREFIX_PATH=/home/pierres/COURS/slamnav/install/nav2_map_server:/home/pierres/COURS/slamnav/install/nav2_util:/home/pierres/COURS/slamnav/install/nav2_msgs:/home/pierres/COURS/slamnav/install/nav2_common:${AMENT_PREFIX_PATH} CMAKE_PREFIX_PATH=/home/pierres/COURS/slamnav/install/nav2_map_server:/home/pierres/COURS/slamnav/install/nav2_util:/home/pierres/COURS/slamnav/install/nav2_msgs:/home/pierres/COURS/slamnav/install/nav2_common:/home/pierres/COURS/slamnav/install/slam_toolbox:/opt/ros/humble:/home/pierres/COURS/slamnav/install/slamnav_turtlebot LD_LIBRARY_PATH=/home/pierres/COURS/slamnav/install/nav2_map_server/lib:/home/pierres/COURS/slamnav/install/nav2_util/lib:/home/pierres/COURS/slamnav/install/nav2_msgs/lib:${LD_LIBRARY_PATH} PYTHONPATH=/home/pierres/COURS/slamnav/install/nav2_msgs/local/lib/python3.10/dist-packages:/home/pierres/COURS/slamnav/install/nav2_common/local/lib/python3.10/dist-packages:${PYTHONPATH} /usr/bin/cmake --install /home/pierres/COURS/slamnav/build/slam_toolbox
