[0.461s] Invoking command in '/home/pierres/COURS/slamnav/src/navigation2/nav2_simple_commander': AMENT_PREFIX_PATH=/home/pierres/COURS/slamnav/install/nav2_msgs:/home/pierres/COURS/slamnav/install/nav2_common CMAKE_PREFIX_PATH=/home/pierres/COURS/slamnav/install/nav2_msgs:/home/pierres/COURS/slamnav/install/nav2_common LD_LIBRARY_PATH=/home/pierres/COURS/slamnav/install/nav2_msgs/lib PYTHONPATH=/home/pierres/COURS/slamnav/build/nav2_simple_commander/prefix_override:/usr/lib/python3/dist-packages/colcon_core/task/python/colcon_distutils_commands:/home/pierres/COURS/slamnav/install/nav2_simple_commander/lib/python3.10/site-packages:/home/pierres/COURS/slamnav/install/nav2_msgs/local/lib/python3.10/dist-packages:/home/pierres/COURS/slamnav/install/nav2_common/local/lib/python3.10/dist-packages /usr/bin/python3 -W ignore:setup.py install is deprecated setup.py egg_info --egg-base ../../../build/nav2_simple_commander build --build-base /home/pierres/COURS/slamnav/build/nav2_simple_commander/build install --record /home/pierres/COURS/slamnav/build/nav2_simple_commander/install.log --single-version-externally-managed install_data
[0.695s] running egg_info
[0.696s] writing ../../../build/nav2_simple_commander/nav2_simple_commander.egg-info/PKG-INFO
[0.696s] writing dependency_links to ../../../build/nav2_simple_commander/nav2_simple_commander.egg-info/dependency_links.txt
[0.696s] writing entry points to ../../../build/nav2_simple_commander/nav2_simple_commander.egg-info/entry_points.txt
[0.696s] writing requirements to ../../../build/nav2_simple_commander/nav2_simple_commander.egg-info/requires.txt
[0.696s] writing top-level names to ../../../build/nav2_simple_commander/nav2_simple_commander.egg-info/top_level.txt
[0.697s] reading manifest file '../../../build/nav2_simple_commander/nav2_simple_commander.egg-info/SOURCES.txt'
[0.698s] writing manifest file '../../../build/nav2_simple_commander/nav2_simple_commander.egg-info/SOURCES.txt'
[0.698s] running build
[0.698s] running build_py
[0.699s] running install
[0.699s] running install_lib
[0.700s] running install_data
[0.700s] running install_egg_info
[0.701s] removing '/home/pierres/COURS/slamnav/install/nav2_simple_commander/lib/python3.10/site-packages/nav2_simple_commander-1.0.0-py3.10.egg-info' (and everything under it)
[0.702s] Copying ../../../build/nav2_simple_commander/nav2_simple_commander.egg-info to /home/pierres/COURS/slamnav/install/nav2_simple_commander/lib/python3.10/site-packages/nav2_simple_commander-1.0.0-py3.10.egg-info
[0.702s] running install_scripts
[0.717s] Installing demo_inspection script to /home/pierres/COURS/slamnav/install/nav2_simple_commander/lib/nav2_simple_commander
[0.717s] Installing demo_picking script to /home/pierres/COURS/slamnav/install/nav2_simple_commander/lib/nav2_simple_commander
[0.717s] Installing demo_recoveries script to /home/pierres/COURS/slamnav/install/nav2_simple_commander/lib/nav2_simple_commander
[0.718s] Installing demo_security script to /home/pierres/COURS/slamnav/install/nav2_simple_commander/lib/nav2_simple_commander
[0.718s] Installing example_assisted_teleop script to /home/pierres/COURS/slamnav/install/nav2_simple_commander/lib/nav2_simple_commander
[0.718s] Installing example_follow_path script to /home/pierres/COURS/slamnav/install/nav2_simple_commander/lib/nav2_simple_commander
[0.718s] Installing example_nav_through_poses script to /home/pierres/COURS/slamnav/install/nav2_simple_commander/lib/nav2_simple_commander
[0.718s] Installing example_nav_to_pose script to /home/pierres/COURS/slamnav/install/nav2_simple_commander/lib/nav2_simple_commander
[0.718s] Installing example_waypoint_follower script to /home/pierres/COURS/slamnav/install/nav2_simple_commander/lib/nav2_simple_commander
[0.718s] writing list of installed files to '/home/pierres/COURS/slamnav/build/nav2_simple_commander/install.log'
[0.744s] Invoked command in '/home/pierres/COURS/slamnav/src/navigation2/nav2_simple_commander' returned '0': AMENT_PREFIX_PATH=/home/pierres/COURS/slamnav/install/nav2_msgs:/home/pierres/COURS/slamnav/install/nav2_common CMAKE_PREFIX_PATH=/home/pierres/COURS/slamnav/install/nav2_msgs:/home/pierres/COURS/slamnav/install/nav2_common LD_LIBRARY_PATH=/home/pierres/COURS/slamnav/install/nav2_msgs/lib PYTHONPATH=/home/pierres/COURS/slamnav/build/nav2_simple_commander/prefix_override:/usr/lib/python3/dist-packages/colcon_core/task/python/colcon_distutils_commands:/home/pierres/COURS/slamnav/install/nav2_simple_commander/lib/python3.10/site-packages:/home/pierres/COURS/slamnav/install/nav2_msgs/local/lib/python3.10/dist-packages:/home/pierres/COURS/slamnav/install/nav2_common/local/lib/python3.10/dist-packages /usr/bin/python3 -W ignore:setup.py install is deprecated setup.py egg_info --egg-base ../../../build/nav2_simple_commander build --build-base /home/pierres/COURS/slamnav/build/nav2_simple_commander/build install --record /home/pierres/COURS/slamnav/build/nav2_simple_commander/install.log --single-version-externally-managed install_data
