[0.009s] Invoking command in '/home/pierres/COURS/slamnav/build/dwb_msgs': AMENT_PREFIX_PATH=/home/pierres/COURS/slamnav/install/nav_2d_msgs:${AMENT_PREFIX_PATH} CMAKE_PREFIX_PATH=/home/pierres/COURS/slamnav/install/nav_2d_msgs:/home/pierres/COURS/slamnav/install/slam_toolbox:/opt/ros/humble:/home/pierres/COURS/slamnav/install/slamnav_turtlebot LD_LIBRARY_PATH=/home/pierres/COURS/slamnav/install/nav_2d_msgs/lib:${LD_LIBRARY_PATH} PYTHONPATH=/home/pierres/COURS/slamnav/install/nav_2d_msgs/local/lib/python3.10/dist-packages:${PYTHONPATH} /usr/bin/cmake /home/pierres/COURS/slamnav/src/navigation2/nav2_dwb_controller/dwb_msgs -DCMAKE_INSTALL_PREFIX=/home/pierres/COURS/slamnav/install/dwb_msgs
[0.026s] -- Found builtin_interfaces: 1.2.1 (/opt/ros/humble/share/builtin_interfaces/cmake)
[0.122s] -- Override CMake install command with custom implementation using symlinks instead of copying resources
[0.143s] -- Found rosidl_generator_c: 3.1.5 (/opt/ros/humble/share/rosidl_generator_c/cmake)
[0.144s] -- Found rosidl_adapter: 3.1.5 (/opt/ros/humble/share/rosidl_adapter/cmake)
[0.148s] -- Found rosidl_generator_cpp: 3.1.5 (/opt/ros/humble/share/rosidl_generator_cpp/cmake)
[0.154s] -- Using all available rosidl_typesupport_c: rosidl_typesupport_fastrtps_c;rosidl_typesupport_introspection_c
[0.162s] -- Using all available rosidl_typesupport_cpp: rosidl_typesupport_fastrtps_cpp;rosidl_typesupport_introspection_cpp
[0.169s] -- Found geometry_msgs: 4.2.4 (/opt/ros/humble/share/geometry_msgs/cmake)
[0.184s] -- Found nav_2d_msgs: 1.1.16 (/home/pierres/COURS/slamnav/install/nav_2d_msgs/share/nav_2d_msgs/cmake)
[0.194s] -- Found nav_msgs: 4.2.4 (/opt/ros/humble/share/nav_msgs/cmake)
[0.204s] -- Found rosidl_default_generators: 1.2.0 (/opt/ros/humble/share/rosidl_default_generators/cmake)
[0.478s] -- Found ament_cmake_ros: 0.10.0 (/opt/ros/humble/share/ament_cmake_ros/cmake)
[0.839s] -- Using all available rosidl_typesupport_c: rosidl_typesupport_fastrtps_c;rosidl_typesupport_introspection_c
[0.966s] -- Using all available rosidl_typesupport_cpp: rosidl_typesupport_fastrtps_cpp;rosidl_typesupport_introspection_cpp
[0.988s] -- Found python_cmake_module: 0.10.0 (/opt/ros/humble/share/python_cmake_module/cmake)
[1.018s] -- Using PYTHON_EXECUTABLE: /usr/bin/python3
[1.018s] -- Using PYTHON_INCLUDE_DIRS: /usr/include/python3.10
[1.018s] -- Using PYTHON_LIBRARIES: /usr/lib/x86_64-linux-gnu/libpython3.10.so
[1.078s] -- Configuring done
[1.116s] -- Generating done
[1.117s] -- Build files have been written to: /home/pierres/COURS/slamnav/build/dwb_msgs
[1.123s] Invoked command in '/home/pierres/COURS/slamnav/build/dwb_msgs' returned '0': AMENT_PREFIX_PATH=/home/pierres/COURS/slamnav/install/nav_2d_msgs:${AMENT_PREFIX_PATH} CMAKE_PREFIX_PATH=/home/pierres/COURS/slamnav/install/nav_2d_msgs:/home/pierres/COURS/slamnav/install/slam_toolbox:/opt/ros/humble:/home/pierres/COURS/slamnav/install/slamnav_turtlebot LD_LIBRARY_PATH=/home/pierres/COURS/slamnav/install/nav_2d_msgs/lib:${LD_LIBRARY_PATH} PYTHONPATH=/home/pierres/COURS/slamnav/install/nav_2d_msgs/local/lib/python3.10/dist-packages:${PYTHONPATH} /usr/bin/cmake /home/pierres/COURS/slamnav/src/navigation2/nav2_dwb_controller/dwb_msgs -DCMAKE_INSTALL_PREFIX=/home/pierres/COURS/slamnav/install/dwb_msgs
[1.125s] Invoking command in '/home/pierres/COURS/slamnav/build/dwb_msgs': AMENT_PREFIX_PATH=/home/pierres/COURS/slamnav/install/nav_2d_msgs:${AMENT_PREFIX_PATH} CMAKE_PREFIX_PATH=/home/pierres/COURS/slamnav/install/nav_2d_msgs:/home/pierres/COURS/slamnav/install/slam_toolbox:/opt/ros/humble:/home/pierres/COURS/slamnav/install/slamnav_turtlebot LD_LIBRARY_PATH=/home/pierres/COURS/slamnav/install/nav_2d_msgs/lib:${LD_LIBRARY_PATH} PYTHONPATH=/home/pierres/COURS/slamnav/install/nav_2d_msgs/local/lib/python3.10/dist-packages:${PYTHONPATH} /usr/bin/cmake --build /home/pierres/COURS/slamnav/build/dwb_msgs -- -j16 -l16
[1.172s] [35m[1mConsolidate compiler generated dependencies of target dwb_msgs__rosidl_generator_c[0m
[1.174s] [  1%] Built target dwb_msgs__cpp
[1.178s] [ 12%] Built target dwb_msgs__rosidl_generator_c
[1.179s] [ 12%] Built target ament_cmake_python_symlink_dwb_msgs
[1.179s] [35m[1mConsolidate compiler generated dependencies of target dwb_msgs__rosidl_typesupport_introspection_cpp[0m
[1.180s] [35m[1mConsolidate compiler generated dependencies of target dwb_msgs__rosidl_typesupport_cpp[0m
[1.185s] [35m[1mConsolidate compiler generated dependencies of target dwb_msgs__rosidl_typesupport_fastrtps_cpp[0m
[1.187s] [35m[1mConsolidate compiler generated dependencies of target dwb_msgs__rosidl_typesupport_c[0m
[1.190s] [35m[1mConsolidate compiler generated dependencies of target dwb_msgs__rosidl_typesupport_introspection_c[0m
[1.190s] [ 24%] Built target dwb_msgs__rosidl_typesupport_introspection_cpp
[1.193s] [35m[1mConsolidate compiler generated dependencies of target dwb_msgs__rosidl_typesupport_fastrtps_c[0m
[1.196s] [ 35%] Built target dwb_msgs__rosidl_typesupport_cpp
[1.200s] [ 47%] Built target dwb_msgs__rosidl_typesupport_c
[1.202s] [ 58%] Built target dwb_msgs__rosidl_typesupport_fastrtps_cpp
[1.203s] [ 70%] Built target dwb_msgs__rosidl_typesupport_introspection_c
[1.205s] [ 82%] Built target dwb_msgs__rosidl_typesupport_fastrtps_c
[1.224s] [ 82%] Built target dwb_msgs
[1.246s] [ 83%] Built target dwb_msgs__py
[1.260s] [35m[1mConsolidate compiler generated dependencies of target dwb_msgs__rosidl_generator_py[0m
[1.279s] [ 93%] Built target dwb_msgs__rosidl_generator_py
[1.288s] [35m[1mConsolidate compiler generated dependencies of target dwb_msgs__rosidl_typesupport_introspection_c__pyext[0m
[1.290s] [35m[1mConsolidate compiler generated dependencies of target dwb_msgs__rosidl_typesupport_fastrtps_c__pyext[0m
[1.290s] [35m[1mConsolidate compiler generated dependencies of target dwb_msgs__rosidl_typesupport_c__pyext[0m
[1.297s] [ 95%] Built target dwb_msgs__rosidl_typesupport_introspection_c__pyext
[1.301s] [ 97%] Built target dwb_msgs__rosidl_typesupport_fastrtps_c__pyext
[1.304s] [100%] Built target dwb_msgs__rosidl_typesupport_c__pyext
[1.355s] running egg_info
[1.355s] writing dwb_msgs.egg-info/PKG-INFO
[1.356s] writing dependency_links to dwb_msgs.egg-info/dependency_links.txt
[1.356s] writing top-level names to dwb_msgs.egg-info/top_level.txt
[1.357s] reading manifest file 'dwb_msgs.egg-info/SOURCES.txt'
[1.358s] writing manifest file 'dwb_msgs.egg-info/SOURCES.txt'
[1.378s] [100%] Built target ament_cmake_python_build_dwb_msgs_egg
[1.390s] Invoked command in '/home/pierres/COURS/slamnav/build/dwb_msgs' returned '0': AMENT_PREFIX_PATH=/home/pierres/COURS/slamnav/install/nav_2d_msgs:${AMENT_PREFIX_PATH} CMAKE_PREFIX_PATH=/home/pierres/COURS/slamnav/install/nav_2d_msgs:/home/pierres/COURS/slamnav/install/slam_toolbox:/opt/ros/humble:/home/pierres/COURS/slamnav/install/slamnav_turtlebot LD_LIBRARY_PATH=/home/pierres/COURS/slamnav/install/nav_2d_msgs/lib:${LD_LIBRARY_PATH} PYTHONPATH=/home/pierres/COURS/slamnav/install/nav_2d_msgs/local/lib/python3.10/dist-packages:${PYTHONPATH} /usr/bin/cmake --build /home/pierres/COURS/slamnav/build/dwb_msgs -- -j16 -l16
[1.575s] Invoking command in '/home/pierres/COURS/slamnav/build/dwb_msgs': AMENT_PREFIX_PATH=/home/pierres/COURS/slamnav/install/nav_2d_msgs:${AMENT_PREFIX_PATH} CMAKE_PREFIX_PATH=/home/pierres/COURS/slamnav/install/nav_2d_msgs:/home/pierres/COURS/slamnav/install/slam_toolbox:/opt/ros/humble:/home/pierres/COURS/slamnav/install/slamnav_turtlebot LD_LIBRARY_PATH=/home/pierres/COURS/slamnav/install/nav_2d_msgs/lib:${LD_LIBRARY_PATH} PYTHONPATH=/home/pierres/COURS/slamnav/install/nav_2d_msgs/local/lib/python3.10/dist-packages:${PYTHONPATH} /usr/bin/cmake --install /home/pierres/COURS/slamnav/build/dwb_msgs
[1.582s] -- Install configuration: "Humble"
[1.582s] -- Execute custom install script
[1.583s] -- Up-to-date symlink: /home/pierres/COURS/slamnav/install/dwb_msgs/share/ament_index/resource_index/rosidl_interfaces/dwb_msgs
[1.583s] -- Up-to-date symlink: /home/pierres/COURS/slamnav/install/dwb_msgs/include/dwb_msgs/dwb_msgs/msg/critic_score.h
[1.583s] -- Up-to-date symlink: /home/pierres/COURS/slamnav/install/dwb_msgs/include/dwb_msgs/dwb_msgs/msg/detail/critic_score__functions.h
[1.583s] -- Up-to-date symlink: /home/pierres/COURS/slamnav/install/dwb_msgs/include/dwb_msgs/dwb_msgs/msg/detail/critic_score__struct.h
[1.583s] -- Up-to-date symlink: /home/pierres/COURS/slamnav/install/dwb_msgs/include/dwb_msgs/dwb_msgs/msg/detail/critic_score__type_support.h
[1.583s] -- Up-to-date symlink: /home/pierres/COURS/slamnav/install/dwb_msgs/include/dwb_msgs/dwb_msgs/msg/detail/local_plan_evaluation__functions.h
[1.583s] -- Up-to-date symlink: /home/pierres/COURS/slamnav/install/dwb_msgs/include/dwb_msgs/dwb_msgs/msg/detail/local_plan_evaluation__struct.h
[1.583s] -- Up-to-date symlink: /home/pierres/COURS/slamnav/install/dwb_msgs/include/dwb_msgs/dwb_msgs/msg/detail/local_plan_evaluation__type_support.h
[1.583s] -- Up-to-date symlink: /home/pierres/COURS/slamnav/install/dwb_msgs/include/dwb_msgs/dwb_msgs/msg/detail/trajectory2_d__functions.h
[1.584s] -- Up-to-date symlink: /home/pierres/COURS/slamnav/install/dwb_msgs/include/dwb_msgs/dwb_msgs/msg/detail/trajectory2_d__struct.h
[1.584s] -- Up-to-date symlink: /home/pierres/COURS/slamnav/install/dwb_msgs/include/dwb_msgs/dwb_msgs/msg/detail/trajectory2_d__type_support.h
[1.584s] -- Up-to-date symlink: /home/pierres/COURS/slamnav/install/dwb_msgs/include/dwb_msgs/dwb_msgs/msg/detail/trajectory_score__functions.h
[1.584s] -- Up-to-date symlink: /home/pierres/COURS/slamnav/install/dwb_msgs/include/dwb_msgs/dwb_msgs/msg/detail/trajectory_score__struct.h
[1.584s] -- Up-to-date symlink: /home/pierres/COURS/slamnav/install/dwb_msgs/include/dwb_msgs/dwb_msgs/msg/detail/trajectory_score__type_support.h
[1.584s] -- Up-to-date symlink: /home/pierres/COURS/slamnav/install/dwb_msgs/include/dwb_msgs/dwb_msgs/msg/local_plan_evaluation.h
[1.584s] -- Up-to-date symlink: /home/pierres/COURS/slamnav/install/dwb_msgs/include/dwb_msgs/dwb_msgs/msg/rosidl_generator_c__visibility_control.h
[1.584s] -- Up-to-date symlink: /home/pierres/COURS/slamnav/install/dwb_msgs/include/dwb_msgs/dwb_msgs/msg/trajectory2_d.h
[1.584s] -- Up-to-date symlink: /home/pierres/COURS/slamnav/install/dwb_msgs/include/dwb_msgs/dwb_msgs/msg/trajectory_score.h
[1.584s] -- Up-to-date symlink: /home/pierres/COURS/slamnav/install/dwb_msgs/include/dwb_msgs/dwb_msgs/srv/debug_local_plan.h
[1.584s] -- Up-to-date symlink: /home/pierres/COURS/slamnav/install/dwb_msgs/include/dwb_msgs/dwb_msgs/srv/detail/debug_local_plan__functions.h
[1.584s] -- Up-to-date symlink: /home/pierres/COURS/slamnav/install/dwb_msgs/include/dwb_msgs/dwb_msgs/srv/detail/debug_local_plan__struct.h
[1.584s] -- Up-to-date symlink: /home/pierres/COURS/slamnav/install/dwb_msgs/include/dwb_msgs/dwb_msgs/srv/detail/debug_local_plan__type_support.h
[1.584s] -- Up-to-date symlink: /home/pierres/COURS/slamnav/install/dwb_msgs/include/dwb_msgs/dwb_msgs/srv/detail/generate_trajectory__functions.h
[1.584s] -- Up-to-date symlink: /home/pierres/COURS/slamnav/install/dwb_msgs/include/dwb_msgs/dwb_msgs/srv/detail/generate_trajectory__struct.h
[1.584s] -- Up-to-date symlink: /home/pierres/COURS/slamnav/install/dwb_msgs/include/dwb_msgs/dwb_msgs/srv/detail/generate_trajectory__type_support.h
[1.584s] -- Up-to-date symlink: /home/pierres/COURS/slamnav/install/dwb_msgs/include/dwb_msgs/dwb_msgs/srv/detail/generate_twists__functions.h
[1.584s] -- Up-to-date symlink: /home/pierres/COURS/slamnav/install/dwb_msgs/include/dwb_msgs/dwb_msgs/srv/detail/generate_twists__struct.h
[1.584s] -- Up-to-date symlink: /home/pierres/COURS/slamnav/install/dwb_msgs/include/dwb_msgs/dwb_msgs/srv/detail/generate_twists__type_support.h
[1.584s] -- Up-to-date symlink: /home/pierres/COURS/slamnav/install/dwb_msgs/include/dwb_msgs/dwb_msgs/srv/detail/get_critic_score__functions.h
[1.585s] -- Up-to-date symlink: /home/pierres/COURS/slamnav/install/dwb_msgs/include/dwb_msgs/dwb_msgs/srv/detail/get_critic_score__struct.h
[1.585s] -- Up-to-date symlink: /home/pierres/COURS/slamnav/install/dwb_msgs/include/dwb_msgs/dwb_msgs/srv/detail/get_critic_score__type_support.h
[1.585s] -- Up-to-date symlink: /home/pierres/COURS/slamnav/install/dwb_msgs/include/dwb_msgs/dwb_msgs/srv/detail/score_trajectory__functions.h
[1.585s] -- Up-to-date symlink: /home/pierres/COURS/slamnav/install/dwb_msgs/include/dwb_msgs/dwb_msgs/srv/detail/score_trajectory__struct.h
[1.585s] -- Up-to-date symlink: /home/pierres/COURS/slamnav/install/dwb_msgs/include/dwb_msgs/dwb_msgs/srv/detail/score_trajectory__type_support.h
[1.585s] -- Up-to-date symlink: /home/pierres/COURS/slamnav/install/dwb_msgs/include/dwb_msgs/dwb_msgs/srv/generate_trajectory.h
[1.585s] -- Up-to-date symlink: /home/pierres/COURS/slamnav/install/dwb_msgs/include/dwb_msgs/dwb_msgs/srv/generate_twists.h
[1.585s] -- Up-to-date symlink: /home/pierres/COURS/slamnav/install/dwb_msgs/include/dwb_msgs/dwb_msgs/srv/get_critic_score.h
[1.585s] -- Up-to-date symlink: /home/pierres/COURS/slamnav/install/dwb_msgs/include/dwb_msgs/dwb_msgs/srv/score_trajectory.h
[1.585s] -- Up-to-date symlink: /home/pierres/COURS/slamnav/install/dwb_msgs/share/dwb_msgs/environment/library_path.sh
[1.585s] -- Up-to-date symlink: /home/pierres/COURS/slamnav/install/dwb_msgs/share/dwb_msgs/environment/library_path.dsv
[1.586s] -- Up-to-date symlink: /home/pierres/COURS/slamnav/install/dwb_msgs/include/dwb_msgs/dwb_msgs/msg/detail/critic_score__rosidl_typesupport_fastrtps_c.h
[1.586s] -- Up-to-date symlink: /home/pierres/COURS/slamnav/install/dwb_msgs/include/dwb_msgs/dwb_msgs/msg/detail/local_plan_evaluation__rosidl_typesupport_fastrtps_c.h
[1.586s] -- Up-to-date symlink: /home/pierres/COURS/slamnav/install/dwb_msgs/include/dwb_msgs/dwb_msgs/msg/detail/trajectory2_d__rosidl_typesupport_fastrtps_c.h
[1.586s] -- Up-to-date symlink: /home/pierres/COURS/slamnav/install/dwb_msgs/include/dwb_msgs/dwb_msgs/msg/detail/trajectory_score__rosidl_typesupport_fastrtps_c.h
[1.586s] -- Up-to-date symlink: /home/pierres/COURS/slamnav/install/dwb_msgs/include/dwb_msgs/dwb_msgs/msg/rosidl_typesupport_fastrtps_c__visibility_control.h
[1.586s] -- Up-to-date symlink: /home/pierres/COURS/slamnav/install/dwb_msgs/include/dwb_msgs/dwb_msgs/srv/detail/debug_local_plan__rosidl_typesupport_fastrtps_c.h
[1.586s] -- Up-to-date symlink: /home/pierres/COURS/slamnav/install/dwb_msgs/include/dwb_msgs/dwb_msgs/srv/detail/generate_trajectory__rosidl_typesupport_fastrtps_c.h
[1.586s] -- Up-to-date symlink: /home/pierres/COURS/slamnav/install/dwb_msgs/include/dwb_msgs/dwb_msgs/srv/detail/generate_twists__rosidl_typesupport_fastrtps_c.h
[1.586s] -- Up-to-date symlink: /home/pierres/COURS/slamnav/install/dwb_msgs/include/dwb_msgs/dwb_msgs/srv/detail/get_critic_score__rosidl_typesupport_fastrtps_c.h
[1.586s] -- Up-to-date symlink: /home/pierres/COURS/slamnav/install/dwb_msgs/include/dwb_msgs/dwb_msgs/srv/detail/score_trajectory__rosidl_typesupport_fastrtps_c.h
[1.586s] -- Up-to-date symlink: /home/pierres/COURS/slamnav/install/dwb_msgs/include/dwb_msgs/dwb_msgs/msg/critic_score.hpp
[1.586s] -- Up-to-date symlink: /home/pierres/COURS/slamnav/install/dwb_msgs/include/dwb_msgs/dwb_msgs/msg/detail/critic_score__builder.hpp
[1.587s] -- Up-to-date symlink: /home/pierres/COURS/slamnav/install/dwb_msgs/include/dwb_msgs/dwb_msgs/msg/detail/critic_score__struct.hpp
[1.587s] -- Up-to-date symlink: /home/pierres/COURS/slamnav/install/dwb_msgs/include/dwb_msgs/dwb_msgs/msg/detail/critic_score__traits.hpp
[1.587s] -- Up-to-date symlink: /home/pierres/COURS/slamnav/install/dwb_msgs/include/dwb_msgs/dwb_msgs/msg/detail/local_plan_evaluation__builder.hpp
[1.587s] -- Up-to-date symlink: /home/pierres/COURS/slamnav/install/dwb_msgs/include/dwb_msgs/dwb_msgs/msg/detail/local_plan_evaluation__struct.hpp
[1.587s] -- Up-to-date symlink: /home/pierres/COURS/slamnav/install/dwb_msgs/include/dwb_msgs/dwb_msgs/msg/detail/local_plan_evaluation__traits.hpp
[1.587s] -- Up-to-date symlink: /home/pierres/COURS/slamnav/install/dwb_msgs/include/dwb_msgs/dwb_msgs/msg/detail/trajectory2_d__builder.hpp
[1.587s] -- Up-to-date symlink: /home/pierres/COURS/slamnav/install/dwb_msgs/include/dwb_msgs/dwb_msgs/msg/detail/trajectory2_d__struct.hpp
[1.588s] -- Up-to-date symlink: /home/pierres/COURS/slamnav/install/dwb_msgs/include/dwb_msgs/dwb_msgs/msg/detail/trajectory2_d__traits.hpp
[1.588s] -- Up-to-date symlink: /home/pierres/COURS/slamnav/install/dwb_msgs/include/dwb_msgs/dwb_msgs/msg/detail/trajectory_score__builder.hpp
[1.588s] -- Up-to-date symlink: /home/pierres/COURS/slamnav/install/dwb_msgs/include/dwb_msgs/dwb_msgs/msg/detail/trajectory_score__struct.hpp
[1.588s] -- Up-to-date symlink: /home/pierres/COURS/slamnav/install/dwb_msgs/include/dwb_msgs/dwb_msgs/msg/detail/trajectory_score__traits.hpp
[1.588s] -- Up-to-date symlink: /home/pierres/COURS/slamnav/install/dwb_msgs/include/dwb_msgs/dwb_msgs/msg/local_plan_evaluation.hpp
[1.588s] -- Up-to-date symlink: /home/pierres/COURS/slamnav/install/dwb_msgs/include/dwb_msgs/dwb_msgs/msg/trajectory2_d.hpp
[1.588s] -- Up-to-date symlink: /home/pierres/COURS/slamnav/install/dwb_msgs/include/dwb_msgs/dwb_msgs/msg/trajectory_score.hpp
[1.589s] -- Up-to-date symlink: /home/pierres/COURS/slamnav/install/dwb_msgs/include/dwb_msgs/dwb_msgs/srv/debug_local_plan.hpp
[1.589s] -- Up-to-date symlink: /home/pierres/COURS/slamnav/install/dwb_msgs/include/dwb_msgs/dwb_msgs/srv/detail/debug_local_plan__builder.hpp
[1.589s] -- Up-to-date symlink: /home/pierres/COURS/slamnav/install/dwb_msgs/include/dwb_msgs/dwb_msgs/srv/detail/debug_local_plan__struct.hpp
[1.589s] -- Up-to-date symlink: /home/pierres/COURS/slamnav/install/dwb_msgs/include/dwb_msgs/dwb_msgs/srv/detail/debug_local_plan__traits.hpp
[1.589s] -- Up-to-date symlink: /home/pierres/COURS/slamnav/install/dwb_msgs/include/dwb_msgs/dwb_msgs/srv/detail/generate_trajectory__builder.hpp
[1.589s] -- Up-to-date symlink: /home/pierres/COURS/slamnav/install/dwb_msgs/include/dwb_msgs/dwb_msgs/srv/detail/generate_trajectory__struct.hpp
[1.589s] -- Up-to-date symlink: /home/pierres/COURS/slamnav/install/dwb_msgs/include/dwb_msgs/dwb_msgs/srv/detail/generate_trajectory__traits.hpp
[1.589s] -- Up-to-date symlink: /home/pierres/COURS/slamnav/install/dwb_msgs/include/dwb_msgs/dwb_msgs/srv/detail/generate_twists__builder.hpp
[1.589s] -- Up-to-date symlink: /home/pierres/COURS/slamnav/install/dwb_msgs/include/dwb_msgs/dwb_msgs/srv/detail/generate_twists__struct.hpp
[1.590s] -- Up-to-date symlink: /home/pierres/COURS/slamnav/install/dwb_msgs/include/dwb_msgs/dwb_msgs/srv/detail/generate_twists__traits.hpp
[1.590s] -- Up-to-date symlink: /home/pierres/COURS/slamnav/install/dwb_msgs/include/dwb_msgs/dwb_msgs/srv/detail/get_critic_score__builder.hpp
[1.590s] -- Up-to-date symlink: /home/pierres/COURS/slamnav/install/dwb_msgs/include/dwb_msgs/dwb_msgs/srv/detail/get_critic_score__struct.hpp
[1.590s] -- Up-to-date symlink: /home/pierres/COURS/slamnav/install/dwb_msgs/include/dwb_msgs/dwb_msgs/srv/detail/get_critic_score__traits.hpp
[1.590s] -- Up-to-date symlink: /home/pierres/COURS/slamnav/install/dwb_msgs/include/dwb_msgs/dwb_msgs/srv/detail/score_trajectory__builder.hpp
[1.590s] -- Up-to-date symlink: /home/pierres/COURS/slamnav/install/dwb_msgs/include/dwb_msgs/dwb_msgs/srv/detail/score_trajectory__struct.hpp
[1.590s] -- Up-to-date symlink: /home/pierres/COURS/slamnav/install/dwb_msgs/include/dwb_msgs/dwb_msgs/srv/detail/score_trajectory__traits.hpp
[1.590s] -- Up-to-date symlink: /home/pierres/COURS/slamnav/install/dwb_msgs/include/dwb_msgs/dwb_msgs/srv/generate_trajectory.hpp
[1.590s] -- Up-to-date symlink: /home/pierres/COURS/slamnav/install/dwb_msgs/include/dwb_msgs/dwb_msgs/srv/generate_twists.hpp
[1.590s] -- Up-to-date symlink: /home/pierres/COURS/slamnav/install/dwb_msgs/include/dwb_msgs/dwb_msgs/srv/get_critic_score.hpp
[1.590s] -- Up-to-date symlink: /home/pierres/COURS/slamnav/install/dwb_msgs/include/dwb_msgs/dwb_msgs/srv/score_trajectory.hpp
[1.591s] -- Up-to-date symlink: /home/pierres/COURS/slamnav/install/dwb_msgs/include/dwb_msgs/dwb_msgs/msg/detail/critic_score__rosidl_typesupport_fastrtps_cpp.hpp
[1.591s] -- Up-to-date symlink: /home/pierres/COURS/slamnav/install/dwb_msgs/include/dwb_msgs/dwb_msgs/msg/detail/local_plan_evaluation__rosidl_typesupport_fastrtps_cpp.hpp
[1.591s] -- Up-to-date symlink: /home/pierres/COURS/slamnav/install/dwb_msgs/include/dwb_msgs/dwb_msgs/msg/detail/trajectory2_d__rosidl_typesupport_fastrtps_cpp.hpp
[1.591s] -- Up-to-date symlink: /home/pierres/COURS/slamnav/install/dwb_msgs/include/dwb_msgs/dwb_msgs/msg/detail/trajectory_score__rosidl_typesupport_fastrtps_cpp.hpp
[1.591s] -- Up-to-date symlink: /home/pierres/COURS/slamnav/install/dwb_msgs/include/dwb_msgs/dwb_msgs/msg/rosidl_typesupport_fastrtps_cpp__visibility_control.h
[1.591s] -- Up-to-date symlink: /home/pierres/COURS/slamnav/install/dwb_msgs/include/dwb_msgs/dwb_msgs/srv/detail/debug_local_plan__rosidl_typesupport_fastrtps_cpp.hpp
[1.591s] -- Up-to-date symlink: /home/pierres/COURS/slamnav/install/dwb_msgs/include/dwb_msgs/dwb_msgs/srv/detail/generate_trajectory__rosidl_typesupport_fastrtps_cpp.hpp
[1.591s] -- Up-to-date symlink: /home/pierres/COURS/slamnav/install/dwb_msgs/include/dwb_msgs/dwb_msgs/srv/detail/generate_twists__rosidl_typesupport_fastrtps_cpp.hpp
[1.591s] -- Up-to-date symlink: /home/pierres/COURS/slamnav/install/dwb_msgs/include/dwb_msgs/dwb_msgs/srv/detail/get_critic_score__rosidl_typesupport_fastrtps_cpp.hpp
[1.591s] -- Up-to-date symlink: /home/pierres/COURS/slamnav/install/dwb_msgs/include/dwb_msgs/dwb_msgs/srv/detail/score_trajectory__rosidl_typesupport_fastrtps_cpp.hpp
[1.591s] -- Up-to-date symlink: /home/pierres/COURS/slamnav/install/dwb_msgs/include/dwb_msgs/dwb_msgs/msg/detail/critic_score__rosidl_typesupport_introspection_c.h
[1.592s] -- Up-to-date symlink: /home/pierres/COURS/slamnav/install/dwb_msgs/include/dwb_msgs/dwb_msgs/msg/detail/local_plan_evaluation__rosidl_typesupport_introspection_c.h
[1.592s] -- Up-to-date symlink: /home/pierres/COURS/slamnav/install/dwb_msgs/include/dwb_msgs/dwb_msgs/msg/detail/trajectory2_d__rosidl_typesupport_introspection_c.h
[1.592s] -- Up-to-date symlink: /home/pierres/COURS/slamnav/install/dwb_msgs/include/dwb_msgs/dwb_msgs/msg/detail/trajectory_score__rosidl_typesupport_introspection_c.h
[1.592s] -- Up-to-date symlink: /home/pierres/COURS/slamnav/install/dwb_msgs/include/dwb_msgs/dwb_msgs/msg/rosidl_typesupport_introspection_c__visibility_control.h
[1.592s] -- Up-to-date symlink: /home/pierres/COURS/slamnav/install/dwb_msgs/include/dwb_msgs/dwb_msgs/srv/detail/debug_local_plan__rosidl_typesupport_introspection_c.h
[1.592s] -- Up-to-date symlink: /home/pierres/COURS/slamnav/install/dwb_msgs/include/dwb_msgs/dwb_msgs/srv/detail/generate_trajectory__rosidl_typesupport_introspection_c.h
[1.592s] -- Up-to-date symlink: /home/pierres/COURS/slamnav/install/dwb_msgs/include/dwb_msgs/dwb_msgs/srv/detail/generate_twists__rosidl_typesupport_introspection_c.h
[1.592s] -- Up-to-date symlink: /home/pierres/COURS/slamnav/install/dwb_msgs/include/dwb_msgs/dwb_msgs/srv/detail/get_critic_score__rosidl_typesupport_introspection_c.h
[1.592s] -- Up-to-date symlink: /home/pierres/COURS/slamnav/install/dwb_msgs/include/dwb_msgs/dwb_msgs/srv/detail/score_trajectory__rosidl_typesupport_introspection_c.h
[1.592s] -- Up-to-date symlink: /home/pierres/COURS/slamnav/install/dwb_msgs/include/dwb_msgs/dwb_msgs/msg/detail/critic_score__rosidl_typesupport_introspection_cpp.hpp
[1.592s] -- Up-to-date symlink: /home/pierres/COURS/slamnav/install/dwb_msgs/include/dwb_msgs/dwb_msgs/msg/detail/local_plan_evaluation__rosidl_typesupport_introspection_cpp.hpp
[1.593s] -- Up-to-date symlink: /home/pierres/COURS/slamnav/install/dwb_msgs/include/dwb_msgs/dwb_msgs/msg/detail/trajectory2_d__rosidl_typesupport_introspection_cpp.hpp
[1.593s] -- Up-to-date symlink: /home/pierres/COURS/slamnav/install/dwb_msgs/include/dwb_msgs/dwb_msgs/msg/detail/trajectory_score__rosidl_typesupport_introspection_cpp.hpp
[1.593s] -- Up-to-date symlink: /home/pierres/COURS/slamnav/install/dwb_msgs/include/dwb_msgs/dwb_msgs/srv/detail/debug_local_plan__rosidl_typesupport_introspection_cpp.hpp
[1.593s] -- Up-to-date symlink: /home/pierres/COURS/slamnav/install/dwb_msgs/include/dwb_msgs/dwb_msgs/srv/detail/generate_trajectory__rosidl_typesupport_introspection_cpp.hpp
[1.593s] -- Up-to-date symlink: /home/pierres/COURS/slamnav/install/dwb_msgs/include/dwb_msgs/dwb_msgs/srv/detail/generate_twists__rosidl_typesupport_introspection_cpp.hpp
[1.593s] -- Up-to-date symlink: /home/pierres/COURS/slamnav/install/dwb_msgs/include/dwb_msgs/dwb_msgs/srv/detail/get_critic_score__rosidl_typesupport_introspection_cpp.hpp
[1.593s] -- Up-to-date symlink: /home/pierres/COURS/slamnav/install/dwb_msgs/include/dwb_msgs/dwb_msgs/srv/detail/score_trajectory__rosidl_typesupport_introspection_cpp.hpp
[1.593s] -- Up-to-date symlink: /home/pierres/COURS/slamnav/install/dwb_msgs/share/dwb_msgs/environment/pythonpath.sh
[1.593s] -- Up-to-date symlink: /home/pierres/COURS/slamnav/install/dwb_msgs/share/dwb_msgs/environment/pythonpath.dsv
[1.593s] -- Up-to-date symlink: /home/pierres/COURS/slamnav/install/dwb_msgs/local/lib/python3.10/dist-packages/dwb_msgs-1.1.16-py3.10.egg-info/PKG-INFO
[1.594s] -- Up-to-date symlink: /home/pierres/COURS/slamnav/install/dwb_msgs/local/lib/python3.10/dist-packages/dwb_msgs-1.1.16-py3.10.egg-info/SOURCES.txt
[1.594s] -- Up-to-date symlink: /home/pierres/COURS/slamnav/install/dwb_msgs/local/lib/python3.10/dist-packages/dwb_msgs-1.1.16-py3.10.egg-info/dependency_links.txt
[1.594s] -- Up-to-date symlink: /home/pierres/COURS/slamnav/install/dwb_msgs/local/lib/python3.10/dist-packages/dwb_msgs-1.1.16-py3.10.egg-info/top_level.txt
[1.594s] -- Up-to-date symlink: /home/pierres/COURS/slamnav/install/dwb_msgs/local/lib/python3.10/dist-packages/dwb_msgs/__init__.py
[1.594s] -- Up-to-date symlink: /home/pierres/COURS/slamnav/install/dwb_msgs/local/lib/python3.10/dist-packages/dwb_msgs/_dwb_msgs_s.ep.rosidl_typesupport_c.c
[1.594s] -- Up-to-date symlink: /home/pierres/COURS/slamnav/install/dwb_msgs/local/lib/python3.10/dist-packages/dwb_msgs/_dwb_msgs_s.ep.rosidl_typesupport_fastrtps_c.c
[1.594s] -- Up-to-date symlink: /home/pierres/COURS/slamnav/install/dwb_msgs/local/lib/python3.10/dist-packages/dwb_msgs/_dwb_msgs_s.ep.rosidl_typesupport_introspection_c.c
[1.594s] -- Up-to-date symlink: /home/pierres/COURS/slamnav/install/dwb_msgs/local/lib/python3.10/dist-packages/dwb_msgs/dwb_msgs_s__rosidl_typesupport_c.cpython-310-x86_64-linux-gnu.so
[1.594s] -- Up-to-date symlink: /home/pierres/COURS/slamnav/install/dwb_msgs/local/lib/python3.10/dist-packages/dwb_msgs/dwb_msgs_s__rosidl_typesupport_fastrtps_c.cpython-310-x86_64-linux-gnu.so
[1.594s] -- Up-to-date symlink: /home/pierres/COURS/slamnav/install/dwb_msgs/local/lib/python3.10/dist-packages/dwb_msgs/dwb_msgs_s__rosidl_typesupport_introspection_c.cpython-310-x86_64-linux-gnu.so
[1.594s] -- Up-to-date symlink: /home/pierres/COURS/slamnav/install/dwb_msgs/local/lib/python3.10/dist-packages/dwb_msgs/libdwb_msgs__rosidl_generator_py.so
[1.595s] -- Up-to-date symlink: /home/pierres/COURS/slamnav/install/dwb_msgs/local/lib/python3.10/dist-packages/dwb_msgs/msg/__init__.py
[1.595s] -- Up-to-date symlink: /home/pierres/COURS/slamnav/install/dwb_msgs/local/lib/python3.10/dist-packages/dwb_msgs/msg/_critic_score.py
[1.595s] -- Up-to-date symlink: /home/pierres/COURS/slamnav/install/dwb_msgs/local/lib/python3.10/dist-packages/dwb_msgs/msg/_critic_score_s.c
[1.595s] -- Up-to-date symlink: /home/pierres/COURS/slamnav/install/dwb_msgs/local/lib/python3.10/dist-packages/dwb_msgs/msg/_local_plan_evaluation.py
[1.595s] -- Up-to-date symlink: /home/pierres/COURS/slamnav/install/dwb_msgs/local/lib/python3.10/dist-packages/dwb_msgs/msg/_local_plan_evaluation_s.c
[1.595s] -- Up-to-date symlink: /home/pierres/COURS/slamnav/install/dwb_msgs/local/lib/python3.10/dist-packages/dwb_msgs/msg/_trajectory2_d.py
[1.595s] -- Up-to-date symlink: /home/pierres/COURS/slamnav/install/dwb_msgs/local/lib/python3.10/dist-packages/dwb_msgs/msg/_trajectory2_d_s.c
[1.595s] -- Up-to-date symlink: /home/pierres/COURS/slamnav/install/dwb_msgs/local/lib/python3.10/dist-packages/dwb_msgs/msg/_trajectory_score.py
[1.595s] -- Up-to-date symlink: /home/pierres/COURS/slamnav/install/dwb_msgs/local/lib/python3.10/dist-packages/dwb_msgs/msg/_trajectory_score_s.c
[1.595s] -- Up-to-date symlink: /home/pierres/COURS/slamnav/install/dwb_msgs/local/lib/python3.10/dist-packages/dwb_msgs/srv/__init__.py
[1.595s] -- Up-to-date symlink: /home/pierres/COURS/slamnav/install/dwb_msgs/local/lib/python3.10/dist-packages/dwb_msgs/srv/_debug_local_plan.py
[1.596s] -- Up-to-date symlink: /home/pierres/COURS/slamnav/install/dwb_msgs/local/lib/python3.10/dist-packages/dwb_msgs/srv/_debug_local_plan_s.c
[1.596s] -- Up-to-date symlink: /home/pierres/COURS/slamnav/install/dwb_msgs/local/lib/python3.10/dist-packages/dwb_msgs/srv/_generate_trajectory.py
[1.596s] -- Up-to-date symlink: /home/pierres/COURS/slamnav/install/dwb_msgs/local/lib/python3.10/dist-packages/dwb_msgs/srv/_generate_trajectory_s.c
[1.596s] -- Up-to-date symlink: /home/pierres/COURS/slamnav/install/dwb_msgs/local/lib/python3.10/dist-packages/dwb_msgs/srv/_generate_twists.py
[1.596s] -- Up-to-date symlink: /home/pierres/COURS/slamnav/install/dwb_msgs/local/lib/python3.10/dist-packages/dwb_msgs/srv/_generate_twists_s.c
[1.596s] -- Up-to-date symlink: /home/pierres/COURS/slamnav/install/dwb_msgs/local/lib/python3.10/dist-packages/dwb_msgs/srv/_get_critic_score.py
[1.596s] -- Up-to-date symlink: /home/pierres/COURS/slamnav/install/dwb_msgs/local/lib/python3.10/dist-packages/dwb_msgs/srv/_get_critic_score_s.c
[1.596s] -- Up-to-date symlink: /home/pierres/COURS/slamnav/install/dwb_msgs/local/lib/python3.10/dist-packages/dwb_msgs/srv/_score_trajectory.py
[1.596s] -- Up-to-date symlink: /home/pierres/COURS/slamnav/install/dwb_msgs/local/lib/python3.10/dist-packages/dwb_msgs/srv/_score_trajectory_s.c
[1.596s] -- Up-to-date symlink: /home/pierres/COURS/slamnav/install/dwb_msgs/local/lib/python3.10/dist-packages/dwb_msgs/dwb_msgs_s__rosidl_typesupport_fastrtps_c.cpython-310-x86_64-linux-gnu.so
[1.596s] -- Up-to-date symlink: /home/pierres/COURS/slamnav/install/dwb_msgs/local/lib/python3.10/dist-packages/dwb_msgs/dwb_msgs_s__rosidl_typesupport_introspection_c.cpython-310-x86_64-linux-gnu.so
[1.597s] -- Up-to-date symlink: /home/pierres/COURS/slamnav/install/dwb_msgs/local/lib/python3.10/dist-packages/dwb_msgs/dwb_msgs_s__rosidl_typesupport_c.cpython-310-x86_64-linux-gnu.so
[1.597s] -- Up-to-date symlink: /home/pierres/COURS/slamnav/install/dwb_msgs/share/dwb_msgs/msg/CriticScore.idl
[1.597s] -- Up-to-date symlink: /home/pierres/COURS/slamnav/install/dwb_msgs/share/dwb_msgs/msg/LocalPlanEvaluation.idl
[1.597s] -- Up-to-date symlink: /home/pierres/COURS/slamnav/install/dwb_msgs/share/dwb_msgs/msg/Trajectory2D.idl
[1.597s] -- Up-to-date symlink: /home/pierres/COURS/slamnav/install/dwb_msgs/share/dwb_msgs/msg/TrajectoryScore.idl
[1.597s] -- Up-to-date symlink: /home/pierres/COURS/slamnav/install/dwb_msgs/share/dwb_msgs/srv/DebugLocalPlan.idl
[1.597s] -- Up-to-date symlink: /home/pierres/COURS/slamnav/install/dwb_msgs/share/dwb_msgs/srv/GenerateTrajectory.idl
[1.597s] -- Up-to-date symlink: /home/pierres/COURS/slamnav/install/dwb_msgs/share/dwb_msgs/srv/GenerateTwists.idl
[1.597s] -- Up-to-date symlink: /home/pierres/COURS/slamnav/install/dwb_msgs/share/dwb_msgs/srv/GetCriticScore.idl
[1.597s] -- Up-to-date symlink: /home/pierres/COURS/slamnav/install/dwb_msgs/share/dwb_msgs/srv/ScoreTrajectory.idl
[1.597s] -- Up-to-date symlink: /home/pierres/COURS/slamnav/install/dwb_msgs/share/dwb_msgs/msg/CriticScore.msg
[1.597s] -- Up-to-date symlink: /home/pierres/COURS/slamnav/install/dwb_msgs/share/dwb_msgs/msg/LocalPlanEvaluation.msg
[1.598s] -- Up-to-date symlink: /home/pierres/COURS/slamnav/install/dwb_msgs/share/dwb_msgs/msg/Trajectory2D.msg
[1.598s] -- Up-to-date symlink: /home/pierres/COURS/slamnav/install/dwb_msgs/share/dwb_msgs/msg/TrajectoryScore.msg
[1.598s] -- Up-to-date symlink: /home/pierres/COURS/slamnav/install/dwb_msgs/share/dwb_msgs/srv/DebugLocalPlan.srv
[1.598s] -- Up-to-date symlink: /home/pierres/COURS/slamnav/install/dwb_msgs/share/dwb_msgs/srv/DebugLocalPlan_Request.msg
[1.598s] -- Up-to-date symlink: /home/pierres/COURS/slamnav/install/dwb_msgs/share/dwb_msgs/srv/DebugLocalPlan_Response.msg
[1.598s] -- Up-to-date symlink: /home/pierres/COURS/slamnav/install/dwb_msgs/share/dwb_msgs/srv/GenerateTrajectory.srv
[1.598s] -- Up-to-date symlink: /home/pierres/COURS/slamnav/install/dwb_msgs/share/dwb_msgs/srv/GenerateTrajectory_Request.msg
[1.598s] -- Up-to-date symlink: /home/pierres/COURS/slamnav/install/dwb_msgs/share/dwb_msgs/srv/GenerateTrajectory_Response.msg
[1.598s] -- Up-to-date symlink: /home/pierres/COURS/slamnav/install/dwb_msgs/share/dwb_msgs/srv/GenerateTwists.srv
[1.598s] -- Up-to-date symlink: /home/pierres/COURS/slamnav/install/dwb_msgs/share/dwb_msgs/srv/GenerateTwists_Request.msg
[1.598s] -- Up-to-date symlink: /home/pierres/COURS/slamnav/install/dwb_msgs/share/dwb_msgs/srv/GenerateTwists_Response.msg
[1.598s] -- Up-to-date symlink: /home/pierres/COURS/slamnav/install/dwb_msgs/share/dwb_msgs/srv/GetCriticScore.srv
[1.599s] -- Up-to-date symlink: /home/pierres/COURS/slamnav/install/dwb_msgs/share/dwb_msgs/srv/GetCriticScore_Request.msg
[1.599s] -- Up-to-date symlink: /home/pierres/COURS/slamnav/install/dwb_msgs/share/dwb_msgs/srv/GetCriticScore_Response.msg
[1.599s] -- Up-to-date symlink: /home/pierres/COURS/slamnav/install/dwb_msgs/share/dwb_msgs/srv/ScoreTrajectory.srv
[1.599s] -- Up-to-date symlink: /home/pierres/COURS/slamnav/install/dwb_msgs/share/dwb_msgs/srv/ScoreTrajectory_Request.msg
[1.599s] -- Up-to-date symlink: /home/pierres/COURS/slamnav/install/dwb_msgs/share/dwb_msgs/srv/ScoreTrajectory_Response.msg
[1.599s] -- Up-to-date symlink: /home/pierres/COURS/slamnav/install/dwb_msgs/share/ament_index/resource_index/package_run_dependencies/dwb_msgs
[1.599s] -- Up-to-date symlink: /home/pierres/COURS/slamnav/install/dwb_msgs/share/ament_index/resource_index/parent_prefix_path/dwb_msgs
[1.599s] -- Up-to-date symlink: /home/pierres/COURS/slamnav/install/dwb_msgs/share/dwb_msgs/environment/ament_prefix_path.sh
[1.599s] -- Up-to-date symlink: /home/pierres/COURS/slamnav/install/dwb_msgs/share/dwb_msgs/environment/ament_prefix_path.dsv
[1.600s] -- Up-to-date symlink: /home/pierres/COURS/slamnav/install/dwb_msgs/share/dwb_msgs/environment/path.sh
[1.600s] -- Up-to-date symlink: /home/pierres/COURS/slamnav/install/dwb_msgs/share/dwb_msgs/environment/path.dsv
[1.600s] -- Up-to-date symlink: /home/pierres/COURS/slamnav/install/dwb_msgs/share/dwb_msgs/local_setup.bash
[1.600s] -- Up-to-date symlink: /home/pierres/COURS/slamnav/install/dwb_msgs/share/dwb_msgs/local_setup.sh
[1.600s] -- Up-to-date symlink: /home/pierres/COURS/slamnav/install/dwb_msgs/share/dwb_msgs/local_setup.zsh
[1.600s] -- Up-to-date symlink: /home/pierres/COURS/slamnav/install/dwb_msgs/share/dwb_msgs/local_setup.dsv
[1.600s] -- Symlinking: /home/pierres/COURS/slamnav/install/dwb_msgs/share/dwb_msgs/package.dsv
[1.605s] -- Up-to-date symlink: /home/pierres/COURS/slamnav/install/dwb_msgs/share/ament_index/resource_index/packages/dwb_msgs
[1.605s] -- Up-to-date symlink: /home/pierres/COURS/slamnav/install/dwb_msgs/share/dwb_msgs/cmake/rosidl_cmake-extras.cmake
[1.605s] -- Up-to-date symlink: /home/pierres/COURS/slamnav/install/dwb_msgs/share/dwb_msgs/cmake/ament_cmake_export_dependencies-extras.cmake
[1.605s] -- Up-to-date symlink: /home/pierres/COURS/slamnav/install/dwb_msgs/share/dwb_msgs/cmake/ament_cmake_export_include_directories-extras.cmake
[1.605s] -- Up-to-date symlink: /home/pierres/COURS/slamnav/install/dwb_msgs/share/dwb_msgs/cmake/ament_cmake_export_libraries-extras.cmake
[1.605s] -- Up-to-date symlink: /home/pierres/COURS/slamnav/install/dwb_msgs/share/dwb_msgs/cmake/ament_cmake_export_targets-extras.cmake
[1.606s] -- Up-to-date symlink: /home/pierres/COURS/slamnav/install/dwb_msgs/share/dwb_msgs/cmake/rosidl_cmake_export_typesupport_targets-extras.cmake
[1.606s] -- Up-to-date symlink: /home/pierres/COURS/slamnav/install/dwb_msgs/share/dwb_msgs/cmake/rosidl_cmake_export_typesupport_libraries-extras.cmake
[1.606s] -- Up-to-date symlink: /home/pierres/COURS/slamnav/install/dwb_msgs/share/dwb_msgs/cmake/dwb_msgsConfig.cmake
[1.606s] -- Up-to-date symlink: /home/pierres/COURS/slamnav/install/dwb_msgs/share/dwb_msgs/cmake/dwb_msgsConfig-version.cmake
[1.606s] -- Up-to-date symlink: /home/pierres/COURS/slamnav/install/dwb_msgs/share/dwb_msgs/package.xml
[1.606s] -- Up-to-date: /home/pierres/COURS/slamnav/install/dwb_msgs/lib/libdwb_msgs__rosidl_generator_c.so
[1.606s] -- Up-to-date: /home/pierres/COURS/slamnav/install/dwb_msgs/lib/libdwb_msgs__rosidl_typesupport_fastrtps_c.so
[1.606s] -- Up-to-date: /home/pierres/COURS/slamnav/install/dwb_msgs/lib/libdwb_msgs__rosidl_typesupport_fastrtps_cpp.so
[1.606s] -- Up-to-date: /home/pierres/COURS/slamnav/install/dwb_msgs/lib/libdwb_msgs__rosidl_typesupport_introspection_c.so
[1.606s] -- Up-to-date: /home/pierres/COURS/slamnav/install/dwb_msgs/lib/libdwb_msgs__rosidl_typesupport_c.so
[1.606s] -- Up-to-date: /home/pierres/COURS/slamnav/install/dwb_msgs/lib/libdwb_msgs__rosidl_typesupport_introspection_cpp.so
[1.607s] -- Up-to-date: /home/pierres/COURS/slamnav/install/dwb_msgs/lib/libdwb_msgs__rosidl_typesupport_cpp.so
[1.657s] Listing '/home/pierres/COURS/slamnav/install/dwb_msgs/local/lib/python3.10/dist-packages/dwb_msgs'...
[1.657s] Compiling '/home/pierres/COURS/slamnav/install/dwb_msgs/local/lib/python3.10/dist-packages/dwb_msgs/__init__.py'...
[1.657s] Listing '/home/pierres/COURS/slamnav/install/dwb_msgs/local/lib/python3.10/dist-packages/dwb_msgs/msg'...
[1.657s] Listing '/home/pierres/COURS/slamnav/install/dwb_msgs/local/lib/python3.10/dist-packages/dwb_msgs/srv'...
[1.662s] -- Up-to-date: /home/pierres/COURS/slamnav/install/dwb_msgs/lib/libdwb_msgs__rosidl_generator_py.so
[1.663s] -- Up-to-date: /home/pierres/COURS/slamnav/install/dwb_msgs/share/dwb_msgs/cmake/export_dwb_msgs__rosidl_generator_cExport.cmake
[1.663s] -- Up-to-date: /home/pierres/COURS/slamnav/install/dwb_msgs/share/dwb_msgs/cmake/export_dwb_msgs__rosidl_generator_cExport-humble.cmake
[1.663s] -- Up-to-date: /home/pierres/COURS/slamnav/install/dwb_msgs/share/dwb_msgs/cmake/export_dwb_msgs__rosidl_typesupport_fastrtps_cExport.cmake
[1.663s] -- Up-to-date: /home/pierres/COURS/slamnav/install/dwb_msgs/share/dwb_msgs/cmake/export_dwb_msgs__rosidl_typesupport_fastrtps_cExport-humble.cmake
[1.663s] -- Up-to-date: /home/pierres/COURS/slamnav/install/dwb_msgs/share/dwb_msgs/cmake/export_dwb_msgs__rosidl_generator_cppExport.cmake
[1.663s] -- Up-to-date: /home/pierres/COURS/slamnav/install/dwb_msgs/share/dwb_msgs/cmake/export_dwb_msgs__rosidl_typesupport_fastrtps_cppExport.cmake
[1.664s] -- Up-to-date: /home/pierres/COURS/slamnav/install/dwb_msgs/share/dwb_msgs/cmake/export_dwb_msgs__rosidl_typesupport_fastrtps_cppExport-humble.cmake
[1.664s] -- Up-to-date: /home/pierres/COURS/slamnav/install/dwb_msgs/share/dwb_msgs/cmake/dwb_msgs__rosidl_typesupport_introspection_cExport.cmake
[1.664s] -- Up-to-date: /home/pierres/COURS/slamnav/install/dwb_msgs/share/dwb_msgs/cmake/dwb_msgs__rosidl_typesupport_introspection_cExport-humble.cmake
[1.664s] -- Up-to-date: /home/pierres/COURS/slamnav/install/dwb_msgs/share/dwb_msgs/cmake/dwb_msgs__rosidl_typesupport_cExport.cmake
[1.664s] -- Up-to-date: /home/pierres/COURS/slamnav/install/dwb_msgs/share/dwb_msgs/cmake/dwb_msgs__rosidl_typesupport_cExport-humble.cmake
[1.664s] -- Up-to-date: /home/pierres/COURS/slamnav/install/dwb_msgs/share/dwb_msgs/cmake/dwb_msgs__rosidl_typesupport_introspection_cppExport.cmake
[1.664s] -- Up-to-date: /home/pierres/COURS/slamnav/install/dwb_msgs/share/dwb_msgs/cmake/dwb_msgs__rosidl_typesupport_introspection_cppExport-humble.cmake
[1.664s] -- Up-to-date: /home/pierres/COURS/slamnav/install/dwb_msgs/share/dwb_msgs/cmake/dwb_msgs__rosidl_typesupport_cppExport.cmake
[1.664s] -- Up-to-date: /home/pierres/COURS/slamnav/install/dwb_msgs/share/dwb_msgs/cmake/dwb_msgs__rosidl_typesupport_cppExport-humble.cmake
[1.664s] -- Up-to-date: /home/pierres/COURS/slamnav/install/dwb_msgs/share/dwb_msgs/cmake/export_dwb_msgs__rosidl_generator_pyExport.cmake
[1.665s] -- Up-to-date: /home/pierres/COURS/slamnav/install/dwb_msgs/share/dwb_msgs/cmake/export_dwb_msgs__rosidl_generator_pyExport-humble.cmake
[1.667s] Invoked command in '/home/pierres/COURS/slamnav/build/dwb_msgs' returned '0': AMENT_PREFIX_PATH=/home/pierres/COURS/slamnav/install/nav_2d_msgs:${AMENT_PREFIX_PATH} CMAKE_PREFIX_PATH=/home/pierres/COURS/slamnav/install/nav_2d_msgs:/home/pierres/COURS/slamnav/install/slam_toolbox:/opt/ros/humble:/home/pierres/COURS/slamnav/install/slamnav_turtlebot LD_LIBRARY_PATH=/home/pierres/COURS/slamnav/install/nav_2d_msgs/lib:${LD_LIBRARY_PATH} PYTHONPATH=/home/pierres/COURS/slamnav/install/nav_2d_msgs/local/lib/python3.10/dist-packages:${PYTHONPATH} /usr/bin/cmake --install /home/pierres/COURS/slamnav/build/dwb_msgs
