/home/pierres/.local/lib/python3.10/site-packages/setuptools/dist.py:717: UserWarning: Usage of dash-separated 'script-dir' will not be supported in future versions. Please use the underscore name 'script_dir' instead
  warnings.warn(
running egg_info
writing ../../build/slamnav_turtlebot/slamnav_turtlebot.egg-info/PKG-INFO
writing dependency_links to ../../build/slamnav_turtlebot/slamnav_turtlebot.egg-info/dependency_links.txt
writing entry points to ../../build/slamnav_turtlebot/slamnav_turtlebot.egg-info/entry_points.txt
writing requirements to ../../build/slamnav_turtlebot/slamnav_turtlebot.egg-info/requires.txt
writing top-level names to ../../build/slamnav_turtlebot/slamnav_turtlebot.egg-info/top_level.txt
reading manifest file '../../build/slamnav_turtlebot/slamnav_turtlebot.egg-info/SOURCES.txt'
writing manifest file '../../build/slamnav_turtlebot/slamnav_turtlebot.egg-info/SOURCES.txt'
running build
running build_py
copying slamnav_turtlebot/joy_teleop.py -> /home/pierres/COURS/slamnav/build/slamnav_turtlebot/build/lib/slamnav_turtlebot
running install
running install_lib
copying /home/pierres/COURS/slamnav/build/slamnav_turtlebot/build/lib/slamnav_turtlebot/joy_teleop.py -> /home/pierres/COURS/slamnav/install/slamnav_turtlebot/lib/python3.10/site-packages/slamnav_turtlebot
byte-compiling /home/pierres/COURS/slamnav/install/slamnav_turtlebot/lib/python3.10/site-packages/slamnav_turtlebot/joy_teleop.py to joy_teleop.cpython-310.pyc
running install_data
running install_egg_info
removing '/home/pierres/COURS/slamnav/install/slamnav_turtlebot/lib/python3.10/site-packages/slamnav_turtlebot-0.0.0-py3.10.egg-info' (and everything under it)
Copying ../../build/slamnav_turtlebot/slamnav_turtlebot.egg-info to /home/pierres/COURS/slamnav/install/slamnav_turtlebot/lib/python3.10/site-packages/slamnav_turtlebot-0.0.0-py3.10.egg-info
running install_scripts
Installing joy_teleop script to /home/pierres/COURS/slamnav/install/slamnav_turtlebot/lib/slamnav_turtlebot
writing list of installed files to '/home/pierres/COURS/slamnav/build/slamnav_turtlebot/install.log'
