[0.025s] Invoking command in '/home/pierres/COURS/slamnav/build/nav2_bt_navigator': AMENT_PREFIX_PATH=/home/pierres/COURS/slamnav/install/nav2_core:/home/pierres/COURS/slamnav/install/nav2_costmap_2d:/home/pierres/COURS/slamnav/install/nav2_map_server:/home/pierres/COURS/slamnav/install/nav2_lifecycle_manager:/home/pierres/COURS/slamnav/install/nav2_behavior_tree:/home/pierres/COURS/slamnav/install/nav2_util:/home/pierres/COURS/slamnav/install/nav2_voxel_grid:/home/pierres/COURS/slamnav/install/nav2_msgs:/home/pierres/COURS/slamnav/install/nav2_common:${AMENT_PREFIX_PATH} CMAKE_PREFIX_PATH=/home/pierres/COURS/slamnav/install/nav2_core:/home/pierres/COURS/slamnav/install/nav2_costmap_2d:/home/pierres/COURS/slamnav/install/nav2_map_server:/home/pierres/COURS/slamnav/install/nav2_lifecycle_manager:/home/pierres/COURS/slamnav/install/nav2_behavior_tree:/home/pierres/COURS/slamnav/install/nav2_util:/home/pierres/COURS/slamnav/install/nav2_voxel_grid:/home/pierres/COURS/slamnav/install/nav2_msgs:/home/pierres/COURS/slamnav/install/nav2_common:/home/pierres/COURS/slamnav/install/slam_toolbox:/opt/ros/humble:/home/pierres/COURS/slamnav/install/slamnav_turtlebot LD_LIBRARY_PATH=/home/pierres/COURS/slamnav/install/nav2_costmap_2d/lib:/home/pierres/COURS/slamnav/install/nav2_map_server/lib:/home/pierres/COURS/slamnav/install/nav2_lifecycle_manager/lib:/home/pierres/COURS/slamnav/install/nav2_behavior_tree/lib:/home/pierres/COURS/slamnav/install/nav2_util/lib:/home/pierres/COURS/slamnav/install/nav2_voxel_grid/lib:/home/pierres/COURS/slamnav/install/nav2_msgs/lib:${LD_LIBRARY_PATH} PYTHONPATH=/home/pierres/COURS/slamnav/install/nav2_msgs/local/lib/python3.10/dist-packages:/home/pierres/COURS/slamnav/install/nav2_common/local/lib/python3.10/dist-packages:${PYTHONPATH} /usr/bin/cmake /home/pierres/COURS/slamnav/src/navigation2/nav2_bt_navigator -DCMAKE_INSTALL_PREFIX=/home/pierres/COURS/slamnav/install/nav2_bt_navigator
[0.039s] -- Found ament_cmake: 1.3.10 (/opt/ros/humble/share/ament_cmake/cmake)
[0.154s] -- Override CMake install command with custom implementation using symlinks instead of copying resources
[0.163s] -- Found nav2_common: 1.1.16 (/home/pierres/COURS/slamnav/install/nav2_common/share/nav2_common/cmake)
[0.164s] -- Found rclcpp: 16.0.10 (/opt/ros/humble/share/rclcpp/cmake)
[0.205s] -- Found rosidl_generator_c: 3.1.5 (/opt/ros/humble/share/rosidl_generator_c/cmake)
[0.208s] -- Found rosidl_adapter: 3.1.5 (/opt/ros/humble/share/rosidl_adapter/cmake)
[0.215s] -- Found rosidl_generator_cpp: 3.1.5 (/opt/ros/humble/share/rosidl_generator_cpp/cmake)
[0.229s] -- Using all available rosidl_typesupport_c: rosidl_typesupport_fastrtps_c;rosidl_typesupport_introspection_c
[0.246s] -- Using all available rosidl_typesupport_cpp: rosidl_typesupport_fastrtps_cpp;rosidl_typesupport_introspection_cpp
[0.267s] -- Found rmw_implementation_cmake: 6.1.2 (/opt/ros/humble/share/rmw_implementation_cmake/cmake)
[0.268s] -- Found rmw_cyclonedds_cpp: 1.3.4 (/opt/ros/humble/share/rmw_cyclonedds_cpp/cmake)
[0.280s] -- Using RMW implementation 'rmw_cyclonedds_cpp' as default
[0.311s] -- Found rclcpp_action: 16.0.10 (/opt/ros/humble/share/rclcpp_action/cmake)
[0.336s] -- Found rclcpp_lifecycle: 16.0.10 (/opt/ros/humble/share/rclcpp_lifecycle/cmake)
[0.346s] -- Found rclcpp_components: 16.0.10 (/opt/ros/humble/share/rclcpp_components/cmake)
[0.358s] -- Found geometry_msgs: 4.2.4 (/opt/ros/humble/share/geometry_msgs/cmake)
[0.366s] -- Found nav2_behavior_tree: 1.1.16 (/home/pierres/COURS/slamnav/install/nav2_behavior_tree/share/nav2_behavior_tree/cmake)
[0.434s] -- Found eigen3_cmake_module: 0.1.1 (/opt/ros/humble/share/eigen3_cmake_module/cmake)
[0.434s] -- Ensuring Eigen3 include directory is part of orocos-kdl CMake target
[0.466s] -- Found nav2_core: 1.1.16 (/home/pierres/COURS/slamnav/install/nav2_core/share/nav2_core/cmake)
[0.813s] -- Found ament_lint_auto: 0.12.11 (/opt/ros/humble/share/ament_lint_auto/cmake)
[0.898s] -- Added test 'copyright' to check source files copyright and LICENSE
[0.899s] -- Added test 'cppcheck' to perform static code analysis on C / C++ code
[0.900s] -- Configured cppcheck include dirs: /home/pierres/COURS/slamnav/src/navigation2/nav2_bt_navigator/include
[0.900s] -- Configured cppcheck exclude dirs and/or files: 
[0.901s] -- Added test 'cpplint' to check C / C++ code against the Google style
[0.901s] -- Configured cpplint exclude dirs and/or files: 
[0.902s] -- Added test 'lint_cmake' to check CMake code style
[0.903s] -- Added test 'uncrustify' to check C / C++ code style
[0.903s] -- Configured uncrustify additional arguments: 
[0.903s] -- Added test 'xmllint' to check XML markup files
[0.906s] -- Configuring done
[0.983s] -- Generating done
[0.983s] -- Build files have been written to: /home/pierres/COURS/slamnav/build/nav2_bt_navigator
[0.993s] Invoked command in '/home/pierres/COURS/slamnav/build/nav2_bt_navigator' returned '0': AMENT_PREFIX_PATH=/home/pierres/COURS/slamnav/install/nav2_core:/home/pierres/COURS/slamnav/install/nav2_costmap_2d:/home/pierres/COURS/slamnav/install/nav2_map_server:/home/pierres/COURS/slamnav/install/nav2_lifecycle_manager:/home/pierres/COURS/slamnav/install/nav2_behavior_tree:/home/pierres/COURS/slamnav/install/nav2_util:/home/pierres/COURS/slamnav/install/nav2_voxel_grid:/home/pierres/COURS/slamnav/install/nav2_msgs:/home/pierres/COURS/slamnav/install/nav2_common:${AMENT_PREFIX_PATH} CMAKE_PREFIX_PATH=/home/pierres/COURS/slamnav/install/nav2_core:/home/pierres/COURS/slamnav/install/nav2_costmap_2d:/home/pierres/COURS/slamnav/install/nav2_map_server:/home/pierres/COURS/slamnav/install/nav2_lifecycle_manager:/home/pierres/COURS/slamnav/install/nav2_behavior_tree:/home/pierres/COURS/slamnav/install/nav2_util:/home/pierres/COURS/slamnav/install/nav2_voxel_grid:/home/pierres/COURS/slamnav/install/nav2_msgs:/home/pierres/COURS/slamnav/install/nav2_common:/home/pierres/COURS/slamnav/install/slam_toolbox:/opt/ros/humble:/home/pierres/COURS/slamnav/install/slamnav_turtlebot LD_LIBRARY_PATH=/home/pierres/COURS/slamnav/install/nav2_costmap_2d/lib:/home/pierres/COURS/slamnav/install/nav2_map_server/lib:/home/pierres/COURS/slamnav/install/nav2_lifecycle_manager/lib:/home/pierres/COURS/slamnav/install/nav2_behavior_tree/lib:/home/pierres/COURS/slamnav/install/nav2_util/lib:/home/pierres/COURS/slamnav/install/nav2_voxel_grid/lib:/home/pierres/COURS/slamnav/install/nav2_msgs/lib:${LD_LIBRARY_PATH} PYTHONPATH=/home/pierres/COURS/slamnav/install/nav2_msgs/local/lib/python3.10/dist-packages:/home/pierres/COURS/slamnav/install/nav2_common/local/lib/python3.10/dist-packages:${PYTHONPATH} /usr/bin/cmake /home/pierres/COURS/slamnav/src/navigation2/nav2_bt_navigator -DCMAKE_INSTALL_PREFIX=/home/pierres/COURS/slamnav/install/nav2_bt_navigator
[0.996s] Invoking command in '/home/pierres/COURS/slamnav/build/nav2_bt_navigator': AMENT_PREFIX_PATH=/home/pierres/COURS/slamnav/install/nav2_core:/home/pierres/COURS/slamnav/install/nav2_costmap_2d:/home/pierres/COURS/slamnav/install/nav2_map_server:/home/pierres/COURS/slamnav/install/nav2_lifecycle_manager:/home/pierres/COURS/slamnav/install/nav2_behavior_tree:/home/pierres/COURS/slamnav/install/nav2_util:/home/pierres/COURS/slamnav/install/nav2_voxel_grid:/home/pierres/COURS/slamnav/install/nav2_msgs:/home/pierres/COURS/slamnav/install/nav2_common:${AMENT_PREFIX_PATH} CMAKE_PREFIX_PATH=/home/pierres/COURS/slamnav/install/nav2_core:/home/pierres/COURS/slamnav/install/nav2_costmap_2d:/home/pierres/COURS/slamnav/install/nav2_map_server:/home/pierres/COURS/slamnav/install/nav2_lifecycle_manager:/home/pierres/COURS/slamnav/install/nav2_behavior_tree:/home/pierres/COURS/slamnav/install/nav2_util:/home/pierres/COURS/slamnav/install/nav2_voxel_grid:/home/pierres/COURS/slamnav/install/nav2_msgs:/home/pierres/COURS/slamnav/install/nav2_common:/home/pierres/COURS/slamnav/install/slam_toolbox:/opt/ros/humble:/home/pierres/COURS/slamnav/install/slamnav_turtlebot LD_LIBRARY_PATH=/home/pierres/COURS/slamnav/install/nav2_costmap_2d/lib:/home/pierres/COURS/slamnav/install/nav2_map_server/lib:/home/pierres/COURS/slamnav/install/nav2_lifecycle_manager/lib:/home/pierres/COURS/slamnav/install/nav2_behavior_tree/lib:/home/pierres/COURS/slamnav/install/nav2_util/lib:/home/pierres/COURS/slamnav/install/nav2_voxel_grid/lib:/home/pierres/COURS/slamnav/install/nav2_msgs/lib:${LD_LIBRARY_PATH} PYTHONPATH=/home/pierres/COURS/slamnav/install/nav2_msgs/local/lib/python3.10/dist-packages:/home/pierres/COURS/slamnav/install/nav2_common/local/lib/python3.10/dist-packages:${PYTHONPATH} /usr/bin/cmake --build /home/pierres/COURS/slamnav/build/nav2_bt_navigator -- -j16 -l16
[1.037s] [35m[1mConsolidate compiler generated dependencies of target bt_navigator_core[0m
[1.059s] [ 66%] Built target bt_navigator_core
[1.068s] [35m[1mConsolidate compiler generated dependencies of target bt_navigator[0m
[1.087s] [100%] Built target bt_navigator
[1.096s] Invoked command in '/home/pierres/COURS/slamnav/build/nav2_bt_navigator' returned '0': AMENT_PREFIX_PATH=/home/pierres/COURS/slamnav/install/nav2_core:/home/pierres/COURS/slamnav/install/nav2_costmap_2d:/home/pierres/COURS/slamnav/install/nav2_map_server:/home/pierres/COURS/slamnav/install/nav2_lifecycle_manager:/home/pierres/COURS/slamnav/install/nav2_behavior_tree:/home/pierres/COURS/slamnav/install/nav2_util:/home/pierres/COURS/slamnav/install/nav2_voxel_grid:/home/pierres/COURS/slamnav/install/nav2_msgs:/home/pierres/COURS/slamnav/install/nav2_common:${AMENT_PREFIX_PATH} CMAKE_PREFIX_PATH=/home/pierres/COURS/slamnav/install/nav2_core:/home/pierres/COURS/slamnav/install/nav2_costmap_2d:/home/pierres/COURS/slamnav/install/nav2_map_server:/home/pierres/COURS/slamnav/install/nav2_lifecycle_manager:/home/pierres/COURS/slamnav/install/nav2_behavior_tree:/home/pierres/COURS/slamnav/install/nav2_util:/home/pierres/COURS/slamnav/install/nav2_voxel_grid:/home/pierres/COURS/slamnav/install/nav2_msgs:/home/pierres/COURS/slamnav/install/nav2_common:/home/pierres/COURS/slamnav/install/slam_toolbox:/opt/ros/humble:/home/pierres/COURS/slamnav/install/slamnav_turtlebot LD_LIBRARY_PATH=/home/pierres/COURS/slamnav/install/nav2_costmap_2d/lib:/home/pierres/COURS/slamnav/install/nav2_map_server/lib:/home/pierres/COURS/slamnav/install/nav2_lifecycle_manager/lib:/home/pierres/COURS/slamnav/install/nav2_behavior_tree/lib:/home/pierres/COURS/slamnav/install/nav2_util/lib:/home/pierres/COURS/slamnav/install/nav2_voxel_grid/lib:/home/pierres/COURS/slamnav/install/nav2_msgs/lib:${LD_LIBRARY_PATH} PYTHONPATH=/home/pierres/COURS/slamnav/install/nav2_msgs/local/lib/python3.10/dist-packages:/home/pierres/COURS/slamnav/install/nav2_common/local/lib/python3.10/dist-packages:${PYTHONPATH} /usr/bin/cmake --build /home/pierres/COURS/slamnav/build/nav2_bt_navigator -- -j16 -l16
[1.125s] Invoking command in '/home/pierres/COURS/slamnav/build/nav2_bt_navigator': AMENT_PREFIX_PATH=/home/pierres/COURS/slamnav/install/nav2_core:/home/pierres/COURS/slamnav/install/nav2_costmap_2d:/home/pierres/COURS/slamnav/install/nav2_map_server:/home/pierres/COURS/slamnav/install/nav2_lifecycle_manager:/home/pierres/COURS/slamnav/install/nav2_behavior_tree:/home/pierres/COURS/slamnav/install/nav2_util:/home/pierres/COURS/slamnav/install/nav2_voxel_grid:/home/pierres/COURS/slamnav/install/nav2_msgs:/home/pierres/COURS/slamnav/install/nav2_common:${AMENT_PREFIX_PATH} CMAKE_PREFIX_PATH=/home/pierres/COURS/slamnav/install/nav2_core:/home/pierres/COURS/slamnav/install/nav2_costmap_2d:/home/pierres/COURS/slamnav/install/nav2_map_server:/home/pierres/COURS/slamnav/install/nav2_lifecycle_manager:/home/pierres/COURS/slamnav/install/nav2_behavior_tree:/home/pierres/COURS/slamnav/install/nav2_util:/home/pierres/COURS/slamnav/install/nav2_voxel_grid:/home/pierres/COURS/slamnav/install/nav2_msgs:/home/pierres/COURS/slamnav/install/nav2_common:/home/pierres/COURS/slamnav/install/slam_toolbox:/opt/ros/humble:/home/pierres/COURS/slamnav/install/slamnav_turtlebot LD_LIBRARY_PATH=/home/pierres/COURS/slamnav/install/nav2_costmap_2d/lib:/home/pierres/COURS/slamnav/install/nav2_map_server/lib:/home/pierres/COURS/slamnav/install/nav2_lifecycle_manager/lib:/home/pierres/COURS/slamnav/install/nav2_behavior_tree/lib:/home/pierres/COURS/slamnav/install/nav2_util/lib:/home/pierres/COURS/slamnav/install/nav2_voxel_grid/lib:/home/pierres/COURS/slamnav/install/nav2_msgs/lib:${LD_LIBRARY_PATH} PYTHONPATH=/home/pierres/COURS/slamnav/install/nav2_msgs/local/lib/python3.10/dist-packages:/home/pierres/COURS/slamnav/install/nav2_common/local/lib/python3.10/dist-packages:${PYTHONPATH} /usr/bin/cmake --install /home/pierres/COURS/slamnav/build/nav2_bt_navigator
[1.130s] -- Install configuration: "Humble"
[1.131s] -- Execute custom install script
[1.131s] -- Up-to-date symlink: /home/pierres/COURS/slamnav/install/nav2_bt_navigator/lib/libbt_navigator_core.so
[1.131s] -- Up-to-date symlink: /home/pierres/COURS/slamnav/install/nav2_bt_navigator/lib/nav2_bt_navigator/bt_navigator
[1.131s] -- Up-to-date symlink: /home/pierres/COURS/slamnav/install/nav2_bt_navigator/include//nav2_bt_navigator/bt_navigator.hpp
[1.131s] -- Up-to-date symlink: /home/pierres/COURS/slamnav/install/nav2_bt_navigator/include//nav2_bt_navigator/navigator.hpp
[1.131s] -- Up-to-date symlink: /home/pierres/COURS/slamnav/install/nav2_bt_navigator/include//nav2_bt_navigator/navigators/navigate_through_poses.hpp
[1.131s] -- Up-to-date symlink: /home/pierres/COURS/slamnav/install/nav2_bt_navigator/include//nav2_bt_navigator/navigators/navigate_to_pose.hpp
[1.132s] -- Up-to-date symlink: /home/pierres/COURS/slamnav/install/nav2_bt_navigator/share/nav2_bt_navigator/behavior_trees/follow_point.xml
[1.132s] -- Up-to-date symlink: /home/pierres/COURS/slamnav/install/nav2_bt_navigator/share/nav2_bt_navigator/behavior_trees/nav_to_pose_with_consistent_replanning_and_if_path_becomes_invalid.xml
[1.132s] -- Up-to-date symlink: /home/pierres/COURS/slamnav/install/nav2_bt_navigator/share/nav2_bt_navigator/behavior_trees/navigate_through_poses_w_replanning_and_recovery.xml
[1.132s] -- Up-to-date symlink: /home/pierres/COURS/slamnav/install/nav2_bt_navigator/share/nav2_bt_navigator/behavior_trees/navigate_to_pose_w_replanning_and_recovery.xml
[1.132s] -- Up-to-date symlink: /home/pierres/COURS/slamnav/install/nav2_bt_navigator/share/nav2_bt_navigator/behavior_trees/navigate_to_pose_w_replanning_goal_patience_and_recovery.xml
[1.132s] -- Up-to-date symlink: /home/pierres/COURS/slamnav/install/nav2_bt_navigator/share/nav2_bt_navigator/behavior_trees/navigate_w_recovery_and_replanning_only_if_path_becomes_invalid.xml
[1.132s] -- Up-to-date symlink: /home/pierres/COURS/slamnav/install/nav2_bt_navigator/share/nav2_bt_navigator/behavior_trees/navigate_w_replanning_distance.xml
[1.132s] -- Up-to-date symlink: /home/pierres/COURS/slamnav/install/nav2_bt_navigator/share/nav2_bt_navigator/behavior_trees/navigate_w_replanning_only_if_goal_is_updated.xml
[1.132s] -- Up-to-date symlink: /home/pierres/COURS/slamnav/install/nav2_bt_navigator/share/nav2_bt_navigator/behavior_trees/navigate_w_replanning_only_if_path_becomes_invalid.xml
[1.132s] -- Up-to-date symlink: /home/pierres/COURS/slamnav/install/nav2_bt_navigator/share/nav2_bt_navigator/behavior_trees/navigate_w_replanning_speed.xml
[1.132s] -- Up-to-date symlink: /home/pierres/COURS/slamnav/install/nav2_bt_navigator/share/nav2_bt_navigator/behavior_trees/navigate_w_replanning_time.xml
[1.132s] -- Up-to-date symlink: /home/pierres/COURS/slamnav/install/nav2_bt_navigator/share/nav2_bt_navigator/behavior_trees/odometry_calibration.xml
[1.132s] -- Up-to-date symlink: /home/pierres/COURS/slamnav/install/nav2_bt_navigator/share/nav2_bt_navigator/environment/library_path.sh
[1.132s] -- Up-to-date symlink: /home/pierres/COURS/slamnav/install/nav2_bt_navigator/share/nav2_bt_navigator/environment/library_path.dsv
[1.132s] -- Up-to-date symlink: /home/pierres/COURS/slamnav/install/nav2_bt_navigator/share/ament_index/resource_index/package_run_dependencies/nav2_bt_navigator
[1.132s] -- Up-to-date symlink: /home/pierres/COURS/slamnav/install/nav2_bt_navigator/share/ament_index/resource_index/parent_prefix_path/nav2_bt_navigator
[1.133s] -- Up-to-date symlink: /home/pierres/COURS/slamnav/install/nav2_bt_navigator/share/nav2_bt_navigator/environment/ament_prefix_path.sh
[1.133s] -- Up-to-date symlink: /home/pierres/COURS/slamnav/install/nav2_bt_navigator/share/nav2_bt_navigator/environment/ament_prefix_path.dsv
[1.133s] -- Up-to-date symlink: /home/pierres/COURS/slamnav/install/nav2_bt_navigator/share/nav2_bt_navigator/environment/path.sh
[1.133s] -- Up-to-date symlink: /home/pierres/COURS/slamnav/install/nav2_bt_navigator/share/nav2_bt_navigator/environment/path.dsv
[1.133s] -- Up-to-date symlink: /home/pierres/COURS/slamnav/install/nav2_bt_navigator/share/nav2_bt_navigator/local_setup.bash
[1.133s] -- Up-to-date symlink: /home/pierres/COURS/slamnav/install/nav2_bt_navigator/share/nav2_bt_navigator/local_setup.sh
[1.133s] -- Up-to-date symlink: /home/pierres/COURS/slamnav/install/nav2_bt_navigator/share/nav2_bt_navigator/local_setup.zsh
[1.133s] -- Up-to-date symlink: /home/pierres/COURS/slamnav/install/nav2_bt_navigator/share/nav2_bt_navigator/local_setup.dsv
[1.133s] -- Symlinking: /home/pierres/COURS/slamnav/install/nav2_bt_navigator/share/nav2_bt_navigator/package.dsv
[1.139s] -- Up-to-date symlink: /home/pierres/COURS/slamnav/install/nav2_bt_navigator/share/ament_index/resource_index/packages/nav2_bt_navigator
[1.139s] -- Up-to-date symlink: /home/pierres/COURS/slamnav/install/nav2_bt_navigator/share/ament_index/resource_index/rclcpp_components/nav2_bt_navigator
[1.140s] -- Up-to-date symlink: /home/pierres/COURS/slamnav/install/nav2_bt_navigator/share/nav2_bt_navigator/cmake/ament_cmake_export_include_directories-extras.cmake
[1.140s] -- Up-to-date symlink: /home/pierres/COURS/slamnav/install/nav2_bt_navigator/share/nav2_bt_navigator/cmake/ament_cmake_export_libraries-extras.cmake
[1.140s] -- Up-to-date symlink: /home/pierres/COURS/slamnav/install/nav2_bt_navigator/share/nav2_bt_navigator/cmake/ament_cmake_export_dependencies-extras.cmake
[1.140s] -- Up-to-date symlink: /home/pierres/COURS/slamnav/install/nav2_bt_navigator/share/nav2_bt_navigator/cmake/nav2_bt_navigatorConfig.cmake
[1.140s] -- Up-to-date symlink: /home/pierres/COURS/slamnav/install/nav2_bt_navigator/share/nav2_bt_navigator/cmake/nav2_bt_navigatorConfig-version.cmake
[1.140s] -- Up-to-date symlink: /home/pierres/COURS/slamnav/install/nav2_bt_navigator/share/nav2_bt_navigator/package.xml
[1.143s] Invoked command in '/home/pierres/COURS/slamnav/build/nav2_bt_navigator' returned '0': AMENT_PREFIX_PATH=/home/pierres/COURS/slamnav/install/nav2_core:/home/pierres/COURS/slamnav/install/nav2_costmap_2d:/home/pierres/COURS/slamnav/install/nav2_map_server:/home/pierres/COURS/slamnav/install/nav2_lifecycle_manager:/home/pierres/COURS/slamnav/install/nav2_behavior_tree:/home/pierres/COURS/slamnav/install/nav2_util:/home/pierres/COURS/slamnav/install/nav2_voxel_grid:/home/pierres/COURS/slamnav/install/nav2_msgs:/home/pierres/COURS/slamnav/install/nav2_common:${AMENT_PREFIX_PATH} CMAKE_PREFIX_PATH=/home/pierres/COURS/slamnav/install/nav2_core:/home/pierres/COURS/slamnav/install/nav2_costmap_2d:/home/pierres/COURS/slamnav/install/nav2_map_server:/home/pierres/COURS/slamnav/install/nav2_lifecycle_manager:/home/pierres/COURS/slamnav/install/nav2_behavior_tree:/home/pierres/COURS/slamnav/install/nav2_util:/home/pierres/COURS/slamnav/install/nav2_voxel_grid:/home/pierres/COURS/slamnav/install/nav2_msgs:/home/pierres/COURS/slamnav/install/nav2_common:/home/pierres/COURS/slamnav/install/slam_toolbox:/opt/ros/humble:/home/pierres/COURS/slamnav/install/slamnav_turtlebot LD_LIBRARY_PATH=/home/pierres/COURS/slamnav/install/nav2_costmap_2d/lib:/home/pierres/COURS/slamnav/install/nav2_map_server/lib:/home/pierres/COURS/slamnav/install/nav2_lifecycle_manager/lib:/home/pierres/COURS/slamnav/install/nav2_behavior_tree/lib:/home/pierres/COURS/slamnav/install/nav2_util/lib:/home/pierres/COURS/slamnav/install/nav2_voxel_grid/lib:/home/pierres/COURS/slamnav/install/nav2_msgs/lib:${LD_LIBRARY_PATH} PYTHONPATH=/home/pierres/COURS/slamnav/install/nav2_msgs/local/lib/python3.10/dist-packages:/home/pierres/COURS/slamnav/install/nav2_common/local/lib/python3.10/dist-packages:${PYTHONPATH} /usr/bin/cmake --install /home/pierres/COURS/slamnav/build/nav2_bt_navigator
