[0.030s] Invoking command in '/home/pierres/COURS/slamnav/build/nav_2d_utils': AMENT_PREFIX_PATH=/home/pierres/COURS/slamnav/install/nav2_util:/home/pierres/COURS/slamnav/install/nav2_msgs:/home/pierres/COURS/slamnav/install/nav_2d_msgs:/home/pierres/COURS/slamnav/install/nav2_common CMAKE_PREFIX_PATH=/home/pierres/COURS/slamnav/install/nav2_util:/home/pierres/COURS/slamnav/install/nav2_msgs:/home/pierres/COURS/slamnav/install/nav_2d_msgs:/home/pierres/COURS/slamnav/install/nav2_common LD_LIBRARY_PATH=/home/pierres/COURS/slamnav/install/nav2_util/lib:/home/pierres/COURS/slamnav/install/nav2_msgs/lib:/home/pierres/COURS/slamnav/install/nav_2d_msgs/lib PYTHONPATH=/home/pierres/COURS/slamnav/install/nav2_msgs/local/lib/python3.10/dist-packages:/home/pierres/COURS/slamnav/install/nav_2d_msgs/local/lib/python3.10/dist-packages:/home/pierres/COURS/slamnav/install/nav2_common/local/lib/python3.10/dist-packages /usr/bin/cmake --build /home/pierres/COURS/slamnav/build/nav_2d_utils -- -j16 -l16
[0.102s] [ 12%] Built target conversions
[0.104s] [ 25%] Built target path_ops
[0.107s] [ 50%] Built target gtest
[0.107s] [ 50%] Built target gtest_main
[0.142s] [ 62%] Built target tf_help
[0.147s] [ 75%] Built target path_ops_tests
[0.155s] [ 87%] Built target 2d_utils_tests
[0.181s] [100%] Built target tf_help_tests
[0.200s] Invoked command in '/home/pierres/COURS/slamnav/build/nav_2d_utils' returned '0': AMENT_PREFIX_PATH=/home/pierres/COURS/slamnav/install/nav2_util:/home/pierres/COURS/slamnav/install/nav2_msgs:/home/pierres/COURS/slamnav/install/nav_2d_msgs:/home/pierres/COURS/slamnav/install/nav2_common CMAKE_PREFIX_PATH=/home/pierres/COURS/slamnav/install/nav2_util:/home/pierres/COURS/slamnav/install/nav2_msgs:/home/pierres/COURS/slamnav/install/nav_2d_msgs:/home/pierres/COURS/slamnav/install/nav2_common LD_LIBRARY_PATH=/home/pierres/COURS/slamnav/install/nav2_util/lib:/home/pierres/COURS/slamnav/install/nav2_msgs/lib:/home/pierres/COURS/slamnav/install/nav_2d_msgs/lib PYTHONPATH=/home/pierres/COURS/slamnav/install/nav2_msgs/local/lib/python3.10/dist-packages:/home/pierres/COURS/slamnav/install/nav_2d_msgs/local/lib/python3.10/dist-packages:/home/pierres/COURS/slamnav/install/nav2_common/local/lib/python3.10/dist-packages /usr/bin/cmake --build /home/pierres/COURS/slamnav/build/nav_2d_utils -- -j16 -l16
[0.231s] Invoking command in '/home/pierres/COURS/slamnav/build/nav_2d_utils': AMENT_PREFIX_PATH=/home/pierres/COURS/slamnav/install/nav2_util:/home/pierres/COURS/slamnav/install/nav2_msgs:/home/pierres/COURS/slamnav/install/nav_2d_msgs:/home/pierres/COURS/slamnav/install/nav2_common CMAKE_PREFIX_PATH=/home/pierres/COURS/slamnav/install/nav2_util:/home/pierres/COURS/slamnav/install/nav2_msgs:/home/pierres/COURS/slamnav/install/nav_2d_msgs:/home/pierres/COURS/slamnav/install/nav2_common LD_LIBRARY_PATH=/home/pierres/COURS/slamnav/install/nav2_util/lib:/home/pierres/COURS/slamnav/install/nav2_msgs/lib:/home/pierres/COURS/slamnav/install/nav_2d_msgs/lib PYTHONPATH=/home/pierres/COURS/slamnav/install/nav2_msgs/local/lib/python3.10/dist-packages:/home/pierres/COURS/slamnav/install/nav_2d_msgs/local/lib/python3.10/dist-packages:/home/pierres/COURS/slamnav/install/nav2_common/local/lib/python3.10/dist-packages /usr/bin/cmake --install /home/pierres/COURS/slamnav/build/nav_2d_utils
[0.236s] -- Install configuration: "Humble"
[0.237s] -- Execute custom install script
[0.237s] -- Up-to-date symlink: /home/pierres/COURS/slamnav/install/nav_2d_utils/lib/libconversions.so
[0.237s] -- Up-to-date symlink: /home/pierres/COURS/slamnav/install/nav_2d_utils/lib/libpath_ops.so
[0.238s] -- Up-to-date symlink: /home/pierres/COURS/slamnav/install/nav_2d_utils/lib/libtf_help.so
[0.238s] -- Up-to-date symlink: /home/pierres/COURS/slamnav/install/nav_2d_utils/include//nav_2d_utils/conversions.hpp
[0.238s] -- Up-to-date symlink: /home/pierres/COURS/slamnav/install/nav_2d_utils/include//nav_2d_utils/odom_subscriber.hpp
[0.238s] -- Up-to-date symlink: /home/pierres/COURS/slamnav/install/nav_2d_utils/include//nav_2d_utils/parameters.hpp
[0.239s] -- Up-to-date symlink: /home/pierres/COURS/slamnav/install/nav_2d_utils/include//nav_2d_utils/path_ops.hpp
[0.239s] -- Up-to-date symlink: /home/pierres/COURS/slamnav/install/nav_2d_utils/include//nav_2d_utils/tf_help.hpp
[0.239s] -- Up-to-date symlink: /home/pierres/COURS/slamnav/install/nav_2d_utils/share/nav_2d_utils/environment/library_path.sh
[0.240s] -- Up-to-date symlink: /home/pierres/COURS/slamnav/install/nav_2d_utils/share/nav_2d_utils/environment/library_path.dsv
[0.240s] -- Up-to-date symlink: /home/pierres/COURS/slamnav/install/nav_2d_utils/share/ament_index/resource_index/package_run_dependencies/nav_2d_utils
[0.240s] -- Up-to-date symlink: /home/pierres/COURS/slamnav/install/nav_2d_utils/share/ament_index/resource_index/parent_prefix_path/nav_2d_utils
[0.240s] -- Up-to-date symlink: /home/pierres/COURS/slamnav/install/nav_2d_utils/share/nav_2d_utils/environment/ament_prefix_path.sh
[0.240s] -- Up-to-date symlink: /home/pierres/COURS/slamnav/install/nav_2d_utils/share/nav_2d_utils/environment/ament_prefix_path.dsv
[0.240s] -- Up-to-date symlink: /home/pierres/COURS/slamnav/install/nav_2d_utils/share/nav_2d_utils/environment/path.sh
[0.240s] -- Up-to-date symlink: /home/pierres/COURS/slamnav/install/nav_2d_utils/share/nav_2d_utils/environment/path.dsv
[0.240s] -- Up-to-date symlink: /home/pierres/COURS/slamnav/install/nav_2d_utils/share/nav_2d_utils/local_setup.bash
[0.241s] -- Up-to-date symlink: /home/pierres/COURS/slamnav/install/nav_2d_utils/share/nav_2d_utils/local_setup.sh
[0.241s] -- Up-to-date symlink: /home/pierres/COURS/slamnav/install/nav_2d_utils/share/nav_2d_utils/local_setup.zsh
[0.241s] -- Up-to-date symlink: /home/pierres/COURS/slamnav/install/nav_2d_utils/share/nav_2d_utils/local_setup.dsv
[0.241s] -- Symlinking: /home/pierres/COURS/slamnav/install/nav_2d_utils/share/nav_2d_utils/package.dsv
[0.245s] -- Up-to-date symlink: /home/pierres/COURS/slamnav/install/nav_2d_utils/share/ament_index/resource_index/packages/nav_2d_utils
[0.245s] -- Up-to-date symlink: /home/pierres/COURS/slamnav/install/nav_2d_utils/share/nav_2d_utils/cmake/ament_cmake_export_include_directories-extras.cmake
[0.245s] -- Up-to-date symlink: /home/pierres/COURS/slamnav/install/nav_2d_utils/share/nav_2d_utils/cmake/ament_cmake_export_libraries-extras.cmake
[0.245s] -- Up-to-date symlink: /home/pierres/COURS/slamnav/install/nav_2d_utils/share/nav_2d_utils/cmake/ament_cmake_export_dependencies-extras.cmake
[0.245s] -- Up-to-date symlink: /home/pierres/COURS/slamnav/install/nav_2d_utils/share/nav_2d_utils/cmake/nav_2d_utilsConfig.cmake
[0.245s] -- Up-to-date symlink: /home/pierres/COURS/slamnav/install/nav_2d_utils/share/nav_2d_utils/cmake/nav_2d_utilsConfig-version.cmake
[0.245s] -- Up-to-date symlink: /home/pierres/COURS/slamnav/install/nav_2d_utils/share/nav_2d_utils/package.xml
[0.258s] Invoked command in '/home/pierres/COURS/slamnav/build/nav_2d_utils' returned '0': AMENT_PREFIX_PATH=/home/pierres/COURS/slamnav/install/nav2_util:/home/pierres/COURS/slamnav/install/nav2_msgs:/home/pierres/COURS/slamnav/install/nav_2d_msgs:/home/pierres/COURS/slamnav/install/nav2_common CMAKE_PREFIX_PATH=/home/pierres/COURS/slamnav/install/nav2_util:/home/pierres/COURS/slamnav/install/nav2_msgs:/home/pierres/COURS/slamnav/install/nav_2d_msgs:/home/pierres/COURS/slamnav/install/nav2_common LD_LIBRARY_PATH=/home/pierres/COURS/slamnav/install/nav2_util/lib:/home/pierres/COURS/slamnav/install/nav2_msgs/lib:/home/pierres/COURS/slamnav/install/nav_2d_msgs/lib PYTHONPATH=/home/pierres/COURS/slamnav/install/nav2_msgs/local/lib/python3.10/dist-packages:/home/pierres/COURS/slamnav/install/nav_2d_msgs/local/lib/python3.10/dist-packages:/home/pierres/COURS/slamnav/install/nav2_common/local/lib/python3.10/dist-packages /usr/bin/cmake --install /home/pierres/COURS/slamnav/build/nav_2d_utils
