[0.018s] Invoking command in '/home/pierres/COURS/slamnav/build/nav2_rviz_plugins': AMENT_PREFIX_PATH=/home/pierres/COURS/slamnav/install/nav2_lifecycle_manager:/home/pierres/COURS/slamnav/install/nav2_util:/home/pierres/COURS/slamnav/install/nav2_msgs:/home/pierres/COURS/slamnav/install/nav2_common:${AMENT_PREFIX_PATH} CMAKE_PREFIX_PATH=/home/pierres/COURS/slamnav/install/nav2_lifecycle_manager:/home/pierres/COURS/slamnav/install/nav2_util:/home/pierres/COURS/slamnav/install/nav2_msgs:/home/pierres/COURS/slamnav/install/nav2_common:/home/pierres/COURS/slamnav/install/slam_toolbox:/opt/ros/humble:/home/pierres/COURS/slamnav/install/slamnav_turtlebot LD_LIBRARY_PATH=/home/pierres/COURS/slamnav/install/nav2_lifecycle_manager/lib:/home/pierres/COURS/slamnav/install/nav2_util/lib:/home/pierres/COURS/slamnav/install/nav2_msgs/lib:${LD_LIBRARY_PATH} PYTHONPATH=/home/pierres/COURS/slamnav/install/nav2_msgs/local/lib/python3.10/dist-packages:/home/pierres/COURS/slamnav/install/nav2_common/local/lib/python3.10/dist-packages:${PYTHONPATH} /usr/bin/cmake /home/pierres/COURS/slamnav/src/navigation2/nav2_rviz_plugins -DCMAKE_INSTALL_PREFIX=/home/pierres/COURS/slamnav/install/nav2_rviz_plugins
[0.033s] -- Found ament_cmake: 1.3.10 (/opt/ros/humble/share/ament_cmake/cmake)
[0.141s] -- Override CMake install command with custom implementation using symlinks instead of copying resources
[0.150s] -- Found geometry_msgs: 4.2.4 (/opt/ros/humble/share/geometry_msgs/cmake)
[0.181s] -- Found rosidl_generator_c: 3.1.5 (/opt/ros/humble/share/rosidl_generator_c/cmake)
[0.184s] -- Found rosidl_adapter: 3.1.5 (/opt/ros/humble/share/rosidl_adapter/cmake)
[0.192s] -- Found rosidl_generator_cpp: 3.1.5 (/opt/ros/humble/share/rosidl_generator_cpp/cmake)
[0.204s] -- Using all available rosidl_typesupport_c: rosidl_typesupport_fastrtps_c;rosidl_typesupport_introspection_c
[0.222s] -- Using all available rosidl_typesupport_cpp: rosidl_typesupport_fastrtps_cpp;rosidl_typesupport_introspection_cpp
[0.267s] -- Found nav2_util: 1.1.16 (/home/pierres/COURS/slamnav/install/nav2_util/share/nav2_util/cmake)
[0.411s] -- Found rmw_implementation_cmake: 6.1.2 (/opt/ros/humble/share/rmw_implementation_cmake/cmake)
[0.413s] -- Found rmw_cyclonedds_cpp: 1.3.4 (/opt/ros/humble/share/rmw_cyclonedds_cpp/cmake)
[0.436s] -- Using RMW implementation 'rmw_cyclonedds_cpp' as default
[0.540s] -- Found eigen3_cmake_module: 0.1.1 (/opt/ros/humble/share/eigen3_cmake_module/cmake)
[0.541s] -- Ensuring Eigen3 include directory is part of orocos-kdl CMake target
[0.596s] -- Found nav2_lifecycle_manager: 1.1.16 (/home/pierres/COURS/slamnav/install/nav2_lifecycle_manager/share/nav2_lifecycle_manager/cmake)
[0.648s] -- Found pluginlib: 5.1.0 (/opt/ros/humble/share/pluginlib/cmake)
[0.685s] -- Found rviz_common: 11.2.13 (/opt/ros/humble/share/rviz_common/cmake)
[0.690s] -- Setting assimp_DIR to: '/opt/ros/humble/share/rviz_assimp_vendor/cmake/../../../opt/rviz_assimp_vendor/lib/cmake/assimp-4.1'
[0.696s] -- Setting OGRE_DIR to: '/opt/ros/humble/share/rviz_ogre_vendor/cmake/../../../opt/rviz_ogre_vendor/lib/OGRE/cmake'
[0.699s] -- Found OGRE
[0.699s] --   static     : OFF
[0.699s] --   components : HLMS;MeshLodGenerator;Overlay;Paging;Property;RTShaderSystem;Terrain;Volume
[0.699s] --   plugins    : Plugin_BSPSceneManager;Plugin_OctreeSceneManager;Plugin_PCZSceneManager;Plugin_ParticleFX;RenderSystem_GL;RenderSystem_GL3Plus;Codec_STBI
[0.699s] --   media      : /opt/ros/humble/opt/rviz_ogre_vendor/share/OGRE/Media
[0.699s] -- OGRE_LIBRARIES: OgreHLMS;OgreMeshLodGenerator;OgreOverlay;OgrePaging;OgreProperty;OgreRTShaderSystem;OgreTerrain;OgreVolume;OgreMain
[0.699s] -- OGRE_LIBRARY_DIRS: /opt/ros/humble/opt/rviz_ogre_vendor/lib
[0.699s] -- OGRE_PLUGINS: Plugin_BSPSceneManager;Plugin_OctreeSceneManager;Plugin_PCZSceneManager;Plugin_ParticleFX;RenderSystem_GL;RenderSystem_GL3Plus;Codec_STBI
[0.699s] -- OGRE_PLUGIN_DIR: /opt/ros/humble/opt/rviz_ogre_vendor/lib/OGRE
[0.699s] -- rviz_ogre_vendor::OgreOverlay for IMPORTED_LOCATION_RELEASE: /opt/ros/humble/opt/rviz_ogre_vendor/lib/libOgreOverlay.so
[0.699s] -- rviz_ogre_vendor::OgreOverlay for IMPORTED_LOCATION_DEBUG: /opt/ros/humble/opt/rviz_ogre_vendor/lib/libOgreOverlay.so
[0.699s] -- rviz_ogre_vendor::OgreMain for IMPORTED_LOCATION_RELEASE: /opt/ros/humble/opt/rviz_ogre_vendor/lib/libOgreMain.so
[0.699s] -- rviz_ogre_vendor::OgreMain for IMPORTED_LOCATION_DEBUG: /opt/ros/humble/opt/rviz_ogre_vendor/lib/libOgreMain.so
[0.793s] -- library: /usr/lib/x86_64-linux-gnu/libcurl.so
[0.816s] -- Found rviz_default_plugins: 11.2.13 (/opt/ros/humble/share/rviz_default_plugins/cmake)
[0.910s] -- Found ament_lint_auto: 0.12.11 (/opt/ros/humble/share/ament_lint_auto/cmake)
[0.972s] -- Added test 'copyright' to check source files copyright and LICENSE
[0.974s] -- Added test 'cppcheck' to perform static code analysis on C / C++ code
[0.974s] -- Configured cppcheck include dirs: /home/pierres/COURS/slamnav/src/navigation2/nav2_rviz_plugins/include
[0.975s] -- Configured cppcheck exclude dirs and/or files: 
[0.976s] -- Added test 'cpplint' to check C / C++ code against the Google style
[0.976s] -- Configured cpplint exclude dirs and/or files: 
[0.977s] -- Added test 'lint_cmake' to check CMake code style
[0.978s] -- Added test 'uncrustify' to check C / C++ code style
[0.978s] -- Configured uncrustify additional arguments: 
[0.978s] -- Added test 'xmllint' to check XML markup files
[0.983s] -- Configuring done
[1.065s] -- Generating done
[1.068s] -- Build files have been written to: /home/pierres/COURS/slamnav/build/nav2_rviz_plugins
[1.082s] Invoked command in '/home/pierres/COURS/slamnav/build/nav2_rviz_plugins' returned '0': AMENT_PREFIX_PATH=/home/pierres/COURS/slamnav/install/nav2_lifecycle_manager:/home/pierres/COURS/slamnav/install/nav2_util:/home/pierres/COURS/slamnav/install/nav2_msgs:/home/pierres/COURS/slamnav/install/nav2_common:${AMENT_PREFIX_PATH} CMAKE_PREFIX_PATH=/home/pierres/COURS/slamnav/install/nav2_lifecycle_manager:/home/pierres/COURS/slamnav/install/nav2_util:/home/pierres/COURS/slamnav/install/nav2_msgs:/home/pierres/COURS/slamnav/install/nav2_common:/home/pierres/COURS/slamnav/install/slam_toolbox:/opt/ros/humble:/home/pierres/COURS/slamnav/install/slamnav_turtlebot LD_LIBRARY_PATH=/home/pierres/COURS/slamnav/install/nav2_lifecycle_manager/lib:/home/pierres/COURS/slamnav/install/nav2_util/lib:/home/pierres/COURS/slamnav/install/nav2_msgs/lib:${LD_LIBRARY_PATH} PYTHONPATH=/home/pierres/COURS/slamnav/install/nav2_msgs/local/lib/python3.10/dist-packages:/home/pierres/COURS/slamnav/install/nav2_common/local/lib/python3.10/dist-packages:${PYTHONPATH} /usr/bin/cmake /home/pierres/COURS/slamnav/src/navigation2/nav2_rviz_plugins -DCMAKE_INSTALL_PREFIX=/home/pierres/COURS/slamnav/install/nav2_rviz_plugins
[1.084s] Invoking command in '/home/pierres/COURS/slamnav/build/nav2_rviz_plugins': AMENT_PREFIX_PATH=/home/pierres/COURS/slamnav/install/nav2_lifecycle_manager:/home/pierres/COURS/slamnav/install/nav2_util:/home/pierres/COURS/slamnav/install/nav2_msgs:/home/pierres/COURS/slamnav/install/nav2_common:${AMENT_PREFIX_PATH} CMAKE_PREFIX_PATH=/home/pierres/COURS/slamnav/install/nav2_lifecycle_manager:/home/pierres/COURS/slamnav/install/nav2_util:/home/pierres/COURS/slamnav/install/nav2_msgs:/home/pierres/COURS/slamnav/install/nav2_common:/home/pierres/COURS/slamnav/install/slam_toolbox:/opt/ros/humble:/home/pierres/COURS/slamnav/install/slamnav_turtlebot LD_LIBRARY_PATH=/home/pierres/COURS/slamnav/install/nav2_lifecycle_manager/lib:/home/pierres/COURS/slamnav/install/nav2_util/lib:/home/pierres/COURS/slamnav/install/nav2_msgs/lib:${LD_LIBRARY_PATH} PYTHONPATH=/home/pierres/COURS/slamnav/install/nav2_msgs/local/lib/python3.10/dist-packages:/home/pierres/COURS/slamnav/install/nav2_common/local/lib/python3.10/dist-packages:${PYTHONPATH} /usr/bin/cmake --build /home/pierres/COURS/slamnav/build/nav2_rviz_plugins -- -j16 -l16
[1.139s] [ 14%] [34m[1mAutomatic MOC for target nav2_rviz_plugins[0m
[1.163s] [ 14%] Built target nav2_rviz_plugins_autogen
[1.181s] [35m[1mConsolidate compiler generated dependencies of target nav2_rviz_plugins[0m
[1.230s] [100%] Built target nav2_rviz_plugins
[1.240s] Invoked command in '/home/pierres/COURS/slamnav/build/nav2_rviz_plugins' returned '0': AMENT_PREFIX_PATH=/home/pierres/COURS/slamnav/install/nav2_lifecycle_manager:/home/pierres/COURS/slamnav/install/nav2_util:/home/pierres/COURS/slamnav/install/nav2_msgs:/home/pierres/COURS/slamnav/install/nav2_common:${AMENT_PREFIX_PATH} CMAKE_PREFIX_PATH=/home/pierres/COURS/slamnav/install/nav2_lifecycle_manager:/home/pierres/COURS/slamnav/install/nav2_util:/home/pierres/COURS/slamnav/install/nav2_msgs:/home/pierres/COURS/slamnav/install/nav2_common:/home/pierres/COURS/slamnav/install/slam_toolbox:/opt/ros/humble:/home/pierres/COURS/slamnav/install/slamnav_turtlebot LD_LIBRARY_PATH=/home/pierres/COURS/slamnav/install/nav2_lifecycle_manager/lib:/home/pierres/COURS/slamnav/install/nav2_util/lib:/home/pierres/COURS/slamnav/install/nav2_msgs/lib:${LD_LIBRARY_PATH} PYTHONPATH=/home/pierres/COURS/slamnav/install/nav2_msgs/local/lib/python3.10/dist-packages:/home/pierres/COURS/slamnav/install/nav2_common/local/lib/python3.10/dist-packages:${PYTHONPATH} /usr/bin/cmake --build /home/pierres/COURS/slamnav/build/nav2_rviz_plugins -- -j16 -l16
[1.274s] Invoking command in '/home/pierres/COURS/slamnav/build/nav2_rviz_plugins': AMENT_PREFIX_PATH=/home/pierres/COURS/slamnav/install/nav2_lifecycle_manager:/home/pierres/COURS/slamnav/install/nav2_util:/home/pierres/COURS/slamnav/install/nav2_msgs:/home/pierres/COURS/slamnav/install/nav2_common:${AMENT_PREFIX_PATH} CMAKE_PREFIX_PATH=/home/pierres/COURS/slamnav/install/nav2_lifecycle_manager:/home/pierres/COURS/slamnav/install/nav2_util:/home/pierres/COURS/slamnav/install/nav2_msgs:/home/pierres/COURS/slamnav/install/nav2_common:/home/pierres/COURS/slamnav/install/slam_toolbox:/opt/ros/humble:/home/pierres/COURS/slamnav/install/slamnav_turtlebot LD_LIBRARY_PATH=/home/pierres/COURS/slamnav/install/nav2_lifecycle_manager/lib:/home/pierres/COURS/slamnav/install/nav2_util/lib:/home/pierres/COURS/slamnav/install/nav2_msgs/lib:${LD_LIBRARY_PATH} PYTHONPATH=/home/pierres/COURS/slamnav/install/nav2_msgs/local/lib/python3.10/dist-packages:/home/pierres/COURS/slamnav/install/nav2_common/local/lib/python3.10/dist-packages:${PYTHONPATH} /usr/bin/cmake --install /home/pierres/COURS/slamnav/build/nav2_rviz_plugins
[1.283s] -- Install configuration: "Humble"
[1.284s] -- Execute custom install script
[1.284s] -- Up-to-date symlink: /home/pierres/COURS/slamnav/install/nav2_rviz_plugins/share/nav2_rviz_plugins//plugins_description.xml
[1.284s] -- Up-to-date symlink: /home/pierres/COURS/slamnav/install/nav2_rviz_plugins/include//nav2_rviz_plugins/goal_common.hpp
[1.284s] -- Up-to-date symlink: /home/pierres/COURS/slamnav/install/nav2_rviz_plugins/include//nav2_rviz_plugins/goal_pose_updater.hpp
[1.284s] -- Up-to-date symlink: /home/pierres/COURS/slamnav/install/nav2_rviz_plugins/include//nav2_rviz_plugins/goal_tool.hpp
[1.285s] -- Up-to-date symlink: /home/pierres/COURS/slamnav/install/nav2_rviz_plugins/include//nav2_rviz_plugins/nav2_panel.hpp
[1.285s] -- Up-to-date symlink: /home/pierres/COURS/slamnav/install/nav2_rviz_plugins/include//nav2_rviz_plugins/particle_cloud_display/flat_weighted_arrows_array.hpp
[1.285s] -- Up-to-date symlink: /home/pierres/COURS/slamnav/install/nav2_rviz_plugins/include//nav2_rviz_plugins/particle_cloud_display/particle_cloud_display.hpp
[1.285s] -- Up-to-date symlink: /home/pierres/COURS/slamnav/install/nav2_rviz_plugins/include//nav2_rviz_plugins/ros_action_qevent.hpp
[1.285s] -- Up-to-date symlink: /home/pierres/COURS/slamnav/install/nav2_rviz_plugins/share/nav2_rviz_plugins/environment/library_path.sh
[1.285s] -- Up-to-date symlink: /home/pierres/COURS/slamnav/install/nav2_rviz_plugins/share/nav2_rviz_plugins/environment/library_path.dsv
[1.286s] -- Up-to-date symlink: /home/pierres/COURS/slamnav/install/nav2_rviz_plugins/share/ament_index/resource_index/package_run_dependencies/nav2_rviz_plugins
[1.286s] -- Up-to-date symlink: /home/pierres/COURS/slamnav/install/nav2_rviz_plugins/share/ament_index/resource_index/parent_prefix_path/nav2_rviz_plugins
[1.286s] -- Up-to-date symlink: /home/pierres/COURS/slamnav/install/nav2_rviz_plugins/share/nav2_rviz_plugins/environment/ament_prefix_path.sh
[1.286s] -- Up-to-date symlink: /home/pierres/COURS/slamnav/install/nav2_rviz_plugins/share/nav2_rviz_plugins/environment/ament_prefix_path.dsv
[1.286s] -- Up-to-date symlink: /home/pierres/COURS/slamnav/install/nav2_rviz_plugins/share/nav2_rviz_plugins/environment/path.sh
[1.287s] -- Up-to-date symlink: /home/pierres/COURS/slamnav/install/nav2_rviz_plugins/share/nav2_rviz_plugins/environment/path.dsv
[1.287s] -- Up-to-date symlink: /home/pierres/COURS/slamnav/install/nav2_rviz_plugins/share/nav2_rviz_plugins/local_setup.bash
[1.287s] -- Up-to-date symlink: /home/pierres/COURS/slamnav/install/nav2_rviz_plugins/share/nav2_rviz_plugins/local_setup.sh
[1.287s] -- Up-to-date symlink: /home/pierres/COURS/slamnav/install/nav2_rviz_plugins/share/nav2_rviz_plugins/local_setup.zsh
[1.287s] -- Up-to-date symlink: /home/pierres/COURS/slamnav/install/nav2_rviz_plugins/share/nav2_rviz_plugins/local_setup.dsv
[1.288s] -- Symlinking: /home/pierres/COURS/slamnav/install/nav2_rviz_plugins/share/nav2_rviz_plugins/package.dsv
[1.296s] -- Up-to-date symlink: /home/pierres/COURS/slamnav/install/nav2_rviz_plugins/share/ament_index/resource_index/packages/nav2_rviz_plugins
[1.296s] -- Up-to-date symlink: /home/pierres/COURS/slamnav/install/nav2_rviz_plugins/share/ament_index/resource_index/rviz_common__pluginlib__plugin/nav2_rviz_plugins
[1.296s] -- Up-to-date symlink: /home/pierres/COURS/slamnav/install/nav2_rviz_plugins/share/nav2_rviz_plugins/cmake/ament_cmake_export_include_directories-extras.cmake
[1.296s] -- Up-to-date symlink: /home/pierres/COURS/slamnav/install/nav2_rviz_plugins/share/nav2_rviz_plugins/cmake/ament_cmake_export_targets-extras.cmake
[1.296s] -- Up-to-date symlink: /home/pierres/COURS/slamnav/install/nav2_rviz_plugins/share/nav2_rviz_plugins/cmake/ament_cmake_export_dependencies-extras.cmake
[1.296s] -- Up-to-date symlink: /home/pierres/COURS/slamnav/install/nav2_rviz_plugins/share/nav2_rviz_plugins/cmake/nav2_rviz_pluginsConfig.cmake
[1.296s] -- Up-to-date symlink: /home/pierres/COURS/slamnav/install/nav2_rviz_plugins/share/nav2_rviz_plugins/cmake/nav2_rviz_pluginsConfig-version.cmake
[1.296s] -- Up-to-date symlink: /home/pierres/COURS/slamnav/install/nav2_rviz_plugins/share/nav2_rviz_plugins/package.xml
[1.296s] -- Up-to-date: /home/pierres/COURS/slamnav/install/nav2_rviz_plugins/lib/libnav2_rviz_plugins.so
[1.297s] -- Up-to-date: /home/pierres/COURS/slamnav/install/nav2_rviz_plugins/share/nav2_rviz_plugins/cmake/nav2_rviz_pluginsExport.cmake
[1.297s] -- Up-to-date: /home/pierres/COURS/slamnav/install/nav2_rviz_plugins/share/nav2_rviz_plugins/cmake/nav2_rviz_pluginsExport-humble.cmake
[1.301s] Invoked command in '/home/pierres/COURS/slamnav/build/nav2_rviz_plugins' returned '0': AMENT_PREFIX_PATH=/home/pierres/COURS/slamnav/install/nav2_lifecycle_manager:/home/pierres/COURS/slamnav/install/nav2_util:/home/pierres/COURS/slamnav/install/nav2_msgs:/home/pierres/COURS/slamnav/install/nav2_common:${AMENT_PREFIX_PATH} CMAKE_PREFIX_PATH=/home/pierres/COURS/slamnav/install/nav2_lifecycle_manager:/home/pierres/COURS/slamnav/install/nav2_util:/home/pierres/COURS/slamnav/install/nav2_msgs:/home/pierres/COURS/slamnav/install/nav2_common:/home/pierres/COURS/slamnav/install/slam_toolbox:/opt/ros/humble:/home/pierres/COURS/slamnav/install/slamnav_turtlebot LD_LIBRARY_PATH=/home/pierres/COURS/slamnav/install/nav2_lifecycle_manager/lib:/home/pierres/COURS/slamnav/install/nav2_util/lib:/home/pierres/COURS/slamnav/install/nav2_msgs/lib:${LD_LIBRARY_PATH} PYTHONPATH=/home/pierres/COURS/slamnav/install/nav2_msgs/local/lib/python3.10/dist-packages:/home/pierres/COURS/slamnav/install/nav2_common/local/lib/python3.10/dist-packages:${PYTHONPATH} /usr/bin/cmake --install /home/pierres/COURS/slamnav/build/nav2_rviz_plugins
