[0.008s] Invoking command in '/home/pierres/COURS/slamnav/build/nav2_common': /usr/bin/cmake --build /home/pierres/COURS/slamnav/build/nav2_common -- -j16 -l16
[0.061s] Built target ament_cmake_python_symlink_nav2_common
[0.259s] running egg_info
[0.259s] writing nav2_common.egg-info/PKG-INFO
[0.259s] writing dependency_links to nav2_common.egg-info/dependency_links.txt
[0.259s] writing top-level names to nav2_common.egg-info/top_level.txt
[0.261s] reading manifest file 'nav2_common.egg-info/SOURCES.txt'
[0.261s] writing manifest file 'nav2_common.egg-info/SOURCES.txt'
[0.279s] Built target ament_cmake_python_build_nav2_common_egg
[0.286s] Invoked command in '/home/pierres/COURS/slamnav/build/nav2_common' returned '0': /usr/bin/cmake --build /home/pierres/COURS/slamnav/build/nav2_common -- -j16 -l16
[0.321s] Invoking command in '/home/pierres/COURS/slamnav/build/nav2_common': /usr/bin/cmake --install /home/pierres/COURS/slamnav/build/nav2_common
[0.329s] -- Install configuration: "Humble"
[0.329s] -- Execute custom install script
[0.330s] -- Up-to-date symlink: /home/pierres/COURS/slamnav/install/nav2_common/share/nav2_common/environment/pythonpath.sh
[0.330s] -- Up-to-date symlink: /home/pierres/COURS/slamnav/install/nav2_common/share/nav2_common/environment/pythonpath.dsv
[0.330s] -- Up-to-date symlink: /home/pierres/COURS/slamnav/install/nav2_common/local/lib/python3.10/dist-packages/nav2_common-1.1.16-py3.10.egg-info/PKG-INFO
[0.330s] -- Up-to-date symlink: /home/pierres/COURS/slamnav/install/nav2_common/local/lib/python3.10/dist-packages/nav2_common-1.1.16-py3.10.egg-info/SOURCES.txt
[0.331s] -- Up-to-date symlink: /home/pierres/COURS/slamnav/install/nav2_common/local/lib/python3.10/dist-packages/nav2_common-1.1.16-py3.10.egg-info/dependency_links.txt
[0.331s] -- Up-to-date symlink: /home/pierres/COURS/slamnav/install/nav2_common/local/lib/python3.10/dist-packages/nav2_common-1.1.16-py3.10.egg-info/top_level.txt
[0.331s] -- Up-to-date symlink: /home/pierres/COURS/slamnav/install/nav2_common/local/lib/python3.10/dist-packages/nav2_common/__init__.py
[0.331s] -- Up-to-date symlink: /home/pierres/COURS/slamnav/install/nav2_common/local/lib/python3.10/dist-packages/nav2_common/launch/__init__.py
[0.331s] -- Up-to-date symlink: /home/pierres/COURS/slamnav/install/nav2_common/local/lib/python3.10/dist-packages/nav2_common/launch/has_node_params.py
[0.331s] -- Up-to-date symlink: /home/pierres/COURS/slamnav/install/nav2_common/local/lib/python3.10/dist-packages/nav2_common/launch/parse_multirobot_pose.py
[0.331s] -- Up-to-date symlink: /home/pierres/COURS/slamnav/install/nav2_common/local/lib/python3.10/dist-packages/nav2_common/launch/replace_string.py
[0.332s] -- Up-to-date symlink: /home/pierres/COURS/slamnav/install/nav2_common/local/lib/python3.10/dist-packages/nav2_common/launch/rewritten_yaml.py
[0.332s] -- Up-to-date symlink: /home/pierres/COURS/slamnav/install/nav2_common/share/ament_index/resource_index/package_run_dependencies/nav2_common
[0.332s] -- Up-to-date symlink: /home/pierres/COURS/slamnav/install/nav2_common/share/ament_index/resource_index/parent_prefix_path/nav2_common
[0.332s] -- Up-to-date symlink: /home/pierres/COURS/slamnav/install/nav2_common/share/nav2_common/environment/ament_prefix_path.sh
[0.332s] -- Up-to-date symlink: /home/pierres/COURS/slamnav/install/nav2_common/share/nav2_common/environment/ament_prefix_path.dsv
[0.332s] -- Up-to-date symlink: /home/pierres/COURS/slamnav/install/nav2_common/share/nav2_common/environment/path.sh
[0.332s] -- Up-to-date symlink: /home/pierres/COURS/slamnav/install/nav2_common/share/nav2_common/environment/path.dsv
[0.332s] -- Up-to-date symlink: /home/pierres/COURS/slamnav/install/nav2_common/share/nav2_common/local_setup.bash
[0.332s] -- Up-to-date symlink: /home/pierres/COURS/slamnav/install/nav2_common/share/nav2_common/local_setup.sh
[0.333s] -- Up-to-date symlink: /home/pierres/COURS/slamnav/install/nav2_common/share/nav2_common/local_setup.zsh
[0.333s] -- Up-to-date symlink: /home/pierres/COURS/slamnav/install/nav2_common/share/nav2_common/local_setup.dsv
[0.333s] -- Symlinking: /home/pierres/COURS/slamnav/install/nav2_common/share/nav2_common/package.dsv
[0.340s] -- Up-to-date symlink: /home/pierres/COURS/slamnav/install/nav2_common/share/ament_index/resource_index/packages/nav2_common
[0.340s] -- Up-to-date symlink: /home/pierres/COURS/slamnav/install/nav2_common/share/nav2_common/cmake/nav2_common-extras.cmake
[0.340s] -- Up-to-date symlink: /home/pierres/COURS/slamnav/install/nav2_common/share/nav2_common/cmake/nav2_commonConfig.cmake
[0.341s] -- Up-to-date symlink: /home/pierres/COURS/slamnav/install/nav2_common/share/nav2_common/cmake/nav2_commonConfig-version.cmake
[0.341s] -- Up-to-date symlink: /home/pierres/COURS/slamnav/install/nav2_common/share/nav2_common/package.xml
[0.341s] -- Up-to-date symlink: /home/pierres/COURS/slamnav/install/nav2_common/share/nav2_common/cmake/nav2_package.cmake
[0.371s] Listing '/home/pierres/COURS/slamnav/install/nav2_common/local/lib/python3.10/dist-packages/nav2_common'...
[0.371s] Listing '/home/pierres/COURS/slamnav/install/nav2_common/local/lib/python3.10/dist-packages/nav2_common/launch'...
[0.377s] Invoked command in '/home/pierres/COURS/slamnav/build/nav2_common' returned '0': /usr/bin/cmake --install /home/pierres/COURS/slamnav/build/nav2_common
