[0.063s] Invoking command in '/home/pierres/COURS/slamnav/build/nav2_controller': AMENT_PREFIX_PATH=/home/pierres/COURS/slamnav/install/nav2_core:/home/pierres/COURS/slamnav/install/nav2_costmap_2d:/home/pierres/COURS/slamnav/install/nav_2d_utils:/home/pierres/COURS/slamnav/install/nav2_map_server:/home/pierres/COURS/slamnav/install/nav2_lifecycle_manager:/home/pierres/COURS/slamnav/install/nav2_util:/home/pierres/COURS/slamnav/install/nav2_voxel_grid:/home/pierres/COURS/slamnav/install/nav2_msgs:/home/pierres/COURS/slamnav/install/nav_2d_msgs:/home/pierres/COURS/slamnav/install/nav2_common:${AMENT_PREFIX_PATH} CMAKE_PREFIX_PATH=/home/pierres/COURS/slamnav/install/nav2_core:/home/pierres/COURS/slamnav/install/nav2_costmap_2d:/home/pierres/COURS/slamnav/install/nav_2d_utils:/home/pierres/COURS/slamnav/install/nav2_map_server:/home/pierres/COURS/slamnav/install/nav2_lifecycle_manager:/home/pierres/COURS/slamnav/install/nav2_util:/home/pierres/COURS/slamnav/install/nav2_voxel_grid:/home/pierres/COURS/slamnav/install/nav2_msgs:/home/pierres/COURS/slamnav/install/nav_2d_msgs:/home/pierres/COURS/slamnav/install/nav2_common:/home/pierres/COURS/slamnav/install/slam_toolbox:/opt/ros/humble:/home/pierres/COURS/slamnav/install/slamnav_turtlebot LD_LIBRARY_PATH=/home/pierres/COURS/slamnav/install/nav2_costmap_2d/lib:/home/pierres/COURS/slamnav/install/nav_2d_utils/lib:/home/pierres/COURS/slamnav/install/nav2_map_server/lib:/home/pierres/COURS/slamnav/install/nav2_lifecycle_manager/lib:/home/pierres/COURS/slamnav/install/nav2_util/lib:/home/pierres/COURS/slamnav/install/nav2_voxel_grid/lib:/home/pierres/COURS/slamnav/install/nav2_msgs/lib:/home/pierres/COURS/slamnav/install/nav_2d_msgs/lib:${LD_LIBRARY_PATH} PYTHONPATH=/home/pierres/COURS/slamnav/install/nav2_msgs/local/lib/python3.10/dist-packages:/home/pierres/COURS/slamnav/install/nav_2d_msgs/local/lib/python3.10/dist-packages:/home/pierres/COURS/slamnav/install/nav2_common/local/lib/python3.10/dist-packages:${PYTHONPATH} /usr/bin/cmake /home/pierres/COURS/slamnav/src/navigation2/nav2_controller -DCMAKE_INSTALL_PREFIX=/home/pierres/COURS/slamnav/install/nav2_controller
[0.083s] -- Found ament_cmake: 1.3.10 (/opt/ros/humble/share/ament_cmake/cmake)
[0.224s] -- Override CMake install command with custom implementation using symlinks instead of copying resources
[0.235s] -- Found nav2_core: 1.1.16 (/home/pierres/COURS/slamnav/install/nav2_core/share/nav2_core/cmake)
[0.265s] -- Found rosidl_generator_c: 3.1.5 (/opt/ros/humble/share/rosidl_generator_c/cmake)
[0.266s] -- Found rosidl_adapter: 3.1.5 (/opt/ros/humble/share/rosidl_adapter/cmake)
[0.272s] -- Found rosidl_generator_cpp: 3.1.5 (/opt/ros/humble/share/rosidl_generator_cpp/cmake)
[0.283s] -- Using all available rosidl_typesupport_c: rosidl_typesupport_fastrtps_c;rosidl_typesupport_introspection_c
[0.299s] -- Using all available rosidl_typesupport_cpp: rosidl_typesupport_fastrtps_cpp;rosidl_typesupport_introspection_cpp
[0.332s] -- Found rmw_implementation_cmake: 6.1.2 (/opt/ros/humble/share/rmw_implementation_cmake/cmake)
[0.335s] -- Found rmw_cyclonedds_cpp: 1.3.4 (/opt/ros/humble/share/rmw_cyclonedds_cpp/cmake)
[0.354s] -- Using RMW implementation 'rmw_cyclonedds_cpp' as default
[0.640s] -- Ensuring Eigen3 include directory is part of orocos-kdl CMake target
[0.797s] -- Found nav2_common: 1.1.16 (/home/pierres/COURS/slamnav/install/nav2_common/share/nav2_common/cmake)
[0.799s] -- Found nav_2d_utils: 1.1.16 (/home/pierres/COURS/slamnav/install/nav_2d_utils/share/nav_2d_utils/cmake)
[1.666s] -- Found ament_lint_auto: 0.12.11 (/opt/ros/humble/share/ament_lint_auto/cmake)
[1.734s] -- Found gtest sources under '/opt/ros/humble/src/gtest_vendor': C++ tests using 'Google Test' will be built
[2.074s] -- Found gtest sources under '/opt/ros/humble/src/gtest_vendor': C++ tests using 'Google Test' will be built
[2.388s] -- Added test 'cppcheck' to perform static code analysis on C / C++ code
[2.390s] -- Configured cppcheck include dirs: /home/pierres/COURS/slamnav/src/navigation2/nav2_controller/include
[2.390s] -- Configured cppcheck exclude dirs and/or files: 
[2.392s] -- Added test 'cpplint' to check C / C++ code against the Google style
[2.392s] -- Configured cpplint exclude dirs and/or files: 
[2.393s] -- Added test 'lint_cmake' to check CMake code style
[2.395s] -- Added test 'uncrustify' to check C / C++ code style
[2.395s] -- Configured uncrustify additional arguments: 
[2.395s] -- Added test 'xmllint' to check XML markup files
[2.399s] -- Configuring done
[2.887s] -- Generating done
[2.889s] -- Build files have been written to: /home/pierres/COURS/slamnav/build/nav2_controller
[2.900s] Invoked command in '/home/pierres/COURS/slamnav/build/nav2_controller' returned '0': AMENT_PREFIX_PATH=/home/pierres/COURS/slamnav/install/nav2_core:/home/pierres/COURS/slamnav/install/nav2_costmap_2d:/home/pierres/COURS/slamnav/install/nav_2d_utils:/home/pierres/COURS/slamnav/install/nav2_map_server:/home/pierres/COURS/slamnav/install/nav2_lifecycle_manager:/home/pierres/COURS/slamnav/install/nav2_util:/home/pierres/COURS/slamnav/install/nav2_voxel_grid:/home/pierres/COURS/slamnav/install/nav2_msgs:/home/pierres/COURS/slamnav/install/nav_2d_msgs:/home/pierres/COURS/slamnav/install/nav2_common:${AMENT_PREFIX_PATH} CMAKE_PREFIX_PATH=/home/pierres/COURS/slamnav/install/nav2_core:/home/pierres/COURS/slamnav/install/nav2_costmap_2d:/home/pierres/COURS/slamnav/install/nav_2d_utils:/home/pierres/COURS/slamnav/install/nav2_map_server:/home/pierres/COURS/slamnav/install/nav2_lifecycle_manager:/home/pierres/COURS/slamnav/install/nav2_util:/home/pierres/COURS/slamnav/install/nav2_voxel_grid:/home/pierres/COURS/slamnav/install/nav2_msgs:/home/pierres/COURS/slamnav/install/nav_2d_msgs:/home/pierres/COURS/slamnav/install/nav2_common:/home/pierres/COURS/slamnav/install/slam_toolbox:/opt/ros/humble:/home/pierres/COURS/slamnav/install/slamnav_turtlebot LD_LIBRARY_PATH=/home/pierres/COURS/slamnav/install/nav2_costmap_2d/lib:/home/pierres/COURS/slamnav/install/nav_2d_utils/lib:/home/pierres/COURS/slamnav/install/nav2_map_server/lib:/home/pierres/COURS/slamnav/install/nav2_lifecycle_manager/lib:/home/pierres/COURS/slamnav/install/nav2_util/lib:/home/pierres/COURS/slamnav/install/nav2_voxel_grid/lib:/home/pierres/COURS/slamnav/install/nav2_msgs/lib:/home/pierres/COURS/slamnav/install/nav_2d_msgs/lib:${LD_LIBRARY_PATH} PYTHONPATH=/home/pierres/COURS/slamnav/install/nav2_msgs/local/lib/python3.10/dist-packages:/home/pierres/COURS/slamnav/install/nav_2d_msgs/local/lib/python3.10/dist-packages:/home/pierres/COURS/slamnav/install/nav2_common/local/lib/python3.10/dist-packages:${PYTHONPATH} /usr/bin/cmake /home/pierres/COURS/slamnav/src/navigation2/nav2_controller -DCMAKE_INSTALL_PREFIX=/home/pierres/COURS/slamnav/install/nav2_controller
[2.902s] Invoking command in '/home/pierres/COURS/slamnav/build/nav2_controller': AMENT_PREFIX_PATH=/home/pierres/COURS/slamnav/install/nav2_core:/home/pierres/COURS/slamnav/install/nav2_costmap_2d:/home/pierres/COURS/slamnav/install/nav_2d_utils:/home/pierres/COURS/slamnav/install/nav2_map_server:/home/pierres/COURS/slamnav/install/nav2_lifecycle_manager:/home/pierres/COURS/slamnav/install/nav2_util:/home/pierres/COURS/slamnav/install/nav2_voxel_grid:/home/pierres/COURS/slamnav/install/nav2_msgs:/home/pierres/COURS/slamnav/install/nav_2d_msgs:/home/pierres/COURS/slamnav/install/nav2_common:${AMENT_PREFIX_PATH} CMAKE_PREFIX_PATH=/home/pierres/COURS/slamnav/install/nav2_core:/home/pierres/COURS/slamnav/install/nav2_costmap_2d:/home/pierres/COURS/slamnav/install/nav_2d_utils:/home/pierres/COURS/slamnav/install/nav2_map_server:/home/pierres/COURS/slamnav/install/nav2_lifecycle_manager:/home/pierres/COURS/slamnav/install/nav2_util:/home/pierres/COURS/slamnav/install/nav2_voxel_grid:/home/pierres/COURS/slamnav/install/nav2_msgs:/home/pierres/COURS/slamnav/install/nav_2d_msgs:/home/pierres/COURS/slamnav/install/nav2_common:/home/pierres/COURS/slamnav/install/slam_toolbox:/opt/ros/humble:/home/pierres/COURS/slamnav/install/slamnav_turtlebot LD_LIBRARY_PATH=/home/pierres/COURS/slamnav/install/nav2_costmap_2d/lib:/home/pierres/COURS/slamnav/install/nav_2d_utils/lib:/home/pierres/COURS/slamnav/install/nav2_map_server/lib:/home/pierres/COURS/slamnav/install/nav2_lifecycle_manager/lib:/home/pierres/COURS/slamnav/install/nav2_util/lib:/home/pierres/COURS/slamnav/install/nav2_voxel_grid/lib:/home/pierres/COURS/slamnav/install/nav2_msgs/lib:/home/pierres/COURS/slamnav/install/nav_2d_msgs/lib:${LD_LIBRARY_PATH} PYTHONPATH=/home/pierres/COURS/slamnav/install/nav2_msgs/local/lib/python3.10/dist-packages:/home/pierres/COURS/slamnav/install/nav_2d_msgs/local/lib/python3.10/dist-packages:/home/pierres/COURS/slamnav/install/nav2_common/local/lib/python3.10/dist-packages:${PYTHONPATH} /usr/bin/cmake --build /home/pierres/COURS/slamnav/build/nav2_controller -- -j16 -l16
[2.949s] [35m[1mConsolidate compiler generated dependencies of target gtest_main[0m
[2.949s] [35m[1mConsolidate compiler generated dependencies of target gtest[0m
[2.955s] [35m[1mConsolidate compiler generated dependencies of target simple_progress_checker[0m
[2.956s] [35m[1mConsolidate compiler generated dependencies of target controller_server_core[0m
[2.956s] [35m[1mConsolidate compiler generated dependencies of target simple_goal_checker[0m
[2.960s] [  9%] Built target gtest
[2.960s] [ 18%] Built target gtest_main
[2.975s] [ 27%] Built target simple_progress_checker
[2.976s] [ 36%] Built target controller_server_core
[2.980s] [ 45%] Built target simple_goal_checker
[2.985s] [35m[1mConsolidate compiler generated dependencies of target pose_progress_checker[0m
[2.985s] [35m[1mConsolidate compiler generated dependencies of target controller_server[0m
[2.989s] [35m[1mConsolidate compiler generated dependencies of target test_dynamic_parameters[0m
[2.995s] [35m[1mConsolidate compiler generated dependencies of target stopped_goal_checker[0m
[3.001s] [ 54%] Built target controller_server
[3.002s] [ 63%] Built target pose_progress_checker
[3.011s] [ 72%] Built target test_dynamic_parameters
[3.012s] [ 81%] Built target stopped_goal_checker
[3.015s] [35m[1mConsolidate compiler generated dependencies of target pctest[0m
[3.024s] [35m[1mConsolidate compiler generated dependencies of target gctest[0m
[3.027s] [ 90%] Built target pctest
[3.045s] [100%] Built target gctest
[3.055s] Invoked command in '/home/pierres/COURS/slamnav/build/nav2_controller' returned '0': AMENT_PREFIX_PATH=/home/pierres/COURS/slamnav/install/nav2_core:/home/pierres/COURS/slamnav/install/nav2_costmap_2d:/home/pierres/COURS/slamnav/install/nav_2d_utils:/home/pierres/COURS/slamnav/install/nav2_map_server:/home/pierres/COURS/slamnav/install/nav2_lifecycle_manager:/home/pierres/COURS/slamnav/install/nav2_util:/home/pierres/COURS/slamnav/install/nav2_voxel_grid:/home/pierres/COURS/slamnav/install/nav2_msgs:/home/pierres/COURS/slamnav/install/nav_2d_msgs:/home/pierres/COURS/slamnav/install/nav2_common:${AMENT_PREFIX_PATH} CMAKE_PREFIX_PATH=/home/pierres/COURS/slamnav/install/nav2_core:/home/pierres/COURS/slamnav/install/nav2_costmap_2d:/home/pierres/COURS/slamnav/install/nav_2d_utils:/home/pierres/COURS/slamnav/install/nav2_map_server:/home/pierres/COURS/slamnav/install/nav2_lifecycle_manager:/home/pierres/COURS/slamnav/install/nav2_util:/home/pierres/COURS/slamnav/install/nav2_voxel_grid:/home/pierres/COURS/slamnav/install/nav2_msgs:/home/pierres/COURS/slamnav/install/nav_2d_msgs:/home/pierres/COURS/slamnav/install/nav2_common:/home/pierres/COURS/slamnav/install/slam_toolbox:/opt/ros/humble:/home/pierres/COURS/slamnav/install/slamnav_turtlebot LD_LIBRARY_PATH=/home/pierres/COURS/slamnav/install/nav2_costmap_2d/lib:/home/pierres/COURS/slamnav/install/nav_2d_utils/lib:/home/pierres/COURS/slamnav/install/nav2_map_server/lib:/home/pierres/COURS/slamnav/install/nav2_lifecycle_manager/lib:/home/pierres/COURS/slamnav/install/nav2_util/lib:/home/pierres/COURS/slamnav/install/nav2_voxel_grid/lib:/home/pierres/COURS/slamnav/install/nav2_msgs/lib:/home/pierres/COURS/slamnav/install/nav_2d_msgs/lib:${LD_LIBRARY_PATH} PYTHONPATH=/home/pierres/COURS/slamnav/install/nav2_msgs/local/lib/python3.10/dist-packages:/home/pierres/COURS/slamnav/install/nav_2d_msgs/local/lib/python3.10/dist-packages:/home/pierres/COURS/slamnav/install/nav2_common/local/lib/python3.10/dist-packages:${PYTHONPATH} /usr/bin/cmake --build /home/pierres/COURS/slamnav/build/nav2_controller -- -j16 -l16
[3.092s] Invoking command in '/home/pierres/COURS/slamnav/build/nav2_controller': AMENT_PREFIX_PATH=/home/pierres/COURS/slamnav/install/nav2_core:/home/pierres/COURS/slamnav/install/nav2_costmap_2d:/home/pierres/COURS/slamnav/install/nav_2d_utils:/home/pierres/COURS/slamnav/install/nav2_map_server:/home/pierres/COURS/slamnav/install/nav2_lifecycle_manager:/home/pierres/COURS/slamnav/install/nav2_util:/home/pierres/COURS/slamnav/install/nav2_voxel_grid:/home/pierres/COURS/slamnav/install/nav2_msgs:/home/pierres/COURS/slamnav/install/nav_2d_msgs:/home/pierres/COURS/slamnav/install/nav2_common:${AMENT_PREFIX_PATH} CMAKE_PREFIX_PATH=/home/pierres/COURS/slamnav/install/nav2_core:/home/pierres/COURS/slamnav/install/nav2_costmap_2d:/home/pierres/COURS/slamnav/install/nav_2d_utils:/home/pierres/COURS/slamnav/install/nav2_map_server:/home/pierres/COURS/slamnav/install/nav2_lifecycle_manager:/home/pierres/COURS/slamnav/install/nav2_util:/home/pierres/COURS/slamnav/install/nav2_voxel_grid:/home/pierres/COURS/slamnav/install/nav2_msgs:/home/pierres/COURS/slamnav/install/nav_2d_msgs:/home/pierres/COURS/slamnav/install/nav2_common:/home/pierres/COURS/slamnav/install/slam_toolbox:/opt/ros/humble:/home/pierres/COURS/slamnav/install/slamnav_turtlebot LD_LIBRARY_PATH=/home/pierres/COURS/slamnav/install/nav2_costmap_2d/lib:/home/pierres/COURS/slamnav/install/nav_2d_utils/lib:/home/pierres/COURS/slamnav/install/nav2_map_server/lib:/home/pierres/COURS/slamnav/install/nav2_lifecycle_manager/lib:/home/pierres/COURS/slamnav/install/nav2_util/lib:/home/pierres/COURS/slamnav/install/nav2_voxel_grid/lib:/home/pierres/COURS/slamnav/install/nav2_msgs/lib:/home/pierres/COURS/slamnav/install/nav_2d_msgs/lib:${LD_LIBRARY_PATH} PYTHONPATH=/home/pierres/COURS/slamnav/install/nav2_msgs/local/lib/python3.10/dist-packages:/home/pierres/COURS/slamnav/install/nav_2d_msgs/local/lib/python3.10/dist-packages:/home/pierres/COURS/slamnav/install/nav2_common/local/lib/python3.10/dist-packages:${PYTHONPATH} /usr/bin/cmake --install /home/pierres/COURS/slamnav/build/nav2_controller
[3.102s] -- Install configuration: "Humble"
[3.102s] -- Execute custom install script
[3.103s] -- Up-to-date symlink: /home/pierres/COURS/slamnav/install/nav2_controller/lib/libsimple_progress_checker.so
[3.103s] -- Up-to-date symlink: /home/pierres/COURS/slamnav/install/nav2_controller/lib/libpose_progress_checker.so
[3.103s] -- Up-to-date symlink: /home/pierres/COURS/slamnav/install/nav2_controller/lib/libsimple_goal_checker.so
[3.103s] -- Up-to-date symlink: /home/pierres/COURS/slamnav/install/nav2_controller/lib/libstopped_goal_checker.so
[3.103s] -- Up-to-date symlink: /home/pierres/COURS/slamnav/install/nav2_controller/lib/libcontroller_server_core.so
[3.104s] -- Up-to-date symlink: /home/pierres/COURS/slamnav/install/nav2_controller/lib/nav2_controller/controller_server
[3.104s] -- Up-to-date symlink: /home/pierres/COURS/slamnav/install/nav2_controller/include//nav2_controller/controller_server.hpp
[3.104s] -- Up-to-date symlink: /home/pierres/COURS/slamnav/install/nav2_controller/include//nav2_controller/plugins/pose_progress_checker.hpp
[3.105s] -- Up-to-date symlink: /home/pierres/COURS/slamnav/install/nav2_controller/include//nav2_controller/plugins/simple_goal_checker.hpp
[3.105s] -- Up-to-date symlink: /home/pierres/COURS/slamnav/install/nav2_controller/include//nav2_controller/plugins/simple_progress_checker.hpp
[3.105s] -- Up-to-date symlink: /home/pierres/COURS/slamnav/install/nav2_controller/include//nav2_controller/plugins/stopped_goal_checker.hpp
[3.105s] -- Up-to-date symlink: /home/pierres/COURS/slamnav/install/nav2_controller/share/nav2_controller/environment/library_path.sh
[3.105s] -- Up-to-date symlink: /home/pierres/COURS/slamnav/install/nav2_controller/share/nav2_controller/environment/library_path.dsv
[3.105s] -- Up-to-date symlink: /home/pierres/COURS/slamnav/install/nav2_controller/share/nav2_controller//plugins.xml
[3.105s] -- Up-to-date symlink: /home/pierres/COURS/slamnav/install/nav2_controller/share/ament_index/resource_index/package_run_dependencies/nav2_controller
[3.106s] -- Up-to-date symlink: /home/pierres/COURS/slamnav/install/nav2_controller/share/ament_index/resource_index/parent_prefix_path/nav2_controller
[3.106s] -- Up-to-date symlink: /home/pierres/COURS/slamnav/install/nav2_controller/share/nav2_controller/environment/ament_prefix_path.sh
[3.106s] -- Up-to-date symlink: /home/pierres/COURS/slamnav/install/nav2_controller/share/nav2_controller/environment/ament_prefix_path.dsv
[3.106s] -- Up-to-date symlink: /home/pierres/COURS/slamnav/install/nav2_controller/share/nav2_controller/environment/path.sh
[3.106s] -- Up-to-date symlink: /home/pierres/COURS/slamnav/install/nav2_controller/share/nav2_controller/environment/path.dsv
[3.107s] -- Up-to-date symlink: /home/pierres/COURS/slamnav/install/nav2_controller/share/nav2_controller/local_setup.bash
[3.107s] -- Up-to-date symlink: /home/pierres/COURS/slamnav/install/nav2_controller/share/nav2_controller/local_setup.sh
[3.107s] -- Up-to-date symlink: /home/pierres/COURS/slamnav/install/nav2_controller/share/nav2_controller/local_setup.zsh
[3.107s] -- Up-to-date symlink: /home/pierres/COURS/slamnav/install/nav2_controller/share/nav2_controller/local_setup.dsv
[3.107s] -- Symlinking: /home/pierres/COURS/slamnav/install/nav2_controller/share/nav2_controller/package.dsv
[3.115s] -- Up-to-date symlink: /home/pierres/COURS/slamnav/install/nav2_controller/share/ament_index/resource_index/packages/nav2_controller
[3.115s] -- Up-to-date symlink: /home/pierres/COURS/slamnav/install/nav2_controller/share/ament_index/resource_index/nav2_core__pluginlib__plugin/nav2_controller
[3.115s] -- Up-to-date symlink: /home/pierres/COURS/slamnav/install/nav2_controller/share/ament_index/resource_index/rclcpp_components/nav2_controller
[3.115s] -- Up-to-date symlink: /home/pierres/COURS/slamnav/install/nav2_controller/share/nav2_controller/cmake/ament_cmake_export_include_directories-extras.cmake
[3.115s] -- Up-to-date symlink: /home/pierres/COURS/slamnav/install/nav2_controller/share/nav2_controller/cmake/ament_cmake_export_libraries-extras.cmake
[3.115s] -- Up-to-date symlink: /home/pierres/COURS/slamnav/install/nav2_controller/share/nav2_controller/cmake/ament_cmake_export_dependencies-extras.cmake
[3.115s] -- Up-to-date symlink: /home/pierres/COURS/slamnav/install/nav2_controller/share/nav2_controller/cmake/nav2_controllerConfig.cmake
[3.116s] -- Up-to-date symlink: /home/pierres/COURS/slamnav/install/nav2_controller/share/nav2_controller/cmake/nav2_controllerConfig-version.cmake
[3.116s] -- Up-to-date symlink: /home/pierres/COURS/slamnav/install/nav2_controller/share/nav2_controller/package.xml
[3.118s] Invoked command in '/home/pierres/COURS/slamnav/build/nav2_controller' returned '0': AMENT_PREFIX_PATH=/home/pierres/COURS/slamnav/install/nav2_core:/home/pierres/COURS/slamnav/install/nav2_costmap_2d:/home/pierres/COURS/slamnav/install/nav_2d_utils:/home/pierres/COURS/slamnav/install/nav2_map_server:/home/pierres/COURS/slamnav/install/nav2_lifecycle_manager:/home/pierres/COURS/slamnav/install/nav2_util:/home/pierres/COURS/slamnav/install/nav2_voxel_grid:/home/pierres/COURS/slamnav/install/nav2_msgs:/home/pierres/COURS/slamnav/install/nav_2d_msgs:/home/pierres/COURS/slamnav/install/nav2_common:${AMENT_PREFIX_PATH} CMAKE_PREFIX_PATH=/home/pierres/COURS/slamnav/install/nav2_core:/home/pierres/COURS/slamnav/install/nav2_costmap_2d:/home/pierres/COURS/slamnav/install/nav_2d_utils:/home/pierres/COURS/slamnav/install/nav2_map_server:/home/pierres/COURS/slamnav/install/nav2_lifecycle_manager:/home/pierres/COURS/slamnav/install/nav2_util:/home/pierres/COURS/slamnav/install/nav2_voxel_grid:/home/pierres/COURS/slamnav/install/nav2_msgs:/home/pierres/COURS/slamnav/install/nav_2d_msgs:/home/pierres/COURS/slamnav/install/nav2_common:/home/pierres/COURS/slamnav/install/slam_toolbox:/opt/ros/humble:/home/pierres/COURS/slamnav/install/slamnav_turtlebot LD_LIBRARY_PATH=/home/pierres/COURS/slamnav/install/nav2_costmap_2d/lib:/home/pierres/COURS/slamnav/install/nav_2d_utils/lib:/home/pierres/COURS/slamnav/install/nav2_map_server/lib:/home/pierres/COURS/slamnav/install/nav2_lifecycle_manager/lib:/home/pierres/COURS/slamnav/install/nav2_util/lib:/home/pierres/COURS/slamnav/install/nav2_voxel_grid/lib:/home/pierres/COURS/slamnav/install/nav2_msgs/lib:/home/pierres/COURS/slamnav/install/nav_2d_msgs/lib:${LD_LIBRARY_PATH} PYTHONPATH=/home/pierres/COURS/slamnav/install/nav2_msgs/local/lib/python3.10/dist-packages:/home/pierres/COURS/slamnav/install/nav_2d_msgs/local/lib/python3.10/dist-packages:/home/pierres/COURS/slamnav/install/nav2_common/local/lib/python3.10/dist-packages:${PYTHONPATH} /usr/bin/cmake --install /home/pierres/COURS/slamnav/build/nav2_controller
