[0.011s] Invoking command in '/home/pierres/COURS/slamnav/build/nav2_lifecycle_manager': AMENT_PREFIX_PATH=/home/pierres/COURS/slamnav/install/nav2_util:/home/pierres/COURS/slamnav/install/nav2_msgs:/home/pierres/COURS/slamnav/install/nav2_common CMAKE_PREFIX_PATH=/home/pierres/COURS/slamnav/install/nav2_util:/home/pierres/COURS/slamnav/install/nav2_msgs:/home/pierres/COURS/slamnav/install/nav2_common LD_LIBRARY_PATH=/home/pierres/COURS/slamnav/install/nav2_util/lib:/home/pierres/COURS/slamnav/install/nav2_msgs/lib PYTHONPATH=/home/pierres/COURS/slamnav/install/nav2_msgs/local/lib/python3.10/dist-packages:/home/pierres/COURS/slamnav/install/nav2_common/local/lib/python3.10/dist-packages /usr/bin/cmake --build /home/pierres/COURS/slamnav/build/nav2_lifecycle_manager -- -j16 -l16
[0.050s] [ 15%] Built target gtest_main
[0.051s] [ 30%] Built target gtest
[0.057s] [ 53%] Built target nav2_lifecycle_manager_core
[0.098s] [ 69%] Built target test_lifecycle_gtest
[0.103s] [ 84%] Built target test_bond_gtest
[0.104s] [100%] Built target lifecycle_manager
[0.137s] Invoked command in '/home/pierres/COURS/slamnav/build/nav2_lifecycle_manager' returned '0': AMENT_PREFIX_PATH=/home/pierres/COURS/slamnav/install/nav2_util:/home/pierres/COURS/slamnav/install/nav2_msgs:/home/pierres/COURS/slamnav/install/nav2_common CMAKE_PREFIX_PATH=/home/pierres/COURS/slamnav/install/nav2_util:/home/pierres/COURS/slamnav/install/nav2_msgs:/home/pierres/COURS/slamnav/install/nav2_common LD_LIBRARY_PATH=/home/pierres/COURS/slamnav/install/nav2_util/lib:/home/pierres/COURS/slamnav/install/nav2_msgs/lib PYTHONPATH=/home/pierres/COURS/slamnav/install/nav2_msgs/local/lib/python3.10/dist-packages:/home/pierres/COURS/slamnav/install/nav2_common/local/lib/python3.10/dist-packages /usr/bin/cmake --build /home/pierres/COURS/slamnav/build/nav2_lifecycle_manager -- -j16 -l16
[0.172s] Invoking command in '/home/pierres/COURS/slamnav/build/nav2_lifecycle_manager': AMENT_PREFIX_PATH=/home/pierres/COURS/slamnav/install/nav2_util:/home/pierres/COURS/slamnav/install/nav2_msgs:/home/pierres/COURS/slamnav/install/nav2_common CMAKE_PREFIX_PATH=/home/pierres/COURS/slamnav/install/nav2_util:/home/pierres/COURS/slamnav/install/nav2_msgs:/home/pierres/COURS/slamnav/install/nav2_common LD_LIBRARY_PATH=/home/pierres/COURS/slamnav/install/nav2_util/lib:/home/pierres/COURS/slamnav/install/nav2_msgs/lib PYTHONPATH=/home/pierres/COURS/slamnav/install/nav2_msgs/local/lib/python3.10/dist-packages:/home/pierres/COURS/slamnav/install/nav2_common/local/lib/python3.10/dist-packages /usr/bin/cmake --install /home/pierres/COURS/slamnav/build/nav2_lifecycle_manager
[0.182s] -- Install configuration: "Humble"
[0.183s] -- Execute custom install script
[0.183s] -- Up-to-date symlink: /home/pierres/COURS/slamnav/install/nav2_lifecycle_manager/lib/libnav2_lifecycle_manager_core.so
[0.183s] -- Up-to-date symlink: /home/pierres/COURS/slamnav/install/nav2_lifecycle_manager/lib/nav2_lifecycle_manager/lifecycle_manager
[0.183s] -- Up-to-date symlink: /home/pierres/COURS/slamnav/install/nav2_lifecycle_manager/include//nav2_lifecycle_manager/lifecycle_manager.hpp
[0.183s] -- Up-to-date symlink: /home/pierres/COURS/slamnav/install/nav2_lifecycle_manager/include//nav2_lifecycle_manager/lifecycle_manager_client.hpp
[0.183s] -- Up-to-date symlink: /home/pierres/COURS/slamnav/install/nav2_lifecycle_manager/share/nav2_lifecycle_manager/environment/library_path.sh
[0.183s] -- Up-to-date symlink: /home/pierres/COURS/slamnav/install/nav2_lifecycle_manager/share/nav2_lifecycle_manager/environment/library_path.dsv
[0.183s] -- Up-to-date symlink: /home/pierres/COURS/slamnav/install/nav2_lifecycle_manager/share/ament_index/resource_index/package_run_dependencies/nav2_lifecycle_manager
[0.183s] -- Up-to-date symlink: /home/pierres/COURS/slamnav/install/nav2_lifecycle_manager/share/ament_index/resource_index/parent_prefix_path/nav2_lifecycle_manager
[0.183s] -- Up-to-date symlink: /home/pierres/COURS/slamnav/install/nav2_lifecycle_manager/share/nav2_lifecycle_manager/environment/ament_prefix_path.sh
[0.184s] -- Up-to-date symlink: /home/pierres/COURS/slamnav/install/nav2_lifecycle_manager/share/nav2_lifecycle_manager/environment/ament_prefix_path.dsv
[0.184s] -- Up-to-date symlink: /home/pierres/COURS/slamnav/install/nav2_lifecycle_manager/share/nav2_lifecycle_manager/environment/path.sh
[0.185s] -- Up-to-date symlink: /home/pierres/COURS/slamnav/install/nav2_lifecycle_manager/share/nav2_lifecycle_manager/environment/path.dsv
[0.185s] -- Up-to-date symlink: /home/pierres/COURS/slamnav/install/nav2_lifecycle_manager/share/nav2_lifecycle_manager/local_setup.bash
[0.185s] -- Up-to-date symlink: /home/pierres/COURS/slamnav/install/nav2_lifecycle_manager/share/nav2_lifecycle_manager/local_setup.sh
[0.185s] -- Up-to-date symlink: /home/pierres/COURS/slamnav/install/nav2_lifecycle_manager/share/nav2_lifecycle_manager/local_setup.zsh
[0.185s] -- Up-to-date symlink: /home/pierres/COURS/slamnav/install/nav2_lifecycle_manager/share/nav2_lifecycle_manager/local_setup.dsv
[0.187s] -- Symlinking: /home/pierres/COURS/slamnav/install/nav2_lifecycle_manager/share/nav2_lifecycle_manager/package.dsv
[0.194s] -- Up-to-date symlink: /home/pierres/COURS/slamnav/install/nav2_lifecycle_manager/share/ament_index/resource_index/packages/nav2_lifecycle_manager
[0.194s] -- Up-to-date symlink: /home/pierres/COURS/slamnav/install/nav2_lifecycle_manager/share/ament_index/resource_index/rclcpp_components/nav2_lifecycle_manager
[0.194s] -- Up-to-date symlink: /home/pierres/COURS/slamnav/install/nav2_lifecycle_manager/share/nav2_lifecycle_manager/cmake/ament_cmake_export_include_directories-extras.cmake
[0.194s] -- Up-to-date symlink: /home/pierres/COURS/slamnav/install/nav2_lifecycle_manager/share/nav2_lifecycle_manager/cmake/ament_cmake_export_libraries-extras.cmake
[0.194s] -- Up-to-date symlink: /home/pierres/COURS/slamnav/install/nav2_lifecycle_manager/share/nav2_lifecycle_manager/cmake/ament_cmake_export_dependencies-extras.cmake
[0.194s] -- Up-to-date symlink: /home/pierres/COURS/slamnav/install/nav2_lifecycle_manager/share/nav2_lifecycle_manager/cmake/nav2_lifecycle_managerConfig.cmake
[0.194s] -- Up-to-date symlink: /home/pierres/COURS/slamnav/install/nav2_lifecycle_manager/share/nav2_lifecycle_manager/cmake/nav2_lifecycle_managerConfig-version.cmake
[0.195s] -- Up-to-date symlink: /home/pierres/COURS/slamnav/install/nav2_lifecycle_manager/share/nav2_lifecycle_manager/package.xml
[0.220s] Invoked command in '/home/pierres/COURS/slamnav/build/nav2_lifecycle_manager' returned '0': AMENT_PREFIX_PATH=/home/pierres/COURS/slamnav/install/nav2_util:/home/pierres/COURS/slamnav/install/nav2_msgs:/home/pierres/COURS/slamnav/install/nav2_common CMAKE_PREFIX_PATH=/home/pierres/COURS/slamnav/install/nav2_util:/home/pierres/COURS/slamnav/install/nav2_msgs:/home/pierres/COURS/slamnav/install/nav2_common LD_LIBRARY_PATH=/home/pierres/COURS/slamnav/install/nav2_util/lib:/home/pierres/COURS/slamnav/install/nav2_msgs/lib PYTHONPATH=/home/pierres/COURS/slamnav/install/nav2_msgs/local/lib/python3.10/dist-packages:/home/pierres/COURS/slamnav/install/nav2_common/local/lib/python3.10/dist-packages /usr/bin/cmake --install /home/pierres/COURS/slamnav/build/nav2_lifecycle_manager
