[0.016s] Invoking command in '/home/pierres/COURS/slamnav/build/nav2_voxel_grid': AMENT_PREFIX_PATH=/home/pierres/COURS/slamnav/install/nav2_common:${AMENT_PREFIX_PATH} CMAKE_PREFIX_PATH=/home/pierres/COURS/slamnav/install/nav2_common:/home/pierres/COURS/slamnav/install/slam_toolbox:/opt/ros/humble:/home/pierres/COURS/slamnav/install/slamnav_turtlebot PYTHONPATH=/home/pierres/COURS/slamnav/install/nav2_common/local/lib/python3.10/dist-packages:${PYTHONPATH} /usr/bin/cmake --build /home/pierres/COURS/slamnav/build/nav2_voxel_grid -- -j16 -l16
[0.075s] [ 20%] Built target gtest
[0.079s] [ 40%] Built target voxel_grid
[0.082s] [ 60%] Built target gtest_main
[0.114s] [ 80%] Built target voxel_grid_bresenham_3d
[0.118s] [100%] Built target voxel_grid_tests
[0.127s] Invoked command in '/home/pierres/COURS/slamnav/build/nav2_voxel_grid' returned '0': AMENT_PREFIX_PATH=/home/pierres/COURS/slamnav/install/nav2_common:${AMENT_PREFIX_PATH} CMAKE_PREFIX_PATH=/home/pierres/COURS/slamnav/install/nav2_common:/home/pierres/COURS/slamnav/install/slam_toolbox:/opt/ros/humble:/home/pierres/COURS/slamnav/install/slamnav_turtlebot PYTHONPATH=/home/pierres/COURS/slamnav/install/nav2_common/local/lib/python3.10/dist-packages:${PYTHONPATH} /usr/bin/cmake --build /home/pierres/COURS/slamnav/build/nav2_voxel_grid -- -j16 -l16
[0.156s] Invoking command in '/home/pierres/COURS/slamnav/build/nav2_voxel_grid': AMENT_PREFIX_PATH=/home/pierres/COURS/slamnav/install/nav2_common:${AMENT_PREFIX_PATH} CMAKE_PREFIX_PATH=/home/pierres/COURS/slamnav/install/nav2_common:/home/pierres/COURS/slamnav/install/slam_toolbox:/opt/ros/humble:/home/pierres/COURS/slamnav/install/slamnav_turtlebot PYTHONPATH=/home/pierres/COURS/slamnav/install/nav2_common/local/lib/python3.10/dist-packages:${PYTHONPATH} /usr/bin/cmake --install /home/pierres/COURS/slamnav/build/nav2_voxel_grid
[0.164s] -- Install configuration: "Humble"
[0.165s] -- Execute custom install script
[0.165s] -- Up-to-date symlink: /home/pierres/COURS/slamnav/install/nav2_voxel_grid/lib/libvoxel_grid.so
[0.166s] -- Up-to-date symlink: /home/pierres/COURS/slamnav/install/nav2_voxel_grid/include/nav2_voxel_grid/voxel_grid.hpp
[0.166s] -- Up-to-date symlink: /home/pierres/COURS/slamnav/install/nav2_voxel_grid/share/nav2_voxel_grid/environment/library_path.sh
[0.166s] -- Up-to-date symlink: /home/pierres/COURS/slamnav/install/nav2_voxel_grid/share/nav2_voxel_grid/environment/library_path.dsv
[0.166s] -- Up-to-date symlink: /home/pierres/COURS/slamnav/install/nav2_voxel_grid/share/ament_index/resource_index/package_run_dependencies/nav2_voxel_grid
[0.166s] -- Up-to-date symlink: /home/pierres/COURS/slamnav/install/nav2_voxel_grid/share/ament_index/resource_index/parent_prefix_path/nav2_voxel_grid
[0.166s] -- Up-to-date symlink: /home/pierres/COURS/slamnav/install/nav2_voxel_grid/share/nav2_voxel_grid/environment/ament_prefix_path.sh
[0.166s] -- Up-to-date symlink: /home/pierres/COURS/slamnav/install/nav2_voxel_grid/share/nav2_voxel_grid/environment/ament_prefix_path.dsv
[0.167s] -- Up-to-date symlink: /home/pierres/COURS/slamnav/install/nav2_voxel_grid/share/nav2_voxel_grid/environment/path.sh
[0.167s] -- Up-to-date symlink: /home/pierres/COURS/slamnav/install/nav2_voxel_grid/share/nav2_voxel_grid/environment/path.dsv
[0.167s] -- Up-to-date symlink: /home/pierres/COURS/slamnav/install/nav2_voxel_grid/share/nav2_voxel_grid/local_setup.bash
[0.167s] -- Up-to-date symlink: /home/pierres/COURS/slamnav/install/nav2_voxel_grid/share/nav2_voxel_grid/local_setup.sh
[0.167s] -- Up-to-date symlink: /home/pierres/COURS/slamnav/install/nav2_voxel_grid/share/nav2_voxel_grid/local_setup.zsh
[0.168s] -- Up-to-date symlink: /home/pierres/COURS/slamnav/install/nav2_voxel_grid/share/nav2_voxel_grid/local_setup.dsv
[0.168s] -- Symlinking: /home/pierres/COURS/slamnav/install/nav2_voxel_grid/share/nav2_voxel_grid/package.dsv
[0.174s] -- Up-to-date symlink: /home/pierres/COURS/slamnav/install/nav2_voxel_grid/share/ament_index/resource_index/packages/nav2_voxel_grid
[0.174s] -- Up-to-date symlink: /home/pierres/COURS/slamnav/install/nav2_voxel_grid/share/nav2_voxel_grid/cmake/ament_cmake_export_dependencies-extras.cmake
[0.174s] -- Up-to-date symlink: /home/pierres/COURS/slamnav/install/nav2_voxel_grid/share/nav2_voxel_grid/cmake/ament_cmake_export_include_directories-extras.cmake
[0.174s] -- Up-to-date symlink: /home/pierres/COURS/slamnav/install/nav2_voxel_grid/share/nav2_voxel_grid/cmake/ament_cmake_export_libraries-extras.cmake
[0.174s] -- Up-to-date symlink: /home/pierres/COURS/slamnav/install/nav2_voxel_grid/share/nav2_voxel_grid/cmake/nav2_voxel_gridConfig.cmake
[0.174s] -- Up-to-date symlink: /home/pierres/COURS/slamnav/install/nav2_voxel_grid/share/nav2_voxel_grid/cmake/nav2_voxel_gridConfig-version.cmake
[0.175s] -- Up-to-date symlink: /home/pierres/COURS/slamnav/install/nav2_voxel_grid/share/nav2_voxel_grid/package.xml
[0.177s] Invoked command in '/home/pierres/COURS/slamnav/build/nav2_voxel_grid' returned '0': AMENT_PREFIX_PATH=/home/pierres/COURS/slamnav/install/nav2_common:${AMENT_PREFIX_PATH} CMAKE_PREFIX_PATH=/home/pierres/COURS/slamnav/install/nav2_common:/home/pierres/COURS/slamnav/install/slam_toolbox:/opt/ros/humble:/home/pierres/COURS/slamnav/install/slamnav_turtlebot PYTHONPATH=/home/pierres/COURS/slamnav/install/nav2_common/local/lib/python3.10/dist-packages:${PYTHONPATH} /usr/bin/cmake --install /home/pierres/COURS/slamnav/build/nav2_voxel_grid
