[0.031s] Invoking command in '/home/pierres/COURS/slamnav/build/nav2_velocity_smoother': AMENT_PREFIX_PATH=/home/pierres/COURS/slamnav/install/nav2_util:/home/pierres/COURS/slamnav/install/nav2_msgs:/home/pierres/COURS/slamnav/install/nav2_common:${AMENT_PREFIX_PATH} CMAKE_PREFIX_PATH=/home/pierres/COURS/slamnav/install/nav2_util:/home/pierres/COURS/slamnav/install/nav2_msgs:/home/pierres/COURS/slamnav/install/nav2_common:/opt/ros/humble:/home/pierres/COURS/slamnav/install/slamnav_turtlebot LD_LIBRARY_PATH=/home/pierres/COURS/slamnav/install/nav2_util/lib:/home/pierres/COURS/slamnav/install/nav2_msgs/lib:${LD_LIBRARY_PATH} PYTHONPATH=/home/pierres/COURS/slamnav/install/nav2_msgs/local/lib/python3.10/dist-packages:/home/pierres/COURS/slamnav/install/nav2_common/local/lib/python3.10/dist-packages:${PYTHONPATH} /usr/bin/cmake --build /home/pierres/COURS/slamnav/build/nav2_velocity_smoother -- -j16 -l16
[0.098s] [ 20%] Built target gtest_main
[0.099s] [ 40%] Built target gtest
[0.106s] [ 60%] Built target velocity_smoother_core
[0.151s] [ 80%] Built target velocity_smoother
[0.163s] [100%] Built target velocity_smoother_tests
[0.189s] Invoked command in '/home/pierres/COURS/slamnav/build/nav2_velocity_smoother' returned '0': AMENT_PREFIX_PATH=/home/pierres/COURS/slamnav/install/nav2_util:/home/pierres/COURS/slamnav/install/nav2_msgs:/home/pierres/COURS/slamnav/install/nav2_common:${AMENT_PREFIX_PATH} CMAKE_PREFIX_PATH=/home/pierres/COURS/slamnav/install/nav2_util:/home/pierres/COURS/slamnav/install/nav2_msgs:/home/pierres/COURS/slamnav/install/nav2_common:/opt/ros/humble:/home/pierres/COURS/slamnav/install/slamnav_turtlebot LD_LIBRARY_PATH=/home/pierres/COURS/slamnav/install/nav2_util/lib:/home/pierres/COURS/slamnav/install/nav2_msgs/lib:${LD_LIBRARY_PATH} PYTHONPATH=/home/pierres/COURS/slamnav/install/nav2_msgs/local/lib/python3.10/dist-packages:/home/pierres/COURS/slamnav/install/nav2_common/local/lib/python3.10/dist-packages:${PYTHONPATH} /usr/bin/cmake --build /home/pierres/COURS/slamnav/build/nav2_velocity_smoother -- -j16 -l16
[0.222s] Invoking command in '/home/pierres/COURS/slamnav/build/nav2_velocity_smoother': AMENT_PREFIX_PATH=/home/pierres/COURS/slamnav/install/nav2_util:/home/pierres/COURS/slamnav/install/nav2_msgs:/home/pierres/COURS/slamnav/install/nav2_common:${AMENT_PREFIX_PATH} CMAKE_PREFIX_PATH=/home/pierres/COURS/slamnav/install/nav2_util:/home/pierres/COURS/slamnav/install/nav2_msgs:/home/pierres/COURS/slamnav/install/nav2_common:/opt/ros/humble:/home/pierres/COURS/slamnav/install/slamnav_turtlebot LD_LIBRARY_PATH=/home/pierres/COURS/slamnav/install/nav2_util/lib:/home/pierres/COURS/slamnav/install/nav2_msgs/lib:${LD_LIBRARY_PATH} PYTHONPATH=/home/pierres/COURS/slamnav/install/nav2_msgs/local/lib/python3.10/dist-packages:/home/pierres/COURS/slamnav/install/nav2_common/local/lib/python3.10/dist-packages:${PYTHONPATH} /usr/bin/cmake --install /home/pierres/COURS/slamnav/build/nav2_velocity_smoother
[0.228s] -- Install configuration: "Humble"
[0.229s] -- Execute custom install script
[0.229s] -- Up-to-date symlink: /home/pierres/COURS/slamnav/install/nav2_velocity_smoother/lib/libvelocity_smoother_core.so
[0.230s] -- Up-to-date symlink: /home/pierres/COURS/slamnav/install/nav2_velocity_smoother/lib/nav2_velocity_smoother/velocity_smoother
[0.230s] -- Up-to-date symlink: /home/pierres/COURS/slamnav/install/nav2_velocity_smoother/include//nav2_velocity_smoother/velocity_smoother.hpp
[0.230s] -- Up-to-date symlink: /home/pierres/COURS/slamnav/install/nav2_velocity_smoother/share/nav2_velocity_smoother/environment/library_path.sh
[0.230s] -- Up-to-date symlink: /home/pierres/COURS/slamnav/install/nav2_velocity_smoother/share/nav2_velocity_smoother/environment/library_path.dsv
[0.230s] -- Up-to-date symlink: /home/pierres/COURS/slamnav/install/nav2_velocity_smoother/share/ament_index/resource_index/package_run_dependencies/nav2_velocity_smoother
[0.232s] -- Up-to-date symlink: /home/pierres/COURS/slamnav/install/nav2_velocity_smoother/share/ament_index/resource_index/parent_prefix_path/nav2_velocity_smoother
[0.232s] -- Up-to-date symlink: /home/pierres/COURS/slamnav/install/nav2_velocity_smoother/share/nav2_velocity_smoother/environment/ament_prefix_path.sh
[0.232s] -- Up-to-date symlink: /home/pierres/COURS/slamnav/install/nav2_velocity_smoother/share/nav2_velocity_smoother/environment/ament_prefix_path.dsv
[0.232s] -- Up-to-date symlink: /home/pierres/COURS/slamnav/install/nav2_velocity_smoother/share/nav2_velocity_smoother/environment/path.sh
[0.232s] -- Up-to-date symlink: /home/pierres/COURS/slamnav/install/nav2_velocity_smoother/share/nav2_velocity_smoother/environment/path.dsv
[0.232s] -- Up-to-date symlink: /home/pierres/COURS/slamnav/install/nav2_velocity_smoother/share/nav2_velocity_smoother/local_setup.bash
[0.232s] -- Up-to-date symlink: /home/pierres/COURS/slamnav/install/nav2_velocity_smoother/share/nav2_velocity_smoother/local_setup.sh
[0.232s] -- Up-to-date symlink: /home/pierres/COURS/slamnav/install/nav2_velocity_smoother/share/nav2_velocity_smoother/local_setup.zsh
[0.232s] -- Up-to-date symlink: /home/pierres/COURS/slamnav/install/nav2_velocity_smoother/share/nav2_velocity_smoother/local_setup.dsv
[0.232s] -- Symlinking: /home/pierres/COURS/slamnav/install/nav2_velocity_smoother/share/nav2_velocity_smoother/package.dsv
[0.246s] -- Up-to-date symlink: /home/pierres/COURS/slamnav/install/nav2_velocity_smoother/share/ament_index/resource_index/packages/nav2_velocity_smoother
[0.246s] -- Up-to-date symlink: /home/pierres/COURS/slamnav/install/nav2_velocity_smoother/share/ament_index/resource_index/rclcpp_components/nav2_velocity_smoother
[0.246s] -- Up-to-date symlink: /home/pierres/COURS/slamnav/install/nav2_velocity_smoother/share/nav2_velocity_smoother/cmake/ament_cmake_export_include_directories-extras.cmake
[0.246s] -- Up-to-date symlink: /home/pierres/COURS/slamnav/install/nav2_velocity_smoother/share/nav2_velocity_smoother/cmake/ament_cmake_export_libraries-extras.cmake
[0.247s] -- Up-to-date symlink: /home/pierres/COURS/slamnav/install/nav2_velocity_smoother/share/nav2_velocity_smoother/cmake/ament_cmake_export_dependencies-extras.cmake
[0.248s] -- Up-to-date symlink: /home/pierres/COURS/slamnav/install/nav2_velocity_smoother/share/nav2_velocity_smoother/cmake/nav2_velocity_smootherConfig.cmake
[0.248s] -- Up-to-date symlink: /home/pierres/COURS/slamnav/install/nav2_velocity_smoother/share/nav2_velocity_smoother/cmake/nav2_velocity_smootherConfig-version.cmake
[0.248s] -- Up-to-date symlink: /home/pierres/COURS/slamnav/install/nav2_velocity_smoother/share/nav2_velocity_smoother/package.xml
[0.286s] Invoked command in '/home/pierres/COURS/slamnav/build/nav2_velocity_smoother' returned '0': AMENT_PREFIX_PATH=/home/pierres/COURS/slamnav/install/nav2_util:/home/pierres/COURS/slamnav/install/nav2_msgs:/home/pierres/COURS/slamnav/install/nav2_common:${AMENT_PREFIX_PATH} CMAKE_PREFIX_PATH=/home/pierres/COURS/slamnav/install/nav2_util:/home/pierres/COURS/slamnav/install/nav2_msgs:/home/pierres/COURS/slamnav/install/nav2_common:/opt/ros/humble:/home/pierres/COURS/slamnav/install/slamnav_turtlebot LD_LIBRARY_PATH=/home/pierres/COURS/slamnav/install/nav2_util/lib:/home/pierres/COURS/slamnav/install/nav2_msgs/lib:${LD_LIBRARY_PATH} PYTHONPATH=/home/pierres/COURS/slamnav/install/nav2_msgs/local/lib/python3.10/dist-packages:/home/pierres/COURS/slamnav/install/nav2_common/local/lib/python3.10/dist-packages:${PYTHONPATH} /usr/bin/cmake --install /home/pierres/COURS/slamnav/build/nav2_velocity_smoother
