[0.123s] Invoking command in '/home/pierres/COURS/slamnav/build/nav2_waypoint_follower': AMENT_PREFIX_PATH=/home/pierres/COURS/slamnav/install/nav2_core:/home/pierres/COURS/slamnav/install/nav2_costmap_2d:/home/pierres/COURS/slamnav/install/nav2_map_server:/home/pierres/COURS/slamnav/install/nav2_lifecycle_manager:/home/pierres/COURS/slamnav/install/nav2_util:/home/pierres/COURS/slamnav/install/nav2_voxel_grid:/home/pierres/COURS/slamnav/install/nav2_msgs:/home/pierres/COURS/slamnav/install/nav2_common:${AMENT_PREFIX_PATH} CMAKE_PREFIX_PATH=/home/pierres/COURS/slamnav/install/nav2_core:/home/pierres/COURS/slamnav/install/nav2_costmap_2d:/home/pierres/COURS/slamnav/install/nav2_map_server:/home/pierres/COURS/slamnav/install/nav2_lifecycle_manager:/home/pierres/COURS/slamnav/install/nav2_util:/home/pierres/COURS/slamnav/install/nav2_voxel_grid:/home/pierres/COURS/slamnav/install/nav2_msgs:/home/pierres/COURS/slamnav/install/nav2_common:/home/pierres/COURS/slamnav/install/slam_toolbox:/opt/ros/humble:/home/pierres/COURS/slamnav/install/slamnav_turtlebot LD_LIBRARY_PATH=/home/pierres/COURS/slamnav/install/nav2_costmap_2d/lib:/home/pierres/COURS/slamnav/install/nav2_map_server/lib:/home/pierres/COURS/slamnav/install/nav2_lifecycle_manager/lib:/home/pierres/COURS/slamnav/install/nav2_util/lib:/home/pierres/COURS/slamnav/install/nav2_voxel_grid/lib:/home/pierres/COURS/slamnav/install/nav2_msgs/lib:${LD_LIBRARY_PATH} PYTHONPATH=/home/pierres/COURS/slamnav/install/nav2_msgs/local/lib/python3.10/dist-packages:/home/pierres/COURS/slamnav/install/nav2_common/local/lib/python3.10/dist-packages:${PYTHONPATH} /usr/bin/cmake /home/pierres/COURS/slamnav/src/navigation2/nav2_waypoint_follower -DCMAKE_BUILD_TYPE=Humble -DAMENT_CMAKE_SYMLINK_INSTALL=1 -DCMAKE_INSTALL_PREFIX=/home/pierres/COURS/slamnav/install/nav2_waypoint_follower
[5.936s] -- The C compiler identification is GNU 11.4.0
[5.936s] -- The CXX compiler identification is GNU 11.4.0
[5.936s] -- Detecting C compiler ABI info
[5.936s] -- Detecting C compiler ABI info - done
[5.937s] -- Check for working C compiler: /usr/bin/cc - skipped
[5.937s] -- Detecting C compile features
[5.937s] -- Detecting C compile features - done
[5.937s] -- Detecting CXX compiler ABI info
[5.937s] -- Detecting CXX compiler ABI info - done
[5.937s] -- Check for working CXX compiler: /usr/bin/c++ - skipped
[5.937s] -- Detecting CXX compile features
[5.937s] -- Detecting CXX compile features - done
[5.938s] -- Found OpenCV version 4.5.4
[5.943s] -- Found image_transport: 3.1.9 (/opt/ros/humble/share/image_transport/cmake)
[5.943s] -- Found Python3: /usr/bin/python3 (found version "3.10.12") found components: Interpreter 
[5.943s] -- Override CMake install command with custom implementation using symlinks instead of copying resources
[5.943s] -- Found rosidl_generator_c: 3.1.5 (/opt/ros/humble/share/rosidl_generator_c/cmake)
[5.943s] -- Found rosidl_adapter: 3.1.5 (/opt/ros/humble/share/rosidl_adapter/cmake)
[5.944s] -- Found rosidl_generator_cpp: 3.1.5 (/opt/ros/humble/share/rosidl_generator_cpp/cmake)
[5.944s] -- Using all available rosidl_typesupport_c: rosidl_typesupport_fastrtps_c;rosidl_typesupport_introspection_c
[5.944s] -- Using all available rosidl_typesupport_cpp: rosidl_typesupport_fastrtps_cpp;rosidl_typesupport_introspection_cpp
[5.944s] -- Found rmw_implementation_cmake: 6.1.2 (/opt/ros/humble/share/rmw_implementation_cmake/cmake)
[5.944s] -- Found rmw_cyclonedds_cpp: 1.3.4 (/opt/ros/humble/share/rmw_cyclonedds_cpp/cmake)
[5.944s] -- Using RMW implementation 'rmw_cyclonedds_cpp' as default
[5.944s] -- Looking for pthread.h
[5.944s] -- Looking for pthread.h - found
[5.945s] -- Performing Test CMAKE_HAVE_LIBC_PTHREAD
[5.945s] -- Performing Test CMAKE_HAVE_LIBC_PTHREAD - Success
[5.945s] -- Found Threads: TRUE  
[5.945s] -- Found cv_bridge: 3.2.1 (/opt/ros/humble/share/cv_bridge/cmake)
[5.945s] -- Found nav2_common: 1.1.16 (/home/pierres/COURS/slamnav/install/nav2_common/share/nav2_common/cmake)
[5.945s] -- Found rclcpp_action: 16.0.10 (/opt/ros/humble/share/rclcpp_action/cmake)
[5.945s] -- Found rclcpp_lifecycle: 16.0.10 (/opt/ros/humble/share/rclcpp_lifecycle/cmake)
[5.945s] -- Found rclcpp_components: 16.0.10 (/opt/ros/humble/share/rclcpp_components/cmake)
[5.946s] -- Found nav_msgs: 4.2.4 (/opt/ros/humble/share/nav_msgs/cmake)
[5.946s] -- Found nav2_msgs: 1.1.16 (/home/pierres/COURS/slamnav/install/nav2_msgs/share/nav2_msgs/cmake)
[5.946s] -- Found nav2_util: 1.1.16 (/home/pierres/COURS/slamnav/install/nav2_util/share/nav2_util/cmake)
[5.946s] -- Found eigen3_cmake_module: 0.1.1 (/opt/ros/humble/share/eigen3_cmake_module/cmake)
[5.946s] -- Found Eigen3: TRUE (found version "3.4.0") 
[5.946s] -- Ensuring Eigen3 include directory is part of orocos-kdl CMake target
[5.946s] -- Found nav2_core: 1.1.16 (/home/pierres/COURS/slamnav/install/nav2_core/share/nav2_core/cmake)
[5.946s] -- Found ament_lint_auto: 0.12.11 (/opt/ros/humble/share/ament_lint_auto/cmake)
[5.947s] -- Found ament_cmake_gtest: 1.3.10 (/opt/ros/humble/share/ament_cmake_gtest/cmake)
[5.958s] -- Found gtest sources under '/opt/ros/humble/src/gtest_vendor': C++ tests using 'Google Test' will be built
[6.082s] -- Added test 'copyright' to check source files copyright and LICENSE
[6.085s] -- Added test 'cppcheck' to perform static code analysis on C / C++ code
[6.090s] -- Configured cppcheck include dirs: /home/pierres/COURS/slamnav/src/navigation2/nav2_waypoint_follower/include
[6.090s] -- Configured cppcheck exclude dirs and/or files: 
[6.090s] -- Added test 'cpplint' to check C / C++ code against the Google style
[6.090s] -- Configured cpplint exclude dirs and/or files: 
[6.092s] -- Added test 'lint_cmake' to check CMake code style
[6.095s] -- Added test 'uncrustify' to check C / C++ code style
[6.096s] -- Configured uncrustify additional arguments: 
[6.098s] -- Added test 'xmllint' to check XML markup files
[6.107s] -- Configuring done
[7.837s] -- Generating done
[7.853s] -- Build files have been written to: /home/pierres/COURS/slamnav/build/nav2_waypoint_follower
[7.971s] Invoked command in '/home/pierres/COURS/slamnav/build/nav2_waypoint_follower' returned '0': AMENT_PREFIX_PATH=/home/pierres/COURS/slamnav/install/nav2_core:/home/pierres/COURS/slamnav/install/nav2_costmap_2d:/home/pierres/COURS/slamnav/install/nav2_map_server:/home/pierres/COURS/slamnav/install/nav2_lifecycle_manager:/home/pierres/COURS/slamnav/install/nav2_util:/home/pierres/COURS/slamnav/install/nav2_voxel_grid:/home/pierres/COURS/slamnav/install/nav2_msgs:/home/pierres/COURS/slamnav/install/nav2_common:${AMENT_PREFIX_PATH} CMAKE_PREFIX_PATH=/home/pierres/COURS/slamnav/install/nav2_core:/home/pierres/COURS/slamnav/install/nav2_costmap_2d:/home/pierres/COURS/slamnav/install/nav2_map_server:/home/pierres/COURS/slamnav/install/nav2_lifecycle_manager:/home/pierres/COURS/slamnav/install/nav2_util:/home/pierres/COURS/slamnav/install/nav2_voxel_grid:/home/pierres/COURS/slamnav/install/nav2_msgs:/home/pierres/COURS/slamnav/install/nav2_common:/home/pierres/COURS/slamnav/install/slam_toolbox:/opt/ros/humble:/home/pierres/COURS/slamnav/install/slamnav_turtlebot LD_LIBRARY_PATH=/home/pierres/COURS/slamnav/install/nav2_costmap_2d/lib:/home/pierres/COURS/slamnav/install/nav2_map_server/lib:/home/pierres/COURS/slamnav/install/nav2_lifecycle_manager/lib:/home/pierres/COURS/slamnav/install/nav2_util/lib:/home/pierres/COURS/slamnav/install/nav2_voxel_grid/lib:/home/pierres/COURS/slamnav/install/nav2_msgs/lib:${LD_LIBRARY_PATH} PYTHONPATH=/home/pierres/COURS/slamnav/install/nav2_msgs/local/lib/python3.10/dist-packages:/home/pierres/COURS/slamnav/install/nav2_common/local/lib/python3.10/dist-packages:${PYTHONPATH} /usr/bin/cmake /home/pierres/COURS/slamnav/src/navigation2/nav2_waypoint_follower -DCMAKE_BUILD_TYPE=Humble -DAMENT_CMAKE_SYMLINK_INSTALL=1 -DCMAKE_INSTALL_PREFIX=/home/pierres/COURS/slamnav/install/nav2_waypoint_follower
[7.972s] Invoking command in '/home/pierres/COURS/slamnav/build/nav2_waypoint_follower': AMENT_PREFIX_PATH=/home/pierres/COURS/slamnav/install/nav2_core:/home/pierres/COURS/slamnav/install/nav2_costmap_2d:/home/pierres/COURS/slamnav/install/nav2_map_server:/home/pierres/COURS/slamnav/install/nav2_lifecycle_manager:/home/pierres/COURS/slamnav/install/nav2_util:/home/pierres/COURS/slamnav/install/nav2_voxel_grid:/home/pierres/COURS/slamnav/install/nav2_msgs:/home/pierres/COURS/slamnav/install/nav2_common:${AMENT_PREFIX_PATH} CMAKE_PREFIX_PATH=/home/pierres/COURS/slamnav/install/nav2_core:/home/pierres/COURS/slamnav/install/nav2_costmap_2d:/home/pierres/COURS/slamnav/install/nav2_map_server:/home/pierres/COURS/slamnav/install/nav2_lifecycle_manager:/home/pierres/COURS/slamnav/install/nav2_util:/home/pierres/COURS/slamnav/install/nav2_voxel_grid:/home/pierres/COURS/slamnav/install/nav2_msgs:/home/pierres/COURS/slamnav/install/nav2_common:/home/pierres/COURS/slamnav/install/slam_toolbox:/opt/ros/humble:/home/pierres/COURS/slamnav/install/slamnav_turtlebot LD_LIBRARY_PATH=/home/pierres/COURS/slamnav/install/nav2_costmap_2d/lib:/home/pierres/COURS/slamnav/install/nav2_map_server/lib:/home/pierres/COURS/slamnav/install/nav2_lifecycle_manager/lib:/home/pierres/COURS/slamnav/install/nav2_util/lib:/home/pierres/COURS/slamnav/install/nav2_voxel_grid/lib:/home/pierres/COURS/slamnav/install/nav2_msgs/lib:${LD_LIBRARY_PATH} PYTHONPATH=/home/pierres/COURS/slamnav/install/nav2_msgs/local/lib/python3.10/dist-packages:/home/pierres/COURS/slamnav/install/nav2_common/local/lib/python3.10/dist-packages:${PYTHONPATH} /usr/bin/cmake --build /home/pierres/COURS/slamnav/build/nav2_waypoint_follower -- -j16 -l16
[29.398s] [  5%] [32mBuilding CXX object CMakeFiles/input_at_waypoint.dir/plugins/input_at_waypoint.cpp.o[0m
[29.399s] [ 11%] [32mBuilding CXX object CMakeFiles/photo_at_waypoint.dir/plugins/photo_at_waypoint.cpp.o[0m
[29.400s] [ 16%] [32mBuilding CXX object CMakeFiles/wait_at_waypoint.dir/plugins/wait_at_waypoint.cpp.o[0m
[29.404s] [ 22%] [32mBuilding CXX object CMakeFiles/waypoint_follower_core.dir/src/waypoint_follower.cpp.o[0m
[29.405s] [ 27%] [32m[1mLinking CXX shared library libwait_at_waypoint.so[0m
[29.406s] [ 27%] Built target wait_at_waypoint
[36.030s] [ 33%] [32m[1mLinking CXX shared library libwaypoint_follower_core.so[0m
[37.052s] [ 38%] [32m[1mLinking CXX shared library libinput_at_waypoint.so[0m
[39.188s] [ 38%] Built target input_at_waypoint
[39.283s] [ 38%] Built target waypoint_follower_core
[39.427s] [ 44%] [32m[1mLinking CXX shared library libphoto_at_waypoint.so[0m
[41.595s] [ 44%] Built target photo_at_waypoint
[41.641s] [ 50%] [32mBuilding CXX object CMakeFiles/waypoint_follower.dir/src/main.cpp.o[0m
[49.072s] [ 55%] [32m[1mLinking CXX executable waypoint_follower[0m
[49.975s] [ 55%] Built target waypoint_follower
[49.998s] [ 61%] [32mBuilding CXX object gtest/CMakeFiles/gtest.dir/src/gtest-all.cc.o[0m
[53.263s] [ 66%] [32m[1mLinking CXX static library libgtest.a[0m
[53.346s] [ 66%] Built target gtest
[53.373s] [ 72%] [32mBuilding CXX object gtest/CMakeFiles/gtest_main.dir/src/gtest_main.cc.o[0m
[54.276s] [ 77%] [32m[1mLinking CXX static library libgtest_main.a[0m
[54.319s] [ 77%] Built target gtest_main
[54.357s] [ 83%] [32mBuilding CXX object test/CMakeFiles/test_task_executors.dir/test_task_executors.cpp.o[0m
[65.632s] [ 88%] [32m[1mLinking CXX executable test_task_executors[0m
[68.059s] [ 88%] Built target test_task_executors
[68.083s] [ 94%] [32mBuilding CXX object test/CMakeFiles/test_dynamic_parameters.dir/test_dynamic_parameters.cpp.o[0m
[72.802s] [100%] [32m[1mLinking CXX executable test_dynamic_parameters[0m
[74.334s] [100%] Built target test_dynamic_parameters
[74.346s] Invoked command in '/home/pierres/COURS/slamnav/build/nav2_waypoint_follower' returned '0': AMENT_PREFIX_PATH=/home/pierres/COURS/slamnav/install/nav2_core:/home/pierres/COURS/slamnav/install/nav2_costmap_2d:/home/pierres/COURS/slamnav/install/nav2_map_server:/home/pierres/COURS/slamnav/install/nav2_lifecycle_manager:/home/pierres/COURS/slamnav/install/nav2_util:/home/pierres/COURS/slamnav/install/nav2_voxel_grid:/home/pierres/COURS/slamnav/install/nav2_msgs:/home/pierres/COURS/slamnav/install/nav2_common:${AMENT_PREFIX_PATH} CMAKE_PREFIX_PATH=/home/pierres/COURS/slamnav/install/nav2_core:/home/pierres/COURS/slamnav/install/nav2_costmap_2d:/home/pierres/COURS/slamnav/install/nav2_map_server:/home/pierres/COURS/slamnav/install/nav2_lifecycle_manager:/home/pierres/COURS/slamnav/install/nav2_util:/home/pierres/COURS/slamnav/install/nav2_voxel_grid:/home/pierres/COURS/slamnav/install/nav2_msgs:/home/pierres/COURS/slamnav/install/nav2_common:/home/pierres/COURS/slamnav/install/slam_toolbox:/opt/ros/humble:/home/pierres/COURS/slamnav/install/slamnav_turtlebot LD_LIBRARY_PATH=/home/pierres/COURS/slamnav/install/nav2_costmap_2d/lib:/home/pierres/COURS/slamnav/install/nav2_map_server/lib:/home/pierres/COURS/slamnav/install/nav2_lifecycle_manager/lib:/home/pierres/COURS/slamnav/install/nav2_util/lib:/home/pierres/COURS/slamnav/install/nav2_voxel_grid/lib:/home/pierres/COURS/slamnav/install/nav2_msgs/lib:${LD_LIBRARY_PATH} PYTHONPATH=/home/pierres/COURS/slamnav/install/nav2_msgs/local/lib/python3.10/dist-packages:/home/pierres/COURS/slamnav/install/nav2_common/local/lib/python3.10/dist-packages:${PYTHONPATH} /usr/bin/cmake --build /home/pierres/COURS/slamnav/build/nav2_waypoint_follower -- -j16 -l16
[74.382s] Invoking command in '/home/pierres/COURS/slamnav/build/nav2_waypoint_follower': AMENT_PREFIX_PATH=/home/pierres/COURS/slamnav/install/nav2_core:/home/pierres/COURS/slamnav/install/nav2_costmap_2d:/home/pierres/COURS/slamnav/install/nav2_map_server:/home/pierres/COURS/slamnav/install/nav2_lifecycle_manager:/home/pierres/COURS/slamnav/install/nav2_util:/home/pierres/COURS/slamnav/install/nav2_voxel_grid:/home/pierres/COURS/slamnav/install/nav2_msgs:/home/pierres/COURS/slamnav/install/nav2_common:${AMENT_PREFIX_PATH} CMAKE_PREFIX_PATH=/home/pierres/COURS/slamnav/install/nav2_core:/home/pierres/COURS/slamnav/install/nav2_costmap_2d:/home/pierres/COURS/slamnav/install/nav2_map_server:/home/pierres/COURS/slamnav/install/nav2_lifecycle_manager:/home/pierres/COURS/slamnav/install/nav2_util:/home/pierres/COURS/slamnav/install/nav2_voxel_grid:/home/pierres/COURS/slamnav/install/nav2_msgs:/home/pierres/COURS/slamnav/install/nav2_common:/home/pierres/COURS/slamnav/install/slam_toolbox:/opt/ros/humble:/home/pierres/COURS/slamnav/install/slamnav_turtlebot LD_LIBRARY_PATH=/home/pierres/COURS/slamnav/install/nav2_costmap_2d/lib:/home/pierres/COURS/slamnav/install/nav2_map_server/lib:/home/pierres/COURS/slamnav/install/nav2_lifecycle_manager/lib:/home/pierres/COURS/slamnav/install/nav2_util/lib:/home/pierres/COURS/slamnav/install/nav2_voxel_grid/lib:/home/pierres/COURS/slamnav/install/nav2_msgs/lib:${LD_LIBRARY_PATH} PYTHONPATH=/home/pierres/COURS/slamnav/install/nav2_msgs/local/lib/python3.10/dist-packages:/home/pierres/COURS/slamnav/install/nav2_common/local/lib/python3.10/dist-packages:${PYTHONPATH} /usr/bin/cmake --install /home/pierres/COURS/slamnav/build/nav2_waypoint_follower
[74.389s] -- Install configuration: "Humble"
[74.390s] -- Execute custom install script
[74.391s] -- Symlinking: /home/pierres/COURS/slamnav/install/nav2_waypoint_follower/lib/libwaypoint_follower_core.so
[74.404s] -- Symlinking: /home/pierres/COURS/slamnav/install/nav2_waypoint_follower/lib/libwait_at_waypoint.so
[74.412s] -- Symlinking: /home/pierres/COURS/slamnav/install/nav2_waypoint_follower/lib/libphoto_at_waypoint.so
[74.420s] -- Symlinking: /home/pierres/COURS/slamnav/install/nav2_waypoint_follower/lib/libinput_at_waypoint.so
[74.431s] -- Symlinking: /home/pierres/COURS/slamnav/install/nav2_waypoint_follower/lib/nav2_waypoint_follower/waypoint_follower
[74.442s] -- Symlinking: /home/pierres/COURS/slamnav/install/nav2_waypoint_follower/include//nav2_waypoint_follower/plugins/input_at_waypoint.hpp
[74.450s] -- Symlinking: /home/pierres/COURS/slamnav/install/nav2_waypoint_follower/include//nav2_waypoint_follower/plugins/photo_at_waypoint.hpp
[74.459s] -- Symlinking: /home/pierres/COURS/slamnav/install/nav2_waypoint_follower/include//nav2_waypoint_follower/plugins/wait_at_waypoint.hpp
[74.467s] -- Symlinking: /home/pierres/COURS/slamnav/install/nav2_waypoint_follower/include//nav2_waypoint_follower/waypoint_follower.hpp
[74.476s] -- Symlinking: /home/pierres/COURS/slamnav/install/nav2_waypoint_follower/share/nav2_waypoint_follower/environment/library_path.sh
[74.489s] -- Symlinking: /home/pierres/COURS/slamnav/install/nav2_waypoint_follower/share/nav2_waypoint_follower/environment/library_path.dsv
[74.498s] -- Symlinking: /home/pierres/COURS/slamnav/install/nav2_waypoint_follower/share/nav2_waypoint_follower//plugins.xml
[74.508s] -- Symlinking: /home/pierres/COURS/slamnav/install/nav2_waypoint_follower/share/ament_index/resource_index/package_run_dependencies/nav2_waypoint_follower
[74.520s] -- Symlinking: /home/pierres/COURS/slamnav/install/nav2_waypoint_follower/share/ament_index/resource_index/parent_prefix_path/nav2_waypoint_follower
[74.533s] -- Symlinking: /home/pierres/COURS/slamnav/install/nav2_waypoint_follower/share/nav2_waypoint_follower/environment/ament_prefix_path.sh
[74.546s] -- Symlinking: /home/pierres/COURS/slamnav/install/nav2_waypoint_follower/share/nav2_waypoint_follower/environment/ament_prefix_path.dsv
[74.559s] -- Symlinking: /home/pierres/COURS/slamnav/install/nav2_waypoint_follower/share/nav2_waypoint_follower/environment/path.sh
[74.572s] -- Symlinking: /home/pierres/COURS/slamnav/install/nav2_waypoint_follower/share/nav2_waypoint_follower/environment/path.dsv
[74.586s] -- Symlinking: /home/pierres/COURS/slamnav/install/nav2_waypoint_follower/share/nav2_waypoint_follower/local_setup.bash
[74.599s] -- Symlinking: /home/pierres/COURS/slamnav/install/nav2_waypoint_follower/share/nav2_waypoint_follower/local_setup.sh
[74.612s] -- Symlinking: /home/pierres/COURS/slamnav/install/nav2_waypoint_follower/share/nav2_waypoint_follower/local_setup.zsh
[74.624s] -- Symlinking: /home/pierres/COURS/slamnav/install/nav2_waypoint_follower/share/nav2_waypoint_follower/local_setup.dsv
[74.637s] -- Symlinking: /home/pierres/COURS/slamnav/install/nav2_waypoint_follower/share/nav2_waypoint_follower/package.dsv
[74.650s] -- Symlinking: /home/pierres/COURS/slamnav/install/nav2_waypoint_follower/share/ament_index/resource_index/packages/nav2_waypoint_follower
[74.664s] -- Symlinking: /home/pierres/COURS/slamnav/install/nav2_waypoint_follower/share/ament_index/resource_index/nav2_waypoint_follower__pluginlib__plugin/nav2_waypoint_follower
[74.678s] -- Symlinking: /home/pierres/COURS/slamnav/install/nav2_waypoint_follower/share/ament_index/resource_index/rclcpp_components/nav2_waypoint_follower
[74.691s] -- Symlinking: /home/pierres/COURS/slamnav/install/nav2_waypoint_follower/share/nav2_waypoint_follower/cmake/ament_cmake_export_include_directories-extras.cmake
[74.705s] -- Symlinking: /home/pierres/COURS/slamnav/install/nav2_waypoint_follower/share/nav2_waypoint_follower/cmake/ament_cmake_export_libraries-extras.cmake
[74.718s] -- Symlinking: /home/pierres/COURS/slamnav/install/nav2_waypoint_follower/share/nav2_waypoint_follower/cmake/ament_cmake_export_dependencies-extras.cmake
[74.733s] -- Symlinking: /home/pierres/COURS/slamnav/install/nav2_waypoint_follower/share/nav2_waypoint_follower/cmake/nav2_waypoint_followerConfig.cmake
[74.746s] -- Symlinking: /home/pierres/COURS/slamnav/install/nav2_waypoint_follower/share/nav2_waypoint_follower/cmake/nav2_waypoint_followerConfig-version.cmake
[74.759s] -- Symlinking: /home/pierres/COURS/slamnav/install/nav2_waypoint_follower/share/nav2_waypoint_follower/package.xml
[74.776s] Invoked command in '/home/pierres/COURS/slamnav/build/nav2_waypoint_follower' returned '0': AMENT_PREFIX_PATH=/home/pierres/COURS/slamnav/install/nav2_core:/home/pierres/COURS/slamnav/install/nav2_costmap_2d:/home/pierres/COURS/slamnav/install/nav2_map_server:/home/pierres/COURS/slamnav/install/nav2_lifecycle_manager:/home/pierres/COURS/slamnav/install/nav2_util:/home/pierres/COURS/slamnav/install/nav2_voxel_grid:/home/pierres/COURS/slamnav/install/nav2_msgs:/home/pierres/COURS/slamnav/install/nav2_common:${AMENT_PREFIX_PATH} CMAKE_PREFIX_PATH=/home/pierres/COURS/slamnav/install/nav2_core:/home/pierres/COURS/slamnav/install/nav2_costmap_2d:/home/pierres/COURS/slamnav/install/nav2_map_server:/home/pierres/COURS/slamnav/install/nav2_lifecycle_manager:/home/pierres/COURS/slamnav/install/nav2_util:/home/pierres/COURS/slamnav/install/nav2_voxel_grid:/home/pierres/COURS/slamnav/install/nav2_msgs:/home/pierres/COURS/slamnav/install/nav2_common:/home/pierres/COURS/slamnav/install/slam_toolbox:/opt/ros/humble:/home/pierres/COURS/slamnav/install/slamnav_turtlebot LD_LIBRARY_PATH=/home/pierres/COURS/slamnav/install/nav2_costmap_2d/lib:/home/pierres/COURS/slamnav/install/nav2_map_server/lib:/home/pierres/COURS/slamnav/install/nav2_lifecycle_manager/lib:/home/pierres/COURS/slamnav/install/nav2_util/lib:/home/pierres/COURS/slamnav/install/nav2_voxel_grid/lib:/home/pierres/COURS/slamnav/install/nav2_msgs/lib:${LD_LIBRARY_PATH} PYTHONPATH=/home/pierres/COURS/slamnav/install/nav2_msgs/local/lib/python3.10/dist-packages:/home/pierres/COURS/slamnav/install/nav2_common/local/lib/python3.10/dist-packages:${PYTHONPATH} /usr/bin/cmake --install /home/pierres/COURS/slamnav/build/nav2_waypoint_follower
