[0.018s] Invoking command in '/home/pierres/COURS/slamnav/build/nav2_map_server': AMENT_PREFIX_PATH=/home/pierres/COURS/slamnav/install/nav2_util:/home/pierres/COURS/slamnav/install/nav2_msgs:/home/pierres/COURS/slamnav/install/nav2_common:${AMENT_PREFIX_PATH} CMAKE_PREFIX_PATH=/home/pierres/COURS/slamnav/install/nav2_util:/home/pierres/COURS/slamnav/install/nav2_msgs:/home/pierres/COURS/slamnav/install/nav2_common:/home/pierres/COURS/slamnav/install/slam_toolbox:/opt/ros/humble:/home/pierres/COURS/slamnav/install/slamnav_turtlebot LD_LIBRARY_PATH=/home/pierres/COURS/slamnav/install/nav2_util/lib:/home/pierres/COURS/slamnav/install/nav2_msgs/lib:${LD_LIBRARY_PATH} PYTHONPATH=/home/pierres/COURS/slamnav/install/nav2_msgs/local/lib/python3.10/dist-packages:/home/pierres/COURS/slamnav/install/nav2_common/local/lib/python3.10/dist-packages:${PYTHONPATH} /usr/bin/cmake /home/pierres/COURS/slamnav/src/navigation2/nav2_map_server -DCMAKE_BUILD_TYPE=Humble -DAMENT_CMAKE_SYMLINK_INSTALL=1 -DCMAKE_INSTALL_PREFIX=/home/pierres/COURS/slamnav/install/nav2_map_server
[0.070s] -- The C compiler identification is GNU 11.4.0
[0.127s] -- The CXX compiler identification is GNU 11.4.0
[0.136s] -- Detecting C compiler ABI info
[0.194s] -- Detecting C compiler ABI info - done
[0.199s] -- Check for working C compiler: /usr/bin/cc - skipped
[0.199s] -- Detecting C compile features
[0.199s] -- Detecting C compile features - done
[0.201s] -- Detecting CXX compiler ABI info
[0.270s] -- Detecting CXX compiler ABI info - done
[0.275s] -- Check for working CXX compiler: /usr/bin/c++ - skipped
[0.275s] -- Detecting CXX compile features
[0.275s] -- Detecting CXX compile features - done
[0.277s] -- Found ament_cmake: 1.3.10 (/opt/ros/humble/share/ament_cmake/cmake)
[0.408s] -- Found Python3: /usr/bin/python3 (found version "3.10.12") found components: Interpreter 
[0.457s] -- Override CMake install command with custom implementation using symlinks instead of copying resources
[0.476s] -- Found nav2_common: 1.1.16 (/home/pierres/COURS/slamnav/install/nav2_common/share/nav2_common/cmake)
[0.478s] -- Found rclcpp: 16.0.10 (/opt/ros/humble/share/rclcpp/cmake)
[0.515s] -- Found rosidl_generator_c: 3.1.5 (/opt/ros/humble/share/rosidl_generator_c/cmake)
[0.518s] -- Found rosidl_adapter: 3.1.5 (/opt/ros/humble/share/rosidl_adapter/cmake)
[0.524s] -- Found rosidl_generator_cpp: 3.1.5 (/opt/ros/humble/share/rosidl_generator_cpp/cmake)
[0.532s] -- Using all available rosidl_typesupport_c: rosidl_typesupport_fastrtps_c;rosidl_typesupport_introspection_c
[0.543s] -- Using all available rosidl_typesupport_cpp: rosidl_typesupport_fastrtps_cpp;rosidl_typesupport_introspection_cpp
[0.572s] -- Found rmw_implementation_cmake: 6.1.2 (/opt/ros/humble/share/rmw_implementation_cmake/cmake)
[0.574s] -- Found rmw_cyclonedds_cpp: 1.3.4 (/opt/ros/humble/share/rmw_cyclonedds_cpp/cmake)
[0.588s] -- Using RMW implementation 'rmw_cyclonedds_cpp' as default
[0.594s] -- Looking for pthread.h
[0.673s] -- Looking for pthread.h - found
[0.673s] -- Performing Test CMAKE_HAVE_LIBC_PTHREAD
[0.743s] -- Performing Test CMAKE_HAVE_LIBC_PTHREAD - Success
[0.744s] -- Found Threads: TRUE  
[0.780s] -- Found rclcpp_lifecycle: 16.0.10 (/opt/ros/humble/share/rclcpp_lifecycle/cmake)
[0.794s] -- Found rclcpp_components: 16.0.10 (/opt/ros/humble/share/rclcpp_components/cmake)
[0.812s] -- Found nav_msgs: 4.2.4 (/opt/ros/humble/share/nav_msgs/cmake)
[0.832s] -- Found nav2_msgs: 1.1.16 (/home/pierres/COURS/slamnav/install/nav2_msgs/share/nav2_msgs/cmake)
[0.864s] -- Found yaml_cpp_vendor: 8.0.2 (/opt/ros/humble/share/yaml_cpp_vendor/cmake)
[0.867s] -- Found tf2: 0.25.8 (/opt/ros/humble/share/tf2/cmake)
[0.869s] -- Found nav2_util: 1.1.16 (/home/pierres/COURS/slamnav/install/nav2_util/share/nav2_util/cmake)
[0.910s] -- Found eigen3_cmake_module: 0.1.1 (/opt/ros/humble/share/eigen3_cmake_module/cmake)
[0.911s] -- Found Eigen3: TRUE (found version "3.4.0") 
[0.911s] -- Ensuring Eigen3 include directory is part of orocos-kdl CMake target
[0.934s] -- Found GRAPHICSMAGICKCPP: /usr/include/GraphicsMagick  
[1.010s] -- Found ament_lint_auto: 0.12.11 (/opt/ros/humble/share/ament_lint_auto/cmake)
[1.111s] -- Found gtest sources under '/opt/ros/humble/src/gtest_vendor': C++ tests using 'Google Test' will be built
[1.116s] -- Found gtest sources under '/opt/ros/humble/src/gtest_vendor': C++ tests using 'Google Test' will be built
[1.120s] -- Found gtest sources under '/opt/ros/humble/src/gtest_vendor': C++ tests using 'Google Test' will be built
[1.128s] -- Added test 'cppcheck' to perform static code analysis on C / C++ code
[1.128s] -- Configured cppcheck include dirs: /home/pierres/COURS/slamnav/src/navigation2/nav2_map_server/include
[1.128s] -- Configured cppcheck exclude dirs and/or files: 
[1.130s] -- Added test 'cpplint' to check C / C++ code against the Google style
[1.130s] -- Configured cpplint exclude dirs and/or files: 
[1.130s] -- Added test 'flake8' to check Python code syntax and style conventions
[1.131s] -- Added test 'lint_cmake' to check CMake code style
[1.131s] -- Added test 'pep257' to check Python code against some of the docstring style conventions in PEP 257
[1.132s] -- Added test 'uncrustify' to check C / C++ code style
[1.132s] -- Configured uncrustify additional arguments: 
[1.133s] -- Added test 'xmllint' to check XML markup files
[1.135s] -- Configuring done
[1.411s] -- Generating done
[1.413s] -- Build files have been written to: /home/pierres/COURS/slamnav/build/nav2_map_server
[1.441s] Invoked command in '/home/pierres/COURS/slamnav/build/nav2_map_server' returned '0': AMENT_PREFIX_PATH=/home/pierres/COURS/slamnav/install/nav2_util:/home/pierres/COURS/slamnav/install/nav2_msgs:/home/pierres/COURS/slamnav/install/nav2_common:${AMENT_PREFIX_PATH} CMAKE_PREFIX_PATH=/home/pierres/COURS/slamnav/install/nav2_util:/home/pierres/COURS/slamnav/install/nav2_msgs:/home/pierres/COURS/slamnav/install/nav2_common:/home/pierres/COURS/slamnav/install/slam_toolbox:/opt/ros/humble:/home/pierres/COURS/slamnav/install/slamnav_turtlebot LD_LIBRARY_PATH=/home/pierres/COURS/slamnav/install/nav2_util/lib:/home/pierres/COURS/slamnav/install/nav2_msgs/lib:${LD_LIBRARY_PATH} PYTHONPATH=/home/pierres/COURS/slamnav/install/nav2_msgs/local/lib/python3.10/dist-packages:/home/pierres/COURS/slamnav/install/nav2_common/local/lib/python3.10/dist-packages:${PYTHONPATH} /usr/bin/cmake /home/pierres/COURS/slamnav/src/navigation2/nav2_map_server -DCMAKE_BUILD_TYPE=Humble -DAMENT_CMAKE_SYMLINK_INSTALL=1 -DCMAKE_INSTALL_PREFIX=/home/pierres/COURS/slamnav/install/nav2_map_server
[1.442s] Invoking command in '/home/pierres/COURS/slamnav/build/nav2_map_server': AMENT_PREFIX_PATH=/home/pierres/COURS/slamnav/install/nav2_util:/home/pierres/COURS/slamnav/install/nav2_msgs:/home/pierres/COURS/slamnav/install/nav2_common:${AMENT_PREFIX_PATH} CMAKE_PREFIX_PATH=/home/pierres/COURS/slamnav/install/nav2_util:/home/pierres/COURS/slamnav/install/nav2_msgs:/home/pierres/COURS/slamnav/install/nav2_common:/home/pierres/COURS/slamnav/install/slam_toolbox:/opt/ros/humble:/home/pierres/COURS/slamnav/install/slamnav_turtlebot LD_LIBRARY_PATH=/home/pierres/COURS/slamnav/install/nav2_util/lib:/home/pierres/COURS/slamnav/install/nav2_msgs/lib:${LD_LIBRARY_PATH} PYTHONPATH=/home/pierres/COURS/slamnav/install/nav2_msgs/local/lib/python3.10/dist-packages:/home/pierres/COURS/slamnav/install/nav2_common/local/lib/python3.10/dist-packages:${PYTHONPATH} /usr/bin/cmake --build /home/pierres/COURS/slamnav/build/nav2_map_server -- -j16 -l16
[1.496s] [  2%] [32mBuilding CXX object gtest/CMakeFiles/gtest_main.dir/src/gtest_main.cc.o[0m
[1.498s] [  5%] [32mBuilding CXX object CMakeFiles/map_io.dir/src/map_mode.cpp.o[0m
[1.505s] [ 11%] [32mBuilding CXX object CMakeFiles/map_io.dir/src/map_io.cpp.o[0m
[1.505s] [ 11%] [32mBuilding CXX object gtest/CMakeFiles/gtest.dir/src/gtest-all.cc.o[0m
[3.020s] [ 13%] [32m[1mLinking CXX static library libgtest_main.a[0m
[3.066s] [ 13%] Built target gtest_main
[5.640s] [ 16%] [32m[1mLinking CXX static library libgtest.a[0m
[5.689s] [ 16%] Built target gtest
[5.708s] [ 19%] [32mBuilding CXX object test/map_saver_cli/CMakeFiles/test_map_saver_cli.dir/test_map_saver_cli.cpp.o[0m
[5.710s] [ 22%] [32mBuilding CXX object test/map_saver_cli/CMakeFiles/test_map_saver_cli.dir/__/test_constants.cpp.o[0m
[6.722s] [ 25%] [32m[1mLinking CXX shared library libmap_io.so[0m
[6.955s] [ 25%] Built target map_io
[6.976s] [ 27%] [32mBuilding CXX object test/unit/CMakeFiles/test_map_io.dir/test_map_io.cpp.o[0m
[6.977s] [ 30%] [32mBuilding CXX object test/unit/CMakeFiles/test_map_io.dir/__/test_constants.cpp.o[0m
[6.979s] [ 38%] [32mBuilding CXX object CMakeFiles/map_server_core.dir/src/costmap_filter_info/costmap_filter_info_server.cpp.o[0m
[6.980s] [ 38%] [32mBuilding CXX object CMakeFiles/map_server_core.dir/src/map_saver/map_saver.cpp.o[0m
[6.980s] [ 38%] [32mBuilding CXX object test/component/CMakeFiles/test_map_saver_publisher.dir/__/test_constants.cpp.o[0m
[6.981s] [ 41%] [32mBuilding CXX object CMakeFiles/map_server_core.dir/src/map_server/map_server.cpp.o[0m
[6.981s] [ 44%] [32mBuilding CXX object test/component/CMakeFiles/test_map_saver_publisher.dir/test_map_saver_publisher.cpp.o[0m
[14.849s] [ 47%] [32m[1mLinking CXX executable test_map_io[0m
[16.114s] [ 47%] Built target test_map_io
[16.246s] [ 50%] [32m[1mLinking CXX executable test_map_saver_cli[0m
[16.966s] [ 50%] Built target test_map_saver_cli
[17.809s] [ 52%] [32m[1mLinking CXX executable test_map_saver_publisher[0m
[18.702s] [ 52%] Built target test_map_saver_publisher
[32.255s] [ 55%] [32m[1mLinking CXX shared library libmap_server_core.so[0m
[35.353s] [ 55%] Built target map_server_core
[35.421s] [ 58%] [32mBuilding CXX object CMakeFiles/map_server.dir/src/map_server/main.cpp.o[0m
[35.442s] [ 61%] [32mBuilding CXX object CMakeFiles/map_saver_cli.dir/src/map_saver/main_cli.cpp.o[0m
[35.449s] [ 63%] [32mBuilding CXX object CMakeFiles/map_saver_server.dir/src/map_saver/main_server.cpp.o[0m
[35.449s] [ 69%] [32mBuilding CXX object test/unit/CMakeFiles/test_costmap_filter_info_server.dir/test_costmap_filter_info_server.cpp.o[0m
[35.453s] [ 72%] [32mBuilding CXX object test/component/CMakeFiles/test_map_saver_node.dir/test_map_saver_node.cpp.o[0m
[35.453s] [ 69%] [32mBuilding CXX object test/component/CMakeFiles/test_map_saver_node.dir/__/test_constants.cpp.o[0m
[35.461s] [ 75%] [32mBuilding CXX object test/component/CMakeFiles/test_map_server_node.dir/test_map_server_node.cpp.o[0m
[35.463s] [ 77%] [32mBuilding CXX object CMakeFiles/costmap_filter_info_server.dir/src/costmap_filter_info/main.cpp.o[0m
[35.471s] [ 80%] [32mBuilding CXX object test/component/CMakeFiles/test_map_server_node.dir/__/test_constants.cpp.o[0m
[45.364s] [ 83%] [32m[1mLinking CXX executable map_saver_cli[0m
[46.093s] [ 86%] [32m[1mLinking CXX executable costmap_filter_info_server[0m
[47.153s] [ 88%] [32m[1mLinking CXX executable map_server[0m
[47.317s] [ 91%] [32m[1mLinking CXX executable map_saver_server[0m
[47.602s] [ 91%] Built target costmap_filter_info_server
[47.700s] [ 91%] Built target map_saver_cli
[49.005s] [ 91%] Built target map_server
[49.344s] [ 91%] Built target map_saver_server
[51.470s] [ 94%] [32m[1mLinking CXX executable test_map_saver_node[0m
[53.154s] [ 94%] Built target test_map_saver_node
[54.506s] [ 97%] [32m[1mLinking CXX executable test_map_server_node[0m
[56.352s] [ 97%] Built target test_map_server_node
[56.926s] [100%] [32m[1mLinking CXX executable test_costmap_filter_info_server[0m
[60.560s] [100%] Built target test_costmap_filter_info_server
[60.604s] Invoked command in '/home/pierres/COURS/slamnav/build/nav2_map_server' returned '0': AMENT_PREFIX_PATH=/home/pierres/COURS/slamnav/install/nav2_util:/home/pierres/COURS/slamnav/install/nav2_msgs:/home/pierres/COURS/slamnav/install/nav2_common:${AMENT_PREFIX_PATH} CMAKE_PREFIX_PATH=/home/pierres/COURS/slamnav/install/nav2_util:/home/pierres/COURS/slamnav/install/nav2_msgs:/home/pierres/COURS/slamnav/install/nav2_common:/home/pierres/COURS/slamnav/install/slam_toolbox:/opt/ros/humble:/home/pierres/COURS/slamnav/install/slamnav_turtlebot LD_LIBRARY_PATH=/home/pierres/COURS/slamnav/install/nav2_util/lib:/home/pierres/COURS/slamnav/install/nav2_msgs/lib:${LD_LIBRARY_PATH} PYTHONPATH=/home/pierres/COURS/slamnav/install/nav2_msgs/local/lib/python3.10/dist-packages:/home/pierres/COURS/slamnav/install/nav2_common/local/lib/python3.10/dist-packages:${PYTHONPATH} /usr/bin/cmake --build /home/pierres/COURS/slamnav/build/nav2_map_server -- -j16 -l16
[60.774s] Invoking command in '/home/pierres/COURS/slamnav/build/nav2_map_server': AMENT_PREFIX_PATH=/home/pierres/COURS/slamnav/install/nav2_util:/home/pierres/COURS/slamnav/install/nav2_msgs:/home/pierres/COURS/slamnav/install/nav2_common:${AMENT_PREFIX_PATH} CMAKE_PREFIX_PATH=/home/pierres/COURS/slamnav/install/nav2_util:/home/pierres/COURS/slamnav/install/nav2_msgs:/home/pierres/COURS/slamnav/install/nav2_common:/home/pierres/COURS/slamnav/install/slam_toolbox:/opt/ros/humble:/home/pierres/COURS/slamnav/install/slamnav_turtlebot LD_LIBRARY_PATH=/home/pierres/COURS/slamnav/install/nav2_util/lib:/home/pierres/COURS/slamnav/install/nav2_msgs/lib:${LD_LIBRARY_PATH} PYTHONPATH=/home/pierres/COURS/slamnav/install/nav2_msgs/local/lib/python3.10/dist-packages:/home/pierres/COURS/slamnav/install/nav2_common/local/lib/python3.10/dist-packages:${PYTHONPATH} /usr/bin/cmake --install /home/pierres/COURS/slamnav/build/nav2_map_server
[60.788s] -- Install configuration: "Humble"
[60.789s] -- Execute custom install script
[60.793s] -- Symlinking: /home/pierres/COURS/slamnav/install/nav2_map_server/lib/libmap_server_core.so
[60.802s] -- Symlinking: /home/pierres/COURS/slamnav/install/nav2_map_server/lib/libmap_io.so
[60.815s] -- Symlinking: /home/pierres/COURS/slamnav/install/nav2_map_server/lib/nav2_map_server/map_server
[60.828s] -- Symlinking: /home/pierres/COURS/slamnav/install/nav2_map_server/lib/nav2_map_server/map_saver_cli
[60.840s] -- Symlinking: /home/pierres/COURS/slamnav/install/nav2_map_server/lib/nav2_map_server/map_saver_server
[60.856s] -- Symlinking: /home/pierres/COURS/slamnav/install/nav2_map_server/lib/nav2_map_server/costmap_filter_info_server
[60.871s] -- Symlinking: /home/pierres/COURS/slamnav/install/nav2_map_server/include//nav2_map_server/costmap_filter_info_server.hpp
[60.890s] -- Symlinking: /home/pierres/COURS/slamnav/install/nav2_map_server/include//nav2_map_server/map_io.hpp
[60.900s] -- Symlinking: /home/pierres/COURS/slamnav/install/nav2_map_server/include//nav2_map_server/map_mode.hpp
[60.915s] -- Symlinking: /home/pierres/COURS/slamnav/install/nav2_map_server/include//nav2_map_server/map_saver.hpp
[60.929s] -- Symlinking: /home/pierres/COURS/slamnav/install/nav2_map_server/include//nav2_map_server/map_server.hpp
[60.945s] -- Symlinking: /home/pierres/COURS/slamnav/install/nav2_map_server/share/nav2_map_server/launch/map_saver_server.launch.py
[60.961s] -- Symlinking: /home/pierres/COURS/slamnav/install/nav2_map_server/share/nav2_map_server/environment/library_path.sh
[60.975s] -- Symlinking: /home/pierres/COURS/slamnav/install/nav2_map_server/share/nav2_map_server/environment/library_path.dsv
[60.991s] -- Symlinking: /home/pierres/COURS/slamnav/install/nav2_map_server/share/ament_index/resource_index/package_run_dependencies/nav2_map_server
[61.006s] -- Symlinking: /home/pierres/COURS/slamnav/install/nav2_map_server/share/ament_index/resource_index/parent_prefix_path/nav2_map_server
[61.021s] -- Symlinking: /home/pierres/COURS/slamnav/install/nav2_map_server/share/nav2_map_server/environment/ament_prefix_path.sh
[61.036s] -- Symlinking: /home/pierres/COURS/slamnav/install/nav2_map_server/share/nav2_map_server/environment/ament_prefix_path.dsv
[61.054s] -- Symlinking: /home/pierres/COURS/slamnav/install/nav2_map_server/share/nav2_map_server/environment/path.sh
[61.065s] -- Symlinking: /home/pierres/COURS/slamnav/install/nav2_map_server/share/nav2_map_server/environment/path.dsv
[61.080s] -- Symlinking: /home/pierres/COURS/slamnav/install/nav2_map_server/share/nav2_map_server/local_setup.bash
[61.094s] -- Symlinking: /home/pierres/COURS/slamnav/install/nav2_map_server/share/nav2_map_server/local_setup.sh
[61.110s] -- Symlinking: /home/pierres/COURS/slamnav/install/nav2_map_server/share/nav2_map_server/local_setup.zsh
[61.128s] -- Symlinking: /home/pierres/COURS/slamnav/install/nav2_map_server/share/nav2_map_server/local_setup.dsv
[61.139s] -- Symlinking: /home/pierres/COURS/slamnav/install/nav2_map_server/share/nav2_map_server/package.dsv
[61.153s] -- Symlinking: /home/pierres/COURS/slamnav/install/nav2_map_server/share/ament_index/resource_index/packages/nav2_map_server
[61.169s] -- Symlinking: /home/pierres/COURS/slamnav/install/nav2_map_server/share/ament_index/resource_index/rclcpp_components/nav2_map_server
[61.183s] -- Symlinking: /home/pierres/COURS/slamnav/install/nav2_map_server/share/nav2_map_server/cmake/ament_cmake_export_include_directories-extras.cmake
[61.198s] -- Symlinking: /home/pierres/COURS/slamnav/install/nav2_map_server/share/nav2_map_server/cmake/ament_cmake_export_libraries-extras.cmake
[61.215s] -- Symlinking: /home/pierres/COURS/slamnav/install/nav2_map_server/share/nav2_map_server/cmake/ament_cmake_export_dependencies-extras.cmake
[61.227s] -- Symlinking: /home/pierres/COURS/slamnav/install/nav2_map_server/share/nav2_map_server/cmake/nav2_map_serverConfig.cmake
[61.242s] -- Symlinking: /home/pierres/COURS/slamnav/install/nav2_map_server/share/nav2_map_server/cmake/nav2_map_serverConfig-version.cmake
[61.257s] -- Symlinking: /home/pierres/COURS/slamnav/install/nav2_map_server/share/nav2_map_server/package.xml
[61.276s] Invoked command in '/home/pierres/COURS/slamnav/build/nav2_map_server' returned '0': AMENT_PREFIX_PATH=/home/pierres/COURS/slamnav/install/nav2_util:/home/pierres/COURS/slamnav/install/nav2_msgs:/home/pierres/COURS/slamnav/install/nav2_common:${AMENT_PREFIX_PATH} CMAKE_PREFIX_PATH=/home/pierres/COURS/slamnav/install/nav2_util:/home/pierres/COURS/slamnav/install/nav2_msgs:/home/pierres/COURS/slamnav/install/nav2_common:/home/pierres/COURS/slamnav/install/slam_toolbox:/opt/ros/humble:/home/pierres/COURS/slamnav/install/slamnav_turtlebot LD_LIBRARY_PATH=/home/pierres/COURS/slamnav/install/nav2_util/lib:/home/pierres/COURS/slamnav/install/nav2_msgs/lib:${LD_LIBRARY_PATH} PYTHONPATH=/home/pierres/COURS/slamnav/install/nav2_msgs/local/lib/python3.10/dist-packages:/home/pierres/COURS/slamnav/install/nav2_common/local/lib/python3.10/dist-packages:${PYTHONPATH} /usr/bin/cmake --install /home/pierres/COURS/slamnav/build/nav2_map_server
