Determining if the function sgemm_ exists failed with the following output:
Change Dir: /home/pierres/COURS/slamnav/build/slam_toolbox/CMakeFiles/CMakeTmp

Run Build Command(s):/usr/bin/gmake -f Makefile cmTC_034e5/fast && /usr/bin/gmake  -f CMakeFiles/cmTC_034e5.dir/build.make CMakeFiles/cmTC_034e5.dir/build
gmake[1]: Entering directory '/home/pierres/COURS/slamnav/build/slam_toolbox/CMakeFiles/CMakeTmp'
Building C object CMakeFiles/cmTC_034e5.dir/CheckFunctionExists.c.o
/usr/bin/cc   -DCHECK_FUNCTION_EXISTS=sgemm_ -o CMakeFiles/cmTC_034e5.dir/CheckFunctionExists.c.o -c /usr/share/cmake-3.22/Modules/CheckFunctionExists.c
Linking C executable cmTC_034e5
/usr/bin/cmake -E cmake_link_script CMakeFiles/cmTC_034e5.dir/link.txt --verbose=1
/usr/bin/cc  -DCHECK_FUNCTION_EXISTS=sgemm_ CMakeFiles/cmTC_034e5.dir/CheckFunctionExists.c.o -o cmTC_034e5 
/usr/bin/ld: CMakeFiles/cmTC_034e5.dir/CheckFunctionExists.c.o: in function `main':
CheckFunctionExists.c:(.text+0x14): undefined reference to `sgemm_'
collect2: error: ld returned 1 exit status
gmake[1]: *** [CMakeFiles/cmTC_034e5.dir/build.make:99: cmTC_034e5] Error 1
gmake[1]: Leaving directory '/home/pierres/COURS/slamnav/build/slam_toolbox/CMakeFiles/CMakeTmp'
gmake: *** [Makefile:127: cmTC_034e5/fast] Error 2



Determining if the function cheev_ exists failed with the following output:
Change Dir: /home/pierres/COURS/slamnav/build/slam_toolbox/CMakeFiles/CMakeTmp

Run Build Command(s):/usr/bin/gmake -f Makefile cmTC_9ce1f/fast && /usr/bin/gmake  -f CMakeFiles/cmTC_9ce1f.dir/build.make CMakeFiles/cmTC_9ce1f.dir/build
gmake[1]: Entering directory '/home/pierres/COURS/slamnav/build/slam_toolbox/CMakeFiles/CMakeTmp'
Building C object CMakeFiles/cmTC_9ce1f.dir/CheckFunctionExists.c.o
/usr/bin/cc   -DCHECK_FUNCTION_EXISTS=cheev_ -o CMakeFiles/cmTC_9ce1f.dir/CheckFunctionExists.c.o -c /usr/share/cmake-3.22/Modules/CheckFunctionExists.c
Linking C executable cmTC_9ce1f
/usr/bin/cmake -E cmake_link_script CMakeFiles/cmTC_9ce1f.dir/link.txt --verbose=1
/usr/bin/cc  -DCHECK_FUNCTION_EXISTS=cheev_ CMakeFiles/cmTC_9ce1f.dir/CheckFunctionExists.c.o -o cmTC_9ce1f  /usr/lib/x86_64-linux-gnu/libblas.so -lm -ldl 
/usr/bin/ld: CMakeFiles/cmTC_9ce1f.dir/CheckFunctionExists.c.o: in function `main':
CheckFunctionExists.c:(.text+0x14): undefined reference to `cheev_'
collect2: error: ld returned 1 exit status
gmake[1]: *** [CMakeFiles/cmTC_9ce1f.dir/build.make:100: cmTC_9ce1f] Error 1
gmake[1]: Leaving directory '/home/pierres/COURS/slamnav/build/slam_toolbox/CMakeFiles/CMakeTmp'
gmake: *** [Makefile:127: cmTC_9ce1f/fast] Error 2



Determining if the function cheev_ exists failed with the following output:
Change Dir: /home/pierres/COURS/slamnav/build/slam_toolbox/CMakeFiles/CMakeTmp

Run Build Command(s):/usr/bin/gmake -f Makefile cmTC_253cd/fast && /usr/bin/gmake  -f CMakeFiles/cmTC_253cd.dir/build.make CMakeFiles/cmTC_253cd.dir/build
gmake[1]: Entering directory '/home/pierres/COURS/slamnav/build/slam_toolbox/CMakeFiles/CMakeTmp'
Building C object CMakeFiles/cmTC_253cd.dir/CheckFunctionExists.c.o
/usr/bin/cc   -DCHECK_FUNCTION_EXISTS=cheev_ -o CMakeFiles/cmTC_253cd.dir/CheckFunctionExists.c.o -c /usr/share/cmake-3.22/Modules/CheckFunctionExists.c
Linking C executable cmTC_253cd
/usr/bin/cmake -E cmake_link_script CMakeFiles/cmTC_253cd.dir/link.txt --verbose=1
/usr/bin/cc  -DCHECK_FUNCTION_EXISTS=cheev_ CMakeFiles/cmTC_253cd.dir/CheckFunctionExists.c.o -o cmTC_253cd  /usr/lib/x86_64-linux-gnu/liblapack.so /usr/lib/x86_64-linux-gnu/libblas.so -fortranlibs 
cc: error: unrecognized command-line option ‘-fortranlibs’
gmake[1]: *** [CMakeFiles/cmTC_253cd.dir/build.make:101: cmTC_253cd] Error 1
gmake[1]: Leaving directory '/home/pierres/COURS/slamnav/build/slam_toolbox/CMakeFiles/CMakeTmp'
gmake: *** [Makefile:127: cmTC_253cd/fast] Error 2



