[0.443s] Invoking command in '/home/pierres/COURS/slamnav/build/nav2_simple_commander': AMENT_PREFIX_PATH=/home/pierres/COURS/slamnav/install/nav2_msgs:/home/pierres/COURS/slamnav/install/nav2_common:${AMENT_PREFIX_PATH} CMAKE_PREFIX_PATH=/home/pierres/COURS/slamnav/install/nav2_msgs:/home/pierres/COURS/slamnav/install/nav2_common:${CMAKE_PREFIX_PATH} LD_LIBRARY_PATH=/home/pierres/COURS/slamnav/install/nav2_msgs/lib:${LD_LIBRARY_PATH} PYTHONPATH=/home/pierres/COURS/slamnav/build/nav2_simple_commander/prefix_override:/usr/lib/python3/dist-packages/colcon_core/task/python/colcon_distutils_commands:/home/pierres/COURS/slamnav/install/nav2_simple_commander/lib/python3.10/site-packages:/home/pierres/COURS/slamnav/install/nav2_msgs/local/lib/python3.10/dist-packages:/home/pierres/COURS/slamnav/install/nav2_common/local/lib/python3.10/dist-packages:${PYTHONPATH} /usr/bin/python3 -W ignore:setup.py install is deprecated setup.py develop --editable --build-directory /home/pierres/COURS/slamnav/build/nav2_simple_commander/build --no-deps symlink_data
[0.641s] running develop
[0.910s] running egg_info
[0.910s] writing nav2_simple_commander.egg-info/PKG-INFO
[0.910s] writing dependency_links to nav2_simple_commander.egg-info/dependency_links.txt
[0.910s] writing entry points to nav2_simple_commander.egg-info/entry_points.txt
[0.911s] writing requirements to nav2_simple_commander.egg-info/requires.txt
[0.911s] writing top-level names to nav2_simple_commander.egg-info/top_level.txt
[0.914s] reading manifest file 'nav2_simple_commander.egg-info/SOURCES.txt'
[0.915s] writing manifest file 'nav2_simple_commander.egg-info/SOURCES.txt'
[0.917s] running build_ext
[0.918s] Creating /home/pierres/COURS/slamnav/install/nav2_simple_commander/lib/python3.10/site-packages/nav2-simple-commander.egg-link (link to .)
[0.919s] Installing demo_inspection script to /home/pierres/COURS/slamnav/install/nav2_simple_commander/lib/nav2_simple_commander
[0.919s] Installing demo_picking script to /home/pierres/COURS/slamnav/install/nav2_simple_commander/lib/nav2_simple_commander
[0.919s] Installing demo_recoveries script to /home/pierres/COURS/slamnav/install/nav2_simple_commander/lib/nav2_simple_commander
[0.919s] Installing demo_security script to /home/pierres/COURS/slamnav/install/nav2_simple_commander/lib/nav2_simple_commander
[0.920s] Installing example_assisted_teleop script to /home/pierres/COURS/slamnav/install/nav2_simple_commander/lib/nav2_simple_commander
[0.920s] Installing example_follow_path script to /home/pierres/COURS/slamnav/install/nav2_simple_commander/lib/nav2_simple_commander
[0.920s] Installing example_nav_through_poses script to /home/pierres/COURS/slamnav/install/nav2_simple_commander/lib/nav2_simple_commander
[0.920s] Installing example_nav_to_pose script to /home/pierres/COURS/slamnav/install/nav2_simple_commander/lib/nav2_simple_commander
[0.920s] Installing example_waypoint_follower script to /home/pierres/COURS/slamnav/install/nav2_simple_commander/lib/nav2_simple_commander
[0.921s] 
[0.921s] Installed /home/pierres/COURS/slamnav/build/nav2_simple_commander
[0.921s] running symlink_data
[0.976s] Invoked command in '/home/pierres/COURS/slamnav/build/nav2_simple_commander' returned '0': AMENT_PREFIX_PATH=/home/pierres/COURS/slamnav/install/nav2_msgs:/home/pierres/COURS/slamnav/install/nav2_common:${AMENT_PREFIX_PATH} CMAKE_PREFIX_PATH=/home/pierres/COURS/slamnav/install/nav2_msgs:/home/pierres/COURS/slamnav/install/nav2_common:${CMAKE_PREFIX_PATH} LD_LIBRARY_PATH=/home/pierres/COURS/slamnav/install/nav2_msgs/lib:${LD_LIBRARY_PATH} PYTHONPATH=/home/pierres/COURS/slamnav/build/nav2_simple_commander/prefix_override:/usr/lib/python3/dist-packages/colcon_core/task/python/colcon_distutils_commands:/home/pierres/COURS/slamnav/install/nav2_simple_commander/lib/python3.10/site-packages:/home/pierres/COURS/slamnav/install/nav2_msgs/local/lib/python3.10/dist-packages:/home/pierres/COURS/slamnav/install/nav2_common/local/lib/python3.10/dist-packages:${PYTHONPATH} /usr/bin/python3 -W ignore:setup.py install is deprecated setup.py develop --editable --build-directory /home/pierres/COURS/slamnav/build/nav2_simple_commander/build --no-deps symlink_data
