[0.205s] Invoking command in '/home/pierres/COURS/slamnav/build/nav2_waypoint_follower': AMENT_PREFIX_PATH=/home/pierres/COURS/slamnav/install/nav2_core:/home/pierres/COURS/slamnav/install/nav2_costmap_2d:/home/pierres/COURS/slamnav/install/nav2_map_server:/home/pierres/COURS/slamnav/install/nav2_lifecycle_manager:/home/pierres/COURS/slamnav/install/nav2_util:/home/pierres/COURS/slamnav/install/nav2_voxel_grid:/home/pierres/COURS/slamnav/install/nav2_msgs:/home/pierres/COURS/slamnav/install/nav2_common CMAKE_PREFIX_PATH=/home/pierres/COURS/slamnav/install/nav2_core:/home/pierres/COURS/slamnav/install/nav2_costmap_2d:/home/pierres/COURS/slamnav/install/nav2_map_server:/home/pierres/COURS/slamnav/install/nav2_lifecycle_manager:/home/pierres/COURS/slamnav/install/nav2_util:/home/pierres/COURS/slamnav/install/nav2_voxel_grid:/home/pierres/COURS/slamnav/install/nav2_msgs:/home/pierres/COURS/slamnav/install/nav2_common LD_LIBRARY_PATH=/home/pierres/COURS/slamnav/install/nav2_costmap_2d/lib:/home/pierres/COURS/slamnav/install/nav2_map_server/lib:/home/pierres/COURS/slamnav/install/nav2_lifecycle_manager/lib:/home/pierres/COURS/slamnav/install/nav2_util/lib:/home/pierres/COURS/slamnav/install/nav2_voxel_grid/lib:/home/pierres/COURS/slamnav/install/nav2_msgs/lib PYTHONPATH=/home/pierres/COURS/slamnav/install/nav2_msgs/local/lib/python3.10/dist-packages:/home/pierres/COURS/slamnav/install/nav2_common/local/lib/python3.10/dist-packages /usr/bin/cmake --build /home/pierres/COURS/slamnav/build/nav2_waypoint_follower -- -j16 -l16
[0.312s] [ 11%] Built target gtest_main
[0.316s] [ 22%] Built target gtest
[0.326s] [ 33%] Built target wait_at_waypoint
[0.330s] [ 44%] Built target waypoint_follower_core
[0.330s] [ 55%] Built target photo_at_waypoint
[0.331s] [ 66%] Built target input_at_waypoint
[0.369s] [ 77%] Built target waypoint_follower
[0.380s] [ 88%] Built target test_dynamic_parameters
[0.380s] [100%] Built target test_task_executors
[0.436s] Invoked command in '/home/pierres/COURS/slamnav/build/nav2_waypoint_follower' returned '0': AMENT_PREFIX_PATH=/home/pierres/COURS/slamnav/install/nav2_core:/home/pierres/COURS/slamnav/install/nav2_costmap_2d:/home/pierres/COURS/slamnav/install/nav2_map_server:/home/pierres/COURS/slamnav/install/nav2_lifecycle_manager:/home/pierres/COURS/slamnav/install/nav2_util:/home/pierres/COURS/slamnav/install/nav2_voxel_grid:/home/pierres/COURS/slamnav/install/nav2_msgs:/home/pierres/COURS/slamnav/install/nav2_common CMAKE_PREFIX_PATH=/home/pierres/COURS/slamnav/install/nav2_core:/home/pierres/COURS/slamnav/install/nav2_costmap_2d:/home/pierres/COURS/slamnav/install/nav2_map_server:/home/pierres/COURS/slamnav/install/nav2_lifecycle_manager:/home/pierres/COURS/slamnav/install/nav2_util:/home/pierres/COURS/slamnav/install/nav2_voxel_grid:/home/pierres/COURS/slamnav/install/nav2_msgs:/home/pierres/COURS/slamnav/install/nav2_common LD_LIBRARY_PATH=/home/pierres/COURS/slamnav/install/nav2_costmap_2d/lib:/home/pierres/COURS/slamnav/install/nav2_map_server/lib:/home/pierres/COURS/slamnav/install/nav2_lifecycle_manager/lib:/home/pierres/COURS/slamnav/install/nav2_util/lib:/home/pierres/COURS/slamnav/install/nav2_voxel_grid/lib:/home/pierres/COURS/slamnav/install/nav2_msgs/lib PYTHONPATH=/home/pierres/COURS/slamnav/install/nav2_msgs/local/lib/python3.10/dist-packages:/home/pierres/COURS/slamnav/install/nav2_common/local/lib/python3.10/dist-packages /usr/bin/cmake --build /home/pierres/COURS/slamnav/build/nav2_waypoint_follower -- -j16 -l16
[0.539s] Invoking command in '/home/pierres/COURS/slamnav/build/nav2_waypoint_follower': AMENT_PREFIX_PATH=/home/pierres/COURS/slamnav/install/nav2_core:/home/pierres/COURS/slamnav/install/nav2_costmap_2d:/home/pierres/COURS/slamnav/install/nav2_map_server:/home/pierres/COURS/slamnav/install/nav2_lifecycle_manager:/home/pierres/COURS/slamnav/install/nav2_util:/home/pierres/COURS/slamnav/install/nav2_voxel_grid:/home/pierres/COURS/slamnav/install/nav2_msgs:/home/pierres/COURS/slamnav/install/nav2_common CMAKE_PREFIX_PATH=/home/pierres/COURS/slamnav/install/nav2_core:/home/pierres/COURS/slamnav/install/nav2_costmap_2d:/home/pierres/COURS/slamnav/install/nav2_map_server:/home/pierres/COURS/slamnav/install/nav2_lifecycle_manager:/home/pierres/COURS/slamnav/install/nav2_util:/home/pierres/COURS/slamnav/install/nav2_voxel_grid:/home/pierres/COURS/slamnav/install/nav2_msgs:/home/pierres/COURS/slamnav/install/nav2_common LD_LIBRARY_PATH=/home/pierres/COURS/slamnav/install/nav2_costmap_2d/lib:/home/pierres/COURS/slamnav/install/nav2_map_server/lib:/home/pierres/COURS/slamnav/install/nav2_lifecycle_manager/lib:/home/pierres/COURS/slamnav/install/nav2_util/lib:/home/pierres/COURS/slamnav/install/nav2_voxel_grid/lib:/home/pierres/COURS/slamnav/install/nav2_msgs/lib PYTHONPATH=/home/pierres/COURS/slamnav/install/nav2_msgs/local/lib/python3.10/dist-packages:/home/pierres/COURS/slamnav/install/nav2_common/local/lib/python3.10/dist-packages /usr/bin/cmake --install /home/pierres/COURS/slamnav/build/nav2_waypoint_follower
[0.572s] -- Install configuration: "Humble"
[0.573s] -- Execute custom install script
[0.573s] -- Up-to-date symlink: /home/pierres/COURS/slamnav/install/nav2_waypoint_follower/lib/libwaypoint_follower_core.so
[0.573s] -- Up-to-date symlink: /home/pierres/COURS/slamnav/install/nav2_waypoint_follower/lib/libwait_at_waypoint.so
[0.573s] -- Up-to-date symlink: /home/pierres/COURS/slamnav/install/nav2_waypoint_follower/lib/libphoto_at_waypoint.so
[0.573s] -- Up-to-date symlink: /home/pierres/COURS/slamnav/install/nav2_waypoint_follower/lib/libinput_at_waypoint.so
[0.573s] -- Up-to-date symlink: /home/pierres/COURS/slamnav/install/nav2_waypoint_follower/lib/nav2_waypoint_follower/waypoint_follower
[0.574s] -- Up-to-date symlink: /home/pierres/COURS/slamnav/install/nav2_waypoint_follower/include//nav2_waypoint_follower/plugins/input_at_waypoint.hpp
[0.574s] -- Up-to-date symlink: /home/pierres/COURS/slamnav/install/nav2_waypoint_follower/include//nav2_waypoint_follower/plugins/photo_at_waypoint.hpp
[0.574s] -- Up-to-date symlink: /home/pierres/COURS/slamnav/install/nav2_waypoint_follower/include//nav2_waypoint_follower/plugins/wait_at_waypoint.hpp
[0.574s] -- Up-to-date symlink: /home/pierres/COURS/slamnav/install/nav2_waypoint_follower/include//nav2_waypoint_follower/waypoint_follower.hpp
[0.574s] -- Up-to-date symlink: /home/pierres/COURS/slamnav/install/nav2_waypoint_follower/share/nav2_waypoint_follower/environment/library_path.sh
[0.575s] -- Up-to-date symlink: /home/pierres/COURS/slamnav/install/nav2_waypoint_follower/share/nav2_waypoint_follower/environment/library_path.dsv
[0.575s] -- Up-to-date symlink: /home/pierres/COURS/slamnav/install/nav2_waypoint_follower/share/nav2_waypoint_follower//plugins.xml
[0.575s] -- Up-to-date symlink: /home/pierres/COURS/slamnav/install/nav2_waypoint_follower/share/ament_index/resource_index/package_run_dependencies/nav2_waypoint_follower
[0.576s] -- Up-to-date symlink: /home/pierres/COURS/slamnav/install/nav2_waypoint_follower/share/ament_index/resource_index/parent_prefix_path/nav2_waypoint_follower
[0.576s] -- Up-to-date symlink: /home/pierres/COURS/slamnav/install/nav2_waypoint_follower/share/nav2_waypoint_follower/environment/ament_prefix_path.sh
[0.576s] -- Up-to-date symlink: /home/pierres/COURS/slamnav/install/nav2_waypoint_follower/share/nav2_waypoint_follower/environment/ament_prefix_path.dsv
[0.577s] -- Up-to-date symlink: /home/pierres/COURS/slamnav/install/nav2_waypoint_follower/share/nav2_waypoint_follower/environment/path.sh
[0.577s] -- Up-to-date symlink: /home/pierres/COURS/slamnav/install/nav2_waypoint_follower/share/nav2_waypoint_follower/environment/path.dsv
[0.577s] -- Up-to-date symlink: /home/pierres/COURS/slamnav/install/nav2_waypoint_follower/share/nav2_waypoint_follower/local_setup.bash
[0.577s] -- Up-to-date symlink: /home/pierres/COURS/slamnav/install/nav2_waypoint_follower/share/nav2_waypoint_follower/local_setup.sh
[0.577s] -- Up-to-date symlink: /home/pierres/COURS/slamnav/install/nav2_waypoint_follower/share/nav2_waypoint_follower/local_setup.zsh
[0.577s] -- Up-to-date symlink: /home/pierres/COURS/slamnav/install/nav2_waypoint_follower/share/nav2_waypoint_follower/local_setup.dsv
[0.577s] -- Symlinking: /home/pierres/COURS/slamnav/install/nav2_waypoint_follower/share/nav2_waypoint_follower/package.dsv
[0.577s] -- Up-to-date symlink: /home/pierres/COURS/slamnav/install/nav2_waypoint_follower/share/ament_index/resource_index/packages/nav2_waypoint_follower
[0.578s] -- Up-to-date symlink: /home/pierres/COURS/slamnav/install/nav2_waypoint_follower/share/ament_index/resource_index/nav2_waypoint_follower__pluginlib__plugin/nav2_waypoint_follower
[0.578s] -- Up-to-date symlink: /home/pierres/COURS/slamnav/install/nav2_waypoint_follower/share/ament_index/resource_index/rclcpp_components/nav2_waypoint_follower
[0.578s] -- Up-to-date symlink: /home/pierres/COURS/slamnav/install/nav2_waypoint_follower/share/nav2_waypoint_follower/cmake/ament_cmake_export_include_directories-extras.cmake
[0.578s] -- Up-to-date symlink: /home/pierres/COURS/slamnav/install/nav2_waypoint_follower/share/nav2_waypoint_follower/cmake/ament_cmake_export_libraries-extras.cmake
[0.578s] -- Up-to-date symlink: /home/pierres/COURS/slamnav/install/nav2_waypoint_follower/share/nav2_waypoint_follower/cmake/ament_cmake_export_dependencies-extras.cmake
[0.578s] -- Up-to-date symlink: /home/pierres/COURS/slamnav/install/nav2_waypoint_follower/share/nav2_waypoint_follower/cmake/nav2_waypoint_followerConfig.cmake
[0.578s] -- Up-to-date symlink: /home/pierres/COURS/slamnav/install/nav2_waypoint_follower/share/nav2_waypoint_follower/cmake/nav2_waypoint_followerConfig-version.cmake
[0.578s] -- Up-to-date symlink: /home/pierres/COURS/slamnav/install/nav2_waypoint_follower/share/nav2_waypoint_follower/package.xml
[0.631s] Invoked command in '/home/pierres/COURS/slamnav/build/nav2_waypoint_follower' returned '0': AMENT_PREFIX_PATH=/home/pierres/COURS/slamnav/install/nav2_core:/home/pierres/COURS/slamnav/install/nav2_costmap_2d:/home/pierres/COURS/slamnav/install/nav2_map_server:/home/pierres/COURS/slamnav/install/nav2_lifecycle_manager:/home/pierres/COURS/slamnav/install/nav2_util:/home/pierres/COURS/slamnav/install/nav2_voxel_grid:/home/pierres/COURS/slamnav/install/nav2_msgs:/home/pierres/COURS/slamnav/install/nav2_common CMAKE_PREFIX_PATH=/home/pierres/COURS/slamnav/install/nav2_core:/home/pierres/COURS/slamnav/install/nav2_costmap_2d:/home/pierres/COURS/slamnav/install/nav2_map_server:/home/pierres/COURS/slamnav/install/nav2_lifecycle_manager:/home/pierres/COURS/slamnav/install/nav2_util:/home/pierres/COURS/slamnav/install/nav2_voxel_grid:/home/pierres/COURS/slamnav/install/nav2_msgs:/home/pierres/COURS/slamnav/install/nav2_common LD_LIBRARY_PATH=/home/pierres/COURS/slamnav/install/nav2_costmap_2d/lib:/home/pierres/COURS/slamnav/install/nav2_map_server/lib:/home/pierres/COURS/slamnav/install/nav2_lifecycle_manager/lib:/home/pierres/COURS/slamnav/install/nav2_util/lib:/home/pierres/COURS/slamnav/install/nav2_voxel_grid/lib:/home/pierres/COURS/slamnav/install/nav2_msgs/lib PYTHONPATH=/home/pierres/COURS/slamnav/install/nav2_msgs/local/lib/python3.10/dist-packages:/home/pierres/COURS/slamnav/install/nav2_common/local/lib/python3.10/dist-packages /usr/bin/cmake --install /home/pierres/COURS/slamnav/build/nav2_waypoint_follower
