[0.025s] Invoking command in '/home/pierres/COURS/slamnav/build/nav2_behaviors': AMENT_PREFIX_PATH=/home/pierres/COURS/slamnav/install/nav2_core:/home/pierres/COURS/slamnav/install/nav2_costmap_2d:/home/pierres/COURS/slamnav/install/nav2_map_server:/home/pierres/COURS/slamnav/install/nav2_lifecycle_manager:/home/pierres/COURS/slamnav/install/nav2_behavior_tree:/home/pierres/COURS/slamnav/install/nav2_util:/home/pierres/COURS/slamnav/install/nav2_voxel_grid:/home/pierres/COURS/slamnav/install/nav2_msgs:/home/pierres/COURS/slamnav/install/nav2_common:${AMENT_PREFIX_PATH} CMAKE_PREFIX_PATH=/home/pierres/COURS/slamnav/install/nav2_core:/home/pierres/COURS/slamnav/install/nav2_costmap_2d:/home/pierres/COURS/slamnav/install/nav2_map_server:/home/pierres/COURS/slamnav/install/nav2_lifecycle_manager:/home/pierres/COURS/slamnav/install/nav2_behavior_tree:/home/pierres/COURS/slamnav/install/nav2_util:/home/pierres/COURS/slamnav/install/nav2_voxel_grid:/home/pierres/COURS/slamnav/install/nav2_msgs:/home/pierres/COURS/slamnav/install/nav2_common:/home/pierres/COURS/slamnav/install/slam_toolbox:/opt/ros/humble:/home/pierres/COURS/slamnav/install/slamnav_turtlebot LD_LIBRARY_PATH=/home/pierres/COURS/slamnav/install/nav2_costmap_2d/lib:/home/pierres/COURS/slamnav/install/nav2_map_server/lib:/home/pierres/COURS/slamnav/install/nav2_lifecycle_manager/lib:/home/pierres/COURS/slamnav/install/nav2_behavior_tree/lib:/home/pierres/COURS/slamnav/install/nav2_util/lib:/home/pierres/COURS/slamnav/install/nav2_voxel_grid/lib:/home/pierres/COURS/slamnav/install/nav2_msgs/lib:${LD_LIBRARY_PATH} PYTHONPATH=/home/pierres/COURS/slamnav/install/nav2_msgs/local/lib/python3.10/dist-packages:/home/pierres/COURS/slamnav/install/nav2_common/local/lib/python3.10/dist-packages:${PYTHONPATH} /usr/bin/cmake /home/pierres/COURS/slamnav/src/navigation2/nav2_behaviors -DCMAKE_INSTALL_PREFIX=/home/pierres/COURS/slamnav/install/nav2_behaviors
[0.034s] -- Found ament_cmake: 1.3.10 (/opt/ros/humble/share/ament_cmake/cmake)
[0.124s] -- Override CMake install command with custom implementation using symlinks instead of copying resources
[0.129s] -- Found nav2_common: 1.1.16 (/home/pierres/COURS/slamnav/install/nav2_common/share/nav2_common/cmake)
[0.129s] -- Found rclcpp: 16.0.10 (/opt/ros/humble/share/rclcpp/cmake)
[0.149s] -- Found rosidl_generator_c: 3.1.5 (/opt/ros/humble/share/rosidl_generator_c/cmake)
[0.151s] -- Found rosidl_adapter: 3.1.5 (/opt/ros/humble/share/rosidl_adapter/cmake)
[0.155s] -- Found rosidl_generator_cpp: 3.1.5 (/opt/ros/humble/share/rosidl_generator_cpp/cmake)
[0.161s] -- Using all available rosidl_typesupport_c: rosidl_typesupport_fastrtps_c;rosidl_typesupport_introspection_c
[0.169s] -- Using all available rosidl_typesupport_cpp: rosidl_typesupport_fastrtps_cpp;rosidl_typesupport_introspection_cpp
[0.193s] -- Found rmw_implementation_cmake: 6.1.2 (/opt/ros/humble/share/rmw_implementation_cmake/cmake)
[0.195s] -- Found rmw_cyclonedds_cpp: 1.3.4 (/opt/ros/humble/share/rmw_cyclonedds_cpp/cmake)
[0.211s] -- Using RMW implementation 'rmw_cyclonedds_cpp' as default
[0.249s] -- Found rclcpp_action: 16.0.10 (/opt/ros/humble/share/rclcpp_action/cmake)
[0.269s] -- Found rclcpp_lifecycle: 16.0.10 (/opt/ros/humble/share/rclcpp_lifecycle/cmake)
[0.279s] -- Found rclcpp_components: 16.0.10 (/opt/ros/humble/share/rclcpp_components/cmake)
[0.292s] -- Found nav2_behavior_tree: 1.1.16 (/home/pierres/COURS/slamnav/install/nav2_behavior_tree/share/nav2_behavior_tree/cmake)
[0.368s] -- Found eigen3_cmake_module: 0.1.1 (/opt/ros/humble/share/eigen3_cmake_module/cmake)
[0.369s] -- Ensuring Eigen3 include directory is part of orocos-kdl CMake target
[0.401s] -- Found nav2_costmap_2d: 1.1.16 (/home/pierres/COURS/slamnav/install/nav2_costmap_2d/share/nav2_costmap_2d/cmake)
[0.455s] -- Found nav2_core: 1.1.16 (/home/pierres/COURS/slamnav/install/nav2_core/share/nav2_core/cmake)
[1.097s] -- Found ament_lint_auto: 0.12.11 (/opt/ros/humble/share/ament_lint_auto/cmake)
[1.183s] -- Found gtest sources under '/opt/ros/humble/src/gtest_vendor': C++ tests using 'Google Test' will be built
[1.256s] -- Added test 'copyright' to check source files copyright and LICENSE
[1.257s] -- Added test 'cppcheck' to perform static code analysis on C / C++ code
[1.259s] -- Configured cppcheck include dirs: /home/pierres/COURS/slamnav/src/navigation2/nav2_behaviors/include
[1.259s] -- Configured cppcheck exclude dirs and/or files: 
[1.259s] -- Added test 'cpplint' to check C / C++ code against the Google style
[1.260s] -- Configured cpplint exclude dirs and/or files: 
[1.260s] -- Added test 'lint_cmake' to check CMake code style
[1.260s] -- Added test 'uncrustify' to check C / C++ code style
[1.260s] -- Configured uncrustify additional arguments: 
[1.260s] -- Added test 'xmllint' to check XML markup files
[1.263s] -- Configuring done
[1.574s] -- Generating done
[1.576s] -- Build files have been written to: /home/pierres/COURS/slamnav/build/nav2_behaviors
[1.586s] Invoked command in '/home/pierres/COURS/slamnav/build/nav2_behaviors' returned '0': AMENT_PREFIX_PATH=/home/pierres/COURS/slamnav/install/nav2_core:/home/pierres/COURS/slamnav/install/nav2_costmap_2d:/home/pierres/COURS/slamnav/install/nav2_map_server:/home/pierres/COURS/slamnav/install/nav2_lifecycle_manager:/home/pierres/COURS/slamnav/install/nav2_behavior_tree:/home/pierres/COURS/slamnav/install/nav2_util:/home/pierres/COURS/slamnav/install/nav2_voxel_grid:/home/pierres/COURS/slamnav/install/nav2_msgs:/home/pierres/COURS/slamnav/install/nav2_common:${AMENT_PREFIX_PATH} CMAKE_PREFIX_PATH=/home/pierres/COURS/slamnav/install/nav2_core:/home/pierres/COURS/slamnav/install/nav2_costmap_2d:/home/pierres/COURS/slamnav/install/nav2_map_server:/home/pierres/COURS/slamnav/install/nav2_lifecycle_manager:/home/pierres/COURS/slamnav/install/nav2_behavior_tree:/home/pierres/COURS/slamnav/install/nav2_util:/home/pierres/COURS/slamnav/install/nav2_voxel_grid:/home/pierres/COURS/slamnav/install/nav2_msgs:/home/pierres/COURS/slamnav/install/nav2_common:/home/pierres/COURS/slamnav/install/slam_toolbox:/opt/ros/humble:/home/pierres/COURS/slamnav/install/slamnav_turtlebot LD_LIBRARY_PATH=/home/pierres/COURS/slamnav/install/nav2_costmap_2d/lib:/home/pierres/COURS/slamnav/install/nav2_map_server/lib:/home/pierres/COURS/slamnav/install/nav2_lifecycle_manager/lib:/home/pierres/COURS/slamnav/install/nav2_behavior_tree/lib:/home/pierres/COURS/slamnav/install/nav2_util/lib:/home/pierres/COURS/slamnav/install/nav2_voxel_grid/lib:/home/pierres/COURS/slamnav/install/nav2_msgs/lib:${LD_LIBRARY_PATH} PYTHONPATH=/home/pierres/COURS/slamnav/install/nav2_msgs/local/lib/python3.10/dist-packages:/home/pierres/COURS/slamnav/install/nav2_common/local/lib/python3.10/dist-packages:${PYTHONPATH} /usr/bin/cmake /home/pierres/COURS/slamnav/src/navigation2/nav2_behaviors -DCMAKE_INSTALL_PREFIX=/home/pierres/COURS/slamnav/install/nav2_behaviors
[1.588s] Invoking command in '/home/pierres/COURS/slamnav/build/nav2_behaviors': AMENT_PREFIX_PATH=/home/pierres/COURS/slamnav/install/nav2_core:/home/pierres/COURS/slamnav/install/nav2_costmap_2d:/home/pierres/COURS/slamnav/install/nav2_map_server:/home/pierres/COURS/slamnav/install/nav2_lifecycle_manager:/home/pierres/COURS/slamnav/install/nav2_behavior_tree:/home/pierres/COURS/slamnav/install/nav2_util:/home/pierres/COURS/slamnav/install/nav2_voxel_grid:/home/pierres/COURS/slamnav/install/nav2_msgs:/home/pierres/COURS/slamnav/install/nav2_common:${AMENT_PREFIX_PATH} CMAKE_PREFIX_PATH=/home/pierres/COURS/slamnav/install/nav2_core:/home/pierres/COURS/slamnav/install/nav2_costmap_2d:/home/pierres/COURS/slamnav/install/nav2_map_server:/home/pierres/COURS/slamnav/install/nav2_lifecycle_manager:/home/pierres/COURS/slamnav/install/nav2_behavior_tree:/home/pierres/COURS/slamnav/install/nav2_util:/home/pierres/COURS/slamnav/install/nav2_voxel_grid:/home/pierres/COURS/slamnav/install/nav2_msgs:/home/pierres/COURS/slamnav/install/nav2_common:/home/pierres/COURS/slamnav/install/slam_toolbox:/opt/ros/humble:/home/pierres/COURS/slamnav/install/slamnav_turtlebot LD_LIBRARY_PATH=/home/pierres/COURS/slamnav/install/nav2_costmap_2d/lib:/home/pierres/COURS/slamnav/install/nav2_map_server/lib:/home/pierres/COURS/slamnav/install/nav2_lifecycle_manager/lib:/home/pierres/COURS/slamnav/install/nav2_behavior_tree/lib:/home/pierres/COURS/slamnav/install/nav2_util/lib:/home/pierres/COURS/slamnav/install/nav2_voxel_grid/lib:/home/pierres/COURS/slamnav/install/nav2_msgs/lib:${LD_LIBRARY_PATH} PYTHONPATH=/home/pierres/COURS/slamnav/install/nav2_msgs/local/lib/python3.10/dist-packages:/home/pierres/COURS/slamnav/install/nav2_common/local/lib/python3.10/dist-packages:${PYTHONPATH} /usr/bin/cmake --build /home/pierres/COURS/slamnav/build/nav2_behaviors -- -j16 -l16
[1.639s] [35m[1mConsolidate compiler generated dependencies of target nav2_wait_behavior[0m
[1.640s] [35m[1mConsolidate compiler generated dependencies of target behavior_server_core[0m
[1.640s] [35m[1mConsolidate compiler generated dependencies of target nav2_spin_behavior[0m
[1.640s] [35m[1mConsolidate compiler generated dependencies of target nav2_drive_on_heading_behavior[0m
[1.640s] [35m[1mConsolidate compiler generated dependencies of target gtest_main[0m
[1.640s] [35m[1mConsolidate compiler generated dependencies of target gtest[0m
[1.642s] [35m[1mConsolidate compiler generated dependencies of target nav2_assisted_teleop_behavior[0m
[1.642s] [35m[1mConsolidate compiler generated dependencies of target nav2_back_up_behavior[0m
[1.655s] [ 10%] Built target gtest
[1.655s] [ 20%] Built target gtest_main
[1.656s] [ 30%] Built target nav2_spin_behavior
[1.657s] [ 40%] Built target behavior_server_core
[1.661s] [ 50%] Built target nav2_drive_on_heading_behavior
[1.663s] [ 65%] Built target nav2_wait_behavior
[1.664s] [ 70%] Built target nav2_assisted_teleop_behavior
[1.664s] [35m[1mConsolidate compiler generated dependencies of target test_behaviors[0m
[1.665s] [ 80%] Built target nav2_back_up_behavior
[1.671s] [35m[1mConsolidate compiler generated dependencies of target behavior_server[0m
[1.682s] [ 90%] Built target test_behaviors
[1.692s] [100%] Built target behavior_server
[1.703s] Invoked command in '/home/pierres/COURS/slamnav/build/nav2_behaviors' returned '0': AMENT_PREFIX_PATH=/home/pierres/COURS/slamnav/install/nav2_core:/home/pierres/COURS/slamnav/install/nav2_costmap_2d:/home/pierres/COURS/slamnav/install/nav2_map_server:/home/pierres/COURS/slamnav/install/nav2_lifecycle_manager:/home/pierres/COURS/slamnav/install/nav2_behavior_tree:/home/pierres/COURS/slamnav/install/nav2_util:/home/pierres/COURS/slamnav/install/nav2_voxel_grid:/home/pierres/COURS/slamnav/install/nav2_msgs:/home/pierres/COURS/slamnav/install/nav2_common:${AMENT_PREFIX_PATH} CMAKE_PREFIX_PATH=/home/pierres/COURS/slamnav/install/nav2_core:/home/pierres/COURS/slamnav/install/nav2_costmap_2d:/home/pierres/COURS/slamnav/install/nav2_map_server:/home/pierres/COURS/slamnav/install/nav2_lifecycle_manager:/home/pierres/COURS/slamnav/install/nav2_behavior_tree:/home/pierres/COURS/slamnav/install/nav2_util:/home/pierres/COURS/slamnav/install/nav2_voxel_grid:/home/pierres/COURS/slamnav/install/nav2_msgs:/home/pierres/COURS/slamnav/install/nav2_common:/home/pierres/COURS/slamnav/install/slam_toolbox:/opt/ros/humble:/home/pierres/COURS/slamnav/install/slamnav_turtlebot LD_LIBRARY_PATH=/home/pierres/COURS/slamnav/install/nav2_costmap_2d/lib:/home/pierres/COURS/slamnav/install/nav2_map_server/lib:/home/pierres/COURS/slamnav/install/nav2_lifecycle_manager/lib:/home/pierres/COURS/slamnav/install/nav2_behavior_tree/lib:/home/pierres/COURS/slamnav/install/nav2_util/lib:/home/pierres/COURS/slamnav/install/nav2_voxel_grid/lib:/home/pierres/COURS/slamnav/install/nav2_msgs/lib:${LD_LIBRARY_PATH} PYTHONPATH=/home/pierres/COURS/slamnav/install/nav2_msgs/local/lib/python3.10/dist-packages:/home/pierres/COURS/slamnav/install/nav2_common/local/lib/python3.10/dist-packages:${PYTHONPATH} /usr/bin/cmake --build /home/pierres/COURS/slamnav/build/nav2_behaviors -- -j16 -l16
[1.746s] Invoking command in '/home/pierres/COURS/slamnav/build/nav2_behaviors': AMENT_PREFIX_PATH=/home/pierres/COURS/slamnav/install/nav2_core:/home/pierres/COURS/slamnav/install/nav2_costmap_2d:/home/pierres/COURS/slamnav/install/nav2_map_server:/home/pierres/COURS/slamnav/install/nav2_lifecycle_manager:/home/pierres/COURS/slamnav/install/nav2_behavior_tree:/home/pierres/COURS/slamnav/install/nav2_util:/home/pierres/COURS/slamnav/install/nav2_voxel_grid:/home/pierres/COURS/slamnav/install/nav2_msgs:/home/pierres/COURS/slamnav/install/nav2_common:${AMENT_PREFIX_PATH} CMAKE_PREFIX_PATH=/home/pierres/COURS/slamnav/install/nav2_core:/home/pierres/COURS/slamnav/install/nav2_costmap_2d:/home/pierres/COURS/slamnav/install/nav2_map_server:/home/pierres/COURS/slamnav/install/nav2_lifecycle_manager:/home/pierres/COURS/slamnav/install/nav2_behavior_tree:/home/pierres/COURS/slamnav/install/nav2_util:/home/pierres/COURS/slamnav/install/nav2_voxel_grid:/home/pierres/COURS/slamnav/install/nav2_msgs:/home/pierres/COURS/slamnav/install/nav2_common:/home/pierres/COURS/slamnav/install/slam_toolbox:/opt/ros/humble:/home/pierres/COURS/slamnav/install/slamnav_turtlebot LD_LIBRARY_PATH=/home/pierres/COURS/slamnav/install/nav2_costmap_2d/lib:/home/pierres/COURS/slamnav/install/nav2_map_server/lib:/home/pierres/COURS/slamnav/install/nav2_lifecycle_manager/lib:/home/pierres/COURS/slamnav/install/nav2_behavior_tree/lib:/home/pierres/COURS/slamnav/install/nav2_util/lib:/home/pierres/COURS/slamnav/install/nav2_voxel_grid/lib:/home/pierres/COURS/slamnav/install/nav2_msgs/lib:${LD_LIBRARY_PATH} PYTHONPATH=/home/pierres/COURS/slamnav/install/nav2_msgs/local/lib/python3.10/dist-packages:/home/pierres/COURS/slamnav/install/nav2_common/local/lib/python3.10/dist-packages:${PYTHONPATH} /usr/bin/cmake --install /home/pierres/COURS/slamnav/build/nav2_behaviors
[1.752s] -- Install configuration: "Humble"
[1.753s] -- Execute custom install script
[1.753s] -- Up-to-date symlink: /home/pierres/COURS/slamnav/install/nav2_behaviors/share/nav2_behaviors//behavior_plugin.xml
[1.754s] -- Up-to-date symlink: /home/pierres/COURS/slamnav/install/nav2_behaviors/lib/libbehavior_server_core.so
[1.754s] -- Up-to-date symlink: /home/pierres/COURS/slamnav/install/nav2_behaviors/lib/libnav2_spin_behavior.so
[1.754s] -- Up-to-date symlink: /home/pierres/COURS/slamnav/install/nav2_behaviors/lib/libnav2_wait_behavior.so
[1.755s] -- Up-to-date symlink: /home/pierres/COURS/slamnav/install/nav2_behaviors/lib/libnav2_assisted_teleop_behavior.so
[1.755s] -- Up-to-date symlink: /home/pierres/COURS/slamnav/install/nav2_behaviors/lib/libnav2_drive_on_heading_behavior.so
[1.755s] -- Up-to-date symlink: /home/pierres/COURS/slamnav/install/nav2_behaviors/lib/libnav2_back_up_behavior.so
[1.756s] -- Up-to-date symlink: /home/pierres/COURS/slamnav/install/nav2_behaviors/lib/nav2_behaviors/behavior_server
[1.756s] -- Up-to-date symlink: /home/pierres/COURS/slamnav/install/nav2_behaviors/include//nav2_behaviors/behavior_server.hpp
[1.757s] -- Up-to-date symlink: /home/pierres/COURS/slamnav/install/nav2_behaviors/include//nav2_behaviors/plugins/assisted_teleop.hpp
[1.757s] -- Up-to-date symlink: /home/pierres/COURS/slamnav/install/nav2_behaviors/include//nav2_behaviors/plugins/back_up.hpp
[1.757s] -- Up-to-date symlink: /home/pierres/COURS/slamnav/install/nav2_behaviors/include//nav2_behaviors/plugins/drive_on_heading.hpp
[1.757s] -- Up-to-date symlink: /home/pierres/COURS/slamnav/install/nav2_behaviors/include//nav2_behaviors/plugins/spin.hpp
[1.757s] -- Up-to-date symlink: /home/pierres/COURS/slamnav/install/nav2_behaviors/include//nav2_behaviors/plugins/wait.hpp
[1.758s] -- Up-to-date symlink: /home/pierres/COURS/slamnav/install/nav2_behaviors/include//nav2_behaviors/timed_behavior.hpp
[1.758s] -- Up-to-date symlink: /home/pierres/COURS/slamnav/install/nav2_behaviors/share/nav2_behaviors/behavior_plugin.xml
[1.758s] -- Up-to-date symlink: /home/pierres/COURS/slamnav/install/nav2_behaviors/share/nav2_behaviors/plugins//assisted_teleop.cpp
[1.758s] -- Up-to-date symlink: /home/pierres/COURS/slamnav/install/nav2_behaviors/share/nav2_behaviors/plugins//back_up.cpp
[1.758s] -- Up-to-date symlink: /home/pierres/COURS/slamnav/install/nav2_behaviors/share/nav2_behaviors/plugins//drive_on_heading.cpp
[1.758s] -- Up-to-date symlink: /home/pierres/COURS/slamnav/install/nav2_behaviors/share/nav2_behaviors/plugins//spin.cpp
[1.759s] -- Up-to-date symlink: /home/pierres/COURS/slamnav/install/nav2_behaviors/share/nav2_behaviors/plugins//wait.cpp
[1.759s] -- Up-to-date symlink: /home/pierres/COURS/slamnav/install/nav2_behaviors/share/nav2_behaviors/environment/library_path.sh
[1.760s] -- Up-to-date symlink: /home/pierres/COURS/slamnav/install/nav2_behaviors/share/nav2_behaviors/environment/library_path.dsv
[1.760s] -- Up-to-date symlink: /home/pierres/COURS/slamnav/install/nav2_behaviors/share/ament_index/resource_index/package_run_dependencies/nav2_behaviors
[1.760s] -- Up-to-date symlink: /home/pierres/COURS/slamnav/install/nav2_behaviors/share/ament_index/resource_index/parent_prefix_path/nav2_behaviors
[1.760s] -- Up-to-date symlink: /home/pierres/COURS/slamnav/install/nav2_behaviors/share/nav2_behaviors/environment/ament_prefix_path.sh
[1.760s] -- Up-to-date symlink: /home/pierres/COURS/slamnav/install/nav2_behaviors/share/nav2_behaviors/environment/ament_prefix_path.dsv
[1.760s] -- Up-to-date symlink: /home/pierres/COURS/slamnav/install/nav2_behaviors/share/nav2_behaviors/environment/path.sh
[1.760s] -- Up-to-date symlink: /home/pierres/COURS/slamnav/install/nav2_behaviors/share/nav2_behaviors/environment/path.dsv
[1.760s] -- Up-to-date symlink: /home/pierres/COURS/slamnav/install/nav2_behaviors/share/nav2_behaviors/local_setup.bash
[1.760s] -- Up-to-date symlink: /home/pierres/COURS/slamnav/install/nav2_behaviors/share/nav2_behaviors/local_setup.sh
[1.760s] -- Up-to-date symlink: /home/pierres/COURS/slamnav/install/nav2_behaviors/share/nav2_behaviors/local_setup.zsh
[1.760s] -- Up-to-date symlink: /home/pierres/COURS/slamnav/install/nav2_behaviors/share/nav2_behaviors/local_setup.dsv
[1.760s] -- Symlinking: /home/pierres/COURS/slamnav/install/nav2_behaviors/share/nav2_behaviors/package.dsv
[1.763s] -- Up-to-date symlink: /home/pierres/COURS/slamnav/install/nav2_behaviors/share/ament_index/resource_index/packages/nav2_behaviors
[1.763s] -- Up-to-date symlink: /home/pierres/COURS/slamnav/install/nav2_behaviors/share/ament_index/resource_index/nav2_core__pluginlib__plugin/nav2_behaviors
[1.763s] -- Up-to-date symlink: /home/pierres/COURS/slamnav/install/nav2_behaviors/share/ament_index/resource_index/rclcpp_components/nav2_behaviors
[1.763s] -- Up-to-date symlink: /home/pierres/COURS/slamnav/install/nav2_behaviors/share/nav2_behaviors/cmake/ament_cmake_export_include_directories-extras.cmake
[1.764s] -- Up-to-date symlink: /home/pierres/COURS/slamnav/install/nav2_behaviors/share/nav2_behaviors/cmake/ament_cmake_export_libraries-extras.cmake
[1.764s] -- Up-to-date symlink: /home/pierres/COURS/slamnav/install/nav2_behaviors/share/nav2_behaviors/cmake/ament_cmake_export_dependencies-extras.cmake
[1.764s] -- Up-to-date symlink: /home/pierres/COURS/slamnav/install/nav2_behaviors/share/nav2_behaviors/cmake/nav2_behaviorsConfig.cmake
[1.764s] -- Up-to-date symlink: /home/pierres/COURS/slamnav/install/nav2_behaviors/share/nav2_behaviors/cmake/nav2_behaviorsConfig-version.cmake
[1.764s] -- Up-to-date symlink: /home/pierres/COURS/slamnav/install/nav2_behaviors/share/nav2_behaviors/package.xml
[1.766s] Invoked command in '/home/pierres/COURS/slamnav/build/nav2_behaviors' returned '0': AMENT_PREFIX_PATH=/home/pierres/COURS/slamnav/install/nav2_core:/home/pierres/COURS/slamnav/install/nav2_costmap_2d:/home/pierres/COURS/slamnav/install/nav2_map_server:/home/pierres/COURS/slamnav/install/nav2_lifecycle_manager:/home/pierres/COURS/slamnav/install/nav2_behavior_tree:/home/pierres/COURS/slamnav/install/nav2_util:/home/pierres/COURS/slamnav/install/nav2_voxel_grid:/home/pierres/COURS/slamnav/install/nav2_msgs:/home/pierres/COURS/slamnav/install/nav2_common:${AMENT_PREFIX_PATH} CMAKE_PREFIX_PATH=/home/pierres/COURS/slamnav/install/nav2_core:/home/pierres/COURS/slamnav/install/nav2_costmap_2d:/home/pierres/COURS/slamnav/install/nav2_map_server:/home/pierres/COURS/slamnav/install/nav2_lifecycle_manager:/home/pierres/COURS/slamnav/install/nav2_behavior_tree:/home/pierres/COURS/slamnav/install/nav2_util:/home/pierres/COURS/slamnav/install/nav2_voxel_grid:/home/pierres/COURS/slamnav/install/nav2_msgs:/home/pierres/COURS/slamnav/install/nav2_common:/home/pierres/COURS/slamnav/install/slam_toolbox:/opt/ros/humble:/home/pierres/COURS/slamnav/install/slamnav_turtlebot LD_LIBRARY_PATH=/home/pierres/COURS/slamnav/install/nav2_costmap_2d/lib:/home/pierres/COURS/slamnav/install/nav2_map_server/lib:/home/pierres/COURS/slamnav/install/nav2_lifecycle_manager/lib:/home/pierres/COURS/slamnav/install/nav2_behavior_tree/lib:/home/pierres/COURS/slamnav/install/nav2_util/lib:/home/pierres/COURS/slamnav/install/nav2_voxel_grid/lib:/home/pierres/COURS/slamnav/install/nav2_msgs/lib:${LD_LIBRARY_PATH} PYTHONPATH=/home/pierres/COURS/slamnav/install/nav2_msgs/local/lib/python3.10/dist-packages:/home/pierres/COURS/slamnav/install/nav2_common/local/lib/python3.10/dist-packages:${PYTHONPATH} /usr/bin/cmake --install /home/pierres/COURS/slamnav/build/nav2_behaviors
