[0.068s] Invoking command in '/home/pierres/COURS/slamnav/build/nav2_rviz_plugins': AMENT_PREFIX_PATH=/home/pierres/COURS/slamnav/install/nav2_lifecycle_manager:/home/pierres/COURS/slamnav/install/nav2_util:/home/pierres/COURS/slamnav/install/nav2_msgs:/home/pierres/COURS/slamnav/install/nav2_common:${AMENT_PREFIX_PATH} CMAKE_PREFIX_PATH=/home/pierres/COURS/slamnav/install/nav2_lifecycle_manager:/home/pierres/COURS/slamnav/install/nav2_util:/home/pierres/COURS/slamnav/install/nav2_msgs:/home/pierres/COURS/slamnav/install/nav2_common:/opt/ros/humble:/home/pierres/COURS/slamnav/install/slamnav_turtlebot LD_LIBRARY_PATH=/home/pierres/COURS/slamnav/install/nav2_lifecycle_manager/lib:/home/pierres/COURS/slamnav/install/nav2_util/lib:/home/pierres/COURS/slamnav/install/nav2_msgs/lib:${LD_LIBRARY_PATH} PYTHONPATH=/home/pierres/COURS/slamnav/install/nav2_msgs/local/lib/python3.10/dist-packages:/home/pierres/COURS/slamnav/install/nav2_common/local/lib/python3.10/dist-packages:${PYTHONPATH} /usr/bin/cmake --build /home/pierres/COURS/slamnav/build/nav2_rviz_plugins -- -j16 -l16
[0.117s] [ 14%] [34m[1mAutomatic MOC for target nav2_rviz_plugins[0m
[0.139s] [ 14%] Built target nav2_rviz_plugins_autogen
[0.173s] [100%] Built target nav2_rviz_plugins
[0.181s] Invoked command in '/home/pierres/COURS/slamnav/build/nav2_rviz_plugins' returned '0': AMENT_PREFIX_PATH=/home/pierres/COURS/slamnav/install/nav2_lifecycle_manager:/home/pierres/COURS/slamnav/install/nav2_util:/home/pierres/COURS/slamnav/install/nav2_msgs:/home/pierres/COURS/slamnav/install/nav2_common:${AMENT_PREFIX_PATH} CMAKE_PREFIX_PATH=/home/pierres/COURS/slamnav/install/nav2_lifecycle_manager:/home/pierres/COURS/slamnav/install/nav2_util:/home/pierres/COURS/slamnav/install/nav2_msgs:/home/pierres/COURS/slamnav/install/nav2_common:/opt/ros/humble:/home/pierres/COURS/slamnav/install/slamnav_turtlebot LD_LIBRARY_PATH=/home/pierres/COURS/slamnav/install/nav2_lifecycle_manager/lib:/home/pierres/COURS/slamnav/install/nav2_util/lib:/home/pierres/COURS/slamnav/install/nav2_msgs/lib:${LD_LIBRARY_PATH} PYTHONPATH=/home/pierres/COURS/slamnav/install/nav2_msgs/local/lib/python3.10/dist-packages:/home/pierres/COURS/slamnav/install/nav2_common/local/lib/python3.10/dist-packages:${PYTHONPATH} /usr/bin/cmake --build /home/pierres/COURS/slamnav/build/nav2_rviz_plugins -- -j16 -l16
[0.214s] Invoking command in '/home/pierres/COURS/slamnav/build/nav2_rviz_plugins': AMENT_PREFIX_PATH=/home/pierres/COURS/slamnav/install/nav2_lifecycle_manager:/home/pierres/COURS/slamnav/install/nav2_util:/home/pierres/COURS/slamnav/install/nav2_msgs:/home/pierres/COURS/slamnav/install/nav2_common:${AMENT_PREFIX_PATH} CMAKE_PREFIX_PATH=/home/pierres/COURS/slamnav/install/nav2_lifecycle_manager:/home/pierres/COURS/slamnav/install/nav2_util:/home/pierres/COURS/slamnav/install/nav2_msgs:/home/pierres/COURS/slamnav/install/nav2_common:/opt/ros/humble:/home/pierres/COURS/slamnav/install/slamnav_turtlebot LD_LIBRARY_PATH=/home/pierres/COURS/slamnav/install/nav2_lifecycle_manager/lib:/home/pierres/COURS/slamnav/install/nav2_util/lib:/home/pierres/COURS/slamnav/install/nav2_msgs/lib:${LD_LIBRARY_PATH} PYTHONPATH=/home/pierres/COURS/slamnav/install/nav2_msgs/local/lib/python3.10/dist-packages:/home/pierres/COURS/slamnav/install/nav2_common/local/lib/python3.10/dist-packages:${PYTHONPATH} /usr/bin/cmake --install /home/pierres/COURS/slamnav/build/nav2_rviz_plugins
[0.219s] -- Install configuration: "Humble"
[0.219s] -- Execute custom install script
[0.219s] -- Up-to-date symlink: /home/pierres/COURS/slamnav/install/nav2_rviz_plugins/share/nav2_rviz_plugins//plugins_description.xml
[0.220s] -- Up-to-date symlink: /home/pierres/COURS/slamnav/install/nav2_rviz_plugins/include//nav2_rviz_plugins/goal_common.hpp
[0.220s] -- Up-to-date symlink: /home/pierres/COURS/slamnav/install/nav2_rviz_plugins/include//nav2_rviz_plugins/goal_pose_updater.hpp
[0.220s] -- Up-to-date symlink: /home/pierres/COURS/slamnav/install/nav2_rviz_plugins/include//nav2_rviz_plugins/goal_tool.hpp
[0.220s] -- Up-to-date symlink: /home/pierres/COURS/slamnav/install/nav2_rviz_plugins/include//nav2_rviz_plugins/nav2_panel.hpp
[0.220s] -- Up-to-date symlink: /home/pierres/COURS/slamnav/install/nav2_rviz_plugins/include//nav2_rviz_plugins/particle_cloud_display/flat_weighted_arrows_array.hpp
[0.220s] -- Up-to-date symlink: /home/pierres/COURS/slamnav/install/nav2_rviz_plugins/include//nav2_rviz_plugins/particle_cloud_display/particle_cloud_display.hpp
[0.220s] -- Up-to-date symlink: /home/pierres/COURS/slamnav/install/nav2_rviz_plugins/include//nav2_rviz_plugins/ros_action_qevent.hpp
[0.220s] -- Up-to-date symlink: /home/pierres/COURS/slamnav/install/nav2_rviz_plugins/share/nav2_rviz_plugins/environment/library_path.sh
[0.220s] -- Up-to-date symlink: /home/pierres/COURS/slamnav/install/nav2_rviz_plugins/share/nav2_rviz_plugins/environment/library_path.dsv
[0.220s] -- Up-to-date symlink: /home/pierres/COURS/slamnav/install/nav2_rviz_plugins/share/ament_index/resource_index/package_run_dependencies/nav2_rviz_plugins
[0.221s] -- Up-to-date symlink: /home/pierres/COURS/slamnav/install/nav2_rviz_plugins/share/ament_index/resource_index/parent_prefix_path/nav2_rviz_plugins
[0.221s] -- Up-to-date symlink: /home/pierres/COURS/slamnav/install/nav2_rviz_plugins/share/nav2_rviz_plugins/environment/ament_prefix_path.sh
[0.221s] -- Up-to-date symlink: /home/pierres/COURS/slamnav/install/nav2_rviz_plugins/share/nav2_rviz_plugins/environment/ament_prefix_path.dsv
[0.221s] -- Up-to-date symlink: /home/pierres/COURS/slamnav/install/nav2_rviz_plugins/share/nav2_rviz_plugins/environment/path.sh
[0.221s] -- Up-to-date symlink: /home/pierres/COURS/slamnav/install/nav2_rviz_plugins/share/nav2_rviz_plugins/environment/path.dsv
[0.221s] -- Up-to-date symlink: /home/pierres/COURS/slamnav/install/nav2_rviz_plugins/share/nav2_rviz_plugins/local_setup.bash
[0.221s] -- Up-to-date symlink: /home/pierres/COURS/slamnav/install/nav2_rviz_plugins/share/nav2_rviz_plugins/local_setup.sh
[0.222s] -- Up-to-date symlink: /home/pierres/COURS/slamnav/install/nav2_rviz_plugins/share/nav2_rviz_plugins/local_setup.zsh
[0.222s] -- Up-to-date symlink: /home/pierres/COURS/slamnav/install/nav2_rviz_plugins/share/nav2_rviz_plugins/local_setup.dsv
[0.222s] -- Symlinking: /home/pierres/COURS/slamnav/install/nav2_rviz_plugins/share/nav2_rviz_plugins/package.dsv
[0.231s] -- Up-to-date symlink: /home/pierres/COURS/slamnav/install/nav2_rviz_plugins/share/ament_index/resource_index/packages/nav2_rviz_plugins
[0.231s] -- Up-to-date symlink: /home/pierres/COURS/slamnav/install/nav2_rviz_plugins/share/ament_index/resource_index/rviz_common__pluginlib__plugin/nav2_rviz_plugins
[0.232s] -- Up-to-date symlink: /home/pierres/COURS/slamnav/install/nav2_rviz_plugins/share/nav2_rviz_plugins/cmake/ament_cmake_export_include_directories-extras.cmake
[0.232s] -- Up-to-date symlink: /home/pierres/COURS/slamnav/install/nav2_rviz_plugins/share/nav2_rviz_plugins/cmake/ament_cmake_export_targets-extras.cmake
[0.232s] -- Up-to-date symlink: /home/pierres/COURS/slamnav/install/nav2_rviz_plugins/share/nav2_rviz_plugins/cmake/ament_cmake_export_dependencies-extras.cmake
[0.232s] -- Up-to-date symlink: /home/pierres/COURS/slamnav/install/nav2_rviz_plugins/share/nav2_rviz_plugins/cmake/nav2_rviz_pluginsConfig.cmake
[0.232s] -- Up-to-date symlink: /home/pierres/COURS/slamnav/install/nav2_rviz_plugins/share/nav2_rviz_plugins/cmake/nav2_rviz_pluginsConfig-version.cmake
[0.232s] -- Up-to-date symlink: /home/pierres/COURS/slamnav/install/nav2_rviz_plugins/share/nav2_rviz_plugins/package.xml
[0.233s] -- Up-to-date: /home/pierres/COURS/slamnav/install/nav2_rviz_plugins/lib/libnav2_rviz_plugins.so
[0.233s] -- Up-to-date: /home/pierres/COURS/slamnav/install/nav2_rviz_plugins/share/nav2_rviz_plugins/cmake/nav2_rviz_pluginsExport.cmake
[0.234s] -- Up-to-date: /home/pierres/COURS/slamnav/install/nav2_rviz_plugins/share/nav2_rviz_plugins/cmake/nav2_rviz_pluginsExport-humble.cmake
[0.236s] Invoked command in '/home/pierres/COURS/slamnav/build/nav2_rviz_plugins' returned '0': AMENT_PREFIX_PATH=/home/pierres/COURS/slamnav/install/nav2_lifecycle_manager:/home/pierres/COURS/slamnav/install/nav2_util:/home/pierres/COURS/slamnav/install/nav2_msgs:/home/pierres/COURS/slamnav/install/nav2_common:${AMENT_PREFIX_PATH} CMAKE_PREFIX_PATH=/home/pierres/COURS/slamnav/install/nav2_lifecycle_manager:/home/pierres/COURS/slamnav/install/nav2_util:/home/pierres/COURS/slamnav/install/nav2_msgs:/home/pierres/COURS/slamnav/install/nav2_common:/opt/ros/humble:/home/pierres/COURS/slamnav/install/slamnav_turtlebot LD_LIBRARY_PATH=/home/pierres/COURS/slamnav/install/nav2_lifecycle_manager/lib:/home/pierres/COURS/slamnav/install/nav2_util/lib:/home/pierres/COURS/slamnav/install/nav2_msgs/lib:${LD_LIBRARY_PATH} PYTHONPATH=/home/pierres/COURS/slamnav/install/nav2_msgs/local/lib/python3.10/dist-packages:/home/pierres/COURS/slamnav/install/nav2_common/local/lib/python3.10/dist-packages:${PYTHONPATH} /usr/bin/cmake --install /home/pierres/COURS/slamnav/build/nav2_rviz_plugins
