[0.014s] Invoking command in '/home/pierres/COURS/slamnav/build/nav2_util': AMENT_PREFIX_PATH=/home/pierres/COURS/slamnav/install/nav2_msgs:/home/pierres/COURS/slamnav/install/nav2_common:${AMENT_PREFIX_PATH} CMAKE_PREFIX_PATH=/home/pierres/COURS/slamnav/install/nav2_msgs:/home/pierres/COURS/slamnav/install/nav2_common:/home/pierres/COURS/slamnav/install/slam_toolbox:/opt/ros/humble:/home/pierres/COURS/slamnav/install/slamnav_turtlebot LD_LIBRARY_PATH=/home/pierres/COURS/slamnav/install/nav2_msgs/lib:${LD_LIBRARY_PATH} PYTHONPATH=/home/pierres/COURS/slamnav/install/nav2_msgs/local/lib/python3.10/dist-packages:/home/pierres/COURS/slamnav/install/nav2_common/local/lib/python3.10/dist-packages:${PYTHONPATH} /usr/bin/cmake /home/pierres/COURS/slamnav/src/navigation2/nav2_util -DCMAKE_BUILD_TYPE=Humble -DAMENT_CMAKE_SYMLINK_INSTALL=1 -DCMAKE_INSTALL_PREFIX=/home/pierres/COURS/slamnav/install/nav2_util
[0.027s] -- Found ament_cmake: 1.3.10 (/opt/ros/humble/share/ament_cmake/cmake)
[0.121s] -- Override CMake install command with custom implementation using symlinks instead of copying resources
[0.125s] -- Found nav2_common: 1.1.16 (/home/pierres/COURS/slamnav/install/nav2_common/share/nav2_common/cmake)
[0.125s] -- Found nav2_msgs: 1.1.16 (/home/pierres/COURS/slamnav/install/nav2_msgs/share/nav2_msgs/cmake)
[0.142s] -- Found rosidl_generator_c: 3.1.5 (/opt/ros/humble/share/rosidl_generator_c/cmake)
[0.143s] -- Found rosidl_adapter: 3.1.5 (/opt/ros/humble/share/rosidl_adapter/cmake)
[0.147s] -- Found rosidl_generator_cpp: 3.1.5 (/opt/ros/humble/share/rosidl_generator_cpp/cmake)
[0.153s] -- Using all available rosidl_typesupport_c: rosidl_typesupport_fastrtps_c;rosidl_typesupport_introspection_c
[0.161s] -- Using all available rosidl_typesupport_cpp: rosidl_typesupport_fastrtps_cpp;rosidl_typesupport_introspection_cpp
[0.223s] -- Found tf2_ros: 0.25.8 (/opt/ros/humble/share/tf2_ros/cmake)
[0.253s] -- Found rmw_implementation_cmake: 6.1.2 (/opt/ros/humble/share/rmw_implementation_cmake/cmake)
[0.253s] -- Found rmw_cyclonedds_cpp: 1.3.4 (/opt/ros/humble/share/rmw_cyclonedds_cpp/cmake)
[0.265s] -- Using RMW implementation 'rmw_cyclonedds_cpp' as default
[0.314s] -- Found tf2_geometry_msgs: 0.25.8 (/opt/ros/humble/share/tf2_geometry_msgs/cmake)
[0.317s] -- Found eigen3_cmake_module: 0.1.1 (/opt/ros/humble/share/eigen3_cmake_module/cmake)
[0.318s] -- Ensuring Eigen3 include directory is part of orocos-kdl CMake target
[0.321s] -- Found lifecycle_msgs: 1.2.1 (/opt/ros/humble/share/lifecycle_msgs/cmake)
[0.326s] -- Found rclcpp_lifecycle: 16.0.10 (/opt/ros/humble/share/rclcpp_lifecycle/cmake)
[0.331s] -- Found bondcpp: 3.0.2 (/opt/ros/humble/share/bondcpp/cmake)
[0.351s] -- Found ament_lint_auto: 0.12.11 (/opt/ros/humble/share/ament_lint_auto/cmake)
[0.352s] -- Found ament_cmake_pytest: 1.3.10 (/opt/ros/humble/share/ament_cmake_pytest/cmake)
[0.352s] -- Found launch_testing_ament_cmake: 1.0.6 (/opt/ros/humble/share/launch_testing_ament_cmake/cmake)
[0.352s] -- Found python_cmake_module: 0.10.0 (/opt/ros/humble/share/python_cmake_module/cmake)
[0.370s] -- Using PYTHON_EXECUTABLE: /usr/bin/python3
[0.370s] -- Using PYTHON_INCLUDE_DIRS: /usr/include/python3.10
[0.370s] -- Using PYTHON_LIBRARIES: /usr/lib/x86_64-linux-gnu/libpython3.10.so
[0.454s] -- Found gtest sources under '/opt/ros/humble/src/gtest_vendor': C++ tests using 'Google Test' will be built
[0.478s] -- Added test 'copyright' to check source files copyright and LICENSE
[0.479s] -- Added test 'cppcheck' to perform static code analysis on C / C++ code
[0.479s] -- Configured cppcheck include dirs: /home/pierres/COURS/slamnav/src/navigation2/nav2_util/include
[0.479s] -- Configured cppcheck exclude dirs and/or files: 
[0.480s] -- Added test 'cpplint' to check C / C++ code against the Google style
[0.480s] -- Configured cpplint exclude dirs and/or files: 
[0.481s] -- Added test 'lint_cmake' to check CMake code style
[0.482s] -- Added test 'uncrustify' to check C / C++ code style
[0.482s] -- Configured uncrustify additional arguments: 
[0.482s] -- Added test 'xmllint' to check XML markup files
[0.484s] -- Configuring done
[0.564s] -- Generating done
[0.566s] -- Build files have been written to: /home/pierres/COURS/slamnav/build/nav2_util
[0.574s] Invoked command in '/home/pierres/COURS/slamnav/build/nav2_util' returned '0': AMENT_PREFIX_PATH=/home/pierres/COURS/slamnav/install/nav2_msgs:/home/pierres/COURS/slamnav/install/nav2_common:${AMENT_PREFIX_PATH} CMAKE_PREFIX_PATH=/home/pierres/COURS/slamnav/install/nav2_msgs:/home/pierres/COURS/slamnav/install/nav2_common:/home/pierres/COURS/slamnav/install/slam_toolbox:/opt/ros/humble:/home/pierres/COURS/slamnav/install/slamnav_turtlebot LD_LIBRARY_PATH=/home/pierres/COURS/slamnav/install/nav2_msgs/lib:${LD_LIBRARY_PATH} PYTHONPATH=/home/pierres/COURS/slamnav/install/nav2_msgs/local/lib/python3.10/dist-packages:/home/pierres/COURS/slamnav/install/nav2_common/local/lib/python3.10/dist-packages:${PYTHONPATH} /usr/bin/cmake /home/pierres/COURS/slamnav/src/navigation2/nav2_util -DCMAKE_BUILD_TYPE=Humble -DAMENT_CMAKE_SYMLINK_INSTALL=1 -DCMAKE_INSTALL_PREFIX=/home/pierres/COURS/slamnav/install/nav2_util
[0.575s] Invoking command in '/home/pierres/COURS/slamnav/build/nav2_util': AMENT_PREFIX_PATH=/home/pierres/COURS/slamnav/install/nav2_msgs:/home/pierres/COURS/slamnav/install/nav2_common:${AMENT_PREFIX_PATH} CMAKE_PREFIX_PATH=/home/pierres/COURS/slamnav/install/nav2_msgs:/home/pierres/COURS/slamnav/install/nav2_common:/home/pierres/COURS/slamnav/install/slam_toolbox:/opt/ros/humble:/home/pierres/COURS/slamnav/install/slamnav_turtlebot LD_LIBRARY_PATH=/home/pierres/COURS/slamnav/install/nav2_msgs/lib:${LD_LIBRARY_PATH} PYTHONPATH=/home/pierres/COURS/slamnav/install/nav2_msgs/local/lib/python3.10/dist-packages:/home/pierres/COURS/slamnav/install/nav2_common/local/lib/python3.10/dist-packages:${PYTHONPATH} /usr/bin/cmake --build /home/pierres/COURS/slamnav/build/nav2_util -- -j16 -l16
[0.622s] [  2%] [32mBuilding CXX object gtest/CMakeFiles/gtest_main.dir/src/gtest_main.cc.o[0m
[0.622s] [  5%] [32mBuilding CXX object src/CMakeFiles/nav2_util_core.dir/node_utils.cpp.o[0m
[0.622s] [  7%] [32mBuilding CXX object src/CMakeFiles/nav2_util_core.dir/node_thread.cpp.o[0m
[0.622s] [ 10%] [32mBuilding CXX object src/CMakeFiles/nav2_util_core.dir/odometry_utils.cpp.o[0m
[0.623s] [ 12%] [32mBuilding CXX object src/CMakeFiles/nav2_util_core.dir/lifecycle_node.cpp.o[0m
[0.623s] [ 15%] [32mBuilding CXX object src/CMakeFiles/nav2_util_core.dir/robot_utils.cpp.o[0m
[0.623s] [ 17%] [32mBuilding CXX object gtest/CMakeFiles/gtest.dir/src/gtest-all.cc.o[0m
[0.623s] [ 20%] [32mBuilding CXX object src/CMakeFiles/nav2_util_core.dir/string_utils.cpp.o[0m
[0.623s] [ 25%] [32mBuilding CXX object src/CMakeFiles/nav2_util_core.dir/lifecycle_service_client.cpp.o[0m
[0.623s] [ 25%] [32mBuilding CXX object src/CMakeFiles/nav2_util_core.dir/costmap.cpp.o[0m
[0.624s] [ 27%] [32mBuilding CXX object src/CMakeFiles/nav2_util_core.dir/lifecycle_utils.cpp.o[0m
[1.644s] [ 30%] [32m[1mLinking CXX static library libgtest_main.a[0m
[1.686s] [ 30%] Built target gtest_main
[4.219s] [ 32%] [32m[1mLinking CXX static library libgtest.a[0m
[4.270s] [ 32%] Built target gtest
[4.294s] [ 35%] [32mBuilding CXX object test/CMakeFiles/test_execution_timer.dir/test_execution_timer.cpp.o[0m
[4.945s] [ 37%] [32m[1mLinking CXX executable test_execution_timer[0m
[5.037s] [ 37%] Built target test_execution_timer
[7.524s] [ 40%] [32m[1mLinking CXX shared library libnav2_util_core.so[0m
[7.961s] [ 40%] Built target nav2_util_core
[7.981s] [ 45%] [32mBuilding CXX object src/CMakeFiles/lifecycle_bringup.dir/lifecycle_bringup_commandline.cpp.o[0m
[7.981s] [ 45%] [32mBuilding CXX object test/CMakeFiles/test_lifecycle_node.dir/test_lifecycle_node.cpp.o[0m
[7.982s] [ 50%] [32mBuilding CXX object test/CMakeFiles/test_lifecycle_utils.dir/test_lifecycle_utils.cpp.o[0m
[7.982s] [ 50%] [32mBuilding CXX object test/CMakeFiles/test_string_utils.dir/test_string_utils.cpp.o[0m
[7.982s] [ 52%] [32mBuilding CXX object test/CMakeFiles/test_lifecycle_cli_node.dir/test_lifecycle_cli_node.cpp.o[0m
[7.982s] [ 55%] [32mBuilding CXX object test/CMakeFiles/test_node_utils.dir/test_node_utils.cpp.o[0m
[7.982s] [ 57%] [32mBuilding CXX object test/CMakeFiles/test_service_client.dir/test_service_client.cpp.o[0m
[7.983s] [ 60%] [32mBuilding CXX object test/CMakeFiles/test_geometry_utils.dir/test_geometry_utils.cpp.o[0m
[7.985s] [ 65%] [32mBuilding CXX object test/CMakeFiles/test_robot_utils.dir/test_robot_utils.cpp.o[0m
[7.985s] [ 65%] [32mBuilding CXX object test/CMakeFiles/test_actions.dir/test_actions.cpp.o[0m
[7.989s] [ 67%] [32mBuilding CXX object test/CMakeFiles/test_odometry_utils.dir/test_odometry_utils.cpp.o[0m
[7.989s] [ 70%] [32mBuilding CXX object test/CMakeFiles/test_validation_messages.dir/test_validation_messages.cpp.o[0m
[8.755s] [ 72%] [32m[1mLinking CXX executable test_string_utils[0m
[9.153s] [ 72%] Built target test_string_utils
[9.989s] [ 75%] [32m[1mLinking CXX executable test_validation_messages[0m
[10.449s] [ 75%] Built target test_validation_messages
[11.248s] [ 77%] [32m[1mLinking CXX executable test_geometry_utils[0m
[11.716s] [ 77%] Built target test_geometry_utils
[11.759s] [ 80%] [32m[1mLinking CXX executable test_robot_utils[0m
[12.111s] [ 80%] Built target test_robot_utils
[12.141s] [ 85%] [32m[1mLinking CXX executable test_odometry_utils[0m
[12.141s] [ 85%] [32m[1mLinking CXX executable lifecycle_bringup[0m
[12.409s] [ 85%] Built target lifecycle_bringup
[12.633s] [ 85%] Built target test_odometry_utils
[12.777s] [ 87%] [32m[1mLinking CXX executable test_lifecycle_node[0m
[12.884s] [ 90%] [32m[1mLinking CXX executable test_node_utils[0m
[13.047s] [ 92%] [32m[1mLinking CXX executable test_lifecycle_utils[0m
[13.128s] [ 92%] Built target test_lifecycle_node
[13.264s] [ 92%] Built target test_node_utils
[13.305s] [ 95%] [32m[1mLinking CXX executable test_lifecycle_cli_node[0m
[13.394s] [ 95%] Built target test_lifecycle_utils
[13.612s] [ 95%] Built target test_lifecycle_cli_node
[15.535s] [ 97%] [32m[1mLinking CXX executable test_service_client[0m
[15.978s] [ 97%] Built target test_service_client
[17.345s] [100%] [32m[1mLinking CXX executable test_actions[0m
[17.937s] [100%] Built target test_actions
[17.955s] Invoked command in '/home/pierres/COURS/slamnav/build/nav2_util' returned '0': AMENT_PREFIX_PATH=/home/pierres/COURS/slamnav/install/nav2_msgs:/home/pierres/COURS/slamnav/install/nav2_common:${AMENT_PREFIX_PATH} CMAKE_PREFIX_PATH=/home/pierres/COURS/slamnav/install/nav2_msgs:/home/pierres/COURS/slamnav/install/nav2_common:/home/pierres/COURS/slamnav/install/slam_toolbox:/opt/ros/humble:/home/pierres/COURS/slamnav/install/slamnav_turtlebot LD_LIBRARY_PATH=/home/pierres/COURS/slamnav/install/nav2_msgs/lib:${LD_LIBRARY_PATH} PYTHONPATH=/home/pierres/COURS/slamnav/install/nav2_msgs/local/lib/python3.10/dist-packages:/home/pierres/COURS/slamnav/install/nav2_common/local/lib/python3.10/dist-packages:${PYTHONPATH} /usr/bin/cmake --build /home/pierres/COURS/slamnav/build/nav2_util -- -j16 -l16
[18.004s] Invoking command in '/home/pierres/COURS/slamnav/build/nav2_util': AMENT_PREFIX_PATH=/home/pierres/COURS/slamnav/install/nav2_msgs:/home/pierres/COURS/slamnav/install/nav2_common:${AMENT_PREFIX_PATH} CMAKE_PREFIX_PATH=/home/pierres/COURS/slamnav/install/nav2_msgs:/home/pierres/COURS/slamnav/install/nav2_common:/home/pierres/COURS/slamnav/install/slam_toolbox:/opt/ros/humble:/home/pierres/COURS/slamnav/install/slamnav_turtlebot LD_LIBRARY_PATH=/home/pierres/COURS/slamnav/install/nav2_msgs/lib:${LD_LIBRARY_PATH} PYTHONPATH=/home/pierres/COURS/slamnav/install/nav2_msgs/local/lib/python3.10/dist-packages:/home/pierres/COURS/slamnav/install/nav2_common/local/lib/python3.10/dist-packages:${PYTHONPATH} /usr/bin/cmake --install /home/pierres/COURS/slamnav/build/nav2_util
[18.013s] -- Install configuration: "Humble"
[18.014s] -- Execute custom install script
[18.014s] -- Symlinking: /home/pierres/COURS/slamnav/install/nav2_util/lib/libnav2_util_core.so
[18.025s] -- Symlinking: /home/pierres/COURS/slamnav/install/nav2_util/lib/nav2_util/lifecycle_bringup
[18.037s] -- Symlinking: /home/pierres/COURS/slamnav/install/nav2_util/include//nav2_util/clear_entirely_costmap_service_client.hpp
[18.049s] -- Symlinking: /home/pierres/COURS/slamnav/install/nav2_util/include//nav2_util/costmap.hpp
[18.061s] -- Symlinking: /home/pierres/COURS/slamnav/install/nav2_util/include//nav2_util/execution_timer.hpp
[18.071s] -- Symlinking: /home/pierres/COURS/slamnav/install/nav2_util/include//nav2_util/geometry_utils.hpp
[18.081s] -- Symlinking: /home/pierres/COURS/slamnav/install/nav2_util/include//nav2_util/lifecycle_node.hpp
[18.091s] -- Symlinking: /home/pierres/COURS/slamnav/install/nav2_util/include//nav2_util/lifecycle_service_client.hpp
[18.096s] -- Symlinking: /home/pierres/COURS/slamnav/install/nav2_util/include//nav2_util/lifecycle_utils.hpp
[18.106s] -- Symlinking: /home/pierres/COURS/slamnav/install/nav2_util/include//nav2_util/line_iterator.hpp
[18.116s] -- Symlinking: /home/pierres/COURS/slamnav/install/nav2_util/include//nav2_util/node_thread.hpp
[18.124s] -- Symlinking: /home/pierres/COURS/slamnav/install/nav2_util/include//nav2_util/node_utils.hpp
[18.130s] -- Symlinking: /home/pierres/COURS/slamnav/install/nav2_util/include//nav2_util/occ_grid_values.hpp
[18.140s] -- Symlinking: /home/pierres/COURS/slamnav/install/nav2_util/include//nav2_util/odometry_utils.hpp
[18.147s] -- Symlinking: /home/pierres/COURS/slamnav/install/nav2_util/include//nav2_util/robot_utils.hpp
[18.160s] -- Symlinking: /home/pierres/COURS/slamnav/install/nav2_util/include//nav2_util/service_client.hpp
[18.170s] -- Symlinking: /home/pierres/COURS/slamnav/install/nav2_util/include//nav2_util/simple_action_server.hpp
[18.180s] -- Symlinking: /home/pierres/COURS/slamnav/install/nav2_util/include//nav2_util/string_utils.hpp
[18.189s] -- Symlinking: /home/pierres/COURS/slamnav/install/nav2_util/include//nav2_util/validate_messages.hpp
[18.197s] -- Symlinking: /home/pierres/COURS/slamnav/install/nav2_util/share/nav2_util/environment/library_path.sh
[18.203s] -- Symlinking: /home/pierres/COURS/slamnav/install/nav2_util/share/nav2_util/environment/library_path.dsv
[18.211s] -- Symlinking: /home/pierres/COURS/slamnav/install/nav2_util/share/ament_index/resource_index/package_run_dependencies/nav2_util
[18.218s] -- Symlinking: /home/pierres/COURS/slamnav/install/nav2_util/share/ament_index/resource_index/parent_prefix_path/nav2_util
[18.228s] -- Symlinking: /home/pierres/COURS/slamnav/install/nav2_util/share/nav2_util/environment/ament_prefix_path.sh
[18.235s] -- Symlinking: /home/pierres/COURS/slamnav/install/nav2_util/share/nav2_util/environment/ament_prefix_path.dsv
[18.246s] -- Symlinking: /home/pierres/COURS/slamnav/install/nav2_util/share/nav2_util/environment/path.sh
[18.258s] -- Symlinking: /home/pierres/COURS/slamnav/install/nav2_util/share/nav2_util/environment/path.dsv
[18.265s] -- Symlinking: /home/pierres/COURS/slamnav/install/nav2_util/share/nav2_util/local_setup.bash
[18.272s] -- Symlinking: /home/pierres/COURS/slamnav/install/nav2_util/share/nav2_util/local_setup.sh
[18.280s] -- Symlinking: /home/pierres/COURS/slamnav/install/nav2_util/share/nav2_util/local_setup.zsh
[18.287s] -- Symlinking: /home/pierres/COURS/slamnav/install/nav2_util/share/nav2_util/local_setup.dsv
[18.297s] -- Symlinking: /home/pierres/COURS/slamnav/install/nav2_util/share/nav2_util/package.dsv
[18.306s] -- Symlinking: /home/pierres/COURS/slamnav/install/nav2_util/share/ament_index/resource_index/packages/nav2_util
[18.317s] -- Symlinking: /home/pierres/COURS/slamnav/install/nav2_util/share/nav2_util/cmake/ament_cmake_export_include_directories-extras.cmake
[18.327s] -- Symlinking: /home/pierres/COURS/slamnav/install/nav2_util/share/nav2_util/cmake/ament_cmake_export_libraries-extras.cmake
[18.336s] -- Symlinking: /home/pierres/COURS/slamnav/install/nav2_util/share/nav2_util/cmake/ament_cmake_export_dependencies-extras.cmake
[18.347s] -- Symlinking: /home/pierres/COURS/slamnav/install/nav2_util/share/nav2_util/cmake/nav2_utilConfig.cmake
[18.360s] -- Symlinking: /home/pierres/COURS/slamnav/install/nav2_util/share/nav2_util/cmake/nav2_utilConfig-version.cmake
[18.370s] -- Symlinking: /home/pierres/COURS/slamnav/install/nav2_util/share/nav2_util/package.xml
[18.382s] Invoked command in '/home/pierres/COURS/slamnav/build/nav2_util' returned '0': AMENT_PREFIX_PATH=/home/pierres/COURS/slamnav/install/nav2_msgs:/home/pierres/COURS/slamnav/install/nav2_common:${AMENT_PREFIX_PATH} CMAKE_PREFIX_PATH=/home/pierres/COURS/slamnav/install/nav2_msgs:/home/pierres/COURS/slamnav/install/nav2_common:/home/pierres/COURS/slamnav/install/slam_toolbox:/opt/ros/humble:/home/pierres/COURS/slamnav/install/slamnav_turtlebot LD_LIBRARY_PATH=/home/pierres/COURS/slamnav/install/nav2_msgs/lib:${LD_LIBRARY_PATH} PYTHONPATH=/home/pierres/COURS/slamnav/install/nav2_msgs/local/lib/python3.10/dist-packages:/home/pierres/COURS/slamnav/install/nav2_common/local/lib/python3.10/dist-packages:${PYTHONPATH} /usr/bin/cmake --install /home/pierres/COURS/slamnav/build/nav2_util
