[0.025s] Invoking command in '/home/pierres/COURS/slamnav/build/nav2_behavior_tree': AMENT_PREFIX_PATH=/home/pierres/COURS/slamnav/install/nav2_util:/home/pierres/COURS/slamnav/install/nav2_msgs:/home/pierres/COURS/slamnav/install/nav2_common:${AMENT_PREFIX_PATH} CMAKE_PREFIX_PATH=/home/pierres/COURS/slamnav/install/nav2_util:/home/pierres/COURS/slamnav/install/nav2_msgs:/home/pierres/COURS/slamnav/install/nav2_common:/home/pierres/COURS/slamnav/install/slam_toolbox:/opt/ros/humble:/home/pierres/COURS/slamnav/install/slamnav_turtlebot LD_LIBRARY_PATH=/home/pierres/COURS/slamnav/install/nav2_util/lib:/home/pierres/COURS/slamnav/install/nav2_msgs/lib:${LD_LIBRARY_PATH} PYTHONPATH=/home/pierres/COURS/slamnav/install/nav2_msgs/local/lib/python3.10/dist-packages:/home/pierres/COURS/slamnav/install/nav2_common/local/lib/python3.10/dist-packages:${PYTHONPATH} /usr/bin/cmake /home/pierres/COURS/slamnav/src/navigation2/nav2_behavior_tree -DCMAKE_INSTALL_PREFIX=/home/pierres/COURS/slamnav/install/nav2_behavior_tree
[0.038s] -- Found ament_cmake: 1.3.10 (/opt/ros/humble/share/ament_cmake/cmake)
[0.156s] -- Override CMake install command with custom implementation using symlinks instead of copying resources
[0.165s] -- Found nav2_common: 1.1.16 (/home/pierres/COURS/slamnav/install/nav2_common/share/nav2_common/cmake)
[0.165s] -- Found rclcpp: 16.0.10 (/opt/ros/humble/share/rclcpp/cmake)
[0.186s] -- Found rosidl_generator_c: 3.1.5 (/opt/ros/humble/share/rosidl_generator_c/cmake)
[0.188s] -- Found rosidl_adapter: 3.1.5 (/opt/ros/humble/share/rosidl_adapter/cmake)
[0.192s] -- Found rosidl_generator_cpp: 3.1.5 (/opt/ros/humble/share/rosidl_generator_cpp/cmake)
[0.198s] -- Using all available rosidl_typesupport_c: rosidl_typesupport_fastrtps_c;rosidl_typesupport_introspection_c
[0.207s] -- Using all available rosidl_typesupport_cpp: rosidl_typesupport_fastrtps_cpp;rosidl_typesupport_introspection_cpp
[0.227s] -- Found rmw_implementation_cmake: 6.1.2 (/opt/ros/humble/share/rmw_implementation_cmake/cmake)
[0.228s] -- Found rmw_cyclonedds_cpp: 1.3.4 (/opt/ros/humble/share/rmw_cyclonedds_cpp/cmake)
[0.240s] -- Using RMW implementation 'rmw_cyclonedds_cpp' as default
[0.272s] -- Found rclcpp_action: 16.0.10 (/opt/ros/humble/share/rclcpp_action/cmake)
[0.291s] -- Found rclcpp_lifecycle: 16.0.10 (/opt/ros/humble/share/rclcpp_lifecycle/cmake)
[0.301s] -- Found geometry_msgs: 4.2.4 (/opt/ros/humble/share/geometry_msgs/cmake)
[0.309s] -- Found sensor_msgs: 4.2.4 (/opt/ros/humble/share/sensor_msgs/cmake)
[0.319s] -- Found nav2_msgs: 1.1.16 (/home/pierres/COURS/slamnav/install/nav2_msgs/share/nav2_msgs/cmake)
[0.346s] -- Found tf2_ros: 0.25.8 (/opt/ros/humble/share/tf2_ros/cmake)
[0.379s] -- Found tf2_geometry_msgs: 0.25.8 (/opt/ros/humble/share/tf2_geometry_msgs/cmake)
[0.381s] -- Found eigen3_cmake_module: 0.1.1 (/opt/ros/humble/share/eigen3_cmake_module/cmake)
[0.381s] -- Ensuring Eigen3 include directory is part of orocos-kdl CMake target
[0.382s] -- Found std_srvs: 4.2.4 (/opt/ros/humble/share/std_srvs/cmake)
[0.388s] -- Found nav2_util: 1.1.16 (/home/pierres/COURS/slamnav/install/nav2_util/share/nav2_util/cmake)
[1.237s] -- Found ament_lint_auto: 0.12.11 (/opt/ros/humble/share/ament_lint_auto/cmake)
[1.300s] -- Found gtest sources under '/opt/ros/humble/src/gtest_vendor': C++ tests using 'Google Test' will be built
[2.213s] -- Added test 'copyright' to check source files copyright and LICENSE
[2.220s] -- Added test 'cppcheck' to perform static code analysis on C / C++ code
[2.226s] -- Configured cppcheck include dirs: /home/pierres/COURS/slamnav/src/navigation2/nav2_behavior_tree/include
[2.226s] -- Configured cppcheck exclude dirs and/or files: 
[2.230s] -- Added test 'cpplint' to check C / C++ code against the Google style
[2.230s] -- Configured cpplint exclude dirs and/or files: 
[2.231s] -- Added test 'lint_cmake' to check CMake code style
[2.235s] -- Added test 'uncrustify' to check C / C++ code style
[2.235s] -- Configured uncrustify additional arguments: 
[2.235s] -- Added test 'xmllint' to check XML markup files
[2.238s] -- Configuring done
[3.997s] -- Generating done
[4.009s] -- Build files have been written to: /home/pierres/COURS/slamnav/build/nav2_behavior_tree
[4.049s] Invoked command in '/home/pierres/COURS/slamnav/build/nav2_behavior_tree' returned '0': AMENT_PREFIX_PATH=/home/pierres/COURS/slamnav/install/nav2_util:/home/pierres/COURS/slamnav/install/nav2_msgs:/home/pierres/COURS/slamnav/install/nav2_common:${AMENT_PREFIX_PATH} CMAKE_PREFIX_PATH=/home/pierres/COURS/slamnav/install/nav2_util:/home/pierres/COURS/slamnav/install/nav2_msgs:/home/pierres/COURS/slamnav/install/nav2_common:/home/pierres/COURS/slamnav/install/slam_toolbox:/opt/ros/humble:/home/pierres/COURS/slamnav/install/slamnav_turtlebot LD_LIBRARY_PATH=/home/pierres/COURS/slamnav/install/nav2_util/lib:/home/pierres/COURS/slamnav/install/nav2_msgs/lib:${LD_LIBRARY_PATH} PYTHONPATH=/home/pierres/COURS/slamnav/install/nav2_msgs/local/lib/python3.10/dist-packages:/home/pierres/COURS/slamnav/install/nav2_common/local/lib/python3.10/dist-packages:${PYTHONPATH} /usr/bin/cmake /home/pierres/COURS/slamnav/src/navigation2/nav2_behavior_tree -DCMAKE_INSTALL_PREFIX=/home/pierres/COURS/slamnav/install/nav2_behavior_tree
[4.064s] Invoking command in '/home/pierres/COURS/slamnav/build/nav2_behavior_tree': AMENT_PREFIX_PATH=/home/pierres/COURS/slamnav/install/nav2_util:/home/pierres/COURS/slamnav/install/nav2_msgs:/home/pierres/COURS/slamnav/install/nav2_common:${AMENT_PREFIX_PATH} CMAKE_PREFIX_PATH=/home/pierres/COURS/slamnav/install/nav2_util:/home/pierres/COURS/slamnav/install/nav2_msgs:/home/pierres/COURS/slamnav/install/nav2_common:/home/pierres/COURS/slamnav/install/slam_toolbox:/opt/ros/humble:/home/pierres/COURS/slamnav/install/slamnav_turtlebot LD_LIBRARY_PATH=/home/pierres/COURS/slamnav/install/nav2_util/lib:/home/pierres/COURS/slamnav/install/nav2_msgs/lib:${LD_LIBRARY_PATH} PYTHONPATH=/home/pierres/COURS/slamnav/install/nav2_msgs/local/lib/python3.10/dist-packages:/home/pierres/COURS/slamnav/install/nav2_common/local/lib/python3.10/dist-packages:${PYTHONPATH} /usr/bin/cmake --build /home/pierres/COURS/slamnav/build/nav2_behavior_tree -- -j16 -l16
[5.040s] [35m[1mConsolidate compiler generated dependencies of target nav2_controller_cancel_bt_node[0m
[5.040s] [35m[1mConsolidate compiler generated dependencies of target nav2_spin_cancel_bt_node[0m
[5.040s] [35m[1mConsolidate compiler generated dependencies of target nav2_wait_cancel_bt_node[0m
[5.040s] [35m[1mConsolidate compiler generated dependencies of target nav2_behavior_tree[0m
[5.040s] [35m[1mConsolidate compiler generated dependencies of target nav2_compute_path_to_pose_action_bt_node[0m
[5.040s] [35m[1mConsolidate compiler generated dependencies of target nav2_assisted_teleop_cancel_bt_node[0m
[5.040s] [35m[1mConsolidate compiler generated dependencies of target nav2_back_up_cancel_bt_node[0m
[5.041s] [35m[1mConsolidate compiler generated dependencies of target nav2_spin_action_bt_node[0m
[5.041s] [35m[1mConsolidate compiler generated dependencies of target nav2_drive_on_heading_cancel_bt_node[0m
[5.041s] [35m[1mConsolidate compiler generated dependencies of target nav2_compute_path_through_poses_action_bt_node[0m
[5.041s] [35m[1mConsolidate compiler generated dependencies of target nav2_follow_path_action_bt_node[0m
[5.041s] [35m[1mConsolidate compiler generated dependencies of target nav2_drive_on_heading_bt_node[0m
[5.042s] [35m[1mConsolidate compiler generated dependencies of target nav2_back_up_action_bt_node[0m
[5.042s] [35m[1mConsolidate compiler generated dependencies of target nav2_smooth_path_action_bt_node[0m
[5.042s] [35m[1mConsolidate compiler generated dependencies of target nav2_wait_action_bt_node[0m
[5.042s] [35m[1mConsolidate compiler generated dependencies of target nav2_assisted_teleop_action_bt_node[0m
[5.042s] [  1%] Built target nav2_wait_cancel_bt_node
[5.042s] [  2%] Built target nav2_controller_cancel_bt_node
[5.042s] [  3%] Built target nav2_behavior_tree
[5.042s] [  4%] Built target nav2_spin_cancel_bt_node
[5.042s] [  5%] Built target nav2_compute_path_to_pose_action_bt_node
[5.042s] [  6%] Built target nav2_compute_path_through_poses_action_bt_node
[5.042s] [  7%] Built target nav2_back_up_cancel_bt_node
[5.042s] [  8%] Built target nav2_follow_path_action_bt_node
[5.042s] [  9%] Built target nav2_assisted_teleop_cancel_bt_node
[5.042s] [ 10%] Built target nav2_drive_on_heading_cancel_bt_node
[5.042s] [ 11%] Built target nav2_spin_action_bt_node
[5.042s] [ 11%] Built target nav2_smooth_path_action_bt_node
[5.042s] [ 13%] Built target nav2_drive_on_heading_bt_node
[5.042s] [ 13%] Built target nav2_back_up_action_bt_node
[5.042s] [ 14%] Built target nav2_wait_action_bt_node
[5.042s] [ 15%] Built target nav2_assisted_teleop_action_bt_node
[5.042s] [35m[1mConsolidate compiler generated dependencies of target nav2_globally_updated_goal_condition_bt_node[0m
[5.042s] [35m[1mConsolidate compiler generated dependencies of target nav2_transform_available_condition_bt_node[0m
[5.042s] [35m[1mConsolidate compiler generated dependencies of target nav2_goal_reached_condition_bt_node[0m
[5.043s] [35m[1mConsolidate compiler generated dependencies of target nav2_is_stuck_condition_bt_node[0m
[5.043s] [35m[1mConsolidate compiler generated dependencies of target nav2_clear_costmap_service_bt_node[0m
[5.043s] [35m[1mConsolidate compiler generated dependencies of target nav2_goal_updated_condition_bt_node[0m
[5.043s] [35m[1mConsolidate compiler generated dependencies of target nav2_distance_traveled_condition_bt_node[0m
[5.043s] [35m[1mConsolidate compiler generated dependencies of target nav2_initial_pose_received_condition_bt_node[0m
[5.043s] [35m[1mConsolidate compiler generated dependencies of target nav2_is_path_valid_condition_bt_node[0m
[5.043s] [35m[1mConsolidate compiler generated dependencies of target nav2_path_expiring_timer_condition[0m
[5.043s] [35m[1mConsolidate compiler generated dependencies of target nav2_time_expired_condition_bt_node[0m
[5.043s] [35m[1mConsolidate compiler generated dependencies of target nav2_is_battery_charging_condition_bt_node[0m
[5.043s] [ 16%] Built target nav2_globally_updated_goal_condition_bt_node
[5.043s] [ 17%] Built target nav2_transform_available_condition_bt_node
[5.043s] [ 18%] Built target nav2_clear_costmap_service_bt_node
[5.043s] [ 19%] Built target nav2_is_stuck_condition_bt_node
[5.043s] [ 20%] Built target nav2_goal_reached_condition_bt_node
[5.043s] [ 20%] Built target nav2_goal_updated_condition_bt_node
[5.043s] [ 21%] Built target nav2_time_expired_condition_bt_node
[5.043s] [ 22%] Built target nav2_distance_traveled_condition_bt_node
[5.043s] [ 23%] Built target nav2_is_path_valid_condition_bt_node
[5.043s] [ 24%] Built target nav2_path_expiring_timer_condition
[5.043s] [ 25%] Built target nav2_is_battery_charging_condition_bt_node
[5.043s] [ 26%] Built target nav2_initial_pose_received_condition_bt_node
[5.043s] [35m[1mConsolidate compiler generated dependencies of target nav2_is_battery_low_condition_bt_node[0m
[5.043s] [35m[1mConsolidate compiler generated dependencies of target nav2_distance_controller_bt_node[0m
[5.043s] [35m[1mConsolidate compiler generated dependencies of target nav2_reinitialize_global_localization_service_bt_node[0m
[5.044s] [35m[1mConsolidate compiler generated dependencies of target nav2_rate_controller_bt_node[0m
[5.044s] [35m[1mConsolidate compiler generated dependencies of target nav2_truncate_path_action_bt_node[0m
[5.044s] [35m[1mConsolidate compiler generated dependencies of target nav2_truncate_path_local_action_bt_node[0m
[5.044s] [35m[1mConsolidate compiler generated dependencies of target nav2_recovery_node_bt_node[0m
[5.044s] [35m[1mConsolidate compiler generated dependencies of target nav2_navigate_to_pose_action_bt_node[0m
[5.044s] [35m[1mConsolidate compiler generated dependencies of target nav2_path_longer_on_approach_bt_node[0m
[5.044s] [35m[1mConsolidate compiler generated dependencies of target nav2_speed_controller_bt_node[0m
[5.044s] [35m[1mConsolidate compiler generated dependencies of target nav2_remove_passed_goals_action_bt_node[0m
[5.044s] [35m[1mConsolidate compiler generated dependencies of target nav2_goal_updater_node_bt_node[0m
[5.044s] [35m[1mConsolidate compiler generated dependencies of target nav2_navigate_through_poses_action_bt_node[0m
[5.044s] [35m[1mConsolidate compiler generated dependencies of target nav2_get_pose_from_path_action_bt_node[0m
[5.044s] [35m[1mConsolidate compiler generated dependencies of target nav2_pipeline_sequence_bt_node[0m
[5.044s] [ 27%] Built target nav2_rate_controller_bt_node
[5.044s] [ 28%] Built target nav2_reinitialize_global_localization_service_bt_node
[5.044s] [ 29%] Built target nav2_truncate_path_local_action_bt_node
[5.044s] [ 30%] Built target nav2_is_battery_low_condition_bt_node
[5.044s] [ 31%] Built target nav2_distance_controller_bt_node
[5.044s] [ 32%] Built target nav2_truncate_path_action_bt_node
[5.044s] [ 33%] Built target nav2_recovery_node_bt_node
[5.044s] [ 35%] Built target nav2_speed_controller_bt_node
[5.044s] [ 35%] Built target nav2_goal_updater_node_bt_node
[5.044s] [ 36%] Built target nav2_navigate_to_pose_action_bt_node
[5.044s] [ 37%] Built target nav2_pipeline_sequence_bt_node
[5.045s] [ 38%] Built target nav2_remove_passed_goals_action_bt_node
[5.045s] [ 39%] Built target nav2_get_pose_from_path_action_bt_node
[5.045s] [ 40%] Built target nav2_navigate_through_poses_action_bt_node
[5.045s] [ 41%] Built target nav2_path_longer_on_approach_bt_node
[5.045s] [35m[1mConsolidate compiler generated dependencies of target nav2_round_robin_node_bt_node[0m
[5.045s] [35m[1mConsolidate compiler generated dependencies of target nav2_planner_selector_bt_node[0m
[5.045s] [35m[1mConsolidate compiler generated dependencies of target nav2_controller_selector_bt_node[0m
[5.045s] [35m[1mConsolidate compiler generated dependencies of target nav2_single_trigger_bt_node[0m
[5.045s] [35m[1mConsolidate compiler generated dependencies of target gtest_main[0m
[5.045s] [35m[1mConsolidate compiler generated dependencies of target nav2_goal_checker_selector_bt_node[0m
[5.045s] [35m[1mConsolidate compiler generated dependencies of target nav2_smoother_selector_bt_node[0m
[5.045s] [35m[1mConsolidate compiler generated dependencies of target nav2_goal_updated_controller_bt_node[0m
[5.045s] [35m[1mConsolidate compiler generated dependencies of target nav2_progress_checker_selector_bt_node[0m
[5.049s] [35m[1mConsolidate compiler generated dependencies of target gtest[0m
[5.049s] [ 42%] Built target nav2_planner_selector_bt_node
[5.049s] [ 44%] Built target nav2_controller_selector_bt_node
[5.049s] [ 44%] Built target nav2_round_robin_node_bt_node
[5.049s] [ 45%] Built target nav2_single_trigger_bt_node
[5.050s] [ 46%] Built target gtest_main
[5.050s] [ 47%] Built target nav2_smoother_selector_bt_node
[5.050s] [ 48%] Built target nav2_goal_checker_selector_bt_node
[5.050s] [ 49%] Built target nav2_goal_updated_controller_bt_node
[5.050s] [ 50%] Built target nav2_progress_checker_selector_bt_node
[5.050s] [ 50%] Built target gtest
[5.050s] [35m[1mConsolidate compiler generated dependencies of target test_bt_conversions[0m
[5.050s] [35m[1mConsolidate compiler generated dependencies of target test_condition_distance_traveled[0m
[5.050s] [35m[1mConsolidate compiler generated dependencies of target test_condition_time_expired[0m
[5.050s] [35m[1mConsolidate compiler generated dependencies of target test_condition_path_expiring_timer[0m
[5.050s] [35m[1mConsolidate compiler generated dependencies of target test_condition_goal_updated[0m
[5.050s] [35m[1mConsolidate compiler generated dependencies of target test_condition_goal_reached[0m
[5.050s] [35m[1mConsolidate compiler generated dependencies of target test_condition_initial_pose_received[0m
[5.050s] [35m[1mConsolidate compiler generated dependencies of target test_condition_transform_available[0m
[5.050s] [35m[1mConsolidate compiler generated dependencies of target test_condition_globally_updated_goal[0m
[5.050s] [35m[1mConsolidate compiler generated dependencies of target test_condition_is_battery_charging[0m
[5.050s] [35m[1mConsolidate compiler generated dependencies of target test_condition_is_stuck[0m
[5.050s] [35m[1mConsolidate compiler generated dependencies of target test_condition_is_battery_low[0m
[5.050s] [ 51%] Built target test_condition_path_expiring_timer
[5.050s] [35m[1mConsolidate compiler generated dependencies of target test_condition_is_path_valid[0m
[5.051s] [ 52%] Built target test_bt_conversions
[5.051s] [35m[1mConsolidate compiler generated dependencies of target test_decorator_distance_controller[0m
[5.051s] [ 53%] Built target test_condition_distance_traveled
[5.051s] [ 54%] Built target test_condition_initial_pose_received
[5.051s] [ 55%] Built target test_condition_globally_updated_goal
[5.051s] [ 56%] Built target test_condition_goal_reached
[5.051s] [ 57%] Built target test_condition_goal_updated
[5.051s] [ 57%] Built target test_condition_time_expired
[5.051s] [ 58%] Built target test_condition_transform_available
[5.051s] [ 59%] Built target test_condition_is_stuck
[5.051s] [35m[1mConsolidate compiler generated dependencies of target test_decorator_speed_controller[0m
[5.051s] [35m[1mConsolidate compiler generated dependencies of target test_decorator_rate_controller[0m
[5.051s] [ 60%] Built target test_condition_is_battery_charging
[5.051s] [35m[1mConsolidate compiler generated dependencies of target test_goal_updater_node[0m
[5.051s] [ 61%] Built target test_decorator_distance_controller
[5.051s] [ 62%] Built target test_condition_is_battery_low
[5.051s] [35m[1mConsolidate compiler generated dependencies of target test_goal_updated_controller[0m
[5.051s] [35m[1mConsolidate compiler generated dependencies of target test_decorator_path_longer_on_approach[0m
[5.051s] [35m[1mConsolidate compiler generated dependencies of target test_single_trigger_node[0m
[5.051s] [ 63%] Built target test_condition_is_path_valid
[5.051s] [ 64%] Built target test_decorator_rate_controller
[5.051s] [35m[1mConsolidate compiler generated dependencies of target test_control_recovery_node[0m
[5.052s] [35m[1mConsolidate compiler generated dependencies of target test_bt_action_node[0m
[5.052s] [35m[1mConsolidate compiler generated dependencies of target test_control_round_robin_node[0m
[5.052s] [ 65%] Built target test_decorator_speed_controller
[5.052s] [35m[1mConsolidate compiler generated dependencies of target test_control_pipeline_sequence[0m
[5.052s] [ 66%] Built target test_goal_updater_node
[5.052s] [ 67%] Built target test_decorator_path_longer_on_approach
[5.052s] [ 68%] Built target test_goal_updated_controller
[5.052s] [ 69%] Built target test_control_recovery_node
[5.052s] [ 71%] Built target test_control_round_robin_node
[5.052s] [ 70%] Built target test_bt_action_node
[5.052s] [ 72%] Built target test_single_trigger_node
[5.052s] [35m[1mConsolidate compiler generated dependencies of target test_action_back_up_action[0m
[5.052s] [ 73%] Built target test_control_pipeline_sequence
[5.052s] [35m[1mConsolidate compiler generated dependencies of target test_action_spin_action[0m
[5.052s] [35m[1mConsolidate compiler generated dependencies of target test_action_wait_action[0m
[5.052s] [35m[1mConsolidate compiler generated dependencies of target test_action_spin_cancel_action[0m
[5.052s] [35m[1mConsolidate compiler generated dependencies of target test_action_drive_on_heading[0m
[5.052s] [35m[1mConsolidate compiler generated dependencies of target test_action_back_up_cancel_action[0m
[5.052s] [35m[1mConsolidate compiler generated dependencies of target test_action_wait_cancel_action[0m
[5.052s] [35m[1mConsolidate compiler generated dependencies of target test_action_controller_cancel_action[0m
[5.052s] [35m[1mConsolidate compiler generated dependencies of target test_action_assisted_teleop_action[0m
[5.052s] [35m[1mConsolidate compiler generated dependencies of target test_action_compute_path_to_pose_action[0m
[5.052s] [35m[1mConsolidate compiler generated dependencies of target test_action_assisted_teleop_cancel_action[0m
[5.053s] [35m[1mConsolidate compiler generated dependencies of target test_action_drive_on_heading_cancel_action[0m
[5.053s] [35m[1mConsolidate compiler generated dependencies of target test_action_reinitialize_global_localization_service[0m
[5.053s] [35m[1mConsolidate compiler generated dependencies of target test_action_clear_costmap_service[0m
[5.053s] [ 74%] Built target test_action_wait_action
[5.053s] [ 75%] Built target test_action_back_up_action
[5.053s] [ 76%] Built target test_action_spin_action
[5.053s] [ 77%] Built target test_action_drive_on_heading
[5.053s] [ 78%] Built target test_action_assisted_teleop_action
[5.053s] [ 79%] Built target test_action_controller_cancel_action
[5.053s] [ 80%] Built target test_action_wait_cancel_action
[5.053s] [ 81%] Built target test_action_spin_cancel_action
[5.053s] [ 82%] Built target test_action_assisted_teleop_cancel_action
[5.053s] [ 84%] Built target test_action_clear_costmap_service
[5.053s] [ 84%] Built target test_action_drive_on_heading_cancel_action
[5.053s] [ 85%] Built target test_action_back_up_cancel_action
[5.053s] [ 86%] Built target test_action_reinitialize_global_localization_service
[5.053s] [ 87%] Built target test_action_compute_path_to_pose_action
[5.053s] [35m[1mConsolidate compiler generated dependencies of target test_action_navigate_through_poses_action[0m
[5.053s] [35m[1mConsolidate compiler generated dependencies of target test_action_follow_path_action[0m
[5.053s] [35m[1mConsolidate compiler generated dependencies of target test_action_smooth_path_action[0m
[5.053s] [35m[1mConsolidate compiler generated dependencies of target test_action_compute_path_through_poses_action[0m
[5.053s] [35m[1mConsolidate compiler generated dependencies of target test_truncate_path_local_action[0m
[5.053s] [35m[1mConsolidate compiler generated dependencies of target test_action_navigate_to_pose_action[0m
[5.054s] [35m[1mConsolidate compiler generated dependencies of target test_get_pose_from_path_action[0m
[5.054s] [35m[1mConsolidate compiler generated dependencies of target test_truncate_path_action[0m
[5.054s] [35m[1mConsolidate compiler generated dependencies of target test_remove_passed_goals_action[0m
[5.054s] [35m[1mConsolidate compiler generated dependencies of target test_controller_selector_node[0m
[5.054s] [35m[1mConsolidate compiler generated dependencies of target test_progress_checker_selector_node[0m
[5.054s] [35m[1mConsolidate compiler generated dependencies of target test_planner_selector_node[0m
[5.054s] [35m[1mConsolidate compiler generated dependencies of target test_smoother_selector_node[0m
[5.054s] [ 88%] Built target test_action_compute_path_through_poses_action
[5.054s] [ 89%] Built target test_action_navigate_through_poses_action
[5.054s] [35m[1mConsolidate compiler generated dependencies of target test_goal_checker_selector_node[0m
[5.054s] [ 90%] Built target test_action_smooth_path_action
[5.054s] [ 91%] Built target test_truncate_path_action
[5.054s] [ 91%] Built target test_action_follow_path_action
[5.054s] [ 92%] Built target test_progress_checker_selector_node
[5.054s] [ 93%] Built target test_controller_selector_node
[5.054s] [ 94%] Built target test_get_pose_from_path_action
[5.054s] [ 95%] Built target test_action_navigate_to_pose_action
[5.054s] [ 96%] Built target test_planner_selector_node
[5.054s] [ 97%] Built target test_truncate_path_local_action
[5.054s] [ 98%] Built target test_remove_passed_goals_action
[5.054s] [ 99%] Built target test_smoother_selector_node
[5.055s] [100%] Built target test_goal_checker_selector_node
[5.080s] Invoked command in '/home/pierres/COURS/slamnav/build/nav2_behavior_tree' returned '0': AMENT_PREFIX_PATH=/home/pierres/COURS/slamnav/install/nav2_util:/home/pierres/COURS/slamnav/install/nav2_msgs:/home/pierres/COURS/slamnav/install/nav2_common:${AMENT_PREFIX_PATH} CMAKE_PREFIX_PATH=/home/pierres/COURS/slamnav/install/nav2_util:/home/pierres/COURS/slamnav/install/nav2_msgs:/home/pierres/COURS/slamnav/install/nav2_common:/home/pierres/COURS/slamnav/install/slam_toolbox:/opt/ros/humble:/home/pierres/COURS/slamnav/install/slamnav_turtlebot LD_LIBRARY_PATH=/home/pierres/COURS/slamnav/install/nav2_util/lib:/home/pierres/COURS/slamnav/install/nav2_msgs/lib:${LD_LIBRARY_PATH} PYTHONPATH=/home/pierres/COURS/slamnav/install/nav2_msgs/local/lib/python3.10/dist-packages:/home/pierres/COURS/slamnav/install/nav2_common/local/lib/python3.10/dist-packages:${PYTHONPATH} /usr/bin/cmake --build /home/pierres/COURS/slamnav/build/nav2_behavior_tree -- -j16 -l16
[5.277s] Invoking command in '/home/pierres/COURS/slamnav/build/nav2_behavior_tree': AMENT_PREFIX_PATH=/home/pierres/COURS/slamnav/install/nav2_util:/home/pierres/COURS/slamnav/install/nav2_msgs:/home/pierres/COURS/slamnav/install/nav2_common:${AMENT_PREFIX_PATH} CMAKE_PREFIX_PATH=/home/pierres/COURS/slamnav/install/nav2_util:/home/pierres/COURS/slamnav/install/nav2_msgs:/home/pierres/COURS/slamnav/install/nav2_common:/home/pierres/COURS/slamnav/install/slam_toolbox:/opt/ros/humble:/home/pierres/COURS/slamnav/install/slamnav_turtlebot LD_LIBRARY_PATH=/home/pierres/COURS/slamnav/install/nav2_util/lib:/home/pierres/COURS/slamnav/install/nav2_msgs/lib:${LD_LIBRARY_PATH} PYTHONPATH=/home/pierres/COURS/slamnav/install/nav2_msgs/local/lib/python3.10/dist-packages:/home/pierres/COURS/slamnav/install/nav2_common/local/lib/python3.10/dist-packages:${PYTHONPATH} /usr/bin/cmake --install /home/pierres/COURS/slamnav/build/nav2_behavior_tree
[5.286s] -- Install configuration: "Humble"
[5.286s] -- Execute custom install script
[5.288s] -- Up-to-date symlink: /home/pierres/COURS/slamnav/install/nav2_behavior_tree/lib/libnav2_behavior_tree.so
[5.288s] -- Up-to-date symlink: /home/pierres/COURS/slamnav/install/nav2_behavior_tree/lib/libnav2_compute_path_to_pose_action_bt_node.so
[5.288s] -- Up-to-date symlink: /home/pierres/COURS/slamnav/install/nav2_behavior_tree/lib/libnav2_compute_path_through_poses_action_bt_node.so
[5.288s] -- Up-to-date symlink: /home/pierres/COURS/slamnav/install/nav2_behavior_tree/lib/libnav2_controller_cancel_bt_node.so
[5.288s] -- Up-to-date symlink: /home/pierres/COURS/slamnav/install/nav2_behavior_tree/lib/libnav2_wait_cancel_bt_node.so
[5.289s] -- Up-to-date symlink: /home/pierres/COURS/slamnav/install/nav2_behavior_tree/lib/libnav2_spin_cancel_bt_node.so
[5.289s] -- Up-to-date symlink: /home/pierres/COURS/slamnav/install/nav2_behavior_tree/lib/libnav2_back_up_cancel_bt_node.so
[5.291s] -- Up-to-date symlink: /home/pierres/COURS/slamnav/install/nav2_behavior_tree/lib/libnav2_assisted_teleop_cancel_bt_node.so
[5.291s] -- Up-to-date symlink: /home/pierres/COURS/slamnav/install/nav2_behavior_tree/lib/libnav2_drive_on_heading_cancel_bt_node.so
[5.292s] -- Up-to-date symlink: /home/pierres/COURS/slamnav/install/nav2_behavior_tree/lib/libnav2_smooth_path_action_bt_node.so
[5.292s] -- Up-to-date symlink: /home/pierres/COURS/slamnav/install/nav2_behavior_tree/lib/libnav2_follow_path_action_bt_node.so
[5.292s] -- Up-to-date symlink: /home/pierres/COURS/slamnav/install/nav2_behavior_tree/lib/libnav2_back_up_action_bt_node.so
[5.292s] -- Up-to-date symlink: /home/pierres/COURS/slamnav/install/nav2_behavior_tree/lib/libnav2_drive_on_heading_bt_node.so
[5.292s] -- Up-to-date symlink: /home/pierres/COURS/slamnav/install/nav2_behavior_tree/lib/libnav2_spin_action_bt_node.so
[5.292s] -- Up-to-date symlink: /home/pierres/COURS/slamnav/install/nav2_behavior_tree/lib/libnav2_wait_action_bt_node.so
[5.292s] -- Up-to-date symlink: /home/pierres/COURS/slamnav/install/nav2_behavior_tree/lib/libnav2_assisted_teleop_action_bt_node.so
[5.292s] -- Up-to-date symlink: /home/pierres/COURS/slamnav/install/nav2_behavior_tree/lib/libnav2_clear_costmap_service_bt_node.so
[5.292s] -- Up-to-date symlink: /home/pierres/COURS/slamnav/install/nav2_behavior_tree/lib/libnav2_is_stuck_condition_bt_node.so
[5.292s] -- Up-to-date symlink: /home/pierres/COURS/slamnav/install/nav2_behavior_tree/lib/libnav2_transform_available_condition_bt_node.so
[5.292s] -- Up-to-date symlink: /home/pierres/COURS/slamnav/install/nav2_behavior_tree/lib/libnav2_goal_reached_condition_bt_node.so
[5.292s] -- Up-to-date symlink: /home/pierres/COURS/slamnav/install/nav2_behavior_tree/lib/libnav2_globally_updated_goal_condition_bt_node.so
[5.292s] -- Up-to-date symlink: /home/pierres/COURS/slamnav/install/nav2_behavior_tree/lib/libnav2_goal_updated_condition_bt_node.so
[5.292s] -- Up-to-date symlink: /home/pierres/COURS/slamnav/install/nav2_behavior_tree/lib/libnav2_is_path_valid_condition_bt_node.so
[5.292s] -- Up-to-date symlink: /home/pierres/COURS/slamnav/install/nav2_behavior_tree/lib/libnav2_time_expired_condition_bt_node.so
[5.292s] -- Up-to-date symlink: /home/pierres/COURS/slamnav/install/nav2_behavior_tree/lib/libnav2_path_expiring_timer_condition.so
[5.295s] -- Up-to-date symlink: /home/pierres/COURS/slamnav/install/nav2_behavior_tree/lib/libnav2_distance_traveled_condition_bt_node.so
[5.295s] -- Up-to-date symlink: /home/pierres/COURS/slamnav/install/nav2_behavior_tree/lib/libnav2_initial_pose_received_condition_bt_node.so
[5.295s] -- Up-to-date symlink: /home/pierres/COURS/slamnav/install/nav2_behavior_tree/lib/libnav2_is_battery_charging_condition_bt_node.so
[5.295s] -- Up-to-date symlink: /home/pierres/COURS/slamnav/install/nav2_behavior_tree/lib/libnav2_is_battery_low_condition_bt_node.so
[5.295s] -- Up-to-date symlink: /home/pierres/COURS/slamnav/install/nav2_behavior_tree/lib/libnav2_reinitialize_global_localization_service_bt_node.so
[5.295s] -- Up-to-date symlink: /home/pierres/COURS/slamnav/install/nav2_behavior_tree/lib/libnav2_rate_controller_bt_node.so
[5.296s] -- Up-to-date symlink: /home/pierres/COURS/slamnav/install/nav2_behavior_tree/lib/libnav2_distance_controller_bt_node.so
[5.296s] -- Up-to-date symlink: /home/pierres/COURS/slamnav/install/nav2_behavior_tree/lib/libnav2_speed_controller_bt_node.so
[5.296s] -- Up-to-date symlink: /home/pierres/COURS/slamnav/install/nav2_behavior_tree/lib/libnav2_truncate_path_action_bt_node.so
[5.296s] -- Up-to-date symlink: /home/pierres/COURS/slamnav/install/nav2_behavior_tree/lib/libnav2_truncate_path_local_action_bt_node.so
[5.296s] -- Up-to-date symlink: /home/pierres/COURS/slamnav/install/nav2_behavior_tree/lib/libnav2_goal_updater_node_bt_node.so
[5.296s] -- Up-to-date symlink: /home/pierres/COURS/slamnav/install/nav2_behavior_tree/lib/libnav2_path_longer_on_approach_bt_node.so
[5.296s] -- Up-to-date symlink: /home/pierres/COURS/slamnav/install/nav2_behavior_tree/lib/libnav2_recovery_node_bt_node.so
[5.297s] -- Up-to-date symlink: /home/pierres/COURS/slamnav/install/nav2_behavior_tree/lib/libnav2_navigate_to_pose_action_bt_node.so
[5.297s] -- Up-to-date symlink: /home/pierres/COURS/slamnav/install/nav2_behavior_tree/lib/libnav2_navigate_through_poses_action_bt_node.so
[5.297s] -- Up-to-date symlink: /home/pierres/COURS/slamnav/install/nav2_behavior_tree/lib/libnav2_remove_passed_goals_action_bt_node.so
[5.297s] -- Up-to-date symlink: /home/pierres/COURS/slamnav/install/nav2_behavior_tree/lib/libnav2_get_pose_from_path_action_bt_node.so
[5.297s] -- Up-to-date symlink: /home/pierres/COURS/slamnav/install/nav2_behavior_tree/lib/libnav2_pipeline_sequence_bt_node.so
[5.297s] -- Up-to-date symlink: /home/pierres/COURS/slamnav/install/nav2_behavior_tree/lib/libnav2_round_robin_node_bt_node.so
[5.297s] -- Up-to-date symlink: /home/pierres/COURS/slamnav/install/nav2_behavior_tree/lib/libnav2_single_trigger_bt_node.so
[5.297s] -- Up-to-date symlink: /home/pierres/COURS/slamnav/install/nav2_behavior_tree/lib/libnav2_planner_selector_bt_node.so
[5.297s] -- Up-to-date symlink: /home/pierres/COURS/slamnav/install/nav2_behavior_tree/lib/libnav2_controller_selector_bt_node.so
[5.297s] -- Up-to-date symlink: /home/pierres/COURS/slamnav/install/nav2_behavior_tree/lib/libnav2_smoother_selector_bt_node.so
[5.297s] -- Up-to-date symlink: /home/pierres/COURS/slamnav/install/nav2_behavior_tree/lib/libnav2_goal_checker_selector_bt_node.so
[5.297s] -- Up-to-date symlink: /home/pierres/COURS/slamnav/install/nav2_behavior_tree/lib/libnav2_progress_checker_selector_bt_node.so
[5.298s] -- Up-to-date symlink: /home/pierres/COURS/slamnav/install/nav2_behavior_tree/lib/libnav2_goal_updated_controller_bt_node.so
[5.298s] -- Up-to-date symlink: /home/pierres/COURS/slamnav/install/nav2_behavior_tree/include//nav2_behavior_tree/behavior_tree_engine.hpp
[5.298s] -- Up-to-date symlink: /home/pierres/COURS/slamnav/install/nav2_behavior_tree/include//nav2_behavior_tree/bt_action_node.hpp
[5.298s] -- Up-to-date symlink: /home/pierres/COURS/slamnav/install/nav2_behavior_tree/include//nav2_behavior_tree/bt_action_server.hpp
[5.298s] -- Up-to-date symlink: /home/pierres/COURS/slamnav/install/nav2_behavior_tree/include//nav2_behavior_tree/bt_action_server_impl.hpp
[5.298s] -- Up-to-date symlink: /home/pierres/COURS/slamnav/install/nav2_behavior_tree/include//nav2_behavior_tree/bt_cancel_action_node.hpp
[5.298s] -- Up-to-date symlink: /home/pierres/COURS/slamnav/install/nav2_behavior_tree/include//nav2_behavior_tree/bt_conversions.hpp
[5.298s] -- Up-to-date symlink: /home/pierres/COURS/slamnav/install/nav2_behavior_tree/include//nav2_behavior_tree/bt_service_node.hpp
[5.298s] -- Up-to-date symlink: /home/pierres/COURS/slamnav/install/nav2_behavior_tree/include//nav2_behavior_tree/plugins/action/assisted_teleop_action.hpp
[5.298s] -- Up-to-date symlink: /home/pierres/COURS/slamnav/install/nav2_behavior_tree/include//nav2_behavior_tree/plugins/action/assisted_teleop_cancel_node.hpp
[5.298s] -- Up-to-date symlink: /home/pierres/COURS/slamnav/install/nav2_behavior_tree/include//nav2_behavior_tree/plugins/action/back_up_action.hpp
[5.298s] -- Up-to-date symlink: /home/pierres/COURS/slamnav/install/nav2_behavior_tree/include//nav2_behavior_tree/plugins/action/back_up_cancel_node.hpp
[5.298s] -- Up-to-date symlink: /home/pierres/COURS/slamnav/install/nav2_behavior_tree/include//nav2_behavior_tree/plugins/action/clear_costmap_service.hpp
[5.299s] -- Up-to-date symlink: /home/pierres/COURS/slamnav/install/nav2_behavior_tree/include//nav2_behavior_tree/plugins/action/compute_path_through_poses_action.hpp
[5.299s] -- Up-to-date symlink: /home/pierres/COURS/slamnav/install/nav2_behavior_tree/include//nav2_behavior_tree/plugins/action/compute_path_to_pose_action.hpp
[5.299s] -- Up-to-date symlink: /home/pierres/COURS/slamnav/install/nav2_behavior_tree/include//nav2_behavior_tree/plugins/action/controller_cancel_node.hpp
[5.301s] -- Up-to-date symlink: /home/pierres/COURS/slamnav/install/nav2_behavior_tree/include//nav2_behavior_tree/plugins/action/controller_selector_node.hpp
[5.301s] -- Up-to-date symlink: /home/pierres/COURS/slamnav/install/nav2_behavior_tree/include//nav2_behavior_tree/plugins/action/drive_on_heading_action.hpp
[5.301s] -- Up-to-date symlink: /home/pierres/COURS/slamnav/install/nav2_behavior_tree/include//nav2_behavior_tree/plugins/action/drive_on_heading_cancel_node.hpp
[5.302s] -- Up-to-date symlink: /home/pierres/COURS/slamnav/install/nav2_behavior_tree/include//nav2_behavior_tree/plugins/action/follow_path_action.hpp
[5.302s] -- Up-to-date symlink: /home/pierres/COURS/slamnav/install/nav2_behavior_tree/include//nav2_behavior_tree/plugins/action/get_pose_from_path_action.hpp
[5.302s] -- Up-to-date symlink: /home/pierres/COURS/slamnav/install/nav2_behavior_tree/include//nav2_behavior_tree/plugins/action/goal_checker_selector_node.hpp
[5.303s] -- Up-to-date symlink: /home/pierres/COURS/slamnav/install/nav2_behavior_tree/include//nav2_behavior_tree/plugins/action/navigate_through_poses_action.hpp
[5.303s] -- Up-to-date symlink: /home/pierres/COURS/slamnav/install/nav2_behavior_tree/include//nav2_behavior_tree/plugins/action/navigate_to_pose_action.hpp
[5.303s] -- Up-to-date symlink: /home/pierres/COURS/slamnav/install/nav2_behavior_tree/include//nav2_behavior_tree/plugins/action/planner_selector_node.hpp
[5.303s] -- Up-to-date symlink: /home/pierres/COURS/slamnav/install/nav2_behavior_tree/include//nav2_behavior_tree/plugins/action/progress_checker_selector_node.hpp
[5.303s] -- Up-to-date symlink: /home/pierres/COURS/slamnav/install/nav2_behavior_tree/include//nav2_behavior_tree/plugins/action/reinitialize_global_localization_service.hpp
[5.304s] -- Up-to-date symlink: /home/pierres/COURS/slamnav/install/nav2_behavior_tree/include//nav2_behavior_tree/plugins/action/remove_passed_goals_action.hpp
[5.304s] -- Up-to-date symlink: /home/pierres/COURS/slamnav/install/nav2_behavior_tree/include//nav2_behavior_tree/plugins/action/smooth_path_action.hpp
[5.304s] -- Up-to-date symlink: /home/pierres/COURS/slamnav/install/nav2_behavior_tree/include//nav2_behavior_tree/plugins/action/smoother_selector_node.hpp
[5.304s] -- Up-to-date symlink: /home/pierres/COURS/slamnav/install/nav2_behavior_tree/include//nav2_behavior_tree/plugins/action/spin_action.hpp
[5.304s] -- Up-to-date symlink: /home/pierres/COURS/slamnav/install/nav2_behavior_tree/include//nav2_behavior_tree/plugins/action/spin_cancel_node.hpp
[5.304s] -- Up-to-date symlink: /home/pierres/COURS/slamnav/install/nav2_behavior_tree/include//nav2_behavior_tree/plugins/action/truncate_path_action.hpp
[5.304s] -- Up-to-date symlink: /home/pierres/COURS/slamnav/install/nav2_behavior_tree/include//nav2_behavior_tree/plugins/action/truncate_path_local_action.hpp
[5.304s] -- Up-to-date symlink: /home/pierres/COURS/slamnav/install/nav2_behavior_tree/include//nav2_behavior_tree/plugins/action/wait_action.hpp
[5.304s] -- Up-to-date symlink: /home/pierres/COURS/slamnav/install/nav2_behavior_tree/include//nav2_behavior_tree/plugins/action/wait_cancel_node.hpp
[5.304s] -- Up-to-date symlink: /home/pierres/COURS/slamnav/install/nav2_behavior_tree/include//nav2_behavior_tree/plugins/condition/distance_traveled_condition.hpp
[5.304s] -- Up-to-date symlink: /home/pierres/COURS/slamnav/install/nav2_behavior_tree/include//nav2_behavior_tree/plugins/condition/globally_updated_goal_condition.hpp
[5.304s] -- Up-to-date symlink: /home/pierres/COURS/slamnav/install/nav2_behavior_tree/include//nav2_behavior_tree/plugins/condition/goal_reached_condition.hpp
[5.304s] -- Up-to-date symlink: /home/pierres/COURS/slamnav/install/nav2_behavior_tree/include//nav2_behavior_tree/plugins/condition/goal_updated_condition.hpp
[5.304s] -- Up-to-date symlink: /home/pierres/COURS/slamnav/install/nav2_behavior_tree/include//nav2_behavior_tree/plugins/condition/initial_pose_received_condition.hpp
[5.304s] -- Up-to-date symlink: /home/pierres/COURS/slamnav/install/nav2_behavior_tree/include//nav2_behavior_tree/plugins/condition/is_battery_charging_condition.hpp
[5.304s] -- Up-to-date symlink: /home/pierres/COURS/slamnav/install/nav2_behavior_tree/include//nav2_behavior_tree/plugins/condition/is_battery_low_condition.hpp
[5.305s] -- Up-to-date symlink: /home/pierres/COURS/slamnav/install/nav2_behavior_tree/include//nav2_behavior_tree/plugins/condition/is_path_valid_condition.hpp
[5.305s] -- Up-to-date symlink: /home/pierres/COURS/slamnav/install/nav2_behavior_tree/include//nav2_behavior_tree/plugins/condition/is_stuck_condition.hpp
[5.305s] -- Up-to-date symlink: /home/pierres/COURS/slamnav/install/nav2_behavior_tree/include//nav2_behavior_tree/plugins/condition/path_expiring_timer_condition.hpp
[5.305s] -- Up-to-date symlink: /home/pierres/COURS/slamnav/install/nav2_behavior_tree/include//nav2_behavior_tree/plugins/condition/time_expired_condition.hpp
[5.305s] -- Up-to-date symlink: /home/pierres/COURS/slamnav/install/nav2_behavior_tree/include//nav2_behavior_tree/plugins/condition/transform_available_condition.hpp
[5.305s] -- Up-to-date symlink: /home/pierres/COURS/slamnav/install/nav2_behavior_tree/include//nav2_behavior_tree/plugins/control/pipeline_sequence.hpp
[5.305s] -- Up-to-date symlink: /home/pierres/COURS/slamnav/install/nav2_behavior_tree/include//nav2_behavior_tree/plugins/control/recovery_node.hpp
[5.305s] -- Up-to-date symlink: /home/pierres/COURS/slamnav/install/nav2_behavior_tree/include//nav2_behavior_tree/plugins/control/round_robin_node.hpp
[5.305s] -- Up-to-date symlink: /home/pierres/COURS/slamnav/install/nav2_behavior_tree/include//nav2_behavior_tree/plugins/decorator/distance_controller.hpp
[5.305s] -- Up-to-date symlink: /home/pierres/COURS/slamnav/install/nav2_behavior_tree/include//nav2_behavior_tree/plugins/decorator/goal_updated_controller.hpp
[5.305s] -- Up-to-date symlink: /home/pierres/COURS/slamnav/install/nav2_behavior_tree/include//nav2_behavior_tree/plugins/decorator/goal_updater_node.hpp
[5.305s] -- Up-to-date symlink: /home/pierres/COURS/slamnav/install/nav2_behavior_tree/include//nav2_behavior_tree/plugins/decorator/path_longer_on_approach.hpp
[5.306s] -- Up-to-date symlink: /home/pierres/COURS/slamnav/install/nav2_behavior_tree/include//nav2_behavior_tree/plugins/decorator/rate_controller.hpp
[5.306s] -- Up-to-date symlink: /home/pierres/COURS/slamnav/install/nav2_behavior_tree/include//nav2_behavior_tree/plugins/decorator/single_trigger_node.hpp
[5.306s] -- Up-to-date symlink: /home/pierres/COURS/slamnav/install/nav2_behavior_tree/include//nav2_behavior_tree/plugins/decorator/speed_controller.hpp
[5.306s] -- Up-to-date symlink: /home/pierres/COURS/slamnav/install/nav2_behavior_tree/include//nav2_behavior_tree/ros_topic_logger.hpp
[5.306s] -- Up-to-date symlink: /home/pierres/COURS/slamnav/install/nav2_behavior_tree/share/nav2_behavior_tree/nav2_tree_nodes.xml
[5.306s] -- Up-to-date symlink: /home/pierres/COURS/slamnav/install/nav2_behavior_tree/share/nav2_behavior_tree/environment/library_path.sh
[5.306s] -- Up-to-date symlink: /home/pierres/COURS/slamnav/install/nav2_behavior_tree/share/nav2_behavior_tree/environment/library_path.dsv
[5.306s] -- Up-to-date symlink: /home/pierres/COURS/slamnav/install/nav2_behavior_tree/share/ament_index/resource_index/package_run_dependencies/nav2_behavior_tree
[5.306s] -- Up-to-date symlink: /home/pierres/COURS/slamnav/install/nav2_behavior_tree/share/ament_index/resource_index/parent_prefix_path/nav2_behavior_tree
[5.306s] -- Up-to-date symlink: /home/pierres/COURS/slamnav/install/nav2_behavior_tree/share/nav2_behavior_tree/environment/ament_prefix_path.sh
[5.306s] -- Up-to-date symlink: /home/pierres/COURS/slamnav/install/nav2_behavior_tree/share/nav2_behavior_tree/environment/ament_prefix_path.dsv
[5.306s] -- Up-to-date symlink: /home/pierres/COURS/slamnav/install/nav2_behavior_tree/share/nav2_behavior_tree/environment/path.sh
[5.307s] -- Up-to-date symlink: /home/pierres/COURS/slamnav/install/nav2_behavior_tree/share/nav2_behavior_tree/environment/path.dsv
[5.307s] -- Up-to-date symlink: /home/pierres/COURS/slamnav/install/nav2_behavior_tree/share/nav2_behavior_tree/local_setup.bash
[5.307s] -- Up-to-date symlink: /home/pierres/COURS/slamnav/install/nav2_behavior_tree/share/nav2_behavior_tree/local_setup.sh
[5.307s] -- Up-to-date symlink: /home/pierres/COURS/slamnav/install/nav2_behavior_tree/share/nav2_behavior_tree/local_setup.zsh
[5.308s] -- Up-to-date symlink: /home/pierres/COURS/slamnav/install/nav2_behavior_tree/share/nav2_behavior_tree/local_setup.dsv
[5.308s] -- Symlinking: /home/pierres/COURS/slamnav/install/nav2_behavior_tree/share/nav2_behavior_tree/package.dsv
[5.318s] -- Up-to-date symlink: /home/pierres/COURS/slamnav/install/nav2_behavior_tree/share/ament_index/resource_index/packages/nav2_behavior_tree
[5.319s] -- Up-to-date symlink: /home/pierres/COURS/slamnav/install/nav2_behavior_tree/share/nav2_behavior_tree/cmake/ament_cmake_export_include_directories-extras.cmake
[5.323s] -- Up-to-date symlink: /home/pierres/COURS/slamnav/install/nav2_behavior_tree/share/nav2_behavior_tree/cmake/ament_cmake_export_libraries-extras.cmake
[5.325s] -- Up-to-date symlink: /home/pierres/COURS/slamnav/install/nav2_behavior_tree/share/nav2_behavior_tree/cmake/ament_cmake_export_dependencies-extras.cmake
[5.326s] -- Up-to-date symlink: /home/pierres/COURS/slamnav/install/nav2_behavior_tree/share/nav2_behavior_tree/cmake/nav2_behavior_treeConfig.cmake
[5.326s] -- Up-to-date symlink: /home/pierres/COURS/slamnav/install/nav2_behavior_tree/share/nav2_behavior_tree/cmake/nav2_behavior_treeConfig-version.cmake
[5.327s] -- Up-to-date symlink: /home/pierres/COURS/slamnav/install/nav2_behavior_tree/share/nav2_behavior_tree/package.xml
[5.328s] Invoked command in '/home/pierres/COURS/slamnav/build/nav2_behavior_tree' returned '0': AMENT_PREFIX_PATH=/home/pierres/COURS/slamnav/install/nav2_util:/home/pierres/COURS/slamnav/install/nav2_msgs:/home/pierres/COURS/slamnav/install/nav2_common:${AMENT_PREFIX_PATH} CMAKE_PREFIX_PATH=/home/pierres/COURS/slamnav/install/nav2_util:/home/pierres/COURS/slamnav/install/nav2_msgs:/home/pierres/COURS/slamnav/install/nav2_common:/home/pierres/COURS/slamnav/install/slam_toolbox:/opt/ros/humble:/home/pierres/COURS/slamnav/install/slamnav_turtlebot LD_LIBRARY_PATH=/home/pierres/COURS/slamnav/install/nav2_util/lib:/home/pierres/COURS/slamnav/install/nav2_msgs/lib:${LD_LIBRARY_PATH} PYTHONPATH=/home/pierres/COURS/slamnav/install/nav2_msgs/local/lib/python3.10/dist-packages:/home/pierres/COURS/slamnav/install/nav2_common/local/lib/python3.10/dist-packages:${PYTHONPATH} /usr/bin/cmake --install /home/pierres/COURS/slamnav/build/nav2_behavior_tree
