[0.012s] Invoking command in '/home/pierres/COURS/slamnav/build/nav2_amcl': AMENT_PREFIX_PATH=/home/pierres/COURS/slamnav/install/nav2_util:/home/pierres/COURS/slamnav/install/nav2_msgs:/home/pierres/COURS/slamnav/install/nav2_common CMAKE_PREFIX_PATH=/home/pierres/COURS/slamnav/install/nav2_util:/home/pierres/COURS/slamnav/install/nav2_msgs:/home/pierres/COURS/slamnav/install/nav2_common LD_LIBRARY_PATH=/home/pierres/COURS/slamnav/install/nav2_util/lib:/home/pierres/COURS/slamnav/install/nav2_msgs/lib PYTHONPATH=/home/pierres/COURS/slamnav/install/nav2_msgs/local/lib/python3.10/dist-packages:/home/pierres/COURS/slamnav/install/nav2_common/local/lib/python3.10/dist-packages /usr/bin/cmake --build /home/pierres/COURS/slamnav/build/nav2_amcl -- -j16 -l16
[0.050s] [ 29%] Built target pf_lib
[0.057s] [ 50%] Built target map_lib
[0.081s] [ 70%] Built target sensors_lib
[0.087s] [ 83%] Built target motions_lib
[0.133s] [ 91%] Built target amcl_core
[0.182s] [100%] Built target amcl
[0.214s] Invoked command in '/home/pierres/COURS/slamnav/build/nav2_amcl' returned '0': AMENT_PREFIX_PATH=/home/pierres/COURS/slamnav/install/nav2_util:/home/pierres/COURS/slamnav/install/nav2_msgs:/home/pierres/COURS/slamnav/install/nav2_common CMAKE_PREFIX_PATH=/home/pierres/COURS/slamnav/install/nav2_util:/home/pierres/COURS/slamnav/install/nav2_msgs:/home/pierres/COURS/slamnav/install/nav2_common LD_LIBRARY_PATH=/home/pierres/COURS/slamnav/install/nav2_util/lib:/home/pierres/COURS/slamnav/install/nav2_msgs/lib PYTHONPATH=/home/pierres/COURS/slamnav/install/nav2_msgs/local/lib/python3.10/dist-packages:/home/pierres/COURS/slamnav/install/nav2_common/local/lib/python3.10/dist-packages /usr/bin/cmake --build /home/pierres/COURS/slamnav/build/nav2_amcl -- -j16 -l16
[0.247s] Invoking command in '/home/pierres/COURS/slamnav/build/nav2_amcl': AMENT_PREFIX_PATH=/home/pierres/COURS/slamnav/install/nav2_util:/home/pierres/COURS/slamnav/install/nav2_msgs:/home/pierres/COURS/slamnav/install/nav2_common CMAKE_PREFIX_PATH=/home/pierres/COURS/slamnav/install/nav2_util:/home/pierres/COURS/slamnav/install/nav2_msgs:/home/pierres/COURS/slamnav/install/nav2_common LD_LIBRARY_PATH=/home/pierres/COURS/slamnav/install/nav2_util/lib:/home/pierres/COURS/slamnav/install/nav2_msgs/lib PYTHONPATH=/home/pierres/COURS/slamnav/install/nav2_msgs/local/lib/python3.10/dist-packages:/home/pierres/COURS/slamnav/install/nav2_common/local/lib/python3.10/dist-packages /usr/bin/cmake --install /home/pierres/COURS/slamnav/build/nav2_amcl
[0.259s] -- Install configuration: "Humble"
[0.259s] -- Execute custom install script
[0.260s] -- Up-to-date symlink: /home/pierres/COURS/slamnav/install/nav2_amcl/lib/libpf_lib.so
[0.260s] -- Up-to-date symlink: /home/pierres/COURS/slamnav/install/nav2_amcl/lib/libmap_lib.so
[0.266s] -- Up-to-date symlink: /home/pierres/COURS/slamnav/install/nav2_amcl/lib/libmotions_lib.so
[0.266s] -- Up-to-date symlink: /home/pierres/COURS/slamnav/install/nav2_amcl/lib/libsensors_lib.so
[0.266s] -- Up-to-date symlink: /home/pierres/COURS/slamnav/install/nav2_amcl/lib/libamcl_core.so
[0.267s] -- Up-to-date symlink: /home/pierres/COURS/slamnav/install/nav2_amcl/lib/nav2_amcl/amcl
[0.267s] -- Up-to-date symlink: /home/pierres/COURS/slamnav/install/nav2_amcl/include//nav2_amcl/amcl_node.hpp
[0.267s] -- Up-to-date symlink: /home/pierres/COURS/slamnav/install/nav2_amcl/include//nav2_amcl/angleutils.hpp
[0.267s] -- Up-to-date symlink: /home/pierres/COURS/slamnav/install/nav2_amcl/include//nav2_amcl/map/map.hpp
[0.267s] -- Up-to-date symlink: /home/pierres/COURS/slamnav/install/nav2_amcl/include//nav2_amcl/motion_model/differential_motion_model.hpp
[0.267s] -- Up-to-date symlink: /home/pierres/COURS/slamnav/install/nav2_amcl/include//nav2_amcl/motion_model/motion_model.hpp
[0.267s] -- Up-to-date symlink: /home/pierres/COURS/slamnav/install/nav2_amcl/include//nav2_amcl/motion_model/omni_motion_model.hpp
[0.267s] -- Up-to-date symlink: /home/pierres/COURS/slamnav/install/nav2_amcl/include//nav2_amcl/pf/eig3.hpp
[0.267s] -- Up-to-date symlink: /home/pierres/COURS/slamnav/install/nav2_amcl/include//nav2_amcl/pf/pf.hpp
[0.267s] -- Up-to-date symlink: /home/pierres/COURS/slamnav/install/nav2_amcl/include//nav2_amcl/pf/pf_kdtree.hpp
[0.267s] -- Up-to-date symlink: /home/pierres/COURS/slamnav/install/nav2_amcl/include//nav2_amcl/pf/pf_pdf.hpp
[0.267s] -- Up-to-date symlink: /home/pierres/COURS/slamnav/install/nav2_amcl/include//nav2_amcl/pf/pf_vector.hpp
[0.267s] -- Up-to-date symlink: /home/pierres/COURS/slamnav/install/nav2_amcl/include//nav2_amcl/portable_utils.hpp
[0.268s] -- Up-to-date symlink: /home/pierres/COURS/slamnav/install/nav2_amcl/include//nav2_amcl/sensors/laser/laser.hpp
[0.268s] -- Up-to-date symlink: /home/pierres/COURS/slamnav/install/nav2_amcl/share/nav2_amcl/environment/library_path.sh
[0.268s] -- Up-to-date symlink: /home/pierres/COURS/slamnav/install/nav2_amcl/share/nav2_amcl/environment/library_path.dsv
[0.268s] -- Up-to-date symlink: /home/pierres/COURS/slamnav/install/nav2_amcl/share/nav2_amcl//plugins.xml
[0.268s] -- Up-to-date symlink: /home/pierres/COURS/slamnav/install/nav2_amcl/share/ament_index/resource_index/package_run_dependencies/nav2_amcl
[0.268s] -- Up-to-date symlink: /home/pierres/COURS/slamnav/install/nav2_amcl/share/ament_index/resource_index/parent_prefix_path/nav2_amcl
[0.268s] -- Up-to-date symlink: /home/pierres/COURS/slamnav/install/nav2_amcl/share/nav2_amcl/environment/ament_prefix_path.sh
[0.268s] -- Up-to-date symlink: /home/pierres/COURS/slamnav/install/nav2_amcl/share/nav2_amcl/environment/ament_prefix_path.dsv
[0.268s] -- Up-to-date symlink: /home/pierres/COURS/slamnav/install/nav2_amcl/share/nav2_amcl/environment/path.sh
[0.268s] -- Up-to-date symlink: /home/pierres/COURS/slamnav/install/nav2_amcl/share/nav2_amcl/environment/path.dsv
[0.268s] -- Up-to-date symlink: /home/pierres/COURS/slamnav/install/nav2_amcl/share/nav2_amcl/local_setup.bash
[0.268s] -- Up-to-date symlink: /home/pierres/COURS/slamnav/install/nav2_amcl/share/nav2_amcl/local_setup.sh
[0.269s] -- Up-to-date symlink: /home/pierres/COURS/slamnav/install/nav2_amcl/share/nav2_amcl/local_setup.zsh
[0.269s] -- Up-to-date symlink: /home/pierres/COURS/slamnav/install/nav2_amcl/share/nav2_amcl/local_setup.dsv
[0.269s] -- Symlinking: /home/pierres/COURS/slamnav/install/nav2_amcl/share/nav2_amcl/package.dsv
[0.280s] -- Up-to-date symlink: /home/pierres/COURS/slamnav/install/nav2_amcl/share/ament_index/resource_index/packages/nav2_amcl
[0.283s] -- Up-to-date symlink: /home/pierres/COURS/slamnav/install/nav2_amcl/share/ament_index/resource_index/nav2_amcl__pluginlib__plugin/nav2_amcl
[0.283s] -- Up-to-date symlink: /home/pierres/COURS/slamnav/install/nav2_amcl/share/ament_index/resource_index/rclcpp_components/nav2_amcl
[0.283s] -- Up-to-date symlink: /home/pierres/COURS/slamnav/install/nav2_amcl/share/nav2_amcl/cmake/ament_cmake_export_include_directories-extras.cmake
[0.283s] -- Up-to-date symlink: /home/pierres/COURS/slamnav/install/nav2_amcl/share/nav2_amcl/cmake/ament_cmake_export_libraries-extras.cmake
[0.283s] -- Up-to-date symlink: /home/pierres/COURS/slamnav/install/nav2_amcl/share/nav2_amcl/cmake/ament_cmake_export_dependencies-extras.cmake
[0.283s] -- Up-to-date symlink: /home/pierres/COURS/slamnav/install/nav2_amcl/share/nav2_amcl/cmake/nav2_amclConfig.cmake
[0.283s] -- Up-to-date symlink: /home/pierres/COURS/slamnav/install/nav2_amcl/share/nav2_amcl/cmake/nav2_amclConfig-version.cmake
[0.283s] -- Up-to-date symlink: /home/pierres/COURS/slamnav/install/nav2_amcl/share/nav2_amcl/package.xml
[0.320s] Invoked command in '/home/pierres/COURS/slamnav/build/nav2_amcl' returned '0': AMENT_PREFIX_PATH=/home/pierres/COURS/slamnav/install/nav2_util:/home/pierres/COURS/slamnav/install/nav2_msgs:/home/pierres/COURS/slamnav/install/nav2_common CMAKE_PREFIX_PATH=/home/pierres/COURS/slamnav/install/nav2_util:/home/pierres/COURS/slamnav/install/nav2_msgs:/home/pierres/COURS/slamnav/install/nav2_common LD_LIBRARY_PATH=/home/pierres/COURS/slamnav/install/nav2_util/lib:/home/pierres/COURS/slamnav/install/nav2_msgs/lib PYTHONPATH=/home/pierres/COURS/slamnav/install/nav2_msgs/local/lib/python3.10/dist-packages:/home/pierres/COURS/slamnav/install/nav2_common/local/lib/python3.10/dist-packages /usr/bin/cmake --install /home/pierres/COURS/slamnav/build/nav2_amcl
