[0.009s] Invoking command in '/home/pierres/COURS/slamnav/build/nav2_common': CMAKE_PREFIX_PATH=${CMAKE_PREFIX_PATH}:/opt/ros/humble:/home/pierres/COURS/slamnav/install/slamnav_turtlebot /usr/bin/cmake /home/pierres/COURS/slamnav/src/navigation2/nav2_common -DCMAKE_INSTALL_PREFIX=/home/pierres/COURS/slamnav/install/nav2_common
[0.018s] -- Found ament_cmake_core: 1.3.10 (/opt/ros/humble/share/ament_cmake_core/cmake)
[0.111s] -- Override CMake install command with custom implementation using symlinks instead of copying resources
[0.112s] -- Found ament_cmake_python: 1.3.10 (/opt/ros/humble/share/ament_cmake_python/cmake)
[0.208s] -- Configuring done
[0.210s] -- Generating done
[0.210s] -- Build files have been written to: /home/pierres/COURS/slamnav/build/nav2_common
[0.214s] Invoked command in '/home/pierres/COURS/slamnav/build/nav2_common' returned '0': CMAKE_PREFIX_PATH=${CMAKE_PREFIX_PATH}:/opt/ros/humble:/home/pierres/COURS/slamnav/install/slamnav_turtlebot /usr/bin/cmake /home/pierres/COURS/slamnav/src/navigation2/nav2_common -DCMAKE_INSTALL_PREFIX=/home/pierres/COURS/slamnav/install/nav2_common
[0.214s] Invoking command in '/home/pierres/COURS/slamnav/build/nav2_common': CMAKE_PREFIX_PATH=${CMAKE_PREFIX_PATH}:/opt/ros/humble:/home/pierres/COURS/slamnav/install/slamnav_turtlebot /usr/bin/cmake --build /home/pierres/COURS/slamnav/build/nav2_common -- -j16 -l16
[0.260s] Built target ament_cmake_python_symlink_nav2_common
[0.432s] running egg_info
[0.433s] writing nav2_common.egg-info/PKG-INFO
[0.433s] writing dependency_links to nav2_common.egg-info/dependency_links.txt
[0.433s] writing top-level names to nav2_common.egg-info/top_level.txt
[0.434s] reading manifest file 'nav2_common.egg-info/SOURCES.txt'
[0.435s] writing manifest file 'nav2_common.egg-info/SOURCES.txt'
[0.456s] Built target ament_cmake_python_build_nav2_common_egg
[0.466s] Invoked command in '/home/pierres/COURS/slamnav/build/nav2_common' returned '0': CMAKE_PREFIX_PATH=${CMAKE_PREFIX_PATH}:/opt/ros/humble:/home/pierres/COURS/slamnav/install/slamnav_turtlebot /usr/bin/cmake --build /home/pierres/COURS/slamnav/build/nav2_common -- -j16 -l16
[0.492s] Invoking command in '/home/pierres/COURS/slamnav/build/nav2_common': CMAKE_PREFIX_PATH=${CMAKE_PREFIX_PATH}:/opt/ros/humble:/home/pierres/COURS/slamnav/install/slamnav_turtlebot /usr/bin/cmake --install /home/pierres/COURS/slamnav/build/nav2_common
[0.498s] -- Install configuration: "Humble"
[0.498s] -- Execute custom install script
[0.499s] -- Up-to-date symlink: /home/pierres/COURS/slamnav/install/nav2_common/share/nav2_common/environment/pythonpath.sh
[0.499s] -- Up-to-date symlink: /home/pierres/COURS/slamnav/install/nav2_common/share/nav2_common/environment/pythonpath.dsv
[0.499s] -- Up-to-date symlink: /home/pierres/COURS/slamnav/install/nav2_common/local/lib/python3.10/dist-packages/nav2_common-1.1.16-py3.10.egg-info/PKG-INFO
[0.499s] -- Up-to-date symlink: /home/pierres/COURS/slamnav/install/nav2_common/local/lib/python3.10/dist-packages/nav2_common-1.1.16-py3.10.egg-info/SOURCES.txt
[0.499s] -- Up-to-date symlink: /home/pierres/COURS/slamnav/install/nav2_common/local/lib/python3.10/dist-packages/nav2_common-1.1.16-py3.10.egg-info/dependency_links.txt
[0.499s] -- Up-to-date symlink: /home/pierres/COURS/slamnav/install/nav2_common/local/lib/python3.10/dist-packages/nav2_common-1.1.16-py3.10.egg-info/top_level.txt
[0.499s] -- Up-to-date symlink: /home/pierres/COURS/slamnav/install/nav2_common/local/lib/python3.10/dist-packages/nav2_common/__init__.py
[0.499s] -- Up-to-date symlink: /home/pierres/COURS/slamnav/install/nav2_common/local/lib/python3.10/dist-packages/nav2_common/launch/__init__.py
[0.499s] -- Up-to-date symlink: /home/pierres/COURS/slamnav/install/nav2_common/local/lib/python3.10/dist-packages/nav2_common/launch/has_node_params.py
[0.499s] -- Up-to-date symlink: /home/pierres/COURS/slamnav/install/nav2_common/local/lib/python3.10/dist-packages/nav2_common/launch/parse_multirobot_pose.py
[0.500s] -- Up-to-date symlink: /home/pierres/COURS/slamnav/install/nav2_common/local/lib/python3.10/dist-packages/nav2_common/launch/replace_string.py
[0.500s] -- Up-to-date symlink: /home/pierres/COURS/slamnav/install/nav2_common/local/lib/python3.10/dist-packages/nav2_common/launch/rewritten_yaml.py
[0.500s] -- Up-to-date symlink: /home/pierres/COURS/slamnav/install/nav2_common/share/ament_index/resource_index/package_run_dependencies/nav2_common
[0.500s] -- Up-to-date symlink: /home/pierres/COURS/slamnav/install/nav2_common/share/ament_index/resource_index/parent_prefix_path/nav2_common
[0.500s] -- Up-to-date symlink: /home/pierres/COURS/slamnav/install/nav2_common/share/nav2_common/environment/ament_prefix_path.sh
[0.500s] -- Up-to-date symlink: /home/pierres/COURS/slamnav/install/nav2_common/share/nav2_common/environment/ament_prefix_path.dsv
[0.500s] -- Up-to-date symlink: /home/pierres/COURS/slamnav/install/nav2_common/share/nav2_common/environment/path.sh
[0.500s] -- Up-to-date symlink: /home/pierres/COURS/slamnav/install/nav2_common/share/nav2_common/environment/path.dsv
[0.500s] -- Up-to-date symlink: /home/pierres/COURS/slamnav/install/nav2_common/share/nav2_common/local_setup.bash
[0.500s] -- Up-to-date symlink: /home/pierres/COURS/slamnav/install/nav2_common/share/nav2_common/local_setup.sh
[0.500s] -- Up-to-date symlink: /home/pierres/COURS/slamnav/install/nav2_common/share/nav2_common/local_setup.zsh
[0.500s] -- Up-to-date symlink: /home/pierres/COURS/slamnav/install/nav2_common/share/nav2_common/local_setup.dsv
[0.500s] -- Symlinking: /home/pierres/COURS/slamnav/install/nav2_common/share/nav2_common/package.dsv
[0.506s] -- Up-to-date symlink: /home/pierres/COURS/slamnav/install/nav2_common/share/ament_index/resource_index/packages/nav2_common
[0.506s] -- Up-to-date symlink: /home/pierres/COURS/slamnav/install/nav2_common/share/nav2_common/cmake/nav2_common-extras.cmake
[0.506s] -- Up-to-date symlink: /home/pierres/COURS/slamnav/install/nav2_common/share/nav2_common/cmake/nav2_commonConfig.cmake
[0.506s] -- Up-to-date symlink: /home/pierres/COURS/slamnav/install/nav2_common/share/nav2_common/cmake/nav2_commonConfig-version.cmake
[0.506s] -- Up-to-date symlink: /home/pierres/COURS/slamnav/install/nav2_common/share/nav2_common/package.xml
[0.507s] -- Up-to-date symlink: /home/pierres/COURS/slamnav/install/nav2_common/share/nav2_common/cmake/nav2_package.cmake
[0.529s] Listing '/home/pierres/COURS/slamnav/install/nav2_common/local/lib/python3.10/dist-packages/nav2_common'...
[0.529s] Listing '/home/pierres/COURS/slamnav/install/nav2_common/local/lib/python3.10/dist-packages/nav2_common/launch'...
[0.533s] Invoked command in '/home/pierres/COURS/slamnav/build/nav2_common' returned '0': CMAKE_PREFIX_PATH=${CMAKE_PREFIX_PATH}:/opt/ros/humble:/home/pierres/COURS/slamnav/install/slamnav_turtlebot /usr/bin/cmake --install /home/pierres/COURS/slamnav/build/nav2_common
