[0.009s] Invoking command in '/home/pierres/COURS/slamnav/build/dwb_msgs': AMENT_PREFIX_PATH=/home/pierres/COURS/slamnav/install/nav_2d_msgs:${AMENT_PREFIX_PATH} CMAKE_PREFIX_PATH=/home/pierres/COURS/slamnav/install/nav_2d_msgs:/home/pierres/COURS/slamnav/install/slam_toolbox:/opt/ros/humble:/home/pierres/COURS/slamnav/install/slamnav_turtlebot LD_LIBRARY_PATH=/home/pierres/COURS/slamnav/install/nav_2d_msgs/lib:${LD_LIBRARY_PATH} PYTHONPATH=/home/pierres/COURS/slamnav/install/nav_2d_msgs/local/lib/python3.10/dist-packages:${PYTHONPATH} /usr/bin/cmake /home/pierres/COURS/slamnav/src/navigation2/nav2_dwb_controller/dwb_msgs -DCMAKE_BUILD_TYPE=Release -DAMENT_CMAKE_SYMLINK_INSTALL=1 -DCMAKE_INSTALL_PREFIX=/home/pierres/COURS/slamnav/install/dwb_msgs
[0.062s] -- The C compiler identification is GNU 11.4.0
[0.114s] -- The CXX compiler identification is GNU 11.4.0
[0.123s] -- Detecting C compiler ABI info
[0.192s] -- Detecting C compiler ABI info - done
[0.197s] -- Check for working C compiler: /usr/bin/cc - skipped
[0.197s] -- Detecting C compile features
[0.198s] -- Detecting C compile features - done
[0.200s] -- Detecting CXX compiler ABI info
[0.270s] -- Detecting CXX compiler ABI info - done
[0.275s] -- Check for working CXX compiler: /usr/bin/c++ - skipped
[0.276s] -- Detecting CXX compile features
[0.276s] -- Detecting CXX compile features - done
[0.277s] -- Found builtin_interfaces: 1.2.1 (/opt/ros/humble/share/builtin_interfaces/cmake)
[0.445s] -- Found Python3: /usr/bin/python3 (found version "3.10.12") found components: Interpreter 
[0.524s] -- Override CMake install command with custom implementation using symlinks instead of copying resources
[0.597s] -- Found rosidl_generator_c: 3.1.5 (/opt/ros/humble/share/rosidl_generator_c/cmake)
[0.603s] -- Found rosidl_adapter: 3.1.5 (/opt/ros/humble/share/rosidl_adapter/cmake)
[0.613s] -- Found rosidl_generator_cpp: 3.1.5 (/opt/ros/humble/share/rosidl_generator_cpp/cmake)
[0.627s] -- Using all available rosidl_typesupport_c: rosidl_typesupport_fastrtps_c;rosidl_typesupport_introspection_c
[0.646s] -- Using all available rosidl_typesupport_cpp: rosidl_typesupport_fastrtps_cpp;rosidl_typesupport_introspection_cpp
[0.664s] -- Found geometry_msgs: 4.2.4 (/opt/ros/humble/share/geometry_msgs/cmake)
[0.696s] -- Found nav_2d_msgs: 1.1.16 (/home/pierres/COURS/slamnav/install/nav_2d_msgs/share/nav_2d_msgs/cmake)
[0.716s] -- Found nav_msgs: 4.2.4 (/opt/ros/humble/share/nav_msgs/cmake)
[0.739s] -- Found rosidl_default_generators: 1.2.0 (/opt/ros/humble/share/rosidl_default_generators/cmake)
[1.195s] -- Found ament_cmake_ros: 0.10.0 (/opt/ros/humble/share/ament_cmake_ros/cmake)
[1.868s] -- Using all available rosidl_typesupport_c: rosidl_typesupport_fastrtps_c;rosidl_typesupport_introspection_c
[2.099s] -- Using all available rosidl_typesupport_cpp: rosidl_typesupport_fastrtps_cpp;rosidl_typesupport_introspection_cpp
[2.131s] -- Found PythonInterp: /usr/bin/python3 (found suitable version "3.10.12", minimum required is "3.6") 
[2.133s] -- Found python_cmake_module: 0.10.0 (/opt/ros/humble/share/python_cmake_module/cmake)
[2.168s] -- Found PythonLibs: /usr/lib/x86_64-linux-gnu/libpython3.10.so (found suitable version "3.10.12", minimum required is "3.5") 
[2.168s] -- Using PYTHON_EXECUTABLE: /usr/bin/python3
[2.168s] -- Using PYTHON_INCLUDE_DIRS: /usr/include/python3.10
[2.168s] -- Using PYTHON_LIBRARIES: /usr/lib/x86_64-linux-gnu/libpython3.10.so
[2.196s] -- Found PythonExtra: .so  
[2.303s] -- Configuring done
[2.368s] -- Generating done
[2.371s] -- Build files have been written to: /home/pierres/COURS/slamnav/build/dwb_msgs
[2.383s] Invoked command in '/home/pierres/COURS/slamnav/build/dwb_msgs' returned '0': AMENT_PREFIX_PATH=/home/pierres/COURS/slamnav/install/nav_2d_msgs:${AMENT_PREFIX_PATH} CMAKE_PREFIX_PATH=/home/pierres/COURS/slamnav/install/nav_2d_msgs:/home/pierres/COURS/slamnav/install/slam_toolbox:/opt/ros/humble:/home/pierres/COURS/slamnav/install/slamnav_turtlebot LD_LIBRARY_PATH=/home/pierres/COURS/slamnav/install/nav_2d_msgs/lib:${LD_LIBRARY_PATH} PYTHONPATH=/home/pierres/COURS/slamnav/install/nav_2d_msgs/local/lib/python3.10/dist-packages:${PYTHONPATH} /usr/bin/cmake /home/pierres/COURS/slamnav/src/navigation2/nav2_dwb_controller/dwb_msgs -DCMAKE_BUILD_TYPE=Release -DAMENT_CMAKE_SYMLINK_INSTALL=1 -DCMAKE_INSTALL_PREFIX=/home/pierres/COURS/slamnav/install/dwb_msgs
[2.385s] Invoking command in '/home/pierres/COURS/slamnav/build/dwb_msgs': AMENT_PREFIX_PATH=/home/pierres/COURS/slamnav/install/nav_2d_msgs:${AMENT_PREFIX_PATH} CMAKE_PREFIX_PATH=/home/pierres/COURS/slamnav/install/nav_2d_msgs:/home/pierres/COURS/slamnav/install/slam_toolbox:/opt/ros/humble:/home/pierres/COURS/slamnav/install/slamnav_turtlebot LD_LIBRARY_PATH=/home/pierres/COURS/slamnav/install/nav_2d_msgs/lib:${LD_LIBRARY_PATH} PYTHONPATH=/home/pierres/COURS/slamnav/install/nav_2d_msgs/local/lib/python3.10/dist-packages:${PYTHONPATH} /usr/bin/cmake --build /home/pierres/COURS/slamnav/build/dwb_msgs -- -j16 -l16
[2.435s] [  1%] [34m[1mGenerating C code for ROS interfaces[0m
[2.443s] [  1%] Built target ament_cmake_python_symlink_dwb_msgs
[2.447s] [  2%] [34m[1mGenerating C++ code for ROS interfaces[0m
[2.631s] running egg_info
[2.631s] creating dwb_msgs.egg-info
[2.631s] writing dwb_msgs.egg-info/PKG-INFO
[2.632s] writing dependency_links to dwb_msgs.egg-info/dependency_links.txt
[2.632s] writing top-level names to dwb_msgs.egg-info/top_level.txt
[2.632s] writing manifest file 'dwb_msgs.egg-info/SOURCES.txt'
[2.633s] reading manifest file 'dwb_msgs.egg-info/SOURCES.txt'
[2.633s] writing manifest file 'dwb_msgs.egg-info/SOURCES.txt'
[2.653s] [  2%] Built target ament_cmake_python_build_dwb_msgs_egg
[3.862s] [  5%] [32mBuilding C object CMakeFiles/dwb_msgs__rosidl_generator_c.dir/rosidl_generator_c/dwb_msgs/msg/detail/trajectory2_d__functions.c.o[0m
[3.862s] [  5%] [32mBuilding C object CMakeFiles/dwb_msgs__rosidl_generator_c.dir/rosidl_generator_c/dwb_msgs/msg/detail/critic_score__functions.c.o[0m
[3.862s] [  6%] [32mBuilding C object CMakeFiles/dwb_msgs__rosidl_generator_c.dir/rosidl_generator_c/dwb_msgs/msg/detail/local_plan_evaluation__functions.c.o[0m
[3.863s] [  8%] [32mBuilding C object CMakeFiles/dwb_msgs__rosidl_generator_c.dir/rosidl_generator_c/dwb_msgs/srv/detail/generate_twists__functions.c.o[0m
[3.863s] [  8%] [32mBuilding C object CMakeFiles/dwb_msgs__rosidl_generator_c.dir/rosidl_generator_c/dwb_msgs/srv/detail/generate_trajectory__functions.c.o[0m
[3.867s] [  5%] [32mBuilding C object CMakeFiles/dwb_msgs__rosidl_generator_c.dir/rosidl_generator_c/dwb_msgs/msg/detail/trajectory_score__functions.c.o[0m
[3.873s] [ 10%] [32mBuilding C object CMakeFiles/dwb_msgs__rosidl_generator_c.dir/rosidl_generator_c/dwb_msgs/srv/detail/get_critic_score__functions.c.o[0m
[3.873s] [ 10%] [32mBuilding C object CMakeFiles/dwb_msgs__rosidl_generator_c.dir/rosidl_generator_c/dwb_msgs/srv/detail/debug_local_plan__functions.c.o[0m
[3.883s] [ 11%] [32mBuilding C object CMakeFiles/dwb_msgs__rosidl_generator_c.dir/rosidl_generator_c/dwb_msgs/srv/detail/score_trajectory__functions.c.o[0m
[4.086s] [ 11%] Built target dwb_msgs__cpp
[4.108s] [ 12%] [34m[1mGenerating C++ type support for eProsima Fast-RTPS[0m
[4.113s] [ 13%] [34m[1mGenerating C++ type support dispatch for ROS interfaces[0m
[4.117s] [ 14%] [34m[1mGenerating C++ introspection for ROS interfaces[0m
[4.304s] [ 15%] [32m[1mLinking C shared library libdwb_msgs__rosidl_generator_c.so[0m
[4.405s] [ 15%] Built target dwb_msgs__rosidl_generator_c
[4.425s] [ 16%] [34m[1mGenerating C introspection for ROS interfaces[0m
[4.428s] [ 17%] [34m[1mGenerating C type support for eProsima Fast-RTPS[0m
[4.428s] [ 18%] [34m[1mGenerating C type support dispatch for ROS interfaces[0m
[5.662s] [ 20%] [32mBuilding CXX object CMakeFiles/dwb_msgs__rosidl_typesupport_c.dir/rosidl_typesupport_c/dwb_msgs/msg/critic_score__type_support.cpp.o[0m
[5.670s] [ 24%] [32mBuilding CXX object CMakeFiles/dwb_msgs__rosidl_typesupport_c.dir/rosidl_typesupport_c/dwb_msgs/srv/debug_local_plan__type_support.cpp.o[0m
[5.670s] [ 24%] [32mBuilding CXX object CMakeFiles/dwb_msgs__rosidl_typesupport_c.dir/rosidl_typesupport_c/dwb_msgs/msg/trajectory2_d__type_support.cpp.o[0m
[5.670s] [ 25%] [32mBuilding CXX object CMakeFiles/dwb_msgs__rosidl_typesupport_introspection_cpp.dir/rosidl_typesupport_introspection_cpp/dwb_msgs/msg/detail/trajectory2_d__type_support.cpp.o[0m
[5.671s] [ 25%] [32mBuilding CXX object CMakeFiles/dwb_msgs__rosidl_typesupport_c.dir/rosidl_typesupport_c/dwb_msgs/msg/trajectory_score__type_support.cpp.o[0m
[5.671s] [ 25%] [32mBuilding CXX object CMakeFiles/dwb_msgs__rosidl_typesupport_c.dir/rosidl_typesupport_c/dwb_msgs/msg/local_plan_evaluation__type_support.cpp.o[0m
[5.681s] [ 26%] [32mBuilding CXX object CMakeFiles/dwb_msgs__rosidl_typesupport_introspection_cpp.dir/rosidl_typesupport_introspection_cpp/dwb_msgs/msg/detail/critic_score__type_support.cpp.o[0m
[5.682s] [ 28%] [32mBuilding CXX object CMakeFiles/dwb_msgs__rosidl_typesupport_c.dir/rosidl_typesupport_c/dwb_msgs/srv/generate_twists__type_support.cpp.o[0m
[5.682s] [ 29%] [32mBuilding CXX object CMakeFiles/dwb_msgs__rosidl_typesupport_introspection_cpp.dir/rosidl_typesupport_introspection_cpp/dwb_msgs/msg/detail/trajectory_score__type_support.cpp.o[0m
[5.683s] [ 30%] [32mBuilding CXX object CMakeFiles/dwb_msgs__rosidl_typesupport_introspection_cpp.dir/rosidl_typesupport_introspection_cpp/dwb_msgs/msg/detail/local_plan_evaluation__type_support.cpp.o[0m
[5.685s] [ 31%] [32mBuilding CXX object CMakeFiles/dwb_msgs__rosidl_typesupport_introspection_cpp.dir/rosidl_typesupport_introspection_cpp/dwb_msgs/srv/detail/debug_local_plan__type_support.cpp.o[0m
[5.685s] [ 31%] [32mBuilding CXX object CMakeFiles/dwb_msgs__rosidl_typesupport_c.dir/rosidl_typesupport_c/dwb_msgs/srv/generate_trajectory__type_support.cpp.o[0m
[5.755s] [ 32%] [32mBuilding CXX object CMakeFiles/dwb_msgs__rosidl_typesupport_introspection_cpp.dir/rosidl_typesupport_introspection_cpp/dwb_msgs/srv/detail/generate_trajectory__type_support.cpp.o[0m
[5.771s] [ 34%] [32mBuilding CXX object CMakeFiles/dwb_msgs__rosidl_typesupport_c.dir/rosidl_typesupport_c/dwb_msgs/srv/score_trajectory__type_support.cpp.o[0m
[5.771s] [ 34%] [32mBuilding CXX object CMakeFiles/dwb_msgs__rosidl_typesupport_c.dir/rosidl_typesupport_c/dwb_msgs/srv/get_critic_score__type_support.cpp.o[0m
[5.774s] [ 35%] [32mBuilding CXX object CMakeFiles/dwb_msgs__rosidl_typesupport_introspection_cpp.dir/rosidl_typesupport_introspection_cpp/dwb_msgs/srv/detail/generate_twists__type_support.cpp.o[0m
[5.782s] [ 36%] [32mBuilding CXX object CMakeFiles/dwb_msgs__rosidl_typesupport_introspection_cpp.dir/rosidl_typesupport_introspection_cpp/dwb_msgs/srv/detail/score_trajectory__type_support.cpp.o[0m
[5.788s] [ 37%] [32mBuilding CXX object CMakeFiles/dwb_msgs__rosidl_typesupport_introspection_cpp.dir/rosidl_typesupport_introspection_cpp/dwb_msgs/srv/detail/get_critic_score__type_support.cpp.o[0m
[5.831s] [ 38%] [32mBuilding CXX object CMakeFiles/dwb_msgs__rosidl_typesupport_cpp.dir/rosidl_typesupport_cpp/dwb_msgs/msg/local_plan_evaluation__type_support.cpp.o[0m
[5.844s] [ 40%] [32mBuilding CXX object CMakeFiles/dwb_msgs__rosidl_typesupport_cpp.dir/rosidl_typesupport_cpp/dwb_msgs/msg/critic_score__type_support.cpp.o[0m
[5.859s] [ 41%] [32mBuilding CXX object CMakeFiles/dwb_msgs__rosidl_typesupport_cpp.dir/rosidl_typesupport_cpp/dwb_msgs/msg/trajectory2_d__type_support.cpp.o[0m
[5.861s] [ 42%] [32m[1mLinking CXX shared library libdwb_msgs__rosidl_typesupport_c.so[0m
[6.013s] [ 42%] Built target dwb_msgs__rosidl_typesupport_c
[6.090s] [ 43%] [32mBuilding CXX object CMakeFiles/dwb_msgs__rosidl_typesupport_cpp.dir/rosidl_typesupport_cpp/dwb_msgs/msg/trajectory_score__type_support.cpp.o[0m
[6.307s] [ 44%] [32mBuilding C object CMakeFiles/dwb_msgs__rosidl_typesupport_introspection_c.dir/rosidl_typesupport_introspection_c/dwb_msgs/msg/detail/critic_score__type_support.c.o[0m
[6.307s] [ 45%] [32mBuilding CXX object CMakeFiles/dwb_msgs__rosidl_typesupport_fastrtps_cpp.dir/rosidl_typesupport_fastrtps_cpp/dwb_msgs/msg/detail/dds_fastrtps/critic_score__type_support.cpp.o[0m
[6.333s] [ 46%] [32mBuilding CXX object CMakeFiles/dwb_msgs__rosidl_typesupport_cpp.dir/rosidl_typesupport_cpp/dwb_msgs/srv/debug_local_plan__type_support.cpp.o[0m
[6.423s] [ 47%] [32mBuilding C object CMakeFiles/dwb_msgs__rosidl_typesupport_introspection_c.dir/rosidl_typesupport_introspection_c/dwb_msgs/msg/detail/local_plan_evaluation__type_support.c.o[0m
[6.555s] [ 48%] [32mBuilding CXX object CMakeFiles/dwb_msgs__rosidl_typesupport_fastrtps_c.dir/rosidl_typesupport_fastrtps_c/dwb_msgs/msg/detail/critic_score__type_support_c.cpp.o[0m
[6.626s] [ 49%] [32mBuilding CXX object CMakeFiles/dwb_msgs__rosidl_typesupport_fastrtps_cpp.dir/rosidl_typesupport_fastrtps_cpp/dwb_msgs/msg/detail/dds_fastrtps/local_plan_evaluation__type_support.cpp.o[0m
[6.628s] [ 50%] [32mBuilding CXX object CMakeFiles/dwb_msgs__rosidl_typesupport_cpp.dir/rosidl_typesupport_cpp/dwb_msgs/srv/generate_trajectory__type_support.cpp.o[0m
[6.643s] [ 51%] [32mBuilding C object CMakeFiles/dwb_msgs__rosidl_typesupport_introspection_c.dir/rosidl_typesupport_introspection_c/dwb_msgs/msg/detail/trajectory2_d__type_support.c.o[0m
[6.835s] [ 52%] [32mBuilding C object CMakeFiles/dwb_msgs__rosidl_typesupport_introspection_c.dir/rosidl_typesupport_introspection_c/dwb_msgs/msg/detail/trajectory_score__type_support.c.o[0m
[6.848s] [ 53%] [32mBuilding CXX object CMakeFiles/dwb_msgs__rosidl_typesupport_fastrtps_cpp.dir/rosidl_typesupport_fastrtps_cpp/dwb_msgs/msg/detail/dds_fastrtps/trajectory2_d__type_support.cpp.o[0m
[6.859s] [ 54%] [32mBuilding CXX object CMakeFiles/dwb_msgs__rosidl_typesupport_fastrtps_cpp.dir/rosidl_typesupport_fastrtps_cpp/dwb_msgs/msg/detail/dds_fastrtps/trajectory_score__type_support.cpp.o[0m
[6.925s] [ 55%] [32mBuilding CXX object CMakeFiles/dwb_msgs__rosidl_typesupport_cpp.dir/rosidl_typesupport_cpp/dwb_msgs/srv/generate_twists__type_support.cpp.o[0m
[7.004s] [ 56%] [32mBuilding CXX object CMakeFiles/dwb_msgs__rosidl_typesupport_fastrtps_cpp.dir/rosidl_typesupport_fastrtps_cpp/dwb_msgs/srv/detail/dds_fastrtps/debug_local_plan__type_support.cpp.o[0m
[7.012s] [ 57%] [32mBuilding C object CMakeFiles/dwb_msgs__rosidl_typesupport_introspection_c.dir/rosidl_typesupport_introspection_c/dwb_msgs/srv/detail/debug_local_plan__type_support.c.o[0m
[7.082s] [ 58%] [32mBuilding CXX object CMakeFiles/dwb_msgs__rosidl_typesupport_fastrtps_c.dir/rosidl_typesupport_fastrtps_c/dwb_msgs/msg/detail/local_plan_evaluation__type_support_c.cpp.o[0m
[7.094s] [ 60%] [32mBuilding CXX object CMakeFiles/dwb_msgs__rosidl_typesupport_cpp.dir/rosidl_typesupport_cpp/dwb_msgs/srv/get_critic_score__type_support.cpp.o[0m
[7.118s] [ 61%] [32mBuilding CXX object CMakeFiles/dwb_msgs__rosidl_typesupport_fastrtps_cpp.dir/rosidl_typesupport_fastrtps_cpp/dwb_msgs/srv/detail/dds_fastrtps/generate_trajectory__type_support.cpp.o[0m
[7.121s] [ 62%] [32mBuilding CXX object CMakeFiles/dwb_msgs__rosidl_typesupport_fastrtps_c.dir/rosidl_typesupport_fastrtps_c/dwb_msgs/msg/detail/trajectory2_d__type_support_c.cpp.o[0m
[7.133s] [ 63%] [32mBuilding C object CMakeFiles/dwb_msgs__rosidl_typesupport_introspection_c.dir/rosidl_typesupport_introspection_c/dwb_msgs/srv/detail/generate_trajectory__type_support.c.o[0m
[7.195s] [ 64%] [32mBuilding CXX object CMakeFiles/dwb_msgs__rosidl_typesupport_fastrtps_c.dir/rosidl_typesupport_fastrtps_c/dwb_msgs/msg/detail/trajectory_score__type_support_c.cpp.o[0m
[7.220s] [ 65%] [32mBuilding C object CMakeFiles/dwb_msgs__rosidl_typesupport_introspection_c.dir/rosidl_typesupport_introspection_c/dwb_msgs/srv/detail/generate_twists__type_support.c.o[0m
[7.300s] [ 66%] [32mBuilding CXX object CMakeFiles/dwb_msgs__rosidl_typesupport_fastrtps_c.dir/rosidl_typesupport_fastrtps_c/dwb_msgs/srv/detail/debug_local_plan__type_support_c.cpp.o[0m
[7.378s] [ 67%] [32mBuilding C object CMakeFiles/dwb_msgs__rosidl_typesupport_introspection_c.dir/rosidl_typesupport_introspection_c/dwb_msgs/srv/detail/get_critic_score__type_support.c.o[0m
[7.492s] [ 68%] [32mBuilding CXX object CMakeFiles/dwb_msgs__rosidl_typesupport_fastrtps_c.dir/rosidl_typesupport_fastrtps_c/dwb_msgs/srv/detail/generate_trajectory__type_support_c.cpp.o[0m
[7.499s] [ 69%] [32mBuilding CXX object CMakeFiles/dwb_msgs__rosidl_typesupport_fastrtps_cpp.dir/rosidl_typesupport_fastrtps_cpp/dwb_msgs/srv/detail/dds_fastrtps/generate_twists__type_support.cpp.o[0m
[7.550s] [ 70%] [32mBuilding C object CMakeFiles/dwb_msgs__rosidl_typesupport_introspection_c.dir/rosidl_typesupport_introspection_c/dwb_msgs/srv/detail/score_trajectory__type_support.c.o[0m
[7.628s] [ 71%] [32m[1mLinking CXX shared library libdwb_msgs__rosidl_typesupport_introspection_cpp.so[0m
[7.651s] [ 72%] [32mBuilding CXX object CMakeFiles/dwb_msgs__rosidl_typesupport_fastrtps_c.dir/rosidl_typesupport_fastrtps_c/dwb_msgs/srv/detail/generate_twists__type_support_c.cpp.o[0m
[7.765s] [ 73%] [32m[1mLinking C shared library libdwb_msgs__rosidl_typesupport_introspection_c.so[0m
[7.774s] [ 74%] [32mBuilding CXX object CMakeFiles/dwb_msgs__rosidl_typesupport_fastrtps_cpp.dir/rosidl_typesupport_fastrtps_cpp/dwb_msgs/srv/detail/dds_fastrtps/get_critic_score__type_support.cpp.o[0m
[7.821s] [ 75%] [32mBuilding CXX object CMakeFiles/dwb_msgs__rosidl_typesupport_cpp.dir/rosidl_typesupport_cpp/dwb_msgs/srv/score_trajectory__type_support.cpp.o[0m
[7.843s] [ 75%] Built target dwb_msgs__rosidl_typesupport_introspection_cpp
[7.863s] [ 75%] Built target dwb_msgs__rosidl_typesupport_introspection_c
[7.874s] [ 76%] [32mBuilding CXX object CMakeFiles/dwb_msgs__rosidl_typesupport_fastrtps_cpp.dir/rosidl_typesupport_fastrtps_cpp/dwb_msgs/srv/detail/dds_fastrtps/score_trajectory__type_support.cpp.o[0m
[7.888s] [ 77%] [32mBuilding CXX object CMakeFiles/dwb_msgs__rosidl_typesupport_fastrtps_c.dir/rosidl_typesupport_fastrtps_c/dwb_msgs/srv/detail/get_critic_score__type_support_c.cpp.o[0m
[7.921s] [ 78%] [32mBuilding CXX object CMakeFiles/dwb_msgs__rosidl_typesupport_fastrtps_c.dir/rosidl_typesupport_fastrtps_c/dwb_msgs/srv/detail/score_trajectory__type_support_c.cpp.o[0m
[8.318s] [ 80%] [32m[1mLinking CXX shared library libdwb_msgs__rosidl_typesupport_cpp.so[0m
[8.421s] [ 80%] Built target dwb_msgs__rosidl_typesupport_cpp
[8.723s] [ 81%] [32m[1mLinking CXX shared library libdwb_msgs__rosidl_typesupport_fastrtps_cpp.so[0m
[8.914s] [ 82%] [32m[1mLinking CXX shared library libdwb_msgs__rosidl_typesupport_fastrtps_c.so[0m
[8.934s] [ 82%] Built target dwb_msgs__rosidl_typesupport_fastrtps_cpp
[9.104s] [ 82%] Built target dwb_msgs__rosidl_typesupport_fastrtps_c
[9.132s] [ 82%] Built target dwb_msgs
[9.187s] [ 83%] [34m[1mGenerating Python code for ROS interfaces[0m
[11.349s] [ 83%] Built target dwb_msgs__py
[11.380s] [ 84%] [32mBuilding C object CMakeFiles/dwb_msgs__rosidl_generator_py.dir/rosidl_generator_py/dwb_msgs/srv/_generate_twists_s.c.o[0m
[11.380s] [ 85%] [32mBuilding C object CMakeFiles/dwb_msgs__rosidl_generator_py.dir/rosidl_generator_py/dwb_msgs/msg/_local_plan_evaluation_s.c.o[0m
[11.380s] [ 86%] [32mBuilding C object CMakeFiles/dwb_msgs__rosidl_generator_py.dir/rosidl_generator_py/dwb_msgs/msg/_trajectory2_d_s.c.o[0m
[11.380s] [ 87%] [32mBuilding C object CMakeFiles/dwb_msgs__rosidl_generator_py.dir/rosidl_generator_py/dwb_msgs/srv/_generate_trajectory_s.c.o[0m
[11.380s] [ 88%] [32mBuilding C object CMakeFiles/dwb_msgs__rosidl_generator_py.dir/rosidl_generator_py/dwb_msgs/msg/_critic_score_s.c.o[0m
[11.380s] [ 90%] [32mBuilding C object CMakeFiles/dwb_msgs__rosidl_generator_py.dir/rosidl_generator_py/dwb_msgs/msg/_trajectory_score_s.c.o[0m
[11.382s] [ 90%] [32mBuilding C object CMakeFiles/dwb_msgs__rosidl_generator_py.dir/rosidl_generator_py/dwb_msgs/srv/_debug_local_plan_s.c.o[0m
[11.386s] [ 91%] [32mBuilding C object CMakeFiles/dwb_msgs__rosidl_generator_py.dir/rosidl_generator_py/dwb_msgs/srv/_get_critic_score_s.c.o[0m
[11.403s] [ 92%] [32mBuilding C object CMakeFiles/dwb_msgs__rosidl_generator_py.dir/rosidl_generator_py/dwb_msgs/srv/_score_trajectory_s.c.o[0m
[11.628s] [ 93%] [32m[1mLinking C shared library rosidl_generator_py/dwb_msgs/libdwb_msgs__rosidl_generator_py.so[0m
[11.672s] [ 93%] Built target dwb_msgs__rosidl_generator_py
[11.696s] [ 94%] [32mBuilding C object CMakeFiles/dwb_msgs__rosidl_typesupport_introspection_c__pyext.dir/rosidl_generator_py/dwb_msgs/_dwb_msgs_s.ep.rosidl_typesupport_introspection_c.c.o[0m
[11.696s] [ 96%] [32mBuilding C object CMakeFiles/dwb_msgs__rosidl_typesupport_c__pyext.dir/rosidl_generator_py/dwb_msgs/_dwb_msgs_s.ep.rosidl_typesupport_c.c.o[0m
[11.697s] [ 96%] [32mBuilding C object CMakeFiles/dwb_msgs__rosidl_typesupport_fastrtps_c__pyext.dir/rosidl_generator_py/dwb_msgs/_dwb_msgs_s.ep.rosidl_typesupport_fastrtps_c.c.o[0m
[11.874s] [ 97%] [32m[1mLinking C shared library rosidl_generator_py/dwb_msgs/dwb_msgs_s__rosidl_typesupport_c.cpython-310-x86_64-linux-gnu.so[0m
[11.878s] [ 98%] [32m[1mLinking C shared library rosidl_generator_py/dwb_msgs/dwb_msgs_s__rosidl_typesupport_introspection_c.cpython-310-x86_64-linux-gnu.so[0m
[11.882s] [100%] [32m[1mLinking C shared library rosidl_generator_py/dwb_msgs/dwb_msgs_s__rosidl_typesupport_fastrtps_c.cpython-310-x86_64-linux-gnu.so[0m
[11.909s] [100%] Built target dwb_msgs__rosidl_typesupport_c__pyext
[11.914s] [100%] Built target dwb_msgs__rosidl_typesupport_fastrtps_c__pyext
[11.916s] [100%] Built target dwb_msgs__rosidl_typesupport_introspection_c__pyext
[11.926s] Invoked command in '/home/pierres/COURS/slamnav/build/dwb_msgs' returned '0': AMENT_PREFIX_PATH=/home/pierres/COURS/slamnav/install/nav_2d_msgs:${AMENT_PREFIX_PATH} CMAKE_PREFIX_PATH=/home/pierres/COURS/slamnav/install/nav_2d_msgs:/home/pierres/COURS/slamnav/install/slam_toolbox:/opt/ros/humble:/home/pierres/COURS/slamnav/install/slamnav_turtlebot LD_LIBRARY_PATH=/home/pierres/COURS/slamnav/install/nav_2d_msgs/lib:${LD_LIBRARY_PATH} PYTHONPATH=/home/pierres/COURS/slamnav/install/nav_2d_msgs/local/lib/python3.10/dist-packages:${PYTHONPATH} /usr/bin/cmake --build /home/pierres/COURS/slamnav/build/dwb_msgs -- -j16 -l16
[12.112s] Invoking command in '/home/pierres/COURS/slamnav/build/dwb_msgs': AMENT_PREFIX_PATH=/home/pierres/COURS/slamnav/install/nav_2d_msgs:${AMENT_PREFIX_PATH} CMAKE_PREFIX_PATH=/home/pierres/COURS/slamnav/install/nav_2d_msgs:/home/pierres/COURS/slamnav/install/slam_toolbox:/opt/ros/humble:/home/pierres/COURS/slamnav/install/slamnav_turtlebot LD_LIBRARY_PATH=/home/pierres/COURS/slamnav/install/nav_2d_msgs/lib:${LD_LIBRARY_PATH} PYTHONPATH=/home/pierres/COURS/slamnav/install/nav_2d_msgs/local/lib/python3.10/dist-packages:${PYTHONPATH} /usr/bin/cmake --install /home/pierres/COURS/slamnav/build/dwb_msgs
[12.119s] -- Install configuration: "Release"
[12.120s] -- Execute custom install script
[12.120s] -- Symlinking: /home/pierres/COURS/slamnav/install/dwb_msgs/share/ament_index/resource_index/rosidl_interfaces/dwb_msgs
[12.126s] -- Symlinking: /home/pierres/COURS/slamnav/install/dwb_msgs/include/dwb_msgs/dwb_msgs/msg/critic_score.h
[12.135s] -- Symlinking: /home/pierres/COURS/slamnav/install/dwb_msgs/include/dwb_msgs/dwb_msgs/msg/detail/critic_score__functions.h
[12.141s] -- Symlinking: /home/pierres/COURS/slamnav/install/dwb_msgs/include/dwb_msgs/dwb_msgs/msg/detail/critic_score__struct.h
[12.150s] -- Symlinking: /home/pierres/COURS/slamnav/install/dwb_msgs/include/dwb_msgs/dwb_msgs/msg/detail/critic_score__type_support.h
[12.158s] -- Symlinking: /home/pierres/COURS/slamnav/install/dwb_msgs/include/dwb_msgs/dwb_msgs/msg/detail/local_plan_evaluation__functions.h
[12.164s] -- Symlinking: /home/pierres/COURS/slamnav/install/dwb_msgs/include/dwb_msgs/dwb_msgs/msg/detail/local_plan_evaluation__struct.h
[12.173s] -- Symlinking: /home/pierres/COURS/slamnav/install/dwb_msgs/include/dwb_msgs/dwb_msgs/msg/detail/local_plan_evaluation__type_support.h
[12.180s] -- Symlinking: /home/pierres/COURS/slamnav/install/dwb_msgs/include/dwb_msgs/dwb_msgs/msg/detail/trajectory2_d__functions.h
[12.188s] -- Symlinking: /home/pierres/COURS/slamnav/install/dwb_msgs/include/dwb_msgs/dwb_msgs/msg/detail/trajectory2_d__struct.h
[12.194s] -- Symlinking: /home/pierres/COURS/slamnav/install/dwb_msgs/include/dwb_msgs/dwb_msgs/msg/detail/trajectory2_d__type_support.h
[12.200s] -- Symlinking: /home/pierres/COURS/slamnav/install/dwb_msgs/include/dwb_msgs/dwb_msgs/msg/detail/trajectory_score__functions.h
[12.208s] -- Symlinking: /home/pierres/COURS/slamnav/install/dwb_msgs/include/dwb_msgs/dwb_msgs/msg/detail/trajectory_score__struct.h
[12.215s] -- Symlinking: /home/pierres/COURS/slamnav/install/dwb_msgs/include/dwb_msgs/dwb_msgs/msg/detail/trajectory_score__type_support.h
[12.221s] -- Symlinking: /home/pierres/COURS/slamnav/install/dwb_msgs/include/dwb_msgs/dwb_msgs/msg/local_plan_evaluation.h
[12.228s] -- Symlinking: /home/pierres/COURS/slamnav/install/dwb_msgs/include/dwb_msgs/dwb_msgs/msg/rosidl_generator_c__visibility_control.h
[12.236s] -- Symlinking: /home/pierres/COURS/slamnav/install/dwb_msgs/include/dwb_msgs/dwb_msgs/msg/trajectory2_d.h
[12.244s] -- Symlinking: /home/pierres/COURS/slamnav/install/dwb_msgs/include/dwb_msgs/dwb_msgs/msg/trajectory_score.h
[12.250s] -- Symlinking: /home/pierres/COURS/slamnav/install/dwb_msgs/include/dwb_msgs/dwb_msgs/srv/debug_local_plan.h
[12.258s] -- Symlinking: /home/pierres/COURS/slamnav/install/dwb_msgs/include/dwb_msgs/dwb_msgs/srv/detail/debug_local_plan__functions.h
[12.264s] -- Symlinking: /home/pierres/COURS/slamnav/install/dwb_msgs/include/dwb_msgs/dwb_msgs/srv/detail/debug_local_plan__struct.h
[12.273s] -- Symlinking: /home/pierres/COURS/slamnav/install/dwb_msgs/include/dwb_msgs/dwb_msgs/srv/detail/debug_local_plan__type_support.h
[12.279s] -- Symlinking: /home/pierres/COURS/slamnav/install/dwb_msgs/include/dwb_msgs/dwb_msgs/srv/detail/generate_trajectory__functions.h
[12.286s] -- Symlinking: /home/pierres/COURS/slamnav/install/dwb_msgs/include/dwb_msgs/dwb_msgs/srv/detail/generate_trajectory__struct.h
[12.294s] -- Symlinking: /home/pierres/COURS/slamnav/install/dwb_msgs/include/dwb_msgs/dwb_msgs/srv/detail/generate_trajectory__type_support.h
[12.300s] -- Symlinking: /home/pierres/COURS/slamnav/install/dwb_msgs/include/dwb_msgs/dwb_msgs/srv/detail/generate_twists__functions.h
[12.308s] -- Symlinking: /home/pierres/COURS/slamnav/install/dwb_msgs/include/dwb_msgs/dwb_msgs/srv/detail/generate_twists__struct.h
[12.316s] -- Symlinking: /home/pierres/COURS/slamnav/install/dwb_msgs/include/dwb_msgs/dwb_msgs/srv/detail/generate_twists__type_support.h
[12.322s] -- Symlinking: /home/pierres/COURS/slamnav/install/dwb_msgs/include/dwb_msgs/dwb_msgs/srv/detail/get_critic_score__functions.h
[12.327s] -- Symlinking: /home/pierres/COURS/slamnav/install/dwb_msgs/include/dwb_msgs/dwb_msgs/srv/detail/get_critic_score__struct.h
[12.336s] -- Symlinking: /home/pierres/COURS/slamnav/install/dwb_msgs/include/dwb_msgs/dwb_msgs/srv/detail/get_critic_score__type_support.h
[12.342s] -- Symlinking: /home/pierres/COURS/slamnav/install/dwb_msgs/include/dwb_msgs/dwb_msgs/srv/detail/score_trajectory__functions.h
[12.350s] -- Symlinking: /home/pierres/COURS/slamnav/install/dwb_msgs/include/dwb_msgs/dwb_msgs/srv/detail/score_trajectory__struct.h
[12.359s] -- Symlinking: /home/pierres/COURS/slamnav/install/dwb_msgs/include/dwb_msgs/dwb_msgs/srv/detail/score_trajectory__type_support.h
[12.368s] -- Symlinking: /home/pierres/COURS/slamnav/install/dwb_msgs/include/dwb_msgs/dwb_msgs/srv/generate_trajectory.h
[12.374s] -- Symlinking: /home/pierres/COURS/slamnav/install/dwb_msgs/include/dwb_msgs/dwb_msgs/srv/generate_twists.h
[12.383s] -- Symlinking: /home/pierres/COURS/slamnav/install/dwb_msgs/include/dwb_msgs/dwb_msgs/srv/get_critic_score.h
[12.389s] -- Symlinking: /home/pierres/COURS/slamnav/install/dwb_msgs/include/dwb_msgs/dwb_msgs/srv/score_trajectory.h
[12.397s] -- Symlinking: /home/pierres/COURS/slamnav/install/dwb_msgs/share/dwb_msgs/environment/library_path.sh
[12.403s] -- Symlinking: /home/pierres/COURS/slamnav/install/dwb_msgs/share/dwb_msgs/environment/library_path.dsv
[12.412s] -- Symlinking: /home/pierres/COURS/slamnav/install/dwb_msgs/include/dwb_msgs/dwb_msgs/msg/detail/critic_score__rosidl_typesupport_fastrtps_c.h
[12.420s] -- Symlinking: /home/pierres/COURS/slamnav/install/dwb_msgs/include/dwb_msgs/dwb_msgs/msg/detail/local_plan_evaluation__rosidl_typesupport_fastrtps_c.h
[12.427s] -- Symlinking: /home/pierres/COURS/slamnav/install/dwb_msgs/include/dwb_msgs/dwb_msgs/msg/detail/trajectory2_d__rosidl_typesupport_fastrtps_c.h
[12.434s] -- Symlinking: /home/pierres/COURS/slamnav/install/dwb_msgs/include/dwb_msgs/dwb_msgs/msg/detail/trajectory_score__rosidl_typesupport_fastrtps_c.h
[12.440s] -- Symlinking: /home/pierres/COURS/slamnav/install/dwb_msgs/include/dwb_msgs/dwb_msgs/msg/rosidl_typesupport_fastrtps_c__visibility_control.h
[12.446s] -- Symlinking: /home/pierres/COURS/slamnav/install/dwb_msgs/include/dwb_msgs/dwb_msgs/srv/detail/debug_local_plan__rosidl_typesupport_fastrtps_c.h
[12.454s] -- Symlinking: /home/pierres/COURS/slamnav/install/dwb_msgs/include/dwb_msgs/dwb_msgs/srv/detail/generate_trajectory__rosidl_typesupport_fastrtps_c.h
[12.461s] -- Symlinking: /home/pierres/COURS/slamnav/install/dwb_msgs/include/dwb_msgs/dwb_msgs/srv/detail/generate_twists__rosidl_typesupport_fastrtps_c.h
[12.470s] -- Symlinking: /home/pierres/COURS/slamnav/install/dwb_msgs/include/dwb_msgs/dwb_msgs/srv/detail/get_critic_score__rosidl_typesupport_fastrtps_c.h
[12.477s] -- Symlinking: /home/pierres/COURS/slamnav/install/dwb_msgs/include/dwb_msgs/dwb_msgs/srv/detail/score_trajectory__rosidl_typesupport_fastrtps_c.h
[12.484s] -- Symlinking: /home/pierres/COURS/slamnav/install/dwb_msgs/include/dwb_msgs/dwb_msgs/msg/critic_score.hpp
[12.491s] -- Symlinking: /home/pierres/COURS/slamnav/install/dwb_msgs/include/dwb_msgs/dwb_msgs/msg/detail/critic_score__builder.hpp
[12.500s] -- Symlinking: /home/pierres/COURS/slamnav/install/dwb_msgs/include/dwb_msgs/dwb_msgs/msg/detail/critic_score__struct.hpp
[12.506s] -- Symlinking: /home/pierres/COURS/slamnav/install/dwb_msgs/include/dwb_msgs/dwb_msgs/msg/detail/critic_score__traits.hpp
[12.513s] -- Symlinking: /home/pierres/COURS/slamnav/install/dwb_msgs/include/dwb_msgs/dwb_msgs/msg/detail/local_plan_evaluation__builder.hpp
[12.521s] -- Symlinking: /home/pierres/COURS/slamnav/install/dwb_msgs/include/dwb_msgs/dwb_msgs/msg/detail/local_plan_evaluation__struct.hpp
[12.526s] -- Symlinking: /home/pierres/COURS/slamnav/install/dwb_msgs/include/dwb_msgs/dwb_msgs/msg/detail/local_plan_evaluation__traits.hpp
[12.531s] -- Symlinking: /home/pierres/COURS/slamnav/install/dwb_msgs/include/dwb_msgs/dwb_msgs/msg/detail/trajectory2_d__builder.hpp
[12.540s] -- Symlinking: /home/pierres/COURS/slamnav/install/dwb_msgs/include/dwb_msgs/dwb_msgs/msg/detail/trajectory2_d__struct.hpp
[12.547s] -- Symlinking: /home/pierres/COURS/slamnav/install/dwb_msgs/include/dwb_msgs/dwb_msgs/msg/detail/trajectory2_d__traits.hpp
[12.556s] -- Symlinking: /home/pierres/COURS/slamnav/install/dwb_msgs/include/dwb_msgs/dwb_msgs/msg/detail/trajectory_score__builder.hpp
[12.564s] -- Symlinking: /home/pierres/COURS/slamnav/install/dwb_msgs/include/dwb_msgs/dwb_msgs/msg/detail/trajectory_score__struct.hpp
[12.571s] -- Symlinking: /home/pierres/COURS/slamnav/install/dwb_msgs/include/dwb_msgs/dwb_msgs/msg/detail/trajectory_score__traits.hpp
[12.578s] -- Symlinking: /home/pierres/COURS/slamnav/install/dwb_msgs/include/dwb_msgs/dwb_msgs/msg/local_plan_evaluation.hpp
[12.586s] -- Symlinking: /home/pierres/COURS/slamnav/install/dwb_msgs/include/dwb_msgs/dwb_msgs/msg/trajectory2_d.hpp
[12.595s] -- Symlinking: /home/pierres/COURS/slamnav/install/dwb_msgs/include/dwb_msgs/dwb_msgs/msg/trajectory_score.hpp
[12.603s] -- Symlinking: /home/pierres/COURS/slamnav/install/dwb_msgs/include/dwb_msgs/dwb_msgs/srv/debug_local_plan.hpp
[12.610s] -- Symlinking: /home/pierres/COURS/slamnav/install/dwb_msgs/include/dwb_msgs/dwb_msgs/srv/detail/debug_local_plan__builder.hpp
[12.619s] -- Symlinking: /home/pierres/COURS/slamnav/install/dwb_msgs/include/dwb_msgs/dwb_msgs/srv/detail/debug_local_plan__struct.hpp
[12.626s] -- Symlinking: /home/pierres/COURS/slamnav/install/dwb_msgs/include/dwb_msgs/dwb_msgs/srv/detail/debug_local_plan__traits.hpp
[12.633s] -- Symlinking: /home/pierres/COURS/slamnav/install/dwb_msgs/include/dwb_msgs/dwb_msgs/srv/detail/generate_trajectory__builder.hpp
[12.640s] -- Symlinking: /home/pierres/COURS/slamnav/install/dwb_msgs/include/dwb_msgs/dwb_msgs/srv/detail/generate_trajectory__struct.hpp
[12.646s] -- Symlinking: /home/pierres/COURS/slamnav/install/dwb_msgs/include/dwb_msgs/dwb_msgs/srv/detail/generate_trajectory__traits.hpp
[12.654s] -- Symlinking: /home/pierres/COURS/slamnav/install/dwb_msgs/include/dwb_msgs/dwb_msgs/srv/detail/generate_twists__builder.hpp
[12.662s] -- Symlinking: /home/pierres/COURS/slamnav/install/dwb_msgs/include/dwb_msgs/dwb_msgs/srv/detail/generate_twists__struct.hpp
[12.669s] -- Symlinking: /home/pierres/COURS/slamnav/install/dwb_msgs/include/dwb_msgs/dwb_msgs/srv/detail/generate_twists__traits.hpp
[12.676s] -- Symlinking: /home/pierres/COURS/slamnav/install/dwb_msgs/include/dwb_msgs/dwb_msgs/srv/detail/get_critic_score__builder.hpp
[12.684s] -- Symlinking: /home/pierres/COURS/slamnav/install/dwb_msgs/include/dwb_msgs/dwb_msgs/srv/detail/get_critic_score__struct.hpp
[12.690s] -- Symlinking: /home/pierres/COURS/slamnav/install/dwb_msgs/include/dwb_msgs/dwb_msgs/srv/detail/get_critic_score__traits.hpp
[12.697s] -- Symlinking: /home/pierres/COURS/slamnav/install/dwb_msgs/include/dwb_msgs/dwb_msgs/srv/detail/score_trajectory__builder.hpp
[12.704s] -- Symlinking: /home/pierres/COURS/slamnav/install/dwb_msgs/include/dwb_msgs/dwb_msgs/srv/detail/score_trajectory__struct.hpp
[12.710s] -- Symlinking: /home/pierres/COURS/slamnav/install/dwb_msgs/include/dwb_msgs/dwb_msgs/srv/detail/score_trajectory__traits.hpp
[12.718s] -- Symlinking: /home/pierres/COURS/slamnav/install/dwb_msgs/include/dwb_msgs/dwb_msgs/srv/generate_trajectory.hpp
[12.725s] -- Symlinking: /home/pierres/COURS/slamnav/install/dwb_msgs/include/dwb_msgs/dwb_msgs/srv/generate_twists.hpp
[12.730s] -- Symlinking: /home/pierres/COURS/slamnav/install/dwb_msgs/include/dwb_msgs/dwb_msgs/srv/get_critic_score.hpp
[12.737s] -- Symlinking: /home/pierres/COURS/slamnav/install/dwb_msgs/include/dwb_msgs/dwb_msgs/srv/score_trajectory.hpp
[12.746s] -- Symlinking: /home/pierres/COURS/slamnav/install/dwb_msgs/include/dwb_msgs/dwb_msgs/msg/detail/critic_score__rosidl_typesupport_fastrtps_cpp.hpp
[12.754s] -- Symlinking: /home/pierres/COURS/slamnav/install/dwb_msgs/include/dwb_msgs/dwb_msgs/msg/detail/local_plan_evaluation__rosidl_typesupport_fastrtps_cpp.hpp
[12.762s] -- Symlinking: /home/pierres/COURS/slamnav/install/dwb_msgs/include/dwb_msgs/dwb_msgs/msg/detail/trajectory2_d__rosidl_typesupport_fastrtps_cpp.hpp
[12.769s] -- Symlinking: /home/pierres/COURS/slamnav/install/dwb_msgs/include/dwb_msgs/dwb_msgs/msg/detail/trajectory_score__rosidl_typesupport_fastrtps_cpp.hpp
[12.777s] -- Symlinking: /home/pierres/COURS/slamnav/install/dwb_msgs/include/dwb_msgs/dwb_msgs/msg/rosidl_typesupport_fastrtps_cpp__visibility_control.h
[12.782s] -- Symlinking: /home/pierres/COURS/slamnav/install/dwb_msgs/include/dwb_msgs/dwb_msgs/srv/detail/debug_local_plan__rosidl_typesupport_fastrtps_cpp.hpp
[12.789s] -- Symlinking: /home/pierres/COURS/slamnav/install/dwb_msgs/include/dwb_msgs/dwb_msgs/srv/detail/generate_trajectory__rosidl_typesupport_fastrtps_cpp.hpp
[12.794s] -- Symlinking: /home/pierres/COURS/slamnav/install/dwb_msgs/include/dwb_msgs/dwb_msgs/srv/detail/generate_twists__rosidl_typesupport_fastrtps_cpp.hpp
[12.800s] -- Symlinking: /home/pierres/COURS/slamnav/install/dwb_msgs/include/dwb_msgs/dwb_msgs/srv/detail/get_critic_score__rosidl_typesupport_fastrtps_cpp.hpp
[12.808s] -- Symlinking: /home/pierres/COURS/slamnav/install/dwb_msgs/include/dwb_msgs/dwb_msgs/srv/detail/score_trajectory__rosidl_typesupport_fastrtps_cpp.hpp
[12.816s] -- Symlinking: /home/pierres/COURS/slamnav/install/dwb_msgs/include/dwb_msgs/dwb_msgs/msg/detail/critic_score__rosidl_typesupport_introspection_c.h
[12.821s] -- Symlinking: /home/pierres/COURS/slamnav/install/dwb_msgs/include/dwb_msgs/dwb_msgs/msg/detail/local_plan_evaluation__rosidl_typesupport_introspection_c.h
[12.827s] -- Symlinking: /home/pierres/COURS/slamnav/install/dwb_msgs/include/dwb_msgs/dwb_msgs/msg/detail/trajectory2_d__rosidl_typesupport_introspection_c.h
[12.834s] -- Symlinking: /home/pierres/COURS/slamnav/install/dwb_msgs/include/dwb_msgs/dwb_msgs/msg/detail/trajectory_score__rosidl_typesupport_introspection_c.h
[12.843s] -- Symlinking: /home/pierres/COURS/slamnav/install/dwb_msgs/include/dwb_msgs/dwb_msgs/msg/rosidl_typesupport_introspection_c__visibility_control.h
[12.851s] -- Symlinking: /home/pierres/COURS/slamnav/install/dwb_msgs/include/dwb_msgs/dwb_msgs/srv/detail/debug_local_plan__rosidl_typesupport_introspection_c.h
[12.860s] -- Symlinking: /home/pierres/COURS/slamnav/install/dwb_msgs/include/dwb_msgs/dwb_msgs/srv/detail/generate_trajectory__rosidl_typesupport_introspection_c.h
[12.868s] -- Symlinking: /home/pierres/COURS/slamnav/install/dwb_msgs/include/dwb_msgs/dwb_msgs/srv/detail/generate_twists__rosidl_typesupport_introspection_c.h
[12.877s] -- Symlinking: /home/pierres/COURS/slamnav/install/dwb_msgs/include/dwb_msgs/dwb_msgs/srv/detail/get_critic_score__rosidl_typesupport_introspection_c.h
[12.885s] -- Symlinking: /home/pierres/COURS/slamnav/install/dwb_msgs/include/dwb_msgs/dwb_msgs/srv/detail/score_trajectory__rosidl_typesupport_introspection_c.h
[12.892s] -- Symlinking: /home/pierres/COURS/slamnav/install/dwb_msgs/include/dwb_msgs/dwb_msgs/msg/detail/critic_score__rosidl_typesupport_introspection_cpp.hpp
[12.901s] -- Symlinking: /home/pierres/COURS/slamnav/install/dwb_msgs/include/dwb_msgs/dwb_msgs/msg/detail/local_plan_evaluation__rosidl_typesupport_introspection_cpp.hpp
[12.909s] -- Symlinking: /home/pierres/COURS/slamnav/install/dwb_msgs/include/dwb_msgs/dwb_msgs/msg/detail/trajectory2_d__rosidl_typesupport_introspection_cpp.hpp
[12.917s] -- Symlinking: /home/pierres/COURS/slamnav/install/dwb_msgs/include/dwb_msgs/dwb_msgs/msg/detail/trajectory_score__rosidl_typesupport_introspection_cpp.hpp
[12.926s] -- Symlinking: /home/pierres/COURS/slamnav/install/dwb_msgs/include/dwb_msgs/dwb_msgs/srv/detail/debug_local_plan__rosidl_typesupport_introspection_cpp.hpp
[12.933s] -- Symlinking: /home/pierres/COURS/slamnav/install/dwb_msgs/include/dwb_msgs/dwb_msgs/srv/detail/generate_trajectory__rosidl_typesupport_introspection_cpp.hpp
[12.940s] -- Symlinking: /home/pierres/COURS/slamnav/install/dwb_msgs/include/dwb_msgs/dwb_msgs/srv/detail/generate_twists__rosidl_typesupport_introspection_cpp.hpp
[12.949s] -- Symlinking: /home/pierres/COURS/slamnav/install/dwb_msgs/include/dwb_msgs/dwb_msgs/srv/detail/get_critic_score__rosidl_typesupport_introspection_cpp.hpp
[12.958s] -- Symlinking: /home/pierres/COURS/slamnav/install/dwb_msgs/include/dwb_msgs/dwb_msgs/srv/detail/score_trajectory__rosidl_typesupport_introspection_cpp.hpp
[12.967s] -- Symlinking: /home/pierres/COURS/slamnav/install/dwb_msgs/share/dwb_msgs/environment/pythonpath.sh
[12.975s] -- Symlinking: /home/pierres/COURS/slamnav/install/dwb_msgs/share/dwb_msgs/environment/pythonpath.dsv
[12.983s] -- Symlinking: /home/pierres/COURS/slamnav/install/dwb_msgs/local/lib/python3.10/dist-packages/dwb_msgs-1.1.16-py3.10.egg-info/PKG-INFO
[12.992s] -- Symlinking: /home/pierres/COURS/slamnav/install/dwb_msgs/local/lib/python3.10/dist-packages/dwb_msgs-1.1.16-py3.10.egg-info/SOURCES.txt
[13.000s] -- Symlinking: /home/pierres/COURS/slamnav/install/dwb_msgs/local/lib/python3.10/dist-packages/dwb_msgs-1.1.16-py3.10.egg-info/dependency_links.txt
[13.006s] -- Symlinking: /home/pierres/COURS/slamnav/install/dwb_msgs/local/lib/python3.10/dist-packages/dwb_msgs-1.1.16-py3.10.egg-info/top_level.txt
[13.013s] -- Symlinking: /home/pierres/COURS/slamnav/install/dwb_msgs/local/lib/python3.10/dist-packages/dwb_msgs/__init__.py
[13.019s] -- Symlinking: /home/pierres/COURS/slamnav/install/dwb_msgs/local/lib/python3.10/dist-packages/dwb_msgs/_dwb_msgs_s.ep.rosidl_typesupport_c.c
[13.028s] -- Symlinking: /home/pierres/COURS/slamnav/install/dwb_msgs/local/lib/python3.10/dist-packages/dwb_msgs/_dwb_msgs_s.ep.rosidl_typesupport_fastrtps_c.c
[13.035s] -- Symlinking: /home/pierres/COURS/slamnav/install/dwb_msgs/local/lib/python3.10/dist-packages/dwb_msgs/_dwb_msgs_s.ep.rosidl_typesupport_introspection_c.c
[13.045s] -- Symlinking: /home/pierres/COURS/slamnav/install/dwb_msgs/local/lib/python3.10/dist-packages/dwb_msgs/dwb_msgs_s__rosidl_typesupport_c.cpython-310-x86_64-linux-gnu.so
[13.051s] -- Symlinking: /home/pierres/COURS/slamnav/install/dwb_msgs/local/lib/python3.10/dist-packages/dwb_msgs/dwb_msgs_s__rosidl_typesupport_fastrtps_c.cpython-310-x86_64-linux-gnu.so
[13.061s] -- Symlinking: /home/pierres/COURS/slamnav/install/dwb_msgs/local/lib/python3.10/dist-packages/dwb_msgs/dwb_msgs_s__rosidl_typesupport_introspection_c.cpython-310-x86_64-linux-gnu.so
[13.071s] -- Symlinking: /home/pierres/COURS/slamnav/install/dwb_msgs/local/lib/python3.10/dist-packages/dwb_msgs/libdwb_msgs__rosidl_generator_py.so
[13.079s] -- Symlinking: /home/pierres/COURS/slamnav/install/dwb_msgs/local/lib/python3.10/dist-packages/dwb_msgs/msg/__init__.py
[13.086s] -- Symlinking: /home/pierres/COURS/slamnav/install/dwb_msgs/local/lib/python3.10/dist-packages/dwb_msgs/msg/_critic_score.py
[13.095s] -- Symlinking: /home/pierres/COURS/slamnav/install/dwb_msgs/local/lib/python3.10/dist-packages/dwb_msgs/msg/_critic_score_s.c
[13.102s] -- Symlinking: /home/pierres/COURS/slamnav/install/dwb_msgs/local/lib/python3.10/dist-packages/dwb_msgs/msg/_local_plan_evaluation.py
[13.111s] -- Symlinking: /home/pierres/COURS/slamnav/install/dwb_msgs/local/lib/python3.10/dist-packages/dwb_msgs/msg/_local_plan_evaluation_s.c
[13.118s] -- Symlinking: /home/pierres/COURS/slamnav/install/dwb_msgs/local/lib/python3.10/dist-packages/dwb_msgs/msg/_trajectory2_d.py
[13.127s] -- Symlinking: /home/pierres/COURS/slamnav/install/dwb_msgs/local/lib/python3.10/dist-packages/dwb_msgs/msg/_trajectory2_d_s.c
[13.134s] -- Symlinking: /home/pierres/COURS/slamnav/install/dwb_msgs/local/lib/python3.10/dist-packages/dwb_msgs/msg/_trajectory_score.py
[13.144s] -- Symlinking: /home/pierres/COURS/slamnav/install/dwb_msgs/local/lib/python3.10/dist-packages/dwb_msgs/msg/_trajectory_score_s.c
[13.151s] -- Symlinking: /home/pierres/COURS/slamnav/install/dwb_msgs/local/lib/python3.10/dist-packages/dwb_msgs/srv/__init__.py
[13.161s] -- Symlinking: /home/pierres/COURS/slamnav/install/dwb_msgs/local/lib/python3.10/dist-packages/dwb_msgs/srv/_debug_local_plan.py
[13.172s] -- Symlinking: /home/pierres/COURS/slamnav/install/dwb_msgs/local/lib/python3.10/dist-packages/dwb_msgs/srv/_debug_local_plan_s.c
[13.182s] -- Symlinking: /home/pierres/COURS/slamnav/install/dwb_msgs/local/lib/python3.10/dist-packages/dwb_msgs/srv/_generate_trajectory.py
[13.192s] -- Symlinking: /home/pierres/COURS/slamnav/install/dwb_msgs/local/lib/python3.10/dist-packages/dwb_msgs/srv/_generate_trajectory_s.c
[13.202s] -- Symlinking: /home/pierres/COURS/slamnav/install/dwb_msgs/local/lib/python3.10/dist-packages/dwb_msgs/srv/_generate_twists.py
[13.211s] -- Symlinking: /home/pierres/COURS/slamnav/install/dwb_msgs/local/lib/python3.10/dist-packages/dwb_msgs/srv/_generate_twists_s.c
[13.221s] -- Symlinking: /home/pierres/COURS/slamnav/install/dwb_msgs/local/lib/python3.10/dist-packages/dwb_msgs/srv/_get_critic_score.py
[13.228s] -- Symlinking: /home/pierres/COURS/slamnav/install/dwb_msgs/local/lib/python3.10/dist-packages/dwb_msgs/srv/_get_critic_score_s.c
[13.238s] -- Symlinking: /home/pierres/COURS/slamnav/install/dwb_msgs/local/lib/python3.10/dist-packages/dwb_msgs/srv/_score_trajectory.py
[13.245s] -- Symlinking: /home/pierres/COURS/slamnav/install/dwb_msgs/local/lib/python3.10/dist-packages/dwb_msgs/srv/_score_trajectory_s.c
[13.254s] -- Up-to-date symlink: /home/pierres/COURS/slamnav/install/dwb_msgs/local/lib/python3.10/dist-packages/dwb_msgs/dwb_msgs_s__rosidl_typesupport_fastrtps_c.cpython-310-x86_64-linux-gnu.so
[13.254s] -- Up-to-date symlink: /home/pierres/COURS/slamnav/install/dwb_msgs/local/lib/python3.10/dist-packages/dwb_msgs/dwb_msgs_s__rosidl_typesupport_introspection_c.cpython-310-x86_64-linux-gnu.so
[13.254s] -- Up-to-date symlink: /home/pierres/COURS/slamnav/install/dwb_msgs/local/lib/python3.10/dist-packages/dwb_msgs/dwb_msgs_s__rosidl_typesupport_c.cpython-310-x86_64-linux-gnu.so
[13.254s] -- Symlinking: /home/pierres/COURS/slamnav/install/dwb_msgs/share/dwb_msgs/msg/CriticScore.idl
[13.262s] -- Symlinking: /home/pierres/COURS/slamnav/install/dwb_msgs/share/dwb_msgs/msg/LocalPlanEvaluation.idl
[13.271s] -- Symlinking: /home/pierres/COURS/slamnav/install/dwb_msgs/share/dwb_msgs/msg/Trajectory2D.idl
[13.280s] -- Symlinking: /home/pierres/COURS/slamnav/install/dwb_msgs/share/dwb_msgs/msg/TrajectoryScore.idl
[13.288s] -- Symlinking: /home/pierres/COURS/slamnav/install/dwb_msgs/share/dwb_msgs/srv/DebugLocalPlan.idl
[13.296s] -- Symlinking: /home/pierres/COURS/slamnav/install/dwb_msgs/share/dwb_msgs/srv/GenerateTrajectory.idl
[13.305s] -- Symlinking: /home/pierres/COURS/slamnav/install/dwb_msgs/share/dwb_msgs/srv/GenerateTwists.idl
[13.313s] -- Symlinking: /home/pierres/COURS/slamnav/install/dwb_msgs/share/dwb_msgs/srv/GetCriticScore.idl
[13.322s] -- Symlinking: /home/pierres/COURS/slamnav/install/dwb_msgs/share/dwb_msgs/srv/ScoreTrajectory.idl
[13.330s] -- Symlinking: /home/pierres/COURS/slamnav/install/dwb_msgs/share/dwb_msgs/msg/CriticScore.msg
[13.339s] -- Symlinking: /home/pierres/COURS/slamnav/install/dwb_msgs/share/dwb_msgs/msg/LocalPlanEvaluation.msg
[13.349s] -- Symlinking: /home/pierres/COURS/slamnav/install/dwb_msgs/share/dwb_msgs/msg/Trajectory2D.msg
[13.360s] -- Symlinking: /home/pierres/COURS/slamnav/install/dwb_msgs/share/dwb_msgs/msg/TrajectoryScore.msg
[13.367s] -- Symlinking: /home/pierres/COURS/slamnav/install/dwb_msgs/share/dwb_msgs/srv/DebugLocalPlan.srv
[13.374s] -- Symlinking: /home/pierres/COURS/slamnav/install/dwb_msgs/share/dwb_msgs/srv/DebugLocalPlan_Request.msg
[13.382s] -- Symlinking: /home/pierres/COURS/slamnav/install/dwb_msgs/share/dwb_msgs/srv/DebugLocalPlan_Response.msg
[13.391s] -- Symlinking: /home/pierres/COURS/slamnav/install/dwb_msgs/share/dwb_msgs/srv/GenerateTrajectory.srv
[13.397s] -- Symlinking: /home/pierres/COURS/slamnav/install/dwb_msgs/share/dwb_msgs/srv/GenerateTrajectory_Request.msg
[13.406s] -- Symlinking: /home/pierres/COURS/slamnav/install/dwb_msgs/share/dwb_msgs/srv/GenerateTrajectory_Response.msg
[13.413s] -- Symlinking: /home/pierres/COURS/slamnav/install/dwb_msgs/share/dwb_msgs/srv/GenerateTwists.srv
[13.422s] -- Symlinking: /home/pierres/COURS/slamnav/install/dwb_msgs/share/dwb_msgs/srv/GenerateTwists_Request.msg
[13.429s] -- Symlinking: /home/pierres/COURS/slamnav/install/dwb_msgs/share/dwb_msgs/srv/GenerateTwists_Response.msg
[13.434s] -- Symlinking: /home/pierres/COURS/slamnav/install/dwb_msgs/share/dwb_msgs/srv/GetCriticScore.srv
[13.443s] -- Symlinking: /home/pierres/COURS/slamnav/install/dwb_msgs/share/dwb_msgs/srv/GetCriticScore_Request.msg
[13.452s] -- Symlinking: /home/pierres/COURS/slamnav/install/dwb_msgs/share/dwb_msgs/srv/GetCriticScore_Response.msg
[13.463s] -- Symlinking: /home/pierres/COURS/slamnav/install/dwb_msgs/share/dwb_msgs/srv/ScoreTrajectory.srv
[13.473s] -- Symlinking: /home/pierres/COURS/slamnav/install/dwb_msgs/share/dwb_msgs/srv/ScoreTrajectory_Request.msg
[13.483s] -- Symlinking: /home/pierres/COURS/slamnav/install/dwb_msgs/share/dwb_msgs/srv/ScoreTrajectory_Response.msg
[13.493s] -- Symlinking: /home/pierres/COURS/slamnav/install/dwb_msgs/share/ament_index/resource_index/package_run_dependencies/dwb_msgs
[13.499s] -- Symlinking: /home/pierres/COURS/slamnav/install/dwb_msgs/share/ament_index/resource_index/parent_prefix_path/dwb_msgs
[13.508s] -- Symlinking: /home/pierres/COURS/slamnav/install/dwb_msgs/share/dwb_msgs/environment/ament_prefix_path.sh
[13.515s] -- Symlinking: /home/pierres/COURS/slamnav/install/dwb_msgs/share/dwb_msgs/environment/ament_prefix_path.dsv
[13.521s] -- Symlinking: /home/pierres/COURS/slamnav/install/dwb_msgs/share/dwb_msgs/environment/path.sh
[13.528s] -- Symlinking: /home/pierres/COURS/slamnav/install/dwb_msgs/share/dwb_msgs/environment/path.dsv
[13.534s] -- Symlinking: /home/pierres/COURS/slamnav/install/dwb_msgs/share/dwb_msgs/local_setup.bash
[13.545s] -- Symlinking: /home/pierres/COURS/slamnav/install/dwb_msgs/share/dwb_msgs/local_setup.sh
[13.553s] -- Symlinking: /home/pierres/COURS/slamnav/install/dwb_msgs/share/dwb_msgs/local_setup.zsh
[13.564s] -- Symlinking: /home/pierres/COURS/slamnav/install/dwb_msgs/share/dwb_msgs/local_setup.dsv
[13.572s] -- Symlinking: /home/pierres/COURS/slamnav/install/dwb_msgs/share/dwb_msgs/package.dsv
[13.582s] -- Symlinking: /home/pierres/COURS/slamnav/install/dwb_msgs/share/ament_index/resource_index/packages/dwb_msgs
[13.590s] -- Symlinking: /home/pierres/COURS/slamnav/install/dwb_msgs/share/dwb_msgs/cmake/rosidl_cmake-extras.cmake
[13.596s] -- Symlinking: /home/pierres/COURS/slamnav/install/dwb_msgs/share/dwb_msgs/cmake/ament_cmake_export_dependencies-extras.cmake
[13.603s] -- Symlinking: /home/pierres/COURS/slamnav/install/dwb_msgs/share/dwb_msgs/cmake/ament_cmake_export_include_directories-extras.cmake
[13.612s] -- Symlinking: /home/pierres/COURS/slamnav/install/dwb_msgs/share/dwb_msgs/cmake/ament_cmake_export_libraries-extras.cmake
[13.620s] -- Symlinking: /home/pierres/COURS/slamnav/install/dwb_msgs/share/dwb_msgs/cmake/ament_cmake_export_targets-extras.cmake
[13.627s] -- Symlinking: /home/pierres/COURS/slamnav/install/dwb_msgs/share/dwb_msgs/cmake/rosidl_cmake_export_typesupport_targets-extras.cmake
[13.635s] -- Symlinking: /home/pierres/COURS/slamnav/install/dwb_msgs/share/dwb_msgs/cmake/rosidl_cmake_export_typesupport_libraries-extras.cmake
[13.643s] -- Symlinking: /home/pierres/COURS/slamnav/install/dwb_msgs/share/dwb_msgs/cmake/dwb_msgsConfig.cmake
[13.650s] -- Symlinking: /home/pierres/COURS/slamnav/install/dwb_msgs/share/dwb_msgs/cmake/dwb_msgsConfig-version.cmake
[13.658s] -- Symlinking: /home/pierres/COURS/slamnav/install/dwb_msgs/share/dwb_msgs/package.xml
[13.667s] -- Installing: /home/pierres/COURS/slamnav/install/dwb_msgs/lib/libdwb_msgs__rosidl_generator_c.so
[13.668s] -- Set runtime path of "/home/pierres/COURS/slamnav/install/dwb_msgs/lib/libdwb_msgs__rosidl_generator_c.so" to ""
[13.668s] -- Installing: /home/pierres/COURS/slamnav/install/dwb_msgs/lib/libdwb_msgs__rosidl_typesupport_fastrtps_c.so
[13.668s] -- Set runtime path of "/home/pierres/COURS/slamnav/install/dwb_msgs/lib/libdwb_msgs__rosidl_typesupport_fastrtps_c.so" to ""
[13.668s] -- Installing: /home/pierres/COURS/slamnav/install/dwb_msgs/lib/libdwb_msgs__rosidl_typesupport_fastrtps_cpp.so
[13.669s] -- Set runtime path of "/home/pierres/COURS/slamnav/install/dwb_msgs/lib/libdwb_msgs__rosidl_typesupport_fastrtps_cpp.so" to ""
[13.669s] -- Installing: /home/pierres/COURS/slamnav/install/dwb_msgs/lib/libdwb_msgs__rosidl_typesupport_introspection_c.so
[13.670s] -- Set runtime path of "/home/pierres/COURS/slamnav/install/dwb_msgs/lib/libdwb_msgs__rosidl_typesupport_introspection_c.so" to ""
[13.670s] -- Installing: /home/pierres/COURS/slamnav/install/dwb_msgs/lib/libdwb_msgs__rosidl_typesupport_c.so
[13.670s] -- Set runtime path of "/home/pierres/COURS/slamnav/install/dwb_msgs/lib/libdwb_msgs__rosidl_typesupport_c.so" to ""
[13.670s] -- Installing: /home/pierres/COURS/slamnav/install/dwb_msgs/lib/libdwb_msgs__rosidl_typesupport_introspection_cpp.so
[13.671s] -- Set runtime path of "/home/pierres/COURS/slamnav/install/dwb_msgs/lib/libdwb_msgs__rosidl_typesupport_introspection_cpp.so" to ""
[13.671s] -- Installing: /home/pierres/COURS/slamnav/install/dwb_msgs/lib/libdwb_msgs__rosidl_typesupport_cpp.so
[13.671s] -- Set runtime path of "/home/pierres/COURS/slamnav/install/dwb_msgs/lib/libdwb_msgs__rosidl_typesupport_cpp.so" to ""
[13.712s] Listing '/home/pierres/COURS/slamnav/install/dwb_msgs/local/lib/python3.10/dist-packages/dwb_msgs'...
[13.712s] Compiling '/home/pierres/COURS/slamnav/install/dwb_msgs/local/lib/python3.10/dist-packages/dwb_msgs/__init__.py'...
[13.712s] Listing '/home/pierres/COURS/slamnav/install/dwb_msgs/local/lib/python3.10/dist-packages/dwb_msgs/msg'...
[13.713s] Compiling '/home/pierres/COURS/slamnav/install/dwb_msgs/local/lib/python3.10/dist-packages/dwb_msgs/msg/__init__.py'...
[13.713s] Compiling '/home/pierres/COURS/slamnav/install/dwb_msgs/local/lib/python3.10/dist-packages/dwb_msgs/msg/_critic_score.py'...
[13.713s] Compiling '/home/pierres/COURS/slamnav/install/dwb_msgs/local/lib/python3.10/dist-packages/dwb_msgs/msg/_local_plan_evaluation.py'...
[13.713s] Compiling '/home/pierres/COURS/slamnav/install/dwb_msgs/local/lib/python3.10/dist-packages/dwb_msgs/msg/_trajectory2_d.py'...
[13.713s] Compiling '/home/pierres/COURS/slamnav/install/dwb_msgs/local/lib/python3.10/dist-packages/dwb_msgs/msg/_trajectory_score.py'...
[13.713s] Listing '/home/pierres/COURS/slamnav/install/dwb_msgs/local/lib/python3.10/dist-packages/dwb_msgs/srv'...
[13.713s] Compiling '/home/pierres/COURS/slamnav/install/dwb_msgs/local/lib/python3.10/dist-packages/dwb_msgs/srv/__init__.py'...
[13.713s] Compiling '/home/pierres/COURS/slamnav/install/dwb_msgs/local/lib/python3.10/dist-packages/dwb_msgs/srv/_debug_local_plan.py'...
[13.713s] Compiling '/home/pierres/COURS/slamnav/install/dwb_msgs/local/lib/python3.10/dist-packages/dwb_msgs/srv/_generate_trajectory.py'...
[13.713s] Compiling '/home/pierres/COURS/slamnav/install/dwb_msgs/local/lib/python3.10/dist-packages/dwb_msgs/srv/_generate_twists.py'...
[13.713s] Compiling '/home/pierres/COURS/slamnav/install/dwb_msgs/local/lib/python3.10/dist-packages/dwb_msgs/srv/_get_critic_score.py'...
[13.713s] Compiling '/home/pierres/COURS/slamnav/install/dwb_msgs/local/lib/python3.10/dist-packages/dwb_msgs/srv/_score_trajectory.py'...
[13.716s] -- Installing: /home/pierres/COURS/slamnav/install/dwb_msgs/lib/libdwb_msgs__rosidl_generator_py.so
[13.717s] -- Set runtime path of "/home/pierres/COURS/slamnav/install/dwb_msgs/lib/libdwb_msgs__rosidl_generator_py.so" to ""
[13.717s] -- Installing: /home/pierres/COURS/slamnav/install/dwb_msgs/share/dwb_msgs/cmake/export_dwb_msgs__rosidl_generator_cExport.cmake
[13.717s] -- Installing: /home/pierres/COURS/slamnav/install/dwb_msgs/share/dwb_msgs/cmake/export_dwb_msgs__rosidl_generator_cExport-release.cmake
[13.717s] -- Installing: /home/pierres/COURS/slamnav/install/dwb_msgs/share/dwb_msgs/cmake/export_dwb_msgs__rosidl_typesupport_fastrtps_cExport.cmake
[13.717s] -- Installing: /home/pierres/COURS/slamnav/install/dwb_msgs/share/dwb_msgs/cmake/export_dwb_msgs__rosidl_typesupport_fastrtps_cExport-release.cmake
[13.717s] -- Installing: /home/pierres/COURS/slamnav/install/dwb_msgs/share/dwb_msgs/cmake/export_dwb_msgs__rosidl_generator_cppExport.cmake
[13.717s] -- Installing: /home/pierres/COURS/slamnav/install/dwb_msgs/share/dwb_msgs/cmake/export_dwb_msgs__rosidl_typesupport_fastrtps_cppExport.cmake
[13.717s] -- Installing: /home/pierres/COURS/slamnav/install/dwb_msgs/share/dwb_msgs/cmake/export_dwb_msgs__rosidl_typesupport_fastrtps_cppExport-release.cmake
[13.718s] -- Installing: /home/pierres/COURS/slamnav/install/dwb_msgs/share/dwb_msgs/cmake/dwb_msgs__rosidl_typesupport_introspection_cExport.cmake
[13.718s] -- Installing: /home/pierres/COURS/slamnav/install/dwb_msgs/share/dwb_msgs/cmake/dwb_msgs__rosidl_typesupport_introspection_cExport-release.cmake
[13.718s] -- Installing: /home/pierres/COURS/slamnav/install/dwb_msgs/share/dwb_msgs/cmake/dwb_msgs__rosidl_typesupport_cExport.cmake
[13.718s] -- Installing: /home/pierres/COURS/slamnav/install/dwb_msgs/share/dwb_msgs/cmake/dwb_msgs__rosidl_typesupport_cExport-release.cmake
[13.718s] -- Installing: /home/pierres/COURS/slamnav/install/dwb_msgs/share/dwb_msgs/cmake/dwb_msgs__rosidl_typesupport_introspection_cppExport.cmake
[13.718s] -- Installing: /home/pierres/COURS/slamnav/install/dwb_msgs/share/dwb_msgs/cmake/dwb_msgs__rosidl_typesupport_introspection_cppExport-release.cmake
[13.718s] -- Installing: /home/pierres/COURS/slamnav/install/dwb_msgs/share/dwb_msgs/cmake/dwb_msgs__rosidl_typesupport_cppExport.cmake
[13.718s] -- Installing: /home/pierres/COURS/slamnav/install/dwb_msgs/share/dwb_msgs/cmake/dwb_msgs__rosidl_typesupport_cppExport-release.cmake
[13.718s] -- Installing: /home/pierres/COURS/slamnav/install/dwb_msgs/share/dwb_msgs/cmake/export_dwb_msgs__rosidl_generator_pyExport.cmake
[13.718s] -- Installing: /home/pierres/COURS/slamnav/install/dwb_msgs/share/dwb_msgs/cmake/export_dwb_msgs__rosidl_generator_pyExport-release.cmake
[13.720s] Invoked command in '/home/pierres/COURS/slamnav/build/dwb_msgs' returned '0': AMENT_PREFIX_PATH=/home/pierres/COURS/slamnav/install/nav_2d_msgs:${AMENT_PREFIX_PATH} CMAKE_PREFIX_PATH=/home/pierres/COURS/slamnav/install/nav_2d_msgs:/home/pierres/COURS/slamnav/install/slam_toolbox:/opt/ros/humble:/home/pierres/COURS/slamnav/install/slamnav_turtlebot LD_LIBRARY_PATH=/home/pierres/COURS/slamnav/install/nav_2d_msgs/lib:${LD_LIBRARY_PATH} PYTHONPATH=/home/pierres/COURS/slamnav/install/nav_2d_msgs/local/lib/python3.10/dist-packages:${PYTHONPATH} /usr/bin/cmake --install /home/pierres/COURS/slamnav/build/dwb_msgs
