[0.008s] Invoking command in '/home/pierres/COURS/slamnav/build/nav2_util': AMENT_PREFIX_PATH=/home/pierres/COURS/slamnav/install/nav2_msgs:/home/pierres/COURS/slamnav/install/nav2_common:${AMENT_PREFIX_PATH} CMAKE_PREFIX_PATH=/home/pierres/COURS/slamnav/install/nav2_msgs:/home/pierres/COURS/slamnav/install/nav2_common:/home/pierres/COURS/slamnav/install/slam_toolbox:/opt/ros/humble:/home/pierres/COURS/slamnav/install/slamnav_turtlebot LD_LIBRARY_PATH=/home/pierres/COURS/slamnav/install/nav2_msgs/lib:${LD_LIBRARY_PATH} PYTHONPATH=/home/pierres/COURS/slamnav/install/nav2_msgs/local/lib/python3.10/dist-packages:/home/pierres/COURS/slamnav/install/nav2_common/local/lib/python3.10/dist-packages:${PYTHONPATH} /usr/bin/cmake /home/pierres/COURS/slamnav/src/navigation2/nav2_util -DCMAKE_INSTALL_PREFIX=/home/pierres/COURS/slamnav/install/nav2_util
[0.019s] -- Found ament_cmake: 1.3.10 (/opt/ros/humble/share/ament_cmake/cmake)
[0.103s] -- Override CMake install command with custom implementation using symlinks instead of copying resources
[0.107s] -- Found nav2_common: 1.1.16 (/home/pierres/COURS/slamnav/install/nav2_common/share/nav2_common/cmake)
[0.108s] -- Found nav2_msgs: 1.1.16 (/home/pierres/COURS/slamnav/install/nav2_msgs/share/nav2_msgs/cmake)
[0.124s] -- Found rosidl_generator_c: 3.1.5 (/opt/ros/humble/share/rosidl_generator_c/cmake)
[0.126s] -- Found rosidl_adapter: 3.1.5 (/opt/ros/humble/share/rosidl_adapter/cmake)
[0.129s] -- Found rosidl_generator_cpp: 3.1.5 (/opt/ros/humble/share/rosidl_generator_cpp/cmake)
[0.136s] -- Using all available rosidl_typesupport_c: rosidl_typesupport_fastrtps_c;rosidl_typesupport_introspection_c
[0.143s] -- Using all available rosidl_typesupport_cpp: rosidl_typesupport_fastrtps_cpp;rosidl_typesupport_introspection_cpp
[0.205s] -- Found tf2_ros: 0.25.8 (/opt/ros/humble/share/tf2_ros/cmake)
[0.235s] -- Found rmw_implementation_cmake: 6.1.2 (/opt/ros/humble/share/rmw_implementation_cmake/cmake)
[0.236s] -- Found rmw_cyclonedds_cpp: 1.3.4 (/opt/ros/humble/share/rmw_cyclonedds_cpp/cmake)
[0.247s] -- Using RMW implementation 'rmw_cyclonedds_cpp' as default
[0.297s] -- Found tf2_geometry_msgs: 0.25.8 (/opt/ros/humble/share/tf2_geometry_msgs/cmake)
[0.298s] -- Found eigen3_cmake_module: 0.1.1 (/opt/ros/humble/share/eigen3_cmake_module/cmake)
[0.299s] -- Ensuring Eigen3 include directory is part of orocos-kdl CMake target
[0.300s] -- Found lifecycle_msgs: 1.2.1 (/opt/ros/humble/share/lifecycle_msgs/cmake)
[0.306s] -- Found rclcpp_lifecycle: 16.0.10 (/opt/ros/humble/share/rclcpp_lifecycle/cmake)
[0.311s] -- Found bondcpp: 3.0.2 (/opt/ros/humble/share/bondcpp/cmake)
[0.334s] -- Found ament_lint_auto: 0.12.11 (/opt/ros/humble/share/ament_lint_auto/cmake)
[0.334s] -- Found ament_cmake_pytest: 1.3.10 (/opt/ros/humble/share/ament_cmake_pytest/cmake)
[0.334s] -- Found launch_testing_ament_cmake: 1.0.6 (/opt/ros/humble/share/launch_testing_ament_cmake/cmake)
[0.335s] -- Found python_cmake_module: 0.10.0 (/opt/ros/humble/share/python_cmake_module/cmake)
[0.363s] -- Using PYTHON_EXECUTABLE: /usr/bin/python3
[0.363s] -- Using PYTHON_INCLUDE_DIRS: /usr/include/python3.10
[0.363s] -- Using PYTHON_LIBRARIES: /usr/lib/x86_64-linux-gnu/libpython3.10.so
[0.450s] -- Found gtest sources under '/opt/ros/humble/src/gtest_vendor': C++ tests using 'Google Test' will be built
[0.474s] -- Added test 'copyright' to check source files copyright and LICENSE
[0.475s] -- Added test 'cppcheck' to perform static code analysis on C / C++ code
[0.475s] -- Configured cppcheck include dirs: /home/pierres/COURS/slamnav/src/navigation2/nav2_util/include
[0.476s] -- Configured cppcheck exclude dirs and/or files: 
[0.477s] -- Added test 'cpplint' to check C / C++ code against the Google style
[0.477s] -- Configured cpplint exclude dirs and/or files: 
[0.477s] -- Added test 'lint_cmake' to check CMake code style
[0.478s] -- Added test 'uncrustify' to check C / C++ code style
[0.478s] -- Configured uncrustify additional arguments: 
[0.479s] -- Added test 'xmllint' to check XML markup files
[0.481s] -- Configuring done
[0.573s] -- Generating done
[0.575s] -- Build files have been written to: /home/pierres/COURS/slamnav/build/nav2_util
[0.584s] Invoked command in '/home/pierres/COURS/slamnav/build/nav2_util' returned '0': AMENT_PREFIX_PATH=/home/pierres/COURS/slamnav/install/nav2_msgs:/home/pierres/COURS/slamnav/install/nav2_common:${AMENT_PREFIX_PATH} CMAKE_PREFIX_PATH=/home/pierres/COURS/slamnav/install/nav2_msgs:/home/pierres/COURS/slamnav/install/nav2_common:/home/pierres/COURS/slamnav/install/slam_toolbox:/opt/ros/humble:/home/pierres/COURS/slamnav/install/slamnav_turtlebot LD_LIBRARY_PATH=/home/pierres/COURS/slamnav/install/nav2_msgs/lib:${LD_LIBRARY_PATH} PYTHONPATH=/home/pierres/COURS/slamnav/install/nav2_msgs/local/lib/python3.10/dist-packages:/home/pierres/COURS/slamnav/install/nav2_common/local/lib/python3.10/dist-packages:${PYTHONPATH} /usr/bin/cmake /home/pierres/COURS/slamnav/src/navigation2/nav2_util -DCMAKE_INSTALL_PREFIX=/home/pierres/COURS/slamnav/install/nav2_util
[0.585s] Invoking command in '/home/pierres/COURS/slamnav/build/nav2_util': AMENT_PREFIX_PATH=/home/pierres/COURS/slamnav/install/nav2_msgs:/home/pierres/COURS/slamnav/install/nav2_common:${AMENT_PREFIX_PATH} CMAKE_PREFIX_PATH=/home/pierres/COURS/slamnav/install/nav2_msgs:/home/pierres/COURS/slamnav/install/nav2_common:/home/pierres/COURS/slamnav/install/slam_toolbox:/opt/ros/humble:/home/pierres/COURS/slamnav/install/slamnav_turtlebot LD_LIBRARY_PATH=/home/pierres/COURS/slamnav/install/nav2_msgs/lib:${LD_LIBRARY_PATH} PYTHONPATH=/home/pierres/COURS/slamnav/install/nav2_msgs/local/lib/python3.10/dist-packages:/home/pierres/COURS/slamnav/install/nav2_common/local/lib/python3.10/dist-packages:${PYTHONPATH} /usr/bin/cmake --build /home/pierres/COURS/slamnav/build/nav2_util -- -j16 -l16
[0.619s] [35m[1mConsolidate compiler generated dependencies of target gtest_main[0m
[0.621s] [35m[1mConsolidate compiler generated dependencies of target gtest[0m
[0.627s] [35m[1mConsolidate compiler generated dependencies of target nav2_util_core[0m
[0.631s] [  5%] Built target gtest_main
[0.634s] [ 10%] Built target gtest
[0.645s] [35m[1mConsolidate compiler generated dependencies of target test_execution_timer[0m
[0.654s] [ 15%] Built target test_execution_timer
[0.654s] [ 40%] Built target nav2_util_core
[0.664s] [35m[1mConsolidate compiler generated dependencies of target test_string_utils[0m
[0.664s] [35m[1mConsolidate compiler generated dependencies of target test_lifecycle_cli_node[0m
[0.665s] [35m[1mConsolidate compiler generated dependencies of target test_robot_utils[0m
[0.666s] [35m[1mConsolidate compiler generated dependencies of target test_validation_messages[0m
[0.666s] [35m[1mConsolidate compiler generated dependencies of target test_lifecycle_utils[0m
[0.667s] [35m[1mConsolidate compiler generated dependencies of target test_odometry_utils[0m
[0.667s] [35m[1mConsolidate compiler generated dependencies of target lifecycle_bringup[0m
[0.667s] [35m[1mConsolidate compiler generated dependencies of target test_node_utils[0m
[0.667s] [35m[1mConsolidate compiler generated dependencies of target test_service_client[0m
[0.667s] [35m[1mConsolidate compiler generated dependencies of target test_actions[0m
[0.667s] [35m[1mConsolidate compiler generated dependencies of target test_lifecycle_node[0m
[0.668s] [35m[1mConsolidate compiler generated dependencies of target test_geometry_utils[0m
[0.675s] [ 45%] Built target test_string_utils
[0.679s] [ 50%] Built target test_lifecycle_cli_node
[0.679s] [ 55%] Built target test_odometry_utils
[0.679s] [ 60%] Built target lifecycle_bringup
[0.679s] [ 65%] Built target test_lifecycle_utils
[0.680s] [ 70%] Built target test_validation_messages
[0.681s] [ 75%] Built target test_robot_utils
[0.683s] [ 80%] Built target test_service_client
[0.684s] [ 85%] Built target test_lifecycle_node
[0.685s] [ 92%] Built target test_node_utils
[0.685s] [ 95%] Built target test_actions
[0.686s] [100%] Built target test_geometry_utils
[0.697s] Invoked command in '/home/pierres/COURS/slamnav/build/nav2_util' returned '0': AMENT_PREFIX_PATH=/home/pierres/COURS/slamnav/install/nav2_msgs:/home/pierres/COURS/slamnav/install/nav2_common:${AMENT_PREFIX_PATH} CMAKE_PREFIX_PATH=/home/pierres/COURS/slamnav/install/nav2_msgs:/home/pierres/COURS/slamnav/install/nav2_common:/home/pierres/COURS/slamnav/install/slam_toolbox:/opt/ros/humble:/home/pierres/COURS/slamnav/install/slamnav_turtlebot LD_LIBRARY_PATH=/home/pierres/COURS/slamnav/install/nav2_msgs/lib:${LD_LIBRARY_PATH} PYTHONPATH=/home/pierres/COURS/slamnav/install/nav2_msgs/local/lib/python3.10/dist-packages:/home/pierres/COURS/slamnav/install/nav2_common/local/lib/python3.10/dist-packages:${PYTHONPATH} /usr/bin/cmake --build /home/pierres/COURS/slamnav/build/nav2_util -- -j16 -l16
[0.728s] Invoking command in '/home/pierres/COURS/slamnav/build/nav2_util': AMENT_PREFIX_PATH=/home/pierres/COURS/slamnav/install/nav2_msgs:/home/pierres/COURS/slamnav/install/nav2_common:${AMENT_PREFIX_PATH} CMAKE_PREFIX_PATH=/home/pierres/COURS/slamnav/install/nav2_msgs:/home/pierres/COURS/slamnav/install/nav2_common:/home/pierres/COURS/slamnav/install/slam_toolbox:/opt/ros/humble:/home/pierres/COURS/slamnav/install/slamnav_turtlebot LD_LIBRARY_PATH=/home/pierres/COURS/slamnav/install/nav2_msgs/lib:${LD_LIBRARY_PATH} PYTHONPATH=/home/pierres/COURS/slamnav/install/nav2_msgs/local/lib/python3.10/dist-packages:/home/pierres/COURS/slamnav/install/nav2_common/local/lib/python3.10/dist-packages:${PYTHONPATH} /usr/bin/cmake --install /home/pierres/COURS/slamnav/build/nav2_util
[0.734s] -- Install configuration: "Humble"
[0.734s] -- Execute custom install script
[0.734s] -- Up-to-date symlink: /home/pierres/COURS/slamnav/install/nav2_util/lib/libnav2_util_core.so
[0.734s] -- Up-to-date symlink: /home/pierres/COURS/slamnav/install/nav2_util/lib/nav2_util/lifecycle_bringup
[0.734s] -- Up-to-date symlink: /home/pierres/COURS/slamnav/install/nav2_util/include//nav2_util/clear_entirely_costmap_service_client.hpp
[0.735s] -- Up-to-date symlink: /home/pierres/COURS/slamnav/install/nav2_util/include//nav2_util/costmap.hpp
[0.735s] -- Up-to-date symlink: /home/pierres/COURS/slamnav/install/nav2_util/include//nav2_util/execution_timer.hpp
[0.735s] -- Up-to-date symlink: /home/pierres/COURS/slamnav/install/nav2_util/include//nav2_util/geometry_utils.hpp
[0.735s] -- Up-to-date symlink: /home/pierres/COURS/slamnav/install/nav2_util/include//nav2_util/lifecycle_node.hpp
[0.735s] -- Up-to-date symlink: /home/pierres/COURS/slamnav/install/nav2_util/include//nav2_util/lifecycle_service_client.hpp
[0.735s] -- Up-to-date symlink: /home/pierres/COURS/slamnav/install/nav2_util/include//nav2_util/lifecycle_utils.hpp
[0.735s] -- Up-to-date symlink: /home/pierres/COURS/slamnav/install/nav2_util/include//nav2_util/line_iterator.hpp
[0.735s] -- Up-to-date symlink: /home/pierres/COURS/slamnav/install/nav2_util/include//nav2_util/node_thread.hpp
[0.735s] -- Up-to-date symlink: /home/pierres/COURS/slamnav/install/nav2_util/include//nav2_util/node_utils.hpp
[0.735s] -- Up-to-date symlink: /home/pierres/COURS/slamnav/install/nav2_util/include//nav2_util/occ_grid_values.hpp
[0.736s] -- Up-to-date symlink: /home/pierres/COURS/slamnav/install/nav2_util/include//nav2_util/odometry_utils.hpp
[0.736s] -- Up-to-date symlink: /home/pierres/COURS/slamnav/install/nav2_util/include//nav2_util/robot_utils.hpp
[0.736s] -- Up-to-date symlink: /home/pierres/COURS/slamnav/install/nav2_util/include//nav2_util/service_client.hpp
[0.736s] -- Up-to-date symlink: /home/pierres/COURS/slamnav/install/nav2_util/include//nav2_util/simple_action_server.hpp
[0.736s] -- Up-to-date symlink: /home/pierres/COURS/slamnav/install/nav2_util/include//nav2_util/string_utils.hpp
[0.736s] -- Up-to-date symlink: /home/pierres/COURS/slamnav/install/nav2_util/include//nav2_util/validate_messages.hpp
[0.736s] -- Up-to-date symlink: /home/pierres/COURS/slamnav/install/nav2_util/share/nav2_util/environment/library_path.sh
[0.736s] -- Up-to-date symlink: /home/pierres/COURS/slamnav/install/nav2_util/share/nav2_util/environment/library_path.dsv
[0.736s] -- Up-to-date symlink: /home/pierres/COURS/slamnav/install/nav2_util/share/ament_index/resource_index/package_run_dependencies/nav2_util
[0.736s] -- Up-to-date symlink: /home/pierres/COURS/slamnav/install/nav2_util/share/ament_index/resource_index/parent_prefix_path/nav2_util
[0.736s] -- Up-to-date symlink: /home/pierres/COURS/slamnav/install/nav2_util/share/nav2_util/environment/ament_prefix_path.sh
[0.736s] -- Up-to-date symlink: /home/pierres/COURS/slamnav/install/nav2_util/share/nav2_util/environment/ament_prefix_path.dsv
[0.737s] -- Up-to-date symlink: /home/pierres/COURS/slamnav/install/nav2_util/share/nav2_util/environment/path.sh
[0.737s] -- Up-to-date symlink: /home/pierres/COURS/slamnav/install/nav2_util/share/nav2_util/environment/path.dsv
[0.737s] -- Up-to-date symlink: /home/pierres/COURS/slamnav/install/nav2_util/share/nav2_util/local_setup.bash
[0.737s] -- Up-to-date symlink: /home/pierres/COURS/slamnav/install/nav2_util/share/nav2_util/local_setup.sh
[0.737s] -- Up-to-date symlink: /home/pierres/COURS/slamnav/install/nav2_util/share/nav2_util/local_setup.zsh
[0.737s] -- Up-to-date symlink: /home/pierres/COURS/slamnav/install/nav2_util/share/nav2_util/local_setup.dsv
[0.737s] -- Symlinking: /home/pierres/COURS/slamnav/install/nav2_util/share/nav2_util/package.dsv
[0.745s] -- Up-to-date symlink: /home/pierres/COURS/slamnav/install/nav2_util/share/ament_index/resource_index/packages/nav2_util
[0.745s] -- Up-to-date symlink: /home/pierres/COURS/slamnav/install/nav2_util/share/nav2_util/cmake/ament_cmake_export_include_directories-extras.cmake
[0.745s] -- Up-to-date symlink: /home/pierres/COURS/slamnav/install/nav2_util/share/nav2_util/cmake/ament_cmake_export_libraries-extras.cmake
[0.745s] -- Up-to-date symlink: /home/pierres/COURS/slamnav/install/nav2_util/share/nav2_util/cmake/ament_cmake_export_dependencies-extras.cmake
[0.745s] -- Up-to-date symlink: /home/pierres/COURS/slamnav/install/nav2_util/share/nav2_util/cmake/nav2_utilConfig.cmake
[0.745s] -- Up-to-date symlink: /home/pierres/COURS/slamnav/install/nav2_util/share/nav2_util/cmake/nav2_utilConfig-version.cmake
[0.746s] -- Up-to-date symlink: /home/pierres/COURS/slamnav/install/nav2_util/share/nav2_util/package.xml
[0.747s] Invoked command in '/home/pierres/COURS/slamnav/build/nav2_util' returned '0': AMENT_PREFIX_PATH=/home/pierres/COURS/slamnav/install/nav2_msgs:/home/pierres/COURS/slamnav/install/nav2_common:${AMENT_PREFIX_PATH} CMAKE_PREFIX_PATH=/home/pierres/COURS/slamnav/install/nav2_msgs:/home/pierres/COURS/slamnav/install/nav2_common:/home/pierres/COURS/slamnav/install/slam_toolbox:/opt/ros/humble:/home/pierres/COURS/slamnav/install/slamnav_turtlebot LD_LIBRARY_PATH=/home/pierres/COURS/slamnav/install/nav2_msgs/lib:${LD_LIBRARY_PATH} PYTHONPATH=/home/pierres/COURS/slamnav/install/nav2_msgs/local/lib/python3.10/dist-packages:/home/pierres/COURS/slamnav/install/nav2_common/local/lib/python3.10/dist-packages:${PYTHONPATH} /usr/bin/cmake --install /home/pierres/COURS/slamnav/build/nav2_util
