[0.013s] Invoking command in '/home/pierres/COURS/slamnav/build/nav2_map_server': AMENT_PREFIX_PATH=/home/pierres/COURS/slamnav/install/nav2_util:/home/pierres/COURS/slamnav/install/nav2_msgs:/home/pierres/COURS/slamnav/install/nav2_common CMAKE_PREFIX_PATH=/home/pierres/COURS/slamnav/install/nav2_util:/home/pierres/COURS/slamnav/install/nav2_msgs:/home/pierres/COURS/slamnav/install/nav2_common LD_LIBRARY_PATH=/home/pierres/COURS/slamnav/install/nav2_util/lib:/home/pierres/COURS/slamnav/install/nav2_msgs/lib PYTHONPATH=/home/pierres/COURS/slamnav/install/nav2_msgs/local/lib/python3.10/dist-packages:/home/pierres/COURS/slamnav/install/nav2_common/local/lib/python3.10/dist-packages /usr/bin/cmake --build /home/pierres/COURS/slamnav/build/nav2_map_server -- -j16 -l16
[0.087s] [  5%] Built target gtest
[0.088s] [ 16%] Built target map_io
[0.090s] [ 19%] Built target gtest_main
[0.121s] [ 27%] Built target test_map_saver_publisher
[0.123s] [ 36%] Built target test_map_io
[0.126s] [ 47%] Built target map_server_core
[0.128s] [ 55%] Built target test_map_saver_cli
[0.168s] [ 61%] Built target map_server
[0.176s] [ 66%] Built target map_saver_cli
[0.176s] [ 72%] Built target map_saver_server
[0.181s] [ 80%] Built target test_map_server_node
[0.181s] [ 86%] Built target costmap_filter_info_server
[0.181s] [ 94%] Built target test_map_saver_node
[0.186s] [100%] Built target test_costmap_filter_info_server
[0.205s] Invoked command in '/home/pierres/COURS/slamnav/build/nav2_map_server' returned '0': AMENT_PREFIX_PATH=/home/pierres/COURS/slamnav/install/nav2_util:/home/pierres/COURS/slamnav/install/nav2_msgs:/home/pierres/COURS/slamnav/install/nav2_common CMAKE_PREFIX_PATH=/home/pierres/COURS/slamnav/install/nav2_util:/home/pierres/COURS/slamnav/install/nav2_msgs:/home/pierres/COURS/slamnav/install/nav2_common LD_LIBRARY_PATH=/home/pierres/COURS/slamnav/install/nav2_util/lib:/home/pierres/COURS/slamnav/install/nav2_msgs/lib PYTHONPATH=/home/pierres/COURS/slamnav/install/nav2_msgs/local/lib/python3.10/dist-packages:/home/pierres/COURS/slamnav/install/nav2_common/local/lib/python3.10/dist-packages /usr/bin/cmake --build /home/pierres/COURS/slamnav/build/nav2_map_server -- -j16 -l16
[0.252s] Invoking command in '/home/pierres/COURS/slamnav/build/nav2_map_server': AMENT_PREFIX_PATH=/home/pierres/COURS/slamnav/install/nav2_util:/home/pierres/COURS/slamnav/install/nav2_msgs:/home/pierres/COURS/slamnav/install/nav2_common CMAKE_PREFIX_PATH=/home/pierres/COURS/slamnav/install/nav2_util:/home/pierres/COURS/slamnav/install/nav2_msgs:/home/pierres/COURS/slamnav/install/nav2_common LD_LIBRARY_PATH=/home/pierres/COURS/slamnav/install/nav2_util/lib:/home/pierres/COURS/slamnav/install/nav2_msgs/lib PYTHONPATH=/home/pierres/COURS/slamnav/install/nav2_msgs/local/lib/python3.10/dist-packages:/home/pierres/COURS/slamnav/install/nav2_common/local/lib/python3.10/dist-packages /usr/bin/cmake --install /home/pierres/COURS/slamnav/build/nav2_map_server
[0.263s] -- Install configuration: "Humble"
[0.266s] -- Execute custom install script
[0.266s] -- Up-to-date symlink: /home/pierres/COURS/slamnav/install/nav2_map_server/lib/libmap_server_core.so
[0.266s] -- Up-to-date symlink: /home/pierres/COURS/slamnav/install/nav2_map_server/lib/libmap_io.so
[0.267s] -- Up-to-date symlink: /home/pierres/COURS/slamnav/install/nav2_map_server/lib/nav2_map_server/map_server
[0.267s] -- Up-to-date symlink: /home/pierres/COURS/slamnav/install/nav2_map_server/lib/nav2_map_server/map_saver_cli
[0.267s] -- Up-to-date symlink: /home/pierres/COURS/slamnav/install/nav2_map_server/lib/nav2_map_server/map_saver_server
[0.267s] -- Up-to-date symlink: /home/pierres/COURS/slamnav/install/nav2_map_server/lib/nav2_map_server/costmap_filter_info_server
[0.267s] -- Up-to-date symlink: /home/pierres/COURS/slamnav/install/nav2_map_server/include//nav2_map_server/costmap_filter_info_server.hpp
[0.267s] -- Up-to-date symlink: /home/pierres/COURS/slamnav/install/nav2_map_server/include//nav2_map_server/map_io.hpp
[0.267s] -- Up-to-date symlink: /home/pierres/COURS/slamnav/install/nav2_map_server/include//nav2_map_server/map_mode.hpp
[0.267s] -- Up-to-date symlink: /home/pierres/COURS/slamnav/install/nav2_map_server/include//nav2_map_server/map_saver.hpp
[0.267s] -- Up-to-date symlink: /home/pierres/COURS/slamnav/install/nav2_map_server/include//nav2_map_server/map_server.hpp
[0.267s] -- Up-to-date symlink: /home/pierres/COURS/slamnav/install/nav2_map_server/share/nav2_map_server/launch/map_saver_server.launch.py
[0.267s] -- Up-to-date symlink: /home/pierres/COURS/slamnav/install/nav2_map_server/share/nav2_map_server/environment/library_path.sh
[0.268s] -- Up-to-date symlink: /home/pierres/COURS/slamnav/install/nav2_map_server/share/nav2_map_server/environment/library_path.dsv
[0.268s] -- Up-to-date symlink: /home/pierres/COURS/slamnav/install/nav2_map_server/share/ament_index/resource_index/package_run_dependencies/nav2_map_server
[0.272s] -- Up-to-date symlink: /home/pierres/COURS/slamnav/install/nav2_map_server/share/ament_index/resource_index/parent_prefix_path/nav2_map_server
[0.272s] -- Up-to-date symlink: /home/pierres/COURS/slamnav/install/nav2_map_server/share/nav2_map_server/environment/ament_prefix_path.sh
[0.272s] -- Up-to-date symlink: /home/pierres/COURS/slamnav/install/nav2_map_server/share/nav2_map_server/environment/ament_prefix_path.dsv
[0.272s] -- Up-to-date symlink: /home/pierres/COURS/slamnav/install/nav2_map_server/share/nav2_map_server/environment/path.sh
[0.272s] -- Up-to-date symlink: /home/pierres/COURS/slamnav/install/nav2_map_server/share/nav2_map_server/environment/path.dsv
[0.272s] -- Up-to-date symlink: /home/pierres/COURS/slamnav/install/nav2_map_server/share/nav2_map_server/local_setup.bash
[0.273s] -- Up-to-date symlink: /home/pierres/COURS/slamnav/install/nav2_map_server/share/nav2_map_server/local_setup.sh
[0.273s] -- Up-to-date symlink: /home/pierres/COURS/slamnav/install/nav2_map_server/share/nav2_map_server/local_setup.zsh
[0.273s] -- Up-to-date symlink: /home/pierres/COURS/slamnav/install/nav2_map_server/share/nav2_map_server/local_setup.dsv
[0.273s] -- Symlinking: /home/pierres/COURS/slamnav/install/nav2_map_server/share/nav2_map_server/package.dsv
[0.278s] -- Up-to-date symlink: /home/pierres/COURS/slamnav/install/nav2_map_server/share/ament_index/resource_index/packages/nav2_map_server
[0.278s] -- Up-to-date symlink: /home/pierres/COURS/slamnav/install/nav2_map_server/share/ament_index/resource_index/rclcpp_components/nav2_map_server
[0.278s] -- Up-to-date symlink: /home/pierres/COURS/slamnav/install/nav2_map_server/share/nav2_map_server/cmake/ament_cmake_export_include_directories-extras.cmake
[0.279s] -- Up-to-date symlink: /home/pierres/COURS/slamnav/install/nav2_map_server/share/nav2_map_server/cmake/ament_cmake_export_libraries-extras.cmake
[0.279s] -- Up-to-date symlink: /home/pierres/COURS/slamnav/install/nav2_map_server/share/nav2_map_server/cmake/ament_cmake_export_dependencies-extras.cmake
[0.280s] -- Up-to-date symlink: /home/pierres/COURS/slamnav/install/nav2_map_server/share/nav2_map_server/cmake/nav2_map_serverConfig.cmake
[0.280s] -- Up-to-date symlink: /home/pierres/COURS/slamnav/install/nav2_map_server/share/nav2_map_server/cmake/nav2_map_serverConfig-version.cmake
[0.280s] -- Up-to-date symlink: /home/pierres/COURS/slamnav/install/nav2_map_server/share/nav2_map_server/package.xml
[0.299s] Invoked command in '/home/pierres/COURS/slamnav/build/nav2_map_server' returned '0': AMENT_PREFIX_PATH=/home/pierres/COURS/slamnav/install/nav2_util:/home/pierres/COURS/slamnav/install/nav2_msgs:/home/pierres/COURS/slamnav/install/nav2_common CMAKE_PREFIX_PATH=/home/pierres/COURS/slamnav/install/nav2_util:/home/pierres/COURS/slamnav/install/nav2_msgs:/home/pierres/COURS/slamnav/install/nav2_common LD_LIBRARY_PATH=/home/pierres/COURS/slamnav/install/nav2_util/lib:/home/pierres/COURS/slamnav/install/nav2_msgs/lib PYTHONPATH=/home/pierres/COURS/slamnav/install/nav2_msgs/local/lib/python3.10/dist-packages:/home/pierres/COURS/slamnav/install/nav2_common/local/lib/python3.10/dist-packages /usr/bin/cmake --install /home/pierres/COURS/slamnav/build/nav2_map_server
