[0.022s] Invoking command in '/home/pierres/COURS/slamnav/build/nav2_core': AMENT_PREFIX_PATH=/home/pierres/COURS/slamnav/install/nav2_costmap_2d:/home/pierres/COURS/slamnav/install/nav2_map_server:/home/pierres/COURS/slamnav/install/nav2_lifecycle_manager:/home/pierres/COURS/slamnav/install/nav2_util:/home/pierres/COURS/slamnav/install/nav2_voxel_grid:/home/pierres/COURS/slamnav/install/nav2_msgs:/home/pierres/COURS/slamnav/install/nav2_common:${AMENT_PREFIX_PATH} CMAKE_PREFIX_PATH=/home/pierres/COURS/slamnav/install/nav2_costmap_2d:/home/pierres/COURS/slamnav/install/nav2_map_server:/home/pierres/COURS/slamnav/install/nav2_lifecycle_manager:/home/pierres/COURS/slamnav/install/nav2_util:/home/pierres/COURS/slamnav/install/nav2_voxel_grid:/home/pierres/COURS/slamnav/install/nav2_msgs:/home/pierres/COURS/slamnav/install/nav2_common:/opt/ros/humble:/home/pierres/COURS/slamnav/install/slamnav_turtlebot LD_LIBRARY_PATH=/home/pierres/COURS/slamnav/install/nav2_costmap_2d/lib:/home/pierres/COURS/slamnav/install/nav2_map_server/lib:/home/pierres/COURS/slamnav/install/nav2_lifecycle_manager/lib:/home/pierres/COURS/slamnav/install/nav2_util/lib:/home/pierres/COURS/slamnav/install/nav2_voxel_grid/lib:/home/pierres/COURS/slamnav/install/nav2_msgs/lib:${LD_LIBRARY_PATH} PYTHONPATH=/home/pierres/COURS/slamnav/install/nav2_msgs/local/lib/python3.10/dist-packages:/home/pierres/COURS/slamnav/install/nav2_common/local/lib/python3.10/dist-packages:${PYTHONPATH} /usr/bin/cmake --build /home/pierres/COURS/slamnav/build/nav2_core -- -j16 -l16
[0.069s] Invoked command in '/home/pierres/COURS/slamnav/build/nav2_core' returned '0': AMENT_PREFIX_PATH=/home/pierres/COURS/slamnav/install/nav2_costmap_2d:/home/pierres/COURS/slamnav/install/nav2_map_server:/home/pierres/COURS/slamnav/install/nav2_lifecycle_manager:/home/pierres/COURS/slamnav/install/nav2_util:/home/pierres/COURS/slamnav/install/nav2_voxel_grid:/home/pierres/COURS/slamnav/install/nav2_msgs:/home/pierres/COURS/slamnav/install/nav2_common:${AMENT_PREFIX_PATH} CMAKE_PREFIX_PATH=/home/pierres/COURS/slamnav/install/nav2_costmap_2d:/home/pierres/COURS/slamnav/install/nav2_map_server:/home/pierres/COURS/slamnav/install/nav2_lifecycle_manager:/home/pierres/COURS/slamnav/install/nav2_util:/home/pierres/COURS/slamnav/install/nav2_voxel_grid:/home/pierres/COURS/slamnav/install/nav2_msgs:/home/pierres/COURS/slamnav/install/nav2_common:/opt/ros/humble:/home/pierres/COURS/slamnav/install/slamnav_turtlebot LD_LIBRARY_PATH=/home/pierres/COURS/slamnav/install/nav2_costmap_2d/lib:/home/pierres/COURS/slamnav/install/nav2_map_server/lib:/home/pierres/COURS/slamnav/install/nav2_lifecycle_manager/lib:/home/pierres/COURS/slamnav/install/nav2_util/lib:/home/pierres/COURS/slamnav/install/nav2_voxel_grid/lib:/home/pierres/COURS/slamnav/install/nav2_msgs/lib:${LD_LIBRARY_PATH} PYTHONPATH=/home/pierres/COURS/slamnav/install/nav2_msgs/local/lib/python3.10/dist-packages:/home/pierres/COURS/slamnav/install/nav2_common/local/lib/python3.10/dist-packages:${PYTHONPATH} /usr/bin/cmake --build /home/pierres/COURS/slamnav/build/nav2_core -- -j16 -l16
[0.099s] Invoking command in '/home/pierres/COURS/slamnav/build/nav2_core': AMENT_PREFIX_PATH=/home/pierres/COURS/slamnav/install/nav2_costmap_2d:/home/pierres/COURS/slamnav/install/nav2_map_server:/home/pierres/COURS/slamnav/install/nav2_lifecycle_manager:/home/pierres/COURS/slamnav/install/nav2_util:/home/pierres/COURS/slamnav/install/nav2_voxel_grid:/home/pierres/COURS/slamnav/install/nav2_msgs:/home/pierres/COURS/slamnav/install/nav2_common:${AMENT_PREFIX_PATH} CMAKE_PREFIX_PATH=/home/pierres/COURS/slamnav/install/nav2_costmap_2d:/home/pierres/COURS/slamnav/install/nav2_map_server:/home/pierres/COURS/slamnav/install/nav2_lifecycle_manager:/home/pierres/COURS/slamnav/install/nav2_util:/home/pierres/COURS/slamnav/install/nav2_voxel_grid:/home/pierres/COURS/slamnav/install/nav2_msgs:/home/pierres/COURS/slamnav/install/nav2_common:/opt/ros/humble:/home/pierres/COURS/slamnav/install/slamnav_turtlebot LD_LIBRARY_PATH=/home/pierres/COURS/slamnav/install/nav2_costmap_2d/lib:/home/pierres/COURS/slamnav/install/nav2_map_server/lib:/home/pierres/COURS/slamnav/install/nav2_lifecycle_manager/lib:/home/pierres/COURS/slamnav/install/nav2_util/lib:/home/pierres/COURS/slamnav/install/nav2_voxel_grid/lib:/home/pierres/COURS/slamnav/install/nav2_msgs/lib:${LD_LIBRARY_PATH} PYTHONPATH=/home/pierres/COURS/slamnav/install/nav2_msgs/local/lib/python3.10/dist-packages:/home/pierres/COURS/slamnav/install/nav2_common/local/lib/python3.10/dist-packages:${PYTHONPATH} /usr/bin/cmake --install /home/pierres/COURS/slamnav/build/nav2_core
[0.106s] -- Install configuration: "Humble"
[0.107s] -- Execute custom install script
[0.107s] -- Up-to-date symlink: /home/pierres/COURS/slamnav/install/nav2_core/include//nav2_core/behavior.hpp
[0.107s] -- Up-to-date symlink: /home/pierres/COURS/slamnav/install/nav2_core/include//nav2_core/controller.hpp
[0.107s] -- Up-to-date symlink: /home/pierres/COURS/slamnav/install/nav2_core/include//nav2_core/exceptions.hpp
[0.107s] -- Up-to-date symlink: /home/pierres/COURS/slamnav/install/nav2_core/include//nav2_core/global_planner.hpp
[0.107s] -- Up-to-date symlink: /home/pierres/COURS/slamnav/install/nav2_core/include//nav2_core/goal_checker.hpp
[0.107s] -- Up-to-date symlink: /home/pierres/COURS/slamnav/install/nav2_core/include//nav2_core/progress_checker.hpp
[0.107s] -- Up-to-date symlink: /home/pierres/COURS/slamnav/install/nav2_core/include//nav2_core/smoother.hpp
[0.108s] -- Up-to-date symlink: /home/pierres/COURS/slamnav/install/nav2_core/include//nav2_core/waypoint_task_executor.hpp
[0.108s] -- Up-to-date symlink: /home/pierres/COURS/slamnav/install/nav2_core/share/ament_index/resource_index/package_run_dependencies/nav2_core
[0.108s] -- Up-to-date symlink: /home/pierres/COURS/slamnav/install/nav2_core/share/ament_index/resource_index/parent_prefix_path/nav2_core
[0.108s] -- Up-to-date symlink: /home/pierres/COURS/slamnav/install/nav2_core/share/nav2_core/environment/ament_prefix_path.sh
[0.108s] -- Up-to-date symlink: /home/pierres/COURS/slamnav/install/nav2_core/share/nav2_core/environment/ament_prefix_path.dsv
[0.108s] -- Up-to-date symlink: /home/pierres/COURS/slamnav/install/nav2_core/share/nav2_core/environment/path.sh
[0.108s] -- Up-to-date symlink: /home/pierres/COURS/slamnav/install/nav2_core/share/nav2_core/environment/path.dsv
[0.108s] -- Up-to-date symlink: /home/pierres/COURS/slamnav/install/nav2_core/share/nav2_core/local_setup.bash
[0.108s] -- Up-to-date symlink: /home/pierres/COURS/slamnav/install/nav2_core/share/nav2_core/local_setup.sh
[0.108s] -- Up-to-date symlink: /home/pierres/COURS/slamnav/install/nav2_core/share/nav2_core/local_setup.zsh
[0.109s] -- Up-to-date symlink: /home/pierres/COURS/slamnav/install/nav2_core/share/nav2_core/local_setup.dsv
[0.109s] -- Symlinking: /home/pierres/COURS/slamnav/install/nav2_core/share/nav2_core/package.dsv
[0.114s] -- Up-to-date symlink: /home/pierres/COURS/slamnav/install/nav2_core/share/ament_index/resource_index/packages/nav2_core
[0.115s] -- Up-to-date symlink: /home/pierres/COURS/slamnav/install/nav2_core/share/nav2_core/cmake/ament_cmake_export_include_directories-extras.cmake
[0.115s] -- Up-to-date symlink: /home/pierres/COURS/slamnav/install/nav2_core/share/nav2_core/cmake/ament_cmake_export_dependencies-extras.cmake
[0.115s] -- Up-to-date symlink: /home/pierres/COURS/slamnav/install/nav2_core/share/nav2_core/cmake/nav2_coreConfig.cmake
[0.115s] -- Up-to-date symlink: /home/pierres/COURS/slamnav/install/nav2_core/share/nav2_core/cmake/nav2_coreConfig-version.cmake
[0.116s] -- Up-to-date symlink: /home/pierres/COURS/slamnav/install/nav2_core/share/nav2_core/package.xml
[0.120s] Invoked command in '/home/pierres/COURS/slamnav/build/nav2_core' returned '0': AMENT_PREFIX_PATH=/home/pierres/COURS/slamnav/install/nav2_costmap_2d:/home/pierres/COURS/slamnav/install/nav2_map_server:/home/pierres/COURS/slamnav/install/nav2_lifecycle_manager:/home/pierres/COURS/slamnav/install/nav2_util:/home/pierres/COURS/slamnav/install/nav2_voxel_grid:/home/pierres/COURS/slamnav/install/nav2_msgs:/home/pierres/COURS/slamnav/install/nav2_common:${AMENT_PREFIX_PATH} CMAKE_PREFIX_PATH=/home/pierres/COURS/slamnav/install/nav2_costmap_2d:/home/pierres/COURS/slamnav/install/nav2_map_server:/home/pierres/COURS/slamnav/install/nav2_lifecycle_manager:/home/pierres/COURS/slamnav/install/nav2_util:/home/pierres/COURS/slamnav/install/nav2_voxel_grid:/home/pierres/COURS/slamnav/install/nav2_msgs:/home/pierres/COURS/slamnav/install/nav2_common:/opt/ros/humble:/home/pierres/COURS/slamnav/install/slamnav_turtlebot LD_LIBRARY_PATH=/home/pierres/COURS/slamnav/install/nav2_costmap_2d/lib:/home/pierres/COURS/slamnav/install/nav2_map_server/lib:/home/pierres/COURS/slamnav/install/nav2_lifecycle_manager/lib:/home/pierres/COURS/slamnav/install/nav2_util/lib:/home/pierres/COURS/slamnav/install/nav2_voxel_grid/lib:/home/pierres/COURS/slamnav/install/nav2_msgs/lib:${LD_LIBRARY_PATH} PYTHONPATH=/home/pierres/COURS/slamnav/install/nav2_msgs/local/lib/python3.10/dist-packages:/home/pierres/COURS/slamnav/install/nav2_common/local/lib/python3.10/dist-packages:${PYTHONPATH} /usr/bin/cmake --install /home/pierres/COURS/slamnav/build/nav2_core
