[0.021s] Invoking command in '/home/pierres/COURS/slamnav/build/nav2_behavior_tree': AMENT_PREFIX_PATH=/home/pierres/COURS/slamnav/install/nav2_util:/home/pierres/COURS/slamnav/install/nav2_msgs:/home/pierres/COURS/slamnav/install/nav2_common:${AMENT_PREFIX_PATH} CMAKE_PREFIX_PATH=/home/pierres/COURS/slamnav/install/nav2_util:/home/pierres/COURS/slamnav/install/nav2_msgs:/home/pierres/COURS/slamnav/install/nav2_common:/home/pierres/COURS/slamnav/install/slam_toolbox:/opt/ros/humble:/home/pierres/COURS/slamnav/install/slamnav_turtlebot LD_LIBRARY_PATH=/home/pierres/COURS/slamnav/install/nav2_util/lib:/home/pierres/COURS/slamnav/install/nav2_msgs/lib:${LD_LIBRARY_PATH} PYTHONPATH=/home/pierres/COURS/slamnav/install/nav2_msgs/local/lib/python3.10/dist-packages:/home/pierres/COURS/slamnav/install/nav2_common/local/lib/python3.10/dist-packages:${PYTHONPATH} /usr/bin/cmake /home/pierres/COURS/slamnav/src/navigation2/nav2_behavior_tree -DCMAKE_BUILD_TYPE=Humble -DAMENT_CMAKE_SYMLINK_INSTALL=1 -DCMAKE_INSTALL_PREFIX=/home/pierres/COURS/slamnav/install/nav2_behavior_tree
[0.088s] -- The CXX compiler identification is GNU 11.4.0
[0.097s] -- Detecting CXX compiler ABI info
[0.168s] -- Detecting CXX compiler ABI info - done
[0.174s] -- Check for working CXX compiler: /usr/bin/c++ - skipped
[0.174s] -- Detecting CXX compile features
[0.174s] -- Detecting CXX compile features - done
[0.176s] -- Found ament_cmake: 1.3.10 (/opt/ros/humble/share/ament_cmake/cmake)
[0.305s] -- Found Python3: /usr/bin/python3 (found version "3.10.12") found components: Interpreter 
[0.352s] -- Override CMake install command with custom implementation using symlinks instead of copying resources
[0.384s] -- Found nav2_common: 1.1.16 (/home/pierres/COURS/slamnav/install/nav2_common/share/nav2_common/cmake)
[0.385s] -- Found rclcpp: 16.0.10 (/opt/ros/humble/share/rclcpp/cmake)
[0.416s] -- Found rosidl_generator_c: 3.1.5 (/opt/ros/humble/share/rosidl_generator_c/cmake)
[0.419s] -- Found rosidl_adapter: 3.1.5 (/opt/ros/humble/share/rosidl_adapter/cmake)
[0.425s] -- Found rosidl_generator_cpp: 3.1.5 (/opt/ros/humble/share/rosidl_generator_cpp/cmake)
[0.433s] -- Using all available rosidl_typesupport_c: rosidl_typesupport_fastrtps_c;rosidl_typesupport_introspection_c
[0.443s] -- Using all available rosidl_typesupport_cpp: rosidl_typesupport_fastrtps_cpp;rosidl_typesupport_introspection_cpp
[0.473s] -- Found rmw_implementation_cmake: 6.1.2 (/opt/ros/humble/share/rmw_implementation_cmake/cmake)
[0.475s] -- Found rmw_cyclonedds_cpp: 1.3.4 (/opt/ros/humble/share/rmw_cyclonedds_cpp/cmake)
[0.490s] -- Using RMW implementation 'rmw_cyclonedds_cpp' as default
[0.500s] -- Looking for C++ include pthread.h
[0.572s] -- Looking for C++ include pthread.h - found
[0.572s] -- Performing Test CMAKE_HAVE_LIBC_PTHREAD
[0.675s] -- Performing Test CMAKE_HAVE_LIBC_PTHREAD - Success
[0.677s] -- Found Threads: TRUE  
[0.743s] -- Found rclcpp_action: 16.0.10 (/opt/ros/humble/share/rclcpp_action/cmake)
[0.788s] -- Found rclcpp_lifecycle: 16.0.10 (/opt/ros/humble/share/rclcpp_lifecycle/cmake)
[0.813s] -- Found geometry_msgs: 4.2.4 (/opt/ros/humble/share/geometry_msgs/cmake)
[0.831s] -- Found sensor_msgs: 4.2.4 (/opt/ros/humble/share/sensor_msgs/cmake)
[0.854s] -- Found nav2_msgs: 1.1.16 (/home/pierres/COURS/slamnav/install/nav2_msgs/share/nav2_msgs/cmake)
[0.910s] -- Found tf2_ros: 0.25.8 (/opt/ros/humble/share/tf2_ros/cmake)
[0.992s] -- Found tf2_geometry_msgs: 0.25.8 (/opt/ros/humble/share/tf2_geometry_msgs/cmake)
[1.009s] -- Found eigen3_cmake_module: 0.1.1 (/opt/ros/humble/share/eigen3_cmake_module/cmake)
[1.011s] -- Found Eigen3: TRUE (found version "3.4.0") 
[1.011s] -- Ensuring Eigen3 include directory is part of orocos-kdl CMake target
[1.015s] -- Found std_srvs: 4.2.4 (/opt/ros/humble/share/std_srvs/cmake)
[1.027s] -- Found nav2_util: 1.1.16 (/home/pierres/COURS/slamnav/install/nav2_util/share/nav2_util/cmake)
[2.878s] -- Found ament_lint_auto: 0.12.11 (/opt/ros/humble/share/ament_lint_auto/cmake)
[2.963s] -- Found gtest sources under '/opt/ros/humble/src/gtest_vendor': C++ tests using 'Google Test' will be built
[3.002s] -- The C compiler identification is GNU 11.4.0
[3.003s] -- Detecting C compiler ABI info
[3.075s] -- Detecting C compiler ABI info - done
[3.086s] -- Check for working C compiler: /usr/bin/cc - skipped
[3.087s] -- Detecting C compile features
[3.087s] -- Detecting C compile features - done
[5.282s] -- Added test 'copyright' to check source files copyright and LICENSE
[5.291s] -- Added test 'cppcheck' to perform static code analysis on C / C++ code
[5.306s] -- Configured cppcheck include dirs: /home/pierres/COURS/slamnav/src/navigation2/nav2_behavior_tree/include
[5.306s] -- Configured cppcheck exclude dirs and/or files: 
[5.314s] -- Added test 'cpplint' to check C / C++ code against the Google style
[5.314s] -- Configured cpplint exclude dirs and/or files: 
[5.318s] -- Added test 'lint_cmake' to check CMake code style
[5.327s] -- Added test 'uncrustify' to check C / C++ code style
[5.328s] -- Configured uncrustify additional arguments: 
[5.329s] -- Added test 'xmllint' to check XML markup files
[5.334s] -- Configuring done
[7.706s] -- Generating done
[7.714s] -- Build files have been written to: /home/pierres/COURS/slamnav/build/nav2_behavior_tree
[7.744s] Invoked command in '/home/pierres/COURS/slamnav/build/nav2_behavior_tree' returned '0': AMENT_PREFIX_PATH=/home/pierres/COURS/slamnav/install/nav2_util:/home/pierres/COURS/slamnav/install/nav2_msgs:/home/pierres/COURS/slamnav/install/nav2_common:${AMENT_PREFIX_PATH} CMAKE_PREFIX_PATH=/home/pierres/COURS/slamnav/install/nav2_util:/home/pierres/COURS/slamnav/install/nav2_msgs:/home/pierres/COURS/slamnav/install/nav2_common:/home/pierres/COURS/slamnav/install/slam_toolbox:/opt/ros/humble:/home/pierres/COURS/slamnav/install/slamnav_turtlebot LD_LIBRARY_PATH=/home/pierres/COURS/slamnav/install/nav2_util/lib:/home/pierres/COURS/slamnav/install/nav2_msgs/lib:${LD_LIBRARY_PATH} PYTHONPATH=/home/pierres/COURS/slamnav/install/nav2_msgs/local/lib/python3.10/dist-packages:/home/pierres/COURS/slamnav/install/nav2_common/local/lib/python3.10/dist-packages:${PYTHONPATH} /usr/bin/cmake /home/pierres/COURS/slamnav/src/navigation2/nav2_behavior_tree -DCMAKE_BUILD_TYPE=Humble -DAMENT_CMAKE_SYMLINK_INSTALL=1 -DCMAKE_INSTALL_PREFIX=/home/pierres/COURS/slamnav/install/nav2_behavior_tree
[7.750s] Invoking command in '/home/pierres/COURS/slamnav/build/nav2_behavior_tree': AMENT_PREFIX_PATH=/home/pierres/COURS/slamnav/install/nav2_util:/home/pierres/COURS/slamnav/install/nav2_msgs:/home/pierres/COURS/slamnav/install/nav2_common:${AMENT_PREFIX_PATH} CMAKE_PREFIX_PATH=/home/pierres/COURS/slamnav/install/nav2_util:/home/pierres/COURS/slamnav/install/nav2_msgs:/home/pierres/COURS/slamnav/install/nav2_common:/home/pierres/COURS/slamnav/install/slam_toolbox:/opt/ros/humble:/home/pierres/COURS/slamnav/install/slamnav_turtlebot LD_LIBRARY_PATH=/home/pierres/COURS/slamnav/install/nav2_util/lib:/home/pierres/COURS/slamnav/install/nav2_msgs/lib:${LD_LIBRARY_PATH} PYTHONPATH=/home/pierres/COURS/slamnav/install/nav2_msgs/local/lib/python3.10/dist-packages:/home/pierres/COURS/slamnav/install/nav2_common/local/lib/python3.10/dist-packages:${PYTHONPATH} /usr/bin/cmake --build /home/pierres/COURS/slamnav/build/nav2_behavior_tree -- -j16 -l16
[7.834s] [  1%] [32mBuilding CXX object CMakeFiles/nav2_compute_path_to_pose_action_bt_node.dir/plugins/action/compute_path_to_pose_action.cpp.o[0m
[7.834s] [  2%] [32mBuilding CXX object CMakeFiles/nav2_compute_path_through_poses_action_bt_node.dir/plugins/action/compute_path_through_poses_action.cpp.o[0m
[7.834s] [  3%] [32mBuilding CXX object CMakeFiles/nav2_behavior_tree.dir/src/behavior_tree_engine.cpp.o[0m
[7.836s] [  4%] [32mBuilding CXX object CMakeFiles/nav2_controller_cancel_bt_node.dir/plugins/action/controller_cancel_node.cpp.o[0m
[7.849s] [  6%] [32mBuilding CXX object CMakeFiles/nav2_assisted_teleop_cancel_bt_node.dir/plugins/action/assisted_teleop_cancel_node.cpp.o[0m
[7.850s] [  7%] [32mBuilding CXX object CMakeFiles/nav2_wait_cancel_bt_node.dir/plugins/action/wait_cancel_node.cpp.o[0m
[7.851s] [  8%] [32mBuilding CXX object CMakeFiles/nav2_back_up_cancel_bt_node.dir/plugins/action/back_up_cancel_node.cpp.o[0m
[7.851s] [  8%] [32mBuilding CXX object CMakeFiles/nav2_spin_cancel_bt_node.dir/plugins/action/spin_cancel_node.cpp.o[0m
[7.874s] [  9%] [32mBuilding CXX object CMakeFiles/nav2_wait_action_bt_node.dir/plugins/action/wait_action.cpp.o[0m
[7.877s] [ 10%] [32mBuilding CXX object CMakeFiles/nav2_drive_on_heading_cancel_bt_node.dir/plugins/action/drive_on_heading_cancel_node.cpp.o[0m
[7.877s] [ 11%] [32mBuilding CXX object CMakeFiles/nav2_spin_action_bt_node.dir/plugins/action/spin_action.cpp.o[0m
[7.877s] [  9%] [32mBuilding CXX object CMakeFiles/nav2_follow_path_action_bt_node.dir/plugins/action/follow_path_action.cpp.o[0m
[7.881s] [ 10%] [32mBuilding CXX object CMakeFiles/nav2_back_up_action_bt_node.dir/plugins/action/back_up_action.cpp.o[0m
[7.893s] [ 12%] [32mBuilding CXX object CMakeFiles/nav2_assisted_teleop_action_bt_node.dir/plugins/action/assisted_teleop_action.cpp.o[0m
[7.897s] [ 12%] [32mBuilding CXX object CMakeFiles/nav2_drive_on_heading_bt_node.dir/plugins/action/drive_on_heading_action.cpp.o[0m
[7.903s] [ 12%] [32mBuilding CXX object CMakeFiles/nav2_smooth_path_action_bt_node.dir/plugins/action/smooth_path_action.cpp.o[0m
[16.052s] [ 12%] [32m[1mLinking CXX shared library libnav2_behavior_tree.so[0m
[16.605s] [ 12%] Built target nav2_behavior_tree
[16.674s] [ 13%] [32mBuilding CXX object CMakeFiles/nav2_clear_costmap_service_bt_node.dir/plugins/action/clear_costmap_service.cpp.o[0m
[18.822s] [ 13%] [32m[1mLinking CXX shared library libnav2_assisted_teleop_action_bt_node.so[0m
[19.379s] [ 13%] [32m[1mLinking CXX shared library libnav2_compute_path_to_pose_action_bt_node.so[0m
[19.534s] [ 13%] [32m[1mLinking CXX shared library libnav2_spin_cancel_bt_node.so[0m
[19.652s] [ 13%] [32m[1mLinking CXX shared library libnav2_wait_cancel_bt_node.so[0m
[19.709s] [ 13%] [32m[1mLinking CXX shared library libnav2_controller_cancel_bt_node.so[0m
[19.901s] [ 13%] Built target nav2_assisted_teleop_action_bt_node
[19.974s] [ 14%] [32mBuilding CXX object CMakeFiles/nav2_is_stuck_condition_bt_node.dir/plugins/condition/is_stuck_condition.cpp.o[0m
[20.139s] [ 14%] Built target nav2_spin_cancel_bt_node
[20.198s] [ 15%] [32mBuilding CXX object CMakeFiles/nav2_transform_available_condition_bt_node.dir/plugins/condition/transform_available_condition.cpp.o[0m
[20.204s] [ 15%] Built target nav2_compute_path_to_pose_action_bt_node
[20.272s] [ 15%] [32mBuilding CXX object CMakeFiles/nav2_goal_reached_condition_bt_node.dir/plugins/condition/goal_reached_condition.cpp.o[0m
[20.306s] [ 16%] [32m[1mLinking CXX shared library libnav2_drive_on_heading_cancel_bt_node.so[0m
[20.545s] [ 16%] Built target nav2_controller_cancel_bt_node
[20.602s] [ 16%] Built target nav2_wait_cancel_bt_node
[20.621s] [ 16%] [32mBuilding CXX object CMakeFiles/nav2_globally_updated_goal_condition_bt_node.dir/plugins/condition/globally_updated_goal_condition.cpp.o[0m
[20.670s] [ 16%] [32mBuilding CXX object CMakeFiles/nav2_goal_updated_condition_bt_node.dir/plugins/condition/goal_updated_condition.cpp.o[0m
[21.077s] [ 16%] [32m[1mLinking CXX shared library libnav2_back_up_cancel_bt_node.so[0m
[21.151s] [ 16%] Built target nav2_drive_on_heading_cancel_bt_node
[21.228s] [ 17%] [32mBuilding CXX object CMakeFiles/nav2_is_path_valid_condition_bt_node.dir/plugins/condition/is_path_valid_condition.cpp.o[0m
[21.253s] [ 17%] [32m[1mLinking CXX shared library libnav2_back_up_action_bt_node.so[0m
[21.321s] [ 18%] [32m[1mLinking CXX shared library libnav2_follow_path_action_bt_node.so[0m
[21.390s] [ 18%] [32m[1mLinking CXX shared library libnav2_assisted_teleop_cancel_bt_node.so[0m
[21.897s] [ 18%] Built target nav2_back_up_cancel_bt_node
[21.973s] [ 19%] [32mBuilding CXX object CMakeFiles/nav2_time_expired_condition_bt_node.dir/plugins/condition/time_expired_condition.cpp.o[0m
[22.094s] [ 19%] Built target nav2_assisted_teleop_cancel_bt_node
[22.122s] [ 19%] Built target nav2_back_up_action_bt_node
[22.164s] [ 19%] [32mBuilding CXX object CMakeFiles/nav2_distance_traveled_condition_bt_node.dir/plugins/condition/distance_traveled_condition.cpp.o[0m
[22.171s] [ 20%] [32mBuilding CXX object CMakeFiles/nav2_path_expiring_timer_condition.dir/plugins/condition/path_expiring_timer_condition.cpp.o[0m
[22.652s] [ 20%] Built target nav2_follow_path_action_bt_node
[22.741s] [ 21%] [32mBuilding CXX object CMakeFiles/nav2_initial_pose_received_condition_bt_node.dir/plugins/condition/initial_pose_received_condition.cpp.o[0m
[22.983s] [ 21%] [32m[1mLinking CXX shared library libnav2_wait_action_bt_node.so[0m
[23.446s] [ 22%] [32m[1mLinking CXX shared library libnav2_drive_on_heading_bt_node.so[0m
[23.889s] [ 22%] [32m[1mLinking CXX shared library libnav2_smooth_path_action_bt_node.so[0m
[24.002s] [ 22%] Built target nav2_wait_action_bt_node
[24.035s] [ 23%] [32mBuilding CXX object CMakeFiles/nav2_is_battery_charging_condition_bt_node.dir/plugins/condition/is_battery_charging_condition.cpp.o[0m
[24.102s] [ 23%] [32m[1mLinking CXX shared library libnav2_spin_action_bt_node.so[0m
[24.184s] [ 23%] Built target nav2_drive_on_heading_bt_node
[24.239s] [ 24%] [32mBuilding CXX object CMakeFiles/nav2_is_battery_low_condition_bt_node.dir/plugins/condition/is_battery_low_condition.cpp.o[0m
[24.857s] [ 24%] Built target nav2_smooth_path_action_bt_node
[24.917s] [ 24%] Built target nav2_spin_action_bt_node
[24.927s] [ 24%] [32mBuilding CXX object CMakeFiles/nav2_reinitialize_global_localization_service_bt_node.dir/plugins/action/reinitialize_global_localization_service.cpp.o[0m
[25.005s] [ 24%] [32mBuilding CXX object CMakeFiles/nav2_rate_controller_bt_node.dir/plugins/decorator/rate_controller.cpp.o[0m
[25.621s] [ 24%] [32m[1mLinking CXX shared library libnav2_goal_updated_condition_bt_node.so[0m
[26.005s] [ 24%] [32m[1mLinking CXX shared library libnav2_compute_path_through_poses_action_bt_node.so[0m
[26.178s] [ 24%] Built target nav2_goal_updated_condition_bt_node
[26.213s] [ 24%] [32mBuilding CXX object CMakeFiles/nav2_distance_controller_bt_node.dir/plugins/decorator/distance_controller.cpp.o[0m
[27.269s] [ 24%] Built target nav2_compute_path_through_poses_action_bt_node
[27.333s] [ 25%] [32mBuilding CXX object CMakeFiles/nav2_speed_controller_bt_node.dir/plugins/decorator/speed_controller.cpp.o[0m
[27.338s] [ 25%] [32m[1mLinking CXX shared library libnav2_initial_pose_received_condition_bt_node.so[0m
[27.652s] [ 25%] Built target nav2_initial_pose_received_condition_bt_node
[27.706s] [ 26%] [32mBuilding CXX object CMakeFiles/nav2_truncate_path_action_bt_node.dir/plugins/action/truncate_path_action.cpp.o[0m
[28.481s] [ 27%] [32m[1mLinking CXX shared library libnav2_rate_controller_bt_node.so[0m
[28.888s] [ 27%] Built target nav2_rate_controller_bt_node
[28.944s] [ 28%] [32mBuilding CXX object CMakeFiles/nav2_truncate_path_local_action_bt_node.dir/plugins/action/truncate_path_local_action.cpp.o[0m
[29.505s] [ 28%] [32m[1mLinking CXX shared library libnav2_path_expiring_timer_condition.so[0m
[29.513s] [ 28%] [32m[1mLinking CXX shared library libnav2_time_expired_condition_bt_node.so[0m
[29.889s] [ 28%] Built target nav2_path_expiring_timer_condition
[29.924s] [ 29%] [32mBuilding CXX object CMakeFiles/nav2_goal_updater_node_bt_node.dir/plugins/decorator/goal_updater_node.cpp.o[0m
[30.028s] [ 29%] [32m[1mLinking CXX shared library libnav2_clear_costmap_service_bt_node.so[0m
[30.093s] [ 30%] [32m[1mLinking CXX shared library libnav2_globally_updated_goal_condition_bt_node.so[0m
[30.093s] [ 30%] Built target nav2_time_expired_condition_bt_node
[30.141s] [ 30%] [32mBuilding CXX object CMakeFiles/nav2_path_longer_on_approach_bt_node.dir/plugins/decorator/path_longer_on_approach.cpp.o[0m
[30.645s] [ 30%] Built target nav2_globally_updated_goal_condition_bt_node
[30.699s] [ 30%] [32mBuilding CXX object CMakeFiles/nav2_recovery_node_bt_node.dir/plugins/control/recovery_node.cpp.o[0m
[30.901s] [ 30%] Built target nav2_clear_costmap_service_bt_node
[30.968s] [ 31%] [32mBuilding CXX object CMakeFiles/nav2_navigate_to_pose_action_bt_node.dir/plugins/action/navigate_to_pose_action.cpp.o[0m
[32.379s] [ 31%] [32m[1mLinking CXX shared library libnav2_transform_available_condition_bt_node.so[0m
[32.390s] [ 32%] [32m[1mLinking CXX shared library libnav2_distance_traveled_condition_bt_node.so[0m
[32.524s] [ 33%] [32m[1mLinking CXX shared library libnav2_goal_reached_condition_bt_node.so[0m
[33.069s] [ 33%] Built target nav2_transform_available_condition_bt_node
[33.163s] [ 34%] [32mBuilding CXX object CMakeFiles/nav2_navigate_through_poses_action_bt_node.dir/plugins/action/navigate_through_poses_action.cpp.o[0m
[33.638s] [ 35%] [32m[1mLinking CXX shared library libnav2_recovery_node_bt_node.so[0m
[33.767s] [ 35%] Built target nav2_distance_traveled_condition_bt_node
[33.799s] [ 35%] Built target nav2_goal_reached_condition_bt_node
[33.838s] [ 35%] [32mBuilding CXX object CMakeFiles/nav2_remove_passed_goals_action_bt_node.dir/plugins/action/remove_passed_goals_action.cpp.o[0m
[33.869s] [ 35%] [32mBuilding CXX object CMakeFiles/nav2_get_pose_from_path_action_bt_node.dir/plugins/action/get_pose_from_path_action.cpp.o[0m
[34.021s] [ 35%] Built target nav2_recovery_node_bt_node
[34.082s] [ 35%] [32mBuilding CXX object CMakeFiles/nav2_pipeline_sequence_bt_node.dir/plugins/control/pipeline_sequence.cpp.o[0m
[34.180s] [ 35%] [32m[1mLinking CXX shared library libnav2_is_path_valid_condition_bt_node.so[0m
[34.781s] [ 35%] Built target nav2_is_path_valid_condition_bt_node
[34.800s] [ 36%] [32m[1mLinking CXX shared library libnav2_reinitialize_global_localization_service_bt_node.so[0m
[34.815s] [ 37%] [32m[1mLinking CXX shared library libnav2_distance_controller_bt_node.so[0m
[34.832s] [ 37%] [32mBuilding CXX object CMakeFiles/nav2_round_robin_node_bt_node.dir/plugins/control/round_robin_node.cpp.o[0m
[34.888s] [ 37%] [32m[1mLinking CXX shared library libnav2_speed_controller_bt_node.so[0m
[35.361s] [ 37%] Built target nav2_reinitialize_global_localization_service_bt_node
[35.442s] [ 37%] [32mBuilding CXX object CMakeFiles/nav2_single_trigger_bt_node.dir/plugins/decorator/single_trigger_node.cpp.o[0m
[35.512s] [ 37%] Built target nav2_speed_controller_bt_node
[35.587s] [ 37%] [32mBuilding CXX object CMakeFiles/nav2_planner_selector_bt_node.dir/plugins/action/planner_selector_node.cpp.o[0m
[35.773s] [ 37%] Built target nav2_distance_controller_bt_node
[35.848s] [ 37%] [32mBuilding CXX object CMakeFiles/nav2_controller_selector_bt_node.dir/plugins/action/controller_selector_node.cpp.o[0m
[36.633s] [ 37%] [32m[1mLinking CXX shared library libnav2_truncate_path_action_bt_node.so[0m
[37.292s] [ 37%] Built target nav2_truncate_path_action_bt_node
[37.374s] [ 38%] [32mBuilding CXX object CMakeFiles/nav2_smoother_selector_bt_node.dir/plugins/action/smoother_selector_node.cpp.o[0m
[37.673s] [ 39%] [32m[1mLinking CXX shared library libnav2_pipeline_sequence_bt_node.so[0m
[37.782s] [ 39%] [32m[1mLinking CXX shared library libnav2_truncate_path_local_action_bt_node.so[0m
[38.083s] [ 39%] Built target nav2_pipeline_sequence_bt_node
[38.160s] [ 39%] [32mBuilding CXX object CMakeFiles/nav2_goal_checker_selector_bt_node.dir/plugins/action/goal_checker_selector_node.cpp.o[0m
[38.453s] [ 40%] [32m[1mLinking CXX shared library libnav2_round_robin_node_bt_node.so[0m
[38.836s] [ 40%] Built target nav2_round_robin_node_bt_node
[38.881s] [ 41%] [32m[1mLinking CXX shared library libnav2_single_trigger_bt_node.so[0m
[38.909s] [ 41%] [32mBuilding CXX object CMakeFiles/nav2_progress_checker_selector_bt_node.dir/plugins/action/progress_checker_selector_node.cpp.o[0m
[39.410s] [ 41%] Built target nav2_single_trigger_bt_node
[39.470s] [ 42%] [32mBuilding CXX object CMakeFiles/nav2_goal_updated_controller_bt_node.dir/plugins/decorator/goal_updated_controller.cpp.o[0m
[39.734s] [ 43%] [32m[1mLinking CXX shared library libnav2_path_longer_on_approach_bt_node.so[0m
[40.339s] [ 43%] Built target nav2_path_longer_on_approach_bt_node
[40.348s] [ 43%] Built target nav2_truncate_path_local_action_bt_node
[40.418s] [ 44%] [32mBuilding CXX object gtest/CMakeFiles/gtest_main.dir/src/gtest_main.cc.o[0m
[40.432s] [ 44%] [32mBuilding CXX object gtest/CMakeFiles/gtest.dir/src/gtest-all.cc.o[0m
[41.799s] [ 44%] [32m[1mLinking CXX shared library libnav2_is_stuck_condition_bt_node.so[0m
[44.139s] [ 44%] Built target nav2_is_stuck_condition_bt_node
[44.357s] [ 44%] [32m[1mLinking CXX static library libgtest_main.a[0m
[44.454s] [ 44%] Built target gtest_main
[45.015s] [ 44%] [32m[1mLinking CXX shared library libnav2_is_battery_charging_condition_bt_node.so[0m
[45.309s] [ 44%] [32m[1mLinking CXX shared library libnav2_navigate_to_pose_action_bt_node.so[0m
[45.820s] [ 45%] [32m[1mLinking CXX shared library libnav2_get_pose_from_path_action_bt_node.so[0m
[46.077s] [ 45%] Built target nav2_navigate_to_pose_action_bt_node
[46.497s] [ 45%] Built target nav2_get_pose_from_path_action_bt_node
[46.526s] [ 45%] Built target nav2_is_battery_charging_condition_bt_node
[46.833s] [ 45%] [32m[1mLinking CXX shared library libnav2_navigate_through_poses_action_bt_node.so[0m
[47.666s] [ 46%] [32m[1mLinking CXX shared library libnav2_remove_passed_goals_action_bt_node.so[0m
[47.683s] [ 46%] [32m[1mLinking CXX shared library libnav2_goal_updater_node_bt_node.so[0m
[47.863s] [ 46%] Built target nav2_navigate_through_poses_action_bt_node
[48.467s] [ 46%] [32m[1mLinking CXX shared library libnav2_goal_updated_controller_bt_node.so[0m
[48.909s] [ 46%] Built target nav2_goal_updated_controller_bt_node
[49.148s] [ 46%] Built target nav2_remove_passed_goals_action_bt_node
[49.228s] [ 46%] [32m[1mLinking CXX shared library libnav2_is_battery_low_condition_bt_node.so[0m
[49.530s] [ 46%] Built target nav2_goal_updater_node_bt_node
[49.956s] [ 46%] [32m[1mLinking CXX static library libgtest.a[0m
[50.024s] [ 46%] Built target gtest
[50.071s] [ 46%] [32mBuilding CXX object test/plugins/condition/CMakeFiles/test_condition_path_expiring_timer.dir/test_path_expiring_timer.cpp.o[0m
[50.082s] [ 46%] [32mBuilding CXX object test/plugins/condition/CMakeFiles/test_condition_distance_traveled.dir/test_distance_traveled.cpp.o[0m
[50.090s] [ 46%] [32mBuilding CXX object test/plugins/condition/CMakeFiles/test_condition_time_expired.dir/test_time_expired.cpp.o[0m
[50.091s] [ 47%] [32mBuilding CXX object test/CMakeFiles/test_bt_conversions.dir/test_bt_conversions.cpp.o[0m
[50.345s] [ 47%] Built target nav2_is_battery_low_condition_bt_node
[50.410s] [ 47%] [32mBuilding CXX object test/plugins/condition/CMakeFiles/test_condition_is_stuck.dir/test_is_stuck.cpp.o[0m
[51.460s] [ 47%] [32mBuilding CXX object test/plugins/condition/CMakeFiles/test_condition_is_battery_charging.dir/test_is_battery_charging.cpp.o[0m
[51.468s] [ 48%] [32mBuilding CXX object test/plugins/condition/CMakeFiles/test_condition_transform_available.dir/test_transform_available.cpp.o[0m
[51.483s] [ 48%] [32mBuilding CXX object test/plugins/condition/CMakeFiles/test_condition_goal_updated.dir/test_goal_updated.cpp.o[0m
[51.483s] [ 48%] [32mBuilding CXX object test/plugins/condition/CMakeFiles/test_condition_globally_updated_goal.dir/test_globally_updated_goal.cpp.o[0m
[51.483s] [ 48%] [32mBuilding CXX object test/plugins/condition/CMakeFiles/test_condition_initial_pose_received.dir/test_initial_pose_received.cpp.o[0m
[53.529s] [ 48%] [32mBuilding CXX object test/plugins/condition/CMakeFiles/test_condition_goal_reached.dir/test_goal_reached.cpp.o[0m
[56.942s] [ 48%] [32m[1mLinking CXX executable test_bt_conversions[0m
[57.981s] [ 48%] Built target test_bt_conversions
[58.631s] [ 49%] [32m[1mLinking CXX shared library libnav2_planner_selector_bt_node.so[0m
[60.176s] [ 49%] Built target nav2_planner_selector_bt_node
[60.717s] [ 50%] [32m[1mLinking CXX shared library libnav2_controller_selector_bt_node.so[0m
[61.602s] [ 51%] [32m[1mLinking CXX shared library libnav2_goal_checker_selector_bt_node.so[0m
[62.261s] [ 51%] Built target nav2_controller_selector_bt_node
[62.749s] [ 51%] [32m[1mLinking CXX shared library libnav2_smoother_selector_bt_node.so[0m
[62.761s] [ 52%] [32m[1mLinking CXX shared library libnav2_progress_checker_selector_bt_node.so[0m
[62.953s] [ 52%] Built target nav2_goal_checker_selector_bt_node
[64.300s] [ 53%] [32m[1mLinking CXX executable test_condition_is_stuck[0m
[64.423s] [ 53%] Built target nav2_smoother_selector_bt_node
[64.436s] [ 54%] [32m[1mLinking CXX executable test_condition_globally_updated_goal[0m
[64.460s] [ 54%] Built target nav2_progress_checker_selector_bt_node
[64.837s] [ 55%] [32m[1mLinking CXX executable test_condition_is_battery_charging[0m
[65.034s] [ 55%] [32m[1mLinking CXX executable test_condition_time_expired[0m
[65.153s] [ 56%] [32m[1mLinking CXX executable test_condition_path_expiring_timer[0m
[65.929s] [ 57%] [32m[1mLinking CXX executable test_condition_initial_pose_received[0m
[65.938s] [ 58%] [32m[1mLinking CXX executable test_condition_goal_reached[0m
[66.071s] [ 58%] Built target test_condition_is_stuck
[66.143s] [ 58%] Built target test_condition_globally_updated_goal
[66.224s] [ 59%] [32m[1mLinking CXX executable test_condition_distance_traveled[0m
[66.835s] [ 59%] Built target test_condition_is_battery_charging
[67.174s] [ 59%] Built target test_condition_path_expiring_timer
[67.499s] [ 59%] Built target test_condition_time_expired
[67.668s] [ 59%] [32m[1mLinking CXX executable test_condition_transform_available[0m
[67.688s] [ 59%] Built target test_condition_goal_reached
[67.708s] [ 59%] Built target test_condition_initial_pose_received
[67.831s] [ 59%] Built target test_condition_distance_traveled
[68.059s] [ 60%] [32m[1mLinking CXX executable test_condition_goal_updated[0m
[68.397s] [ 60%] Built target test_condition_transform_available
[68.782s] [ 60%] Built target test_condition_goal_updated
[68.807s] [ 60%] [32mBuilding CXX object test/plugins/action/CMakeFiles/test_action_back_up_action.dir/test_back_up_action.cpp.o[0m
[72.826s] [ 61%] [32mBuilding CXX object test/plugins/action/CMakeFiles/test_action_spin_action.dir/test_spin_action.cpp.o[0m
[72.830s] [ 62%] [32mBuilding CXX object test/plugins/action/CMakeFiles/test_action_drive_on_heading.dir/test_drive_on_heading_action.cpp.o[0m
[72.830s] [ 62%] [32mBuilding CXX object test/plugins/action/CMakeFiles/test_bt_action_node.dir/test_bt_action_node.cpp.o[0m
[73.849s] [ 63%] [32mBuilding CXX object test/plugins/control/CMakeFiles/test_control_pipeline_sequence.dir/test_pipeline_sequence.cpp.o[0m
[73.857s] [ 64%] [32mBuilding CXX object test/plugins/control/CMakeFiles/test_control_round_robin_node.dir/test_round_robin_node.cpp.o[0m
[74.401s] [ 65%] [32m[1mLinking CXX executable test_action_back_up_action[0m
[74.880s] [ 67%] [32mBuilding CXX object test/plugins/decorator/CMakeFiles/test_decorator_path_longer_on_approach.dir/test_path_longer_on_approach.cpp.o[0m
[74.880s] [ 67%] [32mBuilding CXX object test/plugins/control/CMakeFiles/test_control_recovery_node.dir/test_recovery_node.cpp.o[0m
[74.978s] [ 67%] Built target test_action_back_up_action
[75.011s] [ 67%] [32mBuilding CXX object test/plugins/decorator/CMakeFiles/test_goal_updated_controller.dir/test_goal_updated_controller.cpp.o[0m
[76.057s] [ 67%] [32mBuilding CXX object test/plugins/decorator/CMakeFiles/test_single_trigger_node.dir/test_single_trigger_node.cpp.o[0m
[76.072s] [ 68%] [32mBuilding CXX object test/plugins/action/CMakeFiles/test_action_wait_action.dir/test_wait_action.cpp.o[0m
[77.054s] [ 69%] [32mBuilding CXX object test/plugins/decorator/CMakeFiles/test_decorator_rate_controller.dir/test_rate_controller.cpp.o[0m
[77.073s] [ 69%] [32mBuilding CXX object test/plugins/decorator/CMakeFiles/test_goal_updater_node.dir/test_goal_updater_node.cpp.o[0m
[78.124s] [ 70%] [32mBuilding CXX object test/plugins/decorator/CMakeFiles/test_decorator_speed_controller.dir/test_speed_controller.cpp.o[0m
[79.160s] [ 71%] [32mBuilding CXX object test/plugins/decorator/CMakeFiles/test_decorator_distance_controller.dir/test_distance_controller.cpp.o[0m
[80.204s] [ 71%] [32mBuilding CXX object test/plugins/condition/CMakeFiles/test_condition_is_path_valid.dir/test_is_path_valid.cpp.o[0m
[81.238s] [ 71%] [32mBuilding CXX object test/plugins/condition/CMakeFiles/test_condition_is_battery_low.dir/test_is_battery_low.cpp.o[0m
[82.598s] [ 72%] [32m[1mLinking CXX executable test_action_drive_on_heading[0m
[83.885s] [ 72%] Built target test_action_drive_on_heading
[85.698s] [ 72%] [32m[1mLinking CXX executable test_action_spin_action[0m
[85.991s] [ 72%] [32m[1mLinking CXX executable test_decorator_path_longer_on_approach[0m
[86.824s] [ 72%] [32m[1mLinking CXX executable test_control_round_robin_node[0m
[86.889s] [ 72%] Built target test_decorator_path_longer_on_approach
[87.003s] [ 72%] Built target test_action_spin_action
[87.254s] [ 72%] [32m[1mLinking CXX executable test_control_pipeline_sequence[0m
[87.473s] [ 72%] [32m[1mLinking CXX executable test_control_recovery_node[0m
[87.920s] [ 73%] [32m[1mLinking CXX executable test_single_trigger_node[0m
[88.651s] [ 74%] [32m[1mLinking CXX executable test_goal_updated_controller[0m
[88.928s] [ 74%] Built target test_control_pipeline_sequence
[88.986s] [ 74%] Built target test_control_round_robin_node
[89.043s] [ 75%] [32m[1mLinking CXX executable test_goal_updater_node[0m
[89.056s] [ 75%] [32m[1mLinking CXX executable test_action_wait_action[0m
[89.235s] [ 75%] Built target test_control_recovery_node
[89.546s] [ 75%] [32m[1mLinking CXX executable test_bt_action_node[0m
[89.643s] [ 75%] Built target test_single_trigger_node
[89.854s] [ 75%] Built target test_action_wait_action
[89.913s] [ 75%] Built target test_goal_updated_controller
[90.001s] [ 75%] Built target test_goal_updater_node
[90.256s] [ 75%] Built target test_bt_action_node
[90.937s] [ 75%] [32m[1mLinking CXX executable test_decorator_rate_controller[0m
[91.693s] [ 75%] Built target test_decorator_rate_controller
[92.322s] [ 76%] [32m[1mLinking CXX executable test_condition_is_battery_low[0m
[92.333s] [ 77%] [32m[1mLinking CXX executable test_condition_is_path_valid[0m
[92.724s] [ 78%] [32mBuilding CXX object test/plugins/action/CMakeFiles/test_action_smooth_path_action.dir/test_smooth_path_action.cpp.o[0m
[92.724s] [ 78%] [32mBuilding CXX object test/plugins/action/CMakeFiles/test_action_compute_path_through_poses_action.dir/test_compute_path_through_poses_action.cpp.o[0m
[92.791s] [ 78%] [32m[1mLinking CXX executable test_decorator_distance_controller[0m
[92.842s] [ 78%] Built target test_condition_is_battery_low
[92.870s] [ 78%] [32mBuilding CXX object test/plugins/action/CMakeFiles/test_action_compute_path_to_pose_action.dir/test_compute_path_to_pose_action.cpp.o[0m
[92.916s] [ 78%] [32m[1mLinking CXX executable test_decorator_speed_controller[0m
[92.942s] [ 78%] Built target test_condition_is_path_valid
[92.965s] [ 78%] [32mBuilding CXX object test/plugins/action/CMakeFiles/test_action_follow_path_action.dir/test_follow_path_action.cpp.o[0m
[93.567s] [ 78%] Built target test_decorator_speed_controller
[93.584s] [ 79%] [32mBuilding CXX object test/plugins/action/CMakeFiles/test_action_navigate_to_pose_action.dir/test_navigate_to_pose_action.cpp.o[0m
[93.596s] [ 80%] [32mBuilding CXX object test/plugins/action/CMakeFiles/test_action_reinitialize_global_localization_service.dir/test_reinitialize_global_localization_service.cpp.o[0m
[93.852s] [ 80%] Built target test_decorator_distance_controller
[93.883s] [ 81%] [32mBuilding CXX object test/plugins/action/CMakeFiles/test_action_navigate_through_poses_action.dir/test_navigate_through_poses_action.cpp.o[0m
[94.899s] [ 81%] [32mBuilding CXX object test/plugins/action/CMakeFiles/test_action_clear_costmap_service.dir/test_clear_costmap_service.cpp.o[0m
[94.899s] [ 81%] [32mBuilding CXX object test/plugins/action/CMakeFiles/test_truncate_path_action.dir/test_truncate_path_action.cpp.o[0m
[95.917s] [ 81%] [32mBuilding CXX object test/plugins/action/CMakeFiles/test_action_drive_on_heading_cancel_action.dir/test_drive_on_heading_cancel_node.cpp.o[0m
[96.934s] [ 81%] [32mBuilding CXX object test/plugins/action/CMakeFiles/test_action_assisted_teleop_cancel_action.dir/test_assisted_teleop_cancel_node.cpp.o[0m
[96.934s] [ 81%] [32mBuilding CXX object test/plugins/action/CMakeFiles/test_action_back_up_cancel_action.dir/test_back_up_cancel_node.cpp.o[0m
[97.952s] [ 82%] [32mBuilding CXX object test/plugins/action/CMakeFiles/test_action_spin_cancel_action.dir/test_spin_cancel_node.cpp.o[0m
[97.952s] [ 83%] [32mBuilding CXX object test/plugins/action/CMakeFiles/test_action_wait_cancel_action.dir/test_wait_cancel_node.cpp.o[0m
[98.909s] [ 83%] [32m[1mLinking CXX executable test_action_follow_path_action[0m
[99.018s] [ 83%] [32mBuilding CXX object test/plugins/action/CMakeFiles/test_action_controller_cancel_action.dir/test_controller_cancel_node.cpp.o[0m
[99.029s] [ 83%] [32mBuilding CXX object test/plugins/action/CMakeFiles/test_action_assisted_teleop_action.dir/test_assisted_teleop_action.cpp.o[0m
[99.636s] [ 83%] [32m[1mLinking CXX executable test_action_smooth_path_action[0m
[99.756s] [ 83%] Built target test_action_follow_path_action
[99.814s] [ 83%] [32mBuilding CXX object test/plugins/action/CMakeFiles/test_truncate_path_local_action.dir/test_truncate_path_local_action.cpp.o[0m
[100.713s] [ 83%] Built target test_action_smooth_path_action
[100.775s] [ 83%] [32mBuilding CXX object test/plugins/action/CMakeFiles/test_remove_passed_goals_action.dir/test_remove_passed_goals_action.cpp.o[0m
[100.860s] [ 83%] [32m[1mLinking CXX executable test_action_navigate_to_pose_action[0m
[102.052s] [ 83%] [32m[1mLinking CXX executable test_action_reinitialize_global_localization_service[0m
[102.084s] [ 83%] Built target test_action_navigate_to_pose_action
[102.167s] [ 84%] [32mBuilding CXX object test/plugins/action/CMakeFiles/test_get_pose_from_path_action.dir/test_get_pose_from_path_action.cpp.o[0m
[103.081s] [ 84%] Built target test_action_reinitialize_global_localization_service
[103.149s] [ 84%] [32mBuilding CXX object test/plugins/action/CMakeFiles/test_planner_selector_node.dir/test_planner_selector_node.cpp.o[0m
[103.341s] [ 85%] [32m[1mLinking CXX executable test_action_compute_path_to_pose_action[0m
[103.547s] [ 86%] [32m[1mLinking CXX executable test_action_compute_path_through_poses_action[0m
[104.270s] [ 87%] [32m[1mLinking CXX executable test_truncate_path_action[0m
[104.388s] [ 87%] Built target test_action_compute_path_to_pose_action
[104.424s] [ 88%] [32mBuilding CXX object test/plugins/action/CMakeFiles/test_controller_selector_node.dir/test_controller_selector_node.cpp.o[0m
[104.671s] [ 88%] Built target test_action_compute_path_through_poses_action
[104.735s] [ 88%] [32mBuilding CXX object test/plugins/action/CMakeFiles/test_smoother_selector_node.dir/test_smoother_selector_node.cpp.o[0m
[104.937s] [ 88%] [32m[1mLinking CXX executable test_action_navigate_through_poses_action[0m
[105.088s] [ 88%] Built target test_truncate_path_action
[105.133s] [ 88%] [32mBuilding CXX object test/plugins/action/CMakeFiles/test_goal_checker_selector_node.dir/test_goal_checker_selector_node.cpp.o[0m
[106.165s] [ 88%] Built target test_action_navigate_through_poses_action
[106.233s] [ 88%] [32mBuilding CXX object test/plugins/action/CMakeFiles/test_progress_checker_selector_node.dir/test_progress_checker_selector_node.cpp.o[0m
[109.345s] [ 89%] [32m[1mLinking CXX executable test_action_drive_on_heading_cancel_action[0m
[109.977s] [ 90%] [32m[1mLinking CXX executable test_action_clear_costmap_service[0m
[110.415s] [ 91%] [32m[1mLinking CXX executable test_action_assisted_teleop_cancel_action[0m
[110.438s] [ 92%] [32m[1mLinking CXX executable test_action_back_up_cancel_action[0m
[110.921s] [ 92%] [32m[1mLinking CXX executable test_action_spin_cancel_action[0m
[111.221s] [ 92%] Built target test_action_drive_on_heading_cancel_action
[111.502s] [ 92%] Built target test_action_clear_costmap_service
[111.795s] [ 92%] Built target test_action_back_up_cancel_action
[111.924s] [ 92%] Built target test_action_assisted_teleop_cancel_action
[112.061s] [ 92%] [32m[1mLinking CXX executable test_action_wait_cancel_action[0m
[112.173s] [ 92%] Built target test_action_spin_cancel_action
[112.456s] [ 93%] [32m[1mLinking CXX executable test_action_assisted_teleop_action[0m
[112.719s] [ 94%] [32m[1mLinking CXX executable test_action_controller_cancel_action[0m
[112.904s] [ 94%] Built target test_action_wait_cancel_action
[113.204s] [ 94%] Built target test_action_assisted_teleop_action
[113.446s] [ 94%] Built target test_action_controller_cancel_action
[113.981s] [ 95%] [32m[1mLinking CXX executable test_remove_passed_goals_action[0m
[114.049s] [ 96%] [32m[1mLinking CXX executable test_planner_selector_node[0m
[114.762s] [ 97%] [32m[1mLinking CXX executable test_truncate_path_local_action[0m
[114.790s] [ 97%] Built target test_remove_passed_goals_action
[114.849s] [ 97%] Built target test_planner_selector_node
[115.361s] [ 97%] [32m[1mLinking CXX executable test_get_pose_from_path_action[0m
[115.761s] [ 98%] [32m[1mLinking CXX executable test_goal_checker_selector_node[0m
[115.867s] [ 99%] [32m[1mLinking CXX executable test_smoother_selector_node[0m
[116.042s] [ 99%] Built target test_get_pose_from_path_action
[116.170s] [ 99%] Built target test_truncate_path_local_action
[116.583s] [ 99%] Built target test_smoother_selector_node
[116.880s] [ 99%] Built target test_goal_checker_selector_node
[117.357s] [ 99%] [32m[1mLinking CXX executable test_controller_selector_node[0m
[117.743s] [100%] [32m[1mLinking CXX executable test_progress_checker_selector_node[0m
[117.888s] [100%] Built target test_controller_selector_node
[118.517s] [100%] Built target test_progress_checker_selector_node
[118.534s] Invoked command in '/home/pierres/COURS/slamnav/build/nav2_behavior_tree' returned '0': AMENT_PREFIX_PATH=/home/pierres/COURS/slamnav/install/nav2_util:/home/pierres/COURS/slamnav/install/nav2_msgs:/home/pierres/COURS/slamnav/install/nav2_common:${AMENT_PREFIX_PATH} CMAKE_PREFIX_PATH=/home/pierres/COURS/slamnav/install/nav2_util:/home/pierres/COURS/slamnav/install/nav2_msgs:/home/pierres/COURS/slamnav/install/nav2_common:/home/pierres/COURS/slamnav/install/slam_toolbox:/opt/ros/humble:/home/pierres/COURS/slamnav/install/slamnav_turtlebot LD_LIBRARY_PATH=/home/pierres/COURS/slamnav/install/nav2_util/lib:/home/pierres/COURS/slamnav/install/nav2_msgs/lib:${LD_LIBRARY_PATH} PYTHONPATH=/home/pierres/COURS/slamnav/install/nav2_msgs/local/lib/python3.10/dist-packages:/home/pierres/COURS/slamnav/install/nav2_common/local/lib/python3.10/dist-packages:${PYTHONPATH} /usr/bin/cmake --build /home/pierres/COURS/slamnav/build/nav2_behavior_tree -- -j16 -l16
[118.760s] Invoking command in '/home/pierres/COURS/slamnav/build/nav2_behavior_tree': AMENT_PREFIX_PATH=/home/pierres/COURS/slamnav/install/nav2_util:/home/pierres/COURS/slamnav/install/nav2_msgs:/home/pierres/COURS/slamnav/install/nav2_common:${AMENT_PREFIX_PATH} CMAKE_PREFIX_PATH=/home/pierres/COURS/slamnav/install/nav2_util:/home/pierres/COURS/slamnav/install/nav2_msgs:/home/pierres/COURS/slamnav/install/nav2_common:/home/pierres/COURS/slamnav/install/slam_toolbox:/opt/ros/humble:/home/pierres/COURS/slamnav/install/slamnav_turtlebot LD_LIBRARY_PATH=/home/pierres/COURS/slamnav/install/nav2_util/lib:/home/pierres/COURS/slamnav/install/nav2_msgs/lib:${LD_LIBRARY_PATH} PYTHONPATH=/home/pierres/COURS/slamnav/install/nav2_msgs/local/lib/python3.10/dist-packages:/home/pierres/COURS/slamnav/install/nav2_common/local/lib/python3.10/dist-packages:${PYTHONPATH} /usr/bin/cmake --install /home/pierres/COURS/slamnav/build/nav2_behavior_tree
[118.769s] -- Install configuration: "Humble"
[118.770s] -- Execute custom install script
[118.771s] -- Symlinking: /home/pierres/COURS/slamnav/install/nav2_behavior_tree/lib/libnav2_behavior_tree.so
[118.782s] -- Symlinking: /home/pierres/COURS/slamnav/install/nav2_behavior_tree/lib/libnav2_compute_path_to_pose_action_bt_node.so
[118.794s] -- Symlinking: /home/pierres/COURS/slamnav/install/nav2_behavior_tree/lib/libnav2_compute_path_through_poses_action_bt_node.so
[118.806s] -- Symlinking: /home/pierres/COURS/slamnav/install/nav2_behavior_tree/lib/libnav2_controller_cancel_bt_node.so
[118.817s] -- Symlinking: /home/pierres/COURS/slamnav/install/nav2_behavior_tree/lib/libnav2_wait_cancel_bt_node.so
[118.829s] -- Symlinking: /home/pierres/COURS/slamnav/install/nav2_behavior_tree/lib/libnav2_spin_cancel_bt_node.so
[118.840s] -- Symlinking: /home/pierres/COURS/slamnav/install/nav2_behavior_tree/lib/libnav2_back_up_cancel_bt_node.so
[118.852s] -- Symlinking: /home/pierres/COURS/slamnav/install/nav2_behavior_tree/lib/libnav2_assisted_teleop_cancel_bt_node.so
[118.863s] -- Symlinking: /home/pierres/COURS/slamnav/install/nav2_behavior_tree/lib/libnav2_drive_on_heading_cancel_bt_node.so
[118.875s] -- Symlinking: /home/pierres/COURS/slamnav/install/nav2_behavior_tree/lib/libnav2_smooth_path_action_bt_node.so
[118.887s] -- Symlinking: /home/pierres/COURS/slamnav/install/nav2_behavior_tree/lib/libnav2_follow_path_action_bt_node.so
[118.898s] -- Symlinking: /home/pierres/COURS/slamnav/install/nav2_behavior_tree/lib/libnav2_back_up_action_bt_node.so
[118.910s] -- Symlinking: /home/pierres/COURS/slamnav/install/nav2_behavior_tree/lib/libnav2_drive_on_heading_bt_node.so
[118.921s] -- Symlinking: /home/pierres/COURS/slamnav/install/nav2_behavior_tree/lib/libnav2_spin_action_bt_node.so
[118.932s] -- Symlinking: /home/pierres/COURS/slamnav/install/nav2_behavior_tree/lib/libnav2_wait_action_bt_node.so
[118.944s] -- Symlinking: /home/pierres/COURS/slamnav/install/nav2_behavior_tree/lib/libnav2_assisted_teleop_action_bt_node.so
[118.955s] -- Symlinking: /home/pierres/COURS/slamnav/install/nav2_behavior_tree/lib/libnav2_clear_costmap_service_bt_node.so
[118.966s] -- Symlinking: /home/pierres/COURS/slamnav/install/nav2_behavior_tree/lib/libnav2_is_stuck_condition_bt_node.so
[118.978s] -- Symlinking: /home/pierres/COURS/slamnav/install/nav2_behavior_tree/lib/libnav2_transform_available_condition_bt_node.so
[118.989s] -- Symlinking: /home/pierres/COURS/slamnav/install/nav2_behavior_tree/lib/libnav2_goal_reached_condition_bt_node.so
[119.001s] -- Symlinking: /home/pierres/COURS/slamnav/install/nav2_behavior_tree/lib/libnav2_globally_updated_goal_condition_bt_node.so
[119.012s] -- Symlinking: /home/pierres/COURS/slamnav/install/nav2_behavior_tree/lib/libnav2_goal_updated_condition_bt_node.so
[119.023s] -- Symlinking: /home/pierres/COURS/slamnav/install/nav2_behavior_tree/lib/libnav2_is_path_valid_condition_bt_node.so
[119.035s] -- Symlinking: /home/pierres/COURS/slamnav/install/nav2_behavior_tree/lib/libnav2_time_expired_condition_bt_node.so
[119.046s] -- Symlinking: /home/pierres/COURS/slamnav/install/nav2_behavior_tree/lib/libnav2_path_expiring_timer_condition.so
[119.058s] -- Symlinking: /home/pierres/COURS/slamnav/install/nav2_behavior_tree/lib/libnav2_distance_traveled_condition_bt_node.so
[119.069s] -- Symlinking: /home/pierres/COURS/slamnav/install/nav2_behavior_tree/lib/libnav2_initial_pose_received_condition_bt_node.so
[119.080s] -- Symlinking: /home/pierres/COURS/slamnav/install/nav2_behavior_tree/lib/libnav2_is_battery_charging_condition_bt_node.so
[119.093s] -- Symlinking: /home/pierres/COURS/slamnav/install/nav2_behavior_tree/lib/libnav2_is_battery_low_condition_bt_node.so
[119.101s] -- Symlinking: /home/pierres/COURS/slamnav/install/nav2_behavior_tree/lib/libnav2_reinitialize_global_localization_service_bt_node.so
[119.109s] -- Symlinking: /home/pierres/COURS/slamnav/install/nav2_behavior_tree/lib/libnav2_rate_controller_bt_node.so
[119.118s] -- Symlinking: /home/pierres/COURS/slamnav/install/nav2_behavior_tree/lib/libnav2_distance_controller_bt_node.so
[119.126s] -- Symlinking: /home/pierres/COURS/slamnav/install/nav2_behavior_tree/lib/libnav2_speed_controller_bt_node.so
[119.138s] -- Symlinking: /home/pierres/COURS/slamnav/install/nav2_behavior_tree/lib/libnav2_truncate_path_action_bt_node.so
[119.146s] -- Symlinking: /home/pierres/COURS/slamnav/install/nav2_behavior_tree/lib/libnav2_truncate_path_local_action_bt_node.so
[119.158s] -- Symlinking: /home/pierres/COURS/slamnav/install/nav2_behavior_tree/lib/libnav2_goal_updater_node_bt_node.so
[119.166s] -- Symlinking: /home/pierres/COURS/slamnav/install/nav2_behavior_tree/lib/libnav2_path_longer_on_approach_bt_node.so
[119.178s] -- Symlinking: /home/pierres/COURS/slamnav/install/nav2_behavior_tree/lib/libnav2_recovery_node_bt_node.so
[119.190s] -- Symlinking: /home/pierres/COURS/slamnav/install/nav2_behavior_tree/lib/libnav2_navigate_to_pose_action_bt_node.so
[119.202s] -- Symlinking: /home/pierres/COURS/slamnav/install/nav2_behavior_tree/lib/libnav2_navigate_through_poses_action_bt_node.so
[119.213s] -- Symlinking: /home/pierres/COURS/slamnav/install/nav2_behavior_tree/lib/libnav2_remove_passed_goals_action_bt_node.so
[119.225s] -- Symlinking: /home/pierres/COURS/slamnav/install/nav2_behavior_tree/lib/libnav2_get_pose_from_path_action_bt_node.so
[119.236s] -- Symlinking: /home/pierres/COURS/slamnav/install/nav2_behavior_tree/lib/libnav2_pipeline_sequence_bt_node.so
[119.248s] -- Symlinking: /home/pierres/COURS/slamnav/install/nav2_behavior_tree/lib/libnav2_round_robin_node_bt_node.so
[119.260s] -- Symlinking: /home/pierres/COURS/slamnav/install/nav2_behavior_tree/lib/libnav2_single_trigger_bt_node.so
[119.272s] -- Symlinking: /home/pierres/COURS/slamnav/install/nav2_behavior_tree/lib/libnav2_planner_selector_bt_node.so
[119.284s] -- Symlinking: /home/pierres/COURS/slamnav/install/nav2_behavior_tree/lib/libnav2_controller_selector_bt_node.so
[119.297s] -- Symlinking: /home/pierres/COURS/slamnav/install/nav2_behavior_tree/lib/libnav2_smoother_selector_bt_node.so
[119.309s] -- Symlinking: /home/pierres/COURS/slamnav/install/nav2_behavior_tree/lib/libnav2_goal_checker_selector_bt_node.so
[119.321s] -- Symlinking: /home/pierres/COURS/slamnav/install/nav2_behavior_tree/lib/libnav2_progress_checker_selector_bt_node.so
[119.333s] -- Symlinking: /home/pierres/COURS/slamnav/install/nav2_behavior_tree/lib/libnav2_goal_updated_controller_bt_node.so
[119.346s] -- Symlinking: /home/pierres/COURS/slamnav/install/nav2_behavior_tree/include//nav2_behavior_tree/behavior_tree_engine.hpp
[119.358s] -- Symlinking: /home/pierres/COURS/slamnav/install/nav2_behavior_tree/include//nav2_behavior_tree/bt_action_node.hpp
[119.370s] -- Symlinking: /home/pierres/COURS/slamnav/install/nav2_behavior_tree/include//nav2_behavior_tree/bt_action_server.hpp
[119.382s] -- Symlinking: /home/pierres/COURS/slamnav/install/nav2_behavior_tree/include//nav2_behavior_tree/bt_action_server_impl.hpp
[119.393s] -- Symlinking: /home/pierres/COURS/slamnav/install/nav2_behavior_tree/include//nav2_behavior_tree/bt_cancel_action_node.hpp
[119.405s] -- Symlinking: /home/pierres/COURS/slamnav/install/nav2_behavior_tree/include//nav2_behavior_tree/bt_conversions.hpp
[119.417s] -- Symlinking: /home/pierres/COURS/slamnav/install/nav2_behavior_tree/include//nav2_behavior_tree/bt_service_node.hpp
[119.429s] -- Symlinking: /home/pierres/COURS/slamnav/install/nav2_behavior_tree/include//nav2_behavior_tree/plugins/action/assisted_teleop_action.hpp
[119.441s] -- Symlinking: /home/pierres/COURS/slamnav/install/nav2_behavior_tree/include//nav2_behavior_tree/plugins/action/assisted_teleop_cancel_node.hpp
[119.453s] -- Symlinking: /home/pierres/COURS/slamnav/install/nav2_behavior_tree/include//nav2_behavior_tree/plugins/action/back_up_action.hpp
[119.465s] -- Symlinking: /home/pierres/COURS/slamnav/install/nav2_behavior_tree/include//nav2_behavior_tree/plugins/action/back_up_cancel_node.hpp
[119.476s] -- Symlinking: /home/pierres/COURS/slamnav/install/nav2_behavior_tree/include//nav2_behavior_tree/plugins/action/clear_costmap_service.hpp
[119.488s] -- Symlinking: /home/pierres/COURS/slamnav/install/nav2_behavior_tree/include//nav2_behavior_tree/plugins/action/compute_path_through_poses_action.hpp
[119.501s] -- Symlinking: /home/pierres/COURS/slamnav/install/nav2_behavior_tree/include//nav2_behavior_tree/plugins/action/compute_path_to_pose_action.hpp
[119.515s] -- Symlinking: /home/pierres/COURS/slamnav/install/nav2_behavior_tree/include//nav2_behavior_tree/plugins/action/controller_cancel_node.hpp
[119.528s] -- Symlinking: /home/pierres/COURS/slamnav/install/nav2_behavior_tree/include//nav2_behavior_tree/plugins/action/controller_selector_node.hpp
[119.542s] -- Symlinking: /home/pierres/COURS/slamnav/install/nav2_behavior_tree/include//nav2_behavior_tree/plugins/action/drive_on_heading_action.hpp
[119.555s] -- Symlinking: /home/pierres/COURS/slamnav/install/nav2_behavior_tree/include//nav2_behavior_tree/plugins/action/drive_on_heading_cancel_node.hpp
[119.567s] -- Symlinking: /home/pierres/COURS/slamnav/install/nav2_behavior_tree/include//nav2_behavior_tree/plugins/action/follow_path_action.hpp
[119.580s] -- Symlinking: /home/pierres/COURS/slamnav/install/nav2_behavior_tree/include//nav2_behavior_tree/plugins/action/get_pose_from_path_action.hpp
[119.593s] -- Symlinking: /home/pierres/COURS/slamnav/install/nav2_behavior_tree/include//nav2_behavior_tree/plugins/action/goal_checker_selector_node.hpp
[119.606s] -- Symlinking: /home/pierres/COURS/slamnav/install/nav2_behavior_tree/include//nav2_behavior_tree/plugins/action/navigate_through_poses_action.hpp
[119.619s] -- Symlinking: /home/pierres/COURS/slamnav/install/nav2_behavior_tree/include//nav2_behavior_tree/plugins/action/navigate_to_pose_action.hpp
[119.632s] -- Symlinking: /home/pierres/COURS/slamnav/install/nav2_behavior_tree/include//nav2_behavior_tree/plugins/action/planner_selector_node.hpp
[119.645s] -- Symlinking: /home/pierres/COURS/slamnav/install/nav2_behavior_tree/include//nav2_behavior_tree/plugins/action/progress_checker_selector_node.hpp
[119.658s] -- Symlinking: /home/pierres/COURS/slamnav/install/nav2_behavior_tree/include//nav2_behavior_tree/plugins/action/reinitialize_global_localization_service.hpp
[119.671s] -- Symlinking: /home/pierres/COURS/slamnav/install/nav2_behavior_tree/include//nav2_behavior_tree/plugins/action/remove_passed_goals_action.hpp
[119.683s] -- Symlinking: /home/pierres/COURS/slamnav/install/nav2_behavior_tree/include//nav2_behavior_tree/plugins/action/smooth_path_action.hpp
[119.696s] -- Symlinking: /home/pierres/COURS/slamnav/install/nav2_behavior_tree/include//nav2_behavior_tree/plugins/action/smoother_selector_node.hpp
[119.705s] -- Symlinking: /home/pierres/COURS/slamnav/install/nav2_behavior_tree/include//nav2_behavior_tree/plugins/action/spin_action.hpp
[119.713s] -- Symlinking: /home/pierres/COURS/slamnav/install/nav2_behavior_tree/include//nav2_behavior_tree/plugins/action/spin_cancel_node.hpp
[119.721s] -- Symlinking: /home/pierres/COURS/slamnav/install/nav2_behavior_tree/include//nav2_behavior_tree/plugins/action/truncate_path_action.hpp
[119.734s] -- Symlinking: /home/pierres/COURS/slamnav/install/nav2_behavior_tree/include//nav2_behavior_tree/plugins/action/truncate_path_local_action.hpp
[119.747s] -- Symlinking: /home/pierres/COURS/slamnav/install/nav2_behavior_tree/include//nav2_behavior_tree/plugins/action/wait_action.hpp
[119.760s] -- Symlinking: /home/pierres/COURS/slamnav/install/nav2_behavior_tree/include//nav2_behavior_tree/plugins/action/wait_cancel_node.hpp
[119.772s] -- Symlinking: /home/pierres/COURS/slamnav/install/nav2_behavior_tree/include//nav2_behavior_tree/plugins/condition/distance_traveled_condition.hpp
[119.785s] -- Symlinking: /home/pierres/COURS/slamnav/install/nav2_behavior_tree/include//nav2_behavior_tree/plugins/condition/globally_updated_goal_condition.hpp
[119.798s] -- Symlinking: /home/pierres/COURS/slamnav/install/nav2_behavior_tree/include//nav2_behavior_tree/plugins/condition/goal_reached_condition.hpp
[119.811s] -- Symlinking: /home/pierres/COURS/slamnav/install/nav2_behavior_tree/include//nav2_behavior_tree/plugins/condition/goal_updated_condition.hpp
[119.823s] -- Symlinking: /home/pierres/COURS/slamnav/install/nav2_behavior_tree/include//nav2_behavior_tree/plugins/condition/initial_pose_received_condition.hpp
[119.836s] -- Symlinking: /home/pierres/COURS/slamnav/install/nav2_behavior_tree/include//nav2_behavior_tree/plugins/condition/is_battery_charging_condition.hpp
[119.851s] -- Symlinking: /home/pierres/COURS/slamnav/install/nav2_behavior_tree/include//nav2_behavior_tree/plugins/condition/is_battery_low_condition.hpp
[119.867s] -- Symlinking: /home/pierres/COURS/slamnav/install/nav2_behavior_tree/include//nav2_behavior_tree/plugins/condition/is_path_valid_condition.hpp
[119.880s] -- Symlinking: /home/pierres/COURS/slamnav/install/nav2_behavior_tree/include//nav2_behavior_tree/plugins/condition/is_stuck_condition.hpp
[119.895s] -- Symlinking: /home/pierres/COURS/slamnav/install/nav2_behavior_tree/include//nav2_behavior_tree/plugins/condition/path_expiring_timer_condition.hpp
[119.904s] -- Symlinking: /home/pierres/COURS/slamnav/install/nav2_behavior_tree/include//nav2_behavior_tree/plugins/condition/time_expired_condition.hpp
[119.914s] -- Symlinking: /home/pierres/COURS/slamnav/install/nav2_behavior_tree/include//nav2_behavior_tree/plugins/condition/transform_available_condition.hpp
[119.924s] -- Symlinking: /home/pierres/COURS/slamnav/install/nav2_behavior_tree/include//nav2_behavior_tree/plugins/control/pipeline_sequence.hpp
[119.934s] -- Symlinking: /home/pierres/COURS/slamnav/install/nav2_behavior_tree/include//nav2_behavior_tree/plugins/control/recovery_node.hpp
[119.942s] -- Symlinking: /home/pierres/COURS/slamnav/install/nav2_behavior_tree/include//nav2_behavior_tree/plugins/control/round_robin_node.hpp
[119.951s] -- Symlinking: /home/pierres/COURS/slamnav/install/nav2_behavior_tree/include//nav2_behavior_tree/plugins/decorator/distance_controller.hpp
[119.959s] -- Symlinking: /home/pierres/COURS/slamnav/install/nav2_behavior_tree/include//nav2_behavior_tree/plugins/decorator/goal_updated_controller.hpp
[119.968s] -- Symlinking: /home/pierres/COURS/slamnav/install/nav2_behavior_tree/include//nav2_behavior_tree/plugins/decorator/goal_updater_node.hpp
[119.977s] -- Symlinking: /home/pierres/COURS/slamnav/install/nav2_behavior_tree/include//nav2_behavior_tree/plugins/decorator/path_longer_on_approach.hpp
[119.986s] -- Symlinking: /home/pierres/COURS/slamnav/install/nav2_behavior_tree/include//nav2_behavior_tree/plugins/decorator/rate_controller.hpp
[119.995s] -- Symlinking: /home/pierres/COURS/slamnav/install/nav2_behavior_tree/include//nav2_behavior_tree/plugins/decorator/single_trigger_node.hpp
[120.003s] -- Symlinking: /home/pierres/COURS/slamnav/install/nav2_behavior_tree/include//nav2_behavior_tree/plugins/decorator/speed_controller.hpp
[120.014s] -- Symlinking: /home/pierres/COURS/slamnav/install/nav2_behavior_tree/include//nav2_behavior_tree/ros_topic_logger.hpp
[120.022s] -- Symlinking: /home/pierres/COURS/slamnav/install/nav2_behavior_tree/share/nav2_behavior_tree/nav2_tree_nodes.xml
[120.031s] -- Symlinking: /home/pierres/COURS/slamnav/install/nav2_behavior_tree/share/nav2_behavior_tree/environment/library_path.sh
[120.040s] -- Symlinking: /home/pierres/COURS/slamnav/install/nav2_behavior_tree/share/nav2_behavior_tree/environment/library_path.dsv
[120.048s] -- Symlinking: /home/pierres/COURS/slamnav/install/nav2_behavior_tree/share/ament_index/resource_index/package_run_dependencies/nav2_behavior_tree
[120.057s] -- Symlinking: /home/pierres/COURS/slamnav/install/nav2_behavior_tree/share/ament_index/resource_index/parent_prefix_path/nav2_behavior_tree
[120.066s] -- Symlinking: /home/pierres/COURS/slamnav/install/nav2_behavior_tree/share/nav2_behavior_tree/environment/ament_prefix_path.sh
[120.074s] -- Symlinking: /home/pierres/COURS/slamnav/install/nav2_behavior_tree/share/nav2_behavior_tree/environment/ament_prefix_path.dsv
[120.087s] -- Symlinking: /home/pierres/COURS/slamnav/install/nav2_behavior_tree/share/nav2_behavior_tree/environment/path.sh
[120.098s] -- Symlinking: /home/pierres/COURS/slamnav/install/nav2_behavior_tree/share/nav2_behavior_tree/environment/path.dsv
[120.108s] -- Symlinking: /home/pierres/COURS/slamnav/install/nav2_behavior_tree/share/nav2_behavior_tree/local_setup.bash
[120.116s] -- Symlinking: /home/pierres/COURS/slamnav/install/nav2_behavior_tree/share/nav2_behavior_tree/local_setup.sh
[120.125s] -- Symlinking: /home/pierres/COURS/slamnav/install/nav2_behavior_tree/share/nav2_behavior_tree/local_setup.zsh
[120.136s] -- Symlinking: /home/pierres/COURS/slamnav/install/nav2_behavior_tree/share/nav2_behavior_tree/local_setup.dsv
[120.149s] -- Symlinking: /home/pierres/COURS/slamnav/install/nav2_behavior_tree/share/nav2_behavior_tree/package.dsv
[120.162s] -- Symlinking: /home/pierres/COURS/slamnav/install/nav2_behavior_tree/share/ament_index/resource_index/packages/nav2_behavior_tree
[120.176s] -- Symlinking: /home/pierres/COURS/slamnav/install/nav2_behavior_tree/share/nav2_behavior_tree/cmake/ament_cmake_export_include_directories-extras.cmake
[120.185s] -- Symlinking: /home/pierres/COURS/slamnav/install/nav2_behavior_tree/share/nav2_behavior_tree/cmake/ament_cmake_export_libraries-extras.cmake
[120.194s] -- Symlinking: /home/pierres/COURS/slamnav/install/nav2_behavior_tree/share/nav2_behavior_tree/cmake/ament_cmake_export_dependencies-extras.cmake
[120.203s] -- Symlinking: /home/pierres/COURS/slamnav/install/nav2_behavior_tree/share/nav2_behavior_tree/cmake/nav2_behavior_treeConfig.cmake
[120.212s] -- Symlinking: /home/pierres/COURS/slamnav/install/nav2_behavior_tree/share/nav2_behavior_tree/cmake/nav2_behavior_treeConfig-version.cmake
[120.220s] -- Symlinking: /home/pierres/COURS/slamnav/install/nav2_behavior_tree/share/nav2_behavior_tree/package.xml
[120.232s] Invoked command in '/home/pierres/COURS/slamnav/build/nav2_behavior_tree' returned '0': AMENT_PREFIX_PATH=/home/pierres/COURS/slamnav/install/nav2_util:/home/pierres/COURS/slamnav/install/nav2_msgs:/home/pierres/COURS/slamnav/install/nav2_common:${AMENT_PREFIX_PATH} CMAKE_PREFIX_PATH=/home/pierres/COURS/slamnav/install/nav2_util:/home/pierres/COURS/slamnav/install/nav2_msgs:/home/pierres/COURS/slamnav/install/nav2_common:/home/pierres/COURS/slamnav/install/slam_toolbox:/opt/ros/humble:/home/pierres/COURS/slamnav/install/slamnav_turtlebot LD_LIBRARY_PATH=/home/pierres/COURS/slamnav/install/nav2_util/lib:/home/pierres/COURS/slamnav/install/nav2_msgs/lib:${LD_LIBRARY_PATH} PYTHONPATH=/home/pierres/COURS/slamnav/install/nav2_msgs/local/lib/python3.10/dist-packages:/home/pierres/COURS/slamnav/install/nav2_common/local/lib/python3.10/dist-packages:${PYTHONPATH} /usr/bin/cmake --install /home/pierres/COURS/slamnav/build/nav2_behavior_tree
