[0.009s] Invoking command in '/home/pierres/COURS/slamnav/build/nav2_common': CMAKE_PREFIX_PATH=/opt/ros/humble:/home/pierres/COURS/slamnav/install/slamnav_turtlebot /usr/bin/cmake --build /home/pierres/COURS/slamnav/build/nav2_common -- -j16 -l16
[0.061s] Built target ament_cmake_python_symlink_nav2_common
[0.240s] running egg_info
[0.240s] writing nav2_common.egg-info/PKG-INFO
[0.240s] writing dependency_links to nav2_common.egg-info/dependency_links.txt
[0.240s] writing top-level names to nav2_common.egg-info/top_level.txt
[0.242s] reading manifest file 'nav2_common.egg-info/SOURCES.txt'
[0.242s] writing manifest file 'nav2_common.egg-info/SOURCES.txt'
[0.260s] Built target ament_cmake_python_build_nav2_common_egg
[0.268s] Invoked command in '/home/pierres/COURS/slamnav/build/nav2_common' returned '0': CMAKE_PREFIX_PATH=/opt/ros/humble:/home/pierres/COURS/slamnav/install/slamnav_turtlebot /usr/bin/cmake --build /home/pierres/COURS/slamnav/build/nav2_common -- -j16 -l16
[0.295s] Invoking command in '/home/pierres/COURS/slamnav/build/nav2_common': CMAKE_PREFIX_PATH=/opt/ros/humble:/home/pierres/COURS/slamnav/install/slamnav_turtlebot /usr/bin/cmake --install /home/pierres/COURS/slamnav/build/nav2_common
[0.303s] -- Install configuration: "Humble"
[0.304s] -- Execute custom install script
[0.304s] -- Up-to-date symlink: /home/pierres/COURS/slamnav/install/nav2_common/share/nav2_common/environment/pythonpath.sh
[0.305s] -- Up-to-date symlink: /home/pierres/COURS/slamnav/install/nav2_common/share/nav2_common/environment/pythonpath.dsv
[0.305s] -- Up-to-date symlink: /home/pierres/COURS/slamnav/install/nav2_common/local/lib/python3.10/dist-packages/nav2_common-1.1.16-py3.10.egg-info/PKG-INFO
[0.305s] -- Up-to-date symlink: /home/pierres/COURS/slamnav/install/nav2_common/local/lib/python3.10/dist-packages/nav2_common-1.1.16-py3.10.egg-info/SOURCES.txt
[0.305s] -- Up-to-date symlink: /home/pierres/COURS/slamnav/install/nav2_common/local/lib/python3.10/dist-packages/nav2_common-1.1.16-py3.10.egg-info/dependency_links.txt
[0.305s] -- Up-to-date symlink: /home/pierres/COURS/slamnav/install/nav2_common/local/lib/python3.10/dist-packages/nav2_common-1.1.16-py3.10.egg-info/top_level.txt
[0.306s] -- Up-to-date symlink: /home/pierres/COURS/slamnav/install/nav2_common/local/lib/python3.10/dist-packages/nav2_common/__init__.py
[0.306s] -- Up-to-date symlink: /home/pierres/COURS/slamnav/install/nav2_common/local/lib/python3.10/dist-packages/nav2_common/launch/__init__.py
[0.306s] -- Up-to-date symlink: /home/pierres/COURS/slamnav/install/nav2_common/local/lib/python3.10/dist-packages/nav2_common/launch/has_node_params.py
[0.306s] -- Up-to-date symlink: /home/pierres/COURS/slamnav/install/nav2_common/local/lib/python3.10/dist-packages/nav2_common/launch/parse_multirobot_pose.py
[0.306s] -- Up-to-date symlink: /home/pierres/COURS/slamnav/install/nav2_common/local/lib/python3.10/dist-packages/nav2_common/launch/replace_string.py
[0.307s] -- Up-to-date symlink: /home/pierres/COURS/slamnav/install/nav2_common/local/lib/python3.10/dist-packages/nav2_common/launch/rewritten_yaml.py
[0.307s] -- Up-to-date symlink: /home/pierres/COURS/slamnav/install/nav2_common/share/ament_index/resource_index/package_run_dependencies/nav2_common
[0.307s] -- Up-to-date symlink: /home/pierres/COURS/slamnav/install/nav2_common/share/ament_index/resource_index/parent_prefix_path/nav2_common
[0.307s] -- Up-to-date symlink: /home/pierres/COURS/slamnav/install/nav2_common/share/nav2_common/environment/ament_prefix_path.sh
[0.307s] -- Up-to-date symlink: /home/pierres/COURS/slamnav/install/nav2_common/share/nav2_common/environment/ament_prefix_path.dsv
[0.307s] -- Up-to-date symlink: /home/pierres/COURS/slamnav/install/nav2_common/share/nav2_common/environment/path.sh
[0.307s] -- Up-to-date symlink: /home/pierres/COURS/slamnav/install/nav2_common/share/nav2_common/environment/path.dsv
[0.308s] -- Up-to-date symlink: /home/pierres/COURS/slamnav/install/nav2_common/share/nav2_common/local_setup.bash
[0.308s] -- Up-to-date symlink: /home/pierres/COURS/slamnav/install/nav2_common/share/nav2_common/local_setup.sh
[0.308s] -- Up-to-date symlink: /home/pierres/COURS/slamnav/install/nav2_common/share/nav2_common/local_setup.zsh
[0.308s] -- Up-to-date symlink: /home/pierres/COURS/slamnav/install/nav2_common/share/nav2_common/local_setup.dsv
[0.308s] -- Symlinking: /home/pierres/COURS/slamnav/install/nav2_common/share/nav2_common/package.dsv
[0.318s] -- Up-to-date symlink: /home/pierres/COURS/slamnav/install/nav2_common/share/ament_index/resource_index/packages/nav2_common
[0.318s] -- Up-to-date symlink: /home/pierres/COURS/slamnav/install/nav2_common/share/nav2_common/cmake/nav2_common-extras.cmake
[0.318s] -- Up-to-date symlink: /home/pierres/COURS/slamnav/install/nav2_common/share/nav2_common/cmake/nav2_commonConfig.cmake
[0.318s] -- Up-to-date symlink: /home/pierres/COURS/slamnav/install/nav2_common/share/nav2_common/cmake/nav2_commonConfig-version.cmake
[0.318s] -- Up-to-date symlink: /home/pierres/COURS/slamnav/install/nav2_common/share/nav2_common/package.xml
[0.318s] -- Up-to-date symlink: /home/pierres/COURS/slamnav/install/nav2_common/share/nav2_common/cmake/nav2_package.cmake
[0.345s] Listing '/home/pierres/COURS/slamnav/install/nav2_common/local/lib/python3.10/dist-packages/nav2_common'...
[0.345s] Listing '/home/pierres/COURS/slamnav/install/nav2_common/local/lib/python3.10/dist-packages/nav2_common/launch'...
[0.351s] Invoked command in '/home/pierres/COURS/slamnav/build/nav2_common' returned '0': CMAKE_PREFIX_PATH=/opt/ros/humble:/home/pierres/COURS/slamnav/install/slamnav_turtlebot /usr/bin/cmake --install /home/pierres/COURS/slamnav/build/nav2_common
