[0.187s] Invoking command in '/home/pierres/COURS/slamnav/build/nav2_theta_star_planner': AMENT_PREFIX_PATH=/home/pierres/COURS/slamnav/install/nav2_core:/home/pierres/COURS/slamnav/install/nav2_costmap_2d:/home/pierres/COURS/slamnav/install/nav2_map_server:/home/pierres/COURS/slamnav/install/nav2_lifecycle_manager:/home/pierres/COURS/slamnav/install/nav2_util:/home/pierres/COURS/slamnav/install/nav2_voxel_grid:/home/pierres/COURS/slamnav/install/nav2_msgs:/home/pierres/COURS/slamnav/install/nav2_common CMAKE_PREFIX_PATH=/home/pierres/COURS/slamnav/install/nav2_core:/home/pierres/COURS/slamnav/install/nav2_costmap_2d:/home/pierres/COURS/slamnav/install/nav2_map_server:/home/pierres/COURS/slamnav/install/nav2_lifecycle_manager:/home/pierres/COURS/slamnav/install/nav2_util:/home/pierres/COURS/slamnav/install/nav2_voxel_grid:/home/pierres/COURS/slamnav/install/nav2_msgs:/home/pierres/COURS/slamnav/install/nav2_common LD_LIBRARY_PATH=/home/pierres/COURS/slamnav/install/nav2_costmap_2d/lib:/home/pierres/COURS/slamnav/install/nav2_map_server/lib:/home/pierres/COURS/slamnav/install/nav2_lifecycle_manager/lib:/home/pierres/COURS/slamnav/install/nav2_util/lib:/home/pierres/COURS/slamnav/install/nav2_voxel_grid/lib:/home/pierres/COURS/slamnav/install/nav2_msgs/lib PYTHONPATH=/home/pierres/COURS/slamnav/install/nav2_msgs/local/lib/python3.10/dist-packages:/home/pierres/COURS/slamnav/install/nav2_common/local/lib/python3.10/dist-packages /usr/bin/cmake --build /home/pierres/COURS/slamnav/build/nav2_theta_star_planner -- -j16 -l16
[0.290s] [ 22%] Built target gtest_main
[0.312s] [ 44%] Built target gtest
[0.313s] [ 77%] Built target nav2_theta_star_planner
[0.328s] [100%] Built target test_theta_star
[0.389s] Invoked command in '/home/pierres/COURS/slamnav/build/nav2_theta_star_planner' returned '0': AMENT_PREFIX_PATH=/home/pierres/COURS/slamnav/install/nav2_core:/home/pierres/COURS/slamnav/install/nav2_costmap_2d:/home/pierres/COURS/slamnav/install/nav2_map_server:/home/pierres/COURS/slamnav/install/nav2_lifecycle_manager:/home/pierres/COURS/slamnav/install/nav2_util:/home/pierres/COURS/slamnav/install/nav2_voxel_grid:/home/pierres/COURS/slamnav/install/nav2_msgs:/home/pierres/COURS/slamnav/install/nav2_common CMAKE_PREFIX_PATH=/home/pierres/COURS/slamnav/install/nav2_core:/home/pierres/COURS/slamnav/install/nav2_costmap_2d:/home/pierres/COURS/slamnav/install/nav2_map_server:/home/pierres/COURS/slamnav/install/nav2_lifecycle_manager:/home/pierres/COURS/slamnav/install/nav2_util:/home/pierres/COURS/slamnav/install/nav2_voxel_grid:/home/pierres/COURS/slamnav/install/nav2_msgs:/home/pierres/COURS/slamnav/install/nav2_common LD_LIBRARY_PATH=/home/pierres/COURS/slamnav/install/nav2_costmap_2d/lib:/home/pierres/COURS/slamnav/install/nav2_map_server/lib:/home/pierres/COURS/slamnav/install/nav2_lifecycle_manager/lib:/home/pierres/COURS/slamnav/install/nav2_util/lib:/home/pierres/COURS/slamnav/install/nav2_voxel_grid/lib:/home/pierres/COURS/slamnav/install/nav2_msgs/lib PYTHONPATH=/home/pierres/COURS/slamnav/install/nav2_msgs/local/lib/python3.10/dist-packages:/home/pierres/COURS/slamnav/install/nav2_common/local/lib/python3.10/dist-packages /usr/bin/cmake --build /home/pierres/COURS/slamnav/build/nav2_theta_star_planner -- -j16 -l16
[0.457s] Invoking command in '/home/pierres/COURS/slamnav/build/nav2_theta_star_planner': AMENT_PREFIX_PATH=/home/pierres/COURS/slamnav/install/nav2_core:/home/pierres/COURS/slamnav/install/nav2_costmap_2d:/home/pierres/COURS/slamnav/install/nav2_map_server:/home/pierres/COURS/slamnav/install/nav2_lifecycle_manager:/home/pierres/COURS/slamnav/install/nav2_util:/home/pierres/COURS/slamnav/install/nav2_voxel_grid:/home/pierres/COURS/slamnav/install/nav2_msgs:/home/pierres/COURS/slamnav/install/nav2_common CMAKE_PREFIX_PATH=/home/pierres/COURS/slamnav/install/nav2_core:/home/pierres/COURS/slamnav/install/nav2_costmap_2d:/home/pierres/COURS/slamnav/install/nav2_map_server:/home/pierres/COURS/slamnav/install/nav2_lifecycle_manager:/home/pierres/COURS/slamnav/install/nav2_util:/home/pierres/COURS/slamnav/install/nav2_voxel_grid:/home/pierres/COURS/slamnav/install/nav2_msgs:/home/pierres/COURS/slamnav/install/nav2_common LD_LIBRARY_PATH=/home/pierres/COURS/slamnav/install/nav2_costmap_2d/lib:/home/pierres/COURS/slamnav/install/nav2_map_server/lib:/home/pierres/COURS/slamnav/install/nav2_lifecycle_manager/lib:/home/pierres/COURS/slamnav/install/nav2_util/lib:/home/pierres/COURS/slamnav/install/nav2_voxel_grid/lib:/home/pierres/COURS/slamnav/install/nav2_msgs/lib PYTHONPATH=/home/pierres/COURS/slamnav/install/nav2_msgs/local/lib/python3.10/dist-packages:/home/pierres/COURS/slamnav/install/nav2_common/local/lib/python3.10/dist-packages /usr/bin/cmake --install /home/pierres/COURS/slamnav/build/nav2_theta_star_planner
[0.506s] -- Install configuration: "Humble"
[0.506s] -- Execute custom install script
[0.506s] -- Up-to-date symlink: /home/pierres/COURS/slamnav/install/nav2_theta_star_planner/share/nav2_theta_star_planner//theta_star_planner.xml
[0.506s] -- Up-to-date symlink: /home/pierres/COURS/slamnav/install/nav2_theta_star_planner/lib/libnav2_theta_star_planner.so
[0.506s] -- Up-to-date symlink: /home/pierres/COURS/slamnav/install/nav2_theta_star_planner/include//nav2_theta_star_planner/theta_star.hpp
[0.507s] -- Up-to-date symlink: /home/pierres/COURS/slamnav/install/nav2_theta_star_planner/include//nav2_theta_star_planner/theta_star_planner.hpp
[0.507s] -- Up-to-date symlink: /home/pierres/COURS/slamnav/install/nav2_theta_star_planner/share/nav2_theta_star_planner/theta_star_planner.xml
[0.508s] -- Up-to-date symlink: /home/pierres/COURS/slamnav/install/nav2_theta_star_planner/share/nav2_theta_star_planner/environment/library_path.sh
[0.508s] -- Up-to-date symlink: /home/pierres/COURS/slamnav/install/nav2_theta_star_planner/share/nav2_theta_star_planner/environment/library_path.dsv
[0.508s] -- Up-to-date symlink: /home/pierres/COURS/slamnav/install/nav2_theta_star_planner/share/ament_index/resource_index/package_run_dependencies/nav2_theta_star_planner
[0.508s] -- Up-to-date symlink: /home/pierres/COURS/slamnav/install/nav2_theta_star_planner/share/ament_index/resource_index/parent_prefix_path/nav2_theta_star_planner
[0.509s] -- Up-to-date symlink: /home/pierres/COURS/slamnav/install/nav2_theta_star_planner/share/nav2_theta_star_planner/environment/ament_prefix_path.sh
[0.509s] -- Up-to-date symlink: /home/pierres/COURS/slamnav/install/nav2_theta_star_planner/share/nav2_theta_star_planner/environment/ament_prefix_path.dsv
[0.510s] -- Up-to-date symlink: /home/pierres/COURS/slamnav/install/nav2_theta_star_planner/share/nav2_theta_star_planner/environment/path.sh
[0.510s] -- Up-to-date symlink: /home/pierres/COURS/slamnav/install/nav2_theta_star_planner/share/nav2_theta_star_planner/environment/path.dsv
[0.511s] -- Up-to-date symlink: /home/pierres/COURS/slamnav/install/nav2_theta_star_planner/share/nav2_theta_star_planner/local_setup.bash
[0.512s] -- Up-to-date symlink: /home/pierres/COURS/slamnav/install/nav2_theta_star_planner/share/nav2_theta_star_planner/local_setup.sh
[0.512s] -- Up-to-date symlink: /home/pierres/COURS/slamnav/install/nav2_theta_star_planner/share/nav2_theta_star_planner/local_setup.zsh
[0.512s] -- Up-to-date symlink: /home/pierres/COURS/slamnav/install/nav2_theta_star_planner/share/nav2_theta_star_planner/local_setup.dsv
[0.512s] -- Symlinking: /home/pierres/COURS/slamnav/install/nav2_theta_star_planner/share/nav2_theta_star_planner/package.dsv
[0.512s] -- Up-to-date symlink: /home/pierres/COURS/slamnav/install/nav2_theta_star_planner/share/ament_index/resource_index/packages/nav2_theta_star_planner
[0.513s] -- Up-to-date symlink: /home/pierres/COURS/slamnav/install/nav2_theta_star_planner/share/ament_index/resource_index/nav2_core__pluginlib__plugin/nav2_theta_star_planner
[0.513s] -- Up-to-date symlink: /home/pierres/COURS/slamnav/install/nav2_theta_star_planner/share/nav2_theta_star_planner/cmake/ament_cmake_export_include_directories-extras.cmake
[0.513s] -- Up-to-date symlink: /home/pierres/COURS/slamnav/install/nav2_theta_star_planner/share/nav2_theta_star_planner/cmake/ament_cmake_export_libraries-extras.cmake
[0.513s] -- Up-to-date symlink: /home/pierres/COURS/slamnav/install/nav2_theta_star_planner/share/nav2_theta_star_planner/cmake/ament_cmake_export_dependencies-extras.cmake
[0.513s] -- Up-to-date symlink: /home/pierres/COURS/slamnav/install/nav2_theta_star_planner/share/nav2_theta_star_planner/cmake/nav2_theta_star_plannerConfig.cmake
[0.513s] -- Up-to-date symlink: /home/pierres/COURS/slamnav/install/nav2_theta_star_planner/share/nav2_theta_star_planner/cmake/nav2_theta_star_plannerConfig-version.cmake
[0.513s] -- Up-to-date symlink: /home/pierres/COURS/slamnav/install/nav2_theta_star_planner/share/nav2_theta_star_planner/package.xml
[0.533s] Invoked command in '/home/pierres/COURS/slamnav/build/nav2_theta_star_planner' returned '0': AMENT_PREFIX_PATH=/home/pierres/COURS/slamnav/install/nav2_core:/home/pierres/COURS/slamnav/install/nav2_costmap_2d:/home/pierres/COURS/slamnav/install/nav2_map_server:/home/pierres/COURS/slamnav/install/nav2_lifecycle_manager:/home/pierres/COURS/slamnav/install/nav2_util:/home/pierres/COURS/slamnav/install/nav2_voxel_grid:/home/pierres/COURS/slamnav/install/nav2_msgs:/home/pierres/COURS/slamnav/install/nav2_common CMAKE_PREFIX_PATH=/home/pierres/COURS/slamnav/install/nav2_core:/home/pierres/COURS/slamnav/install/nav2_costmap_2d:/home/pierres/COURS/slamnav/install/nav2_map_server:/home/pierres/COURS/slamnav/install/nav2_lifecycle_manager:/home/pierres/COURS/slamnav/install/nav2_util:/home/pierres/COURS/slamnav/install/nav2_voxel_grid:/home/pierres/COURS/slamnav/install/nav2_msgs:/home/pierres/COURS/slamnav/install/nav2_common LD_LIBRARY_PATH=/home/pierres/COURS/slamnav/install/nav2_costmap_2d/lib:/home/pierres/COURS/slamnav/install/nav2_map_server/lib:/home/pierres/COURS/slamnav/install/nav2_lifecycle_manager/lib:/home/pierres/COURS/slamnav/install/nav2_util/lib:/home/pierres/COURS/slamnav/install/nav2_voxel_grid/lib:/home/pierres/COURS/slamnav/install/nav2_msgs/lib PYTHONPATH=/home/pierres/COURS/slamnav/install/nav2_msgs/local/lib/python3.10/dist-packages:/home/pierres/COURS/slamnav/install/nav2_common/local/lib/python3.10/dist-packages /usr/bin/cmake --install /home/pierres/COURS/slamnav/build/nav2_theta_star_planner
