[0.022s] Invoking command in '/home/pierres/COURS/slamnav/build/nav2_collision_monitor': AMENT_PREFIX_PATH=/home/pierres/COURS/slamnav/install/nav2_costmap_2d:/home/pierres/COURS/slamnav/install/nav2_map_server:/home/pierres/COURS/slamnav/install/nav2_lifecycle_manager:/home/pierres/COURS/slamnav/install/nav2_util:/home/pierres/COURS/slamnav/install/nav2_voxel_grid:/home/pierres/COURS/slamnav/install/nav2_msgs:/home/pierres/COURS/slamnav/install/nav2_common:${AMENT_PREFIX_PATH} CMAKE_PREFIX_PATH=/home/pierres/COURS/slamnav/install/nav2_costmap_2d:/home/pierres/COURS/slamnav/install/nav2_map_server:/home/pierres/COURS/slamnav/install/nav2_lifecycle_manager:/home/pierres/COURS/slamnav/install/nav2_util:/home/pierres/COURS/slamnav/install/nav2_voxel_grid:/home/pierres/COURS/slamnav/install/nav2_msgs:/home/pierres/COURS/slamnav/install/nav2_common:/home/pierres/COURS/slamnav/install/slam_toolbox:/opt/ros/humble:/home/pierres/COURS/slamnav/install/slamnav_turtlebot LD_LIBRARY_PATH=/home/pierres/COURS/slamnav/install/nav2_costmap_2d/lib:/home/pierres/COURS/slamnav/install/nav2_map_server/lib:/home/pierres/COURS/slamnav/install/nav2_lifecycle_manager/lib:/home/pierres/COURS/slamnav/install/nav2_util/lib:/home/pierres/COURS/slamnav/install/nav2_voxel_grid/lib:/home/pierres/COURS/slamnav/install/nav2_msgs/lib:${LD_LIBRARY_PATH} PYTHONPATH=/home/pierres/COURS/slamnav/install/nav2_msgs/local/lib/python3.10/dist-packages:/home/pierres/COURS/slamnav/install/nav2_common/local/lib/python3.10/dist-packages:${PYTHONPATH} /usr/bin/cmake /home/pierres/COURS/slamnav/src/navigation2/nav2_collision_monitor -DCMAKE_INSTALL_PREFIX=/home/pierres/COURS/slamnav/install/nav2_collision_monitor
[0.038s] -- Found ament_cmake: 1.3.10 (/opt/ros/humble/share/ament_cmake/cmake)
[0.158s] -- Override CMake install command with custom implementation using symlinks instead of copying resources
[0.166s] -- Found rclcpp: 16.0.10 (/opt/ros/humble/share/rclcpp/cmake)
[0.186s] -- Found rosidl_generator_c: 3.1.5 (/opt/ros/humble/share/rosidl_generator_c/cmake)
[0.188s] -- Found rosidl_adapter: 3.1.5 (/opt/ros/humble/share/rosidl_adapter/cmake)
[0.192s] -- Found rosidl_generator_cpp: 3.1.5 (/opt/ros/humble/share/rosidl_generator_cpp/cmake)
[0.198s] -- Using all available rosidl_typesupport_c: rosidl_typesupport_fastrtps_c;rosidl_typesupport_introspection_c
[0.206s] -- Using all available rosidl_typesupport_cpp: rosidl_typesupport_fastrtps_cpp;rosidl_typesupport_introspection_cpp
[0.227s] -- Found rmw_implementation_cmake: 6.1.2 (/opt/ros/humble/share/rmw_implementation_cmake/cmake)
[0.228s] -- Found rmw_cyclonedds_cpp: 1.3.4 (/opt/ros/humble/share/rmw_cyclonedds_cpp/cmake)
[0.239s] -- Using RMW implementation 'rmw_cyclonedds_cpp' as default
[0.271s] -- Found rclcpp_components: 16.0.10 (/opt/ros/humble/share/rclcpp_components/cmake)
[0.283s] -- Found sensor_msgs: 4.2.4 (/opt/ros/humble/share/sensor_msgs/cmake)
[0.301s] -- Found tf2: 0.25.8 (/opt/ros/humble/share/tf2/cmake)
[0.303s] -- Found tf2_ros: 0.25.8 (/opt/ros/humble/share/tf2_ros/cmake)
[0.341s] -- Found tf2_geometry_msgs: 0.25.8 (/opt/ros/humble/share/tf2_geometry_msgs/cmake)
[0.343s] -- Found eigen3_cmake_module: 0.1.1 (/opt/ros/humble/share/eigen3_cmake_module/cmake)
[0.344s] -- Ensuring Eigen3 include directory is part of orocos-kdl CMake target
[0.345s] -- Found nav2_common: 1.1.16 (/home/pierres/COURS/slamnav/install/nav2_common/share/nav2_common/cmake)
[0.345s] -- Found nav2_util: 1.1.16 (/home/pierres/COURS/slamnav/install/nav2_util/share/nav2_util/cmake)
[0.402s] -- Found nav2_costmap_2d: 1.1.16 (/home/pierres/COURS/slamnav/install/nav2_costmap_2d/share/nav2_costmap_2d/cmake)
[0.500s] -- Found ament_lint_auto: 0.12.11 (/opt/ros/humble/share/ament_lint_auto/cmake)
[0.570s] -- Found gtest sources under '/opt/ros/humble/src/gtest_vendor': C++ tests using 'Google Test' will be built
[0.660s] -- Added test 'cppcheck' to perform static code analysis on C / C++ code
[0.660s] -- Configured cppcheck include dirs: /home/pierres/COURS/slamnav/src/navigation2/nav2_collision_monitor/include
[0.660s] -- Configured cppcheck exclude dirs and/or files: 
[0.661s] -- Added test 'flake8' to check Python code syntax and style conventions
[0.662s] -- Added test 'lint_cmake' to check CMake code style
[0.662s] -- Added test 'pep257' to check Python code against some of the docstring style conventions in PEP 257
[0.663s] -- Added test 'uncrustify' to check C / C++ code style
[0.663s] -- Configured uncrustify additional arguments: 
[0.663s] -- Added test 'xmllint' to check XML markup files
[0.665s] -- Configuring done
[0.970s] -- Generating done
[0.970s] -- Build files have been written to: /home/pierres/COURS/slamnav/build/nav2_collision_monitor
[0.984s] Invoked command in '/home/pierres/COURS/slamnav/build/nav2_collision_monitor' returned '0': AMENT_PREFIX_PATH=/home/pierres/COURS/slamnav/install/nav2_costmap_2d:/home/pierres/COURS/slamnav/install/nav2_map_server:/home/pierres/COURS/slamnav/install/nav2_lifecycle_manager:/home/pierres/COURS/slamnav/install/nav2_util:/home/pierres/COURS/slamnav/install/nav2_voxel_grid:/home/pierres/COURS/slamnav/install/nav2_msgs:/home/pierres/COURS/slamnav/install/nav2_common:${AMENT_PREFIX_PATH} CMAKE_PREFIX_PATH=/home/pierres/COURS/slamnav/install/nav2_costmap_2d:/home/pierres/COURS/slamnav/install/nav2_map_server:/home/pierres/COURS/slamnav/install/nav2_lifecycle_manager:/home/pierres/COURS/slamnav/install/nav2_util:/home/pierres/COURS/slamnav/install/nav2_voxel_grid:/home/pierres/COURS/slamnav/install/nav2_msgs:/home/pierres/COURS/slamnav/install/nav2_common:/home/pierres/COURS/slamnav/install/slam_toolbox:/opt/ros/humble:/home/pierres/COURS/slamnav/install/slamnav_turtlebot LD_LIBRARY_PATH=/home/pierres/COURS/slamnav/install/nav2_costmap_2d/lib:/home/pierres/COURS/slamnav/install/nav2_map_server/lib:/home/pierres/COURS/slamnav/install/nav2_lifecycle_manager/lib:/home/pierres/COURS/slamnav/install/nav2_util/lib:/home/pierres/COURS/slamnav/install/nav2_voxel_grid/lib:/home/pierres/COURS/slamnav/install/nav2_msgs/lib:${LD_LIBRARY_PATH} PYTHONPATH=/home/pierres/COURS/slamnav/install/nav2_msgs/local/lib/python3.10/dist-packages:/home/pierres/COURS/slamnav/install/nav2_common/local/lib/python3.10/dist-packages:${PYTHONPATH} /usr/bin/cmake /home/pierres/COURS/slamnav/src/navigation2/nav2_collision_monitor -DCMAKE_INSTALL_PREFIX=/home/pierres/COURS/slamnav/install/nav2_collision_monitor
[0.990s] Invoking command in '/home/pierres/COURS/slamnav/build/nav2_collision_monitor': AMENT_PREFIX_PATH=/home/pierres/COURS/slamnav/install/nav2_costmap_2d:/home/pierres/COURS/slamnav/install/nav2_map_server:/home/pierres/COURS/slamnav/install/nav2_lifecycle_manager:/home/pierres/COURS/slamnav/install/nav2_util:/home/pierres/COURS/slamnav/install/nav2_voxel_grid:/home/pierres/COURS/slamnav/install/nav2_msgs:/home/pierres/COURS/slamnav/install/nav2_common:${AMENT_PREFIX_PATH} CMAKE_PREFIX_PATH=/home/pierres/COURS/slamnav/install/nav2_costmap_2d:/home/pierres/COURS/slamnav/install/nav2_map_server:/home/pierres/COURS/slamnav/install/nav2_lifecycle_manager:/home/pierres/COURS/slamnav/install/nav2_util:/home/pierres/COURS/slamnav/install/nav2_voxel_grid:/home/pierres/COURS/slamnav/install/nav2_msgs:/home/pierres/COURS/slamnav/install/nav2_common:/home/pierres/COURS/slamnav/install/slam_toolbox:/opt/ros/humble:/home/pierres/COURS/slamnav/install/slamnav_turtlebot LD_LIBRARY_PATH=/home/pierres/COURS/slamnav/install/nav2_costmap_2d/lib:/home/pierres/COURS/slamnav/install/nav2_map_server/lib:/home/pierres/COURS/slamnav/install/nav2_lifecycle_manager/lib:/home/pierres/COURS/slamnav/install/nav2_util/lib:/home/pierres/COURS/slamnav/install/nav2_voxel_grid/lib:/home/pierres/COURS/slamnav/install/nav2_msgs/lib:${LD_LIBRARY_PATH} PYTHONPATH=/home/pierres/COURS/slamnav/install/nav2_msgs/local/lib/python3.10/dist-packages:/home/pierres/COURS/slamnav/install/nav2_common/local/lib/python3.10/dist-packages:${PYTHONPATH} /usr/bin/cmake --build /home/pierres/COURS/slamnav/build/nav2_collision_monitor -- -j16 -l16
[2.044s] [35m[1mConsolidate compiler generated dependencies of target gtest[0m
[2.045s] [35m[1mConsolidate compiler generated dependencies of target collision_monitor_core[0m
[2.046s] [35m[1mConsolidate compiler generated dependencies of target gtest_main[0m
[2.046s] [  8%] Built target gtest
[2.046s] [ 17%] Built target gtest_main
[2.046s] [ 56%] Built target collision_monitor_core
[2.046s] [35m[1mConsolidate compiler generated dependencies of target kinematics_test[0m
[2.046s] [35m[1mConsolidate compiler generated dependencies of target polygons_test[0m
[2.046s] [35m[1mConsolidate compiler generated dependencies of target collision_monitor[0m
[2.047s] [35m[1mConsolidate compiler generated dependencies of target sources_test[0m
[2.047s] [35m[1mConsolidate compiler generated dependencies of target collision_monitor_node_test[0m
[2.047s] [ 65%] Built target kinematics_test
[2.047s] [ 73%] Built target polygons_test
[2.047s] [ 82%] Built target collision_monitor
[2.047s] [ 91%] Built target sources_test
[2.047s] [100%] Built target collision_monitor_node_test
[2.080s] Invoked command in '/home/pierres/COURS/slamnav/build/nav2_collision_monitor' returned '0': AMENT_PREFIX_PATH=/home/pierres/COURS/slamnav/install/nav2_costmap_2d:/home/pierres/COURS/slamnav/install/nav2_map_server:/home/pierres/COURS/slamnav/install/nav2_lifecycle_manager:/home/pierres/COURS/slamnav/install/nav2_util:/home/pierres/COURS/slamnav/install/nav2_voxel_grid:/home/pierres/COURS/slamnav/install/nav2_msgs:/home/pierres/COURS/slamnav/install/nav2_common:${AMENT_PREFIX_PATH} CMAKE_PREFIX_PATH=/home/pierres/COURS/slamnav/install/nav2_costmap_2d:/home/pierres/COURS/slamnav/install/nav2_map_server:/home/pierres/COURS/slamnav/install/nav2_lifecycle_manager:/home/pierres/COURS/slamnav/install/nav2_util:/home/pierres/COURS/slamnav/install/nav2_voxel_grid:/home/pierres/COURS/slamnav/install/nav2_msgs:/home/pierres/COURS/slamnav/install/nav2_common:/home/pierres/COURS/slamnav/install/slam_toolbox:/opt/ros/humble:/home/pierres/COURS/slamnav/install/slamnav_turtlebot LD_LIBRARY_PATH=/home/pierres/COURS/slamnav/install/nav2_costmap_2d/lib:/home/pierres/COURS/slamnav/install/nav2_map_server/lib:/home/pierres/COURS/slamnav/install/nav2_lifecycle_manager/lib:/home/pierres/COURS/slamnav/install/nav2_util/lib:/home/pierres/COURS/slamnav/install/nav2_voxel_grid/lib:/home/pierres/COURS/slamnav/install/nav2_msgs/lib:${LD_LIBRARY_PATH} PYTHONPATH=/home/pierres/COURS/slamnav/install/nav2_msgs/local/lib/python3.10/dist-packages:/home/pierres/COURS/slamnav/install/nav2_common/local/lib/python3.10/dist-packages:${PYTHONPATH} /usr/bin/cmake --build /home/pierres/COURS/slamnav/build/nav2_collision_monitor -- -j16 -l16
[2.125s] Invoking command in '/home/pierres/COURS/slamnav/build/nav2_collision_monitor': AMENT_PREFIX_PATH=/home/pierres/COURS/slamnav/install/nav2_costmap_2d:/home/pierres/COURS/slamnav/install/nav2_map_server:/home/pierres/COURS/slamnav/install/nav2_lifecycle_manager:/home/pierres/COURS/slamnav/install/nav2_util:/home/pierres/COURS/slamnav/install/nav2_voxel_grid:/home/pierres/COURS/slamnav/install/nav2_msgs:/home/pierres/COURS/slamnav/install/nav2_common:${AMENT_PREFIX_PATH} CMAKE_PREFIX_PATH=/home/pierres/COURS/slamnav/install/nav2_costmap_2d:/home/pierres/COURS/slamnav/install/nav2_map_server:/home/pierres/COURS/slamnav/install/nav2_lifecycle_manager:/home/pierres/COURS/slamnav/install/nav2_util:/home/pierres/COURS/slamnav/install/nav2_voxel_grid:/home/pierres/COURS/slamnav/install/nav2_msgs:/home/pierres/COURS/slamnav/install/nav2_common:/home/pierres/COURS/slamnav/install/slam_toolbox:/opt/ros/humble:/home/pierres/COURS/slamnav/install/slamnav_turtlebot LD_LIBRARY_PATH=/home/pierres/COURS/slamnav/install/nav2_costmap_2d/lib:/home/pierres/COURS/slamnav/install/nav2_map_server/lib:/home/pierres/COURS/slamnav/install/nav2_lifecycle_manager/lib:/home/pierres/COURS/slamnav/install/nav2_util/lib:/home/pierres/COURS/slamnav/install/nav2_voxel_grid/lib:/home/pierres/COURS/slamnav/install/nav2_msgs/lib:${LD_LIBRARY_PATH} PYTHONPATH=/home/pierres/COURS/slamnav/install/nav2_msgs/local/lib/python3.10/dist-packages:/home/pierres/COURS/slamnav/install/nav2_common/local/lib/python3.10/dist-packages:${PYTHONPATH} /usr/bin/cmake --install /home/pierres/COURS/slamnav/build/nav2_collision_monitor
[2.165s] -- Install configuration: "Humble"
[2.165s] -- Execute custom install script
[2.165s] -- Up-to-date symlink: /home/pierres/COURS/slamnav/install/nav2_collision_monitor/lib/libcollision_monitor_core.so
[2.166s] -- Up-to-date symlink: /home/pierres/COURS/slamnav/install/nav2_collision_monitor/lib/nav2_collision_monitor/collision_monitor
[2.166s] -- Up-to-date symlink: /home/pierres/COURS/slamnav/install/nav2_collision_monitor/include//nav2_collision_monitor/circle.hpp
[2.166s] -- Up-to-date symlink: /home/pierres/COURS/slamnav/install/nav2_collision_monitor/include//nav2_collision_monitor/collision_monitor_node.hpp
[2.168s] -- Up-to-date symlink: /home/pierres/COURS/slamnav/install/nav2_collision_monitor/include//nav2_collision_monitor/kinematics.hpp
[2.168s] -- Up-to-date symlink: /home/pierres/COURS/slamnav/install/nav2_collision_monitor/include//nav2_collision_monitor/pointcloud.hpp
[2.168s] -- Up-to-date symlink: /home/pierres/COURS/slamnav/install/nav2_collision_monitor/include//nav2_collision_monitor/polygon.hpp
[2.168s] -- Up-to-date symlink: /home/pierres/COURS/slamnav/install/nav2_collision_monitor/include//nav2_collision_monitor/range.hpp
[2.168s] -- Up-to-date symlink: /home/pierres/COURS/slamnav/install/nav2_collision_monitor/include//nav2_collision_monitor/scan.hpp
[2.168s] -- Up-to-date symlink: /home/pierres/COURS/slamnav/install/nav2_collision_monitor/include//nav2_collision_monitor/source.hpp
[2.169s] -- Up-to-date symlink: /home/pierres/COURS/slamnav/install/nav2_collision_monitor/include//nav2_collision_monitor/types.hpp
[2.169s] -- Up-to-date symlink: /home/pierres/COURS/slamnav/install/nav2_collision_monitor/share/nav2_collision_monitor/launch/collision_monitor_node.launch.py
[2.169s] -- Up-to-date symlink: /home/pierres/COURS/slamnav/install/nav2_collision_monitor/share/nav2_collision_monitor/params/collision_monitor_params.yaml
[2.169s] -- Up-to-date symlink: /home/pierres/COURS/slamnav/install/nav2_collision_monitor/share/nav2_collision_monitor/environment/library_path.sh
[2.169s] -- Up-to-date symlink: /home/pierres/COURS/slamnav/install/nav2_collision_monitor/share/nav2_collision_monitor/environment/library_path.dsv
[2.169s] -- Up-to-date symlink: /home/pierres/COURS/slamnav/install/nav2_collision_monitor/share/ament_index/resource_index/package_run_dependencies/nav2_collision_monitor
[2.169s] -- Up-to-date symlink: /home/pierres/COURS/slamnav/install/nav2_collision_monitor/share/ament_index/resource_index/parent_prefix_path/nav2_collision_monitor
[2.169s] -- Up-to-date symlink: /home/pierres/COURS/slamnav/install/nav2_collision_monitor/share/nav2_collision_monitor/environment/ament_prefix_path.sh
[2.169s] -- Up-to-date symlink: /home/pierres/COURS/slamnav/install/nav2_collision_monitor/share/nav2_collision_monitor/environment/ament_prefix_path.dsv
[2.169s] -- Up-to-date symlink: /home/pierres/COURS/slamnav/install/nav2_collision_monitor/share/nav2_collision_monitor/environment/path.sh
[2.169s] -- Up-to-date symlink: /home/pierres/COURS/slamnav/install/nav2_collision_monitor/share/nav2_collision_monitor/environment/path.dsv
[2.169s] -- Up-to-date symlink: /home/pierres/COURS/slamnav/install/nav2_collision_monitor/share/nav2_collision_monitor/local_setup.bash
[2.170s] -- Up-to-date symlink: /home/pierres/COURS/slamnav/install/nav2_collision_monitor/share/nav2_collision_monitor/local_setup.sh
[2.170s] -- Up-to-date symlink: /home/pierres/COURS/slamnav/install/nav2_collision_monitor/share/nav2_collision_monitor/local_setup.zsh
[2.170s] -- Up-to-date symlink: /home/pierres/COURS/slamnav/install/nav2_collision_monitor/share/nav2_collision_monitor/local_setup.dsv
[2.170s] -- Symlinking: /home/pierres/COURS/slamnav/install/nav2_collision_monitor/share/nav2_collision_monitor/package.dsv
[2.170s] -- Up-to-date symlink: /home/pierres/COURS/slamnav/install/nav2_collision_monitor/share/ament_index/resource_index/packages/nav2_collision_monitor
[2.170s] -- Up-to-date symlink: /home/pierres/COURS/slamnav/install/nav2_collision_monitor/share/ament_index/resource_index/rclcpp_components/nav2_collision_monitor
[2.170s] -- Up-to-date symlink: /home/pierres/COURS/slamnav/install/nav2_collision_monitor/share/nav2_collision_monitor/cmake/ament_cmake_export_include_directories-extras.cmake
[2.170s] -- Up-to-date symlink: /home/pierres/COURS/slamnav/install/nav2_collision_monitor/share/nav2_collision_monitor/cmake/ament_cmake_export_libraries-extras.cmake
[2.170s] -- Up-to-date symlink: /home/pierres/COURS/slamnav/install/nav2_collision_monitor/share/nav2_collision_monitor/cmake/ament_cmake_export_dependencies-extras.cmake
[2.170s] -- Up-to-date symlink: /home/pierres/COURS/slamnav/install/nav2_collision_monitor/share/nav2_collision_monitor/cmake/nav2_collision_monitorConfig.cmake
[2.170s] -- Up-to-date symlink: /home/pierres/COURS/slamnav/install/nav2_collision_monitor/share/nav2_collision_monitor/cmake/nav2_collision_monitorConfig-version.cmake
[2.170s] -- Up-to-date symlink: /home/pierres/COURS/slamnav/install/nav2_collision_monitor/share/nav2_collision_monitor/package.xml
[2.176s] Invoked command in '/home/pierres/COURS/slamnav/build/nav2_collision_monitor' returned '0': AMENT_PREFIX_PATH=/home/pierres/COURS/slamnav/install/nav2_costmap_2d:/home/pierres/COURS/slamnav/install/nav2_map_server:/home/pierres/COURS/slamnav/install/nav2_lifecycle_manager:/home/pierres/COURS/slamnav/install/nav2_util:/home/pierres/COURS/slamnav/install/nav2_voxel_grid:/home/pierres/COURS/slamnav/install/nav2_msgs:/home/pierres/COURS/slamnav/install/nav2_common:${AMENT_PREFIX_PATH} CMAKE_PREFIX_PATH=/home/pierres/COURS/slamnav/install/nav2_costmap_2d:/home/pierres/COURS/slamnav/install/nav2_map_server:/home/pierres/COURS/slamnav/install/nav2_lifecycle_manager:/home/pierres/COURS/slamnav/install/nav2_util:/home/pierres/COURS/slamnav/install/nav2_voxel_grid:/home/pierres/COURS/slamnav/install/nav2_msgs:/home/pierres/COURS/slamnav/install/nav2_common:/home/pierres/COURS/slamnav/install/slam_toolbox:/opt/ros/humble:/home/pierres/COURS/slamnav/install/slamnav_turtlebot LD_LIBRARY_PATH=/home/pierres/COURS/slamnav/install/nav2_costmap_2d/lib:/home/pierres/COURS/slamnav/install/nav2_map_server/lib:/home/pierres/COURS/slamnav/install/nav2_lifecycle_manager/lib:/home/pierres/COURS/slamnav/install/nav2_util/lib:/home/pierres/COURS/slamnav/install/nav2_voxel_grid/lib:/home/pierres/COURS/slamnav/install/nav2_msgs/lib:${LD_LIBRARY_PATH} PYTHONPATH=/home/pierres/COURS/slamnav/install/nav2_msgs/local/lib/python3.10/dist-packages:/home/pierres/COURS/slamnav/install/nav2_common/local/lib/python3.10/dist-packages:${PYTHONPATH} /usr/bin/cmake --install /home/pierres/COURS/slamnav/build/nav2_collision_monitor
