[0.007s] Invoking command in '/home/pierres/COURS/slamnav/build/slam_toolbox': CMAKE_PREFIX_PATH=/opt/ros/humble:/home/pierres/COURS/slamnav/install/slamnav_turtlebot /usr/bin/cmake /home/pierres/COURS/slamnav/src/slam_toolbox -DCMAKE_BUILD_TYPE=Release -DAMENT_CMAKE_SYMLINK_INSTALL=1 -DCMAKE_INSTALL_PREFIX=/home/pierres/COURS/slamnav/install/slam_toolbox
[0.094s] -- The C compiler identification is GNU 11.4.0
[0.173s] -- The CXX compiler identification is GNU 11.4.0
[0.184s] -- Detecting C compiler ABI info
[0.260s] -- Detecting C compiler ABI info - done
[0.269s] -- Check for working C compiler: /usr/bin/cc - skipped
[0.269s] -- Detecting C compile features
[0.270s] -- Detecting C compile features - done
[0.274s] -- Detecting CXX compiler ABI info
[0.361s] -- Detecting CXX compiler ABI info - done
[0.366s] -- Check for working CXX compiler: /usr/bin/c++ - skipped
[0.366s] -- Detecting CXX compile features
[0.367s] -- Detecting CXX compile features - done
[0.368s] -- Found ament_cmake: 1.3.10 (/opt/ros/humble/share/ament_cmake/cmake)
[0.518s] -- Found Python3: /usr/bin/python3 (found version "3.10.12") found components: Interpreter 
[0.577s] -- Override CMake install command with custom implementation using symlinks instead of copying resources
[0.598s] -- Found message_filters: 4.3.5 (/opt/ros/humble/share/message_filters/cmake)
[0.639s] -- Found rosidl_generator_c: 3.1.5 (/opt/ros/humble/share/rosidl_generator_c/cmake)
[0.642s] -- Found rosidl_adapter: 3.1.5 (/opt/ros/humble/share/rosidl_adapter/cmake)
[0.648s] -- Found rosidl_generator_cpp: 3.1.5 (/opt/ros/humble/share/rosidl_generator_cpp/cmake)
[0.657s] -- Using all available rosidl_typesupport_c: rosidl_typesupport_fastrtps_c;rosidl_typesupport_introspection_c
[0.669s] -- Using all available rosidl_typesupport_cpp: rosidl_typesupport_fastrtps_cpp;rosidl_typesupport_introspection_cpp
[0.699s] -- Found rmw_implementation_cmake: 6.1.2 (/opt/ros/humble/share/rmw_implementation_cmake/cmake)
[0.701s] -- Found rmw_cyclonedds_cpp: 1.3.4 (/opt/ros/humble/share/rmw_cyclonedds_cpp/cmake)
[0.716s] -- Using RMW implementation 'rmw_cyclonedds_cpp' as default
[0.722s] -- Looking for pthread.h
[0.802s] -- Looking for pthread.h - found
[0.803s] -- Performing Test CMAKE_HAVE_LIBC_PTHREAD
[0.886s] -- Performing Test CMAKE_HAVE_LIBC_PTHREAD - Success
[0.887s] -- Found Threads: TRUE  
[0.929s] -- Found nav_msgs: 4.2.4 (/opt/ros/humble/share/nav_msgs/cmake)
[0.951s] -- Found sensor_msgs: 4.2.4 (/opt/ros/humble/share/sensor_msgs/cmake)
[0.963s] -- Found tf2: 0.25.8 (/opt/ros/humble/share/tf2/cmake)
[0.970s] -- Found tf2_ros: 0.25.8 (/opt/ros/humble/share/tf2_ros/cmake)
[1.031s] -- Found visualization_msgs: 4.2.4 (/opt/ros/humble/share/visualization_msgs/cmake)
[1.044s] -- Found pluginlib: 5.1.0 (/opt/ros/humble/share/pluginlib/cmake)
[1.056s] -- Found tf2_geometry_msgs: 0.25.8 (/opt/ros/humble/share/tf2_geometry_msgs/cmake)
[1.072s] -- Found eigen3_cmake_module: 0.1.1 (/opt/ros/humble/share/eigen3_cmake_module/cmake)
[1.074s] -- Found Eigen3: TRUE (found version "3.4.0") 
[1.074s] -- Ensuring Eigen3 include directory is part of orocos-kdl CMake target
[1.077s] -- Found tf2_sensor_msgs: 0.25.8 (/opt/ros/humble/share/tf2_sensor_msgs/cmake)
[1.081s] -- Found std_srvs: 4.2.4 (/opt/ros/humble/share/std_srvs/cmake)
[1.089s] -- Found rosidl_default_generators: 1.2.0 (/opt/ros/humble/share/rosidl_default_generators/cmake)
[1.095s] -- Found rviz_common: 11.2.13 (/opt/ros/humble/share/rviz_common/cmake)
[1.109s] -- Setting assimp_DIR to: '/opt/ros/humble/share/rviz_assimp_vendor/cmake/../../../opt/rviz_assimp_vendor/lib/cmake/assimp-4.1'
[1.113s] -- Setting OGRE_DIR to: '/opt/ros/humble/share/rviz_ogre_vendor/cmake/../../../opt/rviz_ogre_vendor/lib/OGRE/cmake'
[1.114s] -- Found OGRE
[1.114s] --   static     : OFF
[1.114s] --   components : HLMS;MeshLodGenerator;Overlay;Paging;Property;RTShaderSystem;Terrain;Volume
[1.114s] --   plugins    : Plugin_BSPSceneManager;Plugin_OctreeSceneManager;Plugin_PCZSceneManager;Plugin_ParticleFX;RenderSystem_GL;RenderSystem_GL3Plus;Codec_STBI
[1.114s] --   media      : /opt/ros/humble/opt/rviz_ogre_vendor/share/OGRE/Media
[1.114s] -- OGRE_LIBRARIES: OgreHLMS;OgreMeshLodGenerator;OgreOverlay;OgrePaging;OgreProperty;OgreRTShaderSystem;OgreTerrain;OgreVolume;OgreMain
[1.114s] -- OGRE_LIBRARY_DIRS: /opt/ros/humble/opt/rviz_ogre_vendor/lib
[1.114s] -- OGRE_PLUGINS: Plugin_BSPSceneManager;Plugin_OctreeSceneManager;Plugin_PCZSceneManager;Plugin_ParticleFX;RenderSystem_GL;RenderSystem_GL3Plus;Codec_STBI
[1.114s] -- OGRE_PLUGIN_DIR: /opt/ros/humble/opt/rviz_ogre_vendor/lib/OGRE
[1.114s] -- rviz_ogre_vendor::OgreOverlay for IMPORTED_LOCATION_RELEASE: /opt/ros/humble/opt/rviz_ogre_vendor/lib/libOgreOverlay.so
[1.114s] -- rviz_ogre_vendor::OgreOverlay for IMPORTED_LOCATION_DEBUG: /opt/ros/humble/opt/rviz_ogre_vendor/lib/libOgreOverlay.so
[1.114s] -- rviz_ogre_vendor::OgreMain for IMPORTED_LOCATION_RELEASE: /opt/ros/humble/opt/rviz_ogre_vendor/lib/libOgreMain.so
[1.114s] -- rviz_ogre_vendor::OgreMain for IMPORTED_LOCATION_DEBUG: /opt/ros/humble/opt/rviz_ogre_vendor/lib/libOgreMain.so
[1.117s] -- Could not find freeimage library
[1.129s] -- Found ZLIB: /usr/lib/x86_64-linux-gnu/libz.so (found version "1.2.11") 
[1.133s] -- Found OpenGL: /usr/lib/x86_64-linux-gnu/libOpenGL.so   
[1.216s] -- Found X11: /usr/include   
[1.217s] -- Looking for XOpenDisplay in /usr/lib/x86_64-linux-gnu/libX11.so;/usr/lib/x86_64-linux-gnu/libXext.so
[1.304s] -- Looking for XOpenDisplay in /usr/lib/x86_64-linux-gnu/libX11.so;/usr/lib/x86_64-linux-gnu/libXext.so - found
[1.304s] -- Looking for gethostbyname
[1.388s] -- Looking for gethostbyname - found
[1.388s] -- Looking for connect
[1.468s] -- Looking for connect - found
[1.468s] -- Looking for remove
[1.543s] -- Looking for remove - found
[1.543s] -- Looking for shmat
[1.620s] -- Looking for shmat - found
[1.620s] -- Looking for IceConnectionNumber in ICE
[1.701s] -- Looking for IceConnectionNumber in ICE - found
[1.786s] -- library: /usr/lib/x86_64-linux-gnu/libcurl.so
[1.812s] -- Found rviz_default_plugins: 11.2.13 (/opt/ros/humble/share/rviz_default_plugins/cmake)
[1.867s] -- Found Boost: /usr/lib/x86_64-linux-gnu/cmake/Boost-1.74.0/BoostConfig.cmake (found version "1.74.0") found components: system serialization filesystem thread 
[1.874s] -- Found PkgConfig: /usr/bin/pkg-config (found version "0.29.2") 
[1.884s] -- Found CHOLMOD: /usr/include/suitesparse  
[1.885s] -- Found CSparse: /usr/include/suitesparse  
[1.910s] -- Looking for sgemm_
[1.985s] -- Looking for sgemm_ - not found
[2.013s] -- Looking for sgemm_
[2.091s] -- Looking for sgemm_ - found
[2.091s] -- Found BLAS: /usr/lib/x86_64-linux-gnu/libblas.so  
[2.094s] -- Looking for cheev_
[2.182s] -- Looking for cheev_ - not found
[2.191s] -- Looking for cheev_
[2.255s] -- Looking for cheev_ - not found
[2.255s] -- Looking for cheev_
[2.341s] -- Looking for cheev_ - found
[2.341s] -- Found LAPACK: /usr/lib/x86_64-linux-gnu/liblapack.so;/usr/lib/x86_64-linux-gnu/libblas.so  
[2.345s] -- Found required Ceres dependency: Eigen version 3.4.0 in /usr/include/eigen3
[2.349s] -- Found required Ceres dependency: glog
[2.350s] -- Found required Ceres dependency: gflags
[2.350s] -- Found Ceres version: 2.0.0 installed in: /usr with components: [EigenSparse, SparseLinearAlgebraLibrary, LAPACK, SuiteSparse, CXSparse, SchurSpecializations, Multithreading]
[2.657s] -- Found ament_cmake_ros: 0.10.0 (/opt/ros/humble/share/ament_cmake_ros/cmake)
[3.065s] -- Using all available rosidl_typesupport_c: rosidl_typesupport_fastrtps_c;rosidl_typesupport_introspection_c
[3.229s] -- Using all available rosidl_typesupport_cpp: rosidl_typesupport_fastrtps_cpp;rosidl_typesupport_introspection_cpp
[3.255s] -- Found PythonInterp: /usr/bin/python3 (found suitable version "3.10.12", minimum required is "3.6") 
[3.256s] -- Found python_cmake_module: 0.10.0 (/opt/ros/humble/share/python_cmake_module/cmake)
[3.287s] -- Found PythonLibs: /usr/lib/x86_64-linux-gnu/libpython3.10.so (found suitable version "3.10.12", minimum required is "3.5") 
[3.287s] -- Using PYTHON_EXECUTABLE: /usr/bin/python3
[3.288s] -- Using PYTHON_INCLUDE_DIRS: /usr/include/python3.10
[3.288s] -- Using PYTHON_LIBRARIES: /usr/lib/x86_64-linux-gnu/libpython3.10.so
[3.304s] -- Found PythonExtra: .so  
[3.393s] -- Configuring done
[3.531s] -- Generating done
[3.534s] -- Build files have been written to: /home/pierres/COURS/slamnav/build/slam_toolbox
[3.548s] Invoked command in '/home/pierres/COURS/slamnav/build/slam_toolbox' returned '0': CMAKE_PREFIX_PATH=/opt/ros/humble:/home/pierres/COURS/slamnav/install/slamnav_turtlebot /usr/bin/cmake /home/pierres/COURS/slamnav/src/slam_toolbox -DCMAKE_BUILD_TYPE=Release -DAMENT_CMAKE_SYMLINK_INSTALL=1 -DCMAKE_INSTALL_PREFIX=/home/pierres/COURS/slamnav/install/slam_toolbox
[3.549s] Invoking command in '/home/pierres/COURS/slamnav/build/slam_toolbox': CMAKE_PREFIX_PATH=/opt/ros/humble:/home/pierres/COURS/slamnav/install/slamnav_turtlebot /usr/bin/cmake --build /home/pierres/COURS/slamnav/build/slam_toolbox -- -j16 -l16
[3.607s] [  1%] [34m[1mGenerating C code for ROS interfaces[0m
[3.616s] [  2%] [32mBuilding CXX object lib/karto_sdk/CMakeFiles/kartoSlamToolbox.dir/src/Mapper.cpp.o[0m
[3.618s] [  2%] [32mBuilding CXX object lib/karto_sdk/CMakeFiles/kartoSlamToolbox.dir/src/Karto.cpp.o[0m
[3.619s] [  3%] [34m[1mGenerating C++ code for ROS interfaces[0m
[3.626s] [  3%] Built target ament_cmake_python_symlink_slam_toolbox
[3.797s] running egg_info
[3.797s] creating slam_toolbox.egg-info
[3.798s] writing slam_toolbox.egg-info/PKG-INFO
[3.798s] writing dependency_links to slam_toolbox.egg-info/dependency_links.txt
[3.798s] writing top-level names to slam_toolbox.egg-info/top_level.txt
[3.798s] writing manifest file 'slam_toolbox.egg-info/SOURCES.txt'
[3.799s] reading manifest file 'slam_toolbox.egg-info/SOURCES.txt'
[3.799s] writing manifest file 'slam_toolbox.egg-info/SOURCES.txt'
[3.820s] [  3%] Built target ament_cmake_python_build_slam_toolbox_egg
[4.217s] [  3%] Built target slam_toolbox__cpp
[4.227s] [  4%] [34m[1mGenerating C++ type support for eProsima Fast-RTPS[0m
[4.228s] [  4%] [34m[1mGenerating C++ type support dispatch for ROS interfaces[0m
[4.228s] [  5%] [34m[1mGenerating C++ introspection for ROS interfaces[0m
[4.252s] [  6%] [32mBuilding C object CMakeFiles/slam_toolbox__rosidl_generator_c.dir/rosidl_generator_c/slam_toolbox/srv/detail/loop_closure__functions.c.o[0m
[4.252s] [  6%] [32mBuilding C object CMakeFiles/slam_toolbox__rosidl_generator_c.dir/rosidl_generator_c/slam_toolbox/srv/detail/save_map__functions.c.o[0m
[4.253s] [  8%] [32mBuilding C object CMakeFiles/slam_toolbox__rosidl_generator_c.dir/rosidl_generator_c/slam_toolbox/srv/detail/merge_maps__functions.c.o[0m
[4.253s] [  8%] [32mBuilding C object CMakeFiles/slam_toolbox__rosidl_generator_c.dir/rosidl_generator_c/slam_toolbox/srv/detail/toggle_interactive__functions.c.o[0m
[4.253s] [  9%] [32mBuilding C object CMakeFiles/slam_toolbox__rosidl_generator_c.dir/rosidl_generator_c/slam_toolbox/srv/detail/clear_queue__functions.c.o[0m
[4.253s] [  9%] [32mBuilding C object CMakeFiles/slam_toolbox__rosidl_generator_c.dir/rosidl_generator_c/slam_toolbox/srv/detail/pause__functions.c.o[0m
[4.254s] [ 10%] [32mBuilding C object CMakeFiles/slam_toolbox__rosidl_generator_c.dir/rosidl_generator_c/slam_toolbox/srv/detail/serialize_pose_graph__functions.c.o[0m
[4.254s] [ 11%] [32mBuilding C object CMakeFiles/slam_toolbox__rosidl_generator_c.dir/rosidl_generator_c/slam_toolbox/srv/detail/clear__functions.c.o[0m
[4.255s] [ 11%] [32mBuilding C object CMakeFiles/slam_toolbox__rosidl_generator_c.dir/rosidl_generator_c/slam_toolbox/srv/detail/deserialize_pose_graph__functions.c.o[0m
[4.255s] [ 12%] [32mBuilding C object CMakeFiles/slam_toolbox__rosidl_generator_c.dir/rosidl_generator_c/slam_toolbox/srv/detail/add_submap__functions.c.o[0m
[4.416s] [ 13%] [32m[1mLinking C shared library libslam_toolbox__rosidl_generator_c.so[0m
[4.454s] [ 13%] Built target slam_toolbox__rosidl_generator_c
[4.463s] [ 14%] [34m[1mGenerating C introspection for ROS interfaces[0m
[4.467s] [ 15%] [34m[1mGenerating C type support for eProsima Fast-RTPS[0m
[4.467s] [ 15%] [34m[1mGenerating C type support dispatch for ROS interfaces[0m
[4.628s] [ 16%] [32mBuilding CXX object CMakeFiles/slam_toolbox__rosidl_typesupport_cpp.dir/rosidl_typesupport_cpp/slam_toolbox/srv/clear_queue__type_support.cpp.o[0m
[4.628s] [ 17%] [32mBuilding CXX object CMakeFiles/slam_toolbox__rosidl_typesupport_cpp.dir/rosidl_typesupport_cpp/slam_toolbox/srv/merge_maps__type_support.cpp.o[0m
[4.628s] [ 17%] [32mBuilding CXX object CMakeFiles/slam_toolbox__rosidl_typesupport_cpp.dir/rosidl_typesupport_cpp/slam_toolbox/srv/toggle_interactive__type_support.cpp.o[0m
[4.629s] [ 19%] [32mBuilding CXX object CMakeFiles/slam_toolbox__rosidl_typesupport_cpp.dir/rosidl_typesupport_cpp/slam_toolbox/srv/add_submap__type_support.cpp.o[0m
[4.629s] [ 19%] [32mBuilding CXX object CMakeFiles/slam_toolbox__rosidl_typesupport_cpp.dir/rosidl_typesupport_cpp/slam_toolbox/srv/deserialize_pose_graph__type_support.cpp.o[0m
[4.629s] [ 19%] [32mBuilding CXX object CMakeFiles/slam_toolbox__rosidl_typesupport_cpp.dir/rosidl_typesupport_cpp/slam_toolbox/srv/clear__type_support.cpp.o[0m
[4.629s] [ 21%] [32mBuilding CXX object CMakeFiles/slam_toolbox__rosidl_typesupport_cpp.dir/rosidl_typesupport_cpp/slam_toolbox/srv/loop_closure__type_support.cpp.o[0m
[4.629s] [ 21%] [32mBuilding CXX object CMakeFiles/slam_toolbox__rosidl_typesupport_cpp.dir/rosidl_typesupport_cpp/slam_toolbox/srv/pause__type_support.cpp.o[0m
[4.629s] [ 22%] [32mBuilding CXX object CMakeFiles/slam_toolbox__rosidl_typesupport_cpp.dir/rosidl_typesupport_cpp/slam_toolbox/srv/save_map__type_support.cpp.o[0m
[4.870s] [ 23%] [32mBuilding CXX object CMakeFiles/slam_toolbox__rosidl_typesupport_cpp.dir/rosidl_typesupport_cpp/slam_toolbox/srv/serialize_pose_graph__type_support.cpp.o[0m
[4.970s] [ 23%] [32mBuilding CXX object CMakeFiles/slam_toolbox__rosidl_typesupport_introspection_cpp.dir/rosidl_typesupport_introspection_cpp/slam_toolbox/srv/detail/pause__type_support.cpp.o[0m
[4.975s] [ 24%] [32mBuilding CXX object CMakeFiles/slam_toolbox__rosidl_typesupport_introspection_cpp.dir/rosidl_typesupport_introspection_cpp/slam_toolbox/srv/detail/clear_queue__type_support.cpp.o[0m
[4.975s] [ 25%] [32mBuilding CXX object CMakeFiles/slam_toolbox__rosidl_typesupport_introspection_cpp.dir/rosidl_typesupport_introspection_cpp/slam_toolbox/srv/detail/toggle_interactive__type_support.cpp.o[0m
[4.983s] [ 25%] [32mBuilding CXX object CMakeFiles/slam_toolbox__rosidl_typesupport_introspection_cpp.dir/rosidl_typesupport_introspection_cpp/slam_toolbox/srv/detail/clear__type_support.cpp.o[0m
[5.011s] [ 26%] [32mBuilding CXX object CMakeFiles/slam_toolbox__rosidl_typesupport_introspection_cpp.dir/rosidl_typesupport_introspection_cpp/slam_toolbox/srv/detail/save_map__type_support.cpp.o[0m
[5.013s] [ 27%] [32mBuilding CXX object CMakeFiles/slam_toolbox__rosidl_typesupport_introspection_cpp.dir/rosidl_typesupport_introspection_cpp/slam_toolbox/srv/detail/loop_closure__type_support.cpp.o[0m
[5.015s] [ 28%] [32mBuilding CXX object CMakeFiles/slam_toolbox__rosidl_typesupport_introspection_cpp.dir/rosidl_typesupport_introspection_cpp/slam_toolbox/srv/detail/merge_maps__type_support.cpp.o[0m
[5.031s] [ 28%] [32mBuilding CXX object CMakeFiles/slam_toolbox__rosidl_typesupport_introspection_cpp.dir/rosidl_typesupport_introspection_cpp/slam_toolbox/srv/detail/add_submap__type_support.cpp.o[0m
[5.033s] [ 29%] [32mBuilding CXX object CMakeFiles/slam_toolbox__rosidl_typesupport_introspection_cpp.dir/rosidl_typesupport_introspection_cpp/slam_toolbox/srv/detail/deserialize_pose_graph__type_support.cpp.o[0m
[5.077s] [ 30%] [32mBuilding CXX object CMakeFiles/slam_toolbox__rosidl_typesupport_fastrtps_cpp.dir/rosidl_typesupport_fastrtps_cpp/slam_toolbox/srv/detail/dds_fastrtps/pause__type_support.cpp.o[0m
[5.172s] [ 30%] [32m[1mLinking CXX shared library libslam_toolbox__rosidl_typesupport_cpp.so[0m
[5.245s] [ 30%] Built target slam_toolbox__rosidl_typesupport_cpp
[5.255s] [ 31%] [32mBuilding CXX object CMakeFiles/slam_toolbox__rosidl_typesupport_introspection_cpp.dir/rosidl_typesupport_introspection_cpp/slam_toolbox/srv/detail/serialize_pose_graph__type_support.cpp.o[0m
[5.300s] [ 32%] [32mBuilding CXX object CMakeFiles/slam_toolbox__rosidl_typesupport_c.dir/rosidl_typesupport_c/slam_toolbox/srv/pause__type_support.cpp.o[0m
[5.335s] [ 33%] [32mBuilding CXX object CMakeFiles/slam_toolbox__rosidl_typesupport_c.dir/rosidl_typesupport_c/slam_toolbox/srv/clear_queue__type_support.cpp.o[0m
[5.372s] [ 34%] [32mBuilding CXX object CMakeFiles/slam_toolbox__rosidl_typesupport_c.dir/rosidl_typesupport_c/slam_toolbox/srv/toggle_interactive__type_support.cpp.o[0m
[5.391s] [ 34%] [32mBuilding CXX object CMakeFiles/slam_toolbox__rosidl_typesupport_fastrtps_cpp.dir/rosidl_typesupport_fastrtps_cpp/slam_toolbox/srv/detail/dds_fastrtps/clear_queue__type_support.cpp.o[0m
[5.412s] [ 34%] [32mBuilding CXX object CMakeFiles/slam_toolbox__rosidl_typesupport_c.dir/rosidl_typesupport_c/slam_toolbox/srv/clear__type_support.cpp.o[0m
[5.414s] [ 35%] [32mBuilding CXX object CMakeFiles/slam_toolbox__rosidl_typesupport_fastrtps_cpp.dir/rosidl_typesupport_fastrtps_cpp/slam_toolbox/srv/detail/dds_fastrtps/toggle_interactive__type_support.cpp.o[0m
[5.443s] [ 35%] [32mBuilding C object CMakeFiles/slam_toolbox__rosidl_typesupport_introspection_c.dir/rosidl_typesupport_introspection_c/slam_toolbox/srv/detail/pause__type_support.c.o[0m
[5.454s] [ 36%] [32mBuilding CXX object CMakeFiles/slam_toolbox__rosidl_typesupport_c.dir/rosidl_typesupport_c/slam_toolbox/srv/save_map__type_support.cpp.o[0m
[5.458s] [ 37%] [32mBuilding C object CMakeFiles/slam_toolbox__rosidl_typesupport_introspection_c.dir/rosidl_typesupport_introspection_c/slam_toolbox/srv/detail/clear_queue__type_support.c.o[0m
[5.473s] [ 37%] [34m[1mGenerating rviz_plugin/moc_slam_toolbox_rviz_plugin.cpp[0m
[5.490s] [ 39%] [32mBuilding C object CMakeFiles/slam_toolbox__rosidl_typesupport_introspection_c.dir/rosidl_typesupport_introspection_c/slam_toolbox/srv/detail/toggle_interactive__type_support.c.o[0m
[5.491s] [ 39%] [32mBuilding CXX object CMakeFiles/slam_toolbox__rosidl_typesupport_c.dir/rosidl_typesupport_c/slam_toolbox/srv/loop_closure__type_support.cpp.o[0m
[5.497s] [ 40%] [32mBuilding CXX object CMakeFiles/SlamToolboxPlugin.dir/rviz_plugin/slam_toolbox_rviz_plugin.cpp.o[0m
[5.505s] [ 40%] [32mBuilding C object CMakeFiles/slam_toolbox__rosidl_typesupport_introspection_c.dir/rosidl_typesupport_introspection_c/slam_toolbox/srv/detail/clear__type_support.c.o[0m
[5.524s] [ 40%] [32mBuilding CXX object CMakeFiles/slam_toolbox__rosidl_typesupport_c.dir/rosidl_typesupport_c/slam_toolbox/srv/merge_maps__type_support.cpp.o[0m
[5.527s] [ 41%] [32mBuilding CXX object CMakeFiles/SlamToolboxPlugin.dir/rviz_plugin/moc_slam_toolbox_rviz_plugin.cpp.o[0m
[5.530s] [ 42%] [32mBuilding CXX object CMakeFiles/slam_toolbox__rosidl_typesupport_fastrtps_cpp.dir/rosidl_typesupport_fastrtps_cpp/slam_toolbox/srv/detail/dds_fastrtps/clear__type_support.cpp.o[0m
[5.531s] [ 43%] [32mBuilding C object CMakeFiles/slam_toolbox__rosidl_typesupport_introspection_c.dir/rosidl_typesupport_introspection_c/slam_toolbox/srv/detail/save_map__type_support.c.o[0m
[5.542s] [ 44%] [32mBuilding C object CMakeFiles/slam_toolbox__rosidl_typesupport_introspection_c.dir/rosidl_typesupport_introspection_c/slam_toolbox/srv/detail/loop_closure__type_support.c.o[0m
[5.552s] [ 45%] [32mBuilding CXX object CMakeFiles/slam_toolbox__rosidl_typesupport_c.dir/rosidl_typesupport_c/slam_toolbox/srv/add_submap__type_support.cpp.o[0m
[5.564s] [ 46%] [32mBuilding C object CMakeFiles/slam_toolbox__rosidl_typesupport_introspection_c.dir/rosidl_typesupport_introspection_c/slam_toolbox/srv/detail/merge_maps__type_support.c.o[0m
[5.564s] [ 47%] [32mBuilding CXX object CMakeFiles/slam_toolbox__rosidl_typesupport_fastrtps_c.dir/rosidl_typesupport_fastrtps_c/slam_toolbox/srv/detail/pause__type_support_c.cpp.o[0m
[5.579s] [ 47%] [32mBuilding C object CMakeFiles/slam_toolbox__rosidl_typesupport_introspection_c.dir/rosidl_typesupport_introspection_c/slam_toolbox/srv/detail/add_submap__type_support.c.o[0m
[5.588s] [ 47%] [32mBuilding CXX object CMakeFiles/slam_toolbox__rosidl_typesupport_fastrtps_c.dir/rosidl_typesupport_fastrtps_c/slam_toolbox/srv/detail/clear_queue__type_support_c.cpp.o[0m
[5.593s] [ 48%] [32mBuilding CXX object CMakeFiles/slam_toolbox__rosidl_typesupport_c.dir/rosidl_typesupport_c/slam_toolbox/srv/deserialize_pose_graph__type_support.cpp.o[0m
[5.615s] [ 49%] [32mBuilding CXX object CMakeFiles/slam_toolbox__rosidl_typesupport_fastrtps_cpp.dir/rosidl_typesupport_fastrtps_cpp/slam_toolbox/srv/detail/dds_fastrtps/save_map__type_support.cpp.o[0m
[5.620s] [ 50%] [32mBuilding CXX object CMakeFiles/slam_toolbox__rosidl_typesupport_c.dir/rosidl_typesupport_c/slam_toolbox/srv/serialize_pose_graph__type_support.cpp.o[0m
[5.622s] [ 51%] [32mBuilding CXX object CMakeFiles/slam_toolbox__rosidl_typesupport_fastrtps_c.dir/rosidl_typesupport_fastrtps_c/slam_toolbox/srv/detail/toggle_interactive__type_support_c.cpp.o[0m
[5.630s] [ 52%] [32mBuilding C object CMakeFiles/slam_toolbox__rosidl_typesupport_introspection_c.dir/rosidl_typesupport_introspection_c/slam_toolbox/srv/detail/deserialize_pose_graph__type_support.c.o[0m
[5.634s] [ 53%] [32mBuilding CXX object CMakeFiles/slam_toolbox__rosidl_typesupport_fastrtps_c.dir/rosidl_typesupport_fastrtps_c/slam_toolbox/srv/detail/clear__type_support_c.cpp.o[0m
[5.641s] [ 53%] [32mBuilding CXX object CMakeFiles/slam_toolbox__rosidl_typesupport_fastrtps_cpp.dir/rosidl_typesupport_fastrtps_cpp/slam_toolbox/srv/detail/dds_fastrtps/loop_closure__type_support.cpp.o[0m
[5.659s] [ 53%] [32m[1mLinking CXX shared library libslam_toolbox__rosidl_typesupport_c.so[0m
[5.671s] [ 53%] [32m[1mLinking CXX shared library libslam_toolbox__rosidl_typesupport_introspection_cpp.so[0m
[5.688s] [ 54%] [32mBuilding C object CMakeFiles/slam_toolbox__rosidl_typesupport_introspection_c.dir/rosidl_typesupport_introspection_c/slam_toolbox/srv/detail/serialize_pose_graph__type_support.c.o[0m
[5.710s] [ 54%] Built target slam_toolbox__rosidl_typesupport_c
[5.720s] [ 55%] [32mBuilding CXX object CMakeFiles/slam_toolbox__rosidl_typesupport_fastrtps_cpp.dir/rosidl_typesupport_fastrtps_cpp/slam_toolbox/srv/detail/dds_fastrtps/merge_maps__type_support.cpp.o[0m
[5.739s] [ 55%] [32m[1mLinking C shared library libslam_toolbox__rosidl_typesupport_introspection_c.so[0m
[5.752s] [ 55%] Built target slam_toolbox__rosidl_typesupport_introspection_cpp
[5.764s] [ 56%] [32mBuilding CXX object CMakeFiles/slam_toolbox__rosidl_typesupport_fastrtps_cpp.dir/rosidl_typesupport_fastrtps_cpp/slam_toolbox/srv/detail/dds_fastrtps/add_submap__type_support.cpp.o[0m
[5.803s] [ 56%] Built target slam_toolbox__rosidl_typesupport_introspection_c
[5.813s] [ 56%] [32mBuilding CXX object CMakeFiles/slam_toolbox__rosidl_typesupport_fastrtps_cpp.dir/rosidl_typesupport_fastrtps_cpp/slam_toolbox/srv/detail/dds_fastrtps/deserialize_pose_graph__type_support.cpp.o[0m
[5.852s] [ 57%] [32mBuilding CXX object CMakeFiles/slam_toolbox__rosidl_typesupport_fastrtps_cpp.dir/rosidl_typesupport_fastrtps_cpp/slam_toolbox/srv/detail/dds_fastrtps/serialize_pose_graph__type_support.cpp.o[0m
[5.950s] [ 58%] [32mBuilding CXX object CMakeFiles/slam_toolbox__rosidl_typesupport_fastrtps_c.dir/rosidl_typesupport_fastrtps_c/slam_toolbox/srv/detail/save_map__type_support_c.cpp.o[0m
[5.991s] [ 58%] [32mBuilding CXX object CMakeFiles/slam_toolbox__rosidl_typesupport_fastrtps_c.dir/rosidl_typesupport_fastrtps_c/slam_toolbox/srv/detail/loop_closure__type_support_c.cpp.o[0m
[5.993s] [ 59%] [32mBuilding CXX object CMakeFiles/slam_toolbox__rosidl_typesupport_fastrtps_c.dir/rosidl_typesupport_fastrtps_c/slam_toolbox/srv/detail/merge_maps__type_support_c.cpp.o[0m
[6.073s] [ 60%] [32mBuilding CXX object CMakeFiles/slam_toolbox__rosidl_typesupport_fastrtps_c.dir/rosidl_typesupport_fastrtps_c/slam_toolbox/srv/detail/add_submap__type_support_c.cpp.o[0m
[6.122s] [ 60%] [32mBuilding CXX object CMakeFiles/slam_toolbox__rosidl_typesupport_fastrtps_c.dir/rosidl_typesupport_fastrtps_c/slam_toolbox/srv/detail/deserialize_pose_graph__type_support_c.cpp.o[0m
[6.125s] [ 61%] [32mBuilding CXX object CMakeFiles/slam_toolbox__rosidl_typesupport_fastrtps_c.dir/rosidl_typesupport_fastrtps_c/slam_toolbox/srv/detail/serialize_pose_graph__type_support_c.cpp.o[0m
[6.321s] [ 62%] [32m[1mLinking CXX shared library libslam_toolbox__rosidl_typesupport_fastrtps_cpp.so[0m
[6.420s] [ 62%] Built target slam_toolbox__rosidl_typesupport_fastrtps_cpp
[6.573s] [ 63%] [32m[1mLinking CXX shared library libslam_toolbox__rosidl_typesupport_fastrtps_c.so[0m
[6.636s] [ 63%] Built target slam_toolbox__rosidl_typesupport_fastrtps_c
[6.660s] [ 63%] Built target slam_toolbox
[6.682s] [ 63%] [34m[1mGenerating Python code for ROS interfaces[0m
[8.070s] [ 63%] Built target slam_toolbox__py
[8.089s] [ 64%] [32mBuilding C object CMakeFiles/slam_toolbox__rosidl_generator_py.dir/rosidl_generator_py/slam_toolbox/srv/_clear_s.c.o[0m
[8.092s] [ 65%] [32mBuilding C object CMakeFiles/slam_toolbox__rosidl_generator_py.dir/rosidl_generator_py/slam_toolbox/srv/_loop_closure_s.c.o[0m
[8.092s] [ 66%] [32mBuilding C object CMakeFiles/slam_toolbox__rosidl_generator_py.dir/rosidl_generator_py/slam_toolbox/srv/_add_submap_s.c.o[0m
[8.092s] [ 67%] [32mBuilding C object CMakeFiles/slam_toolbox__rosidl_generator_py.dir/rosidl_generator_py/slam_toolbox/srv/_clear_queue_s.c.o[0m
[8.092s] [ 67%] [32mBuilding C object CMakeFiles/slam_toolbox__rosidl_generator_py.dir/rosidl_generator_py/slam_toolbox/srv/_pause_s.c.o[0m
[8.092s] [ 68%] [32mBuilding C object CMakeFiles/slam_toolbox__rosidl_generator_py.dir/rosidl_generator_py/slam_toolbox/srv/_toggle_interactive_s.c.o[0m
[8.092s] [ 68%] [32mBuilding C object CMakeFiles/slam_toolbox__rosidl_generator_py.dir/rosidl_generator_py/slam_toolbox/srv/_save_map_s.c.o[0m
[8.093s] [ 69%] [32mBuilding C object CMakeFiles/slam_toolbox__rosidl_generator_py.dir/rosidl_generator_py/slam_toolbox/srv/_merge_maps_s.c.o[0m
[8.094s] [ 69%] [32mBuilding C object CMakeFiles/slam_toolbox__rosidl_generator_py.dir/rosidl_generator_py/slam_toolbox/srv/_deserialize_pose_graph_s.c.o[0m
[8.094s] [ 70%] [32mBuilding C object CMakeFiles/slam_toolbox__rosidl_generator_py.dir/rosidl_generator_py/slam_toolbox/srv/_serialize_pose_graph_s.c.o[0m
[8.292s] [ 71%] [32m[1mLinking C shared library rosidl_generator_py/slam_toolbox/libslam_toolbox__rosidl_generator_py.so[0m
[8.348s] [ 71%] Built target slam_toolbox__rosidl_generator_py
[8.371s] [ 72%] [32mBuilding C object CMakeFiles/slam_toolbox__rosidl_typesupport_fastrtps_c__pyext.dir/rosidl_generator_py/slam_toolbox/_slam_toolbox_s.ep.rosidl_typesupport_fastrtps_c.c.o[0m
[8.373s] [ 74%] [32mBuilding C object CMakeFiles/slam_toolbox__rosidl_typesupport_c__pyext.dir/rosidl_generator_py/slam_toolbox/_slam_toolbox_s.ep.rosidl_typesupport_c.c.o[0m
[8.374s] [ 74%] [32mBuilding C object CMakeFiles/slam_toolbox__rosidl_typesupport_introspection_c__pyext.dir/rosidl_generator_py/slam_toolbox/_slam_toolbox_s.ep.rosidl_typesupport_introspection_c.c.o[0m
[8.623s] [ 75%] [32m[1mLinking C shared library rosidl_generator_py/slam_toolbox/slam_toolbox_s__rosidl_typesupport_introspection_c.cpython-310-x86_64-linux-gnu.so[0m
[8.667s] [ 75%] Built target slam_toolbox__rosidl_typesupport_introspection_c__pyext
[8.766s] [ 75%] [32m[1mLinking C shared library rosidl_generator_py/slam_toolbox/slam_toolbox_s__rosidl_typesupport_fastrtps_c.cpython-310-x86_64-linux-gnu.so[0m
[8.826s] [ 76%] [32m[1mLinking C shared library rosidl_generator_py/slam_toolbox/slam_toolbox_s__rosidl_typesupport_c.cpython-310-x86_64-linux-gnu.so[0m
[8.826s] [ 76%] Built target slam_toolbox__rosidl_typesupport_fastrtps_c__pyext
[8.884s] [ 76%] Built target slam_toolbox__rosidl_typesupport_c__pyext
[19.021s] [ 77%] [32m[1mLinking CXX shared library libkartoSlamToolbox.so[0m
[19.270s] [ 77%] Built target kartoSlamToolbox
[19.288s] [ 78%] [32mBuilding CXX object CMakeFiles/ceres_solver_plugin.dir/solvers/ceres_solver.cpp.o[0m
[19.290s] [ 79%] [32mBuilding CXX object CMakeFiles/toolbox_common.dir/src/laser_utils.cpp.o[0m
[19.291s] [ 80%] [32mBuilding CXX object CMakeFiles/toolbox_common.dir/src/map_saver.cpp.o[0m
[19.291s] [ 81%] [32mBuilding CXX object CMakeFiles/toolbox_common.dir/src/slam_toolbox_common.cpp.o[0m
[19.292s] [ 81%] [32mBuilding CXX object CMakeFiles/toolbox_common.dir/src/loop_closure_assistant.cpp.o[0m
[19.292s] [ 82%] [32mBuilding CXX object CMakeFiles/toolbox_common.dir/src/slam_mapper.cpp.o[0m
[20.700s] [ 82%] [32m[1mLinking CXX shared library libSlamToolboxPlugin.so[0m
[22.553s] [ 82%] Built target SlamToolboxPlugin
[30.517s] [ 83%] [32m[1mLinking CXX shared library libceres_solver_plugin.so[0m
[30.810s] [ 83%] Built target ceres_solver_plugin
[43.225s] [ 84%] [32m[1mLinking CXX shared library libtoolbox_common.so[0m
[43.671s] [ 84%] Built target toolbox_common
[43.690s] [ 85%] [32mBuilding CXX object CMakeFiles/sync_slam_toolbox.dir/src/slam_toolbox_sync.cpp.o[0m
[43.690s] [ 86%] [32mBuilding CXX object CMakeFiles/lifelong_slam_toolbox.dir/src/experimental/slam_toolbox_lifelong.cpp.o[0m
[43.690s] [ 86%] [32mBuilding CXX object CMakeFiles/localization_slam_toolbox.dir/src/slam_toolbox_localization.cpp.o[0m
[43.691s] [ 87%] [32mBuilding CXX object CMakeFiles/async_slam_toolbox.dir/src/slam_toolbox_async.cpp.o[0m
[43.695s] [ 88%] [32mBuilding CXX object CMakeFiles/merge_maps_kinematic.dir/src/merge_maps_kinematic.cpp.o[0m
[52.807s] [ 88%] [32m[1mLinking CXX shared library liblifelong_slam_toolbox.so[0m
[53.129s] [ 88%] Built target lifelong_slam_toolbox
[53.150s] [ 89%] [32mBuilding CXX object CMakeFiles/lifelong_slam_toolbox_node.dir/src/experimental/slam_toolbox_lifelong_node.cpp.o[0m
[53.837s] [ 90%] [32m[1mLinking CXX shared library libsync_slam_toolbox.so[0m
[53.888s] [ 91%] [32m[1mLinking CXX shared library libasync_slam_toolbox.so[0m
[54.184s] [ 91%] Built target sync_slam_toolbox
[54.209s] [ 92%] [32mBuilding CXX object CMakeFiles/sync_slam_toolbox_node.dir/src/slam_toolbox_sync_node.cpp.o[0m
[54.331s] [ 92%] Built target async_slam_toolbox
[54.356s] [ 93%] [32mBuilding CXX object CMakeFiles/async_slam_toolbox_node.dir/src/slam_toolbox_async_node.cpp.o[0m
[55.877s] [ 94%] [32m[1mLinking CXX executable merge_maps_kinematic[0m
[56.488s] [ 94%] Built target merge_maps_kinematic
[60.383s] [ 95%] [32m[1mLinking CXX shared library liblocalization_slam_toolbox.so[0m
[60.753s] [ 95%] Built target localization_slam_toolbox
[60.775s] [ 96%] [32mBuilding CXX object CMakeFiles/localization_slam_toolbox_node.dir/src/slam_toolbox_localization_node.cpp.o[0m
[60.776s] [ 96%] [32mBuilding CXX object CMakeFiles/map_and_localization_slam_toolbox.dir/src/experimental/slam_toolbox_map_and_localization.cpp.o[0m
[61.752s] [ 97%] [32m[1mLinking CXX executable lifelong_slam_toolbox_node[0m
[62.075s] [ 97%] Built target lifelong_slam_toolbox_node
[62.977s] [ 97%] [32m[1mLinking CXX executable sync_slam_toolbox_node[0m
[63.247s] [ 97%] Built target sync_slam_toolbox_node
[63.564s] [ 97%] [32m[1mLinking CXX executable async_slam_toolbox_node[0m
[63.830s] [ 97%] Built target async_slam_toolbox_node
[69.124s] [ 98%] [32m[1mLinking CXX executable localization_slam_toolbox_node[0m
[69.382s] [ 98%] Built target localization_slam_toolbox_node
[74.979s] [ 99%] [32m[1mLinking CXX shared library libmap_and_localization_slam_toolbox.so[0m
[75.315s] [ 99%] Built target map_and_localization_slam_toolbox
[75.340s] [100%] [32mBuilding CXX object CMakeFiles/map_and_localization_slam_toolbox_node.dir/src/experimental/slam_toolbox_map_and_localization_node.cpp.o[0m
[83.383s] [100%] [32m[1mLinking CXX executable map_and_localization_slam_toolbox_node[0m
[83.647s] [100%] Built target map_and_localization_slam_toolbox_node
[83.664s] Invoked command in '/home/pierres/COURS/slamnav/build/slam_toolbox' returned '0': CMAKE_PREFIX_PATH=/opt/ros/humble:/home/pierres/COURS/slamnav/install/slamnav_turtlebot /usr/bin/cmake --build /home/pierres/COURS/slamnav/build/slam_toolbox -- -j16 -l16
[83.936s] Invoking command in '/home/pierres/COURS/slamnav/build/slam_toolbox': CMAKE_PREFIX_PATH=/opt/ros/humble:/home/pierres/COURS/slamnav/install/slamnav_turtlebot /usr/bin/cmake --install /home/pierres/COURS/slamnav/build/slam_toolbox
[83.941s] -- Install configuration: "Release"
[83.942s] -- Execute custom install script
[83.942s] -- Symlinking: /home/pierres/COURS/slamnav/install/slam_toolbox/include//karto_sdk/Karto.h
[83.950s] -- Symlinking: /home/pierres/COURS/slamnav/install/slam_toolbox/include//karto_sdk/Macros.h
[83.960s] -- Symlinking: /home/pierres/COURS/slamnav/install/slam_toolbox/include//karto_sdk/Mapper.h
[83.969s] -- Symlinking: /home/pierres/COURS/slamnav/install/slam_toolbox/include//karto_sdk/Math.h
[83.978s] -- Symlinking: /home/pierres/COURS/slamnav/install/slam_toolbox/include//karto_sdk/Types.h
[83.988s] -- Symlinking: /home/pierres/COURS/slamnav/install/slam_toolbox/include//karto_sdk/nanoflann.hpp
[83.996s] -- Symlinking: /home/pierres/COURS/slamnav/install/slam_toolbox/include//karto_sdk/nanoflann_adaptors.h
[84.005s] -- Symlinking: /home/pierres/COURS/slamnav/install/slam_toolbox/share/ament_index/resource_index/rosidl_interfaces/slam_toolbox
[84.015s] -- Symlinking: /home/pierres/COURS/slamnav/install/slam_toolbox/include/slam_toolbox/slam_toolbox/msg/rosidl_generator_c__visibility_control.h
[84.024s] -- Symlinking: /home/pierres/COURS/slamnav/install/slam_toolbox/include/slam_toolbox/slam_toolbox/srv/add_submap.h
[84.034s] -- Symlinking: /home/pierres/COURS/slamnav/install/slam_toolbox/include/slam_toolbox/slam_toolbox/srv/clear.h
[84.045s] -- Symlinking: /home/pierres/COURS/slamnav/install/slam_toolbox/include/slam_toolbox/slam_toolbox/srv/clear_queue.h
[84.057s] -- Symlinking: /home/pierres/COURS/slamnav/install/slam_toolbox/include/slam_toolbox/slam_toolbox/srv/deserialize_pose_graph.h
[84.067s] -- Symlinking: /home/pierres/COURS/slamnav/install/slam_toolbox/include/slam_toolbox/slam_toolbox/srv/detail/add_submap__functions.h
[84.078s] -- Symlinking: /home/pierres/COURS/slamnav/install/slam_toolbox/include/slam_toolbox/slam_toolbox/srv/detail/add_submap__struct.h
[84.088s] -- Symlinking: /home/pierres/COURS/slamnav/install/slam_toolbox/include/slam_toolbox/slam_toolbox/srv/detail/add_submap__type_support.h
[84.094s] -- Symlinking: /home/pierres/COURS/slamnav/install/slam_toolbox/include/slam_toolbox/slam_toolbox/srv/detail/clear__functions.h
[84.101s] -- Symlinking: /home/pierres/COURS/slamnav/install/slam_toolbox/include/slam_toolbox/slam_toolbox/srv/detail/clear__struct.h
[84.110s] -- Symlinking: /home/pierres/COURS/slamnav/install/slam_toolbox/include/slam_toolbox/slam_toolbox/srv/detail/clear__type_support.h
[84.120s] -- Symlinking: /home/pierres/COURS/slamnav/install/slam_toolbox/include/slam_toolbox/slam_toolbox/srv/detail/clear_queue__functions.h
[84.131s] -- Symlinking: /home/pierres/COURS/slamnav/install/slam_toolbox/include/slam_toolbox/slam_toolbox/srv/detail/clear_queue__struct.h
[84.143s] -- Symlinking: /home/pierres/COURS/slamnav/install/slam_toolbox/include/slam_toolbox/slam_toolbox/srv/detail/clear_queue__type_support.h
[84.153s] -- Symlinking: /home/pierres/COURS/slamnav/install/slam_toolbox/include/slam_toolbox/slam_toolbox/srv/detail/deserialize_pose_graph__functions.h
[84.164s] -- Symlinking: /home/pierres/COURS/slamnav/install/slam_toolbox/include/slam_toolbox/slam_toolbox/srv/detail/deserialize_pose_graph__struct.h
[84.175s] -- Symlinking: /home/pierres/COURS/slamnav/install/slam_toolbox/include/slam_toolbox/slam_toolbox/srv/detail/deserialize_pose_graph__type_support.h
[84.185s] -- Symlinking: /home/pierres/COURS/slamnav/install/slam_toolbox/include/slam_toolbox/slam_toolbox/srv/detail/loop_closure__functions.h
[84.192s] -- Symlinking: /home/pierres/COURS/slamnav/install/slam_toolbox/include/slam_toolbox/slam_toolbox/srv/detail/loop_closure__struct.h
[84.199s] -- Symlinking: /home/pierres/COURS/slamnav/install/slam_toolbox/include/slam_toolbox/slam_toolbox/srv/detail/loop_closure__type_support.h
[84.207s] -- Symlinking: /home/pierres/COURS/slamnav/install/slam_toolbox/include/slam_toolbox/slam_toolbox/srv/detail/merge_maps__functions.h
[84.216s] -- Symlinking: /home/pierres/COURS/slamnav/install/slam_toolbox/include/slam_toolbox/slam_toolbox/srv/detail/merge_maps__struct.h
[84.224s] -- Symlinking: /home/pierres/COURS/slamnav/install/slam_toolbox/include/slam_toolbox/slam_toolbox/srv/detail/merge_maps__type_support.h
[84.234s] -- Symlinking: /home/pierres/COURS/slamnav/install/slam_toolbox/include/slam_toolbox/slam_toolbox/srv/detail/pause__functions.h
[84.246s] -- Symlinking: /home/pierres/COURS/slamnav/install/slam_toolbox/include/slam_toolbox/slam_toolbox/srv/detail/pause__struct.h
[84.255s] -- Symlinking: /home/pierres/COURS/slamnav/install/slam_toolbox/include/slam_toolbox/slam_toolbox/srv/detail/pause__type_support.h
[84.265s] -- Symlinking: /home/pierres/COURS/slamnav/install/slam_toolbox/include/slam_toolbox/slam_toolbox/srv/detail/save_map__functions.h
[84.275s] -- Symlinking: /home/pierres/COURS/slamnav/install/slam_toolbox/include/slam_toolbox/slam_toolbox/srv/detail/save_map__struct.h
[84.284s] -- Symlinking: /home/pierres/COURS/slamnav/install/slam_toolbox/include/slam_toolbox/slam_toolbox/srv/detail/save_map__type_support.h
[84.295s] -- Symlinking: /home/pierres/COURS/slamnav/install/slam_toolbox/include/slam_toolbox/slam_toolbox/srv/detail/serialize_pose_graph__functions.h
[84.304s] -- Symlinking: /home/pierres/COURS/slamnav/install/slam_toolbox/include/slam_toolbox/slam_toolbox/srv/detail/serialize_pose_graph__struct.h
[84.313s] -- Symlinking: /home/pierres/COURS/slamnav/install/slam_toolbox/include/slam_toolbox/slam_toolbox/srv/detail/serialize_pose_graph__type_support.h
[84.322s] -- Symlinking: /home/pierres/COURS/slamnav/install/slam_toolbox/include/slam_toolbox/slam_toolbox/srv/detail/toggle_interactive__functions.h
[84.334s] -- Symlinking: /home/pierres/COURS/slamnav/install/slam_toolbox/include/slam_toolbox/slam_toolbox/srv/detail/toggle_interactive__struct.h
[84.344s] -- Symlinking: /home/pierres/COURS/slamnav/install/slam_toolbox/include/slam_toolbox/slam_toolbox/srv/detail/toggle_interactive__type_support.h
[84.355s] -- Symlinking: /home/pierres/COURS/slamnav/install/slam_toolbox/include/slam_toolbox/slam_toolbox/srv/loop_closure.h
[84.365s] -- Symlinking: /home/pierres/COURS/slamnav/install/slam_toolbox/include/slam_toolbox/slam_toolbox/srv/merge_maps.h
[84.375s] -- Symlinking: /home/pierres/COURS/slamnav/install/slam_toolbox/include/slam_toolbox/slam_toolbox/srv/pause.h
[84.386s] -- Symlinking: /home/pierres/COURS/slamnav/install/slam_toolbox/include/slam_toolbox/slam_toolbox/srv/save_map.h
[84.396s] -- Symlinking: /home/pierres/COURS/slamnav/install/slam_toolbox/include/slam_toolbox/slam_toolbox/srv/serialize_pose_graph.h
[84.407s] -- Symlinking: /home/pierres/COURS/slamnav/install/slam_toolbox/include/slam_toolbox/slam_toolbox/srv/toggle_interactive.h
[84.416s] -- Symlinking: /home/pierres/COURS/slamnav/install/slam_toolbox/share/slam_toolbox/environment/library_path.sh
[84.427s] -- Symlinking: /home/pierres/COURS/slamnav/install/slam_toolbox/share/slam_toolbox/environment/library_path.dsv
[84.440s] -- Symlinking: /home/pierres/COURS/slamnav/install/slam_toolbox/include/slam_toolbox/slam_toolbox/msg/rosidl_typesupport_fastrtps_c__visibility_control.h
[84.452s] -- Symlinking: /home/pierres/COURS/slamnav/install/slam_toolbox/include/slam_toolbox/slam_toolbox/srv/detail/add_submap__rosidl_typesupport_fastrtps_c.h
[84.462s] -- Symlinking: /home/pierres/COURS/slamnav/install/slam_toolbox/include/slam_toolbox/slam_toolbox/srv/detail/clear__rosidl_typesupport_fastrtps_c.h
[84.472s] -- Symlinking: /home/pierres/COURS/slamnav/install/slam_toolbox/include/slam_toolbox/slam_toolbox/srv/detail/clear_queue__rosidl_typesupport_fastrtps_c.h
[84.483s] -- Symlinking: /home/pierres/COURS/slamnav/install/slam_toolbox/include/slam_toolbox/slam_toolbox/srv/detail/deserialize_pose_graph__rosidl_typesupport_fastrtps_c.h
[84.491s] -- Symlinking: /home/pierres/COURS/slamnav/install/slam_toolbox/include/slam_toolbox/slam_toolbox/srv/detail/loop_closure__rosidl_typesupport_fastrtps_c.h
[84.501s] -- Symlinking: /home/pierres/COURS/slamnav/install/slam_toolbox/include/slam_toolbox/slam_toolbox/srv/detail/merge_maps__rosidl_typesupport_fastrtps_c.h
[84.510s] -- Symlinking: /home/pierres/COURS/slamnav/install/slam_toolbox/include/slam_toolbox/slam_toolbox/srv/detail/pause__rosidl_typesupport_fastrtps_c.h
[84.519s] -- Symlinking: /home/pierres/COURS/slamnav/install/slam_toolbox/include/slam_toolbox/slam_toolbox/srv/detail/save_map__rosidl_typesupport_fastrtps_c.h
[84.528s] -- Symlinking: /home/pierres/COURS/slamnav/install/slam_toolbox/include/slam_toolbox/slam_toolbox/srv/detail/serialize_pose_graph__rosidl_typesupport_fastrtps_c.h
[84.536s] -- Symlinking: /home/pierres/COURS/slamnav/install/slam_toolbox/include/slam_toolbox/slam_toolbox/srv/detail/toggle_interactive__rosidl_typesupport_fastrtps_c.h
[84.547s] -- Symlinking: /home/pierres/COURS/slamnav/install/slam_toolbox/include/slam_toolbox/slam_toolbox/srv/add_submap.hpp
[84.556s] -- Symlinking: /home/pierres/COURS/slamnav/install/slam_toolbox/include/slam_toolbox/slam_toolbox/srv/clear.hpp
[84.567s] -- Symlinking: /home/pierres/COURS/slamnav/install/slam_toolbox/include/slam_toolbox/slam_toolbox/srv/clear_queue.hpp
[84.576s] -- Symlinking: /home/pierres/COURS/slamnav/install/slam_toolbox/include/slam_toolbox/slam_toolbox/srv/deserialize_pose_graph.hpp
[84.585s] -- Symlinking: /home/pierres/COURS/slamnav/install/slam_toolbox/include/slam_toolbox/slam_toolbox/srv/detail/add_submap__builder.hpp
[84.594s] -- Symlinking: /home/pierres/COURS/slamnav/install/slam_toolbox/include/slam_toolbox/slam_toolbox/srv/detail/add_submap__struct.hpp
[84.603s] -- Symlinking: /home/pierres/COURS/slamnav/install/slam_toolbox/include/slam_toolbox/slam_toolbox/srv/detail/add_submap__traits.hpp
[84.613s] -- Symlinking: /home/pierres/COURS/slamnav/install/slam_toolbox/include/slam_toolbox/slam_toolbox/srv/detail/clear__builder.hpp
[84.621s] -- Symlinking: /home/pierres/COURS/slamnav/install/slam_toolbox/include/slam_toolbox/slam_toolbox/srv/detail/clear__struct.hpp
[84.632s] -- Symlinking: /home/pierres/COURS/slamnav/install/slam_toolbox/include/slam_toolbox/slam_toolbox/srv/detail/clear__traits.hpp
[84.643s] -- Symlinking: /home/pierres/COURS/slamnav/install/slam_toolbox/include/slam_toolbox/slam_toolbox/srv/detail/clear_queue__builder.hpp
[84.653s] -- Symlinking: /home/pierres/COURS/slamnav/install/slam_toolbox/include/slam_toolbox/slam_toolbox/srv/detail/clear_queue__struct.hpp
[84.663s] -- Symlinking: /home/pierres/COURS/slamnav/install/slam_toolbox/include/slam_toolbox/slam_toolbox/srv/detail/clear_queue__traits.hpp
[84.673s] -- Symlinking: /home/pierres/COURS/slamnav/install/slam_toolbox/include/slam_toolbox/slam_toolbox/srv/detail/deserialize_pose_graph__builder.hpp
[84.682s] -- Symlinking: /home/pierres/COURS/slamnav/install/slam_toolbox/include/slam_toolbox/slam_toolbox/srv/detail/deserialize_pose_graph__struct.hpp
[84.692s] -- Symlinking: /home/pierres/COURS/slamnav/install/slam_toolbox/include/slam_toolbox/slam_toolbox/srv/detail/deserialize_pose_graph__traits.hpp
[84.702s] -- Symlinking: /home/pierres/COURS/slamnav/install/slam_toolbox/include/slam_toolbox/slam_toolbox/srv/detail/loop_closure__builder.hpp
[84.712s] -- Symlinking: /home/pierres/COURS/slamnav/install/slam_toolbox/include/slam_toolbox/slam_toolbox/srv/detail/loop_closure__struct.hpp
[84.721s] -- Symlinking: /home/pierres/COURS/slamnav/install/slam_toolbox/include/slam_toolbox/slam_toolbox/srv/detail/loop_closure__traits.hpp
[84.731s] -- Symlinking: /home/pierres/COURS/slamnav/install/slam_toolbox/include/slam_toolbox/slam_toolbox/srv/detail/merge_maps__builder.hpp
[84.741s] -- Symlinking: /home/pierres/COURS/slamnav/install/slam_toolbox/include/slam_toolbox/slam_toolbox/srv/detail/merge_maps__struct.hpp
[84.751s] -- Symlinking: /home/pierres/COURS/slamnav/install/slam_toolbox/include/slam_toolbox/slam_toolbox/srv/detail/merge_maps__traits.hpp
[84.763s] -- Symlinking: /home/pierres/COURS/slamnav/install/slam_toolbox/include/slam_toolbox/slam_toolbox/srv/detail/pause__builder.hpp
[84.774s] -- Symlinking: /home/pierres/COURS/slamnav/install/slam_toolbox/include/slam_toolbox/slam_toolbox/srv/detail/pause__struct.hpp
[84.783s] -- Symlinking: /home/pierres/COURS/slamnav/install/slam_toolbox/include/slam_toolbox/slam_toolbox/srv/detail/pause__traits.hpp
[84.791s] -- Symlinking: /home/pierres/COURS/slamnav/install/slam_toolbox/include/slam_toolbox/slam_toolbox/srv/detail/save_map__builder.hpp
[84.799s] -- Symlinking: /home/pierres/COURS/slamnav/install/slam_toolbox/include/slam_toolbox/slam_toolbox/srv/detail/save_map__struct.hpp
[84.809s] -- Symlinking: /home/pierres/COURS/slamnav/install/slam_toolbox/include/slam_toolbox/slam_toolbox/srv/detail/save_map__traits.hpp
[84.819s] -- Symlinking: /home/pierres/COURS/slamnav/install/slam_toolbox/include/slam_toolbox/slam_toolbox/srv/detail/serialize_pose_graph__builder.hpp
[84.829s] -- Symlinking: /home/pierres/COURS/slamnav/install/slam_toolbox/include/slam_toolbox/slam_toolbox/srv/detail/serialize_pose_graph__struct.hpp
[84.839s] -- Symlinking: /home/pierres/COURS/slamnav/install/slam_toolbox/include/slam_toolbox/slam_toolbox/srv/detail/serialize_pose_graph__traits.hpp
[84.846s] -- Symlinking: /home/pierres/COURS/slamnav/install/slam_toolbox/include/slam_toolbox/slam_toolbox/srv/detail/toggle_interactive__builder.hpp
[84.853s] -- Symlinking: /home/pierres/COURS/slamnav/install/slam_toolbox/include/slam_toolbox/slam_toolbox/srv/detail/toggle_interactive__struct.hpp
[84.863s] -- Symlinking: /home/pierres/COURS/slamnav/install/slam_toolbox/include/slam_toolbox/slam_toolbox/srv/detail/toggle_interactive__traits.hpp
[84.873s] -- Symlinking: /home/pierres/COURS/slamnav/install/slam_toolbox/include/slam_toolbox/slam_toolbox/srv/loop_closure.hpp
[84.884s] -- Symlinking: /home/pierres/COURS/slamnav/install/slam_toolbox/include/slam_toolbox/slam_toolbox/srv/merge_maps.hpp
[84.893s] -- Symlinking: /home/pierres/COURS/slamnav/install/slam_toolbox/include/slam_toolbox/slam_toolbox/srv/pause.hpp
[84.902s] -- Symlinking: /home/pierres/COURS/slamnav/install/slam_toolbox/include/slam_toolbox/slam_toolbox/srv/save_map.hpp
[84.911s] -- Symlinking: /home/pierres/COURS/slamnav/install/slam_toolbox/include/slam_toolbox/slam_toolbox/srv/serialize_pose_graph.hpp
[84.921s] -- Symlinking: /home/pierres/COURS/slamnav/install/slam_toolbox/include/slam_toolbox/slam_toolbox/srv/toggle_interactive.hpp
[84.932s] -- Symlinking: /home/pierres/COURS/slamnav/install/slam_toolbox/include/slam_toolbox/slam_toolbox/msg/rosidl_typesupport_fastrtps_cpp__visibility_control.h
[84.943s] -- Symlinking: /home/pierres/COURS/slamnav/install/slam_toolbox/include/slam_toolbox/slam_toolbox/srv/detail/add_submap__rosidl_typesupport_fastrtps_cpp.hpp
[84.955s] -- Symlinking: /home/pierres/COURS/slamnav/install/slam_toolbox/include/slam_toolbox/slam_toolbox/srv/detail/clear__rosidl_typesupport_fastrtps_cpp.hpp
[84.968s] -- Symlinking: /home/pierres/COURS/slamnav/install/slam_toolbox/include/slam_toolbox/slam_toolbox/srv/detail/clear_queue__rosidl_typesupport_fastrtps_cpp.hpp
[84.978s] -- Symlinking: /home/pierres/COURS/slamnav/install/slam_toolbox/include/slam_toolbox/slam_toolbox/srv/detail/deserialize_pose_graph__rosidl_typesupport_fastrtps_cpp.hpp
[84.988s] -- Symlinking: /home/pierres/COURS/slamnav/install/slam_toolbox/include/slam_toolbox/slam_toolbox/srv/detail/loop_closure__rosidl_typesupport_fastrtps_cpp.hpp
[84.999s] -- Symlinking: /home/pierres/COURS/slamnav/install/slam_toolbox/include/slam_toolbox/slam_toolbox/srv/detail/merge_maps__rosidl_typesupport_fastrtps_cpp.hpp
[85.008s] -- Symlinking: /home/pierres/COURS/slamnav/install/slam_toolbox/include/slam_toolbox/slam_toolbox/srv/detail/pause__rosidl_typesupport_fastrtps_cpp.hpp
[85.018s] -- Symlinking: /home/pierres/COURS/slamnav/install/slam_toolbox/include/slam_toolbox/slam_toolbox/srv/detail/save_map__rosidl_typesupport_fastrtps_cpp.hpp
[85.028s] -- Symlinking: /home/pierres/COURS/slamnav/install/slam_toolbox/include/slam_toolbox/slam_toolbox/srv/detail/serialize_pose_graph__rosidl_typesupport_fastrtps_cpp.hpp
[85.039s] -- Symlinking: /home/pierres/COURS/slamnav/install/slam_toolbox/include/slam_toolbox/slam_toolbox/srv/detail/toggle_interactive__rosidl_typesupport_fastrtps_cpp.hpp
[85.050s] -- Symlinking: /home/pierres/COURS/slamnav/install/slam_toolbox/include/slam_toolbox/slam_toolbox/msg/rosidl_typesupport_introspection_c__visibility_control.h
[85.061s] -- Symlinking: /home/pierres/COURS/slamnav/install/slam_toolbox/include/slam_toolbox/slam_toolbox/srv/detail/add_submap__rosidl_typesupport_introspection_c.h
[85.071s] -- Symlinking: /home/pierres/COURS/slamnav/install/slam_toolbox/include/slam_toolbox/slam_toolbox/srv/detail/clear__rosidl_typesupport_introspection_c.h
[85.081s] -- Symlinking: /home/pierres/COURS/slamnav/install/slam_toolbox/include/slam_toolbox/slam_toolbox/srv/detail/clear_queue__rosidl_typesupport_introspection_c.h
[85.091s] -- Symlinking: /home/pierres/COURS/slamnav/install/slam_toolbox/include/slam_toolbox/slam_toolbox/srv/detail/deserialize_pose_graph__rosidl_typesupport_introspection_c.h
[85.100s] -- Symlinking: /home/pierres/COURS/slamnav/install/slam_toolbox/include/slam_toolbox/slam_toolbox/srv/detail/loop_closure__rosidl_typesupport_introspection_c.h
[85.110s] -- Symlinking: /home/pierres/COURS/slamnav/install/slam_toolbox/include/slam_toolbox/slam_toolbox/srv/detail/merge_maps__rosidl_typesupport_introspection_c.h
[85.119s] -- Symlinking: /home/pierres/COURS/slamnav/install/slam_toolbox/include/slam_toolbox/slam_toolbox/srv/detail/pause__rosidl_typesupport_introspection_c.h
[85.130s] -- Symlinking: /home/pierres/COURS/slamnav/install/slam_toolbox/include/slam_toolbox/slam_toolbox/srv/detail/save_map__rosidl_typesupport_introspection_c.h
[85.140s] -- Symlinking: /home/pierres/COURS/slamnav/install/slam_toolbox/include/slam_toolbox/slam_toolbox/srv/detail/serialize_pose_graph__rosidl_typesupport_introspection_c.h
[85.150s] -- Symlinking: /home/pierres/COURS/slamnav/install/slam_toolbox/include/slam_toolbox/slam_toolbox/srv/detail/toggle_interactive__rosidl_typesupport_introspection_c.h
[85.163s] -- Symlinking: /home/pierres/COURS/slamnav/install/slam_toolbox/include/slam_toolbox/slam_toolbox/srv/detail/add_submap__rosidl_typesupport_introspection_cpp.hpp
[85.171s] -- Symlinking: /home/pierres/COURS/slamnav/install/slam_toolbox/include/slam_toolbox/slam_toolbox/srv/detail/clear__rosidl_typesupport_introspection_cpp.hpp
[85.181s] -- Symlinking: /home/pierres/COURS/slamnav/install/slam_toolbox/include/slam_toolbox/slam_toolbox/srv/detail/clear_queue__rosidl_typesupport_introspection_cpp.hpp
[85.191s] -- Symlinking: /home/pierres/COURS/slamnav/install/slam_toolbox/include/slam_toolbox/slam_toolbox/srv/detail/deserialize_pose_graph__rosidl_typesupport_introspection_cpp.hpp
[85.200s] -- Symlinking: /home/pierres/COURS/slamnav/install/slam_toolbox/include/slam_toolbox/slam_toolbox/srv/detail/loop_closure__rosidl_typesupport_introspection_cpp.hpp
[85.210s] -- Symlinking: /home/pierres/COURS/slamnav/install/slam_toolbox/include/slam_toolbox/slam_toolbox/srv/detail/merge_maps__rosidl_typesupport_introspection_cpp.hpp
[85.221s] -- Symlinking: /home/pierres/COURS/slamnav/install/slam_toolbox/include/slam_toolbox/slam_toolbox/srv/detail/pause__rosidl_typesupport_introspection_cpp.hpp
[85.231s] -- Symlinking: /home/pierres/COURS/slamnav/install/slam_toolbox/include/slam_toolbox/slam_toolbox/srv/detail/save_map__rosidl_typesupport_introspection_cpp.hpp
[85.243s] -- Symlinking: /home/pierres/COURS/slamnav/install/slam_toolbox/include/slam_toolbox/slam_toolbox/srv/detail/serialize_pose_graph__rosidl_typesupport_introspection_cpp.hpp
[85.254s] -- Symlinking: /home/pierres/COURS/slamnav/install/slam_toolbox/include/slam_toolbox/slam_toolbox/srv/detail/toggle_interactive__rosidl_typesupport_introspection_cpp.hpp
[85.265s] -- Symlinking: /home/pierres/COURS/slamnav/install/slam_toolbox/share/slam_toolbox/environment/pythonpath.sh
[85.276s] -- Symlinking: /home/pierres/COURS/slamnav/install/slam_toolbox/share/slam_toolbox/environment/pythonpath.dsv
[85.287s] -- Symlinking: /home/pierres/COURS/slamnav/install/slam_toolbox/local/lib/python3.10/dist-packages/slam_toolbox-2.6.8-py3.10.egg-info/PKG-INFO
[85.298s] -- Symlinking: /home/pierres/COURS/slamnav/install/slam_toolbox/local/lib/python3.10/dist-packages/slam_toolbox-2.6.8-py3.10.egg-info/SOURCES.txt
[85.307s] -- Symlinking: /home/pierres/COURS/slamnav/install/slam_toolbox/local/lib/python3.10/dist-packages/slam_toolbox-2.6.8-py3.10.egg-info/dependency_links.txt
[85.318s] -- Symlinking: /home/pierres/COURS/slamnav/install/slam_toolbox/local/lib/python3.10/dist-packages/slam_toolbox-2.6.8-py3.10.egg-info/top_level.txt
[85.328s] -- Symlinking: /home/pierres/COURS/slamnav/install/slam_toolbox/local/lib/python3.10/dist-packages/slam_toolbox/__init__.py
[85.338s] -- Symlinking: /home/pierres/COURS/slamnav/install/slam_toolbox/local/lib/python3.10/dist-packages/slam_toolbox/_slam_toolbox_s.ep.rosidl_typesupport_c.c
[85.350s] -- Symlinking: /home/pierres/COURS/slamnav/install/slam_toolbox/local/lib/python3.10/dist-packages/slam_toolbox/_slam_toolbox_s.ep.rosidl_typesupport_fastrtps_c.c
[85.363s] -- Symlinking: /home/pierres/COURS/slamnav/install/slam_toolbox/local/lib/python3.10/dist-packages/slam_toolbox/_slam_toolbox_s.ep.rosidl_typesupport_introspection_c.c
[85.373s] -- Symlinking: /home/pierres/COURS/slamnav/install/slam_toolbox/local/lib/python3.10/dist-packages/slam_toolbox/libslam_toolbox__rosidl_generator_py.so
[85.384s] -- Symlinking: /home/pierres/COURS/slamnav/install/slam_toolbox/local/lib/python3.10/dist-packages/slam_toolbox/slam_toolbox_s__rosidl_typesupport_c.cpython-310-x86_64-linux-gnu.so
[85.395s] -- Symlinking: /home/pierres/COURS/slamnav/install/slam_toolbox/local/lib/python3.10/dist-packages/slam_toolbox/slam_toolbox_s__rosidl_typesupport_fastrtps_c.cpython-310-x86_64-linux-gnu.so
[85.405s] -- Symlinking: /home/pierres/COURS/slamnav/install/slam_toolbox/local/lib/python3.10/dist-packages/slam_toolbox/slam_toolbox_s__rosidl_typesupport_introspection_c.cpython-310-x86_64-linux-gnu.so
[85.415s] -- Symlinking: /home/pierres/COURS/slamnav/install/slam_toolbox/local/lib/python3.10/dist-packages/slam_toolbox/srv/__init__.py
[85.424s] -- Symlinking: /home/pierres/COURS/slamnav/install/slam_toolbox/local/lib/python3.10/dist-packages/slam_toolbox/srv/_add_submap.py
[85.433s] -- Symlinking: /home/pierres/COURS/slamnav/install/slam_toolbox/local/lib/python3.10/dist-packages/slam_toolbox/srv/_add_submap_s.c
[85.442s] -- Symlinking: /home/pierres/COURS/slamnav/install/slam_toolbox/local/lib/python3.10/dist-packages/slam_toolbox/srv/_clear.py
[85.453s] -- Symlinking: /home/pierres/COURS/slamnav/install/slam_toolbox/local/lib/python3.10/dist-packages/slam_toolbox/srv/_clear_queue.py
[85.465s] -- Symlinking: /home/pierres/COURS/slamnav/install/slam_toolbox/local/lib/python3.10/dist-packages/slam_toolbox/srv/_clear_queue_s.c
[85.476s] -- Symlinking: /home/pierres/COURS/slamnav/install/slam_toolbox/local/lib/python3.10/dist-packages/slam_toolbox/srv/_clear_s.c
[85.486s] -- Symlinking: /home/pierres/COURS/slamnav/install/slam_toolbox/local/lib/python3.10/dist-packages/slam_toolbox/srv/_deserialize_pose_graph.py
[85.497s] -- Symlinking: /home/pierres/COURS/slamnav/install/slam_toolbox/local/lib/python3.10/dist-packages/slam_toolbox/srv/_deserialize_pose_graph_s.c
[85.505s] -- Symlinking: /home/pierres/COURS/slamnav/install/slam_toolbox/local/lib/python3.10/dist-packages/slam_toolbox/srv/_loop_closure.py
[85.513s] -- Symlinking: /home/pierres/COURS/slamnav/install/slam_toolbox/local/lib/python3.10/dist-packages/slam_toolbox/srv/_loop_closure_s.c
[85.522s] -- Symlinking: /home/pierres/COURS/slamnav/install/slam_toolbox/local/lib/python3.10/dist-packages/slam_toolbox/srv/_merge_maps.py
[85.534s] -- Symlinking: /home/pierres/COURS/slamnav/install/slam_toolbox/local/lib/python3.10/dist-packages/slam_toolbox/srv/_merge_maps_s.c
[85.543s] -- Symlinking: /home/pierres/COURS/slamnav/install/slam_toolbox/local/lib/python3.10/dist-packages/slam_toolbox/srv/_pause.py
[85.555s] -- Symlinking: /home/pierres/COURS/slamnav/install/slam_toolbox/local/lib/python3.10/dist-packages/slam_toolbox/srv/_pause_s.c
[85.565s] -- Symlinking: /home/pierres/COURS/slamnav/install/slam_toolbox/local/lib/python3.10/dist-packages/slam_toolbox/srv/_save_map.py
[85.574s] -- Symlinking: /home/pierres/COURS/slamnav/install/slam_toolbox/local/lib/python3.10/dist-packages/slam_toolbox/srv/_save_map_s.c
[85.584s] -- Symlinking: /home/pierres/COURS/slamnav/install/slam_toolbox/local/lib/python3.10/dist-packages/slam_toolbox/srv/_serialize_pose_graph.py
[85.594s] -- Symlinking: /home/pierres/COURS/slamnav/install/slam_toolbox/local/lib/python3.10/dist-packages/slam_toolbox/srv/_serialize_pose_graph_s.c
[85.605s] -- Symlinking: /home/pierres/COURS/slamnav/install/slam_toolbox/local/lib/python3.10/dist-packages/slam_toolbox/srv/_toggle_interactive.py
[85.612s] -- Symlinking: /home/pierres/COURS/slamnav/install/slam_toolbox/local/lib/python3.10/dist-packages/slam_toolbox/srv/_toggle_interactive_s.c
[85.621s] -- Up-to-date symlink: /home/pierres/COURS/slamnav/install/slam_toolbox/local/lib/python3.10/dist-packages/slam_toolbox/slam_toolbox_s__rosidl_typesupport_fastrtps_c.cpython-310-x86_64-linux-gnu.so
[85.621s] -- Up-to-date symlink: /home/pierres/COURS/slamnav/install/slam_toolbox/local/lib/python3.10/dist-packages/slam_toolbox/slam_toolbox_s__rosidl_typesupport_introspection_c.cpython-310-x86_64-linux-gnu.so
[85.622s] -- Up-to-date symlink: /home/pierres/COURS/slamnav/install/slam_toolbox/local/lib/python3.10/dist-packages/slam_toolbox/slam_toolbox_s__rosidl_typesupport_c.cpython-310-x86_64-linux-gnu.so
[85.622s] -- Symlinking: /home/pierres/COURS/slamnav/install/slam_toolbox/share/slam_toolbox/srv/Pause.idl
[85.631s] -- Symlinking: /home/pierres/COURS/slamnav/install/slam_toolbox/share/slam_toolbox/srv/ClearQueue.idl
[85.642s] -- Symlinking: /home/pierres/COURS/slamnav/install/slam_toolbox/share/slam_toolbox/srv/ToggleInteractive.idl
[85.653s] -- Symlinking: /home/pierres/COURS/slamnav/install/slam_toolbox/share/slam_toolbox/srv/Clear.idl
[85.663s] -- Symlinking: /home/pierres/COURS/slamnav/install/slam_toolbox/share/slam_toolbox/srv/SaveMap.idl
[85.673s] -- Symlinking: /home/pierres/COURS/slamnav/install/slam_toolbox/share/slam_toolbox/srv/LoopClosure.idl
[85.683s] -- Symlinking: /home/pierres/COURS/slamnav/install/slam_toolbox/share/slam_toolbox/srv/MergeMaps.idl
[85.692s] -- Symlinking: /home/pierres/COURS/slamnav/install/slam_toolbox/share/slam_toolbox/srv/AddSubmap.idl
[85.703s] -- Symlinking: /home/pierres/COURS/slamnav/install/slam_toolbox/share/slam_toolbox/srv/DeserializePoseGraph.idl
[85.714s] -- Symlinking: /home/pierres/COURS/slamnav/install/slam_toolbox/share/slam_toolbox/srv/SerializePoseGraph.idl
[85.723s] -- Symlinking: /home/pierres/COURS/slamnav/install/slam_toolbox/share/slam_toolbox/srvs/Pause.srv
[85.735s] -- Symlinking: /home/pierres/COURS/slamnav/install/slam_toolbox/share/slam_toolbox/srvs/Pause_Request.msg
[85.744s] -- Symlinking: /home/pierres/COURS/slamnav/install/slam_toolbox/share/slam_toolbox/srvs/Pause_Response.msg
[85.757s] -- Symlinking: /home/pierres/COURS/slamnav/install/slam_toolbox/share/slam_toolbox/srvs/ClearQueue.srv
[85.768s] -- Symlinking: /home/pierres/COURS/slamnav/install/slam_toolbox/share/slam_toolbox/srvs/ClearQueue_Request.msg
[85.778s] -- Symlinking: /home/pierres/COURS/slamnav/install/slam_toolbox/share/slam_toolbox/srvs/ClearQueue_Response.msg
[85.788s] -- Symlinking: /home/pierres/COURS/slamnav/install/slam_toolbox/share/slam_toolbox/srvs/ToggleInteractive.srv
[85.798s] -- Symlinking: /home/pierres/COURS/slamnav/install/slam_toolbox/share/slam_toolbox/srvs/ToggleInteractive_Request.msg
[85.808s] -- Symlinking: /home/pierres/COURS/slamnav/install/slam_toolbox/share/slam_toolbox/srvs/ToggleInteractive_Response.msg
[85.816s] -- Symlinking: /home/pierres/COURS/slamnav/install/slam_toolbox/share/slam_toolbox/srvs/Clear.srv
[85.825s] -- Symlinking: /home/pierres/COURS/slamnav/install/slam_toolbox/share/slam_toolbox/srvs/Clear_Request.msg
[85.834s] -- Symlinking: /home/pierres/COURS/slamnav/install/slam_toolbox/share/slam_toolbox/srvs/Clear_Response.msg
[85.845s] -- Symlinking: /home/pierres/COURS/slamnav/install/slam_toolbox/share/slam_toolbox/srvs/SaveMap.srv
[85.856s] -- Symlinking: /home/pierres/COURS/slamnav/install/slam_toolbox/share/slam_toolbox/srvs/SaveMap_Request.msg
[85.867s] -- Symlinking: /home/pierres/COURS/slamnav/install/slam_toolbox/share/slam_toolbox/srvs/SaveMap_Response.msg
[85.876s] -- Symlinking: /home/pierres/COURS/slamnav/install/slam_toolbox/share/slam_toolbox/srvs/LoopClosure.srv
[85.887s] -- Symlinking: /home/pierres/COURS/slamnav/install/slam_toolbox/share/slam_toolbox/srvs/LoopClosure_Request.msg
[85.895s] -- Symlinking: /home/pierres/COURS/slamnav/install/slam_toolbox/share/slam_toolbox/srvs/LoopClosure_Response.msg
[85.903s] -- Symlinking: /home/pierres/COURS/slamnav/install/slam_toolbox/share/slam_toolbox/srvs/MergeMaps.srv
[85.912s] -- Symlinking: /home/pierres/COURS/slamnav/install/slam_toolbox/share/slam_toolbox/srvs/MergeMaps_Request.msg
[85.921s] -- Symlinking: /home/pierres/COURS/slamnav/install/slam_toolbox/share/slam_toolbox/srvs/MergeMaps_Response.msg
[85.930s] -- Symlinking: /home/pierres/COURS/slamnav/install/slam_toolbox/share/slam_toolbox/srvs/AddSubmap.srv
[85.941s] -- Symlinking: /home/pierres/COURS/slamnav/install/slam_toolbox/share/slam_toolbox/srvs/AddSubmap_Request.msg
[85.953s] -- Symlinking: /home/pierres/COURS/slamnav/install/slam_toolbox/share/slam_toolbox/srvs/AddSubmap_Response.msg
[85.966s] -- Symlinking: /home/pierres/COURS/slamnav/install/slam_toolbox/share/slam_toolbox/srvs/DeserializePoseGraph.srv
[85.978s] -- Symlinking: /home/pierres/COURS/slamnav/install/slam_toolbox/share/slam_toolbox/srvs/DeserializePoseGraph_Request.msg
[85.988s] -- Symlinking: /home/pierres/COURS/slamnav/install/slam_toolbox/share/slam_toolbox/srvs/DeserializePoseGraph_Response.msg
[85.998s] -- Symlinking: /home/pierres/COURS/slamnav/install/slam_toolbox/share/slam_toolbox/srvs/SerializePoseGraph.srv
[86.008s] -- Symlinking: /home/pierres/COURS/slamnav/install/slam_toolbox/share/slam_toolbox/srvs/SerializePoseGraph_Request.msg
[86.016s] -- Symlinking: /home/pierres/COURS/slamnav/install/slam_toolbox/share/slam_toolbox/srvs/SerializePoseGraph_Response.msg
[86.024s] -- Symlinking: /home/pierres/COURS/slamnav/install/slam_toolbox/share/slam_toolbox//rviz_plugins.xml
[86.030s] -- Symlinking: /home/pierres/COURS/slamnav/install/slam_toolbox/share/slam_toolbox//solver_plugins.xml
[86.041s] -- Symlinking: /home/pierres/COURS/slamnav/install/slam_toolbox/lib/slam_toolbox/async_slam_toolbox_node
[86.051s] -- Symlinking: /home/pierres/COURS/slamnav/install/slam_toolbox/lib/slam_toolbox/sync_slam_toolbox_node
[86.062s] -- Symlinking: /home/pierres/COURS/slamnav/install/slam_toolbox/lib/slam_toolbox/localization_slam_toolbox_node
[86.073s] -- Symlinking: /home/pierres/COURS/slamnav/install/slam_toolbox/lib/slam_toolbox/map_and_localization_slam_toolbox_node
[86.082s] -- Symlinking: /home/pierres/COURS/slamnav/install/slam_toolbox/lib/slam_toolbox/merge_maps_kinematic
[86.091s] -- Symlinking: /home/pierres/COURS/slamnav/install/slam_toolbox/lib/libtoolbox_common.so
[86.101s] -- Symlinking: /home/pierres/COURS/slamnav/install/slam_toolbox/lib/libSlamToolboxPlugin.so
[86.111s] -- Symlinking: /home/pierres/COURS/slamnav/install/slam_toolbox/lib/libceres_solver_plugin.so
[86.121s] -- Symlinking: /home/pierres/COURS/slamnav/install/slam_toolbox/lib/libasync_slam_toolbox.so
[86.130s] -- Symlinking: /home/pierres/COURS/slamnav/install/slam_toolbox/lib/libsync_slam_toolbox.so
[86.142s] -- Symlinking: /home/pierres/COURS/slamnav/install/slam_toolbox/lib/liblocalization_slam_toolbox.so
[86.150s] -- Symlinking: /home/pierres/COURS/slamnav/install/slam_toolbox/lib/liblifelong_slam_toolbox.so
[86.160s] -- Symlinking: /home/pierres/COURS/slamnav/install/slam_toolbox/lib/libmap_and_localization_slam_toolbox.so
[86.170s] -- Symlinking: /home/pierres/COURS/slamnav/install/slam_toolbox/lib/libkartoSlamToolbox.so
[86.181s] -- Symlinking: /home/pierres/COURS/slamnav/install/slam_toolbox/include/slam_toolbox/experimental/slam_toolbox_lifelong.hpp
[86.189s] -- Symlinking: /home/pierres/COURS/slamnav/install/slam_toolbox/include/slam_toolbox/experimental/slam_toolbox_map_and_localization.hpp
[86.200s] -- Symlinking: /home/pierres/COURS/slamnav/install/slam_toolbox/include/slam_toolbox/get_pose_helper.hpp
[86.210s] -- Symlinking: /home/pierres/COURS/slamnav/install/slam_toolbox/include/slam_toolbox/laser_utils.hpp
[86.220s] -- Symlinking: /home/pierres/COURS/slamnav/install/slam_toolbox/include/slam_toolbox/loop_closure_assistant.hpp
[86.238s] -- Symlinking: /home/pierres/COURS/slamnav/install/slam_toolbox/include/slam_toolbox/map_saver.hpp
[86.240s] -- Symlinking: /home/pierres/COURS/slamnav/install/slam_toolbox/include/slam_toolbox/merge_maps_kinematic.hpp
[86.253s] -- Symlinking: /home/pierres/COURS/slamnav/install/slam_toolbox/include/slam_toolbox/serialization.hpp
[86.266s] -- Symlinking: /home/pierres/COURS/slamnav/install/slam_toolbox/include/slam_toolbox/slam_mapper.hpp
[86.276s] -- Symlinking: /home/pierres/COURS/slamnav/install/slam_toolbox/include/slam_toolbox/slam_toolbox_async.hpp
[86.286s] -- Symlinking: /home/pierres/COURS/slamnav/install/slam_toolbox/include/slam_toolbox/slam_toolbox_common.hpp
[86.296s] -- Symlinking: /home/pierres/COURS/slamnav/install/slam_toolbox/include/slam_toolbox/slam_toolbox_localization.hpp
[86.305s] -- Symlinking: /home/pierres/COURS/slamnav/install/slam_toolbox/include/slam_toolbox/slam_toolbox_sync.hpp
[86.315s] -- Symlinking: /home/pierres/COURS/slamnav/install/slam_toolbox/include/slam_toolbox/snap_utils.hpp
[86.324s] -- Symlinking: /home/pierres/COURS/slamnav/install/slam_toolbox/include/slam_toolbox/toolbox_msgs.hpp
[86.334s] -- Symlinking: /home/pierres/COURS/slamnav/install/slam_toolbox/include/slam_toolbox/toolbox_types.hpp
[86.345s] -- Symlinking: /home/pierres/COURS/slamnav/install/slam_toolbox/include/slam_toolbox/visualization_utils.hpp
[86.353s] -- Symlinking: /home/pierres/COURS/slamnav/install/slam_toolbox/share/slam_toolbox/launch/localization_launch.py
[86.364s] -- Symlinking: /home/pierres/COURS/slamnav/install/slam_toolbox/share/slam_toolbox/launch/merge_maps_kinematic_launch.py
[86.374s] -- Symlinking: /home/pierres/COURS/slamnav/install/slam_toolbox/share/slam_toolbox/launch/offline_launch.py
[86.384s] -- Symlinking: /home/pierres/COURS/slamnav/install/slam_toolbox/share/slam_toolbox/launch/online_async_launch.py
[86.395s] -- Symlinking: /home/pierres/COURS/slamnav/install/slam_toolbox/share/slam_toolbox/launch/online_sync_launch.py
[86.404s] -- Symlinking: /home/pierres/COURS/slamnav/install/slam_toolbox/share/slam_toolbox/config/mapper_params_lifelong.yaml
[86.414s] -- Symlinking: /home/pierres/COURS/slamnav/install/slam_toolbox/share/slam_toolbox/config/mapper_params_localization.yaml
[86.423s] -- Symlinking: /home/pierres/COURS/slamnav/install/slam_toolbox/share/slam_toolbox/config/mapper_params_offline.yaml
[86.433s] -- Symlinking: /home/pierres/COURS/slamnav/install/slam_toolbox/share/slam_toolbox/config/mapper_params_online_async.yaml
[86.441s] -- Symlinking: /home/pierres/COURS/slamnav/install/slam_toolbox/share/slam_toolbox/config/mapper_params_online_sync.yaml
[86.450s] -- Symlinking: /home/pierres/COURS/slamnav/install/slam_toolbox/share/slam_toolbox/config/slam_toolbox_default.rviz
[86.461s] -- Symlinking: /home/pierres/COURS/slamnav/install/slam_toolbox/share/solver_plugins.xml
[86.470s] -- Symlinking: /home/pierres/COURS/slamnav/install/slam_toolbox/share/rviz_plugins.xml
[86.480s] -- Symlinking: /home/pierres/COURS/slamnav/install/slam_toolbox/share/ament_index/resource_index/package_run_dependencies/slam_toolbox
[86.491s] -- Symlinking: /home/pierres/COURS/slamnav/install/slam_toolbox/share/ament_index/resource_index/parent_prefix_path/slam_toolbox
[86.501s] -- Symlinking: /home/pierres/COURS/slamnav/install/slam_toolbox/share/slam_toolbox/environment/ament_prefix_path.sh
[86.511s] -- Symlinking: /home/pierres/COURS/slamnav/install/slam_toolbox/share/slam_toolbox/environment/ament_prefix_path.dsv
[86.520s] -- Symlinking: /home/pierres/COURS/slamnav/install/slam_toolbox/share/slam_toolbox/environment/path.sh
[86.530s] -- Symlinking: /home/pierres/COURS/slamnav/install/slam_toolbox/share/slam_toolbox/environment/path.dsv
[86.540s] -- Symlinking: /home/pierres/COURS/slamnav/install/slam_toolbox/share/slam_toolbox/local_setup.bash
[86.551s] -- Symlinking: /home/pierres/COURS/slamnav/install/slam_toolbox/share/slam_toolbox/local_setup.sh
[86.562s] -- Symlinking: /home/pierres/COURS/slamnav/install/slam_toolbox/share/slam_toolbox/local_setup.zsh
[86.572s] -- Symlinking: /home/pierres/COURS/slamnav/install/slam_toolbox/share/slam_toolbox/local_setup.dsv
[86.581s] -- Symlinking: /home/pierres/COURS/slamnav/install/slam_toolbox/share/slam_toolbox/package.dsv
[86.591s] -- Symlinking: /home/pierres/COURS/slamnav/install/slam_toolbox/share/ament_index/resource_index/packages/slam_toolbox
[86.600s] -- Symlinking: /home/pierres/COURS/slamnav/install/slam_toolbox/share/ament_index/resource_index/rviz_common__pluginlib__plugin/slam_toolbox
[86.610s] -- Symlinking: /home/pierres/COURS/slamnav/install/slam_toolbox/share/ament_index/resource_index/slam_toolbox__pluginlib__plugin/slam_toolbox
[86.620s] -- Symlinking: /home/pierres/COURS/slamnav/install/slam_toolbox/share/ament_index/resource_index/rclcpp_components/slam_toolbox
[86.630s] -- Symlinking: /home/pierres/COURS/slamnav/install/slam_toolbox/share/slam_toolbox/cmake/rosidl_cmake-extras.cmake
[86.641s] -- Symlinking: /home/pierres/COURS/slamnav/install/slam_toolbox/share/slam_toolbox/cmake/ament_cmake_export_dependencies-extras.cmake
[86.651s] -- Symlinking: /home/pierres/COURS/slamnav/install/slam_toolbox/share/slam_toolbox/cmake/ament_cmake_export_include_directories-extras.cmake
[86.661s] -- Symlinking: /home/pierres/COURS/slamnav/install/slam_toolbox/share/slam_toolbox/cmake/ament_cmake_export_libraries-extras.cmake
[86.672s] -- Symlinking: /home/pierres/COURS/slamnav/install/slam_toolbox/share/slam_toolbox/cmake/ament_cmake_export_targets-extras.cmake
[86.682s] -- Symlinking: /home/pierres/COURS/slamnav/install/slam_toolbox/share/slam_toolbox/cmake/rosidl_cmake_export_typesupport_targets-extras.cmake
[86.692s] -- Symlinking: /home/pierres/COURS/slamnav/install/slam_toolbox/share/slam_toolbox/cmake/rosidl_cmake_export_typesupport_libraries-extras.cmake
[86.702s] -- Symlinking: /home/pierres/COURS/slamnav/install/slam_toolbox/share/slam_toolbox/cmake/slam_toolboxConfig.cmake
[86.713s] -- Symlinking: /home/pierres/COURS/slamnav/install/slam_toolbox/share/slam_toolbox/cmake/slam_toolboxConfig-version.cmake
[86.723s] -- Symlinking: /home/pierres/COURS/slamnav/install/slam_toolbox/share/slam_toolbox/package.xml
[86.735s] -- Installing: /home/pierres/COURS/slamnav/install/slam_toolbox/lib/libslam_toolbox__rosidl_generator_c.so
[86.735s] -- Set runtime path of "/home/pierres/COURS/slamnav/install/slam_toolbox/lib/libslam_toolbox__rosidl_generator_c.so" to ""
[86.735s] -- Installing: /home/pierres/COURS/slamnav/install/slam_toolbox/lib/libslam_toolbox__rosidl_typesupport_fastrtps_c.so
[86.735s] -- Set runtime path of "/home/pierres/COURS/slamnav/install/slam_toolbox/lib/libslam_toolbox__rosidl_typesupport_fastrtps_c.so" to ""
[86.735s] -- Installing: /home/pierres/COURS/slamnav/install/slam_toolbox/lib/libslam_toolbox__rosidl_typesupport_fastrtps_cpp.so
[86.736s] -- Set runtime path of "/home/pierres/COURS/slamnav/install/slam_toolbox/lib/libslam_toolbox__rosidl_typesupport_fastrtps_cpp.so" to ""
[86.736s] -- Installing: /home/pierres/COURS/slamnav/install/slam_toolbox/lib/libslam_toolbox__rosidl_typesupport_introspection_c.so
[86.736s] -- Set runtime path of "/home/pierres/COURS/slamnav/install/slam_toolbox/lib/libslam_toolbox__rosidl_typesupport_introspection_c.so" to ""
[86.736s] -- Installing: /home/pierres/COURS/slamnav/install/slam_toolbox/lib/libslam_toolbox__rosidl_typesupport_c.so
[86.736s] -- Set runtime path of "/home/pierres/COURS/slamnav/install/slam_toolbox/lib/libslam_toolbox__rosidl_typesupport_c.so" to ""
[86.736s] -- Installing: /home/pierres/COURS/slamnav/install/slam_toolbox/lib/libslam_toolbox__rosidl_typesupport_introspection_cpp.so
[86.737s] -- Set runtime path of "/home/pierres/COURS/slamnav/install/slam_toolbox/lib/libslam_toolbox__rosidl_typesupport_introspection_cpp.so" to ""
[86.737s] -- Installing: /home/pierres/COURS/slamnav/install/slam_toolbox/lib/libslam_toolbox__rosidl_typesupport_cpp.so
[86.737s] -- Set runtime path of "/home/pierres/COURS/slamnav/install/slam_toolbox/lib/libslam_toolbox__rosidl_typesupport_cpp.so" to ""
[86.779s] Listing '/home/pierres/COURS/slamnav/install/slam_toolbox/local/lib/python3.10/dist-packages/slam_toolbox'...
[86.779s] Compiling '/home/pierres/COURS/slamnav/install/slam_toolbox/local/lib/python3.10/dist-packages/slam_toolbox/__init__.py'...
[86.779s] Listing '/home/pierres/COURS/slamnav/install/slam_toolbox/local/lib/python3.10/dist-packages/slam_toolbox/srv'...
[86.779s] Compiling '/home/pierres/COURS/slamnav/install/slam_toolbox/local/lib/python3.10/dist-packages/slam_toolbox/srv/__init__.py'...
[86.779s] Compiling '/home/pierres/COURS/slamnav/install/slam_toolbox/local/lib/python3.10/dist-packages/slam_toolbox/srv/_add_submap.py'...
[86.779s] Compiling '/home/pierres/COURS/slamnav/install/slam_toolbox/local/lib/python3.10/dist-packages/slam_toolbox/srv/_clear.py'...
[86.779s] Compiling '/home/pierres/COURS/slamnav/install/slam_toolbox/local/lib/python3.10/dist-packages/slam_toolbox/srv/_clear_queue.py'...
[86.779s] Compiling '/home/pierres/COURS/slamnav/install/slam_toolbox/local/lib/python3.10/dist-packages/slam_toolbox/srv/_deserialize_pose_graph.py'...
[86.779s] Compiling '/home/pierres/COURS/slamnav/install/slam_toolbox/local/lib/python3.10/dist-packages/slam_toolbox/srv/_loop_closure.py'...
[86.779s] Compiling '/home/pierres/COURS/slamnav/install/slam_toolbox/local/lib/python3.10/dist-packages/slam_toolbox/srv/_merge_maps.py'...
[86.779s] Compiling '/home/pierres/COURS/slamnav/install/slam_toolbox/local/lib/python3.10/dist-packages/slam_toolbox/srv/_pause.py'...
[86.779s] Compiling '/home/pierres/COURS/slamnav/install/slam_toolbox/local/lib/python3.10/dist-packages/slam_toolbox/srv/_save_map.py'...
[86.779s] Compiling '/home/pierres/COURS/slamnav/install/slam_toolbox/local/lib/python3.10/dist-packages/slam_toolbox/srv/_serialize_pose_graph.py'...
[86.779s] Compiling '/home/pierres/COURS/slamnav/install/slam_toolbox/local/lib/python3.10/dist-packages/slam_toolbox/srv/_toggle_interactive.py'...
[86.782s] -- Installing: /home/pierres/COURS/slamnav/install/slam_toolbox/lib/libslam_toolbox__rosidl_generator_py.so
[86.782s] -- Set runtime path of "/home/pierres/COURS/slamnav/install/slam_toolbox/lib/libslam_toolbox__rosidl_generator_py.so" to ""
[86.783s] -- Installing: /home/pierres/COURS/slamnav/install/slam_toolbox/share/slam_toolbox/cmake/export_slam_toolbox__rosidl_generator_cExport.cmake
[86.783s] -- Installing: /home/pierres/COURS/slamnav/install/slam_toolbox/share/slam_toolbox/cmake/export_slam_toolbox__rosidl_generator_cExport-release.cmake
[86.783s] -- Installing: /home/pierres/COURS/slamnav/install/slam_toolbox/share/slam_toolbox/cmake/export_slam_toolbox__rosidl_typesupport_fastrtps_cExport.cmake
[86.783s] -- Installing: /home/pierres/COURS/slamnav/install/slam_toolbox/share/slam_toolbox/cmake/export_slam_toolbox__rosidl_typesupport_fastrtps_cExport-release.cmake
[86.783s] -- Installing: /home/pierres/COURS/slamnav/install/slam_toolbox/share/slam_toolbox/cmake/export_slam_toolbox__rosidl_generator_cppExport.cmake
[86.783s] -- Installing: /home/pierres/COURS/slamnav/install/slam_toolbox/share/slam_toolbox/cmake/export_slam_toolbox__rosidl_typesupport_fastrtps_cppExport.cmake
[86.784s] -- Installing: /home/pierres/COURS/slamnav/install/slam_toolbox/share/slam_toolbox/cmake/export_slam_toolbox__rosidl_typesupport_fastrtps_cppExport-release.cmake
[86.784s] -- Installing: /home/pierres/COURS/slamnav/install/slam_toolbox/share/slam_toolbox/cmake/slam_toolbox__rosidl_typesupport_introspection_cExport.cmake
[86.784s] -- Installing: /home/pierres/COURS/slamnav/install/slam_toolbox/share/slam_toolbox/cmake/slam_toolbox__rosidl_typesupport_introspection_cExport-release.cmake
[86.784s] -- Installing: /home/pierres/COURS/slamnav/install/slam_toolbox/share/slam_toolbox/cmake/slam_toolbox__rosidl_typesupport_cExport.cmake
[86.784s] -- Installing: /home/pierres/COURS/slamnav/install/slam_toolbox/share/slam_toolbox/cmake/slam_toolbox__rosidl_typesupport_cExport-release.cmake
[86.784s] -- Installing: /home/pierres/COURS/slamnav/install/slam_toolbox/share/slam_toolbox/cmake/slam_toolbox__rosidl_typesupport_introspection_cppExport.cmake
[86.785s] -- Installing: /home/pierres/COURS/slamnav/install/slam_toolbox/share/slam_toolbox/cmake/slam_toolbox__rosidl_typesupport_introspection_cppExport-release.cmake
[86.785s] -- Installing: /home/pierres/COURS/slamnav/install/slam_toolbox/share/slam_toolbox/cmake/slam_toolbox__rosidl_typesupport_cppExport.cmake
[86.785s] -- Installing: /home/pierres/COURS/slamnav/install/slam_toolbox/share/slam_toolbox/cmake/slam_toolbox__rosidl_typesupport_cppExport-release.cmake
[86.785s] -- Installing: /home/pierres/COURS/slamnav/install/slam_toolbox/share/slam_toolbox/cmake/export_slam_toolbox__rosidl_generator_pyExport.cmake
[86.785s] -- Installing: /home/pierres/COURS/slamnav/install/slam_toolbox/share/slam_toolbox/cmake/export_slam_toolbox__rosidl_generator_pyExport-release.cmake
[86.785s] -- Installing: /home/pierres/COURS/slamnav/install/slam_toolbox/share/slam_toolbox/cmake/SlamToolboxPluginExport.cmake
[86.786s] -- Installing: /home/pierres/COURS/slamnav/install/slam_toolbox/share/slam_toolbox/cmake/SlamToolboxPluginExport-release.cmake
[86.789s] Invoked command in '/home/pierres/COURS/slamnav/build/slam_toolbox' returned '0': CMAKE_PREFIX_PATH=/opt/ros/humble:/home/pierres/COURS/slamnav/install/slamnav_turtlebot /usr/bin/cmake --install /home/pierres/COURS/slamnav/build/slam_toolbox
