[0.361s] Invoking command in '/home/pierres/COURS/slamnav/src/slamnav_turtlebot': PYTHONPATH=/home/pierres/COURS/slamnav/build/slamnav_turtlebot/prefix_override:/usr/lib/python3/dist-packages/colcon_core/task/python/colcon_distutils_commands:/home/pierres/COURS/slamnav/install/slamnav_turtlebot/lib/python3.10/site-packages: /usr/bin/python3 -W ignore:setup.py install is deprecated setup.py egg_info --egg-base ../../build/slamnav_turtlebot build --build-base /home/pierres/COURS/slamnav/build/slamnav_turtlebot/build install --record /home/pierres/COURS/slamnav/build/slamnav_turtlebot/install.log --install-scripts $base/lib/slamnav_turtlebot --single-version-externally-managed install_data
[0.477s] /home/pierres/.local/lib/python3.10/site-packages/setuptools/dist.py:717: UserWarning: Usage of dash-separated 'script-dir' will not be supported in future versions. Please use the underscore name 'script_dir' instead
[0.477s]   warnings.warn(
[0.494s] running egg_info
[0.494s] creating ../../build/slamnav_turtlebot/slamnav_turtlebot.egg-info
[0.495s] writing ../../build/slamnav_turtlebot/slamnav_turtlebot.egg-info/PKG-INFO
[0.495s] writing dependency_links to ../../build/slamnav_turtlebot/slamnav_turtlebot.egg-info/dependency_links.txt
[0.495s] writing entry points to ../../build/slamnav_turtlebot/slamnav_turtlebot.egg-info/entry_points.txt
[0.495s] writing requirements to ../../build/slamnav_turtlebot/slamnav_turtlebot.egg-info/requires.txt
[0.495s] writing top-level names to ../../build/slamnav_turtlebot/slamnav_turtlebot.egg-info/top_level.txt
[0.495s] writing manifest file '../../build/slamnav_turtlebot/slamnav_turtlebot.egg-info/SOURCES.txt'
[0.496s] reading manifest file '../../build/slamnav_turtlebot/slamnav_turtlebot.egg-info/SOURCES.txt'
[0.496s] writing manifest file '../../build/slamnav_turtlebot/slamnav_turtlebot.egg-info/SOURCES.txt'
[0.496s] running build
[0.496s] running build_py
[0.496s] creating /home/pierres/COURS/slamnav/build/slamnav_turtlebot/build
[0.496s] creating /home/pierres/COURS/slamnav/build/slamnav_turtlebot/build/lib
[0.496s] creating /home/pierres/COURS/slamnav/build/slamnav_turtlebot/build/lib/slamnav_turtlebot
[0.496s] copying slamnav_turtlebot/joy_teleop.py -> /home/pierres/COURS/slamnav/build/slamnav_turtlebot/build/lib/slamnav_turtlebot
[0.497s] copying slamnav_turtlebot/__init__.py -> /home/pierres/COURS/slamnav/build/slamnav_turtlebot/build/lib/slamnav_turtlebot
[0.497s] running install
[0.497s] running install_lib
[0.497s] creating /home/pierres/COURS/slamnav/install/slamnav_turtlebot/lib/python3.10/site-packages/slamnav_turtlebot
[0.497s] copying /home/pierres/COURS/slamnav/build/slamnav_turtlebot/build/lib/slamnav_turtlebot/joy_teleop.py -> /home/pierres/COURS/slamnav/install/slamnav_turtlebot/lib/python3.10/site-packages/slamnav_turtlebot
[0.497s] copying /home/pierres/COURS/slamnav/build/slamnav_turtlebot/build/lib/slamnav_turtlebot/__init__.py -> /home/pierres/COURS/slamnav/install/slamnav_turtlebot/lib/python3.10/site-packages/slamnav_turtlebot
[0.497s] byte-compiling /home/pierres/COURS/slamnav/install/slamnav_turtlebot/lib/python3.10/site-packages/slamnav_turtlebot/joy_teleop.py to joy_teleop.cpython-310.pyc
[0.498s] byte-compiling /home/pierres/COURS/slamnav/install/slamnav_turtlebot/lib/python3.10/site-packages/slamnav_turtlebot/__init__.py to __init__.cpython-310.pyc
[0.498s] running install_data
[0.498s] creating /home/pierres/COURS/slamnav/install/slamnav_turtlebot/share/ament_index
[0.498s] creating /home/pierres/COURS/slamnav/install/slamnav_turtlebot/share/ament_index/resource_index
[0.498s] creating /home/pierres/COURS/slamnav/install/slamnav_turtlebot/share/ament_index/resource_index/packages
[0.498s] copying resource/slamnav_turtlebot -> /home/pierres/COURS/slamnav/install/slamnav_turtlebot/share/ament_index/resource_index/packages
[0.498s] copying package.xml -> /home/pierres/COURS/slamnav/install/slamnav_turtlebot/share/slamnav_turtlebot
[0.498s] creating /home/pierres/COURS/slamnav/install/slamnav_turtlebot/share/slamnav_turtlebot/launch
[0.498s] copying launch/nav.launch.xml -> /home/pierres/COURS/slamnav/install/slamnav_turtlebot/share/slamnav_turtlebot/launch
[0.498s] copying launch/slam.launch.xml -> /home/pierres/COURS/slamnav/install/slamnav_turtlebot/share/slamnav_turtlebot/launch
[0.498s] copying launch/simulation.launch.xml -> /home/pierres/COURS/slamnav/install/slamnav_turtlebot/share/slamnav_turtlebot/launch
[0.498s] copying launch/teleop.launch.py -> /home/pierres/COURS/slamnav/install/slamnav_turtlebot/share/slamnav_turtlebot/launch
[0.498s] creating /home/pierres/COURS/slamnav/install/slamnav_turtlebot/share/slamnav_turtlebot/config
[0.498s] copying config/mux.yaml -> /home/pierres/COURS/slamnav/install/slamnav_turtlebot/share/slamnav_turtlebot/config
[0.498s] running install_egg_info
[0.499s] Copying ../../build/slamnav_turtlebot/slamnav_turtlebot.egg-info to /home/pierres/COURS/slamnav/install/slamnav_turtlebot/lib/python3.10/site-packages/slamnav_turtlebot-0.0.0-py3.10.egg-info
[0.499s] running install_scripts
[0.512s] Installing joy_teleop script to /home/pierres/COURS/slamnav/install/slamnav_turtlebot/lib/slamnav_turtlebot
[0.512s] writing list of installed files to '/home/pierres/COURS/slamnav/build/slamnav_turtlebot/install.log'
[0.527s] Invoked command in '/home/pierres/COURS/slamnav/src/slamnav_turtlebot' returned '0': PYTHONPATH=/home/pierres/COURS/slamnav/build/slamnav_turtlebot/prefix_override:/usr/lib/python3/dist-packages/colcon_core/task/python/colcon_distutils_commands:/home/pierres/COURS/slamnav/install/slamnav_turtlebot/lib/python3.10/site-packages: /usr/bin/python3 -W ignore:setup.py install is deprecated setup.py egg_info --egg-base ../../build/slamnav_turtlebot build --build-base /home/pierres/COURS/slamnav/build/slamnav_turtlebot/build install --record /home/pierres/COURS/slamnav/build/slamnav_turtlebot/install.log --install-scripts $base/lib/slamnav_turtlebot --single-version-externally-managed install_data
