[0.007s] Invoking command in '/home/pierres/COURS/slamnav/build/nav_2d_msgs': /usr/bin/cmake --build /home/pierres/COURS/slamnav/build/nav_2d_msgs -- -j16 -l16
[0.052s] [  1%] Built target nav_2d_msgs__cpp
[0.052s] [ 12%] Built target nav_2d_msgs__rosidl_generator_c
[0.061s] [ 12%] Built target ament_cmake_python_symlink_nav_2d_msgs
[0.084s] [ 23%] Built target nav_2d_msgs__rosidl_typesupport_introspection_c
[0.085s] [ 35%] Built target nav_2d_msgs__rosidl_typesupport_fastrtps_c
[0.086s] [ 46%] Built target nav_2d_msgs__rosidl_typesupport_introspection_cpp
[0.089s] [ 57%] Built target nav_2d_msgs__rosidl_typesupport_cpp
[0.090s] [ 69%] Built target nav_2d_msgs__rosidl_typesupport_fastrtps_cpp
[0.092s] [ 80%] Built target nav_2d_msgs__rosidl_typesupport_c
[0.107s] [ 80%] Built target nav_2d_msgs
[0.127s] [ 81%] Built target nav_2d_msgs__py
[0.151s] [ 91%] Built target nav_2d_msgs__rosidl_generator_py
[0.171s] [ 94%] Built target nav_2d_msgs__rosidl_typesupport_introspection_c__pyext
[0.172s] [ 97%] Built target nav_2d_msgs__rosidl_typesupport_fastrtps_c__pyext
[0.173s] [100%] Built target nav_2d_msgs__rosidl_typesupport_c__pyext
[0.229s] running egg_info
[0.229s] writing nav_2d_msgs.egg-info/PKG-INFO
[0.229s] writing dependency_links to nav_2d_msgs.egg-info/dependency_links.txt
[0.229s] writing top-level names to nav_2d_msgs.egg-info/top_level.txt
[0.231s] reading manifest file 'nav_2d_msgs.egg-info/SOURCES.txt'
[0.231s] writing manifest file 'nav_2d_msgs.egg-info/SOURCES.txt'
[0.251s] [100%] Built target ament_cmake_python_build_nav_2d_msgs_egg
[0.263s] Invoked command in '/home/pierres/COURS/slamnav/build/nav_2d_msgs' returned '0': /usr/bin/cmake --build /home/pierres/COURS/slamnav/build/nav_2d_msgs -- -j16 -l16
[0.422s] Invoking command in '/home/pierres/COURS/slamnav/build/nav_2d_msgs': /usr/bin/cmake --install /home/pierres/COURS/slamnav/build/nav_2d_msgs
[0.430s] -- Install configuration: "Humble"
[0.430s] -- Execute custom install script
[0.431s] -- Up-to-date symlink: /home/pierres/COURS/slamnav/install/nav_2d_msgs/share/ament_index/resource_index/rosidl_interfaces/nav_2d_msgs
[0.431s] -- Up-to-date symlink: /home/pierres/COURS/slamnav/install/nav_2d_msgs/include/nav_2d_msgs/nav_2d_msgs/msg/detail/path2_d__functions.h
[0.431s] -- Up-to-date symlink: /home/pierres/COURS/slamnav/install/nav_2d_msgs/include/nav_2d_msgs/nav_2d_msgs/msg/detail/path2_d__struct.h
[0.431s] -- Up-to-date symlink: /home/pierres/COURS/slamnav/install/nav_2d_msgs/include/nav_2d_msgs/nav_2d_msgs/msg/detail/path2_d__type_support.h
[0.431s] -- Up-to-date symlink: /home/pierres/COURS/slamnav/install/nav_2d_msgs/include/nav_2d_msgs/nav_2d_msgs/msg/detail/pose2_d32__functions.h
[0.431s] -- Up-to-date symlink: /home/pierres/COURS/slamnav/install/nav_2d_msgs/include/nav_2d_msgs/nav_2d_msgs/msg/detail/pose2_d32__struct.h
[0.431s] -- Up-to-date symlink: /home/pierres/COURS/slamnav/install/nav_2d_msgs/include/nav_2d_msgs/nav_2d_msgs/msg/detail/pose2_d32__type_support.h
[0.432s] -- Up-to-date symlink: /home/pierres/COURS/slamnav/install/nav_2d_msgs/include/nav_2d_msgs/nav_2d_msgs/msg/detail/pose2_d_stamped__functions.h
[0.432s] -- Up-to-date symlink: /home/pierres/COURS/slamnav/install/nav_2d_msgs/include/nav_2d_msgs/nav_2d_msgs/msg/detail/pose2_d_stamped__struct.h
[0.432s] -- Up-to-date symlink: /home/pierres/COURS/slamnav/install/nav_2d_msgs/include/nav_2d_msgs/nav_2d_msgs/msg/detail/pose2_d_stamped__type_support.h
[0.432s] -- Up-to-date symlink: /home/pierres/COURS/slamnav/install/nav_2d_msgs/include/nav_2d_msgs/nav_2d_msgs/msg/detail/twist2_d32__functions.h
[0.432s] -- Up-to-date symlink: /home/pierres/COURS/slamnav/install/nav_2d_msgs/include/nav_2d_msgs/nav_2d_msgs/msg/detail/twist2_d32__struct.h
[0.432s] -- Up-to-date symlink: /home/pierres/COURS/slamnav/install/nav_2d_msgs/include/nav_2d_msgs/nav_2d_msgs/msg/detail/twist2_d32__type_support.h
[0.432s] -- Up-to-date symlink: /home/pierres/COURS/slamnav/install/nav_2d_msgs/include/nav_2d_msgs/nav_2d_msgs/msg/detail/twist2_d__functions.h
[0.432s] -- Up-to-date symlink: /home/pierres/COURS/slamnav/install/nav_2d_msgs/include/nav_2d_msgs/nav_2d_msgs/msg/detail/twist2_d__struct.h
[0.433s] -- Up-to-date symlink: /home/pierres/COURS/slamnav/install/nav_2d_msgs/include/nav_2d_msgs/nav_2d_msgs/msg/detail/twist2_d__type_support.h
[0.433s] -- Up-to-date symlink: /home/pierres/COURS/slamnav/install/nav_2d_msgs/include/nav_2d_msgs/nav_2d_msgs/msg/detail/twist2_d_stamped__functions.h
[0.433s] -- Up-to-date symlink: /home/pierres/COURS/slamnav/install/nav_2d_msgs/include/nav_2d_msgs/nav_2d_msgs/msg/detail/twist2_d_stamped__struct.h
[0.433s] -- Up-to-date symlink: /home/pierres/COURS/slamnav/install/nav_2d_msgs/include/nav_2d_msgs/nav_2d_msgs/msg/detail/twist2_d_stamped__type_support.h
[0.433s] -- Up-to-date symlink: /home/pierres/COURS/slamnav/install/nav_2d_msgs/include/nav_2d_msgs/nav_2d_msgs/msg/path2_d.h
[0.433s] -- Up-to-date symlink: /home/pierres/COURS/slamnav/install/nav_2d_msgs/include/nav_2d_msgs/nav_2d_msgs/msg/pose2_d32.h
[0.433s] -- Up-to-date symlink: /home/pierres/COURS/slamnav/install/nav_2d_msgs/include/nav_2d_msgs/nav_2d_msgs/msg/pose2_d_stamped.h
[0.433s] -- Up-to-date symlink: /home/pierres/COURS/slamnav/install/nav_2d_msgs/include/nav_2d_msgs/nav_2d_msgs/msg/rosidl_generator_c__visibility_control.h
[0.434s] -- Up-to-date symlink: /home/pierres/COURS/slamnav/install/nav_2d_msgs/include/nav_2d_msgs/nav_2d_msgs/msg/twist2_d.h
[0.434s] -- Up-to-date symlink: /home/pierres/COURS/slamnav/install/nav_2d_msgs/include/nav_2d_msgs/nav_2d_msgs/msg/twist2_d32.h
[0.434s] -- Up-to-date symlink: /home/pierres/COURS/slamnav/install/nav_2d_msgs/include/nav_2d_msgs/nav_2d_msgs/msg/twist2_d_stamped.h
[0.434s] -- Up-to-date symlink: /home/pierres/COURS/slamnav/install/nav_2d_msgs/share/nav_2d_msgs/environment/library_path.sh
[0.434s] -- Up-to-date symlink: /home/pierres/COURS/slamnav/install/nav_2d_msgs/share/nav_2d_msgs/environment/library_path.dsv
[0.434s] -- Up-to-date symlink: /home/pierres/COURS/slamnav/install/nav_2d_msgs/include/nav_2d_msgs/nav_2d_msgs/msg/detail/path2_d__rosidl_typesupport_fastrtps_c.h
[0.435s] -- Up-to-date symlink: /home/pierres/COURS/slamnav/install/nav_2d_msgs/include/nav_2d_msgs/nav_2d_msgs/msg/detail/pose2_d32__rosidl_typesupport_fastrtps_c.h
[0.435s] -- Up-to-date symlink: /home/pierres/COURS/slamnav/install/nav_2d_msgs/include/nav_2d_msgs/nav_2d_msgs/msg/detail/pose2_d_stamped__rosidl_typesupport_fastrtps_c.h
[0.435s] -- Up-to-date symlink: /home/pierres/COURS/slamnav/install/nav_2d_msgs/include/nav_2d_msgs/nav_2d_msgs/msg/detail/twist2_d32__rosidl_typesupport_fastrtps_c.h
[0.435s] -- Up-to-date symlink: /home/pierres/COURS/slamnav/install/nav_2d_msgs/include/nav_2d_msgs/nav_2d_msgs/msg/detail/twist2_d__rosidl_typesupport_fastrtps_c.h
[0.435s] -- Up-to-date symlink: /home/pierres/COURS/slamnav/install/nav_2d_msgs/include/nav_2d_msgs/nav_2d_msgs/msg/detail/twist2_d_stamped__rosidl_typesupport_fastrtps_c.h
[0.435s] -- Up-to-date symlink: /home/pierres/COURS/slamnav/install/nav_2d_msgs/include/nav_2d_msgs/nav_2d_msgs/msg/rosidl_typesupport_fastrtps_c__visibility_control.h
[0.435s] -- Up-to-date symlink: /home/pierres/COURS/slamnav/install/nav_2d_msgs/include/nav_2d_msgs/nav_2d_msgs/msg/detail/path2_d__builder.hpp
[0.435s] -- Up-to-date symlink: /home/pierres/COURS/slamnav/install/nav_2d_msgs/include/nav_2d_msgs/nav_2d_msgs/msg/detail/path2_d__struct.hpp
[0.435s] -- Up-to-date symlink: /home/pierres/COURS/slamnav/install/nav_2d_msgs/include/nav_2d_msgs/nav_2d_msgs/msg/detail/path2_d__traits.hpp
[0.436s] -- Up-to-date symlink: /home/pierres/COURS/slamnav/install/nav_2d_msgs/include/nav_2d_msgs/nav_2d_msgs/msg/detail/pose2_d32__builder.hpp
[0.436s] -- Up-to-date symlink: /home/pierres/COURS/slamnav/install/nav_2d_msgs/include/nav_2d_msgs/nav_2d_msgs/msg/detail/pose2_d32__struct.hpp
[0.436s] -- Up-to-date symlink: /home/pierres/COURS/slamnav/install/nav_2d_msgs/include/nav_2d_msgs/nav_2d_msgs/msg/detail/pose2_d32__traits.hpp
[0.436s] -- Up-to-date symlink: /home/pierres/COURS/slamnav/install/nav_2d_msgs/include/nav_2d_msgs/nav_2d_msgs/msg/detail/pose2_d_stamped__builder.hpp
[0.436s] -- Up-to-date symlink: /home/pierres/COURS/slamnav/install/nav_2d_msgs/include/nav_2d_msgs/nav_2d_msgs/msg/detail/pose2_d_stamped__struct.hpp
[0.436s] -- Up-to-date symlink: /home/pierres/COURS/slamnav/install/nav_2d_msgs/include/nav_2d_msgs/nav_2d_msgs/msg/detail/pose2_d_stamped__traits.hpp
[0.437s] -- Up-to-date symlink: /home/pierres/COURS/slamnav/install/nav_2d_msgs/include/nav_2d_msgs/nav_2d_msgs/msg/detail/twist2_d32__builder.hpp
[0.437s] -- Up-to-date symlink: /home/pierres/COURS/slamnav/install/nav_2d_msgs/include/nav_2d_msgs/nav_2d_msgs/msg/detail/twist2_d32__struct.hpp
[0.437s] -- Up-to-date symlink: /home/pierres/COURS/slamnav/install/nav_2d_msgs/include/nav_2d_msgs/nav_2d_msgs/msg/detail/twist2_d32__traits.hpp
[0.437s] -- Up-to-date symlink: /home/pierres/COURS/slamnav/install/nav_2d_msgs/include/nav_2d_msgs/nav_2d_msgs/msg/detail/twist2_d__builder.hpp
[0.437s] -- Up-to-date symlink: /home/pierres/COURS/slamnav/install/nav_2d_msgs/include/nav_2d_msgs/nav_2d_msgs/msg/detail/twist2_d__struct.hpp
[0.438s] -- Up-to-date symlink: /home/pierres/COURS/slamnav/install/nav_2d_msgs/include/nav_2d_msgs/nav_2d_msgs/msg/detail/twist2_d__traits.hpp
[0.438s] -- Up-to-date symlink: /home/pierres/COURS/slamnav/install/nav_2d_msgs/include/nav_2d_msgs/nav_2d_msgs/msg/detail/twist2_d_stamped__builder.hpp
[0.438s] -- Up-to-date symlink: /home/pierres/COURS/slamnav/install/nav_2d_msgs/include/nav_2d_msgs/nav_2d_msgs/msg/detail/twist2_d_stamped__struct.hpp
[0.438s] -- Up-to-date symlink: /home/pierres/COURS/slamnav/install/nav_2d_msgs/include/nav_2d_msgs/nav_2d_msgs/msg/detail/twist2_d_stamped__traits.hpp
[0.438s] -- Up-to-date symlink: /home/pierres/COURS/slamnav/install/nav_2d_msgs/include/nav_2d_msgs/nav_2d_msgs/msg/path2_d.hpp
[0.439s] -- Up-to-date symlink: /home/pierres/COURS/slamnav/install/nav_2d_msgs/include/nav_2d_msgs/nav_2d_msgs/msg/pose2_d32.hpp
[0.439s] -- Up-to-date symlink: /home/pierres/COURS/slamnav/install/nav_2d_msgs/include/nav_2d_msgs/nav_2d_msgs/msg/pose2_d_stamped.hpp
[0.439s] -- Up-to-date symlink: /home/pierres/COURS/slamnav/install/nav_2d_msgs/include/nav_2d_msgs/nav_2d_msgs/msg/twist2_d.hpp
[0.439s] -- Up-to-date symlink: /home/pierres/COURS/slamnav/install/nav_2d_msgs/include/nav_2d_msgs/nav_2d_msgs/msg/twist2_d32.hpp
[0.439s] -- Up-to-date symlink: /home/pierres/COURS/slamnav/install/nav_2d_msgs/include/nav_2d_msgs/nav_2d_msgs/msg/twist2_d_stamped.hpp
[0.439s] -- Up-to-date symlink: /home/pierres/COURS/slamnav/install/nav_2d_msgs/include/nav_2d_msgs/nav_2d_msgs/msg/detail/path2_d__rosidl_typesupport_fastrtps_cpp.hpp
[0.440s] -- Up-to-date symlink: /home/pierres/COURS/slamnav/install/nav_2d_msgs/include/nav_2d_msgs/nav_2d_msgs/msg/detail/pose2_d32__rosidl_typesupport_fastrtps_cpp.hpp
[0.440s] -- Up-to-date symlink: /home/pierres/COURS/slamnav/install/nav_2d_msgs/include/nav_2d_msgs/nav_2d_msgs/msg/detail/pose2_d_stamped__rosidl_typesupport_fastrtps_cpp.hpp
[0.440s] -- Up-to-date symlink: /home/pierres/COURS/slamnav/install/nav_2d_msgs/include/nav_2d_msgs/nav_2d_msgs/msg/detail/twist2_d32__rosidl_typesupport_fastrtps_cpp.hpp
[0.440s] -- Up-to-date symlink: /home/pierres/COURS/slamnav/install/nav_2d_msgs/include/nav_2d_msgs/nav_2d_msgs/msg/detail/twist2_d__rosidl_typesupport_fastrtps_cpp.hpp
[0.440s] -- Up-to-date symlink: /home/pierres/COURS/slamnav/install/nav_2d_msgs/include/nav_2d_msgs/nav_2d_msgs/msg/detail/twist2_d_stamped__rosidl_typesupport_fastrtps_cpp.hpp
[0.441s] -- Up-to-date symlink: /home/pierres/COURS/slamnav/install/nav_2d_msgs/include/nav_2d_msgs/nav_2d_msgs/msg/rosidl_typesupport_fastrtps_cpp__visibility_control.h
[0.441s] -- Up-to-date symlink: /home/pierres/COURS/slamnav/install/nav_2d_msgs/include/nav_2d_msgs/nav_2d_msgs/msg/detail/path2_d__rosidl_typesupport_introspection_c.h
[0.441s] -- Up-to-date symlink: /home/pierres/COURS/slamnav/install/nav_2d_msgs/include/nav_2d_msgs/nav_2d_msgs/msg/detail/pose2_d32__rosidl_typesupport_introspection_c.h
[0.441s] -- Up-to-date symlink: /home/pierres/COURS/slamnav/install/nav_2d_msgs/include/nav_2d_msgs/nav_2d_msgs/msg/detail/pose2_d_stamped__rosidl_typesupport_introspection_c.h
[0.441s] -- Up-to-date symlink: /home/pierres/COURS/slamnav/install/nav_2d_msgs/include/nav_2d_msgs/nav_2d_msgs/msg/detail/twist2_d32__rosidl_typesupport_introspection_c.h
[0.441s] -- Up-to-date symlink: /home/pierres/COURS/slamnav/install/nav_2d_msgs/include/nav_2d_msgs/nav_2d_msgs/msg/detail/twist2_d__rosidl_typesupport_introspection_c.h
[0.442s] -- Up-to-date symlink: /home/pierres/COURS/slamnav/install/nav_2d_msgs/include/nav_2d_msgs/nav_2d_msgs/msg/detail/twist2_d_stamped__rosidl_typesupport_introspection_c.h
[0.442s] -- Up-to-date symlink: /home/pierres/COURS/slamnav/install/nav_2d_msgs/include/nav_2d_msgs/nav_2d_msgs/msg/rosidl_typesupport_introspection_c__visibility_control.h
[0.442s] -- Up-to-date symlink: /home/pierres/COURS/slamnav/install/nav_2d_msgs/include/nav_2d_msgs/nav_2d_msgs/msg/detail/path2_d__rosidl_typesupport_introspection_cpp.hpp
[0.442s] -- Up-to-date symlink: /home/pierres/COURS/slamnav/install/nav_2d_msgs/include/nav_2d_msgs/nav_2d_msgs/msg/detail/pose2_d32__rosidl_typesupport_introspection_cpp.hpp
[0.442s] -- Up-to-date symlink: /home/pierres/COURS/slamnav/install/nav_2d_msgs/include/nav_2d_msgs/nav_2d_msgs/msg/detail/pose2_d_stamped__rosidl_typesupport_introspection_cpp.hpp
[0.442s] -- Up-to-date symlink: /home/pierres/COURS/slamnav/install/nav_2d_msgs/include/nav_2d_msgs/nav_2d_msgs/msg/detail/twist2_d32__rosidl_typesupport_introspection_cpp.hpp
[0.442s] -- Up-to-date symlink: /home/pierres/COURS/slamnav/install/nav_2d_msgs/include/nav_2d_msgs/nav_2d_msgs/msg/detail/twist2_d__rosidl_typesupport_introspection_cpp.hpp
[0.442s] -- Up-to-date symlink: /home/pierres/COURS/slamnav/install/nav_2d_msgs/include/nav_2d_msgs/nav_2d_msgs/msg/detail/twist2_d_stamped__rosidl_typesupport_introspection_cpp.hpp
[0.442s] -- Up-to-date symlink: /home/pierres/COURS/slamnav/install/nav_2d_msgs/share/nav_2d_msgs/environment/pythonpath.sh
[0.442s] -- Up-to-date symlink: /home/pierres/COURS/slamnav/install/nav_2d_msgs/share/nav_2d_msgs/environment/pythonpath.dsv
[0.443s] -- Up-to-date symlink: /home/pierres/COURS/slamnav/install/nav_2d_msgs/local/lib/python3.10/dist-packages/nav_2d_msgs-1.1.16-py3.10.egg-info/PKG-INFO
[0.443s] -- Up-to-date symlink: /home/pierres/COURS/slamnav/install/nav_2d_msgs/local/lib/python3.10/dist-packages/nav_2d_msgs-1.1.16-py3.10.egg-info/SOURCES.txt
[0.443s] -- Up-to-date symlink: /home/pierres/COURS/slamnav/install/nav_2d_msgs/local/lib/python3.10/dist-packages/nav_2d_msgs-1.1.16-py3.10.egg-info/dependency_links.txt
[0.443s] -- Up-to-date symlink: /home/pierres/COURS/slamnav/install/nav_2d_msgs/local/lib/python3.10/dist-packages/nav_2d_msgs-1.1.16-py3.10.egg-info/top_level.txt
[0.443s] -- Up-to-date symlink: /home/pierres/COURS/slamnav/install/nav_2d_msgs/local/lib/python3.10/dist-packages/nav_2d_msgs/__init__.py
[0.443s] -- Up-to-date symlink: /home/pierres/COURS/slamnav/install/nav_2d_msgs/local/lib/python3.10/dist-packages/nav_2d_msgs/_nav_2d_msgs_s.ep.rosidl_typesupport_c.c
[0.443s] -- Up-to-date symlink: /home/pierres/COURS/slamnav/install/nav_2d_msgs/local/lib/python3.10/dist-packages/nav_2d_msgs/_nav_2d_msgs_s.ep.rosidl_typesupport_fastrtps_c.c
[0.444s] -- Up-to-date symlink: /home/pierres/COURS/slamnav/install/nav_2d_msgs/local/lib/python3.10/dist-packages/nav_2d_msgs/_nav_2d_msgs_s.ep.rosidl_typesupport_introspection_c.c
[0.444s] -- Up-to-date symlink: /home/pierres/COURS/slamnav/install/nav_2d_msgs/local/lib/python3.10/dist-packages/nav_2d_msgs/libnav_2d_msgs__rosidl_generator_py.so
[0.444s] -- Up-to-date symlink: /home/pierres/COURS/slamnav/install/nav_2d_msgs/local/lib/python3.10/dist-packages/nav_2d_msgs/msg/__init__.py
[0.444s] -- Up-to-date symlink: /home/pierres/COURS/slamnav/install/nav_2d_msgs/local/lib/python3.10/dist-packages/nav_2d_msgs/msg/_path2_d.py
[0.444s] -- Up-to-date symlink: /home/pierres/COURS/slamnav/install/nav_2d_msgs/local/lib/python3.10/dist-packages/nav_2d_msgs/msg/_path2_d_s.c
[0.444s] -- Up-to-date symlink: /home/pierres/COURS/slamnav/install/nav_2d_msgs/local/lib/python3.10/dist-packages/nav_2d_msgs/msg/_pose2_d32.py
[0.444s] -- Up-to-date symlink: /home/pierres/COURS/slamnav/install/nav_2d_msgs/local/lib/python3.10/dist-packages/nav_2d_msgs/msg/_pose2_d32_s.c
[0.444s] -- Up-to-date symlink: /home/pierres/COURS/slamnav/install/nav_2d_msgs/local/lib/python3.10/dist-packages/nav_2d_msgs/msg/_pose2_d_stamped.py
[0.444s] -- Up-to-date symlink: /home/pierres/COURS/slamnav/install/nav_2d_msgs/local/lib/python3.10/dist-packages/nav_2d_msgs/msg/_pose2_d_stamped_s.c
[0.445s] -- Up-to-date symlink: /home/pierres/COURS/slamnav/install/nav_2d_msgs/local/lib/python3.10/dist-packages/nav_2d_msgs/msg/_twist2_d.py
[0.445s] -- Up-to-date symlink: /home/pierres/COURS/slamnav/install/nav_2d_msgs/local/lib/python3.10/dist-packages/nav_2d_msgs/msg/_twist2_d32.py
[0.445s] -- Up-to-date symlink: /home/pierres/COURS/slamnav/install/nav_2d_msgs/local/lib/python3.10/dist-packages/nav_2d_msgs/msg/_twist2_d32_s.c
[0.445s] -- Up-to-date symlink: /home/pierres/COURS/slamnav/install/nav_2d_msgs/local/lib/python3.10/dist-packages/nav_2d_msgs/msg/_twist2_d_s.c
[0.445s] -- Up-to-date symlink: /home/pierres/COURS/slamnav/install/nav_2d_msgs/local/lib/python3.10/dist-packages/nav_2d_msgs/msg/_twist2_d_stamped.py
[0.445s] -- Up-to-date symlink: /home/pierres/COURS/slamnav/install/nav_2d_msgs/local/lib/python3.10/dist-packages/nav_2d_msgs/msg/_twist2_d_stamped_s.c
[0.445s] -- Up-to-date symlink: /home/pierres/COURS/slamnav/install/nav_2d_msgs/local/lib/python3.10/dist-packages/nav_2d_msgs/nav_2d_msgs_s__rosidl_typesupport_c.cpython-310-x86_64-linux-gnu.so
[0.445s] -- Up-to-date symlink: /home/pierres/COURS/slamnav/install/nav_2d_msgs/local/lib/python3.10/dist-packages/nav_2d_msgs/nav_2d_msgs_s__rosidl_typesupport_fastrtps_c.cpython-310-x86_64-linux-gnu.so
[0.445s] -- Up-to-date symlink: /home/pierres/COURS/slamnav/install/nav_2d_msgs/local/lib/python3.10/dist-packages/nav_2d_msgs/nav_2d_msgs_s__rosidl_typesupport_introspection_c.cpython-310-x86_64-linux-gnu.so
[0.446s] -- Up-to-date symlink: /home/pierres/COURS/slamnav/install/nav_2d_msgs/local/lib/python3.10/dist-packages/nav_2d_msgs/nav_2d_msgs_s__rosidl_typesupport_fastrtps_c.cpython-310-x86_64-linux-gnu.so
[0.446s] -- Up-to-date symlink: /home/pierres/COURS/slamnav/install/nav_2d_msgs/local/lib/python3.10/dist-packages/nav_2d_msgs/nav_2d_msgs_s__rosidl_typesupport_introspection_c.cpython-310-x86_64-linux-gnu.so
[0.446s] -- Up-to-date symlink: /home/pierres/COURS/slamnav/install/nav_2d_msgs/local/lib/python3.10/dist-packages/nav_2d_msgs/nav_2d_msgs_s__rosidl_typesupport_c.cpython-310-x86_64-linux-gnu.so
[0.446s] -- Up-to-date symlink: /home/pierres/COURS/slamnav/install/nav_2d_msgs/share/nav_2d_msgs/msg/Path2D.idl
[0.446s] -- Up-to-date symlink: /home/pierres/COURS/slamnav/install/nav_2d_msgs/share/nav_2d_msgs/msg/Pose2D32.idl
[0.446s] -- Up-to-date symlink: /home/pierres/COURS/slamnav/install/nav_2d_msgs/share/nav_2d_msgs/msg/Pose2DStamped.idl
[0.446s] -- Up-to-date symlink: /home/pierres/COURS/slamnav/install/nav_2d_msgs/share/nav_2d_msgs/msg/Twist2D.idl
[0.446s] -- Up-to-date symlink: /home/pierres/COURS/slamnav/install/nav_2d_msgs/share/nav_2d_msgs/msg/Twist2D32.idl
[0.446s] -- Up-to-date symlink: /home/pierres/COURS/slamnav/install/nav_2d_msgs/share/nav_2d_msgs/msg/Twist2DStamped.idl
[0.446s] -- Up-to-date symlink: /home/pierres/COURS/slamnav/install/nav_2d_msgs/share/nav_2d_msgs/msg/Path2D.msg
[0.447s] -- Up-to-date symlink: /home/pierres/COURS/slamnav/install/nav_2d_msgs/share/nav_2d_msgs/msg/Pose2D32.msg
[0.447s] -- Up-to-date symlink: /home/pierres/COURS/slamnav/install/nav_2d_msgs/share/nav_2d_msgs/msg/Pose2DStamped.msg
[0.447s] -- Up-to-date symlink: /home/pierres/COURS/slamnav/install/nav_2d_msgs/share/nav_2d_msgs/msg/Twist2D.msg
[0.447s] -- Up-to-date symlink: /home/pierres/COURS/slamnav/install/nav_2d_msgs/share/nav_2d_msgs/msg/Twist2D32.msg
[0.447s] -- Up-to-date symlink: /home/pierres/COURS/slamnav/install/nav_2d_msgs/share/nav_2d_msgs/msg/Twist2DStamped.msg
[0.447s] -- Up-to-date symlink: /home/pierres/COURS/slamnav/install/nav_2d_msgs/share/ament_index/resource_index/package_run_dependencies/nav_2d_msgs
[0.447s] -- Up-to-date symlink: /home/pierres/COURS/slamnav/install/nav_2d_msgs/share/ament_index/resource_index/parent_prefix_path/nav_2d_msgs
[0.447s] -- Up-to-date symlink: /home/pierres/COURS/slamnav/install/nav_2d_msgs/share/nav_2d_msgs/environment/ament_prefix_path.sh
[0.447s] -- Up-to-date symlink: /home/pierres/COURS/slamnav/install/nav_2d_msgs/share/nav_2d_msgs/environment/ament_prefix_path.dsv
[0.447s] -- Up-to-date symlink: /home/pierres/COURS/slamnav/install/nav_2d_msgs/share/nav_2d_msgs/environment/path.sh
[0.448s] -- Up-to-date symlink: /home/pierres/COURS/slamnav/install/nav_2d_msgs/share/nav_2d_msgs/environment/path.dsv
[0.448s] -- Up-to-date symlink: /home/pierres/COURS/slamnav/install/nav_2d_msgs/share/nav_2d_msgs/local_setup.bash
[0.448s] -- Up-to-date symlink: /home/pierres/COURS/slamnav/install/nav_2d_msgs/share/nav_2d_msgs/local_setup.sh
[0.448s] -- Up-to-date symlink: /home/pierres/COURS/slamnav/install/nav_2d_msgs/share/nav_2d_msgs/local_setup.zsh
[0.448s] -- Up-to-date symlink: /home/pierres/COURS/slamnav/install/nav_2d_msgs/share/nav_2d_msgs/local_setup.dsv
[0.448s] -- Symlinking: /home/pierres/COURS/slamnav/install/nav_2d_msgs/share/nav_2d_msgs/package.dsv
[0.452s] -- Up-to-date symlink: /home/pierres/COURS/slamnav/install/nav_2d_msgs/share/ament_index/resource_index/packages/nav_2d_msgs
[0.453s] -- Up-to-date symlink: /home/pierres/COURS/slamnav/install/nav_2d_msgs/share/nav_2d_msgs/cmake/rosidl_cmake-extras.cmake
[0.453s] -- Up-to-date symlink: /home/pierres/COURS/slamnav/install/nav_2d_msgs/share/nav_2d_msgs/cmake/ament_cmake_export_dependencies-extras.cmake
[0.453s] -- Up-to-date symlink: /home/pierres/COURS/slamnav/install/nav_2d_msgs/share/nav_2d_msgs/cmake/ament_cmake_export_include_directories-extras.cmake
[0.453s] -- Up-to-date symlink: /home/pierres/COURS/slamnav/install/nav_2d_msgs/share/nav_2d_msgs/cmake/ament_cmake_export_libraries-extras.cmake
[0.453s] -- Up-to-date symlink: /home/pierres/COURS/slamnav/install/nav_2d_msgs/share/nav_2d_msgs/cmake/ament_cmake_export_targets-extras.cmake
[0.453s] -- Up-to-date symlink: /home/pierres/COURS/slamnav/install/nav_2d_msgs/share/nav_2d_msgs/cmake/rosidl_cmake_export_typesupport_targets-extras.cmake
[0.453s] -- Up-to-date symlink: /home/pierres/COURS/slamnav/install/nav_2d_msgs/share/nav_2d_msgs/cmake/rosidl_cmake_export_typesupport_libraries-extras.cmake
[0.453s] -- Up-to-date symlink: /home/pierres/COURS/slamnav/install/nav_2d_msgs/share/nav_2d_msgs/cmake/nav_2d_msgsConfig.cmake
[0.453s] -- Up-to-date symlink: /home/pierres/COURS/slamnav/install/nav_2d_msgs/share/nav_2d_msgs/cmake/nav_2d_msgsConfig-version.cmake
[0.453s] -- Up-to-date symlink: /home/pierres/COURS/slamnav/install/nav_2d_msgs/share/nav_2d_msgs/package.xml
[0.454s] -- Up-to-date: /home/pierres/COURS/slamnav/install/nav_2d_msgs/lib/libnav_2d_msgs__rosidl_generator_c.so
[0.454s] -- Up-to-date: /home/pierres/COURS/slamnav/install/nav_2d_msgs/lib/libnav_2d_msgs__rosidl_typesupport_fastrtps_c.so
[0.454s] -- Up-to-date: /home/pierres/COURS/slamnav/install/nav_2d_msgs/lib/libnav_2d_msgs__rosidl_typesupport_fastrtps_cpp.so
[0.454s] -- Up-to-date: /home/pierres/COURS/slamnav/install/nav_2d_msgs/lib/libnav_2d_msgs__rosidl_typesupport_introspection_c.so
[0.454s] -- Up-to-date: /home/pierres/COURS/slamnav/install/nav_2d_msgs/lib/libnav_2d_msgs__rosidl_typesupport_c.so
[0.454s] -- Up-to-date: /home/pierres/COURS/slamnav/install/nav_2d_msgs/lib/libnav_2d_msgs__rosidl_typesupport_introspection_cpp.so
[0.454s] -- Up-to-date: /home/pierres/COURS/slamnav/install/nav_2d_msgs/lib/libnav_2d_msgs__rosidl_typesupport_cpp.so
[0.481s] Listing '/home/pierres/COURS/slamnav/install/nav_2d_msgs/local/lib/python3.10/dist-packages/nav_2d_msgs'...
[0.482s] Listing '/home/pierres/COURS/slamnav/install/nav_2d_msgs/local/lib/python3.10/dist-packages/nav_2d_msgs/msg'...
[0.486s] -- Up-to-date: /home/pierres/COURS/slamnav/install/nav_2d_msgs/lib/libnav_2d_msgs__rosidl_generator_py.so
[0.486s] -- Up-to-date: /home/pierres/COURS/slamnav/install/nav_2d_msgs/share/nav_2d_msgs/cmake/export_nav_2d_msgs__rosidl_generator_cExport.cmake
[0.486s] -- Up-to-date: /home/pierres/COURS/slamnav/install/nav_2d_msgs/share/nav_2d_msgs/cmake/export_nav_2d_msgs__rosidl_generator_cExport-humble.cmake
[0.486s] -- Up-to-date: /home/pierres/COURS/slamnav/install/nav_2d_msgs/share/nav_2d_msgs/cmake/export_nav_2d_msgs__rosidl_typesupport_fastrtps_cExport.cmake
[0.486s] -- Up-to-date: /home/pierres/COURS/slamnav/install/nav_2d_msgs/share/nav_2d_msgs/cmake/export_nav_2d_msgs__rosidl_typesupport_fastrtps_cExport-humble.cmake
[0.486s] -- Up-to-date: /home/pierres/COURS/slamnav/install/nav_2d_msgs/share/nav_2d_msgs/cmake/export_nav_2d_msgs__rosidl_generator_cppExport.cmake
[0.486s] -- Up-to-date: /home/pierres/COURS/slamnav/install/nav_2d_msgs/share/nav_2d_msgs/cmake/export_nav_2d_msgs__rosidl_typesupport_fastrtps_cppExport.cmake
[0.487s] -- Up-to-date: /home/pierres/COURS/slamnav/install/nav_2d_msgs/share/nav_2d_msgs/cmake/export_nav_2d_msgs__rosidl_typesupport_fastrtps_cppExport-humble.cmake
[0.487s] -- Up-to-date: /home/pierres/COURS/slamnav/install/nav_2d_msgs/share/nav_2d_msgs/cmake/nav_2d_msgs__rosidl_typesupport_introspection_cExport.cmake
[0.487s] -- Up-to-date: /home/pierres/COURS/slamnav/install/nav_2d_msgs/share/nav_2d_msgs/cmake/nav_2d_msgs__rosidl_typesupport_introspection_cExport-humble.cmake
[0.487s] -- Up-to-date: /home/pierres/COURS/slamnav/install/nav_2d_msgs/share/nav_2d_msgs/cmake/nav_2d_msgs__rosidl_typesupport_cExport.cmake
[0.487s] -- Up-to-date: /home/pierres/COURS/slamnav/install/nav_2d_msgs/share/nav_2d_msgs/cmake/nav_2d_msgs__rosidl_typesupport_cExport-humble.cmake
[0.487s] -- Up-to-date: /home/pierres/COURS/slamnav/install/nav_2d_msgs/share/nav_2d_msgs/cmake/nav_2d_msgs__rosidl_typesupport_introspection_cppExport.cmake
[0.487s] -- Up-to-date: /home/pierres/COURS/slamnav/install/nav_2d_msgs/share/nav_2d_msgs/cmake/nav_2d_msgs__rosidl_typesupport_introspection_cppExport-humble.cmake
[0.488s] -- Up-to-date: /home/pierres/COURS/slamnav/install/nav_2d_msgs/share/nav_2d_msgs/cmake/nav_2d_msgs__rosidl_typesupport_cppExport.cmake
[0.488s] -- Up-to-date: /home/pierres/COURS/slamnav/install/nav_2d_msgs/share/nav_2d_msgs/cmake/nav_2d_msgs__rosidl_typesupport_cppExport-humble.cmake
[0.489s] -- Up-to-date: /home/pierres/COURS/slamnav/install/nav_2d_msgs/share/nav_2d_msgs/cmake/export_nav_2d_msgs__rosidl_generator_pyExport.cmake
[0.489s] -- Up-to-date: /home/pierres/COURS/slamnav/install/nav_2d_msgs/share/nav_2d_msgs/cmake/export_nav_2d_msgs__rosidl_generator_pyExport-humble.cmake
[0.489s] Invoked command in '/home/pierres/COURS/slamnav/build/nav_2d_msgs' returned '0': /usr/bin/cmake --install /home/pierres/COURS/slamnav/build/nav_2d_msgs
