[0.018s] Invoking command in '/home/pierres/COURS/slamnav/build/costmap_queue': AMENT_PREFIX_PATH=/home/pierres/COURS/slamnav/install/nav2_costmap_2d:/home/pierres/COURS/slamnav/install/nav2_map_server:/home/pierres/COURS/slamnav/install/nav2_lifecycle_manager:/home/pierres/COURS/slamnav/install/nav2_util:/home/pierres/COURS/slamnav/install/nav2_voxel_grid:/home/pierres/COURS/slamnav/install/nav2_msgs:/home/pierres/COURS/slamnav/install/nav2_common CMAKE_PREFIX_PATH=/home/pierres/COURS/slamnav/install/nav2_costmap_2d:/home/pierres/COURS/slamnav/install/nav2_map_server:/home/pierres/COURS/slamnav/install/nav2_lifecycle_manager:/home/pierres/COURS/slamnav/install/nav2_util:/home/pierres/COURS/slamnav/install/nav2_voxel_grid:/home/pierres/COURS/slamnav/install/nav2_msgs:/home/pierres/COURS/slamnav/install/nav2_common LD_LIBRARY_PATH=/home/pierres/COURS/slamnav/install/nav2_costmap_2d/lib:/home/pierres/COURS/slamnav/install/nav2_map_server/lib:/home/pierres/COURS/slamnav/install/nav2_lifecycle_manager/lib:/home/pierres/COURS/slamnav/install/nav2_util/lib:/home/pierres/COURS/slamnav/install/nav2_voxel_grid/lib:/home/pierres/COURS/slamnav/install/nav2_msgs/lib PYTHONPATH=/home/pierres/COURS/slamnav/install/nav2_msgs/local/lib/python3.10/dist-packages:/home/pierres/COURS/slamnav/install/nav2_common/local/lib/python3.10/dist-packages /usr/bin/cmake --build /home/pierres/COURS/slamnav/build/costmap_queue -- -j16 -l16
[0.082s] [ 18%] Built target gtest_main
[0.089s] [ 36%] Built target gtest
[0.096s] [ 63%] Built target costmap_queue
[0.129s] [ 81%] Built target mbq_test
[0.138s] [100%] Built target utest
[0.151s] Invoked command in '/home/pierres/COURS/slamnav/build/costmap_queue' returned '0': AMENT_PREFIX_PATH=/home/pierres/COURS/slamnav/install/nav2_costmap_2d:/home/pierres/COURS/slamnav/install/nav2_map_server:/home/pierres/COURS/slamnav/install/nav2_lifecycle_manager:/home/pierres/COURS/slamnav/install/nav2_util:/home/pierres/COURS/slamnav/install/nav2_voxel_grid:/home/pierres/COURS/slamnav/install/nav2_msgs:/home/pierres/COURS/slamnav/install/nav2_common CMAKE_PREFIX_PATH=/home/pierres/COURS/slamnav/install/nav2_costmap_2d:/home/pierres/COURS/slamnav/install/nav2_map_server:/home/pierres/COURS/slamnav/install/nav2_lifecycle_manager:/home/pierres/COURS/slamnav/install/nav2_util:/home/pierres/COURS/slamnav/install/nav2_voxel_grid:/home/pierres/COURS/slamnav/install/nav2_msgs:/home/pierres/COURS/slamnav/install/nav2_common LD_LIBRARY_PATH=/home/pierres/COURS/slamnav/install/nav2_costmap_2d/lib:/home/pierres/COURS/slamnav/install/nav2_map_server/lib:/home/pierres/COURS/slamnav/install/nav2_lifecycle_manager/lib:/home/pierres/COURS/slamnav/install/nav2_util/lib:/home/pierres/COURS/slamnav/install/nav2_voxel_grid/lib:/home/pierres/COURS/slamnav/install/nav2_msgs/lib PYTHONPATH=/home/pierres/COURS/slamnav/install/nav2_msgs/local/lib/python3.10/dist-packages:/home/pierres/COURS/slamnav/install/nav2_common/local/lib/python3.10/dist-packages /usr/bin/cmake --build /home/pierres/COURS/slamnav/build/costmap_queue -- -j16 -l16
[0.218s] Invoking command in '/home/pierres/COURS/slamnav/build/costmap_queue': AMENT_PREFIX_PATH=/home/pierres/COURS/slamnav/install/nav2_costmap_2d:/home/pierres/COURS/slamnav/install/nav2_map_server:/home/pierres/COURS/slamnav/install/nav2_lifecycle_manager:/home/pierres/COURS/slamnav/install/nav2_util:/home/pierres/COURS/slamnav/install/nav2_voxel_grid:/home/pierres/COURS/slamnav/install/nav2_msgs:/home/pierres/COURS/slamnav/install/nav2_common CMAKE_PREFIX_PATH=/home/pierres/COURS/slamnav/install/nav2_costmap_2d:/home/pierres/COURS/slamnav/install/nav2_map_server:/home/pierres/COURS/slamnav/install/nav2_lifecycle_manager:/home/pierres/COURS/slamnav/install/nav2_util:/home/pierres/COURS/slamnav/install/nav2_voxel_grid:/home/pierres/COURS/slamnav/install/nav2_msgs:/home/pierres/COURS/slamnav/install/nav2_common LD_LIBRARY_PATH=/home/pierres/COURS/slamnav/install/nav2_costmap_2d/lib:/home/pierres/COURS/slamnav/install/nav2_map_server/lib:/home/pierres/COURS/slamnav/install/nav2_lifecycle_manager/lib:/home/pierres/COURS/slamnav/install/nav2_util/lib:/home/pierres/COURS/slamnav/install/nav2_voxel_grid/lib:/home/pierres/COURS/slamnav/install/nav2_msgs/lib PYTHONPATH=/home/pierres/COURS/slamnav/install/nav2_msgs/local/lib/python3.10/dist-packages:/home/pierres/COURS/slamnav/install/nav2_common/local/lib/python3.10/dist-packages /usr/bin/cmake --install /home/pierres/COURS/slamnav/build/costmap_queue
[0.230s] -- Install configuration: "Humble"
[0.230s] -- Execute custom install script
[0.230s] -- Up-to-date symlink: /home/pierres/COURS/slamnav/install/costmap_queue/lib/libcostmap_queue.so
[0.230s] -- Up-to-date symlink: /home/pierres/COURS/slamnav/install/costmap_queue/include//costmap_queue/costmap_queue.hpp
[0.230s] -- Up-to-date symlink: /home/pierres/COURS/slamnav/install/costmap_queue/include//costmap_queue/limited_costmap_queue.hpp
[0.230s] -- Up-to-date symlink: /home/pierres/COURS/slamnav/install/costmap_queue/include//costmap_queue/map_based_queue.hpp
[0.231s] -- Up-to-date symlink: /home/pierres/COURS/slamnav/install/costmap_queue/share/costmap_queue/environment/library_path.sh
[0.231s] -- Up-to-date symlink: /home/pierres/COURS/slamnav/install/costmap_queue/share/costmap_queue/environment/library_path.dsv
[0.231s] -- Up-to-date symlink: /home/pierres/COURS/slamnav/install/costmap_queue/share/ament_index/resource_index/package_run_dependencies/costmap_queue
[0.231s] -- Up-to-date symlink: /home/pierres/COURS/slamnav/install/costmap_queue/share/ament_index/resource_index/parent_prefix_path/costmap_queue
[0.231s] -- Up-to-date symlink: /home/pierres/COURS/slamnav/install/costmap_queue/share/costmap_queue/environment/ament_prefix_path.sh
[0.231s] -- Up-to-date symlink: /home/pierres/COURS/slamnav/install/costmap_queue/share/costmap_queue/environment/ament_prefix_path.dsv
[0.231s] -- Up-to-date symlink: /home/pierres/COURS/slamnav/install/costmap_queue/share/costmap_queue/environment/path.sh
[0.231s] -- Up-to-date symlink: /home/pierres/COURS/slamnav/install/costmap_queue/share/costmap_queue/environment/path.dsv
[0.231s] -- Up-to-date symlink: /home/pierres/COURS/slamnav/install/costmap_queue/share/costmap_queue/local_setup.bash
[0.232s] -- Up-to-date symlink: /home/pierres/COURS/slamnav/install/costmap_queue/share/costmap_queue/local_setup.sh
[0.233s] -- Up-to-date symlink: /home/pierres/COURS/slamnav/install/costmap_queue/share/costmap_queue/local_setup.zsh
[0.233s] -- Up-to-date symlink: /home/pierres/COURS/slamnav/install/costmap_queue/share/costmap_queue/local_setup.dsv
[0.233s] -- Symlinking: /home/pierres/COURS/slamnav/install/costmap_queue/share/costmap_queue/package.dsv
[0.238s] -- Up-to-date symlink: /home/pierres/COURS/slamnav/install/costmap_queue/share/ament_index/resource_index/packages/costmap_queue
[0.239s] -- Up-to-date symlink: /home/pierres/COURS/slamnav/install/costmap_queue/share/costmap_queue/cmake/ament_cmake_export_include_directories-extras.cmake
[0.239s] -- Up-to-date symlink: /home/pierres/COURS/slamnav/install/costmap_queue/share/costmap_queue/cmake/ament_cmake_export_libraries-extras.cmake
[0.239s] -- Up-to-date symlink: /home/pierres/COURS/slamnav/install/costmap_queue/share/costmap_queue/cmake/costmap_queueConfig.cmake
[0.239s] -- Up-to-date symlink: /home/pierres/COURS/slamnav/install/costmap_queue/share/costmap_queue/cmake/costmap_queueConfig-version.cmake
[0.240s] -- Up-to-date symlink: /home/pierres/COURS/slamnav/install/costmap_queue/share/costmap_queue/package.xml
[0.273s] Invoked command in '/home/pierres/COURS/slamnav/build/costmap_queue' returned '0': AMENT_PREFIX_PATH=/home/pierres/COURS/slamnav/install/nav2_costmap_2d:/home/pierres/COURS/slamnav/install/nav2_map_server:/home/pierres/COURS/slamnav/install/nav2_lifecycle_manager:/home/pierres/COURS/slamnav/install/nav2_util:/home/pierres/COURS/slamnav/install/nav2_voxel_grid:/home/pierres/COURS/slamnav/install/nav2_msgs:/home/pierres/COURS/slamnav/install/nav2_common CMAKE_PREFIX_PATH=/home/pierres/COURS/slamnav/install/nav2_costmap_2d:/home/pierres/COURS/slamnav/install/nav2_map_server:/home/pierres/COURS/slamnav/install/nav2_lifecycle_manager:/home/pierres/COURS/slamnav/install/nav2_util:/home/pierres/COURS/slamnav/install/nav2_voxel_grid:/home/pierres/COURS/slamnav/install/nav2_msgs:/home/pierres/COURS/slamnav/install/nav2_common LD_LIBRARY_PATH=/home/pierres/COURS/slamnav/install/nav2_costmap_2d/lib:/home/pierres/COURS/slamnav/install/nav2_map_server/lib:/home/pierres/COURS/slamnav/install/nav2_lifecycle_manager/lib:/home/pierres/COURS/slamnav/install/nav2_util/lib:/home/pierres/COURS/slamnav/install/nav2_voxel_grid/lib:/home/pierres/COURS/slamnav/install/nav2_msgs/lib PYTHONPATH=/home/pierres/COURS/slamnav/install/nav2_msgs/local/lib/python3.10/dist-packages:/home/pierres/COURS/slamnav/install/nav2_common/local/lib/python3.10/dist-packages /usr/bin/cmake --install /home/pierres/COURS/slamnav/build/costmap_queue
