[0.133s] Invoking command in '/home/pierres/COURS/slamnav/build/nav2_navfn_planner': AMENT_PREFIX_PATH=/home/pierres/COURS/slamnav/install/nav2_core:/home/pierres/COURS/slamnav/install/nav2_costmap_2d:/home/pierres/COURS/slamnav/install/nav2_map_server:/home/pierres/COURS/slamnav/install/nav2_lifecycle_manager:/home/pierres/COURS/slamnav/install/nav2_util:/home/pierres/COURS/slamnav/install/nav2_voxel_grid:/home/pierres/COURS/slamnav/install/nav2_msgs:/home/pierres/COURS/slamnav/install/nav2_common:${AMENT_PREFIX_PATH} CMAKE_PREFIX_PATH=/home/pierres/COURS/slamnav/install/nav2_core:/home/pierres/COURS/slamnav/install/nav2_costmap_2d:/home/pierres/COURS/slamnav/install/nav2_map_server:/home/pierres/COURS/slamnav/install/nav2_lifecycle_manager:/home/pierres/COURS/slamnav/install/nav2_util:/home/pierres/COURS/slamnav/install/nav2_voxel_grid:/home/pierres/COURS/slamnav/install/nav2_msgs:/home/pierres/COURS/slamnav/install/nav2_common:/home/pierres/COURS/slamnav/install/slam_toolbox:/opt/ros/humble:/home/pierres/COURS/slamnav/install/slamnav_turtlebot LD_LIBRARY_PATH=/home/pierres/COURS/slamnav/install/nav2_costmap_2d/lib:/home/pierres/COURS/slamnav/install/nav2_map_server/lib:/home/pierres/COURS/slamnav/install/nav2_lifecycle_manager/lib:/home/pierres/COURS/slamnav/install/nav2_util/lib:/home/pierres/COURS/slamnav/install/nav2_voxel_grid/lib:/home/pierres/COURS/slamnav/install/nav2_msgs/lib:${LD_LIBRARY_PATH} PYTHONPATH=/home/pierres/COURS/slamnav/install/nav2_msgs/local/lib/python3.10/dist-packages:/home/pierres/COURS/slamnav/install/nav2_common/local/lib/python3.10/dist-packages:${PYTHONPATH} /usr/bin/cmake /home/pierres/COURS/slamnav/src/navigation2/nav2_navfn_planner -DCMAKE_BUILD_TYPE=Humble -DAMENT_CMAKE_SYMLINK_INSTALL=1 -DCMAKE_INSTALL_PREFIX=/home/pierres/COURS/slamnav/install/nav2_navfn_planner
[0.294s] -- The C compiler identification is GNU 11.4.0
[0.430s] -- The CXX compiler identification is GNU 11.4.0
[0.456s] -- Detecting C compiler ABI info
[0.638s] -- Detecting C compiler ABI info - done
[0.663s] -- Check for working C compiler: /usr/bin/cc - skipped
[0.663s] -- Detecting C compile features
[0.663s] -- Detecting C compile features - done
[0.672s] -- Detecting CXX compiler ABI info
[0.989s] -- Detecting CXX compiler ABI info - done
[1.031s] -- Check for working CXX compiler: /usr/bin/c++ - skipped
[1.031s] -- Detecting CXX compile features
[1.040s] -- Detecting CXX compile features - done
[1.050s] -- Found ament_cmake: 1.3.10 (/opt/ros/humble/share/ament_cmake/cmake)
[1.481s] -- Found Python3: /usr/bin/python3 (found version "3.10.12") found components: Interpreter 
[1.644s] -- Override CMake install command with custom implementation using symlinks instead of copying resources
[1.709s] -- Found nav2_common: 1.1.16 (/home/pierres/COURS/slamnav/install/nav2_common/share/nav2_common/cmake)
[1.719s] -- Found rclcpp: 16.0.10 (/opt/ros/humble/share/rclcpp/cmake)
[1.849s] -- Found rosidl_generator_c: 3.1.5 (/opt/ros/humble/share/rosidl_generator_c/cmake)
[1.870s] -- Found rosidl_adapter: 3.1.5 (/opt/ros/humble/share/rosidl_adapter/cmake)
[1.898s] -- Found rosidl_generator_cpp: 3.1.5 (/opt/ros/humble/share/rosidl_generator_cpp/cmake)
[1.935s] -- Using all available rosidl_typesupport_c: rosidl_typesupport_fastrtps_c;rosidl_typesupport_introspection_c
[1.987s] -- Using all available rosidl_typesupport_cpp: rosidl_typesupport_fastrtps_cpp;rosidl_typesupport_introspection_cpp
[2.107s] -- Found rmw_implementation_cmake: 6.1.2 (/opt/ros/humble/share/rmw_implementation_cmake/cmake)
[2.112s] -- Found rmw_cyclonedds_cpp: 1.3.4 (/opt/ros/humble/share/rmw_cyclonedds_cpp/cmake)
[2.164s] -- Using RMW implementation 'rmw_cyclonedds_cpp' as default
[2.181s] -- Looking for pthread.h
[2.379s] -- Looking for pthread.h - found
[2.379s] -- Performing Test CMAKE_HAVE_LIBC_PTHREAD
[2.649s] -- Performing Test CMAKE_HAVE_LIBC_PTHREAD - Success
[2.651s] -- Found Threads: TRUE  
[2.789s] -- Found rclcpp_action: 16.0.10 (/opt/ros/humble/share/rclcpp_action/cmake)
[2.861s] -- Found rclcpp_lifecycle: 16.0.10 (/opt/ros/humble/share/rclcpp_lifecycle/cmake)
[2.903s] -- Found visualization_msgs: 4.2.4 (/opt/ros/humble/share/visualization_msgs/cmake)
[3.011s] -- Found nav2_util: 1.1.16 (/home/pierres/COURS/slamnav/install/nav2_util/share/nav2_util/cmake)
[3.281s] -- Found eigen3_cmake_module: 0.1.1 (/opt/ros/humble/share/eigen3_cmake_module/cmake)
[3.284s] -- Found Eigen3: TRUE (found version "3.4.0") 
[3.284s] -- Ensuring Eigen3 include directory is part of orocos-kdl CMake target
[3.355s] -- Found nav2_core: 1.1.16 (/home/pierres/COURS/slamnav/install/nav2_core/share/nav2_core/cmake)
[3.813s] -- Found ament_lint_auto: 0.12.11 (/opt/ros/humble/share/ament_lint_auto/cmake)
[3.817s] -- Found ament_cmake_gtest: 1.3.10 (/opt/ros/humble/share/ament_cmake_gtest/cmake)
[4.014s] -- Found gtest sources under '/opt/ros/humble/src/gtest_vendor': C++ tests using 'Google Test' will be built
[4.273s] -- Added test 'copyright' to check source files copyright and LICENSE
[4.278s] -- Added test 'cppcheck' to perform static code analysis on C / C++ code
[4.278s] -- Configured cppcheck include dirs: /home/pierres/COURS/slamnav/src/navigation2/nav2_navfn_planner/include
[4.278s] -- Configured cppcheck exclude dirs and/or files: 
[4.279s] -- Added test 'cpplint' to check C / C++ code against the Google style
[4.279s] -- Configured cpplint exclude dirs and/or files: 
[4.280s] -- Added test 'lint_cmake' to check CMake code style
[4.283s] -- Added test 'uncrustify' to check C / C++ code style
[4.283s] -- Configured uncrustify additional arguments: 
[4.284s] -- Added test 'xmllint' to check XML markup files
[4.290s] -- Configuring done
[4.525s] -- Generating done
[4.532s] -- Build files have been written to: /home/pierres/COURS/slamnav/build/nav2_navfn_planner
[4.588s] Invoked command in '/home/pierres/COURS/slamnav/build/nav2_navfn_planner' returned '0': AMENT_PREFIX_PATH=/home/pierres/COURS/slamnav/install/nav2_core:/home/pierres/COURS/slamnav/install/nav2_costmap_2d:/home/pierres/COURS/slamnav/install/nav2_map_server:/home/pierres/COURS/slamnav/install/nav2_lifecycle_manager:/home/pierres/COURS/slamnav/install/nav2_util:/home/pierres/COURS/slamnav/install/nav2_voxel_grid:/home/pierres/COURS/slamnav/install/nav2_msgs:/home/pierres/COURS/slamnav/install/nav2_common:${AMENT_PREFIX_PATH} CMAKE_PREFIX_PATH=/home/pierres/COURS/slamnav/install/nav2_core:/home/pierres/COURS/slamnav/install/nav2_costmap_2d:/home/pierres/COURS/slamnav/install/nav2_map_server:/home/pierres/COURS/slamnav/install/nav2_lifecycle_manager:/home/pierres/COURS/slamnav/install/nav2_util:/home/pierres/COURS/slamnav/install/nav2_voxel_grid:/home/pierres/COURS/slamnav/install/nav2_msgs:/home/pierres/COURS/slamnav/install/nav2_common:/home/pierres/COURS/slamnav/install/slam_toolbox:/opt/ros/humble:/home/pierres/COURS/slamnav/install/slamnav_turtlebot LD_LIBRARY_PATH=/home/pierres/COURS/slamnav/install/nav2_costmap_2d/lib:/home/pierres/COURS/slamnav/install/nav2_map_server/lib:/home/pierres/COURS/slamnav/install/nav2_lifecycle_manager/lib:/home/pierres/COURS/slamnav/install/nav2_util/lib:/home/pierres/COURS/slamnav/install/nav2_voxel_grid/lib:/home/pierres/COURS/slamnav/install/nav2_msgs/lib:${LD_LIBRARY_PATH} PYTHONPATH=/home/pierres/COURS/slamnav/install/nav2_msgs/local/lib/python3.10/dist-packages:/home/pierres/COURS/slamnav/install/nav2_common/local/lib/python3.10/dist-packages:${PYTHONPATH} /usr/bin/cmake /home/pierres/COURS/slamnav/src/navigation2/nav2_navfn_planner -DCMAKE_BUILD_TYPE=Humble -DAMENT_CMAKE_SYMLINK_INSTALL=1 -DCMAKE_INSTALL_PREFIX=/home/pierres/COURS/slamnav/install/nav2_navfn_planner
[4.588s] Invoking command in '/home/pierres/COURS/slamnav/build/nav2_navfn_planner': AMENT_PREFIX_PATH=/home/pierres/COURS/slamnav/install/nav2_core:/home/pierres/COURS/slamnav/install/nav2_costmap_2d:/home/pierres/COURS/slamnav/install/nav2_map_server:/home/pierres/COURS/slamnav/install/nav2_lifecycle_manager:/home/pierres/COURS/slamnav/install/nav2_util:/home/pierres/COURS/slamnav/install/nav2_voxel_grid:/home/pierres/COURS/slamnav/install/nav2_msgs:/home/pierres/COURS/slamnav/install/nav2_common:${AMENT_PREFIX_PATH} CMAKE_PREFIX_PATH=/home/pierres/COURS/slamnav/install/nav2_core:/home/pierres/COURS/slamnav/install/nav2_costmap_2d:/home/pierres/COURS/slamnav/install/nav2_map_server:/home/pierres/COURS/slamnav/install/nav2_lifecycle_manager:/home/pierres/COURS/slamnav/install/nav2_util:/home/pierres/COURS/slamnav/install/nav2_voxel_grid:/home/pierres/COURS/slamnav/install/nav2_msgs:/home/pierres/COURS/slamnav/install/nav2_common:/home/pierres/COURS/slamnav/install/slam_toolbox:/opt/ros/humble:/home/pierres/COURS/slamnav/install/slamnav_turtlebot LD_LIBRARY_PATH=/home/pierres/COURS/slamnav/install/nav2_costmap_2d/lib:/home/pierres/COURS/slamnav/install/nav2_map_server/lib:/home/pierres/COURS/slamnav/install/nav2_lifecycle_manager/lib:/home/pierres/COURS/slamnav/install/nav2_util/lib:/home/pierres/COURS/slamnav/install/nav2_voxel_grid/lib:/home/pierres/COURS/slamnav/install/nav2_msgs/lib:${LD_LIBRARY_PATH} PYTHONPATH=/home/pierres/COURS/slamnav/install/nav2_msgs/local/lib/python3.10/dist-packages:/home/pierres/COURS/slamnav/install/nav2_common/local/lib/python3.10/dist-packages:${PYTHONPATH} /usr/bin/cmake --build /home/pierres/COURS/slamnav/build/nav2_navfn_planner -- -j16 -l16
[6.049s] [ 11%] [32mBuilding CXX object gtest/CMakeFiles/gtest.dir/src/gtest-all.cc.o[0m
[6.049s] [ 22%] [32mBuilding CXX object CMakeFiles/nav2_navfn_planner.dir/src/navfn.cpp.o[0m
[6.049s] [ 33%] [32mBuilding CXX object gtest/CMakeFiles/gtest_main.dir/src/gtest_main.cc.o[0m
[6.049s] [ 44%] [32mBuilding CXX object CMakeFiles/nav2_navfn_planner.dir/src/navfn_planner.cpp.o[0m
[9.550s] [ 55%] [32m[1mLinking CXX static library libgtest_main.a[0m
[9.716s] [ 55%] Built target gtest_main
[21.388s] [ 66%] [32m[1mLinking CXX static library libgtest.a[0m
[21.654s] [ 66%] Built target gtest
[26.045s] [ 77%] [32m[1mLinking CXX shared library libnav2_navfn_planner.so[0m
[32.338s] [ 77%] Built target nav2_navfn_planner
[32.399s] [ 88%] [32mBuilding CXX object test/CMakeFiles/test_dynamic_parameters.dir/test_dynamic_parameters.cpp.o[0m
[44.734s] [100%] [32m[1mLinking CXX executable test_dynamic_parameters[0m
[48.154s] [100%] Built target test_dynamic_parameters
[48.176s] Invoked command in '/home/pierres/COURS/slamnav/build/nav2_navfn_planner' returned '0': AMENT_PREFIX_PATH=/home/pierres/COURS/slamnav/install/nav2_core:/home/pierres/COURS/slamnav/install/nav2_costmap_2d:/home/pierres/COURS/slamnav/install/nav2_map_server:/home/pierres/COURS/slamnav/install/nav2_lifecycle_manager:/home/pierres/COURS/slamnav/install/nav2_util:/home/pierres/COURS/slamnav/install/nav2_voxel_grid:/home/pierres/COURS/slamnav/install/nav2_msgs:/home/pierres/COURS/slamnav/install/nav2_common:${AMENT_PREFIX_PATH} CMAKE_PREFIX_PATH=/home/pierres/COURS/slamnav/install/nav2_core:/home/pierres/COURS/slamnav/install/nav2_costmap_2d:/home/pierres/COURS/slamnav/install/nav2_map_server:/home/pierres/COURS/slamnav/install/nav2_lifecycle_manager:/home/pierres/COURS/slamnav/install/nav2_util:/home/pierres/COURS/slamnav/install/nav2_voxel_grid:/home/pierres/COURS/slamnav/install/nav2_msgs:/home/pierres/COURS/slamnav/install/nav2_common:/home/pierres/COURS/slamnav/install/slam_toolbox:/opt/ros/humble:/home/pierres/COURS/slamnav/install/slamnav_turtlebot LD_LIBRARY_PATH=/home/pierres/COURS/slamnav/install/nav2_costmap_2d/lib:/home/pierres/COURS/slamnav/install/nav2_map_server/lib:/home/pierres/COURS/slamnav/install/nav2_lifecycle_manager/lib:/home/pierres/COURS/slamnav/install/nav2_util/lib:/home/pierres/COURS/slamnav/install/nav2_voxel_grid/lib:/home/pierres/COURS/slamnav/install/nav2_msgs/lib:${LD_LIBRARY_PATH} PYTHONPATH=/home/pierres/COURS/slamnav/install/nav2_msgs/local/lib/python3.10/dist-packages:/home/pierres/COURS/slamnav/install/nav2_common/local/lib/python3.10/dist-packages:${PYTHONPATH} /usr/bin/cmake --build /home/pierres/COURS/slamnav/build/nav2_navfn_planner -- -j16 -l16
[48.215s] Invoking command in '/home/pierres/COURS/slamnav/build/nav2_navfn_planner': AMENT_PREFIX_PATH=/home/pierres/COURS/slamnav/install/nav2_core:/home/pierres/COURS/slamnav/install/nav2_costmap_2d:/home/pierres/COURS/slamnav/install/nav2_map_server:/home/pierres/COURS/slamnav/install/nav2_lifecycle_manager:/home/pierres/COURS/slamnav/install/nav2_util:/home/pierres/COURS/slamnav/install/nav2_voxel_grid:/home/pierres/COURS/slamnav/install/nav2_msgs:/home/pierres/COURS/slamnav/install/nav2_common:${AMENT_PREFIX_PATH} CMAKE_PREFIX_PATH=/home/pierres/COURS/slamnav/install/nav2_core:/home/pierres/COURS/slamnav/install/nav2_costmap_2d:/home/pierres/COURS/slamnav/install/nav2_map_server:/home/pierres/COURS/slamnav/install/nav2_lifecycle_manager:/home/pierres/COURS/slamnav/install/nav2_util:/home/pierres/COURS/slamnav/install/nav2_voxel_grid:/home/pierres/COURS/slamnav/install/nav2_msgs:/home/pierres/COURS/slamnav/install/nav2_common:/home/pierres/COURS/slamnav/install/slam_toolbox:/opt/ros/humble:/home/pierres/COURS/slamnav/install/slamnav_turtlebot LD_LIBRARY_PATH=/home/pierres/COURS/slamnav/install/nav2_costmap_2d/lib:/home/pierres/COURS/slamnav/install/nav2_map_server/lib:/home/pierres/COURS/slamnav/install/nav2_lifecycle_manager/lib:/home/pierres/COURS/slamnav/install/nav2_util/lib:/home/pierres/COURS/slamnav/install/nav2_voxel_grid/lib:/home/pierres/COURS/slamnav/install/nav2_msgs/lib:${LD_LIBRARY_PATH} PYTHONPATH=/home/pierres/COURS/slamnav/install/nav2_msgs/local/lib/python3.10/dist-packages:/home/pierres/COURS/slamnav/install/nav2_common/local/lib/python3.10/dist-packages:${PYTHONPATH} /usr/bin/cmake --install /home/pierres/COURS/slamnav/build/nav2_navfn_planner
[60.605s] -- Install configuration: "Humble"
[60.605s] -- Execute custom install script
[60.605s] -- Symlinking: /home/pierres/COURS/slamnav/install/nav2_navfn_planner/share/nav2_navfn_planner//global_planner_plugin.xml
[60.605s] -- Symlinking: /home/pierres/COURS/slamnav/install/nav2_navfn_planner/lib/libnav2_navfn_planner.so
[60.605s] -- Symlinking: /home/pierres/COURS/slamnav/install/nav2_navfn_planner/include//nav2_navfn_planner/navfn.hpp
[60.605s] -- Symlinking: /home/pierres/COURS/slamnav/install/nav2_navfn_planner/include//nav2_navfn_planner/navfn_planner.hpp
[60.606s] -- Up-to-date symlink: /home/pierres/COURS/slamnav/install/nav2_navfn_planner/share/nav2_navfn_planner/global_planner_plugin.xml
[60.606s] -- Symlinking: /home/pierres/COURS/slamnav/install/nav2_navfn_planner/share/nav2_navfn_planner/environment/library_path.sh
[60.606s] -- Symlinking: /home/pierres/COURS/slamnav/install/nav2_navfn_planner/share/nav2_navfn_planner/environment/library_path.dsv
[60.606s] -- Symlinking: /home/pierres/COURS/slamnav/install/nav2_navfn_planner/share/ament_index/resource_index/package_run_dependencies/nav2_navfn_planner
[60.606s] -- Symlinking: /home/pierres/COURS/slamnav/install/nav2_navfn_planner/share/ament_index/resource_index/parent_prefix_path/nav2_navfn_planner
[60.606s] -- Symlinking: /home/pierres/COURS/slamnav/install/nav2_navfn_planner/share/nav2_navfn_planner/environment/ament_prefix_path.sh
[60.606s] -- Symlinking: /home/pierres/COURS/slamnav/install/nav2_navfn_planner/share/nav2_navfn_planner/environment/ament_prefix_path.dsv
[60.606s] -- Symlinking: /home/pierres/COURS/slamnav/install/nav2_navfn_planner/share/nav2_navfn_planner/environment/path.sh
[60.606s] -- Symlinking: /home/pierres/COURS/slamnav/install/nav2_navfn_planner/share/nav2_navfn_planner/environment/path.dsv
[60.606s] -- Symlinking: /home/pierres/COURS/slamnav/install/nav2_navfn_planner/share/nav2_navfn_planner/local_setup.bash
[60.606s] -- Symlinking: /home/pierres/COURS/slamnav/install/nav2_navfn_planner/share/nav2_navfn_planner/local_setup.sh
[60.606s] -- Symlinking: /home/pierres/COURS/slamnav/install/nav2_navfn_planner/share/nav2_navfn_planner/local_setup.zsh
[60.606s] -- Symlinking: /home/pierres/COURS/slamnav/install/nav2_navfn_planner/share/nav2_navfn_planner/local_setup.dsv
[60.606s] -- Symlinking: /home/pierres/COURS/slamnav/install/nav2_navfn_planner/share/nav2_navfn_planner/package.dsv
[60.607s] -- Symlinking: /home/pierres/COURS/slamnav/install/nav2_navfn_planner/share/ament_index/resource_index/packages/nav2_navfn_planner
[60.607s] -- Symlinking: /home/pierres/COURS/slamnav/install/nav2_navfn_planner/share/ament_index/resource_index/nav2_core__pluginlib__plugin/nav2_navfn_planner
[60.607s] -- Symlinking: /home/pierres/COURS/slamnav/install/nav2_navfn_planner/share/nav2_navfn_planner/cmake/ament_cmake_export_include_directories-extras.cmake
[60.607s] -- Symlinking: /home/pierres/COURS/slamnav/install/nav2_navfn_planner/share/nav2_navfn_planner/cmake/ament_cmake_export_libraries-extras.cmake
[60.607s] -- Symlinking: /home/pierres/COURS/slamnav/install/nav2_navfn_planner/share/nav2_navfn_planner/cmake/ament_cmake_export_dependencies-extras.cmake
[60.607s] -- Symlinking: /home/pierres/COURS/slamnav/install/nav2_navfn_planner/share/nav2_navfn_planner/cmake/nav2_navfn_plannerConfig.cmake
[60.607s] -- Symlinking: /home/pierres/COURS/slamnav/install/nav2_navfn_planner/share/nav2_navfn_planner/cmake/nav2_navfn_plannerConfig-version.cmake
[60.607s] -- Symlinking: /home/pierres/COURS/slamnav/install/nav2_navfn_planner/share/nav2_navfn_planner/package.xml
[60.645s] Invoked command in '/home/pierres/COURS/slamnav/build/nav2_navfn_planner' returned '0': AMENT_PREFIX_PATH=/home/pierres/COURS/slamnav/install/nav2_core:/home/pierres/COURS/slamnav/install/nav2_costmap_2d:/home/pierres/COURS/slamnav/install/nav2_map_server:/home/pierres/COURS/slamnav/install/nav2_lifecycle_manager:/home/pierres/COURS/slamnav/install/nav2_util:/home/pierres/COURS/slamnav/install/nav2_voxel_grid:/home/pierres/COURS/slamnav/install/nav2_msgs:/home/pierres/COURS/slamnav/install/nav2_common:${AMENT_PREFIX_PATH} CMAKE_PREFIX_PATH=/home/pierres/COURS/slamnav/install/nav2_core:/home/pierres/COURS/slamnav/install/nav2_costmap_2d:/home/pierres/COURS/slamnav/install/nav2_map_server:/home/pierres/COURS/slamnav/install/nav2_lifecycle_manager:/home/pierres/COURS/slamnav/install/nav2_util:/home/pierres/COURS/slamnav/install/nav2_voxel_grid:/home/pierres/COURS/slamnav/install/nav2_msgs:/home/pierres/COURS/slamnav/install/nav2_common:/home/pierres/COURS/slamnav/install/slam_toolbox:/opt/ros/humble:/home/pierres/COURS/slamnav/install/slamnav_turtlebot LD_LIBRARY_PATH=/home/pierres/COURS/slamnav/install/nav2_costmap_2d/lib:/home/pierres/COURS/slamnav/install/nav2_map_server/lib:/home/pierres/COURS/slamnav/install/nav2_lifecycle_manager/lib:/home/pierres/COURS/slamnav/install/nav2_util/lib:/home/pierres/COURS/slamnav/install/nav2_voxel_grid/lib:/home/pierres/COURS/slamnav/install/nav2_msgs/lib:${LD_LIBRARY_PATH} PYTHONPATH=/home/pierres/COURS/slamnav/install/nav2_msgs/local/lib/python3.10/dist-packages:/home/pierres/COURS/slamnav/install/nav2_common/local/lib/python3.10/dist-packages:${PYTHONPATH} /usr/bin/cmake --install /home/pierres/COURS/slamnav/build/nav2_navfn_planner
