[0.023s] Invoking command in '/home/pierres/COURS/slamnav/build/nav2_amcl': AMENT_PREFIX_PATH=/home/pierres/COURS/slamnav/install/nav2_util:/home/pierres/COURS/slamnav/install/nav2_msgs:/home/pierres/COURS/slamnav/install/nav2_common:${AMENT_PREFIX_PATH} CMAKE_PREFIX_PATH=/home/pierres/COURS/slamnav/install/nav2_util:/home/pierres/COURS/slamnav/install/nav2_msgs:/home/pierres/COURS/slamnav/install/nav2_common:/home/pierres/COURS/slamnav/install/slam_toolbox:/opt/ros/humble:/home/pierres/COURS/slamnav/install/slamnav_turtlebot LD_LIBRARY_PATH=/home/pierres/COURS/slamnav/install/nav2_util/lib:/home/pierres/COURS/slamnav/install/nav2_msgs/lib:${LD_LIBRARY_PATH} PYTHONPATH=/home/pierres/COURS/slamnav/install/nav2_msgs/local/lib/python3.10/dist-packages:/home/pierres/COURS/slamnav/install/nav2_common/local/lib/python3.10/dist-packages:${PYTHONPATH} /usr/bin/cmake /home/pierres/COURS/slamnav/src/navigation2/nav2_amcl -DCMAKE_BUILD_TYPE=Humble -DAMENT_CMAKE_SYMLINK_INSTALL=1 -DCMAKE_INSTALL_PREFIX=/home/pierres/COURS/slamnav/install/nav2_amcl
[0.082s] -- The C compiler identification is GNU 11.4.0
[0.148s] -- The CXX compiler identification is GNU 11.4.0
[0.156s] -- Detecting C compiler ABI info
[0.221s] -- Detecting C compiler ABI info - done
[0.227s] -- Check for working C compiler: /usr/bin/cc - skipped
[0.227s] -- Detecting C compile features
[0.227s] -- Detecting C compile features - done
[0.229s] -- Detecting CXX compiler ABI info
[0.295s] -- Detecting CXX compiler ABI info - done
[0.303s] -- Check for working CXX compiler: /usr/bin/c++ - skipped
[0.303s] -- Detecting CXX compile features
[0.303s] -- Detecting CXX compile features - done
[0.305s] -- Found ament_cmake: 1.3.10 (/opt/ros/humble/share/ament_cmake/cmake)
[0.454s] -- Found Python3: /usr/bin/python3 (found version "3.10.12") found components: Interpreter 
[0.502s] -- Override CMake install command with custom implementation using symlinks instead of copying resources
[0.520s] -- Found nav2_common: 1.1.16 (/home/pierres/COURS/slamnav/install/nav2_common/share/nav2_common/cmake)
[0.521s] -- Found rclcpp: 16.0.10 (/opt/ros/humble/share/rclcpp/cmake)
[0.550s] -- Found rosidl_generator_c: 3.1.5 (/opt/ros/humble/share/rosidl_generator_c/cmake)
[0.553s] -- Found rosidl_adapter: 3.1.5 (/opt/ros/humble/share/rosidl_adapter/cmake)
[0.558s] -- Found rosidl_generator_cpp: 3.1.5 (/opt/ros/humble/share/rosidl_generator_cpp/cmake)
[0.566s] -- Using all available rosidl_typesupport_c: rosidl_typesupport_fastrtps_c;rosidl_typesupport_introspection_c
[0.577s] -- Using all available rosidl_typesupport_cpp: rosidl_typesupport_fastrtps_cpp;rosidl_typesupport_introspection_cpp
[0.605s] -- Found rmw_implementation_cmake: 6.1.2 (/opt/ros/humble/share/rmw_implementation_cmake/cmake)
[0.607s] -- Found rmw_cyclonedds_cpp: 1.3.4 (/opt/ros/humble/share/rmw_cyclonedds_cpp/cmake)
[0.622s] -- Using RMW implementation 'rmw_cyclonedds_cpp' as default
[0.627s] -- Looking for pthread.h
[0.695s] -- Looking for pthread.h - found
[0.695s] -- Performing Test CMAKE_HAVE_LIBC_PTHREAD
[0.769s] -- Performing Test CMAKE_HAVE_LIBC_PTHREAD - Success
[0.770s] -- Found Threads: TRUE  
[0.826s] -- Found rclcpp_lifecycle: 16.0.10 (/opt/ros/humble/share/rclcpp_lifecycle/cmake)
[0.839s] -- Found rclcpp_components: 16.0.10 (/opt/ros/humble/share/rclcpp_components/cmake)
[0.857s] -- Found message_filters: 4.3.5 (/opt/ros/humble/share/message_filters/cmake)
[0.860s] -- Found tf2_geometry_msgs: 0.25.8 (/opt/ros/humble/share/tf2_geometry_msgs/cmake)
[0.878s] -- Found eigen3_cmake_module: 0.1.1 (/opt/ros/humble/share/eigen3_cmake_module/cmake)
[0.879s] -- Found Eigen3: TRUE (found version "3.4.0") 
[0.879s] -- Ensuring Eigen3 include directory is part of orocos-kdl CMake target
[0.926s] -- Found nav_msgs: 4.2.4 (/opt/ros/humble/share/nav_msgs/cmake)
[0.937s] -- Found sensor_msgs: 4.2.4 (/opt/ros/humble/share/sensor_msgs/cmake)
[0.948s] -- Found std_srvs: 4.2.4 (/opt/ros/humble/share/std_srvs/cmake)
[0.954s] -- Found nav2_util: 1.1.16 (/home/pierres/COURS/slamnav/install/nav2_util/share/nav2_util/cmake)
[0.995s] -- Found pluginlib: 5.1.0 (/opt/ros/humble/share/pluginlib/cmake)
[1.016s] -- Looking for drand48
[1.091s] -- Looking for drand48 - found
[1.161s] -- Found ament_lint_auto: 0.12.11 (/opt/ros/humble/share/ament_lint_auto/cmake)
[1.234s] -- Added test 'cppcheck' to perform static code analysis on C / C++ code
[1.234s] -- Configured cppcheck include dirs: /home/pierres/COURS/slamnav/src/navigation2/nav2_amcl/include;/home/pierres/COURS/slamnav/src/navigation2/nav2_amcl/src/include
[1.235s] -- Configured cppcheck exclude dirs and/or files: 
[1.235s] -- Added test 'lint_cmake' to check CMake code style
[1.235s] -- Added test 'uncrustify' to check C / C++ code style
[1.235s] -- Configured uncrustify additional arguments: 
[1.235s] -- Added test 'xmllint' to check XML markup files
[1.237s] -- Configuring done
[1.298s] -- Generating done
[1.300s] -- Build files have been written to: /home/pierres/COURS/slamnav/build/nav2_amcl
[1.311s] Invoked command in '/home/pierres/COURS/slamnav/build/nav2_amcl' returned '0': AMENT_PREFIX_PATH=/home/pierres/COURS/slamnav/install/nav2_util:/home/pierres/COURS/slamnav/install/nav2_msgs:/home/pierres/COURS/slamnav/install/nav2_common:${AMENT_PREFIX_PATH} CMAKE_PREFIX_PATH=/home/pierres/COURS/slamnav/install/nav2_util:/home/pierres/COURS/slamnav/install/nav2_msgs:/home/pierres/COURS/slamnav/install/nav2_common:/home/pierres/COURS/slamnav/install/slam_toolbox:/opt/ros/humble:/home/pierres/COURS/slamnav/install/slamnav_turtlebot LD_LIBRARY_PATH=/home/pierres/COURS/slamnav/install/nav2_util/lib:/home/pierres/COURS/slamnav/install/nav2_msgs/lib:${LD_LIBRARY_PATH} PYTHONPATH=/home/pierres/COURS/slamnav/install/nav2_msgs/local/lib/python3.10/dist-packages:/home/pierres/COURS/slamnav/install/nav2_common/local/lib/python3.10/dist-packages:${PYTHONPATH} /usr/bin/cmake /home/pierres/COURS/slamnav/src/navigation2/nav2_amcl -DCMAKE_BUILD_TYPE=Humble -DAMENT_CMAKE_SYMLINK_INSTALL=1 -DCMAKE_INSTALL_PREFIX=/home/pierres/COURS/slamnav/install/nav2_amcl
[1.313s] Invoking command in '/home/pierres/COURS/slamnav/build/nav2_amcl': AMENT_PREFIX_PATH=/home/pierres/COURS/slamnav/install/nav2_util:/home/pierres/COURS/slamnav/install/nav2_msgs:/home/pierres/COURS/slamnav/install/nav2_common:${AMENT_PREFIX_PATH} CMAKE_PREFIX_PATH=/home/pierres/COURS/slamnav/install/nav2_util:/home/pierres/COURS/slamnav/install/nav2_msgs:/home/pierres/COURS/slamnav/install/nav2_common:/home/pierres/COURS/slamnav/install/slam_toolbox:/opt/ros/humble:/home/pierres/COURS/slamnav/install/slamnav_turtlebot LD_LIBRARY_PATH=/home/pierres/COURS/slamnav/install/nav2_util/lib:/home/pierres/COURS/slamnav/install/nav2_msgs/lib:${LD_LIBRARY_PATH} PYTHONPATH=/home/pierres/COURS/slamnav/install/nav2_msgs/local/lib/python3.10/dist-packages:/home/pierres/COURS/slamnav/install/nav2_common/local/lib/python3.10/dist-packages:${PYTHONPATH} /usr/bin/cmake --build /home/pierres/COURS/slamnav/build/nav2_amcl -- -j16 -l16
[1.365s] [  4%] [32mBuilding C object src/map/CMakeFiles/map_lib.dir/map.c.o[0m
[1.365s] [  8%] [32mBuilding C object src/map/CMakeFiles/map_lib.dir/map_range.c.o[0m
[1.374s] [ 12%] [32mBuilding C object src/pf/CMakeFiles/pf_lib.dir/pf.c.o[0m
[1.374s] [ 16%] [32mBuilding C object src/pf/CMakeFiles/pf_lib.dir/pf_draw.c.o[0m
[1.374s] [ 20%] [32mBuilding C object src/map/CMakeFiles/map_lib.dir/map_draw.c.o[0m
[1.375s] [ 25%] [32mBuilding C object src/pf/CMakeFiles/pf_lib.dir/pf_pdf.c.o[0m
[1.377s] [ 29%] [32mBuilding C object src/pf/CMakeFiles/pf_lib.dir/pf_vector.c.o[0m
[1.379s] [ 33%] [32mBuilding C object src/pf/CMakeFiles/pf_lib.dir/pf_kdtree.c.o[0m
[1.379s] [ 37%] [32mBuilding C object src/pf/CMakeFiles/pf_lib.dir/eig3.c.o[0m
[1.383s] [ 41%] [32mBuilding CXX object src/map/CMakeFiles/map_lib.dir/map_cspace.cpp.o[0m
[1.508s] [ 45%] [32m[1mLinking C shared library libpf_lib.so[0m
[1.661s] [ 45%] Built target pf_lib
[1.711s] [ 50%] [32mBuilding CXX object src/motion_model/CMakeFiles/motions_lib.dir/omni_motion_model.cpp.o[0m
[1.718s] [ 54%] [32mBuilding CXX object src/motion_model/CMakeFiles/motions_lib.dir/differential_motion_model.cpp.o[0m
[1.761s] [ 58%] [32m[1mLinking CXX shared library libmap_lib.so[0m
[1.887s] [ 58%] Built target map_lib
[1.919s] [ 62%] [32mBuilding CXX object src/sensors/CMakeFiles/sensors_lib.dir/laser/laser.cpp.o[0m
[1.929s] [ 66%] [32mBuilding CXX object src/sensors/CMakeFiles/sensors_lib.dir/laser/beam_model.cpp.o[0m
[1.929s] [ 75%] [32mBuilding CXX object src/sensors/CMakeFiles/sensors_lib.dir/laser/likelihood_field_model.cpp.o[0m
[1.931s] [ 75%] [32mBuilding CXX object src/sensors/CMakeFiles/sensors_lib.dir/laser/likelihood_field_model_prob.cpp.o[0m
[2.475s] [ 79%] [32m[1mLinking CXX shared library libsensors_lib.so[0m
[2.623s] [ 79%] Built target sensors_lib
[2.650s] [ 83%] [32mBuilding CXX object CMakeFiles/amcl_core.dir/src/amcl_node.cpp.o[0m
[2.931s] [ 87%] [32m[1mLinking CXX shared library libmotions_lib.so[0m
[3.153s] [ 87%] Built target motions_lib
[47.287s] [ 91%] [32m[1mLinking CXX shared library libamcl_core.so[0m
[51.458s] [ 91%] Built target amcl_core
[51.521s] [ 95%] [32mBuilding CXX object CMakeFiles/amcl.dir/src/main.cpp.o[0m
[63.580s] [100%] [32m[1mLinking CXX executable amcl[0m
[66.347s] [100%] Built target amcl
[66.382s] Invoked command in '/home/pierres/COURS/slamnav/build/nav2_amcl' returned '0': AMENT_PREFIX_PATH=/home/pierres/COURS/slamnav/install/nav2_util:/home/pierres/COURS/slamnav/install/nav2_msgs:/home/pierres/COURS/slamnav/install/nav2_common:${AMENT_PREFIX_PATH} CMAKE_PREFIX_PATH=/home/pierres/COURS/slamnav/install/nav2_util:/home/pierres/COURS/slamnav/install/nav2_msgs:/home/pierres/COURS/slamnav/install/nav2_common:/home/pierres/COURS/slamnav/install/slam_toolbox:/opt/ros/humble:/home/pierres/COURS/slamnav/install/slamnav_turtlebot LD_LIBRARY_PATH=/home/pierres/COURS/slamnav/install/nav2_util/lib:/home/pierres/COURS/slamnav/install/nav2_msgs/lib:${LD_LIBRARY_PATH} PYTHONPATH=/home/pierres/COURS/slamnav/install/nav2_msgs/local/lib/python3.10/dist-packages:/home/pierres/COURS/slamnav/install/nav2_common/local/lib/python3.10/dist-packages:${PYTHONPATH} /usr/bin/cmake --build /home/pierres/COURS/slamnav/build/nav2_amcl -- -j16 -l16
[66.432s] Invoking command in '/home/pierres/COURS/slamnav/build/nav2_amcl': AMENT_PREFIX_PATH=/home/pierres/COURS/slamnav/install/nav2_util:/home/pierres/COURS/slamnav/install/nav2_msgs:/home/pierres/COURS/slamnav/install/nav2_common:${AMENT_PREFIX_PATH} CMAKE_PREFIX_PATH=/home/pierres/COURS/slamnav/install/nav2_util:/home/pierres/COURS/slamnav/install/nav2_msgs:/home/pierres/COURS/slamnav/install/nav2_common:/home/pierres/COURS/slamnav/install/slam_toolbox:/opt/ros/humble:/home/pierres/COURS/slamnav/install/slamnav_turtlebot LD_LIBRARY_PATH=/home/pierres/COURS/slamnav/install/nav2_util/lib:/home/pierres/COURS/slamnav/install/nav2_msgs/lib:${LD_LIBRARY_PATH} PYTHONPATH=/home/pierres/COURS/slamnav/install/nav2_msgs/local/lib/python3.10/dist-packages:/home/pierres/COURS/slamnav/install/nav2_common/local/lib/python3.10/dist-packages:${PYTHONPATH} /usr/bin/cmake --install /home/pierres/COURS/slamnav/build/nav2_amcl
[66.443s] -- Install configuration: "Humble"
[66.444s] -- Execute custom install script
[66.447s] -- Symlinking: /home/pierres/COURS/slamnav/install/nav2_amcl/lib/libpf_lib.so
[66.460s] -- Symlinking: /home/pierres/COURS/slamnav/install/nav2_amcl/lib/libmap_lib.so
[66.480s] -- Symlinking: /home/pierres/COURS/slamnav/install/nav2_amcl/lib/libmotions_lib.so
[66.495s] -- Symlinking: /home/pierres/COURS/slamnav/install/nav2_amcl/lib/libsensors_lib.so
[66.511s] -- Symlinking: /home/pierres/COURS/slamnav/install/nav2_amcl/lib/libamcl_core.so
[66.530s] -- Symlinking: /home/pierres/COURS/slamnav/install/nav2_amcl/lib/nav2_amcl/amcl
[66.551s] -- Symlinking: /home/pierres/COURS/slamnav/install/nav2_amcl/include//nav2_amcl/amcl_node.hpp
[66.566s] -- Symlinking: /home/pierres/COURS/slamnav/install/nav2_amcl/include//nav2_amcl/angleutils.hpp
[66.585s] -- Symlinking: /home/pierres/COURS/slamnav/install/nav2_amcl/include//nav2_amcl/map/map.hpp
[66.609s] -- Symlinking: /home/pierres/COURS/slamnav/install/nav2_amcl/include//nav2_amcl/motion_model/differential_motion_model.hpp
[66.631s] -- Symlinking: /home/pierres/COURS/slamnav/install/nav2_amcl/include//nav2_amcl/motion_model/motion_model.hpp
[66.652s] -- Symlinking: /home/pierres/COURS/slamnav/install/nav2_amcl/include//nav2_amcl/motion_model/omni_motion_model.hpp
[66.669s] -- Symlinking: /home/pierres/COURS/slamnav/install/nav2_amcl/include//nav2_amcl/pf/eig3.hpp
[66.688s] -- Symlinking: /home/pierres/COURS/slamnav/install/nav2_amcl/include//nav2_amcl/pf/pf.hpp
[66.707s] -- Symlinking: /home/pierres/COURS/slamnav/install/nav2_amcl/include//nav2_amcl/pf/pf_kdtree.hpp
[66.724s] -- Symlinking: /home/pierres/COURS/slamnav/install/nav2_amcl/include//nav2_amcl/pf/pf_pdf.hpp
[66.741s] -- Symlinking: /home/pierres/COURS/slamnav/install/nav2_amcl/include//nav2_amcl/pf/pf_vector.hpp
[66.758s] -- Symlinking: /home/pierres/COURS/slamnav/install/nav2_amcl/include//nav2_amcl/portable_utils.hpp
[66.778s] -- Symlinking: /home/pierres/COURS/slamnav/install/nav2_amcl/include//nav2_amcl/sensors/laser/laser.hpp
[66.803s] -- Symlinking: /home/pierres/COURS/slamnav/install/nav2_amcl/share/nav2_amcl/environment/library_path.sh
[66.819s] -- Symlinking: /home/pierres/COURS/slamnav/install/nav2_amcl/share/nav2_amcl/environment/library_path.dsv
[66.830s] -- Symlinking: /home/pierres/COURS/slamnav/install/nav2_amcl/share/nav2_amcl//plugins.xml
[66.847s] -- Symlinking: /home/pierres/COURS/slamnav/install/nav2_amcl/share/ament_index/resource_index/package_run_dependencies/nav2_amcl
[66.862s] -- Symlinking: /home/pierres/COURS/slamnav/install/nav2_amcl/share/ament_index/resource_index/parent_prefix_path/nav2_amcl
[66.879s] -- Symlinking: /home/pierres/COURS/slamnav/install/nav2_amcl/share/nav2_amcl/environment/ament_prefix_path.sh
[66.895s] -- Symlinking: /home/pierres/COURS/slamnav/install/nav2_amcl/share/nav2_amcl/environment/ament_prefix_path.dsv
[66.912s] -- Symlinking: /home/pierres/COURS/slamnav/install/nav2_amcl/share/nav2_amcl/environment/path.sh
[66.931s] -- Symlinking: /home/pierres/COURS/slamnav/install/nav2_amcl/share/nav2_amcl/environment/path.dsv
[66.955s] -- Symlinking: /home/pierres/COURS/slamnav/install/nav2_amcl/share/nav2_amcl/local_setup.bash
[66.977s] -- Symlinking: /home/pierres/COURS/slamnav/install/nav2_amcl/share/nav2_amcl/local_setup.sh
[66.990s] -- Symlinking: /home/pierres/COURS/slamnav/install/nav2_amcl/share/nav2_amcl/local_setup.zsh
[67.002s] -- Symlinking: /home/pierres/COURS/slamnav/install/nav2_amcl/share/nav2_amcl/local_setup.dsv
[67.021s] -- Symlinking: /home/pierres/COURS/slamnav/install/nav2_amcl/share/nav2_amcl/package.dsv
[67.033s] -- Symlinking: /home/pierres/COURS/slamnav/install/nav2_amcl/share/ament_index/resource_index/packages/nav2_amcl
[67.058s] -- Symlinking: /home/pierres/COURS/slamnav/install/nav2_amcl/share/ament_index/resource_index/nav2_amcl__pluginlib__plugin/nav2_amcl
[67.069s] -- Symlinking: /home/pierres/COURS/slamnav/install/nav2_amcl/share/ament_index/resource_index/rclcpp_components/nav2_amcl
[67.095s] -- Symlinking: /home/pierres/COURS/slamnav/install/nav2_amcl/share/nav2_amcl/cmake/ament_cmake_export_include_directories-extras.cmake
[67.110s] -- Symlinking: /home/pierres/COURS/slamnav/install/nav2_amcl/share/nav2_amcl/cmake/ament_cmake_export_libraries-extras.cmake
[67.126s] -- Symlinking: /home/pierres/COURS/slamnav/install/nav2_amcl/share/nav2_amcl/cmake/ament_cmake_export_dependencies-extras.cmake
[67.144s] -- Symlinking: /home/pierres/COURS/slamnav/install/nav2_amcl/share/nav2_amcl/cmake/nav2_amclConfig.cmake
[67.160s] -- Symlinking: /home/pierres/COURS/slamnav/install/nav2_amcl/share/nav2_amcl/cmake/nav2_amclConfig-version.cmake
[67.179s] -- Symlinking: /home/pierres/COURS/slamnav/install/nav2_amcl/share/nav2_amcl/package.xml
[67.195s] Invoked command in '/home/pierres/COURS/slamnav/build/nav2_amcl' returned '0': AMENT_PREFIX_PATH=/home/pierres/COURS/slamnav/install/nav2_util:/home/pierres/COURS/slamnav/install/nav2_msgs:/home/pierres/COURS/slamnav/install/nav2_common:${AMENT_PREFIX_PATH} CMAKE_PREFIX_PATH=/home/pierres/COURS/slamnav/install/nav2_util:/home/pierres/COURS/slamnav/install/nav2_msgs:/home/pierres/COURS/slamnav/install/nav2_common:/home/pierres/COURS/slamnav/install/slam_toolbox:/opt/ros/humble:/home/pierres/COURS/slamnav/install/slamnav_turtlebot LD_LIBRARY_PATH=/home/pierres/COURS/slamnav/install/nav2_util/lib:/home/pierres/COURS/slamnav/install/nav2_msgs/lib:${LD_LIBRARY_PATH} PYTHONPATH=/home/pierres/COURS/slamnav/install/nav2_msgs/local/lib/python3.10/dist-packages:/home/pierres/COURS/slamnav/install/nav2_common/local/lib/python3.10/dist-packages:${PYTHONPATH} /usr/bin/cmake --install /home/pierres/COURS/slamnav/build/nav2_amcl
