[0.040s] Invoking command in '/home/pierres/COURS/slamnav/build/nav2_graceful_controller': AMENT_PREFIX_PATH=/home/pierres/COURS/slamnav/install/nav2_controller:/home/pierres/COURS/slamnav/install/nav2_core:/home/pierres/COURS/slamnav/install/nav2_costmap_2d:/home/pierres/COURS/slamnav/install/nav_2d_utils:/home/pierres/COURS/slamnav/install/nav2_map_server:/home/pierres/COURS/slamnav/install/nav2_lifecycle_manager:/home/pierres/COURS/slamnav/install/nav2_util:/home/pierres/COURS/slamnav/install/nav2_voxel_grid:/home/pierres/COURS/slamnav/install/nav2_msgs:/home/pierres/COURS/slamnav/install/nav_2d_msgs:/home/pierres/COURS/slamnav/install/nav2_common:${AMENT_PREFIX_PATH} CMAKE_PREFIX_PATH=/home/pierres/COURS/slamnav/install/nav2_controller:/home/pierres/COURS/slamnav/install/nav2_core:/home/pierres/COURS/slamnav/install/nav2_costmap_2d:/home/pierres/COURS/slamnav/install/nav_2d_utils:/home/pierres/COURS/slamnav/install/nav2_map_server:/home/pierres/COURS/slamnav/install/nav2_lifecycle_manager:/home/pierres/COURS/slamnav/install/nav2_util:/home/pierres/COURS/slamnav/install/nav2_voxel_grid:/home/pierres/COURS/slamnav/install/nav2_msgs:/home/pierres/COURS/slamnav/install/nav_2d_msgs:/home/pierres/COURS/slamnav/install/nav2_common:/home/pierres/COURS/slamnav/install/slam_toolbox:/opt/ros/humble:/home/pierres/COURS/slamnav/install/slamnav_turtlebot LD_LIBRARY_PATH=/home/pierres/COURS/slamnav/install/nav2_controller/lib:/home/pierres/COURS/slamnav/install/nav2_costmap_2d/lib:/home/pierres/COURS/slamnav/install/nav_2d_utils/lib:/home/pierres/COURS/slamnav/install/nav2_map_server/lib:/home/pierres/COURS/slamnav/install/nav2_lifecycle_manager/lib:/home/pierres/COURS/slamnav/install/nav2_util/lib:/home/pierres/COURS/slamnav/install/nav2_voxel_grid/lib:/home/pierres/COURS/slamnav/install/nav2_msgs/lib:/home/pierres/COURS/slamnav/install/nav_2d_msgs/lib:${LD_LIBRARY_PATH} PYTHONPATH=/home/pierres/COURS/slamnav/install/nav2_msgs/local/lib/python3.10/dist-packages:/home/pierres/COURS/slamnav/install/nav_2d_msgs/local/lib/python3.10/dist-packages:/home/pierres/COURS/slamnav/install/nav2_common/local/lib/python3.10/dist-packages:${PYTHONPATH} /usr/bin/cmake /home/pierres/COURS/slamnav/src/navigation2/nav2_graceful_controller -DCMAKE_BUILD_TYPE=Humble -DAMENT_CMAKE_SYMLINK_INSTALL=1 -DCMAKE_INSTALL_PREFIX=/home/pierres/COURS/slamnav/install/nav2_graceful_controller
[0.104s] -- The C compiler identification is GNU 11.4.0
[0.191s] -- The CXX compiler identification is GNU 11.4.0
[0.203s] -- Detecting C compiler ABI info
[0.305s] -- Detecting C compiler ABI info - done
[0.318s] -- Check for working C compiler: /usr/bin/cc - skipped
[0.318s] -- Detecting C compile features
[0.319s] -- Detecting C compile features - done
[0.324s] -- Detecting CXX compiler ABI info
[0.422s] -- Detecting CXX compiler ABI info - done
[0.429s] -- Check for working CXX compiler: /usr/bin/c++ - skipped
[0.429s] -- Detecting CXX compile features
[0.430s] -- Detecting CXX compile features - done
[0.433s] -- Found ament_cmake: 1.3.10 (/opt/ros/humble/share/ament_cmake/cmake)
[0.657s] -- Found Python3: /usr/bin/python3 (found version "3.10.12") found components: Interpreter 
[0.793s] -- Override CMake install command with custom implementation using symlinks instead of copying resources
[0.834s] -- Found nav2_common: 1.1.16 (/home/pierres/COURS/slamnav/install/nav2_common/share/nav2_common/cmake)
[0.835s] -- Found nav2_core: 1.1.16 (/home/pierres/COURS/slamnav/install/nav2_core/share/nav2_core/cmake)
[0.930s] -- Found rosidl_generator_c: 3.1.5 (/opt/ros/humble/share/rosidl_generator_c/cmake)
[0.942s] -- Found rosidl_adapter: 3.1.5 (/opt/ros/humble/share/rosidl_adapter/cmake)
[0.959s] -- Found rosidl_generator_cpp: 3.1.5 (/opt/ros/humble/share/rosidl_generator_cpp/cmake)
[0.985s] -- Using all available rosidl_typesupport_c: rosidl_typesupport_fastrtps_c;rosidl_typesupport_introspection_c
[1.017s] -- Using all available rosidl_typesupport_cpp: rosidl_typesupport_fastrtps_cpp;rosidl_typesupport_introspection_cpp
[1.108s] -- Found rmw_implementation_cmake: 6.1.2 (/opt/ros/humble/share/rmw_implementation_cmake/cmake)
[1.115s] -- Found rmw_cyclonedds_cpp: 1.3.4 (/opt/ros/humble/share/rmw_cyclonedds_cpp/cmake)
[1.162s] -- Using RMW implementation 'rmw_cyclonedds_cpp' as default
[1.180s] -- Looking for pthread.h
[1.283s] -- Looking for pthread.h - found
[1.284s] -- Performing Test CMAKE_HAVE_LIBC_PTHREAD
[1.403s] -- Performing Test CMAKE_HAVE_LIBC_PTHREAD - Success
[1.405s] -- Found Threads: TRUE  
[1.744s] -- Found Eigen3: TRUE (found version "3.4.0") 
[1.745s] -- Ensuring Eigen3 include directory is part of orocos-kdl CMake target
[1.874s] -- Found nav_2d_utils: 1.1.16 (/home/pierres/COURS/slamnav/install/nav_2d_utils/share/nav_2d_utils/cmake)
[2.297s] -- Found ament_lint_auto: 0.12.11 (/opt/ros/humble/share/ament_lint_auto/cmake)
[2.530s] -- Found gtest sources under '/opt/ros/humble/src/gtest_vendor': C++ tests using 'Google Test' will be built
[3.614s] -- Added test 'cppcheck' to perform static code analysis on C / C++ code
[3.615s] -- Configured cppcheck include dirs: /home/pierres/COURS/slamnav/src/navigation2/nav2_graceful_controller/include
[3.615s] -- Configured cppcheck exclude dirs and/or files: 
[3.615s] -- Added test 'cpplint' to check C / C++ code against the Google style
[3.615s] -- Configured cpplint exclude dirs and/or files: 
[3.622s] -- Added test 'lint_cmake' to check CMake code style
[3.630s] -- Added test 'uncrustify' to check C / C++ code style
[3.630s] -- Configured uncrustify additional arguments: 
[3.638s] -- Added test 'xmllint' to check XML markup files
[3.658s] -- Configuring done
[4.081s] -- Generating done
[4.104s] -- Build files have been written to: /home/pierres/COURS/slamnav/build/nav2_graceful_controller
[4.135s] Invoked command in '/home/pierres/COURS/slamnav/build/nav2_graceful_controller' returned '0': AMENT_PREFIX_PATH=/home/pierres/COURS/slamnav/install/nav2_controller:/home/pierres/COURS/slamnav/install/nav2_core:/home/pierres/COURS/slamnav/install/nav2_costmap_2d:/home/pierres/COURS/slamnav/install/nav_2d_utils:/home/pierres/COURS/slamnav/install/nav2_map_server:/home/pierres/COURS/slamnav/install/nav2_lifecycle_manager:/home/pierres/COURS/slamnav/install/nav2_util:/home/pierres/COURS/slamnav/install/nav2_voxel_grid:/home/pierres/COURS/slamnav/install/nav2_msgs:/home/pierres/COURS/slamnav/install/nav_2d_msgs:/home/pierres/COURS/slamnav/install/nav2_common:${AMENT_PREFIX_PATH} CMAKE_PREFIX_PATH=/home/pierres/COURS/slamnav/install/nav2_controller:/home/pierres/COURS/slamnav/install/nav2_core:/home/pierres/COURS/slamnav/install/nav2_costmap_2d:/home/pierres/COURS/slamnav/install/nav_2d_utils:/home/pierres/COURS/slamnav/install/nav2_map_server:/home/pierres/COURS/slamnav/install/nav2_lifecycle_manager:/home/pierres/COURS/slamnav/install/nav2_util:/home/pierres/COURS/slamnav/install/nav2_voxel_grid:/home/pierres/COURS/slamnav/install/nav2_msgs:/home/pierres/COURS/slamnav/install/nav_2d_msgs:/home/pierres/COURS/slamnav/install/nav2_common:/home/pierres/COURS/slamnav/install/slam_toolbox:/opt/ros/humble:/home/pierres/COURS/slamnav/install/slamnav_turtlebot LD_LIBRARY_PATH=/home/pierres/COURS/slamnav/install/nav2_controller/lib:/home/pierres/COURS/slamnav/install/nav2_costmap_2d/lib:/home/pierres/COURS/slamnav/install/nav_2d_utils/lib:/home/pierres/COURS/slamnav/install/nav2_map_server/lib:/home/pierres/COURS/slamnav/install/nav2_lifecycle_manager/lib:/home/pierres/COURS/slamnav/install/nav2_util/lib:/home/pierres/COURS/slamnav/install/nav2_voxel_grid/lib:/home/pierres/COURS/slamnav/install/nav2_msgs/lib:/home/pierres/COURS/slamnav/install/nav_2d_msgs/lib:${LD_LIBRARY_PATH} PYTHONPATH=/home/pierres/COURS/slamnav/install/nav2_msgs/local/lib/python3.10/dist-packages:/home/pierres/COURS/slamnav/install/nav_2d_msgs/local/lib/python3.10/dist-packages:/home/pierres/COURS/slamnav/install/nav2_common/local/lib/python3.10/dist-packages:${PYTHONPATH} /usr/bin/cmake /home/pierres/COURS/slamnav/src/navigation2/nav2_graceful_controller -DCMAKE_BUILD_TYPE=Humble -DAMENT_CMAKE_SYMLINK_INSTALL=1 -DCMAKE_INSTALL_PREFIX=/home/pierres/COURS/slamnav/install/nav2_graceful_controller
[4.144s] Invoking command in '/home/pierres/COURS/slamnav/build/nav2_graceful_controller': AMENT_PREFIX_PATH=/home/pierres/COURS/slamnav/install/nav2_controller:/home/pierres/COURS/slamnav/install/nav2_core:/home/pierres/COURS/slamnav/install/nav2_costmap_2d:/home/pierres/COURS/slamnav/install/nav_2d_utils:/home/pierres/COURS/slamnav/install/nav2_map_server:/home/pierres/COURS/slamnav/install/nav2_lifecycle_manager:/home/pierres/COURS/slamnav/install/nav2_util:/home/pierres/COURS/slamnav/install/nav2_voxel_grid:/home/pierres/COURS/slamnav/install/nav2_msgs:/home/pierres/COURS/slamnav/install/nav_2d_msgs:/home/pierres/COURS/slamnav/install/nav2_common:${AMENT_PREFIX_PATH} CMAKE_PREFIX_PATH=/home/pierres/COURS/slamnav/install/nav2_controller:/home/pierres/COURS/slamnav/install/nav2_core:/home/pierres/COURS/slamnav/install/nav2_costmap_2d:/home/pierres/COURS/slamnav/install/nav_2d_utils:/home/pierres/COURS/slamnav/install/nav2_map_server:/home/pierres/COURS/slamnav/install/nav2_lifecycle_manager:/home/pierres/COURS/slamnav/install/nav2_util:/home/pierres/COURS/slamnav/install/nav2_voxel_grid:/home/pierres/COURS/slamnav/install/nav2_msgs:/home/pierres/COURS/slamnav/install/nav_2d_msgs:/home/pierres/COURS/slamnav/install/nav2_common:/home/pierres/COURS/slamnav/install/slam_toolbox:/opt/ros/humble:/home/pierres/COURS/slamnav/install/slamnav_turtlebot LD_LIBRARY_PATH=/home/pierres/COURS/slamnav/install/nav2_controller/lib:/home/pierres/COURS/slamnav/install/nav2_costmap_2d/lib:/home/pierres/COURS/slamnav/install/nav_2d_utils/lib:/home/pierres/COURS/slamnav/install/nav2_map_server/lib:/home/pierres/COURS/slamnav/install/nav2_lifecycle_manager/lib:/home/pierres/COURS/slamnav/install/nav2_util/lib:/home/pierres/COURS/slamnav/install/nav2_voxel_grid/lib:/home/pierres/COURS/slamnav/install/nav2_msgs/lib:/home/pierres/COURS/slamnav/install/nav_2d_msgs/lib:${LD_LIBRARY_PATH} PYTHONPATH=/home/pierres/COURS/slamnav/install/nav2_msgs/local/lib/python3.10/dist-packages:/home/pierres/COURS/slamnav/install/nav_2d_msgs/local/lib/python3.10/dist-packages:/home/pierres/COURS/slamnav/install/nav2_common/local/lib/python3.10/dist-packages:${PYTHONPATH} /usr/bin/cmake --build /home/pierres/COURS/slamnav/build/nav2_graceful_controller -- -j16 -l16
[4.331s] [  6%] [32mBuilding CXX object CMakeFiles/smooth_control_law.dir/src/smooth_control_law.cpp.o[0m
[4.331s] [ 13%] [32mBuilding CXX object gtest/CMakeFiles/gtest_main.dir/src/gtest_main.cc.o[0m
[4.354s] [ 20%] [32mBuilding CXX object gtest/CMakeFiles/gtest.dir/src/gtest-all.cc.o[0m
[7.659s] [ 26%] [32m[1mLinking CXX static library libgtest_main.a[0m
[7.786s] [ 26%] Built target gtest_main
[14.324s] [ 33%] [32m[1mLinking CXX static library libgtest.a[0m
[14.539s] [ 33%] Built target gtest
[18.333s] [ 40%] [32m[1mLinking CXX shared library libsmooth_control_law.so[0m
[43.491s] [ 40%] Built target smooth_control_law
[43.516s] [ 46%] [32mBuilding CXX object test/CMakeFiles/test_egopolar.dir/test_egopolar.cpp.o[0m
[46.014s] [ 53%] [32m[1mLinking CXX executable test_egopolar[0m
[46.185s] [ 53%] Built target test_egopolar
[46.214s] [ 60%] [32mBuilding CXX object CMakeFiles/nav2_graceful_controller.dir/src/graceful_controller.cpp.o[0m
[51.802s] [ 73%] [32mBuilding CXX object CMakeFiles/nav2_graceful_controller.dir/src/utils.cpp.o[0m
[51.802s] [ 73%] [32mBuilding CXX object CMakeFiles/nav2_graceful_controller.dir/src/path_handler.cpp.o[0m
[52.682s] [ 80%] [32mBuilding CXX object CMakeFiles/nav2_graceful_controller.dir/src/parameter_handler.cpp.o[0m
[57.100s] [ 86%] [32m[1mLinking CXX shared library libnav2_graceful_controller.so[0m
[58.466s] [ 86%] Built target nav2_graceful_controller
[58.495s] [ 93%] [32mBuilding CXX object test/CMakeFiles/test_graceful_controller.dir/test_graceful_controller.cpp.o[0m
[65.174s] [100%] [32m[1mLinking CXX executable test_graceful_controller[0m
[67.344s] [100%] Built target test_graceful_controller
[67.358s] Invoked command in '/home/pierres/COURS/slamnav/build/nav2_graceful_controller' returned '0': AMENT_PREFIX_PATH=/home/pierres/COURS/slamnav/install/nav2_controller:/home/pierres/COURS/slamnav/install/nav2_core:/home/pierres/COURS/slamnav/install/nav2_costmap_2d:/home/pierres/COURS/slamnav/install/nav_2d_utils:/home/pierres/COURS/slamnav/install/nav2_map_server:/home/pierres/COURS/slamnav/install/nav2_lifecycle_manager:/home/pierres/COURS/slamnav/install/nav2_util:/home/pierres/COURS/slamnav/install/nav2_voxel_grid:/home/pierres/COURS/slamnav/install/nav2_msgs:/home/pierres/COURS/slamnav/install/nav_2d_msgs:/home/pierres/COURS/slamnav/install/nav2_common:${AMENT_PREFIX_PATH} CMAKE_PREFIX_PATH=/home/pierres/COURS/slamnav/install/nav2_controller:/home/pierres/COURS/slamnav/install/nav2_core:/home/pierres/COURS/slamnav/install/nav2_costmap_2d:/home/pierres/COURS/slamnav/install/nav_2d_utils:/home/pierres/COURS/slamnav/install/nav2_map_server:/home/pierres/COURS/slamnav/install/nav2_lifecycle_manager:/home/pierres/COURS/slamnav/install/nav2_util:/home/pierres/COURS/slamnav/install/nav2_voxel_grid:/home/pierres/COURS/slamnav/install/nav2_msgs:/home/pierres/COURS/slamnav/install/nav_2d_msgs:/home/pierres/COURS/slamnav/install/nav2_common:/home/pierres/COURS/slamnav/install/slam_toolbox:/opt/ros/humble:/home/pierres/COURS/slamnav/install/slamnav_turtlebot LD_LIBRARY_PATH=/home/pierres/COURS/slamnav/install/nav2_controller/lib:/home/pierres/COURS/slamnav/install/nav2_costmap_2d/lib:/home/pierres/COURS/slamnav/install/nav_2d_utils/lib:/home/pierres/COURS/slamnav/install/nav2_map_server/lib:/home/pierres/COURS/slamnav/install/nav2_lifecycle_manager/lib:/home/pierres/COURS/slamnav/install/nav2_util/lib:/home/pierres/COURS/slamnav/install/nav2_voxel_grid/lib:/home/pierres/COURS/slamnav/install/nav2_msgs/lib:/home/pierres/COURS/slamnav/install/nav_2d_msgs/lib:${LD_LIBRARY_PATH} PYTHONPATH=/home/pierres/COURS/slamnav/install/nav2_msgs/local/lib/python3.10/dist-packages:/home/pierres/COURS/slamnav/install/nav_2d_msgs/local/lib/python3.10/dist-packages:/home/pierres/COURS/slamnav/install/nav2_common/local/lib/python3.10/dist-packages:${PYTHONPATH} /usr/bin/cmake --build /home/pierres/COURS/slamnav/build/nav2_graceful_controller -- -j16 -l16
[67.400s] Invoking command in '/home/pierres/COURS/slamnav/build/nav2_graceful_controller': AMENT_PREFIX_PATH=/home/pierres/COURS/slamnav/install/nav2_controller:/home/pierres/COURS/slamnav/install/nav2_core:/home/pierres/COURS/slamnav/install/nav2_costmap_2d:/home/pierres/COURS/slamnav/install/nav_2d_utils:/home/pierres/COURS/slamnav/install/nav2_map_server:/home/pierres/COURS/slamnav/install/nav2_lifecycle_manager:/home/pierres/COURS/slamnav/install/nav2_util:/home/pierres/COURS/slamnav/install/nav2_voxel_grid:/home/pierres/COURS/slamnav/install/nav2_msgs:/home/pierres/COURS/slamnav/install/nav_2d_msgs:/home/pierres/COURS/slamnav/install/nav2_common:${AMENT_PREFIX_PATH} CMAKE_PREFIX_PATH=/home/pierres/COURS/slamnav/install/nav2_controller:/home/pierres/COURS/slamnav/install/nav2_core:/home/pierres/COURS/slamnav/install/nav2_costmap_2d:/home/pierres/COURS/slamnav/install/nav_2d_utils:/home/pierres/COURS/slamnav/install/nav2_map_server:/home/pierres/COURS/slamnav/install/nav2_lifecycle_manager:/home/pierres/COURS/slamnav/install/nav2_util:/home/pierres/COURS/slamnav/install/nav2_voxel_grid:/home/pierres/COURS/slamnav/install/nav2_msgs:/home/pierres/COURS/slamnav/install/nav_2d_msgs:/home/pierres/COURS/slamnav/install/nav2_common:/home/pierres/COURS/slamnav/install/slam_toolbox:/opt/ros/humble:/home/pierres/COURS/slamnav/install/slamnav_turtlebot LD_LIBRARY_PATH=/home/pierres/COURS/slamnav/install/nav2_controller/lib:/home/pierres/COURS/slamnav/install/nav2_costmap_2d/lib:/home/pierres/COURS/slamnav/install/nav_2d_utils/lib:/home/pierres/COURS/slamnav/install/nav2_map_server/lib:/home/pierres/COURS/slamnav/install/nav2_lifecycle_manager/lib:/home/pierres/COURS/slamnav/install/nav2_util/lib:/home/pierres/COURS/slamnav/install/nav2_voxel_grid/lib:/home/pierres/COURS/slamnav/install/nav2_msgs/lib:/home/pierres/COURS/slamnav/install/nav_2d_msgs/lib:${LD_LIBRARY_PATH} PYTHONPATH=/home/pierres/COURS/slamnav/install/nav2_msgs/local/lib/python3.10/dist-packages:/home/pierres/COURS/slamnav/install/nav_2d_msgs/local/lib/python3.10/dist-packages:/home/pierres/COURS/slamnav/install/nav2_common/local/lib/python3.10/dist-packages:${PYTHONPATH} /usr/bin/cmake --install /home/pierres/COURS/slamnav/build/nav2_graceful_controller
[67.407s] -- Install configuration: "Humble"
[67.407s] -- Execute custom install script
[67.408s] -- Symlinking: /home/pierres/COURS/slamnav/install/nav2_graceful_controller/lib/libsmooth_control_law.so
[67.416s] -- Symlinking: /home/pierres/COURS/slamnav/install/nav2_graceful_controller/lib/libnav2_graceful_controller.so
[67.425s] -- Symlinking: /home/pierres/COURS/slamnav/install/nav2_graceful_controller/include//nav2_graceful_controller/ego_polar_coords.hpp
[67.433s] -- Symlinking: /home/pierres/COURS/slamnav/install/nav2_graceful_controller/include//nav2_graceful_controller/graceful_controller.hpp
[67.442s] -- Symlinking: /home/pierres/COURS/slamnav/install/nav2_graceful_controller/include//nav2_graceful_controller/parameter_handler.hpp
[67.451s] -- Symlinking: /home/pierres/COURS/slamnav/install/nav2_graceful_controller/include//nav2_graceful_controller/path_handler.hpp
[67.460s] -- Symlinking: /home/pierres/COURS/slamnav/install/nav2_graceful_controller/include//nav2_graceful_controller/smooth_control_law.hpp
[67.468s] -- Symlinking: /home/pierres/COURS/slamnav/install/nav2_graceful_controller/include//nav2_graceful_controller/utils.hpp
[67.478s] -- Symlinking: /home/pierres/COURS/slamnav/install/nav2_graceful_controller/share/nav2_graceful_controller/environment/library_path.sh
[67.486s] -- Symlinking: /home/pierres/COURS/slamnav/install/nav2_graceful_controller/share/nav2_graceful_controller/environment/library_path.dsv
[67.495s] -- Symlinking: /home/pierres/COURS/slamnav/install/nav2_graceful_controller/share/nav2_graceful_controller//graceful_controller_plugin.xml
[67.504s] -- Symlinking: /home/pierres/COURS/slamnav/install/nav2_graceful_controller/share/ament_index/resource_index/package_run_dependencies/nav2_graceful_controller
[67.517s] -- Symlinking: /home/pierres/COURS/slamnav/install/nav2_graceful_controller/share/ament_index/resource_index/parent_prefix_path/nav2_graceful_controller
[67.531s] -- Symlinking: /home/pierres/COURS/slamnav/install/nav2_graceful_controller/share/nav2_graceful_controller/environment/ament_prefix_path.sh
[67.545s] -- Symlinking: /home/pierres/COURS/slamnav/install/nav2_graceful_controller/share/nav2_graceful_controller/environment/ament_prefix_path.dsv
[67.559s] -- Symlinking: /home/pierres/COURS/slamnav/install/nav2_graceful_controller/share/nav2_graceful_controller/environment/path.sh
[67.574s] -- Symlinking: /home/pierres/COURS/slamnav/install/nav2_graceful_controller/share/nav2_graceful_controller/environment/path.dsv
[67.583s] -- Symlinking: /home/pierres/COURS/slamnav/install/nav2_graceful_controller/share/nav2_graceful_controller/local_setup.bash
[67.591s] -- Symlinking: /home/pierres/COURS/slamnav/install/nav2_graceful_controller/share/nav2_graceful_controller/local_setup.sh
[67.600s] -- Symlinking: /home/pierres/COURS/slamnav/install/nav2_graceful_controller/share/nav2_graceful_controller/local_setup.zsh
[67.609s] -- Symlinking: /home/pierres/COURS/slamnav/install/nav2_graceful_controller/share/nav2_graceful_controller/local_setup.dsv
[67.617s] -- Symlinking: /home/pierres/COURS/slamnav/install/nav2_graceful_controller/share/nav2_graceful_controller/package.dsv
[67.626s] -- Symlinking: /home/pierres/COURS/slamnav/install/nav2_graceful_controller/share/ament_index/resource_index/packages/nav2_graceful_controller
[67.635s] -- Symlinking: /home/pierres/COURS/slamnav/install/nav2_graceful_controller/share/ament_index/resource_index/nav2_core__pluginlib__plugin/nav2_graceful_controller
[67.644s] -- Symlinking: /home/pierres/COURS/slamnav/install/nav2_graceful_controller/share/nav2_graceful_controller/cmake/ament_cmake_export_include_directories-extras.cmake
[67.653s] -- Symlinking: /home/pierres/COURS/slamnav/install/nav2_graceful_controller/share/nav2_graceful_controller/cmake/ament_cmake_export_libraries-extras.cmake
[67.662s] -- Symlinking: /home/pierres/COURS/slamnav/install/nav2_graceful_controller/share/nav2_graceful_controller/cmake/ament_cmake_export_dependencies-extras.cmake
[67.672s] -- Symlinking: /home/pierres/COURS/slamnav/install/nav2_graceful_controller/share/nav2_graceful_controller/cmake/nav2_graceful_controllerConfig.cmake
[67.680s] -- Symlinking: /home/pierres/COURS/slamnav/install/nav2_graceful_controller/share/nav2_graceful_controller/cmake/nav2_graceful_controllerConfig-version.cmake
[67.689s] -- Symlinking: /home/pierres/COURS/slamnav/install/nav2_graceful_controller/share/nav2_graceful_controller/package.xml
[67.701s] Invoked command in '/home/pierres/COURS/slamnav/build/nav2_graceful_controller' returned '0': AMENT_PREFIX_PATH=/home/pierres/COURS/slamnav/install/nav2_controller:/home/pierres/COURS/slamnav/install/nav2_core:/home/pierres/COURS/slamnav/install/nav2_costmap_2d:/home/pierres/COURS/slamnav/install/nav_2d_utils:/home/pierres/COURS/slamnav/install/nav2_map_server:/home/pierres/COURS/slamnav/install/nav2_lifecycle_manager:/home/pierres/COURS/slamnav/install/nav2_util:/home/pierres/COURS/slamnav/install/nav2_voxel_grid:/home/pierres/COURS/slamnav/install/nav2_msgs:/home/pierres/COURS/slamnav/install/nav_2d_msgs:/home/pierres/COURS/slamnav/install/nav2_common:${AMENT_PREFIX_PATH} CMAKE_PREFIX_PATH=/home/pierres/COURS/slamnav/install/nav2_controller:/home/pierres/COURS/slamnav/install/nav2_core:/home/pierres/COURS/slamnav/install/nav2_costmap_2d:/home/pierres/COURS/slamnav/install/nav_2d_utils:/home/pierres/COURS/slamnav/install/nav2_map_server:/home/pierres/COURS/slamnav/install/nav2_lifecycle_manager:/home/pierres/COURS/slamnav/install/nav2_util:/home/pierres/COURS/slamnav/install/nav2_voxel_grid:/home/pierres/COURS/slamnav/install/nav2_msgs:/home/pierres/COURS/slamnav/install/nav_2d_msgs:/home/pierres/COURS/slamnav/install/nav2_common:/home/pierres/COURS/slamnav/install/slam_toolbox:/opt/ros/humble:/home/pierres/COURS/slamnav/install/slamnav_turtlebot LD_LIBRARY_PATH=/home/pierres/COURS/slamnav/install/nav2_controller/lib:/home/pierres/COURS/slamnav/install/nav2_costmap_2d/lib:/home/pierres/COURS/slamnav/install/nav_2d_utils/lib:/home/pierres/COURS/slamnav/install/nav2_map_server/lib:/home/pierres/COURS/slamnav/install/nav2_lifecycle_manager/lib:/home/pierres/COURS/slamnav/install/nav2_util/lib:/home/pierres/COURS/slamnav/install/nav2_voxel_grid/lib:/home/pierres/COURS/slamnav/install/nav2_msgs/lib:/home/pierres/COURS/slamnav/install/nav_2d_msgs/lib:${LD_LIBRARY_PATH} PYTHONPATH=/home/pierres/COURS/slamnav/install/nav2_msgs/local/lib/python3.10/dist-packages:/home/pierres/COURS/slamnav/install/nav_2d_msgs/local/lib/python3.10/dist-packages:/home/pierres/COURS/slamnav/install/nav2_common/local/lib/python3.10/dist-packages:${PYTHONPATH} /usr/bin/cmake --install /home/pierres/COURS/slamnav/build/nav2_graceful_controller
