[0.114s] Invoking command in '/home/pierres/COURS/slamnav/build/nav2_smac_planner': AMENT_PREFIX_PATH=/home/pierres/COURS/slamnav/install/nav2_core:/home/pierres/COURS/slamnav/install/nav2_costmap_2d:/home/pierres/COURS/slamnav/install/nav2_map_server:/home/pierres/COURS/slamnav/install/nav2_lifecycle_manager:/home/pierres/COURS/slamnav/install/nav2_util:/home/pierres/COURS/slamnav/install/nav2_voxel_grid:/home/pierres/COURS/slamnav/install/nav2_msgs:/home/pierres/COURS/slamnav/install/nav2_common:${AMENT_PREFIX_PATH} CMAKE_PREFIX_PATH=/home/pierres/COURS/slamnav/install/nav2_core:/home/pierres/COURS/slamnav/install/nav2_costmap_2d:/home/pierres/COURS/slamnav/install/nav2_map_server:/home/pierres/COURS/slamnav/install/nav2_lifecycle_manager:/home/pierres/COURS/slamnav/install/nav2_util:/home/pierres/COURS/slamnav/install/nav2_voxel_grid:/home/pierres/COURS/slamnav/install/nav2_msgs:/home/pierres/COURS/slamnav/install/nav2_common:/home/pierres/COURS/slamnav/install/slam_toolbox:/opt/ros/humble:/home/pierres/COURS/slamnav/install/slamnav_turtlebot LD_LIBRARY_PATH=/home/pierres/COURS/slamnav/install/nav2_costmap_2d/lib:/home/pierres/COURS/slamnav/install/nav2_map_server/lib:/home/pierres/COURS/slamnav/install/nav2_lifecycle_manager/lib:/home/pierres/COURS/slamnav/install/nav2_util/lib:/home/pierres/COURS/slamnav/install/nav2_voxel_grid/lib:/home/pierres/COURS/slamnav/install/nav2_msgs/lib:${LD_LIBRARY_PATH} PYTHONPATH=/home/pierres/COURS/slamnav/install/nav2_msgs/local/lib/python3.10/dist-packages:/home/pierres/COURS/slamnav/install/nav2_common/local/lib/python3.10/dist-packages:${PYTHONPATH} /usr/bin/cmake /home/pierres/COURS/slamnav/src/navigation2/nav2_smac_planner -DCMAKE_BUILD_TYPE=Humble -DAMENT_CMAKE_SYMLINK_INSTALL=1 -DCMAKE_INSTALL_PREFIX=/home/pierres/COURS/slamnav/install/nav2_smac_planner
[4.604s] -- The C compiler identification is GNU 11.4.0
[4.605s] -- The CXX compiler identification is GNU 11.4.0
[4.605s] -- Detecting C compiler ABI info
[4.605s] -- Detecting C compiler ABI info - done
[4.605s] -- Check for working C compiler: /usr/bin/cc - skipped
[4.605s] -- Detecting C compile features
[4.605s] -- Detecting C compile features - done
[4.605s] -- Detecting CXX compiler ABI info
[4.605s] -- Detecting CXX compiler ABI info - done
[4.605s] -- Check for working CXX compiler: /usr/bin/c++ - skipped
[4.605s] -- Detecting CXX compile features
[4.605s] -- Detecting CXX compile features - done
[4.605s] -- Found ament_cmake: 1.3.10 (/opt/ros/humble/share/ament_cmake/cmake)
[4.605s] -- Found Python3: /usr/bin/python3 (found version "3.10.12") found components: Interpreter 
[4.606s] -- Override CMake install command with custom implementation using symlinks instead of copying resources
[4.606s] -- Found nav2_common: 1.1.16 (/home/pierres/COURS/slamnav/install/nav2_common/share/nav2_common/cmake)
[4.606s] -- Found rclcpp: 16.0.10 (/opt/ros/humble/share/rclcpp/cmake)
[4.606s] -- Found rosidl_generator_c: 3.1.5 (/opt/ros/humble/share/rosidl_generator_c/cmake)
[4.606s] -- Found rosidl_adapter: 3.1.5 (/opt/ros/humble/share/rosidl_adapter/cmake)
[4.606s] -- Found rosidl_generator_cpp: 3.1.5 (/opt/ros/humble/share/rosidl_generator_cpp/cmake)
[4.606s] -- Using all available rosidl_typesupport_c: rosidl_typesupport_fastrtps_c;rosidl_typesupport_introspection_c
[4.606s] -- Using all available rosidl_typesupport_cpp: rosidl_typesupport_fastrtps_cpp;rosidl_typesupport_introspection_cpp
[4.606s] -- Found rmw_implementation_cmake: 6.1.2 (/opt/ros/humble/share/rmw_implementation_cmake/cmake)
[4.606s] -- Found rmw_cyclonedds_cpp: 1.3.4 (/opt/ros/humble/share/rmw_cyclonedds_cpp/cmake)
[4.606s] -- Using RMW implementation 'rmw_cyclonedds_cpp' as default
[4.606s] -- Looking for pthread.h
[4.606s] -- Looking for pthread.h - found
[4.607s] -- Performing Test CMAKE_HAVE_LIBC_PTHREAD
[4.607s] -- Performing Test CMAKE_HAVE_LIBC_PTHREAD - Success
[4.607s] -- Found Threads: TRUE  
[4.607s] -- Found rclcpp_action: 16.0.10 (/opt/ros/humble/share/rclcpp_action/cmake)
[4.607s] -- Found rclcpp_lifecycle: 16.0.10 (/opt/ros/humble/share/rclcpp_lifecycle/cmake)
[4.607s] -- Found visualization_msgs: 4.2.4 (/opt/ros/humble/share/visualization_msgs/cmake)
[4.607s] -- Found nav2_util: 1.1.16 (/home/pierres/COURS/slamnav/install/nav2_util/share/nav2_util/cmake)
[4.607s] -- Found eigen3_cmake_module: 0.1.1 (/opt/ros/humble/share/eigen3_cmake_module/cmake)
[4.607s] -- Found Eigen3: TRUE (found version "3.4.0") 
[4.607s] -- Ensuring Eigen3 include directory is part of orocos-kdl CMake target
[4.607s] -- Found nav2_core: 1.1.16 (/home/pierres/COURS/slamnav/install/nav2_core/share/nav2_core/cmake)
[4.607s] -- Found ompl: /opt/ros/humble/include/ompl-1.6;/usr/include;/usr/include/eigen3  
[4.860s] -- Found OpenMP_C: -fopenmp (found version "4.5") 
[5.161s] -- Found OpenMP_CXX: -fopenmp (found version "4.5") 
[5.168s] -- Found OpenMP: TRUE (found version "4.5")  
[5.176s] -- Found OpenMP_C: -fopenmp (found version "4.5") 
[5.176s] -- Found OpenMP_CXX: -fopenmp (found version "4.5") 
[5.992s] -- Found ament_lint_auto: 0.12.11 (/opt/ros/humble/share/ament_lint_auto/cmake)
[6.325s] -- Found gtest sources under '/opt/ros/humble/src/gtest_vendor': C++ tests using 'Google Test' will be built
[8.672s] -- Added test 'copyright' to check source files copyright and LICENSE
[8.692s] -- Added test 'cppcheck' to perform static code analysis on C / C++ code
[8.695s] -- Configured cppcheck include dirs: /home/pierres/COURS/slamnav/src/navigation2/nav2_smac_planner/include
[8.696s] -- Configured cppcheck exclude dirs and/or files: include/nav2_smac_planner/thirdparty/robin_hood.h
[8.715s] -- Added test 'cpplint' to check C / C++ code against the Google style
[8.715s] -- Configured cpplint exclude dirs and/or files: include/nav2_smac_planner/thirdparty/robin_hood.h
[8.715s] -- Added test 'flake8' to check Python code syntax and style conventions
[8.720s] -- Added test 'lint_cmake' to check CMake code style
[8.722s] -- Added test 'pep257' to check Python code against some of the docstring style conventions in PEP 257
[8.731s] -- Added test 'uncrustify' to check C / C++ code style
[8.732s] -- Configured uncrustify additional arguments: 
[8.735s] -- Added test 'xmllint' to check XML markup files
[8.756s] -- Configuring done
[10.274s] -- Generating done
[10.302s] -- Build files have been written to: /home/pierres/COURS/slamnav/build/nav2_smac_planner
[10.337s] Invoked command in '/home/pierres/COURS/slamnav/build/nav2_smac_planner' returned '0': AMENT_PREFIX_PATH=/home/pierres/COURS/slamnav/install/nav2_core:/home/pierres/COURS/slamnav/install/nav2_costmap_2d:/home/pierres/COURS/slamnav/install/nav2_map_server:/home/pierres/COURS/slamnav/install/nav2_lifecycle_manager:/home/pierres/COURS/slamnav/install/nav2_util:/home/pierres/COURS/slamnav/install/nav2_voxel_grid:/home/pierres/COURS/slamnav/install/nav2_msgs:/home/pierres/COURS/slamnav/install/nav2_common:${AMENT_PREFIX_PATH} CMAKE_PREFIX_PATH=/home/pierres/COURS/slamnav/install/nav2_core:/home/pierres/COURS/slamnav/install/nav2_costmap_2d:/home/pierres/COURS/slamnav/install/nav2_map_server:/home/pierres/COURS/slamnav/install/nav2_lifecycle_manager:/home/pierres/COURS/slamnav/install/nav2_util:/home/pierres/COURS/slamnav/install/nav2_voxel_grid:/home/pierres/COURS/slamnav/install/nav2_msgs:/home/pierres/COURS/slamnav/install/nav2_common:/home/pierres/COURS/slamnav/install/slam_toolbox:/opt/ros/humble:/home/pierres/COURS/slamnav/install/slamnav_turtlebot LD_LIBRARY_PATH=/home/pierres/COURS/slamnav/install/nav2_costmap_2d/lib:/home/pierres/COURS/slamnav/install/nav2_map_server/lib:/home/pierres/COURS/slamnav/install/nav2_lifecycle_manager/lib:/home/pierres/COURS/slamnav/install/nav2_util/lib:/home/pierres/COURS/slamnav/install/nav2_voxel_grid/lib:/home/pierres/COURS/slamnav/install/nav2_msgs/lib:${LD_LIBRARY_PATH} PYTHONPATH=/home/pierres/COURS/slamnav/install/nav2_msgs/local/lib/python3.10/dist-packages:/home/pierres/COURS/slamnav/install/nav2_common/local/lib/python3.10/dist-packages:${PYTHONPATH} /usr/bin/cmake /home/pierres/COURS/slamnav/src/navigation2/nav2_smac_planner -DCMAKE_BUILD_TYPE=Humble -DAMENT_CMAKE_SYMLINK_INSTALL=1 -DCMAKE_INSTALL_PREFIX=/home/pierres/COURS/slamnav/install/nav2_smac_planner
[10.340s] Invoking command in '/home/pierres/COURS/slamnav/build/nav2_smac_planner': AMENT_PREFIX_PATH=/home/pierres/COURS/slamnav/install/nav2_core:/home/pierres/COURS/slamnav/install/nav2_costmap_2d:/home/pierres/COURS/slamnav/install/nav2_map_server:/home/pierres/COURS/slamnav/install/nav2_lifecycle_manager:/home/pierres/COURS/slamnav/install/nav2_util:/home/pierres/COURS/slamnav/install/nav2_voxel_grid:/home/pierres/COURS/slamnav/install/nav2_msgs:/home/pierres/COURS/slamnav/install/nav2_common:${AMENT_PREFIX_PATH} CMAKE_PREFIX_PATH=/home/pierres/COURS/slamnav/install/nav2_core:/home/pierres/COURS/slamnav/install/nav2_costmap_2d:/home/pierres/COURS/slamnav/install/nav2_map_server:/home/pierres/COURS/slamnav/install/nav2_lifecycle_manager:/home/pierres/COURS/slamnav/install/nav2_util:/home/pierres/COURS/slamnav/install/nav2_voxel_grid:/home/pierres/COURS/slamnav/install/nav2_msgs:/home/pierres/COURS/slamnav/install/nav2_common:/home/pierres/COURS/slamnav/install/slam_toolbox:/opt/ros/humble:/home/pierres/COURS/slamnav/install/slamnav_turtlebot LD_LIBRARY_PATH=/home/pierres/COURS/slamnav/install/nav2_costmap_2d/lib:/home/pierres/COURS/slamnav/install/nav2_map_server/lib:/home/pierres/COURS/slamnav/install/nav2_lifecycle_manager/lib:/home/pierres/COURS/slamnav/install/nav2_util/lib:/home/pierres/COURS/slamnav/install/nav2_voxel_grid/lib:/home/pierres/COURS/slamnav/install/nav2_msgs/lib:${LD_LIBRARY_PATH} PYTHONPATH=/home/pierres/COURS/slamnav/install/nav2_msgs/local/lib/python3.10/dist-packages:/home/pierres/COURS/slamnav/install/nav2_common/local/lib/python3.10/dist-packages:${PYTHONPATH} /usr/bin/cmake --build /home/pierres/COURS/slamnav/build/nav2_smac_planner -- -j16 -l16
[48.219s] [  1%] [32mBuilding CXX object CMakeFiles/nav2_smac_planner.dir/src/smac_planner_hybrid.cpp.o[0m
[48.220s] [  3%] [32mBuilding CXX object CMakeFiles/nav2_smac_planner.dir/src/node_basic.cpp.o[0m
[53.240s] [  5%] [32mBuilding CXX object CMakeFiles/nav2_smac_planner.dir/src/node_2d.cpp.o[0m
[62.321s] [  6%] [32mBuilding CXX object CMakeFiles/nav2_smac_planner.dir/src/costmap_downsampler.cpp.o[0m
[69.219s] [  8%] [32mBuilding CXX object CMakeFiles/nav2_smac_planner.dir/src/node_lattice.cpp.o[0m
[86.126s] [ 11%] [32mBuilding CXX object CMakeFiles/nav2_smac_planner.dir/src/collision_checker.cpp.o[0m
[86.126s] [ 11%] [32mBuilding CXX object CMakeFiles/nav2_smac_planner.dir/src/smoother.cpp.o[0m
[86.126s] [ 15%] [32mBuilding CXX object CMakeFiles/nav2_smac_planner.dir/src/analytic_expansion.cpp.o[0m
[86.126s] [ 15%] [32mBuilding CXX object CMakeFiles/nav2_smac_planner.dir/src/node_hybrid.cpp.o[0m
[92.558s] [ 16%] [32mBuilding CXX object CMakeFiles/nav2_smac_planner.dir/src/a_star.cpp.o[0m
[107.099s] [ 18%] [32m[1mLinking CXX shared library libnav2_smac_planner.so[0m
[113.511s] [ 18%] Built target nav2_smac_planner
[113.587s] [ 20%] [32mBuilding CXX object gtest/CMakeFiles/gtest.dir/src/gtest-all.cc.o[0m
[113.600s] [ 22%] [32mBuilding CXX object CMakeFiles/nav2_smac_planner_2d.dir/src/smac_planner_2d.cpp.o[0m
[113.611s] [ 23%] [32mBuilding CXX object CMakeFiles/nav2_smac_planner_lattice.dir/src/analytic_expansion.cpp.o[0m
[113.611s] [ 28%] [32mBuilding CXX object CMakeFiles/nav2_smac_planner_lattice.dir/src/collision_checker.cpp.o[0m
[113.611s] [ 30%] [32mBuilding CXX object gtest/CMakeFiles/gtest_main.dir/src/gtest_main.cc.o[0m
[113.613s] [ 25%] [32mBuilding CXX object CMakeFiles/nav2_smac_planner_2d.dir/src/smoother.cpp.o[0m
[113.613s] [ 32%] [32mBuilding CXX object CMakeFiles/nav2_smac_planner_lattice.dir/src/smac_planner_lattice.cpp.o[0m
[113.616s] [ 33%] [32mBuilding CXX object CMakeFiles/nav2_smac_planner_lattice.dir/src/node_lattice.cpp.o[0m
[113.619s] [ 27%] [32mBuilding CXX object CMakeFiles/nav2_smac_planner_2d.dir/src/analytic_expansion.cpp.o[0m
[113.619s] [ 35%] [32mBuilding CXX object CMakeFiles/nav2_smac_planner_2d.dir/src/node_hybrid.cpp.o[0m
[113.620s] [ 37%] [32mBuilding CXX object CMakeFiles/nav2_smac_planner_lattice.dir/src/a_star.cpp.o[0m
[113.620s] [ 38%] [32mBuilding CXX object CMakeFiles/nav2_smac_planner_2d.dir/src/node_lattice.cpp.o[0m
[113.621s] [ 40%] [32mBuilding CXX object CMakeFiles/nav2_smac_planner_2d.dir/src/collision_checker.cpp.o[0m
[113.631s] [ 42%] [32mBuilding CXX object CMakeFiles/nav2_smac_planner_2d.dir/src/a_star.cpp.o[0m
[113.631s] [ 44%] [32mBuilding CXX object CMakeFiles/nav2_smac_planner_lattice.dir/src/node_hybrid.cpp.o[0m
[113.633s] [ 45%] [32mBuilding CXX object CMakeFiles/nav2_smac_planner_lattice.dir/src/smoother.cpp.o[0m
[117.924s] [ 47%] [32m[1mLinking CXX static library libgtest_main.a[0m
[118.024s] [ 47%] Built target gtest_main
[136.724s] [ 49%] [32m[1mLinking CXX static library libgtest.a[0m
[136.852s] [ 49%] Built target gtest
[141.718s] [ 50%] [32mBuilding CXX object CMakeFiles/nav2_smac_planner_2d.dir/src/node_basic.cpp.o[0m
[142.062s] [ 52%] [32mBuilding CXX object CMakeFiles/nav2_smac_planner_lattice.dir/src/node_basic.cpp.o[0m
[146.403s] [ 54%] [32mBuilding CXX object CMakeFiles/nav2_smac_planner_lattice.dir/src/node_2d.cpp.o[0m
[147.450s] [ 55%] [32mBuilding CXX object CMakeFiles/nav2_smac_planner_2d.dir/src/node_2d.cpp.o[0m
[150.440s] [ 57%] [32mBuilding CXX object CMakeFiles/nav2_smac_planner_lattice.dir/src/costmap_downsampler.cpp.o[0m
[151.478s] [ 59%] [32mBuilding CXX object CMakeFiles/nav2_smac_planner_2d.dir/src/costmap_downsampler.cpp.o[0m
[153.707s] [ 61%] [32m[1mLinking CXX shared library libnav2_smac_planner_lattice.so[0m
[154.935s] [ 62%] [32m[1mLinking CXX shared library libnav2_smac_planner_2d.so[0m
[155.773s] [ 62%] Built target nav2_smac_planner_lattice
[155.812s] [ 64%] [32mBuilding CXX object test/CMakeFiles/test_lattice_node.dir/test_nodelattice.cpp.o[0m
[156.106s] [ 64%] Built target nav2_smac_planner_2d
[156.138s] [ 66%] [32mBuilding CXX object test/CMakeFiles/test_smac_lattice.dir/test_smac_lattice.cpp.o[0m
[163.416s] [ 67%] [32m[1mLinking CXX executable test_smac_lattice[0m
[164.661s] [ 67%] Built target test_smac_lattice
[164.689s] [ 69%] [32mBuilding CXX object test/CMakeFiles/test_smac_hybrid.dir/test_smac_hybrid.cpp.o[0m
[164.689s] [ 71%] [32mBuilding CXX object test/CMakeFiles/test_collision_checker.dir/test_collision_checker.cpp.o[0m
[164.691s] [ 72%] [32mBuilding CXX object test/CMakeFiles/test_smoother.dir/test_smoother.cpp.o[0m
[164.694s] [ 74%] [32mBuilding CXX object test/CMakeFiles/test_smac_2d.dir/test_smac_2d.cpp.o[0m
[164.694s] [ 76%] [32mBuilding CXX object test/CMakeFiles/test_a_star.dir/test_a_star.cpp.o[0m
[165.089s] [ 77%] [32m[1mLinking CXX executable test_lattice_node[0m
[167.370s] [ 77%] Built target test_lattice_node
[167.404s] [ 79%] [32mBuilding CXX object test/CMakeFiles/test_costmap_downsampler.dir/test_costmap_downsampler.cpp.o[0m
[167.408s] [ 84%] [32mBuilding CXX object test/CMakeFiles/test_node2d.dir/test_node2d.cpp.o[0m
[167.408s] [ 84%] [32mBuilding CXX object test/CMakeFiles/test_nodebasic.dir/test_nodebasic.cpp.o[0m
[167.408s] [ 84%] [32mBuilding CXX object test/CMakeFiles/test_nodehybrid.dir/test_nodehybrid.cpp.o[0m
[171.555s] [ 86%] [32m[1mLinking CXX executable test_collision_checker[0m
[174.642s] [ 86%] Built target test_collision_checker
[174.668s] [ 88%] [32m[1mLinking CXX executable test_smac_hybrid[0m
[176.879s] [ 88%] Built target test_smac_hybrid
[176.913s] [ 89%] [32m[1mLinking CXX executable test_nodebasic[0m
[176.994s] [ 91%] [32m[1mLinking CXX executable test_node2d[0m
[177.000s] [ 93%] [32m[1mLinking CXX executable test_costmap_downsampler[0m
[177.348s] [ 94%] [32m[1mLinking CXX executable test_nodehybrid[0m
[177.470s] [ 94%] Built target test_nodebasic
[177.666s] [ 96%] [32m[1mLinking CXX executable test_smac_2d[0m
[178.949s] [ 96%] Built target test_node2d
[179.557s] [ 96%] Built target test_costmap_downsampler
[179.621s] [ 96%] Built target test_nodehybrid
[179.785s] [ 96%] Built target test_smac_2d
[179.936s] [ 98%] [32m[1mLinking CXX executable test_a_star[0m
[180.636s] [100%] [32m[1mLinking CXX executable test_smoother[0m
[182.622s] [100%] Built target test_a_star
[183.882s] [100%] Built target test_smoother
[183.922s] Invoked command in '/home/pierres/COURS/slamnav/build/nav2_smac_planner' returned '0': AMENT_PREFIX_PATH=/home/pierres/COURS/slamnav/install/nav2_core:/home/pierres/COURS/slamnav/install/nav2_costmap_2d:/home/pierres/COURS/slamnav/install/nav2_map_server:/home/pierres/COURS/slamnav/install/nav2_lifecycle_manager:/home/pierres/COURS/slamnav/install/nav2_util:/home/pierres/COURS/slamnav/install/nav2_voxel_grid:/home/pierres/COURS/slamnav/install/nav2_msgs:/home/pierres/COURS/slamnav/install/nav2_common:${AMENT_PREFIX_PATH} CMAKE_PREFIX_PATH=/home/pierres/COURS/slamnav/install/nav2_core:/home/pierres/COURS/slamnav/install/nav2_costmap_2d:/home/pierres/COURS/slamnav/install/nav2_map_server:/home/pierres/COURS/slamnav/install/nav2_lifecycle_manager:/home/pierres/COURS/slamnav/install/nav2_util:/home/pierres/COURS/slamnav/install/nav2_voxel_grid:/home/pierres/COURS/slamnav/install/nav2_msgs:/home/pierres/COURS/slamnav/install/nav2_common:/home/pierres/COURS/slamnav/install/slam_toolbox:/opt/ros/humble:/home/pierres/COURS/slamnav/install/slamnav_turtlebot LD_LIBRARY_PATH=/home/pierres/COURS/slamnav/install/nav2_costmap_2d/lib:/home/pierres/COURS/slamnav/install/nav2_map_server/lib:/home/pierres/COURS/slamnav/install/nav2_lifecycle_manager/lib:/home/pierres/COURS/slamnav/install/nav2_util/lib:/home/pierres/COURS/slamnav/install/nav2_voxel_grid/lib:/home/pierres/COURS/slamnav/install/nav2_msgs/lib:${LD_LIBRARY_PATH} PYTHONPATH=/home/pierres/COURS/slamnav/install/nav2_msgs/local/lib/python3.10/dist-packages:/home/pierres/COURS/slamnav/install/nav2_common/local/lib/python3.10/dist-packages:${PYTHONPATH} /usr/bin/cmake --build /home/pierres/COURS/slamnav/build/nav2_smac_planner -- -j16 -l16
[183.994s] Invoking command in '/home/pierres/COURS/slamnav/build/nav2_smac_planner': AMENT_PREFIX_PATH=/home/pierres/COURS/slamnav/install/nav2_core:/home/pierres/COURS/slamnav/install/nav2_costmap_2d:/home/pierres/COURS/slamnav/install/nav2_map_server:/home/pierres/COURS/slamnav/install/nav2_lifecycle_manager:/home/pierres/COURS/slamnav/install/nav2_util:/home/pierres/COURS/slamnav/install/nav2_voxel_grid:/home/pierres/COURS/slamnav/install/nav2_msgs:/home/pierres/COURS/slamnav/install/nav2_common:${AMENT_PREFIX_PATH} CMAKE_PREFIX_PATH=/home/pierres/COURS/slamnav/install/nav2_core:/home/pierres/COURS/slamnav/install/nav2_costmap_2d:/home/pierres/COURS/slamnav/install/nav2_map_server:/home/pierres/COURS/slamnav/install/nav2_lifecycle_manager:/home/pierres/COURS/slamnav/install/nav2_util:/home/pierres/COURS/slamnav/install/nav2_voxel_grid:/home/pierres/COURS/slamnav/install/nav2_msgs:/home/pierres/COURS/slamnav/install/nav2_common:/home/pierres/COURS/slamnav/install/slam_toolbox:/opt/ros/humble:/home/pierres/COURS/slamnav/install/slamnav_turtlebot LD_LIBRARY_PATH=/home/pierres/COURS/slamnav/install/nav2_costmap_2d/lib:/home/pierres/COURS/slamnav/install/nav2_map_server/lib:/home/pierres/COURS/slamnav/install/nav2_lifecycle_manager/lib:/home/pierres/COURS/slamnav/install/nav2_util/lib:/home/pierres/COURS/slamnav/install/nav2_voxel_grid/lib:/home/pierres/COURS/slamnav/install/nav2_msgs/lib:${LD_LIBRARY_PATH} PYTHONPATH=/home/pierres/COURS/slamnav/install/nav2_msgs/local/lib/python3.10/dist-packages:/home/pierres/COURS/slamnav/install/nav2_common/local/lib/python3.10/dist-packages:${PYTHONPATH} /usr/bin/cmake --install /home/pierres/COURS/slamnav/build/nav2_smac_planner
[184.007s] -- Install configuration: "Release"
[184.008s] -- Execute custom install script
[184.009s] -- Symlinking: /home/pierres/COURS/slamnav/install/nav2_smac_planner/share/nav2_smac_planner//smac_plugin_hybrid.xml
[184.023s] -- Symlinking: /home/pierres/COURS/slamnav/install/nav2_smac_planner/share/nav2_smac_planner//smac_plugin_2d.xml
[184.036s] -- Symlinking: /home/pierres/COURS/slamnav/install/nav2_smac_planner/share/nav2_smac_planner//smac_plugin_lattice.xml
[184.050s] -- Symlinking: /home/pierres/COURS/slamnav/install/nav2_smac_planner/lib/libnav2_smac_planner.so
[184.064s] -- Symlinking: /home/pierres/COURS/slamnav/install/nav2_smac_planner/lib/libnav2_smac_planner_2d.so
[184.077s] -- Symlinking: /home/pierres/COURS/slamnav/install/nav2_smac_planner/lib/libnav2_smac_planner_lattice.so
[184.091s] -- Symlinking: /home/pierres/COURS/slamnav/install/nav2_smac_planner/include//nav2_smac_planner/a_star.hpp
[184.105s] -- Symlinking: /home/pierres/COURS/slamnav/install/nav2_smac_planner/include//nav2_smac_planner/analytic_expansion.hpp
[184.118s] -- Symlinking: /home/pierres/COURS/slamnav/install/nav2_smac_planner/include//nav2_smac_planner/collision_checker.hpp
[184.132s] -- Symlinking: /home/pierres/COURS/slamnav/install/nav2_smac_planner/include//nav2_smac_planner/constants.hpp
[184.146s] -- Symlinking: /home/pierres/COURS/slamnav/install/nav2_smac_planner/include//nav2_smac_planner/costmap_downsampler.hpp
[184.160s] -- Symlinking: /home/pierres/COURS/slamnav/install/nav2_smac_planner/include//nav2_smac_planner/node_2d.hpp
[184.174s] -- Symlinking: /home/pierres/COURS/slamnav/install/nav2_smac_planner/include//nav2_smac_planner/node_basic.hpp
[184.188s] -- Symlinking: /home/pierres/COURS/slamnav/install/nav2_smac_planner/include//nav2_smac_planner/node_hybrid.hpp
[184.202s] -- Symlinking: /home/pierres/COURS/slamnav/install/nav2_smac_planner/include//nav2_smac_planner/node_lattice.hpp
[184.216s] -- Symlinking: /home/pierres/COURS/slamnav/install/nav2_smac_planner/include//nav2_smac_planner/smac_planner_2d.hpp
[184.230s] -- Symlinking: /home/pierres/COURS/slamnav/install/nav2_smac_planner/include//nav2_smac_planner/smac_planner_hybrid.hpp
[184.244s] -- Symlinking: /home/pierres/COURS/slamnav/install/nav2_smac_planner/include//nav2_smac_planner/smac_planner_lattice.hpp
[184.258s] -- Symlinking: /home/pierres/COURS/slamnav/install/nav2_smac_planner/include//nav2_smac_planner/smoother.hpp
[184.271s] -- Symlinking: /home/pierres/COURS/slamnav/install/nav2_smac_planner/include//nav2_smac_planner/thirdparty/robin_hood.h
[184.285s] -- Symlinking: /home/pierres/COURS/slamnav/install/nav2_smac_planner/include//nav2_smac_planner/types.hpp
[184.299s] -- Symlinking: /home/pierres/COURS/slamnav/install/nav2_smac_planner/include//nav2_smac_planner/utils.hpp
[184.322s] -- Symlinking: /home/pierres/COURS/slamnav/install/nav2_smac_planner/share/nav2_smac_planner/sample_primitives/5cm_resolution/0.5m_turning_radius/ackermann/output.json
[184.336s] -- Symlinking: /home/pierres/COURS/slamnav/install/nav2_smac_planner/share/nav2_smac_planner/sample_primitives/5cm_resolution/0.5m_turning_radius/all_trajectories.png
[184.349s] -- Symlinking: /home/pierres/COURS/slamnav/install/nav2_smac_planner/share/nav2_smac_planner/sample_primitives/5cm_resolution/0.5m_turning_radius/diff/output.json
[184.363s] -- Symlinking: /home/pierres/COURS/slamnav/install/nav2_smac_planner/share/nav2_smac_planner/sample_primitives/5cm_resolution/0.5m_turning_radius/omni/output.json
[184.376s] -- Symlinking: /home/pierres/COURS/slamnav/install/nav2_smac_planner/share/nav2_smac_planner/sample_primitives/5cm_resolution/1m_turning_radius/ackermann/output.json
[184.388s] -- Symlinking: /home/pierres/COURS/slamnav/install/nav2_smac_planner/share/nav2_smac_planner/sample_primitives/5cm_resolution/1m_turning_radius/all_trajectories.png
[184.398s] -- Symlinking: /home/pierres/COURS/slamnav/install/nav2_smac_planner/share/nav2_smac_planner/sample_primitives/5cm_resolution/1m_turning_radius/diff/output.json
[184.407s] -- Symlinking: /home/pierres/COURS/slamnav/install/nav2_smac_planner/share/nav2_smac_planner/sample_primitives/5cm_resolution/1m_turning_radius/omni/output.json
[184.416s] -- Symlinking: /home/pierres/COURS/slamnav/install/nav2_smac_planner/share/nav2_smac_planner/environment/library_path.sh
[184.426s] -- Symlinking: /home/pierres/COURS/slamnav/install/nav2_smac_planner/share/nav2_smac_planner/environment/library_path.dsv
[184.435s] -- Symlinking: /home/pierres/COURS/slamnav/install/nav2_smac_planner/share/ament_index/resource_index/package_run_dependencies/nav2_smac_planner
[184.444s] -- Symlinking: /home/pierres/COURS/slamnav/install/nav2_smac_planner/share/ament_index/resource_index/parent_prefix_path/nav2_smac_planner
[184.452s] -- Symlinking: /home/pierres/COURS/slamnav/install/nav2_smac_planner/share/nav2_smac_planner/environment/ament_prefix_path.sh
[184.461s] -- Symlinking: /home/pierres/COURS/slamnav/install/nav2_smac_planner/share/nav2_smac_planner/environment/ament_prefix_path.dsv
[184.469s] -- Symlinking: /home/pierres/COURS/slamnav/install/nav2_smac_planner/share/nav2_smac_planner/environment/path.sh
[184.478s] -- Symlinking: /home/pierres/COURS/slamnav/install/nav2_smac_planner/share/nav2_smac_planner/environment/path.dsv
[184.487s] -- Symlinking: /home/pierres/COURS/slamnav/install/nav2_smac_planner/share/nav2_smac_planner/local_setup.bash
[184.496s] -- Symlinking: /home/pierres/COURS/slamnav/install/nav2_smac_planner/share/nav2_smac_planner/local_setup.sh
[184.505s] -- Symlinking: /home/pierres/COURS/slamnav/install/nav2_smac_planner/share/nav2_smac_planner/local_setup.zsh
[184.514s] -- Symlinking: /home/pierres/COURS/slamnav/install/nav2_smac_planner/share/nav2_smac_planner/local_setup.dsv
[184.523s] -- Symlinking: /home/pierres/COURS/slamnav/install/nav2_smac_planner/share/nav2_smac_planner/package.dsv
[184.537s] -- Symlinking: /home/pierres/COURS/slamnav/install/nav2_smac_planner/share/ament_index/resource_index/packages/nav2_smac_planner
[184.545s] -- Symlinking: /home/pierres/COURS/slamnav/install/nav2_smac_planner/share/ament_index/resource_index/nav2_core__pluginlib__plugin/nav2_smac_planner
[184.554s] -- Symlinking: /home/pierres/COURS/slamnav/install/nav2_smac_planner/share/nav2_smac_planner/cmake/ament_cmake_export_include_directories-extras.cmake
[184.563s] -- Symlinking: /home/pierres/COURS/slamnav/install/nav2_smac_planner/share/nav2_smac_planner/cmake/ament_cmake_export_libraries-extras.cmake
[184.572s] -- Symlinking: /home/pierres/COURS/slamnav/install/nav2_smac_planner/share/nav2_smac_planner/cmake/ament_cmake_export_dependencies-extras.cmake
[184.580s] -- Symlinking: /home/pierres/COURS/slamnav/install/nav2_smac_planner/share/nav2_smac_planner/cmake/nav2_smac_plannerConfig.cmake
[184.593s] -- Symlinking: /home/pierres/COURS/slamnav/install/nav2_smac_planner/share/nav2_smac_planner/cmake/nav2_smac_plannerConfig-version.cmake
[184.607s] -- Symlinking: /home/pierres/COURS/slamnav/install/nav2_smac_planner/share/nav2_smac_planner/package.xml
[184.619s] Invoked command in '/home/pierres/COURS/slamnav/build/nav2_smac_planner' returned '0': AMENT_PREFIX_PATH=/home/pierres/COURS/slamnav/install/nav2_core:/home/pierres/COURS/slamnav/install/nav2_costmap_2d:/home/pierres/COURS/slamnav/install/nav2_map_server:/home/pierres/COURS/slamnav/install/nav2_lifecycle_manager:/home/pierres/COURS/slamnav/install/nav2_util:/home/pierres/COURS/slamnav/install/nav2_voxel_grid:/home/pierres/COURS/slamnav/install/nav2_msgs:/home/pierres/COURS/slamnav/install/nav2_common:${AMENT_PREFIX_PATH} CMAKE_PREFIX_PATH=/home/pierres/COURS/slamnav/install/nav2_core:/home/pierres/COURS/slamnav/install/nav2_costmap_2d:/home/pierres/COURS/slamnav/install/nav2_map_server:/home/pierres/COURS/slamnav/install/nav2_lifecycle_manager:/home/pierres/COURS/slamnav/install/nav2_util:/home/pierres/COURS/slamnav/install/nav2_voxel_grid:/home/pierres/COURS/slamnav/install/nav2_msgs:/home/pierres/COURS/slamnav/install/nav2_common:/home/pierres/COURS/slamnav/install/slam_toolbox:/opt/ros/humble:/home/pierres/COURS/slamnav/install/slamnav_turtlebot LD_LIBRARY_PATH=/home/pierres/COURS/slamnav/install/nav2_costmap_2d/lib:/home/pierres/COURS/slamnav/install/nav2_map_server/lib:/home/pierres/COURS/slamnav/install/nav2_lifecycle_manager/lib:/home/pierres/COURS/slamnav/install/nav2_util/lib:/home/pierres/COURS/slamnav/install/nav2_voxel_grid/lib:/home/pierres/COURS/slamnav/install/nav2_msgs/lib:${LD_LIBRARY_PATH} PYTHONPATH=/home/pierres/COURS/slamnav/install/nav2_msgs/local/lib/python3.10/dist-packages:/home/pierres/COURS/slamnav/install/nav2_common/local/lib/python3.10/dist-packages:${PYTHONPATH} /usr/bin/cmake --install /home/pierres/COURS/slamnav/build/nav2_smac_planner
