[0.424s] Invoking command in '/home/pierres/COURS/slamnav/src/slamnav_turtlebot': PYTHONPATH=/home/pierres/COURS/slamnav/build/slamnav_turtlebot/prefix_override:/usr/lib/python3/dist-packages/colcon_core/task/python/colcon_distutils_commands:/home/pierres/COURS/slamnav/install/slamnav_turtlebot/lib/python3.10/site-packages:${PYTHONPATH} /usr/bin/python3 -W ignore:setup.py install is deprecated setup.py egg_info --egg-base ../../build/slamnav_turtlebot build --build-base /home/pierres/COURS/slamnav/build/slamnav_turtlebot/build install --record /home/pierres/COURS/slamnav/build/slamnav_turtlebot/install.log --install-scripts $base/lib/slamnav_turtlebot --single-version-externally-managed install_data
[0.575s] /home/pierres/.local/lib/python3.10/site-packages/setuptools/dist.py:717: UserWarning: Usage of dash-separated 'script-dir' will not be supported in future versions. Please use the underscore name 'script_dir' instead
[0.575s]   warnings.warn(
[0.592s] running egg_info
[0.592s] writing ../../build/slamnav_turtlebot/slamnav_turtlebot.egg-info/PKG-INFO
[0.592s] writing dependency_links to ../../build/slamnav_turtlebot/slamnav_turtlebot.egg-info/dependency_links.txt
[0.592s] writing entry points to ../../build/slamnav_turtlebot/slamnav_turtlebot.egg-info/entry_points.txt
[0.592s] writing requirements to ../../build/slamnav_turtlebot/slamnav_turtlebot.egg-info/requires.txt
[0.593s] writing top-level names to ../../build/slamnav_turtlebot/slamnav_turtlebot.egg-info/top_level.txt
[0.594s] reading manifest file '../../build/slamnav_turtlebot/slamnav_turtlebot.egg-info/SOURCES.txt'
[0.594s] writing manifest file '../../build/slamnav_turtlebot/slamnav_turtlebot.egg-info/SOURCES.txt'
[0.594s] running build
[0.594s] running build_py
[0.594s] running install
[0.595s] running install_lib
[0.596s] running install_data
[0.596s] copying launch/teleop.launch.py -> /home/pierres/COURS/slamnav/install/slamnav_turtlebot/share/slamnav_turtlebot/launch
[0.596s] running install_egg_info
[0.596s] removing '/home/pierres/COURS/slamnav/install/slamnav_turtlebot/lib/python3.10/site-packages/slamnav_turtlebot-0.0.0-py3.10.egg-info' (and everything under it)
[0.597s] Copying ../../build/slamnav_turtlebot/slamnav_turtlebot.egg-info to /home/pierres/COURS/slamnav/install/slamnav_turtlebot/lib/python3.10/site-packages/slamnav_turtlebot-0.0.0-py3.10.egg-info
[0.597s] running install_scripts
[0.613s] Installing joy_teleop script to /home/pierres/COURS/slamnav/install/slamnav_turtlebot/lib/slamnav_turtlebot
[0.613s] writing list of installed files to '/home/pierres/COURS/slamnav/build/slamnav_turtlebot/install.log'
[0.629s] Invoked command in '/home/pierres/COURS/slamnav/src/slamnav_turtlebot' returned '0': PYTHONPATH=/home/pierres/COURS/slamnav/build/slamnav_turtlebot/prefix_override:/usr/lib/python3/dist-packages/colcon_core/task/python/colcon_distutils_commands:/home/pierres/COURS/slamnav/install/slamnav_turtlebot/lib/python3.10/site-packages:${PYTHONPATH} /usr/bin/python3 -W ignore:setup.py install is deprecated setup.py egg_info --egg-base ../../build/slamnav_turtlebot build --build-base /home/pierres/COURS/slamnav/build/slamnav_turtlebot/build install --record /home/pierres/COURS/slamnav/build/slamnav_turtlebot/install.log --install-scripts $base/lib/slamnav_turtlebot --single-version-externally-managed install_data
