[0.016s] Invoking command in '/home/pierres/COURS/slamnav/build/nav2_costmap_2d': AMENT_PREFIX_PATH=/home/pierres/COURS/slamnav/install/nav2_map_server:/home/pierres/COURS/slamnav/install/nav2_lifecycle_manager:/home/pierres/COURS/slamnav/install/nav2_util:/home/pierres/COURS/slamnav/install/nav2_voxel_grid:/home/pierres/COURS/slamnav/install/nav2_msgs:/home/pierres/COURS/slamnav/install/nav2_common CMAKE_PREFIX_PATH=/home/pierres/COURS/slamnav/install/nav2_map_server:/home/pierres/COURS/slamnav/install/nav2_lifecycle_manager:/home/pierres/COURS/slamnav/install/nav2_util:/home/pierres/COURS/slamnav/install/nav2_voxel_grid:/home/pierres/COURS/slamnav/install/nav2_msgs:/home/pierres/COURS/slamnav/install/nav2_common LD_LIBRARY_PATH=/home/pierres/COURS/slamnav/install/nav2_map_server/lib:/home/pierres/COURS/slamnav/install/nav2_lifecycle_manager/lib:/home/pierres/COURS/slamnav/install/nav2_util/lib:/home/pierres/COURS/slamnav/install/nav2_voxel_grid/lib:/home/pierres/COURS/slamnav/install/nav2_msgs/lib PYTHONPATH=/home/pierres/COURS/slamnav/install/nav2_msgs/local/lib/python3.10/dist-packages:/home/pierres/COURS/slamnav/install/nav2_common/local/lib/python3.10/dist-packages /usr/bin/cmake --build /home/pierres/COURS/slamnav/build/nav2_costmap_2d -- -j16 -l16
[0.066s] [  2%] Built target gtest
[0.066s] [  4%] Built target gtest_main
[0.096s] [ 21%] Built target nav2_costmap_2d_core
[0.134s] [ 24%] Built target nav2_costmap_2d_markers
[0.143s] [ 26%] Built target array_parser_test
[0.144s] [ 31%] Built target costmap_convesion_test
[0.144s] [ 31%] Built target collision_footprint_test
[0.144s] [ 36%] Built target filters
[0.151s] [ 39%] Built target costmap_filter_test
[0.151s] [ 41%] Built target declare_parameter_test
[0.151s] [ 43%] Built target copy_window_test
[0.152s] [ 46%] Built target costmap_filter_service_test
[0.155s] [ 48%] Built target nav2_costmap_2d_cloud
[0.156s] [ 53%] Built target nav2_costmap_2d_client
[0.156s] [ 63%] Built target layers
[0.162s] [ 65%] Built target dyn_params_tests
[0.183s] [ 68%] Built target order_layer
[0.192s] [ 70%] Built target plugin_api_order
[0.192s] [ 73%] Built target keepout_filter_test
[0.192s] [ 75%] Built target nav2_costmap_2d
[0.192s] [ 80%] Built target denoise_layer_test
[0.192s] [ 85%] Built target costmap_bresenham_2d
[0.193s] [ 85%] Built target binary_filter_test
[0.193s] [ 89%] Built target test_collision_checker_exec
[0.193s] [ 90%] Built target footprint_tests_exec
[0.200s] [ 92%] Built target inflation_tests_exec
[0.203s] [ 95%] Built target speed_filter_test
[0.217s] [ 97%] Built target range_tests_exec
[0.217s] [100%] Built target obstacle_tests_exec
[0.246s] Invoked command in '/home/pierres/COURS/slamnav/build/nav2_costmap_2d' returned '0': AMENT_PREFIX_PATH=/home/pierres/COURS/slamnav/install/nav2_map_server:/home/pierres/COURS/slamnav/install/nav2_lifecycle_manager:/home/pierres/COURS/slamnav/install/nav2_util:/home/pierres/COURS/slamnav/install/nav2_voxel_grid:/home/pierres/COURS/slamnav/install/nav2_msgs:/home/pierres/COURS/slamnav/install/nav2_common CMAKE_PREFIX_PATH=/home/pierres/COURS/slamnav/install/nav2_map_server:/home/pierres/COURS/slamnav/install/nav2_lifecycle_manager:/home/pierres/COURS/slamnav/install/nav2_util:/home/pierres/COURS/slamnav/install/nav2_voxel_grid:/home/pierres/COURS/slamnav/install/nav2_msgs:/home/pierres/COURS/slamnav/install/nav2_common LD_LIBRARY_PATH=/home/pierres/COURS/slamnav/install/nav2_map_server/lib:/home/pierres/COURS/slamnav/install/nav2_lifecycle_manager/lib:/home/pierres/COURS/slamnav/install/nav2_util/lib:/home/pierres/COURS/slamnav/install/nav2_voxel_grid/lib:/home/pierres/COURS/slamnav/install/nav2_msgs/lib PYTHONPATH=/home/pierres/COURS/slamnav/install/nav2_msgs/local/lib/python3.10/dist-packages:/home/pierres/COURS/slamnav/install/nav2_common/local/lib/python3.10/dist-packages /usr/bin/cmake --build /home/pierres/COURS/slamnav/build/nav2_costmap_2d -- -j16 -l16
[0.335s] Invoking command in '/home/pierres/COURS/slamnav/build/nav2_costmap_2d': AMENT_PREFIX_PATH=/home/pierres/COURS/slamnav/install/nav2_map_server:/home/pierres/COURS/slamnav/install/nav2_lifecycle_manager:/home/pierres/COURS/slamnav/install/nav2_util:/home/pierres/COURS/slamnav/install/nav2_voxel_grid:/home/pierres/COURS/slamnav/install/nav2_msgs:/home/pierres/COURS/slamnav/install/nav2_common CMAKE_PREFIX_PATH=/home/pierres/COURS/slamnav/install/nav2_map_server:/home/pierres/COURS/slamnav/install/nav2_lifecycle_manager:/home/pierres/COURS/slamnav/install/nav2_util:/home/pierres/COURS/slamnav/install/nav2_voxel_grid:/home/pierres/COURS/slamnav/install/nav2_msgs:/home/pierres/COURS/slamnav/install/nav2_common LD_LIBRARY_PATH=/home/pierres/COURS/slamnav/install/nav2_map_server/lib:/home/pierres/COURS/slamnav/install/nav2_lifecycle_manager/lib:/home/pierres/COURS/slamnav/install/nav2_util/lib:/home/pierres/COURS/slamnav/install/nav2_voxel_grid/lib:/home/pierres/COURS/slamnav/install/nav2_msgs/lib PYTHONPATH=/home/pierres/COURS/slamnav/install/nav2_msgs/local/lib/python3.10/dist-packages:/home/pierres/COURS/slamnav/install/nav2_common/local/lib/python3.10/dist-packages /usr/bin/cmake --install /home/pierres/COURS/slamnav/build/nav2_costmap_2d
[0.344s] -- Install configuration: "Humble"
[0.345s] -- Execute custom install script
[0.345s] -- Up-to-date symlink: /home/pierres/COURS/slamnav/install/nav2_costmap_2d/lib/nav2_costmap_2d/nav2_costmap_2d_markers
[0.345s] -- Up-to-date symlink: /home/pierres/COURS/slamnav/install/nav2_costmap_2d/lib/nav2_costmap_2d/nav2_costmap_2d_cloud
[0.345s] -- Up-to-date symlink: /home/pierres/COURS/slamnav/install/nav2_costmap_2d/lib/nav2_costmap_2d/nav2_costmap_2d
[0.346s] -- Up-to-date symlink: /home/pierres/COURS/slamnav/install/nav2_costmap_2d/share/nav2_costmap_2d/costmap_plugins.xml
[0.346s] -- Up-to-date symlink: /home/pierres/COURS/slamnav/install/nav2_costmap_2d/include/nav2_costmap_2d/nav2_costmap_2d/array_parser.hpp
[0.347s] -- Up-to-date symlink: /home/pierres/COURS/slamnav/install/nav2_costmap_2d/include/nav2_costmap_2d/nav2_costmap_2d/clear_costmap_service.hpp
[0.347s] -- Up-to-date symlink: /home/pierres/COURS/slamnav/install/nav2_costmap_2d/include/nav2_costmap_2d/nav2_costmap_2d/cost_values.hpp
[0.347s] -- Up-to-date symlink: /home/pierres/COURS/slamnav/install/nav2_costmap_2d/include/nav2_costmap_2d/nav2_costmap_2d/costmap_2d.hpp
[0.347s] -- Up-to-date symlink: /home/pierres/COURS/slamnav/install/nav2_costmap_2d/include/nav2_costmap_2d/nav2_costmap_2d/costmap_2d_publisher.hpp
[0.347s] -- Up-to-date symlink: /home/pierres/COURS/slamnav/install/nav2_costmap_2d/include/nav2_costmap_2d/nav2_costmap_2d/costmap_2d_ros.hpp
[0.347s] -- Up-to-date symlink: /home/pierres/COURS/slamnav/install/nav2_costmap_2d/include/nav2_costmap_2d/nav2_costmap_2d/costmap_filters/binary_filter.hpp
[0.347s] -- Up-to-date symlink: /home/pierres/COURS/slamnav/install/nav2_costmap_2d/include/nav2_costmap_2d/nav2_costmap_2d/costmap_filters/costmap_filter.hpp
[0.348s] -- Up-to-date symlink: /home/pierres/COURS/slamnav/install/nav2_costmap_2d/include/nav2_costmap_2d/nav2_costmap_2d/costmap_filters/filter_values.hpp
[0.348s] -- Up-to-date symlink: /home/pierres/COURS/slamnav/install/nav2_costmap_2d/include/nav2_costmap_2d/nav2_costmap_2d/costmap_filters/keepout_filter.hpp
[0.348s] -- Up-to-date symlink: /home/pierres/COURS/slamnav/install/nav2_costmap_2d/include/nav2_costmap_2d/nav2_costmap_2d/costmap_filters/speed_filter.hpp
[0.348s] -- Up-to-date symlink: /home/pierres/COURS/slamnav/install/nav2_costmap_2d/include/nav2_costmap_2d/nav2_costmap_2d/costmap_layer.hpp
[0.348s] -- Up-to-date symlink: /home/pierres/COURS/slamnav/install/nav2_costmap_2d/include/nav2_costmap_2d/nav2_costmap_2d/costmap_math.hpp
[0.349s] -- Up-to-date symlink: /home/pierres/COURS/slamnav/install/nav2_costmap_2d/include/nav2_costmap_2d/nav2_costmap_2d/costmap_subscriber.hpp
[0.349s] -- Up-to-date symlink: /home/pierres/COURS/slamnav/install/nav2_costmap_2d/include/nav2_costmap_2d/nav2_costmap_2d/costmap_topic_collision_checker.hpp
[0.349s] -- Up-to-date symlink: /home/pierres/COURS/slamnav/install/nav2_costmap_2d/include/nav2_costmap_2d/nav2_costmap_2d/denoise/image.hpp
[0.349s] -- Up-to-date symlink: /home/pierres/COURS/slamnav/install/nav2_costmap_2d/include/nav2_costmap_2d/nav2_costmap_2d/denoise/image_processing.hpp
[0.349s] -- Up-to-date symlink: /home/pierres/COURS/slamnav/install/nav2_costmap_2d/include/nav2_costmap_2d/nav2_costmap_2d/denoise_layer.hpp
[0.350s] -- Up-to-date symlink: /home/pierres/COURS/slamnav/install/nav2_costmap_2d/include/nav2_costmap_2d/nav2_costmap_2d/exceptions.hpp
[0.350s] -- Up-to-date symlink: /home/pierres/COURS/slamnav/install/nav2_costmap_2d/include/nav2_costmap_2d/nav2_costmap_2d/footprint.hpp
[0.350s] -- Up-to-date symlink: /home/pierres/COURS/slamnav/install/nav2_costmap_2d/include/nav2_costmap_2d/nav2_costmap_2d/footprint_collision_checker.hpp
[0.350s] -- Up-to-date symlink: /home/pierres/COURS/slamnav/install/nav2_costmap_2d/include/nav2_costmap_2d/nav2_costmap_2d/footprint_subscriber.hpp
[0.350s] -- Up-to-date symlink: /home/pierres/COURS/slamnav/install/nav2_costmap_2d/include/nav2_costmap_2d/nav2_costmap_2d/inflation_layer.hpp
[0.350s] -- Up-to-date symlink: /home/pierres/COURS/slamnav/install/nav2_costmap_2d/include/nav2_costmap_2d/nav2_costmap_2d/layer.hpp
[0.350s] -- Up-to-date symlink: /home/pierres/COURS/slamnav/install/nav2_costmap_2d/include/nav2_costmap_2d/nav2_costmap_2d/layered_costmap.hpp
[0.350s] -- Up-to-date symlink: /home/pierres/COURS/slamnav/install/nav2_costmap_2d/include/nav2_costmap_2d/nav2_costmap_2d/observation.hpp
[0.350s] -- Up-to-date symlink: /home/pierres/COURS/slamnav/install/nav2_costmap_2d/include/nav2_costmap_2d/nav2_costmap_2d/observation_buffer.hpp
[0.351s] -- Up-to-date symlink: /home/pierres/COURS/slamnav/install/nav2_costmap_2d/include/nav2_costmap_2d/nav2_costmap_2d/obstacle_layer.hpp
[0.351s] -- Up-to-date symlink: /home/pierres/COURS/slamnav/install/nav2_costmap_2d/include/nav2_costmap_2d/nav2_costmap_2d/range_sensor_layer.hpp
[0.351s] -- Up-to-date symlink: /home/pierres/COURS/slamnav/install/nav2_costmap_2d/include/nav2_costmap_2d/nav2_costmap_2d/static_layer.hpp
[0.351s] -- Up-to-date symlink: /home/pierres/COURS/slamnav/install/nav2_costmap_2d/include/nav2_costmap_2d/nav2_costmap_2d/voxel_layer.hpp
[0.351s] -- Up-to-date symlink: /home/pierres/COURS/slamnav/install/nav2_costmap_2d/lib/liborder_layer.so
[0.351s] -- Up-to-date symlink: /home/pierres/COURS/slamnav/install/nav2_costmap_2d/share/nav2_costmap_2d/test/regression/order_layer.xml
[0.351s] -- Up-to-date symlink: /home/pierres/COURS/slamnav/install/nav2_costmap_2d/share/nav2_costmap_2d/environment/library_path.sh
[0.351s] -- Up-to-date symlink: /home/pierres/COURS/slamnav/install/nav2_costmap_2d/share/nav2_costmap_2d/environment/library_path.dsv
[0.352s] -- Up-to-date symlink: /home/pierres/COURS/slamnav/install/nav2_costmap_2d/share/nav2_costmap_2d//costmap_plugins.xml
[0.352s] -- Up-to-date symlink: /home/pierres/COURS/slamnav/install/nav2_costmap_2d/share/ament_index/resource_index/package_run_dependencies/nav2_costmap_2d
[0.352s] -- Up-to-date symlink: /home/pierres/COURS/slamnav/install/nav2_costmap_2d/share/ament_index/resource_index/parent_prefix_path/nav2_costmap_2d
[0.352s] -- Up-to-date symlink: /home/pierres/COURS/slamnav/install/nav2_costmap_2d/share/nav2_costmap_2d/environment/ament_prefix_path.sh
[0.352s] -- Up-to-date symlink: /home/pierres/COURS/slamnav/install/nav2_costmap_2d/share/nav2_costmap_2d/environment/ament_prefix_path.dsv
[0.352s] -- Up-to-date symlink: /home/pierres/COURS/slamnav/install/nav2_costmap_2d/share/nav2_costmap_2d/environment/path.sh
[0.352s] -- Up-to-date symlink: /home/pierres/COURS/slamnav/install/nav2_costmap_2d/share/nav2_costmap_2d/environment/path.dsv
[0.352s] -- Up-to-date symlink: /home/pierres/COURS/slamnav/install/nav2_costmap_2d/share/nav2_costmap_2d/local_setup.bash
[0.353s] -- Up-to-date symlink: /home/pierres/COURS/slamnav/install/nav2_costmap_2d/share/nav2_costmap_2d/local_setup.sh
[0.353s] -- Up-to-date symlink: /home/pierres/COURS/slamnav/install/nav2_costmap_2d/share/nav2_costmap_2d/local_setup.zsh
[0.353s] -- Up-to-date symlink: /home/pierres/COURS/slamnav/install/nav2_costmap_2d/share/nav2_costmap_2d/local_setup.dsv
[0.353s] -- Symlinking: /home/pierres/COURS/slamnav/install/nav2_costmap_2d/share/nav2_costmap_2d/package.dsv
[0.357s] -- Up-to-date symlink: /home/pierres/COURS/slamnav/install/nav2_costmap_2d/share/ament_index/resource_index/packages/nav2_costmap_2d
[0.357s] -- Up-to-date symlink: /home/pierres/COURS/slamnav/install/nav2_costmap_2d/share/ament_index/resource_index/nav2_costmap_2d__pluginlib__plugin/nav2_costmap_2d
[0.357s] -- Up-to-date symlink: /home/pierres/COURS/slamnav/install/nav2_costmap_2d/share/nav2_costmap_2d/cmake/ament_cmake_export_targets-extras.cmake
[0.357s] -- Up-to-date symlink: /home/pierres/COURS/slamnav/install/nav2_costmap_2d/share/nav2_costmap_2d/cmake/ament_cmake_export_dependencies-extras.cmake
[0.358s] -- Up-to-date symlink: /home/pierres/COURS/slamnav/install/nav2_costmap_2d/share/nav2_costmap_2d/cmake/nav2_costmap_2dConfig.cmake
[0.358s] -- Up-to-date symlink: /home/pierres/COURS/slamnav/install/nav2_costmap_2d/share/nav2_costmap_2d/cmake/nav2_costmap_2dConfig-version.cmake
[0.358s] -- Up-to-date symlink: /home/pierres/COURS/slamnav/install/nav2_costmap_2d/share/nav2_costmap_2d/package.xml
[0.358s] -- Up-to-date: /home/pierres/COURS/slamnav/install/nav2_costmap_2d/lib/liblayers.so
[0.358s] -- Up-to-date: /home/pierres/COURS/slamnav/install/nav2_costmap_2d/lib/libfilters.so
[0.358s] -- Up-to-date: /home/pierres/COURS/slamnav/install/nav2_costmap_2d/lib/libnav2_costmap_2d_core.so
[0.358s] -- Up-to-date: /home/pierres/COURS/slamnav/install/nav2_costmap_2d/lib/libnav2_costmap_2d_client.so
[0.358s] -- Up-to-date: /home/pierres/COURS/slamnav/install/nav2_costmap_2d/share/nav2_costmap_2d/cmake/export_nav2_costmap_2dExport.cmake
[0.358s] -- Up-to-date: /home/pierres/COURS/slamnav/install/nav2_costmap_2d/share/nav2_costmap_2d/cmake/export_nav2_costmap_2dExport-humble.cmake
[0.361s] Invoked command in '/home/pierres/COURS/slamnav/build/nav2_costmap_2d' returned '0': AMENT_PREFIX_PATH=/home/pierres/COURS/slamnav/install/nav2_map_server:/home/pierres/COURS/slamnav/install/nav2_lifecycle_manager:/home/pierres/COURS/slamnav/install/nav2_util:/home/pierres/COURS/slamnav/install/nav2_voxel_grid:/home/pierres/COURS/slamnav/install/nav2_msgs:/home/pierres/COURS/slamnav/install/nav2_common CMAKE_PREFIX_PATH=/home/pierres/COURS/slamnav/install/nav2_map_server:/home/pierres/COURS/slamnav/install/nav2_lifecycle_manager:/home/pierres/COURS/slamnav/install/nav2_util:/home/pierres/COURS/slamnav/install/nav2_voxel_grid:/home/pierres/COURS/slamnav/install/nav2_msgs:/home/pierres/COURS/slamnav/install/nav2_common LD_LIBRARY_PATH=/home/pierres/COURS/slamnav/install/nav2_map_server/lib:/home/pierres/COURS/slamnav/install/nav2_lifecycle_manager/lib:/home/pierres/COURS/slamnav/install/nav2_util/lib:/home/pierres/COURS/slamnav/install/nav2_voxel_grid/lib:/home/pierres/COURS/slamnav/install/nav2_msgs/lib PYTHONPATH=/home/pierres/COURS/slamnav/install/nav2_msgs/local/lib/python3.10/dist-packages:/home/pierres/COURS/slamnav/install/nav2_common/local/lib/python3.10/dist-packages /usr/bin/cmake --install /home/pierres/COURS/slamnav/build/nav2_costmap_2d
