[0.021s] Invoking command in '/home/pierres/COURS/slamnav/build/nav2_map_server': AMENT_PREFIX_PATH=/home/pierres/COURS/slamnav/install/nav2_util:/home/pierres/COURS/slamnav/install/nav2_msgs:/home/pierres/COURS/slamnav/install/nav2_common:${AMENT_PREFIX_PATH} CMAKE_PREFIX_PATH=/home/pierres/COURS/slamnav/install/nav2_util:/home/pierres/COURS/slamnav/install/nav2_msgs:/home/pierres/COURS/slamnav/install/nav2_common:/opt/ros/humble:/home/pierres/COURS/slamnav/install/slamnav_turtlebot LD_LIBRARY_PATH=/home/pierres/COURS/slamnav/install/nav2_util/lib:/home/pierres/COURS/slamnav/install/nav2_msgs/lib:${LD_LIBRARY_PATH} PYTHONPATH=/home/pierres/COURS/slamnav/install/nav2_msgs/local/lib/python3.10/dist-packages:/home/pierres/COURS/slamnav/install/nav2_common/local/lib/python3.10/dist-packages:${PYTHONPATH} /usr/bin/cmake --build /home/pierres/COURS/slamnav/build/nav2_map_server -- -j16 -l16
[0.061s] [  5%] Built target gtest_main
[0.067s] [ 11%] Built target gtest
[0.071s] [ 19%] Built target map_io
[0.097s] [ 27%] Built target test_map_saver_cli
[0.111s] [ 36%] Built target test_map_saver_publisher
[0.119s] [ 47%] Built target map_server_core
[0.119s] [ 55%] Built target test_map_io
[0.158s] [ 61%] Built target map_saver_cli
[0.158s] [ 66%] Built target map_server
[0.170s] [ 72%] Built target costmap_filter_info_server
[0.174s] [ 77%] Built target map_saver_server
[0.174s] [ 86%] Built target test_map_saver_node
[0.174s] [ 94%] Built target test_map_server_node
[0.176s] [100%] Built target test_costmap_filter_info_server
[0.196s] Invoked command in '/home/pierres/COURS/slamnav/build/nav2_map_server' returned '0': AMENT_PREFIX_PATH=/home/pierres/COURS/slamnav/install/nav2_util:/home/pierres/COURS/slamnav/install/nav2_msgs:/home/pierres/COURS/slamnav/install/nav2_common:${AMENT_PREFIX_PATH} CMAKE_PREFIX_PATH=/home/pierres/COURS/slamnav/install/nav2_util:/home/pierres/COURS/slamnav/install/nav2_msgs:/home/pierres/COURS/slamnav/install/nav2_common:/opt/ros/humble:/home/pierres/COURS/slamnav/install/slamnav_turtlebot LD_LIBRARY_PATH=/home/pierres/COURS/slamnav/install/nav2_util/lib:/home/pierres/COURS/slamnav/install/nav2_msgs/lib:${LD_LIBRARY_PATH} PYTHONPATH=/home/pierres/COURS/slamnav/install/nav2_msgs/local/lib/python3.10/dist-packages:/home/pierres/COURS/slamnav/install/nav2_common/local/lib/python3.10/dist-packages:${PYTHONPATH} /usr/bin/cmake --build /home/pierres/COURS/slamnav/build/nav2_map_server -- -j16 -l16
[0.257s] Invoking command in '/home/pierres/COURS/slamnav/build/nav2_map_server': AMENT_PREFIX_PATH=/home/pierres/COURS/slamnav/install/nav2_util:/home/pierres/COURS/slamnav/install/nav2_msgs:/home/pierres/COURS/slamnav/install/nav2_common:${AMENT_PREFIX_PATH} CMAKE_PREFIX_PATH=/home/pierres/COURS/slamnav/install/nav2_util:/home/pierres/COURS/slamnav/install/nav2_msgs:/home/pierres/COURS/slamnav/install/nav2_common:/opt/ros/humble:/home/pierres/COURS/slamnav/install/slamnav_turtlebot LD_LIBRARY_PATH=/home/pierres/COURS/slamnav/install/nav2_util/lib:/home/pierres/COURS/slamnav/install/nav2_msgs/lib:${LD_LIBRARY_PATH} PYTHONPATH=/home/pierres/COURS/slamnav/install/nav2_msgs/local/lib/python3.10/dist-packages:/home/pierres/COURS/slamnav/install/nav2_common/local/lib/python3.10/dist-packages:${PYTHONPATH} /usr/bin/cmake --install /home/pierres/COURS/slamnav/build/nav2_map_server
[0.261s] -- Install configuration: "Humble"
[0.262s] -- Execute custom install script
[0.262s] -- Up-to-date symlink: /home/pierres/COURS/slamnav/install/nav2_map_server/lib/libmap_server_core.so
[0.276s] -- Up-to-date symlink: /home/pierres/COURS/slamnav/install/nav2_map_server/lib/libmap_io.so
[0.277s] -- Up-to-date symlink: /home/pierres/COURS/slamnav/install/nav2_map_server/lib/nav2_map_server/map_server
[0.277s] -- Up-to-date symlink: /home/pierres/COURS/slamnav/install/nav2_map_server/lib/nav2_map_server/map_saver_cli
[0.277s] -- Up-to-date symlink: /home/pierres/COURS/slamnav/install/nav2_map_server/lib/nav2_map_server/map_saver_server
[0.277s] -- Up-to-date symlink: /home/pierres/COURS/slamnav/install/nav2_map_server/lib/nav2_map_server/costmap_filter_info_server
[0.277s] -- Up-to-date symlink: /home/pierres/COURS/slamnav/install/nav2_map_server/include//nav2_map_server/costmap_filter_info_server.hpp
[0.277s] -- Up-to-date symlink: /home/pierres/COURS/slamnav/install/nav2_map_server/include//nav2_map_server/map_io.hpp
[0.277s] -- Up-to-date symlink: /home/pierres/COURS/slamnav/install/nav2_map_server/include//nav2_map_server/map_mode.hpp
[0.277s] -- Up-to-date symlink: /home/pierres/COURS/slamnav/install/nav2_map_server/include//nav2_map_server/map_saver.hpp
[0.277s] -- Up-to-date symlink: /home/pierres/COURS/slamnav/install/nav2_map_server/include//nav2_map_server/map_server.hpp
[0.277s] -- Up-to-date symlink: /home/pierres/COURS/slamnav/install/nav2_map_server/share/nav2_map_server/launch/map_saver_server.launch.py
[0.277s] -- Up-to-date symlink: /home/pierres/COURS/slamnav/install/nav2_map_server/share/nav2_map_server/environment/library_path.sh
[0.277s] -- Up-to-date symlink: /home/pierres/COURS/slamnav/install/nav2_map_server/share/nav2_map_server/environment/library_path.dsv
[0.277s] -- Up-to-date symlink: /home/pierres/COURS/slamnav/install/nav2_map_server/share/ament_index/resource_index/package_run_dependencies/nav2_map_server
[0.277s] -- Up-to-date symlink: /home/pierres/COURS/slamnav/install/nav2_map_server/share/ament_index/resource_index/parent_prefix_path/nav2_map_server
[0.277s] -- Up-to-date symlink: /home/pierres/COURS/slamnav/install/nav2_map_server/share/nav2_map_server/environment/ament_prefix_path.sh
[0.277s] -- Up-to-date symlink: /home/pierres/COURS/slamnav/install/nav2_map_server/share/nav2_map_server/environment/ament_prefix_path.dsv
[0.277s] -- Up-to-date symlink: /home/pierres/COURS/slamnav/install/nav2_map_server/share/nav2_map_server/environment/path.sh
[0.277s] -- Up-to-date symlink: /home/pierres/COURS/slamnav/install/nav2_map_server/share/nav2_map_server/environment/path.dsv
[0.278s] -- Up-to-date symlink: /home/pierres/COURS/slamnav/install/nav2_map_server/share/nav2_map_server/local_setup.bash
[0.278s] -- Up-to-date symlink: /home/pierres/COURS/slamnav/install/nav2_map_server/share/nav2_map_server/local_setup.sh
[0.278s] -- Up-to-date symlink: /home/pierres/COURS/slamnav/install/nav2_map_server/share/nav2_map_server/local_setup.zsh
[0.278s] -- Up-to-date symlink: /home/pierres/COURS/slamnav/install/nav2_map_server/share/nav2_map_server/local_setup.dsv
[0.278s] -- Symlinking: /home/pierres/COURS/slamnav/install/nav2_map_server/share/nav2_map_server/package.dsv
[0.291s] -- Up-to-date symlink: /home/pierres/COURS/slamnav/install/nav2_map_server/share/ament_index/resource_index/packages/nav2_map_server
[0.295s] -- Up-to-date symlink: /home/pierres/COURS/slamnav/install/nav2_map_server/share/ament_index/resource_index/rclcpp_components/nav2_map_server
[0.295s] -- Up-to-date symlink: /home/pierres/COURS/slamnav/install/nav2_map_server/share/nav2_map_server/cmake/ament_cmake_export_include_directories-extras.cmake
[0.295s] -- Up-to-date symlink: /home/pierres/COURS/slamnav/install/nav2_map_server/share/nav2_map_server/cmake/ament_cmake_export_libraries-extras.cmake
[0.295s] -- Up-to-date symlink: /home/pierres/COURS/slamnav/install/nav2_map_server/share/nav2_map_server/cmake/ament_cmake_export_dependencies-extras.cmake
[0.295s] -- Up-to-date symlink: /home/pierres/COURS/slamnav/install/nav2_map_server/share/nav2_map_server/cmake/nav2_map_serverConfig.cmake
[0.295s] -- Up-to-date symlink: /home/pierres/COURS/slamnav/install/nav2_map_server/share/nav2_map_server/cmake/nav2_map_serverConfig-version.cmake
[0.296s] -- Up-to-date symlink: /home/pierres/COURS/slamnav/install/nav2_map_server/share/nav2_map_server/package.xml
[0.326s] Invoked command in '/home/pierres/COURS/slamnav/build/nav2_map_server' returned '0': AMENT_PREFIX_PATH=/home/pierres/COURS/slamnav/install/nav2_util:/home/pierres/COURS/slamnav/install/nav2_msgs:/home/pierres/COURS/slamnav/install/nav2_common:${AMENT_PREFIX_PATH} CMAKE_PREFIX_PATH=/home/pierres/COURS/slamnav/install/nav2_util:/home/pierres/COURS/slamnav/install/nav2_msgs:/home/pierres/COURS/slamnav/install/nav2_common:/opt/ros/humble:/home/pierres/COURS/slamnav/install/slamnav_turtlebot LD_LIBRARY_PATH=/home/pierres/COURS/slamnav/install/nav2_util/lib:/home/pierres/COURS/slamnav/install/nav2_msgs/lib:${LD_LIBRARY_PATH} PYTHONPATH=/home/pierres/COURS/slamnav/install/nav2_msgs/local/lib/python3.10/dist-packages:/home/pierres/COURS/slamnav/install/nav2_common/local/lib/python3.10/dist-packages:${PYTHONPATH} /usr/bin/cmake --install /home/pierres/COURS/slamnav/build/nav2_map_server
