[0.018s] Invoking command in '/home/pierres/COURS/slamnav/build/nav_2d_utils': AMENT_PREFIX_PATH=/home/pierres/COURS/slamnav/install/nav2_util:/home/pierres/COURS/slamnav/install/nav2_msgs:/home/pierres/COURS/slamnav/install/nav_2d_msgs:/home/pierres/COURS/slamnav/install/nav2_common:${AMENT_PREFIX_PATH} CMAKE_PREFIX_PATH=/home/pierres/COURS/slamnav/install/nav2_util:/home/pierres/COURS/slamnav/install/nav2_msgs:/home/pierres/COURS/slamnav/install/nav_2d_msgs:/home/pierres/COURS/slamnav/install/nav2_common:/home/pierres/COURS/slamnav/install/slam_toolbox:/opt/ros/humble:/home/pierres/COURS/slamnav/install/slamnav_turtlebot LD_LIBRARY_PATH=/home/pierres/COURS/slamnav/install/nav2_util/lib:/home/pierres/COURS/slamnav/install/nav2_msgs/lib:/home/pierres/COURS/slamnav/install/nav_2d_msgs/lib:${LD_LIBRARY_PATH} PYTHONPATH=/home/pierres/COURS/slamnav/install/nav2_msgs/local/lib/python3.10/dist-packages:/home/pierres/COURS/slamnav/install/nav_2d_msgs/local/lib/python3.10/dist-packages:/home/pierres/COURS/slamnav/install/nav2_common/local/lib/python3.10/dist-packages:${PYTHONPATH} /usr/bin/cmake /home/pierres/COURS/slamnav/src/navigation2/nav2_dwb_controller/nav_2d_utils -DCMAKE_BUILD_TYPE=Humble -DAMENT_CMAKE_SYMLINK_INSTALL=1 -DCMAKE_INSTALL_PREFIX=/home/pierres/COURS/slamnav/install/nav_2d_utils
[0.090s] -- The C compiler identification is GNU 11.4.0
[0.148s] -- The CXX compiler identification is GNU 11.4.0
[0.153s] -- Detecting C compiler ABI info
[0.216s] -- Detecting C compiler ABI info - done
[0.224s] -- Check for working C compiler: /usr/bin/cc - skipped
[0.224s] -- Detecting C compile features
[0.224s] -- Detecting C compile features - done
[0.227s] -- Detecting CXX compiler ABI info
[0.310s] -- Detecting CXX compiler ABI info - done
[0.316s] -- Check for working CXX compiler: /usr/bin/c++ - skipped
[0.316s] -- Detecting CXX compile features
[0.317s] -- Detecting CXX compile features - done
[0.318s] -- Found ament_cmake: 1.3.10 (/opt/ros/humble/share/ament_cmake/cmake)
[0.453s] -- Found Python3: /usr/bin/python3 (found version "3.10.12") found components: Interpreter 
[0.535s] -- Override CMake install command with custom implementation using symlinks instead of copying resources
[0.569s] -- Found nav2_common: 1.1.16 (/home/pierres/COURS/slamnav/install/nav2_common/share/nav2_common/cmake)
[0.571s] -- Found geometry_msgs: 4.2.4 (/opt/ros/humble/share/geometry_msgs/cmake)
[0.599s] -- Found rosidl_generator_c: 3.1.5 (/opt/ros/humble/share/rosidl_generator_c/cmake)
[0.602s] -- Found rosidl_adapter: 3.1.5 (/opt/ros/humble/share/rosidl_adapter/cmake)
[0.608s] -- Found rosidl_generator_cpp: 3.1.5 (/opt/ros/humble/share/rosidl_generator_cpp/cmake)
[0.616s] -- Using all available rosidl_typesupport_c: rosidl_typesupport_fastrtps_c;rosidl_typesupport_introspection_c
[0.627s] -- Using all available rosidl_typesupport_cpp: rosidl_typesupport_fastrtps_cpp;rosidl_typesupport_introspection_cpp
[0.652s] -- Found nav_2d_msgs: 1.1.16 (/home/pierres/COURS/slamnav/install/nav_2d_msgs/share/nav_2d_msgs/cmake)
[0.663s] -- Found nav_msgs: 4.2.4 (/opt/ros/humble/share/nav_msgs/cmake)
[0.674s] -- Found rclcpp: 16.0.10 (/opt/ros/humble/share/rclcpp/cmake)
[0.700s] -- Found rmw_implementation_cmake: 6.1.2 (/opt/ros/humble/share/rmw_implementation_cmake/cmake)
[0.701s] -- Found rmw_cyclonedds_cpp: 1.3.4 (/opt/ros/humble/share/rmw_cyclonedds_cpp/cmake)
[0.717s] -- Using RMW implementation 'rmw_cyclonedds_cpp' as default
[0.722s] -- Looking for pthread.h
[0.780s] -- Looking for pthread.h - found
[0.780s] -- Performing Test CMAKE_HAVE_LIBC_PTHREAD
[0.854s] -- Performing Test CMAKE_HAVE_LIBC_PTHREAD - Success
[0.855s] -- Found Threads: TRUE  
[0.904s] -- Found tf2: 0.25.8 (/opt/ros/humble/share/tf2/cmake)
[0.918s] -- Found tf2_geometry_msgs: 0.25.8 (/opt/ros/humble/share/tf2_geometry_msgs/cmake)
[0.936s] -- Found eigen3_cmake_module: 0.1.1 (/opt/ros/humble/share/eigen3_cmake_module/cmake)
[0.937s] -- Found Eigen3: TRUE (found version "3.4.0") 
[0.938s] -- Ensuring Eigen3 include directory is part of orocos-kdl CMake target
[1.017s] -- Found nav2_msgs: 1.1.16 (/home/pierres/COURS/slamnav/install/nav2_msgs/share/nav2_msgs/cmake)
[1.048s] -- Found nav2_util: 1.1.16 (/home/pierres/COURS/slamnav/install/nav2_util/share/nav2_util/cmake)
[1.124s] -- Found ament_lint_auto: 0.12.11 (/opt/ros/humble/share/ament_lint_auto/cmake)
[1.189s] -- Found gtest sources under '/opt/ros/humble/src/gtest_vendor': C++ tests using 'Google Test' will be built
[1.198s] -- Added test 'cppcheck' to perform static code analysis on C / C++ code
[1.198s] -- Configured cppcheck include dirs: /home/pierres/COURS/slamnav/src/navigation2/nav2_dwb_controller/nav_2d_utils/include
[1.198s] -- Configured cppcheck exclude dirs and/or files: 
[1.199s] -- Added test 'cpplint' to check C / C++ code against the Google style
[1.199s] -- Configured cpplint exclude dirs and/or files: 
[1.200s] -- Added test 'lint_cmake' to check CMake code style
[1.200s] -- Added test 'uncrustify' to check C / C++ code style
[1.200s] -- Configured uncrustify additional arguments: 
[1.201s] -- Added test 'xmllint' to check XML markup files
[1.202s] -- Configuring done
[1.280s] -- Generating done
[1.282s] -- Build files have been written to: /home/pierres/COURS/slamnav/build/nav_2d_utils
[1.296s] Invoked command in '/home/pierres/COURS/slamnav/build/nav_2d_utils' returned '0': AMENT_PREFIX_PATH=/home/pierres/COURS/slamnav/install/nav2_util:/home/pierres/COURS/slamnav/install/nav2_msgs:/home/pierres/COURS/slamnav/install/nav_2d_msgs:/home/pierres/COURS/slamnav/install/nav2_common:${AMENT_PREFIX_PATH} CMAKE_PREFIX_PATH=/home/pierres/COURS/slamnav/install/nav2_util:/home/pierres/COURS/slamnav/install/nav2_msgs:/home/pierres/COURS/slamnav/install/nav_2d_msgs:/home/pierres/COURS/slamnav/install/nav2_common:/home/pierres/COURS/slamnav/install/slam_toolbox:/opt/ros/humble:/home/pierres/COURS/slamnav/install/slamnav_turtlebot LD_LIBRARY_PATH=/home/pierres/COURS/slamnav/install/nav2_util/lib:/home/pierres/COURS/slamnav/install/nav2_msgs/lib:/home/pierres/COURS/slamnav/install/nav_2d_msgs/lib:${LD_LIBRARY_PATH} PYTHONPATH=/home/pierres/COURS/slamnav/install/nav2_msgs/local/lib/python3.10/dist-packages:/home/pierres/COURS/slamnav/install/nav_2d_msgs/local/lib/python3.10/dist-packages:/home/pierres/COURS/slamnav/install/nav2_common/local/lib/python3.10/dist-packages:${PYTHONPATH} /usr/bin/cmake /home/pierres/COURS/slamnav/src/navigation2/nav2_dwb_controller/nav_2d_utils -DCMAKE_BUILD_TYPE=Humble -DAMENT_CMAKE_SYMLINK_INSTALL=1 -DCMAKE_INSTALL_PREFIX=/home/pierres/COURS/slamnav/install/nav_2d_utils
[1.298s] Invoking command in '/home/pierres/COURS/slamnav/build/nav_2d_utils': AMENT_PREFIX_PATH=/home/pierres/COURS/slamnav/install/nav2_util:/home/pierres/COURS/slamnav/install/nav2_msgs:/home/pierres/COURS/slamnav/install/nav_2d_msgs:/home/pierres/COURS/slamnav/install/nav2_common:${AMENT_PREFIX_PATH} CMAKE_PREFIX_PATH=/home/pierres/COURS/slamnav/install/nav2_util:/home/pierres/COURS/slamnav/install/nav2_msgs:/home/pierres/COURS/slamnav/install/nav_2d_msgs:/home/pierres/COURS/slamnav/install/nav2_common:/home/pierres/COURS/slamnav/install/slam_toolbox:/opt/ros/humble:/home/pierres/COURS/slamnav/install/slamnav_turtlebot LD_LIBRARY_PATH=/home/pierres/COURS/slamnav/install/nav2_util/lib:/home/pierres/COURS/slamnav/install/nav2_msgs/lib:/home/pierres/COURS/slamnav/install/nav_2d_msgs/lib:${LD_LIBRARY_PATH} PYTHONPATH=/home/pierres/COURS/slamnav/install/nav2_msgs/local/lib/python3.10/dist-packages:/home/pierres/COURS/slamnav/install/nav_2d_msgs/local/lib/python3.10/dist-packages:/home/pierres/COURS/slamnav/install/nav2_common/local/lib/python3.10/dist-packages:${PYTHONPATH} /usr/bin/cmake --build /home/pierres/COURS/slamnav/build/nav_2d_utils -- -j16 -l16
[1.344s] [  6%] [32mBuilding CXX object CMakeFiles/conversions.dir/src/conversions.cpp.o[0m
[1.345s] [ 12%] [32mBuilding CXX object gtest/CMakeFiles/gtest_main.dir/src/gtest_main.cc.o[0m
[1.345s] [ 18%] [32mBuilding CXX object gtest/CMakeFiles/gtest.dir/src/gtest-all.cc.o[0m
[1.345s] [ 25%] [32mBuilding CXX object CMakeFiles/path_ops.dir/src/path_ops.cpp.o[0m
[2.201s] [ 31%] [32m[1mLinking CXX shared library libpath_ops.so[0m
[2.647s] [ 37%] [32m[1mLinking CXX static library libgtest_main.a[0m
[2.686s] [ 37%] Built target gtest_main
[5.107s] [ 37%] Built target path_ops
[5.890s] [ 43%] [32m[1mLinking CXX static library libgtest.a[0m
[5.948s] [ 43%] Built target gtest
[5.969s] [ 50%] [32mBuilding CXX object test/CMakeFiles/path_ops_tests.dir/path_ops_test.cpp.o[0m
[6.152s] [ 56%] [32m[1mLinking CXX shared library libconversions.so[0m
[6.461s] [ 56%] Built target conversions
[6.490s] [ 68%] [32mBuilding CXX object CMakeFiles/tf_help.dir/src/tf_help.cpp.o[0m
[6.490s] [ 68%] [32mBuilding CXX object test/CMakeFiles/2d_utils_tests.dir/2d_utils_test.cpp.o[0m
[6.839s] [ 75%] [32m[1mLinking CXX executable path_ops_tests[0m
[7.299s] [ 75%] Built target path_ops_tests
[13.904s] [ 81%] [32m[1mLinking CXX executable 2d_utils_tests[0m
[14.329s] [ 87%] [32m[1mLinking CXX shared library libtf_help.so[0m
[14.605s] [ 87%] Built target 2d_utils_tests
[15.037s] [ 87%] Built target tf_help
[15.092s] [ 93%] [32mBuilding CXX object test/CMakeFiles/tf_help_tests.dir/tf_help_test.cpp.o[0m
[26.721s] [100%] [32m[1mLinking CXX executable tf_help_tests[0m
[27.379s] [100%] Built target tf_help_tests
[27.430s] Invoked command in '/home/pierres/COURS/slamnav/build/nav_2d_utils' returned '0': AMENT_PREFIX_PATH=/home/pierres/COURS/slamnav/install/nav2_util:/home/pierres/COURS/slamnav/install/nav2_msgs:/home/pierres/COURS/slamnav/install/nav_2d_msgs:/home/pierres/COURS/slamnav/install/nav2_common:${AMENT_PREFIX_PATH} CMAKE_PREFIX_PATH=/home/pierres/COURS/slamnav/install/nav2_util:/home/pierres/COURS/slamnav/install/nav2_msgs:/home/pierres/COURS/slamnav/install/nav_2d_msgs:/home/pierres/COURS/slamnav/install/nav2_common:/home/pierres/COURS/slamnav/install/slam_toolbox:/opt/ros/humble:/home/pierres/COURS/slamnav/install/slamnav_turtlebot LD_LIBRARY_PATH=/home/pierres/COURS/slamnav/install/nav2_util/lib:/home/pierres/COURS/slamnav/install/nav2_msgs/lib:/home/pierres/COURS/slamnav/install/nav_2d_msgs/lib:${LD_LIBRARY_PATH} PYTHONPATH=/home/pierres/COURS/slamnav/install/nav2_msgs/local/lib/python3.10/dist-packages:/home/pierres/COURS/slamnav/install/nav_2d_msgs/local/lib/python3.10/dist-packages:/home/pierres/COURS/slamnav/install/nav2_common/local/lib/python3.10/dist-packages:${PYTHONPATH} /usr/bin/cmake --build /home/pierres/COURS/slamnav/build/nav_2d_utils -- -j16 -l16
[27.495s] Invoking command in '/home/pierres/COURS/slamnav/build/nav_2d_utils': AMENT_PREFIX_PATH=/home/pierres/COURS/slamnav/install/nav2_util:/home/pierres/COURS/slamnav/install/nav2_msgs:/home/pierres/COURS/slamnav/install/nav_2d_msgs:/home/pierres/COURS/slamnav/install/nav2_common:${AMENT_PREFIX_PATH} CMAKE_PREFIX_PATH=/home/pierres/COURS/slamnav/install/nav2_util:/home/pierres/COURS/slamnav/install/nav2_msgs:/home/pierres/COURS/slamnav/install/nav_2d_msgs:/home/pierres/COURS/slamnav/install/nav2_common:/home/pierres/COURS/slamnav/install/slam_toolbox:/opt/ros/humble:/home/pierres/COURS/slamnav/install/slamnav_turtlebot LD_LIBRARY_PATH=/home/pierres/COURS/slamnav/install/nav2_util/lib:/home/pierres/COURS/slamnav/install/nav2_msgs/lib:/home/pierres/COURS/slamnav/install/nav_2d_msgs/lib:${LD_LIBRARY_PATH} PYTHONPATH=/home/pierres/COURS/slamnav/install/nav2_msgs/local/lib/python3.10/dist-packages:/home/pierres/COURS/slamnav/install/nav_2d_msgs/local/lib/python3.10/dist-packages:/home/pierres/COURS/slamnav/install/nav2_common/local/lib/python3.10/dist-packages:${PYTHONPATH} /usr/bin/cmake --install /home/pierres/COURS/slamnav/build/nav_2d_utils
[27.520s] -- Install configuration: "Humble"
[27.521s] -- Execute custom install script
[27.521s] -- Symlinking: /home/pierres/COURS/slamnav/install/nav_2d_utils/lib/libconversions.so
[27.547s] -- Symlinking: /home/pierres/COURS/slamnav/install/nav_2d_utils/lib/libpath_ops.so
[27.576s] -- Symlinking: /home/pierres/COURS/slamnav/install/nav_2d_utils/lib/libtf_help.so
[27.602s] -- Symlinking: /home/pierres/COURS/slamnav/install/nav_2d_utils/include//nav_2d_utils/conversions.hpp
[27.627s] -- Symlinking: /home/pierres/COURS/slamnav/install/nav_2d_utils/include//nav_2d_utils/odom_subscriber.hpp
[27.641s] -- Symlinking: /home/pierres/COURS/slamnav/install/nav_2d_utils/include//nav_2d_utils/parameters.hpp
[27.669s] -- Symlinking: /home/pierres/COURS/slamnav/install/nav_2d_utils/include//nav_2d_utils/path_ops.hpp
[27.689s] -- Symlinking: /home/pierres/COURS/slamnav/install/nav_2d_utils/include//nav_2d_utils/tf_help.hpp
[27.716s] -- Symlinking: /home/pierres/COURS/slamnav/install/nav_2d_utils/share/nav_2d_utils/environment/library_path.sh
[27.739s] -- Symlinking: /home/pierres/COURS/slamnav/install/nav_2d_utils/share/nav_2d_utils/environment/library_path.dsv
[27.758s] -- Symlinking: /home/pierres/COURS/slamnav/install/nav_2d_utils/share/ament_index/resource_index/package_run_dependencies/nav_2d_utils
[27.773s] -- Symlinking: /home/pierres/COURS/slamnav/install/nav_2d_utils/share/ament_index/resource_index/parent_prefix_path/nav_2d_utils
[27.788s] -- Symlinking: /home/pierres/COURS/slamnav/install/nav_2d_utils/share/nav_2d_utils/environment/ament_prefix_path.sh
[27.803s] -- Symlinking: /home/pierres/COURS/slamnav/install/nav_2d_utils/share/nav_2d_utils/environment/ament_prefix_path.dsv
[27.817s] -- Symlinking: /home/pierres/COURS/slamnav/install/nav_2d_utils/share/nav_2d_utils/environment/path.sh
[27.834s] -- Symlinking: /home/pierres/COURS/slamnav/install/nav_2d_utils/share/nav_2d_utils/environment/path.dsv
[27.850s] -- Symlinking: /home/pierres/COURS/slamnav/install/nav_2d_utils/share/nav_2d_utils/local_setup.bash
[27.864s] -- Symlinking: /home/pierres/COURS/slamnav/install/nav_2d_utils/share/nav_2d_utils/local_setup.sh
[27.884s] -- Symlinking: /home/pierres/COURS/slamnav/install/nav_2d_utils/share/nav_2d_utils/local_setup.zsh
[27.895s] -- Symlinking: /home/pierres/COURS/slamnav/install/nav_2d_utils/share/nav_2d_utils/local_setup.dsv
[27.910s] -- Symlinking: /home/pierres/COURS/slamnav/install/nav_2d_utils/share/nav_2d_utils/package.dsv
[27.926s] -- Symlinking: /home/pierres/COURS/slamnav/install/nav_2d_utils/share/ament_index/resource_index/packages/nav_2d_utils
[27.942s] -- Symlinking: /home/pierres/COURS/slamnav/install/nav_2d_utils/share/nav_2d_utils/cmake/ament_cmake_export_include_directories-extras.cmake
[27.959s] -- Symlinking: /home/pierres/COURS/slamnav/install/nav_2d_utils/share/nav_2d_utils/cmake/ament_cmake_export_libraries-extras.cmake
[27.972s] -- Symlinking: /home/pierres/COURS/slamnav/install/nav_2d_utils/share/nav_2d_utils/cmake/ament_cmake_export_dependencies-extras.cmake
[27.988s] -- Symlinking: /home/pierres/COURS/slamnav/install/nav_2d_utils/share/nav_2d_utils/cmake/nav_2d_utilsConfig.cmake
[28.007s] -- Symlinking: /home/pierres/COURS/slamnav/install/nav_2d_utils/share/nav_2d_utils/cmake/nav_2d_utilsConfig-version.cmake
[28.018s] -- Symlinking: /home/pierres/COURS/slamnav/install/nav_2d_utils/share/nav_2d_utils/package.xml
[28.039s] Invoked command in '/home/pierres/COURS/slamnav/build/nav_2d_utils' returned '0': AMENT_PREFIX_PATH=/home/pierres/COURS/slamnav/install/nav2_util:/home/pierres/COURS/slamnav/install/nav2_msgs:/home/pierres/COURS/slamnav/install/nav_2d_msgs:/home/pierres/COURS/slamnav/install/nav2_common:${AMENT_PREFIX_PATH} CMAKE_PREFIX_PATH=/home/pierres/COURS/slamnav/install/nav2_util:/home/pierres/COURS/slamnav/install/nav2_msgs:/home/pierres/COURS/slamnav/install/nav_2d_msgs:/home/pierres/COURS/slamnav/install/nav2_common:/home/pierres/COURS/slamnav/install/slam_toolbox:/opt/ros/humble:/home/pierres/COURS/slamnav/install/slamnav_turtlebot LD_LIBRARY_PATH=/home/pierres/COURS/slamnav/install/nav2_util/lib:/home/pierres/COURS/slamnav/install/nav2_msgs/lib:/home/pierres/COURS/slamnav/install/nav_2d_msgs/lib:${LD_LIBRARY_PATH} PYTHONPATH=/home/pierres/COURS/slamnav/install/nav2_msgs/local/lib/python3.10/dist-packages:/home/pierres/COURS/slamnav/install/nav_2d_msgs/local/lib/python3.10/dist-packages:/home/pierres/COURS/slamnav/install/nav2_common/local/lib/python3.10/dist-packages:${PYTHONPATH} /usr/bin/cmake --install /home/pierres/COURS/slamnav/build/nav_2d_utils
