[0.033s] Invoking command in '/home/pierres/COURS/slamnav/build/nav2_costmap_2d': AMENT_PREFIX_PATH=/home/pierres/COURS/slamnav/install/nav2_map_server:/home/pierres/COURS/slamnav/install/nav2_lifecycle_manager:/home/pierres/COURS/slamnav/install/nav2_util:/home/pierres/COURS/slamnav/install/nav2_voxel_grid:/home/pierres/COURS/slamnav/install/nav2_msgs:/home/pierres/COURS/slamnav/install/nav2_common:${AMENT_PREFIX_PATH} CMAKE_PREFIX_PATH=/home/pierres/COURS/slamnav/install/nav2_map_server:/home/pierres/COURS/slamnav/install/nav2_lifecycle_manager:/home/pierres/COURS/slamnav/install/nav2_util:/home/pierres/COURS/slamnav/install/nav2_voxel_grid:/home/pierres/COURS/slamnav/install/nav2_msgs:/home/pierres/COURS/slamnav/install/nav2_common:/opt/ros/humble:/home/pierres/COURS/slamnav/install/slamnav_turtlebot LD_LIBRARY_PATH=/home/pierres/COURS/slamnav/install/nav2_map_server/lib:/home/pierres/COURS/slamnav/install/nav2_lifecycle_manager/lib:/home/pierres/COURS/slamnav/install/nav2_util/lib:/home/pierres/COURS/slamnav/install/nav2_voxel_grid/lib:/home/pierres/COURS/slamnav/install/nav2_msgs/lib:${LD_LIBRARY_PATH} PYTHONPATH=/home/pierres/COURS/slamnav/install/nav2_msgs/local/lib/python3.10/dist-packages:/home/pierres/COURS/slamnav/install/nav2_common/local/lib/python3.10/dist-packages:${PYTHONPATH} /usr/bin/cmake --build /home/pierres/COURS/slamnav/build/nav2_costmap_2d -- -j16 -l16
[0.093s] [  2%] Built target gtest
[0.096s] [  4%] Built target gtest_main
[0.118s] [ 21%] Built target nav2_costmap_2d_core
[0.154s] [ 26%] Built target filters
[0.156s] [ 29%] Built target nav2_costmap_2d_markers
[0.161s] [ 31%] Built target array_parser_test
[0.161s] [ 34%] Built target nav2_costmap_2d_cloud
[0.163s] [ 43%] Built target layers
[0.163s] [ 48%] Built target nav2_costmap_2d_client
[0.166s] [ 51%] Built target declare_parameter_test
[0.166s] [ 53%] Built target costmap_convesion_test
[0.177s] [ 56%] Built target collision_footprint_test
[0.177s] [ 58%] Built target copy_window_test
[0.179s] [ 60%] Built target costmap_filter_test
[0.186s] [ 63%] Built target costmap_filter_service_test
[0.198s] [ 65%] Built target order_layer
[0.198s] [ 68%] Built target costmap_bresenham_2d
[0.199s] [ 70%] Built target dyn_params_tests
[0.199s] [ 73%] Built target keepout_filter_test
[0.201s] [ 75%] Built target speed_filter_test
[0.204s] [ 78%] Built target plugin_api_order
[0.205s] [ 80%] Built target footprint_tests_exec
[0.205s] [ 82%] Built target binary_filter_test
[0.211s] [ 85%] Built target obstacle_tests_exec
[0.214s] [ 90%] Built target denoise_layer_test
[0.214s] [ 92%] Built target nav2_costmap_2d
[0.220s] [ 95%] Built target range_tests_exec
[0.220s] [ 97%] Built target test_collision_checker_exec
[0.225s] [100%] Built target inflation_tests_exec
[0.237s] Invoked command in '/home/pierres/COURS/slamnav/build/nav2_costmap_2d' returned '0': AMENT_PREFIX_PATH=/home/pierres/COURS/slamnav/install/nav2_map_server:/home/pierres/COURS/slamnav/install/nav2_lifecycle_manager:/home/pierres/COURS/slamnav/install/nav2_util:/home/pierres/COURS/slamnav/install/nav2_voxel_grid:/home/pierres/COURS/slamnav/install/nav2_msgs:/home/pierres/COURS/slamnav/install/nav2_common:${AMENT_PREFIX_PATH} CMAKE_PREFIX_PATH=/home/pierres/COURS/slamnav/install/nav2_map_server:/home/pierres/COURS/slamnav/install/nav2_lifecycle_manager:/home/pierres/COURS/slamnav/install/nav2_util:/home/pierres/COURS/slamnav/install/nav2_voxel_grid:/home/pierres/COURS/slamnav/install/nav2_msgs:/home/pierres/COURS/slamnav/install/nav2_common:/opt/ros/humble:/home/pierres/COURS/slamnav/install/slamnav_turtlebot LD_LIBRARY_PATH=/home/pierres/COURS/slamnav/install/nav2_map_server/lib:/home/pierres/COURS/slamnav/install/nav2_lifecycle_manager/lib:/home/pierres/COURS/slamnav/install/nav2_util/lib:/home/pierres/COURS/slamnav/install/nav2_voxel_grid/lib:/home/pierres/COURS/slamnav/install/nav2_msgs/lib:${LD_LIBRARY_PATH} PYTHONPATH=/home/pierres/COURS/slamnav/install/nav2_msgs/local/lib/python3.10/dist-packages:/home/pierres/COURS/slamnav/install/nav2_common/local/lib/python3.10/dist-packages:${PYTHONPATH} /usr/bin/cmake --build /home/pierres/COURS/slamnav/build/nav2_costmap_2d -- -j16 -l16
[0.326s] Invoking command in '/home/pierres/COURS/slamnav/build/nav2_costmap_2d': AMENT_PREFIX_PATH=/home/pierres/COURS/slamnav/install/nav2_map_server:/home/pierres/COURS/slamnav/install/nav2_lifecycle_manager:/home/pierres/COURS/slamnav/install/nav2_util:/home/pierres/COURS/slamnav/install/nav2_voxel_grid:/home/pierres/COURS/slamnav/install/nav2_msgs:/home/pierres/COURS/slamnav/install/nav2_common:${AMENT_PREFIX_PATH} CMAKE_PREFIX_PATH=/home/pierres/COURS/slamnav/install/nav2_map_server:/home/pierres/COURS/slamnav/install/nav2_lifecycle_manager:/home/pierres/COURS/slamnav/install/nav2_util:/home/pierres/COURS/slamnav/install/nav2_voxel_grid:/home/pierres/COURS/slamnav/install/nav2_msgs:/home/pierres/COURS/slamnav/install/nav2_common:/opt/ros/humble:/home/pierres/COURS/slamnav/install/slamnav_turtlebot LD_LIBRARY_PATH=/home/pierres/COURS/slamnav/install/nav2_map_server/lib:/home/pierres/COURS/slamnav/install/nav2_lifecycle_manager/lib:/home/pierres/COURS/slamnav/install/nav2_util/lib:/home/pierres/COURS/slamnav/install/nav2_voxel_grid/lib:/home/pierres/COURS/slamnav/install/nav2_msgs/lib:${LD_LIBRARY_PATH} PYTHONPATH=/home/pierres/COURS/slamnav/install/nav2_msgs/local/lib/python3.10/dist-packages:/home/pierres/COURS/slamnav/install/nav2_common/local/lib/python3.10/dist-packages:${PYTHONPATH} /usr/bin/cmake --install /home/pierres/COURS/slamnav/build/nav2_costmap_2d
[0.335s] -- Install configuration: "Humble"
[0.335s] -- Execute custom install script
[0.335s] -- Up-to-date symlink: /home/pierres/COURS/slamnav/install/nav2_costmap_2d/lib/nav2_costmap_2d/nav2_costmap_2d_markers
[0.336s] -- Up-to-date symlink: /home/pierres/COURS/slamnav/install/nav2_costmap_2d/lib/nav2_costmap_2d/nav2_costmap_2d_cloud
[0.336s] -- Up-to-date symlink: /home/pierres/COURS/slamnav/install/nav2_costmap_2d/lib/nav2_costmap_2d/nav2_costmap_2d
[0.336s] -- Up-to-date symlink: /home/pierres/COURS/slamnav/install/nav2_costmap_2d/share/nav2_costmap_2d/costmap_plugins.xml
[0.337s] -- Up-to-date symlink: /home/pierres/COURS/slamnav/install/nav2_costmap_2d/include/nav2_costmap_2d/nav2_costmap_2d/array_parser.hpp
[0.337s] -- Up-to-date symlink: /home/pierres/COURS/slamnav/install/nav2_costmap_2d/include/nav2_costmap_2d/nav2_costmap_2d/clear_costmap_service.hpp
[0.337s] -- Up-to-date symlink: /home/pierres/COURS/slamnav/install/nav2_costmap_2d/include/nav2_costmap_2d/nav2_costmap_2d/cost_values.hpp
[0.337s] -- Up-to-date symlink: /home/pierres/COURS/slamnav/install/nav2_costmap_2d/include/nav2_costmap_2d/nav2_costmap_2d/costmap_2d.hpp
[0.337s] -- Up-to-date symlink: /home/pierres/COURS/slamnav/install/nav2_costmap_2d/include/nav2_costmap_2d/nav2_costmap_2d/costmap_2d_publisher.hpp
[0.338s] -- Up-to-date symlink: /home/pierres/COURS/slamnav/install/nav2_costmap_2d/include/nav2_costmap_2d/nav2_costmap_2d/costmap_2d_ros.hpp
[0.338s] -- Up-to-date symlink: /home/pierres/COURS/slamnav/install/nav2_costmap_2d/include/nav2_costmap_2d/nav2_costmap_2d/costmap_filters/binary_filter.hpp
[0.338s] -- Up-to-date symlink: /home/pierres/COURS/slamnav/install/nav2_costmap_2d/include/nav2_costmap_2d/nav2_costmap_2d/costmap_filters/costmap_filter.hpp
[0.338s] -- Up-to-date symlink: /home/pierres/COURS/slamnav/install/nav2_costmap_2d/include/nav2_costmap_2d/nav2_costmap_2d/costmap_filters/filter_values.hpp
[0.338s] -- Up-to-date symlink: /home/pierres/COURS/slamnav/install/nav2_costmap_2d/include/nav2_costmap_2d/nav2_costmap_2d/costmap_filters/keepout_filter.hpp
[0.338s] -- Up-to-date symlink: /home/pierres/COURS/slamnav/install/nav2_costmap_2d/include/nav2_costmap_2d/nav2_costmap_2d/costmap_filters/speed_filter.hpp
[0.338s] -- Up-to-date symlink: /home/pierres/COURS/slamnav/install/nav2_costmap_2d/include/nav2_costmap_2d/nav2_costmap_2d/costmap_layer.hpp
[0.338s] -- Up-to-date symlink: /home/pierres/COURS/slamnav/install/nav2_costmap_2d/include/nav2_costmap_2d/nav2_costmap_2d/costmap_math.hpp
[0.339s] -- Up-to-date symlink: /home/pierres/COURS/slamnav/install/nav2_costmap_2d/include/nav2_costmap_2d/nav2_costmap_2d/costmap_subscriber.hpp
[0.339s] -- Up-to-date symlink: /home/pierres/COURS/slamnav/install/nav2_costmap_2d/include/nav2_costmap_2d/nav2_costmap_2d/costmap_topic_collision_checker.hpp
[0.339s] -- Up-to-date symlink: /home/pierres/COURS/slamnav/install/nav2_costmap_2d/include/nav2_costmap_2d/nav2_costmap_2d/denoise/image.hpp
[0.339s] -- Up-to-date symlink: /home/pierres/COURS/slamnav/install/nav2_costmap_2d/include/nav2_costmap_2d/nav2_costmap_2d/denoise/image_processing.hpp
[0.339s] -- Up-to-date symlink: /home/pierres/COURS/slamnav/install/nav2_costmap_2d/include/nav2_costmap_2d/nav2_costmap_2d/denoise_layer.hpp
[0.339s] -- Up-to-date symlink: /home/pierres/COURS/slamnav/install/nav2_costmap_2d/include/nav2_costmap_2d/nav2_costmap_2d/exceptions.hpp
[0.339s] -- Up-to-date symlink: /home/pierres/COURS/slamnav/install/nav2_costmap_2d/include/nav2_costmap_2d/nav2_costmap_2d/footprint.hpp
[0.339s] -- Up-to-date symlink: /home/pierres/COURS/slamnav/install/nav2_costmap_2d/include/nav2_costmap_2d/nav2_costmap_2d/footprint_collision_checker.hpp
[0.339s] -- Up-to-date symlink: /home/pierres/COURS/slamnav/install/nav2_costmap_2d/include/nav2_costmap_2d/nav2_costmap_2d/footprint_subscriber.hpp
[0.339s] -- Up-to-date symlink: /home/pierres/COURS/slamnav/install/nav2_costmap_2d/include/nav2_costmap_2d/nav2_costmap_2d/inflation_layer.hpp
[0.339s] -- Up-to-date symlink: /home/pierres/COURS/slamnav/install/nav2_costmap_2d/include/nav2_costmap_2d/nav2_costmap_2d/layer.hpp
[0.340s] -- Up-to-date symlink: /home/pierres/COURS/slamnav/install/nav2_costmap_2d/include/nav2_costmap_2d/nav2_costmap_2d/layered_costmap.hpp
[0.340s] -- Up-to-date symlink: /home/pierres/COURS/slamnav/install/nav2_costmap_2d/include/nav2_costmap_2d/nav2_costmap_2d/observation.hpp
[0.340s] -- Up-to-date symlink: /home/pierres/COURS/slamnav/install/nav2_costmap_2d/include/nav2_costmap_2d/nav2_costmap_2d/observation_buffer.hpp
[0.340s] -- Up-to-date symlink: /home/pierres/COURS/slamnav/install/nav2_costmap_2d/include/nav2_costmap_2d/nav2_costmap_2d/obstacle_layer.hpp
[0.340s] -- Up-to-date symlink: /home/pierres/COURS/slamnav/install/nav2_costmap_2d/include/nav2_costmap_2d/nav2_costmap_2d/range_sensor_layer.hpp
[0.340s] -- Up-to-date symlink: /home/pierres/COURS/slamnav/install/nav2_costmap_2d/include/nav2_costmap_2d/nav2_costmap_2d/static_layer.hpp
[0.340s] -- Up-to-date symlink: /home/pierres/COURS/slamnav/install/nav2_costmap_2d/include/nav2_costmap_2d/nav2_costmap_2d/voxel_layer.hpp
[0.340s] -- Up-to-date symlink: /home/pierres/COURS/slamnav/install/nav2_costmap_2d/lib/liborder_layer.so
[0.340s] -- Up-to-date symlink: /home/pierres/COURS/slamnav/install/nav2_costmap_2d/share/nav2_costmap_2d/test/regression/order_layer.xml
[0.340s] -- Up-to-date symlink: /home/pierres/COURS/slamnav/install/nav2_costmap_2d/share/nav2_costmap_2d/environment/library_path.sh
[0.340s] -- Up-to-date symlink: /home/pierres/COURS/slamnav/install/nav2_costmap_2d/share/nav2_costmap_2d/environment/library_path.dsv
[0.340s] -- Up-to-date symlink: /home/pierres/COURS/slamnav/install/nav2_costmap_2d/share/nav2_costmap_2d//costmap_plugins.xml
[0.340s] -- Up-to-date symlink: /home/pierres/COURS/slamnav/install/nav2_costmap_2d/share/ament_index/resource_index/package_run_dependencies/nav2_costmap_2d
[0.340s] -- Up-to-date symlink: /home/pierres/COURS/slamnav/install/nav2_costmap_2d/share/ament_index/resource_index/parent_prefix_path/nav2_costmap_2d
[0.340s] -- Up-to-date symlink: /home/pierres/COURS/slamnav/install/nav2_costmap_2d/share/nav2_costmap_2d/environment/ament_prefix_path.sh
[0.340s] -- Up-to-date symlink: /home/pierres/COURS/slamnav/install/nav2_costmap_2d/share/nav2_costmap_2d/environment/ament_prefix_path.dsv
[0.340s] -- Up-to-date symlink: /home/pierres/COURS/slamnav/install/nav2_costmap_2d/share/nav2_costmap_2d/environment/path.sh
[0.340s] -- Up-to-date symlink: /home/pierres/COURS/slamnav/install/nav2_costmap_2d/share/nav2_costmap_2d/environment/path.dsv
[0.340s] -- Up-to-date symlink: /home/pierres/COURS/slamnav/install/nav2_costmap_2d/share/nav2_costmap_2d/local_setup.bash
[0.340s] -- Up-to-date symlink: /home/pierres/COURS/slamnav/install/nav2_costmap_2d/share/nav2_costmap_2d/local_setup.sh
[0.340s] -- Up-to-date symlink: /home/pierres/COURS/slamnav/install/nav2_costmap_2d/share/nav2_costmap_2d/local_setup.zsh
[0.340s] -- Up-to-date symlink: /home/pierres/COURS/slamnav/install/nav2_costmap_2d/share/nav2_costmap_2d/local_setup.dsv
[0.340s] -- Symlinking: /home/pierres/COURS/slamnav/install/nav2_costmap_2d/share/nav2_costmap_2d/package.dsv
[0.350s] -- Up-to-date symlink: /home/pierres/COURS/slamnav/install/nav2_costmap_2d/share/ament_index/resource_index/packages/nav2_costmap_2d
[0.350s] -- Up-to-date symlink: /home/pierres/COURS/slamnav/install/nav2_costmap_2d/share/ament_index/resource_index/nav2_costmap_2d__pluginlib__plugin/nav2_costmap_2d
[0.350s] -- Up-to-date symlink: /home/pierres/COURS/slamnav/install/nav2_costmap_2d/share/nav2_costmap_2d/cmake/ament_cmake_export_targets-extras.cmake
[0.350s] -- Up-to-date symlink: /home/pierres/COURS/slamnav/install/nav2_costmap_2d/share/nav2_costmap_2d/cmake/ament_cmake_export_dependencies-extras.cmake
[0.350s] -- Up-to-date symlink: /home/pierres/COURS/slamnav/install/nav2_costmap_2d/share/nav2_costmap_2d/cmake/nav2_costmap_2dConfig.cmake
[0.350s] -- Up-to-date symlink: /home/pierres/COURS/slamnav/install/nav2_costmap_2d/share/nav2_costmap_2d/cmake/nav2_costmap_2dConfig-version.cmake
[0.350s] -- Up-to-date symlink: /home/pierres/COURS/slamnav/install/nav2_costmap_2d/share/nav2_costmap_2d/package.xml
[0.351s] -- Up-to-date: /home/pierres/COURS/slamnav/install/nav2_costmap_2d/lib/liblayers.so
[0.351s] -- Up-to-date: /home/pierres/COURS/slamnav/install/nav2_costmap_2d/lib/libfilters.so
[0.351s] -- Up-to-date: /home/pierres/COURS/slamnav/install/nav2_costmap_2d/lib/libnav2_costmap_2d_core.so
[0.351s] -- Up-to-date: /home/pierres/COURS/slamnav/install/nav2_costmap_2d/lib/libnav2_costmap_2d_client.so
[0.351s] -- Up-to-date: /home/pierres/COURS/slamnav/install/nav2_costmap_2d/share/nav2_costmap_2d/cmake/export_nav2_costmap_2dExport.cmake
[0.351s] -- Up-to-date: /home/pierres/COURS/slamnav/install/nav2_costmap_2d/share/nav2_costmap_2d/cmake/export_nav2_costmap_2dExport-humble.cmake
[0.353s] Invoked command in '/home/pierres/COURS/slamnav/build/nav2_costmap_2d' returned '0': AMENT_PREFIX_PATH=/home/pierres/COURS/slamnav/install/nav2_map_server:/home/pierres/COURS/slamnav/install/nav2_lifecycle_manager:/home/pierres/COURS/slamnav/install/nav2_util:/home/pierres/COURS/slamnav/install/nav2_voxel_grid:/home/pierres/COURS/slamnav/install/nav2_msgs:/home/pierres/COURS/slamnav/install/nav2_common:${AMENT_PREFIX_PATH} CMAKE_PREFIX_PATH=/home/pierres/COURS/slamnav/install/nav2_map_server:/home/pierres/COURS/slamnav/install/nav2_lifecycle_manager:/home/pierres/COURS/slamnav/install/nav2_util:/home/pierres/COURS/slamnav/install/nav2_voxel_grid:/home/pierres/COURS/slamnav/install/nav2_msgs:/home/pierres/COURS/slamnav/install/nav2_common:/opt/ros/humble:/home/pierres/COURS/slamnav/install/slamnav_turtlebot LD_LIBRARY_PATH=/home/pierres/COURS/slamnav/install/nav2_map_server/lib:/home/pierres/COURS/slamnav/install/nav2_lifecycle_manager/lib:/home/pierres/COURS/slamnav/install/nav2_util/lib:/home/pierres/COURS/slamnav/install/nav2_voxel_grid/lib:/home/pierres/COURS/slamnav/install/nav2_msgs/lib:${LD_LIBRARY_PATH} PYTHONPATH=/home/pierres/COURS/slamnav/install/nav2_msgs/local/lib/python3.10/dist-packages:/home/pierres/COURS/slamnav/install/nav2_common/local/lib/python3.10/dist-packages:${PYTHONPATH} /usr/bin/cmake --install /home/pierres/COURS/slamnav/build/nav2_costmap_2d
