[0.037s] Invoking command in '/home/pierres/COURS/slamnav/build/dwb_critics': AMENT_PREFIX_PATH=/home/pierres/COURS/slamnav/install/dwb_core:/home/pierres/COURS/slamnav/install/nav2_core:/home/pierres/COURS/slamnav/install/costmap_queue:/home/pierres/COURS/slamnav/install/nav2_costmap_2d:/home/pierres/COURS/slamnav/install/nav_2d_utils:/home/pierres/COURS/slamnav/install/nav2_map_server:/home/pierres/COURS/slamnav/install/nav2_lifecycle_manager:/home/pierres/COURS/slamnav/install/nav2_util:/home/pierres/COURS/slamnav/install/nav2_voxel_grid:/home/pierres/COURS/slamnav/install/nav2_msgs:/home/pierres/COURS/slamnav/install/dwb_msgs:/home/pierres/COURS/slamnav/install/nav_2d_msgs:/home/pierres/COURS/slamnav/install/nav2_common:${AMENT_PREFIX_PATH} CMAKE_PREFIX_PATH=/home/pierres/COURS/slamnav/install/dwb_core:/home/pierres/COURS/slamnav/install/nav2_core:/home/pierres/COURS/slamnav/install/costmap_queue:/home/pierres/COURS/slamnav/install/nav2_costmap_2d:/home/pierres/COURS/slamnav/install/nav_2d_utils:/home/pierres/COURS/slamnav/install/nav2_map_server:/home/pierres/COURS/slamnav/install/nav2_lifecycle_manager:/home/pierres/COURS/slamnav/install/nav2_util:/home/pierres/COURS/slamnav/install/nav2_voxel_grid:/home/pierres/COURS/slamnav/install/nav2_msgs:/home/pierres/COURS/slamnav/install/dwb_msgs:/home/pierres/COURS/slamnav/install/nav_2d_msgs:/home/pierres/COURS/slamnav/install/nav2_common:/home/pierres/COURS/slamnav/install/slam_toolbox:/opt/ros/humble:/home/pierres/COURS/slamnav/install/slamnav_turtlebot LD_LIBRARY_PATH=/home/pierres/COURS/slamnav/install/dwb_core/lib:/home/pierres/COURS/slamnav/install/costmap_queue/lib:/home/pierres/COURS/slamnav/install/nav2_costmap_2d/lib:/home/pierres/COURS/slamnav/install/nav_2d_utils/lib:/home/pierres/COURS/slamnav/install/nav2_map_server/lib:/home/pierres/COURS/slamnav/install/nav2_lifecycle_manager/lib:/home/pierres/COURS/slamnav/install/nav2_util/lib:/home/pierres/COURS/slamnav/install/nav2_voxel_grid/lib:/home/pierres/COURS/slamnav/install/nav2_msgs/lib:/home/pierres/COURS/slamnav/install/dwb_msgs/lib:/home/pierres/COURS/slamnav/install/nav_2d_msgs/lib:${LD_LIBRARY_PATH} PYTHONPATH=/home/pierres/COURS/slamnav/install/nav2_msgs/local/lib/python3.10/dist-packages:/home/pierres/COURS/slamnav/install/dwb_msgs/local/lib/python3.10/dist-packages:/home/pierres/COURS/slamnav/install/nav_2d_msgs/local/lib/python3.10/dist-packages:/home/pierres/COURS/slamnav/install/nav2_common/local/lib/python3.10/dist-packages:${PYTHONPATH} /usr/bin/cmake /home/pierres/COURS/slamnav/src/navigation2/nav2_dwb_controller/dwb_critics -DCMAKE_INSTALL_PREFIX=/home/pierres/COURS/slamnav/install/dwb_critics
[0.053s] -- Found ament_cmake: 1.3.10 (/opt/ros/humble/share/ament_cmake/cmake)
[0.184s] -- Override CMake install command with custom implementation using symlinks instead of copying resources
[0.192s] -- Found nav2_common: 1.1.16 (/home/pierres/COURS/slamnav/install/nav2_common/share/nav2_common/cmake)
[0.193s] -- Found angles: 1.15.0 (/opt/ros/humble/share/angles/cmake)
[0.194s] -- Found nav2_costmap_2d: 1.1.16 (/home/pierres/COURS/slamnav/install/nav2_costmap_2d/share/nav2_costmap_2d/cmake)
[0.228s] -- Found rosidl_generator_c: 3.1.5 (/opt/ros/humble/share/rosidl_generator_c/cmake)
[0.230s] -- Found rosidl_adapter: 3.1.5 (/opt/ros/humble/share/rosidl_adapter/cmake)
[0.233s] -- Found rosidl_generator_cpp: 3.1.5 (/opt/ros/humble/share/rosidl_generator_cpp/cmake)
[0.240s] -- Using all available rosidl_typesupport_c: rosidl_typesupport_fastrtps_c;rosidl_typesupport_introspection_c
[0.248s] -- Using all available rosidl_typesupport_cpp: rosidl_typesupport_fastrtps_cpp;rosidl_typesupport_introspection_cpp
[0.299s] -- Found rmw_implementation_cmake: 6.1.2 (/opt/ros/humble/share/rmw_implementation_cmake/cmake)
[0.301s] -- Found rmw_cyclonedds_cpp: 1.3.4 (/opt/ros/humble/share/rmw_cyclonedds_cpp/cmake)
[0.314s] -- Using RMW implementation 'rmw_cyclonedds_cpp' as default
[0.452s] -- Ensuring Eigen3 include directory is part of orocos-kdl CMake target
[0.519s] -- Found costmap_queue: 1.1.16 (/home/pierres/COURS/slamnav/install/costmap_queue/share/costmap_queue/cmake)
[0.519s] -- Found dwb_core: 1.1.16 (/home/pierres/COURS/slamnav/install/dwb_core/share/dwb_core/cmake)
[0.904s] -- Found ament_lint_auto: 0.12.11 (/opt/ros/humble/share/ament_lint_auto/cmake)
[0.976s] -- Found gtest sources under '/opt/ros/humble/src/gtest_vendor': C++ tests using 'Google Test' will be built
[0.996s] -- Added test 'cppcheck' to perform static code analysis on C / C++ code
[0.997s] -- Configured cppcheck include dirs: /home/pierres/COURS/slamnav/src/navigation2/nav2_dwb_controller/dwb_critics/include
[0.997s] -- Configured cppcheck exclude dirs and/or files: 
[0.998s] -- Added test 'cpplint' to check C / C++ code against the Google style
[0.999s] -- Configured cpplint exclude dirs and/or files: 
[1.000s] -- Added test 'lint_cmake' to check CMake code style
[1.002s] -- Added test 'uncrustify' to check C / C++ code style
[1.002s] -- Configured uncrustify additional arguments: 
[1.002s] -- Added test 'xmllint' to check XML markup files
[1.005s] -- Configuring done
[1.237s] -- Generating done
[1.239s] -- Build files have been written to: /home/pierres/COURS/slamnav/build/dwb_critics
[1.249s] Invoked command in '/home/pierres/COURS/slamnav/build/dwb_critics' returned '0': AMENT_PREFIX_PATH=/home/pierres/COURS/slamnav/install/dwb_core:/home/pierres/COURS/slamnav/install/nav2_core:/home/pierres/COURS/slamnav/install/costmap_queue:/home/pierres/COURS/slamnav/install/nav2_costmap_2d:/home/pierres/COURS/slamnav/install/nav_2d_utils:/home/pierres/COURS/slamnav/install/nav2_map_server:/home/pierres/COURS/slamnav/install/nav2_lifecycle_manager:/home/pierres/COURS/slamnav/install/nav2_util:/home/pierres/COURS/slamnav/install/nav2_voxel_grid:/home/pierres/COURS/slamnav/install/nav2_msgs:/home/pierres/COURS/slamnav/install/dwb_msgs:/home/pierres/COURS/slamnav/install/nav_2d_msgs:/home/pierres/COURS/slamnav/install/nav2_common:${AMENT_PREFIX_PATH} CMAKE_PREFIX_PATH=/home/pierres/COURS/slamnav/install/dwb_core:/home/pierres/COURS/slamnav/install/nav2_core:/home/pierres/COURS/slamnav/install/costmap_queue:/home/pierres/COURS/slamnav/install/nav2_costmap_2d:/home/pierres/COURS/slamnav/install/nav_2d_utils:/home/pierres/COURS/slamnav/install/nav2_map_server:/home/pierres/COURS/slamnav/install/nav2_lifecycle_manager:/home/pierres/COURS/slamnav/install/nav2_util:/home/pierres/COURS/slamnav/install/nav2_voxel_grid:/home/pierres/COURS/slamnav/install/nav2_msgs:/home/pierres/COURS/slamnav/install/dwb_msgs:/home/pierres/COURS/slamnav/install/nav_2d_msgs:/home/pierres/COURS/slamnav/install/nav2_common:/home/pierres/COURS/slamnav/install/slam_toolbox:/opt/ros/humble:/home/pierres/COURS/slamnav/install/slamnav_turtlebot LD_LIBRARY_PATH=/home/pierres/COURS/slamnav/install/dwb_core/lib:/home/pierres/COURS/slamnav/install/costmap_queue/lib:/home/pierres/COURS/slamnav/install/nav2_costmap_2d/lib:/home/pierres/COURS/slamnav/install/nav_2d_utils/lib:/home/pierres/COURS/slamnav/install/nav2_map_server/lib:/home/pierres/COURS/slamnav/install/nav2_lifecycle_manager/lib:/home/pierres/COURS/slamnav/install/nav2_util/lib:/home/pierres/COURS/slamnav/install/nav2_voxel_grid/lib:/home/pierres/COURS/slamnav/install/nav2_msgs/lib:/home/pierres/COURS/slamnav/install/dwb_msgs/lib:/home/pierres/COURS/slamnav/install/nav_2d_msgs/lib:${LD_LIBRARY_PATH} PYTHONPATH=/home/pierres/COURS/slamnav/install/nav2_msgs/local/lib/python3.10/dist-packages:/home/pierres/COURS/slamnav/install/dwb_msgs/local/lib/python3.10/dist-packages:/home/pierres/COURS/slamnav/install/nav_2d_msgs/local/lib/python3.10/dist-packages:/home/pierres/COURS/slamnav/install/nav2_common/local/lib/python3.10/dist-packages:${PYTHONPATH} /usr/bin/cmake /home/pierres/COURS/slamnav/src/navigation2/nav2_dwb_controller/dwb_critics -DCMAKE_INSTALL_PREFIX=/home/pierres/COURS/slamnav/install/dwb_critics
[1.251s] Invoking command in '/home/pierres/COURS/slamnav/build/dwb_critics': AMENT_PREFIX_PATH=/home/pierres/COURS/slamnav/install/dwb_core:/home/pierres/COURS/slamnav/install/nav2_core:/home/pierres/COURS/slamnav/install/costmap_queue:/home/pierres/COURS/slamnav/install/nav2_costmap_2d:/home/pierres/COURS/slamnav/install/nav_2d_utils:/home/pierres/COURS/slamnav/install/nav2_map_server:/home/pierres/COURS/slamnav/install/nav2_lifecycle_manager:/home/pierres/COURS/slamnav/install/nav2_util:/home/pierres/COURS/slamnav/install/nav2_voxel_grid:/home/pierres/COURS/slamnav/install/nav2_msgs:/home/pierres/COURS/slamnav/install/dwb_msgs:/home/pierres/COURS/slamnav/install/nav_2d_msgs:/home/pierres/COURS/slamnav/install/nav2_common:${AMENT_PREFIX_PATH} CMAKE_PREFIX_PATH=/home/pierres/COURS/slamnav/install/dwb_core:/home/pierres/COURS/slamnav/install/nav2_core:/home/pierres/COURS/slamnav/install/costmap_queue:/home/pierres/COURS/slamnav/install/nav2_costmap_2d:/home/pierres/COURS/slamnav/install/nav_2d_utils:/home/pierres/COURS/slamnav/install/nav2_map_server:/home/pierres/COURS/slamnav/install/nav2_lifecycle_manager:/home/pierres/COURS/slamnav/install/nav2_util:/home/pierres/COURS/slamnav/install/nav2_voxel_grid:/home/pierres/COURS/slamnav/install/nav2_msgs:/home/pierres/COURS/slamnav/install/dwb_msgs:/home/pierres/COURS/slamnav/install/nav_2d_msgs:/home/pierres/COURS/slamnav/install/nav2_common:/home/pierres/COURS/slamnav/install/slam_toolbox:/opt/ros/humble:/home/pierres/COURS/slamnav/install/slamnav_turtlebot LD_LIBRARY_PATH=/home/pierres/COURS/slamnav/install/dwb_core/lib:/home/pierres/COURS/slamnav/install/costmap_queue/lib:/home/pierres/COURS/slamnav/install/nav2_costmap_2d/lib:/home/pierres/COURS/slamnav/install/nav_2d_utils/lib:/home/pierres/COURS/slamnav/install/nav2_map_server/lib:/home/pierres/COURS/slamnav/install/nav2_lifecycle_manager/lib:/home/pierres/COURS/slamnav/install/nav2_util/lib:/home/pierres/COURS/slamnav/install/nav2_voxel_grid/lib:/home/pierres/COURS/slamnav/install/nav2_msgs/lib:/home/pierres/COURS/slamnav/install/dwb_msgs/lib:/home/pierres/COURS/slamnav/install/nav_2d_msgs/lib:${LD_LIBRARY_PATH} PYTHONPATH=/home/pierres/COURS/slamnav/install/nav2_msgs/local/lib/python3.10/dist-packages:/home/pierres/COURS/slamnav/install/dwb_msgs/local/lib/python3.10/dist-packages:/home/pierres/COURS/slamnav/install/nav_2d_msgs/local/lib/python3.10/dist-packages:/home/pierres/COURS/slamnav/install/nav2_common/local/lib/python3.10/dist-packages:${PYTHONPATH} /usr/bin/cmake --build /home/pierres/COURS/slamnav/build/dwb_critics -- -j16 -l16
[1.293s] [35m[1mConsolidate compiler generated dependencies of target gtest[0m
[1.296s] [35m[1mConsolidate compiler generated dependencies of target gtest_main[0m
[1.301s] [35m[1mConsolidate compiler generated dependencies of target dwb_critics[0m
[1.304s] [  7%] Built target gtest
[1.311s] [ 14%] Built target gtest_main
[1.340s] [ 62%] Built target dwb_critics
[1.349s] [35m[1mConsolidate compiler generated dependencies of target obstacle_footprint_tests[0m
[1.349s] [35m[1mConsolidate compiler generated dependencies of target base_obstacle_tests[0m
[1.353s] [35m[1mConsolidate compiler generated dependencies of target prefer_forward_tests[0m
[1.354s] [35m[1mConsolidate compiler generated dependencies of target alignment_util_tests[0m
[1.354s] [35m[1mConsolidate compiler generated dependencies of target twirling_tests[0m
[1.364s] [ 70%] Built target base_obstacle_tests
[1.364s] [ 77%] Built target obstacle_footprint_tests
[1.367s] [ 85%] Built target prefer_forward_tests
[1.372s] [ 92%] Built target alignment_util_tests
[1.376s] [100%] Built target twirling_tests
[1.387s] Invoked command in '/home/pierres/COURS/slamnav/build/dwb_critics' returned '0': AMENT_PREFIX_PATH=/home/pierres/COURS/slamnav/install/dwb_core:/home/pierres/COURS/slamnav/install/nav2_core:/home/pierres/COURS/slamnav/install/costmap_queue:/home/pierres/COURS/slamnav/install/nav2_costmap_2d:/home/pierres/COURS/slamnav/install/nav_2d_utils:/home/pierres/COURS/slamnav/install/nav2_map_server:/home/pierres/COURS/slamnav/install/nav2_lifecycle_manager:/home/pierres/COURS/slamnav/install/nav2_util:/home/pierres/COURS/slamnav/install/nav2_voxel_grid:/home/pierres/COURS/slamnav/install/nav2_msgs:/home/pierres/COURS/slamnav/install/dwb_msgs:/home/pierres/COURS/slamnav/install/nav_2d_msgs:/home/pierres/COURS/slamnav/install/nav2_common:${AMENT_PREFIX_PATH} CMAKE_PREFIX_PATH=/home/pierres/COURS/slamnav/install/dwb_core:/home/pierres/COURS/slamnav/install/nav2_core:/home/pierres/COURS/slamnav/install/costmap_queue:/home/pierres/COURS/slamnav/install/nav2_costmap_2d:/home/pierres/COURS/slamnav/install/nav_2d_utils:/home/pierres/COURS/slamnav/install/nav2_map_server:/home/pierres/COURS/slamnav/install/nav2_lifecycle_manager:/home/pierres/COURS/slamnav/install/nav2_util:/home/pierres/COURS/slamnav/install/nav2_voxel_grid:/home/pierres/COURS/slamnav/install/nav2_msgs:/home/pierres/COURS/slamnav/install/dwb_msgs:/home/pierres/COURS/slamnav/install/nav_2d_msgs:/home/pierres/COURS/slamnav/install/nav2_common:/home/pierres/COURS/slamnav/install/slam_toolbox:/opt/ros/humble:/home/pierres/COURS/slamnav/install/slamnav_turtlebot LD_LIBRARY_PATH=/home/pierres/COURS/slamnav/install/dwb_core/lib:/home/pierres/COURS/slamnav/install/costmap_queue/lib:/home/pierres/COURS/slamnav/install/nav2_costmap_2d/lib:/home/pierres/COURS/slamnav/install/nav_2d_utils/lib:/home/pierres/COURS/slamnav/install/nav2_map_server/lib:/home/pierres/COURS/slamnav/install/nav2_lifecycle_manager/lib:/home/pierres/COURS/slamnav/install/nav2_util/lib:/home/pierres/COURS/slamnav/install/nav2_voxel_grid/lib:/home/pierres/COURS/slamnav/install/nav2_msgs/lib:/home/pierres/COURS/slamnav/install/dwb_msgs/lib:/home/pierres/COURS/slamnav/install/nav_2d_msgs/lib:${LD_LIBRARY_PATH} PYTHONPATH=/home/pierres/COURS/slamnav/install/nav2_msgs/local/lib/python3.10/dist-packages:/home/pierres/COURS/slamnav/install/dwb_msgs/local/lib/python3.10/dist-packages:/home/pierres/COURS/slamnav/install/nav_2d_msgs/local/lib/python3.10/dist-packages:/home/pierres/COURS/slamnav/install/nav2_common/local/lib/python3.10/dist-packages:${PYTHONPATH} /usr/bin/cmake --build /home/pierres/COURS/slamnav/build/dwb_critics -- -j16 -l16
[1.443s] Invoking command in '/home/pierres/COURS/slamnav/build/dwb_critics': AMENT_PREFIX_PATH=/home/pierres/COURS/slamnav/install/dwb_core:/home/pierres/COURS/slamnav/install/nav2_core:/home/pierres/COURS/slamnav/install/costmap_queue:/home/pierres/COURS/slamnav/install/nav2_costmap_2d:/home/pierres/COURS/slamnav/install/nav_2d_utils:/home/pierres/COURS/slamnav/install/nav2_map_server:/home/pierres/COURS/slamnav/install/nav2_lifecycle_manager:/home/pierres/COURS/slamnav/install/nav2_util:/home/pierres/COURS/slamnav/install/nav2_voxel_grid:/home/pierres/COURS/slamnav/install/nav2_msgs:/home/pierres/COURS/slamnav/install/dwb_msgs:/home/pierres/COURS/slamnav/install/nav_2d_msgs:/home/pierres/COURS/slamnav/install/nav2_common:${AMENT_PREFIX_PATH} CMAKE_PREFIX_PATH=/home/pierres/COURS/slamnav/install/dwb_core:/home/pierres/COURS/slamnav/install/nav2_core:/home/pierres/COURS/slamnav/install/costmap_queue:/home/pierres/COURS/slamnav/install/nav2_costmap_2d:/home/pierres/COURS/slamnav/install/nav_2d_utils:/home/pierres/COURS/slamnav/install/nav2_map_server:/home/pierres/COURS/slamnav/install/nav2_lifecycle_manager:/home/pierres/COURS/slamnav/install/nav2_util:/home/pierres/COURS/slamnav/install/nav2_voxel_grid:/home/pierres/COURS/slamnav/install/nav2_msgs:/home/pierres/COURS/slamnav/install/dwb_msgs:/home/pierres/COURS/slamnav/install/nav_2d_msgs:/home/pierres/COURS/slamnav/install/nav2_common:/home/pierres/COURS/slamnav/install/slam_toolbox:/opt/ros/humble:/home/pierres/COURS/slamnav/install/slamnav_turtlebot LD_LIBRARY_PATH=/home/pierres/COURS/slamnav/install/dwb_core/lib:/home/pierres/COURS/slamnav/install/costmap_queue/lib:/home/pierres/COURS/slamnav/install/nav2_costmap_2d/lib:/home/pierres/COURS/slamnav/install/nav_2d_utils/lib:/home/pierres/COURS/slamnav/install/nav2_map_server/lib:/home/pierres/COURS/slamnav/install/nav2_lifecycle_manager/lib:/home/pierres/COURS/slamnav/install/nav2_util/lib:/home/pierres/COURS/slamnav/install/nav2_voxel_grid/lib:/home/pierres/COURS/slamnav/install/nav2_msgs/lib:/home/pierres/COURS/slamnav/install/dwb_msgs/lib:/home/pierres/COURS/slamnav/install/nav_2d_msgs/lib:${LD_LIBRARY_PATH} PYTHONPATH=/home/pierres/COURS/slamnav/install/nav2_msgs/local/lib/python3.10/dist-packages:/home/pierres/COURS/slamnav/install/dwb_msgs/local/lib/python3.10/dist-packages:/home/pierres/COURS/slamnav/install/nav_2d_msgs/local/lib/python3.10/dist-packages:/home/pierres/COURS/slamnav/install/nav2_common/local/lib/python3.10/dist-packages:${PYTHONPATH} /usr/bin/cmake --install /home/pierres/COURS/slamnav/build/dwb_critics
[1.452s] -- Install configuration: "Humble"
[1.453s] -- Execute custom install script
[1.453s] -- Up-to-date symlink: /home/pierres/COURS/slamnav/install/dwb_critics/lib/libdwb_critics.so
[1.453s] -- Up-to-date symlink: /home/pierres/COURS/slamnav/install/dwb_critics/include//dwb_critics/alignment_util.hpp
[1.454s] -- Up-to-date symlink: /home/pierres/COURS/slamnav/install/dwb_critics/include//dwb_critics/base_obstacle.hpp
[1.454s] -- Up-to-date symlink: /home/pierres/COURS/slamnav/install/dwb_critics/include//dwb_critics/goal_align.hpp
[1.454s] -- Up-to-date symlink: /home/pierres/COURS/slamnav/install/dwb_critics/include//dwb_critics/goal_dist.hpp
[1.454s] -- Up-to-date symlink: /home/pierres/COURS/slamnav/install/dwb_critics/include//dwb_critics/line_iterator.hpp
[1.454s] -- Up-to-date symlink: /home/pierres/COURS/slamnav/install/dwb_critics/include//dwb_critics/map_grid.hpp
[1.454s] -- Up-to-date symlink: /home/pierres/COURS/slamnav/install/dwb_critics/include//dwb_critics/obstacle_footprint.hpp
[1.454s] -- Up-to-date symlink: /home/pierres/COURS/slamnav/install/dwb_critics/include//dwb_critics/oscillation.hpp
[1.454s] -- Up-to-date symlink: /home/pierres/COURS/slamnav/install/dwb_critics/include//dwb_critics/path_align.hpp
[1.455s] -- Up-to-date symlink: /home/pierres/COURS/slamnav/install/dwb_critics/include//dwb_critics/path_dist.hpp
[1.455s] -- Up-to-date symlink: /home/pierres/COURS/slamnav/install/dwb_critics/include//dwb_critics/prefer_forward.hpp
[1.455s] -- Up-to-date symlink: /home/pierres/COURS/slamnav/install/dwb_critics/include//dwb_critics/rotate_to_goal.hpp
[1.455s] -- Up-to-date symlink: /home/pierres/COURS/slamnav/install/dwb_critics/include//dwb_critics/twirling.hpp
[1.455s] -- Up-to-date symlink: /home/pierres/COURS/slamnav/install/dwb_critics/share/dwb_critics/default_critics.xml
[1.455s] -- Up-to-date symlink: /home/pierres/COURS/slamnav/install/dwb_critics/share/dwb_critics/environment/library_path.sh
[1.455s] -- Up-to-date symlink: /home/pierres/COURS/slamnav/install/dwb_critics/share/dwb_critics/environment/library_path.dsv
[1.456s] -- Up-to-date symlink: /home/pierres/COURS/slamnav/install/dwb_critics/share/dwb_critics//default_critics.xml
[1.456s] -- Up-to-date symlink: /home/pierres/COURS/slamnav/install/dwb_critics/share/ament_index/resource_index/package_run_dependencies/dwb_critics
[1.456s] -- Up-to-date symlink: /home/pierres/COURS/slamnav/install/dwb_critics/share/ament_index/resource_index/parent_prefix_path/dwb_critics
[1.456s] -- Up-to-date symlink: /home/pierres/COURS/slamnav/install/dwb_critics/share/dwb_critics/environment/ament_prefix_path.sh
[1.456s] -- Up-to-date symlink: /home/pierres/COURS/slamnav/install/dwb_critics/share/dwb_critics/environment/ament_prefix_path.dsv
[1.457s] -- Up-to-date symlink: /home/pierres/COURS/slamnav/install/dwb_critics/share/dwb_critics/environment/path.sh
[1.457s] -- Up-to-date symlink: /home/pierres/COURS/slamnav/install/dwb_critics/share/dwb_critics/environment/path.dsv
[1.457s] -- Up-to-date symlink: /home/pierres/COURS/slamnav/install/dwb_critics/share/dwb_critics/local_setup.bash
[1.457s] -- Up-to-date symlink: /home/pierres/COURS/slamnav/install/dwb_critics/share/dwb_critics/local_setup.sh
[1.457s] -- Up-to-date symlink: /home/pierres/COURS/slamnav/install/dwb_critics/share/dwb_critics/local_setup.zsh
[1.457s] -- Up-to-date symlink: /home/pierres/COURS/slamnav/install/dwb_critics/share/dwb_critics/local_setup.dsv
[1.458s] -- Symlinking: /home/pierres/COURS/slamnav/install/dwb_critics/share/dwb_critics/package.dsv
[1.469s] -- Up-to-date symlink: /home/pierres/COURS/slamnav/install/dwb_critics/share/ament_index/resource_index/packages/dwb_critics
[1.470s] -- Up-to-date symlink: /home/pierres/COURS/slamnav/install/dwb_critics/share/ament_index/resource_index/dwb_core__pluginlib__plugin/dwb_critics
[1.470s] -- Up-to-date symlink: /home/pierres/COURS/slamnav/install/dwb_critics/share/dwb_critics/cmake/ament_cmake_export_include_directories-extras.cmake
[1.470s] -- Up-to-date symlink: /home/pierres/COURS/slamnav/install/dwb_critics/share/dwb_critics/cmake/ament_cmake_export_libraries-extras.cmake
[1.470s] -- Up-to-date symlink: /home/pierres/COURS/slamnav/install/dwb_critics/share/dwb_critics/cmake/ament_cmake_export_dependencies-extras.cmake
[1.470s] -- Up-to-date symlink: /home/pierres/COURS/slamnav/install/dwb_critics/share/dwb_critics/cmake/dwb_criticsConfig.cmake
[1.470s] -- Up-to-date symlink: /home/pierres/COURS/slamnav/install/dwb_critics/share/dwb_critics/cmake/dwb_criticsConfig-version.cmake
[1.470s] -- Up-to-date symlink: /home/pierres/COURS/slamnav/install/dwb_critics/share/dwb_critics/package.xml
[1.474s] Invoked command in '/home/pierres/COURS/slamnav/build/dwb_critics' returned '0': AMENT_PREFIX_PATH=/home/pierres/COURS/slamnav/install/dwb_core:/home/pierres/COURS/slamnav/install/nav2_core:/home/pierres/COURS/slamnav/install/costmap_queue:/home/pierres/COURS/slamnav/install/nav2_costmap_2d:/home/pierres/COURS/slamnav/install/nav_2d_utils:/home/pierres/COURS/slamnav/install/nav2_map_server:/home/pierres/COURS/slamnav/install/nav2_lifecycle_manager:/home/pierres/COURS/slamnav/install/nav2_util:/home/pierres/COURS/slamnav/install/nav2_voxel_grid:/home/pierres/COURS/slamnav/install/nav2_msgs:/home/pierres/COURS/slamnav/install/dwb_msgs:/home/pierres/COURS/slamnav/install/nav_2d_msgs:/home/pierres/COURS/slamnav/install/nav2_common:${AMENT_PREFIX_PATH} CMAKE_PREFIX_PATH=/home/pierres/COURS/slamnav/install/dwb_core:/home/pierres/COURS/slamnav/install/nav2_core:/home/pierres/COURS/slamnav/install/costmap_queue:/home/pierres/COURS/slamnav/install/nav2_costmap_2d:/home/pierres/COURS/slamnav/install/nav_2d_utils:/home/pierres/COURS/slamnav/install/nav2_map_server:/home/pierres/COURS/slamnav/install/nav2_lifecycle_manager:/home/pierres/COURS/slamnav/install/nav2_util:/home/pierres/COURS/slamnav/install/nav2_voxel_grid:/home/pierres/COURS/slamnav/install/nav2_msgs:/home/pierres/COURS/slamnav/install/dwb_msgs:/home/pierres/COURS/slamnav/install/nav_2d_msgs:/home/pierres/COURS/slamnav/install/nav2_common:/home/pierres/COURS/slamnav/install/slam_toolbox:/opt/ros/humble:/home/pierres/COURS/slamnav/install/slamnav_turtlebot LD_LIBRARY_PATH=/home/pierres/COURS/slamnav/install/dwb_core/lib:/home/pierres/COURS/slamnav/install/costmap_queue/lib:/home/pierres/COURS/slamnav/install/nav2_costmap_2d/lib:/home/pierres/COURS/slamnav/install/nav_2d_utils/lib:/home/pierres/COURS/slamnav/install/nav2_map_server/lib:/home/pierres/COURS/slamnav/install/nav2_lifecycle_manager/lib:/home/pierres/COURS/slamnav/install/nav2_util/lib:/home/pierres/COURS/slamnav/install/nav2_voxel_grid/lib:/home/pierres/COURS/slamnav/install/nav2_msgs/lib:/home/pierres/COURS/slamnav/install/dwb_msgs/lib:/home/pierres/COURS/slamnav/install/nav_2d_msgs/lib:${LD_LIBRARY_PATH} PYTHONPATH=/home/pierres/COURS/slamnav/install/nav2_msgs/local/lib/python3.10/dist-packages:/home/pierres/COURS/slamnav/install/dwb_msgs/local/lib/python3.10/dist-packages:/home/pierres/COURS/slamnav/install/nav_2d_msgs/local/lib/python3.10/dist-packages:/home/pierres/COURS/slamnav/install/nav2_common/local/lib/python3.10/dist-packages:${PYTHONPATH} /usr/bin/cmake --install /home/pierres/COURS/slamnav/build/dwb_critics
