[0.085s] DEBUG:colcon:Command line arguments: ['/usr/bin/colcon', 'build']
[0.085s] DEBUG:colcon:Parsed command line arguments: Namespace(log_base=None, log_level=None, verb_name='build', build_base='build', install_base='install', merge_install=False, symlink_install=False, test_result_base=None, continue_on_error=False, executor='parallel', parallel_workers=16, event_handlers=None, ignore_user_meta=False, metas=['./colcon.meta'], base_paths=['.'], packages_ignore=None, packages_ignore_regex=None, paths=None, packages_up_to=None, packages_up_to_regex=None, packages_above=None, packages_above_and_dependencies=None, packages_above_depth=None, packages_select_by_dep=None, packages_skip_by_dep=None, packages_skip_up_to=None, packages_select_build_failed=False, packages_skip_build_finished=False, packages_select_test_failures=False, packages_skip_test_passed=False, packages_select=None, packages_skip=None, packages_select_regex=None, packages_skip_regex=None, packages_start=None, packages_end=None, allow_overriding=[], cmake_args=None, cmake_target=None, cmake_target_skip_unavailable=False, cmake_clean_cache=False, cmake_clean_first=False, cmake_force_configure=False, ament_cmake_args=None, catkin_cmake_args=None, catkin_skip_building_tests=False, mixin_files=None, mixin=None, verb_parser=<colcon_mixin.mixin.mixin_argument.MixinArgumentDecorator object at 0x725178f473d0>, verb_extension=<colcon_core.verb.build.BuildVerb object at 0x725178f46e90>, main=<bound method BuildVerb.main of <colcon_core.verb.build.BuildVerb object at 0x725178f46e90>>, mixin_verb=('build',))
[0.163s] Level 1:colcon.colcon_core.package_discovery:discover_packages(colcon_meta) check parameters
[0.163s] Level 1:colcon.colcon_core.package_discovery:discover_packages(recursive) check parameters
[0.163s] Level 1:colcon.colcon_core.package_discovery:discover_packages(ignore) check parameters
[0.163s] Level 1:colcon.colcon_core.package_discovery:discover_packages(path) check parameters
[0.163s] Level 1:colcon.colcon_core.package_discovery:discover_packages(colcon_meta) discover
[0.163s] Level 1:colcon.colcon_core.package_discovery:discover_packages(recursive) discover
[0.163s] INFO:colcon.colcon_core.package_discovery:Crawling recursively for packages in '/home/pierres/COURS/slamnav'
[0.163s] Level 1:colcon.colcon_core.package_identification:_identify(.) by extensions ['ignore', 'ignore_ament_install']
[0.163s] Level 1:colcon.colcon_core.package_identification:_identify(.) by extension 'ignore'
[0.163s] Level 1:colcon.colcon_core.package_identification:_identify(.) by extension 'ignore_ament_install'
[0.163s] Level 1:colcon.colcon_core.package_identification:_identify(.) by extensions ['colcon_pkg']
[0.163s] Level 1:colcon.colcon_core.package_identification:_identify(.) by extension 'colcon_pkg'
[0.163s] Level 1:colcon.colcon_core.package_identification:_identify(.) by extensions ['colcon_meta']
[0.163s] Level 1:colcon.colcon_core.package_identification:_identify(.) by extension 'colcon_meta'
[0.163s] Level 1:colcon.colcon_core.package_identification:_identify(.) by extensions ['ros']
[0.163s] Level 1:colcon.colcon_core.package_identification:_identify(.) by extension 'ros'
[0.170s] Level 1:colcon.colcon_core.package_identification:_identify(.) by extensions ['cmake', 'python']
[0.171s] Level 1:colcon.colcon_core.package_identification:_identify(.) by extension 'cmake'
[0.171s] Level 1:colcon.colcon_core.package_identification:_identify(.) by extension 'python'
[0.171s] Level 1:colcon.colcon_core.package_identification:_identify(.) by extensions ['python_setup_py']
[0.171s] Level 1:colcon.colcon_core.package_identification:_identify(.) by extension 'python_setup_py'
[0.171s] Level 1:colcon.colcon_core.package_identification:_identify(build) by extensions ['ignore', 'ignore_ament_install']
[0.171s] Level 1:colcon.colcon_core.package_identification:_identify(build) by extension 'ignore'
[0.171s] Level 1:colcon.colcon_core.package_identification:_identify(build) ignored
[0.171s] Level 1:colcon.colcon_core.package_identification:_identify(install) by extensions ['ignore', 'ignore_ament_install']
[0.171s] Level 1:colcon.colcon_core.package_identification:_identify(install) by extension 'ignore'
[0.171s] Level 1:colcon.colcon_core.package_identification:_identify(install) ignored
[0.171s] Level 1:colcon.colcon_core.package_identification:_identify(log) by extensions ['ignore', 'ignore_ament_install']
[0.171s] Level 1:colcon.colcon_core.package_identification:_identify(log) by extension 'ignore'
[0.171s] Level 1:colcon.colcon_core.package_identification:_identify(log) ignored
[0.171s] Level 1:colcon.colcon_core.package_identification:_identify(src) by extensions ['ignore', 'ignore_ament_install']
[0.171s] Level 1:colcon.colcon_core.package_identification:_identify(src) by extension 'ignore'
[0.171s] Level 1:colcon.colcon_core.package_identification:_identify(src) by extension 'ignore_ament_install'
[0.171s] Level 1:colcon.colcon_core.package_identification:_identify(src) by extensions ['colcon_pkg']
[0.171s] Level 1:colcon.colcon_core.package_identification:_identify(src) by extension 'colcon_pkg'
[0.171s] Level 1:colcon.colcon_core.package_identification:_identify(src) by extensions ['colcon_meta']
[0.171s] Level 1:colcon.colcon_core.package_identification:_identify(src) by extension 'colcon_meta'
[0.171s] Level 1:colcon.colcon_core.package_identification:_identify(src) by extensions ['ros']
[0.171s] Level 1:colcon.colcon_core.package_identification:_identify(src) by extension 'ros'
[0.171s] Level 1:colcon.colcon_core.package_identification:_identify(src) by extensions ['cmake', 'python']
[0.171s] Level 1:colcon.colcon_core.package_identification:_identify(src) by extension 'cmake'
[0.171s] Level 1:colcon.colcon_core.package_identification:_identify(src) by extension 'python'
[0.171s] Level 1:colcon.colcon_core.package_identification:_identify(src) by extensions ['python_setup_py']
[0.171s] Level 1:colcon.colcon_core.package_identification:_identify(src) by extension 'python_setup_py'
[0.171s] Level 1:colcon.colcon_core.package_identification:_identify(src/slamnav_turtlebot) by extensions ['ignore', 'ignore_ament_install']
[0.171s] Level 1:colcon.colcon_core.package_identification:_identify(src/slamnav_turtlebot) by extension 'ignore'
[0.171s] Level 1:colcon.colcon_core.package_identification:_identify(src/slamnav_turtlebot) by extension 'ignore_ament_install'
[0.171s] Level 1:colcon.colcon_core.package_identification:_identify(src/slamnav_turtlebot) by extensions ['colcon_pkg']
[0.171s] Level 1:colcon.colcon_core.package_identification:_identify(src/slamnav_turtlebot) by extension 'colcon_pkg'
[0.171s] Level 1:colcon.colcon_core.package_identification:_identify(src/slamnav_turtlebot) by extensions ['colcon_meta']
[0.172s] Level 1:colcon.colcon_core.package_identification:_identify(src/slamnav_turtlebot) by extension 'colcon_meta'
[0.172s] Level 1:colcon.colcon_core.package_identification:_identify(src/slamnav_turtlebot) by extensions ['ros']
[0.172s] Level 1:colcon.colcon_core.package_identification:_identify(src/slamnav_turtlebot) by extension 'ros'
[0.173s] DEBUG:colcon.colcon_core.package_identification:Package 'src/slamnav_turtlebot' with type 'ros.ament_python' and name 'slamnav_turtlebot'
[0.173s] Level 1:colcon.colcon_core.package_discovery:discover_packages(recursive) using defaults
[0.173s] Level 1:colcon.colcon_core.package_discovery:discover_packages(ignore) discover
[0.173s] Level 1:colcon.colcon_core.package_discovery:discover_packages(ignore) using defaults
[0.173s] Level 1:colcon.colcon_core.package_discovery:discover_packages(path) discover
[0.173s] Level 1:colcon.colcon_core.package_discovery:discover_packages(path) using defaults
[0.186s] Level 1:colcon.colcon_core.package_discovery:discover_packages(prefix_path) check parameters
[0.186s] Level 1:colcon.colcon_core.package_discovery:discover_packages(prefix_path) discover
[0.186s] Level 1:colcon.colcon_core.package_discovery:discover_packages(prefix_path) using defaults
[0.187s] Level 5:colcon.colcon_core.verb:set package 'slamnav_turtlebot' build argument 'cmake_args' from command line to 'None'
[0.187s] Level 5:colcon.colcon_core.verb:set package 'slamnav_turtlebot' build argument 'cmake_target' from command line to 'None'
[0.187s] Level 5:colcon.colcon_core.verb:set package 'slamnav_turtlebot' build argument 'cmake_target_skip_unavailable' from command line to 'False'
[0.187s] Level 5:colcon.colcon_core.verb:set package 'slamnav_turtlebot' build argument 'cmake_clean_cache' from command line to 'False'
[0.187s] Level 5:colcon.colcon_core.verb:set package 'slamnav_turtlebot' build argument 'cmake_clean_first' from command line to 'False'
[0.187s] Level 5:colcon.colcon_core.verb:set package 'slamnav_turtlebot' build argument 'cmake_force_configure' from command line to 'False'
[0.187s] Level 5:colcon.colcon_core.verb:set package 'slamnav_turtlebot' build argument 'ament_cmake_args' from command line to 'None'
[0.187s] Level 5:colcon.colcon_core.verb:set package 'slamnav_turtlebot' build argument 'catkin_cmake_args' from command line to 'None'
[0.187s] Level 5:colcon.colcon_core.verb:set package 'slamnav_turtlebot' build argument 'catkin_skip_building_tests' from command line to 'False'
[0.187s] DEBUG:colcon.colcon_core.verb:Building package 'slamnav_turtlebot' with the following arguments: {'ament_cmake_args': None, 'build_base': '/home/pierres/COURS/slamnav/build/slamnav_turtlebot', 'catkin_cmake_args': None, 'catkin_skip_building_tests': False, 'cmake_args': None, 'cmake_clean_cache': False, 'cmake_clean_first': False, 'cmake_force_configure': False, 'cmake_target': None, 'cmake_target_skip_unavailable': False, 'install_base': '/home/pierres/COURS/slamnav/install/slamnav_turtlebot', 'merge_install': False, 'path': '/home/pierres/COURS/slamnav/src/slamnav_turtlebot', 'symlink_install': False, 'test_result_base': None}
[0.187s] INFO:colcon.colcon_core.executor:Executing jobs using 'parallel' executor
[0.188s] DEBUG:colcon.colcon_parallel_executor.executor.parallel:run_until_complete
[0.188s] INFO:colcon.colcon_ros.task.ament_python.build:Building ROS package in '/home/pierres/COURS/slamnav/src/slamnav_turtlebot' with build type 'ament_python'
[0.188s] Level 1:colcon.colcon_core.shell:create_environment_hook('slamnav_turtlebot', 'ament_prefix_path')
[0.190s] INFO:colcon.colcon_core.plugin_system:Skipping extension 'colcon_core.shell.bat': Not used on non-Windows systems
[0.190s] INFO:colcon.colcon_core.shell:Creating environment hook '/home/pierres/COURS/slamnav/install/slamnav_turtlebot/share/slamnav_turtlebot/hook/ament_prefix_path.ps1'
[0.190s] INFO:colcon.colcon_core.shell:Creating environment descriptor '/home/pierres/COURS/slamnav/install/slamnav_turtlebot/share/slamnav_turtlebot/hook/ament_prefix_path.dsv'
[0.190s] INFO:colcon.colcon_core.shell:Creating environment hook '/home/pierres/COURS/slamnav/install/slamnav_turtlebot/share/slamnav_turtlebot/hook/ament_prefix_path.sh'
[0.191s] INFO:colcon.colcon_core.shell:Skip shell extension 'powershell' for command environment: Not usable outside of PowerShell
[0.191s] DEBUG:colcon.colcon_core.shell:Skip shell extension 'dsv' for command environment
[0.352s] INFO:colcon.colcon_core.task.python.build:Building Python package in '/home/pierres/COURS/slamnav/src/slamnav_turtlebot'
[0.353s] INFO:colcon.colcon_core.shell:Skip shell extension 'powershell' for command environment: Not usable outside of PowerShell
[0.353s] DEBUG:colcon.colcon_core.shell:Skip shell extension 'dsv' for command environment
[0.550s] DEBUG:colcon.colcon_core.event_handler.log_command:Invoking command in '/home/pierres/COURS/slamnav/src/slamnav_turtlebot': PYTHONPATH=/home/pierres/COURS/slamnav/build/slamnav_turtlebot/prefix_override:/usr/lib/python3/dist-packages/colcon_core/task/python/colcon_distutils_commands:/home/pierres/COURS/slamnav/install/slamnav_turtlebot/lib/python3.10/site-packages: /usr/bin/python3 -W ignore:setup.py install is deprecated setup.py egg_info --egg-base ../../build/slamnav_turtlebot build --build-base /home/pierres/COURS/slamnav/build/slamnav_turtlebot/build install --record /home/pierres/COURS/slamnav/build/slamnav_turtlebot/install.log --install-scripts $base/lib/slamnav_turtlebot --single-version-externally-managed install_data
[0.716s] DEBUG:colcon.colcon_core.event_handler.log_command:Invoked command in '/home/pierres/COURS/slamnav/src/slamnav_turtlebot' returned '0': PYTHONPATH=/home/pierres/COURS/slamnav/build/slamnav_turtlebot/prefix_override:/usr/lib/python3/dist-packages/colcon_core/task/python/colcon_distutils_commands:/home/pierres/COURS/slamnav/install/slamnav_turtlebot/lib/python3.10/site-packages: /usr/bin/python3 -W ignore:setup.py install is deprecated setup.py egg_info --egg-base ../../build/slamnav_turtlebot build --build-base /home/pierres/COURS/slamnav/build/slamnav_turtlebot/build install --record /home/pierres/COURS/slamnav/build/slamnav_turtlebot/install.log --install-scripts $base/lib/slamnav_turtlebot --single-version-externally-managed install_data
[0.717s] Level 1:colcon.colcon_core.environment:checking '/home/pierres/COURS/slamnav/install/slamnav_turtlebot' for CMake module files
[0.717s] Level 1:colcon.colcon_core.environment:checking '/home/pierres/COURS/slamnav/install/slamnav_turtlebot' for CMake config files
[0.718s] Level 1:colcon.colcon_core.environment:checking '/home/pierres/COURS/slamnav/install/slamnav_turtlebot/lib'
[0.718s] Level 1:colcon.colcon_core.environment:checking '/home/pierres/COURS/slamnav/install/slamnav_turtlebot/bin'
[0.718s] Level 1:colcon.colcon_core.environment:checking '/home/pierres/COURS/slamnav/install/slamnav_turtlebot/lib/pkgconfig/slamnav_turtlebot.pc'
[0.718s] Level 1:colcon.colcon_core.environment:checking '/home/pierres/COURS/slamnav/install/slamnav_turtlebot/lib/python3.10/site-packages'
[0.718s] Level 1:colcon.colcon_core.shell:create_environment_hook('slamnav_turtlebot', 'pythonpath')
[0.718s] INFO:colcon.colcon_core.shell:Creating environment hook '/home/pierres/COURS/slamnav/install/slamnav_turtlebot/share/slamnav_turtlebot/hook/pythonpath.ps1'
[0.718s] INFO:colcon.colcon_core.shell:Creating environment descriptor '/home/pierres/COURS/slamnav/install/slamnav_turtlebot/share/slamnav_turtlebot/hook/pythonpath.dsv'
[0.719s] INFO:colcon.colcon_core.shell:Creating environment hook '/home/pierres/COURS/slamnav/install/slamnav_turtlebot/share/slamnav_turtlebot/hook/pythonpath.sh'
[0.719s] Level 1:colcon.colcon_core.environment:checking '/home/pierres/COURS/slamnav/install/slamnav_turtlebot/bin'
[0.719s] Level 1:colcon.colcon_core.environment:create_environment_scripts_only(slamnav_turtlebot)
[0.719s] INFO:colcon.colcon_core.shell:Creating package script '/home/pierres/COURS/slamnav/install/slamnav_turtlebot/share/slamnav_turtlebot/package.ps1'
[0.720s] INFO:colcon.colcon_core.shell:Creating package descriptor '/home/pierres/COURS/slamnav/install/slamnav_turtlebot/share/slamnav_turtlebot/package.dsv'
[0.720s] INFO:colcon.colcon_core.shell:Creating package script '/home/pierres/COURS/slamnav/install/slamnav_turtlebot/share/slamnav_turtlebot/package.sh'
[0.720s] INFO:colcon.colcon_core.shell:Creating package script '/home/pierres/COURS/slamnav/install/slamnav_turtlebot/share/slamnav_turtlebot/package.bash'
[0.721s] INFO:colcon.colcon_core.shell:Creating package script '/home/pierres/COURS/slamnav/install/slamnav_turtlebot/share/slamnav_turtlebot/package.zsh'
[0.721s] Level 1:colcon.colcon_core.environment:create_file_with_runtime_dependencies(/home/pierres/COURS/slamnav/install/slamnav_turtlebot/share/colcon-core/packages/slamnav_turtlebot)
[0.721s] DEBUG:colcon.colcon_parallel_executor.executor.parallel:closing loop
[0.721s] DEBUG:colcon.colcon_parallel_executor.executor.parallel:loop closed
[0.721s] DEBUG:colcon.colcon_parallel_executor.executor.parallel:run_until_complete finished with '0'
[0.721s] DEBUG:colcon.colcon_core.event_reactor:joining thread
[0.725s] INFO:colcon.colcon_core.plugin_system:Skipping extension 'colcon_notification.desktop_notification.terminal_notifier': Not used on non-Darwin systems
[0.725s] INFO:colcon.colcon_core.plugin_system:Skipping extension 'colcon_notification.desktop_notification.win32': Not used on non-Windows systems
[0.725s] INFO:colcon.colcon_notification.desktop_notification:Sending desktop notification using 'notify2'
[0.741s] DEBUG:colcon.colcon_core.event_reactor:joined thread
[0.741s] INFO:colcon.colcon_core.shell:Creating prefix script '/home/pierres/COURS/slamnav/install/local_setup.ps1'
[0.742s] INFO:colcon.colcon_core.shell:Creating prefix util module '/home/pierres/COURS/slamnav/install/_local_setup_util_ps1.py'
[0.742s] INFO:colcon.colcon_core.shell:Creating prefix chain script '/home/pierres/COURS/slamnav/install/setup.ps1'
[0.743s] INFO:colcon.colcon_core.shell:Creating prefix script '/home/pierres/COURS/slamnav/install/local_setup.sh'
[0.743s] INFO:colcon.colcon_core.shell:Creating prefix util module '/home/pierres/COURS/slamnav/install/_local_setup_util_sh.py'
[0.743s] INFO:colcon.colcon_core.shell:Creating prefix chain script '/home/pierres/COURS/slamnav/install/setup.sh'
[0.744s] INFO:colcon.colcon_core.shell:Creating prefix script '/home/pierres/COURS/slamnav/install/local_setup.bash'
[0.744s] INFO:colcon.colcon_core.shell:Creating prefix chain script '/home/pierres/COURS/slamnav/install/setup.bash'
[0.745s] INFO:colcon.colcon_core.shell:Creating prefix script '/home/pierres/COURS/slamnav/install/local_setup.zsh'
[0.745s] INFO:colcon.colcon_core.shell:Creating prefix chain script '/home/pierres/COURS/slamnav/install/setup.zsh'
