[0.145s] Invoking command in '/home/pierres/COURS/slamnav/build/nav2_navfn_planner': AMENT_PREFIX_PATH=/home/pierres/COURS/slamnav/install/nav2_core:/home/pierres/COURS/slamnav/install/nav2_costmap_2d:/home/pierres/COURS/slamnav/install/nav2_map_server:/home/pierres/COURS/slamnav/install/nav2_lifecycle_manager:/home/pierres/COURS/slamnav/install/nav2_util:/home/pierres/COURS/slamnav/install/nav2_voxel_grid:/home/pierres/COURS/slamnav/install/nav2_msgs:/home/pierres/COURS/slamnav/install/nav2_common CMAKE_PREFIX_PATH=/home/pierres/COURS/slamnav/install/nav2_core:/home/pierres/COURS/slamnav/install/nav2_costmap_2d:/home/pierres/COURS/slamnav/install/nav2_map_server:/home/pierres/COURS/slamnav/install/nav2_lifecycle_manager:/home/pierres/COURS/slamnav/install/nav2_util:/home/pierres/COURS/slamnav/install/nav2_voxel_grid:/home/pierres/COURS/slamnav/install/nav2_msgs:/home/pierres/COURS/slamnav/install/nav2_common LD_LIBRARY_PATH=/home/pierres/COURS/slamnav/install/nav2_costmap_2d/lib:/home/pierres/COURS/slamnav/install/nav2_map_server/lib:/home/pierres/COURS/slamnav/install/nav2_lifecycle_manager/lib:/home/pierres/COURS/slamnav/install/nav2_util/lib:/home/pierres/COURS/slamnav/install/nav2_voxel_grid/lib:/home/pierres/COURS/slamnav/install/nav2_msgs/lib PYTHONPATH=/home/pierres/COURS/slamnav/install/nav2_msgs/local/lib/python3.10/dist-packages:/home/pierres/COURS/slamnav/install/nav2_common/local/lib/python3.10/dist-packages /usr/bin/cmake --build /home/pierres/COURS/slamnav/build/nav2_navfn_planner -- -j16 -l16
[0.213s] [ 22%] Built target gtest_main
[0.214s] [ 55%] Built target nav2_navfn_planner
[0.229s] [ 77%] Built target gtest
[0.285s] [100%] Built target test_dynamic_parameters
[0.361s] Invoked command in '/home/pierres/COURS/slamnav/build/nav2_navfn_planner' returned '0': AMENT_PREFIX_PATH=/home/pierres/COURS/slamnav/install/nav2_core:/home/pierres/COURS/slamnav/install/nav2_costmap_2d:/home/pierres/COURS/slamnav/install/nav2_map_server:/home/pierres/COURS/slamnav/install/nav2_lifecycle_manager:/home/pierres/COURS/slamnav/install/nav2_util:/home/pierres/COURS/slamnav/install/nav2_voxel_grid:/home/pierres/COURS/slamnav/install/nav2_msgs:/home/pierres/COURS/slamnav/install/nav2_common CMAKE_PREFIX_PATH=/home/pierres/COURS/slamnav/install/nav2_core:/home/pierres/COURS/slamnav/install/nav2_costmap_2d:/home/pierres/COURS/slamnav/install/nav2_map_server:/home/pierres/COURS/slamnav/install/nav2_lifecycle_manager:/home/pierres/COURS/slamnav/install/nav2_util:/home/pierres/COURS/slamnav/install/nav2_voxel_grid:/home/pierres/COURS/slamnav/install/nav2_msgs:/home/pierres/COURS/slamnav/install/nav2_common LD_LIBRARY_PATH=/home/pierres/COURS/slamnav/install/nav2_costmap_2d/lib:/home/pierres/COURS/slamnav/install/nav2_map_server/lib:/home/pierres/COURS/slamnav/install/nav2_lifecycle_manager/lib:/home/pierres/COURS/slamnav/install/nav2_util/lib:/home/pierres/COURS/slamnav/install/nav2_voxel_grid/lib:/home/pierres/COURS/slamnav/install/nav2_msgs/lib PYTHONPATH=/home/pierres/COURS/slamnav/install/nav2_msgs/local/lib/python3.10/dist-packages:/home/pierres/COURS/slamnav/install/nav2_common/local/lib/python3.10/dist-packages /usr/bin/cmake --build /home/pierres/COURS/slamnav/build/nav2_navfn_planner -- -j16 -l16
[0.426s] Invoking command in '/home/pierres/COURS/slamnav/build/nav2_navfn_planner': AMENT_PREFIX_PATH=/home/pierres/COURS/slamnav/install/nav2_core:/home/pierres/COURS/slamnav/install/nav2_costmap_2d:/home/pierres/COURS/slamnav/install/nav2_map_server:/home/pierres/COURS/slamnav/install/nav2_lifecycle_manager:/home/pierres/COURS/slamnav/install/nav2_util:/home/pierres/COURS/slamnav/install/nav2_voxel_grid:/home/pierres/COURS/slamnav/install/nav2_msgs:/home/pierres/COURS/slamnav/install/nav2_common CMAKE_PREFIX_PATH=/home/pierres/COURS/slamnav/install/nav2_core:/home/pierres/COURS/slamnav/install/nav2_costmap_2d:/home/pierres/COURS/slamnav/install/nav2_map_server:/home/pierres/COURS/slamnav/install/nav2_lifecycle_manager:/home/pierres/COURS/slamnav/install/nav2_util:/home/pierres/COURS/slamnav/install/nav2_voxel_grid:/home/pierres/COURS/slamnav/install/nav2_msgs:/home/pierres/COURS/slamnav/install/nav2_common LD_LIBRARY_PATH=/home/pierres/COURS/slamnav/install/nav2_costmap_2d/lib:/home/pierres/COURS/slamnav/install/nav2_map_server/lib:/home/pierres/COURS/slamnav/install/nav2_lifecycle_manager/lib:/home/pierres/COURS/slamnav/install/nav2_util/lib:/home/pierres/COURS/slamnav/install/nav2_voxel_grid/lib:/home/pierres/COURS/slamnav/install/nav2_msgs/lib PYTHONPATH=/home/pierres/COURS/slamnav/install/nav2_msgs/local/lib/python3.10/dist-packages:/home/pierres/COURS/slamnav/install/nav2_common/local/lib/python3.10/dist-packages /usr/bin/cmake --install /home/pierres/COURS/slamnav/build/nav2_navfn_planner
[0.455s] -- Install configuration: "Humble"
[0.456s] -- Execute custom install script
[0.456s] -- Up-to-date symlink: /home/pierres/COURS/slamnav/install/nav2_navfn_planner/share/nav2_navfn_planner//global_planner_plugin.xml
[0.456s] -- Up-to-date symlink: /home/pierres/COURS/slamnav/install/nav2_navfn_planner/lib/libnav2_navfn_planner.so
[0.456s] -- Up-to-date symlink: /home/pierres/COURS/slamnav/install/nav2_navfn_planner/include//nav2_navfn_planner/navfn.hpp
[0.456s] -- Up-to-date symlink: /home/pierres/COURS/slamnav/install/nav2_navfn_planner/include//nav2_navfn_planner/navfn_planner.hpp
[0.456s] -- Up-to-date symlink: /home/pierres/COURS/slamnav/install/nav2_navfn_planner/share/nav2_navfn_planner/global_planner_plugin.xml
[0.456s] -- Up-to-date symlink: /home/pierres/COURS/slamnav/install/nav2_navfn_planner/share/nav2_navfn_planner/environment/library_path.sh
[0.456s] -- Up-to-date symlink: /home/pierres/COURS/slamnav/install/nav2_navfn_planner/share/nav2_navfn_planner/environment/library_path.dsv
[0.456s] -- Up-to-date symlink: /home/pierres/COURS/slamnav/install/nav2_navfn_planner/share/ament_index/resource_index/package_run_dependencies/nav2_navfn_planner
[0.456s] -- Up-to-date symlink: /home/pierres/COURS/slamnav/install/nav2_navfn_planner/share/ament_index/resource_index/parent_prefix_path/nav2_navfn_planner
[0.457s] -- Up-to-date symlink: /home/pierres/COURS/slamnav/install/nav2_navfn_planner/share/nav2_navfn_planner/environment/ament_prefix_path.sh
[0.457s] -- Up-to-date symlink: /home/pierres/COURS/slamnav/install/nav2_navfn_planner/share/nav2_navfn_planner/environment/ament_prefix_path.dsv
[0.457s] -- Up-to-date symlink: /home/pierres/COURS/slamnav/install/nav2_navfn_planner/share/nav2_navfn_planner/environment/path.sh
[0.457s] -- Up-to-date symlink: /home/pierres/COURS/slamnav/install/nav2_navfn_planner/share/nav2_navfn_planner/environment/path.dsv
[0.457s] -- Up-to-date symlink: /home/pierres/COURS/slamnav/install/nav2_navfn_planner/share/nav2_navfn_planner/local_setup.bash
[0.457s] -- Up-to-date symlink: /home/pierres/COURS/slamnav/install/nav2_navfn_planner/share/nav2_navfn_planner/local_setup.sh
[0.457s] -- Up-to-date symlink: /home/pierres/COURS/slamnav/install/nav2_navfn_planner/share/nav2_navfn_planner/local_setup.zsh
[0.457s] -- Up-to-date symlink: /home/pierres/COURS/slamnav/install/nav2_navfn_planner/share/nav2_navfn_planner/local_setup.dsv
[0.457s] -- Symlinking: /home/pierres/COURS/slamnav/install/nav2_navfn_planner/share/nav2_navfn_planner/package.dsv
[0.457s] -- Up-to-date symlink: /home/pierres/COURS/slamnav/install/nav2_navfn_planner/share/ament_index/resource_index/packages/nav2_navfn_planner
[0.457s] -- Up-to-date symlink: /home/pierres/COURS/slamnav/install/nav2_navfn_planner/share/ament_index/resource_index/nav2_core__pluginlib__plugin/nav2_navfn_planner
[0.458s] -- Up-to-date symlink: /home/pierres/COURS/slamnav/install/nav2_navfn_planner/share/nav2_navfn_planner/cmake/ament_cmake_export_include_directories-extras.cmake
[0.458s] -- Up-to-date symlink: /home/pierres/COURS/slamnav/install/nav2_navfn_planner/share/nav2_navfn_planner/cmake/ament_cmake_export_libraries-extras.cmake
[0.458s] -- Up-to-date symlink: /home/pierres/COURS/slamnav/install/nav2_navfn_planner/share/nav2_navfn_planner/cmake/ament_cmake_export_dependencies-extras.cmake
[0.458s] -- Up-to-date symlink: /home/pierres/COURS/slamnav/install/nav2_navfn_planner/share/nav2_navfn_planner/cmake/nav2_navfn_plannerConfig.cmake
[0.458s] -- Up-to-date symlink: /home/pierres/COURS/slamnav/install/nav2_navfn_planner/share/nav2_navfn_planner/cmake/nav2_navfn_plannerConfig-version.cmake
[0.458s] -- Up-to-date symlink: /home/pierres/COURS/slamnav/install/nav2_navfn_planner/share/nav2_navfn_planner/package.xml
[0.486s] Invoked command in '/home/pierres/COURS/slamnav/build/nav2_navfn_planner' returned '0': AMENT_PREFIX_PATH=/home/pierres/COURS/slamnav/install/nav2_core:/home/pierres/COURS/slamnav/install/nav2_costmap_2d:/home/pierres/COURS/slamnav/install/nav2_map_server:/home/pierres/COURS/slamnav/install/nav2_lifecycle_manager:/home/pierres/COURS/slamnav/install/nav2_util:/home/pierres/COURS/slamnav/install/nav2_voxel_grid:/home/pierres/COURS/slamnav/install/nav2_msgs:/home/pierres/COURS/slamnav/install/nav2_common CMAKE_PREFIX_PATH=/home/pierres/COURS/slamnav/install/nav2_core:/home/pierres/COURS/slamnav/install/nav2_costmap_2d:/home/pierres/COURS/slamnav/install/nav2_map_server:/home/pierres/COURS/slamnav/install/nav2_lifecycle_manager:/home/pierres/COURS/slamnav/install/nav2_util:/home/pierres/COURS/slamnav/install/nav2_voxel_grid:/home/pierres/COURS/slamnav/install/nav2_msgs:/home/pierres/COURS/slamnav/install/nav2_common LD_LIBRARY_PATH=/home/pierres/COURS/slamnav/install/nav2_costmap_2d/lib:/home/pierres/COURS/slamnav/install/nav2_map_server/lib:/home/pierres/COURS/slamnav/install/nav2_lifecycle_manager/lib:/home/pierres/COURS/slamnav/install/nav2_util/lib:/home/pierres/COURS/slamnav/install/nav2_voxel_grid/lib:/home/pierres/COURS/slamnav/install/nav2_msgs/lib PYTHONPATH=/home/pierres/COURS/slamnav/install/nav2_msgs/local/lib/python3.10/dist-packages:/home/pierres/COURS/slamnav/install/nav2_common/local/lib/python3.10/dist-packages /usr/bin/cmake --install /home/pierres/COURS/slamnav/build/nav2_navfn_planner
