[0.071s] Invoking command in '/home/pierres/COURS/slamnav/build/nav2_bt_navigator': AMENT_PREFIX_PATH=/home/pierres/COURS/slamnav/install/nav2_core:/home/pierres/COURS/slamnav/install/nav2_costmap_2d:/home/pierres/COURS/slamnav/install/nav2_map_server:/home/pierres/COURS/slamnav/install/nav2_lifecycle_manager:/home/pierres/COURS/slamnav/install/nav2_behavior_tree:/home/pierres/COURS/slamnav/install/nav2_util:/home/pierres/COURS/slamnav/install/nav2_voxel_grid:/home/pierres/COURS/slamnav/install/nav2_msgs:/home/pierres/COURS/slamnav/install/nav2_common CMAKE_PREFIX_PATH=/home/pierres/COURS/slamnav/install/nav2_core:/home/pierres/COURS/slamnav/install/nav2_costmap_2d:/home/pierres/COURS/slamnav/install/nav2_map_server:/home/pierres/COURS/slamnav/install/nav2_lifecycle_manager:/home/pierres/COURS/slamnav/install/nav2_behavior_tree:/home/pierres/COURS/slamnav/install/nav2_util:/home/pierres/COURS/slamnav/install/nav2_voxel_grid:/home/pierres/COURS/slamnav/install/nav2_msgs:/home/pierres/COURS/slamnav/install/nav2_common LD_LIBRARY_PATH=/home/pierres/COURS/slamnav/install/nav2_costmap_2d/lib:/home/pierres/COURS/slamnav/install/nav2_map_server/lib:/home/pierres/COURS/slamnav/install/nav2_lifecycle_manager/lib:/home/pierres/COURS/slamnav/install/nav2_behavior_tree/lib:/home/pierres/COURS/slamnav/install/nav2_util/lib:/home/pierres/COURS/slamnav/install/nav2_voxel_grid/lib:/home/pierres/COURS/slamnav/install/nav2_msgs/lib PYTHONPATH=/home/pierres/COURS/slamnav/install/nav2_msgs/local/lib/python3.10/dist-packages:/home/pierres/COURS/slamnav/install/nav2_common/local/lib/python3.10/dist-packages /usr/bin/cmake --build /home/pierres/COURS/slamnav/build/nav2_bt_navigator -- -j16 -l16
[0.177s] [ 66%] Built target bt_navigator_core
[0.247s] [100%] Built target bt_navigator
[0.359s] Invoked command in '/home/pierres/COURS/slamnav/build/nav2_bt_navigator' returned '0': AMENT_PREFIX_PATH=/home/pierres/COURS/slamnav/install/nav2_core:/home/pierres/COURS/slamnav/install/nav2_costmap_2d:/home/pierres/COURS/slamnav/install/nav2_map_server:/home/pierres/COURS/slamnav/install/nav2_lifecycle_manager:/home/pierres/COURS/slamnav/install/nav2_behavior_tree:/home/pierres/COURS/slamnav/install/nav2_util:/home/pierres/COURS/slamnav/install/nav2_voxel_grid:/home/pierres/COURS/slamnav/install/nav2_msgs:/home/pierres/COURS/slamnav/install/nav2_common CMAKE_PREFIX_PATH=/home/pierres/COURS/slamnav/install/nav2_core:/home/pierres/COURS/slamnav/install/nav2_costmap_2d:/home/pierres/COURS/slamnav/install/nav2_map_server:/home/pierres/COURS/slamnav/install/nav2_lifecycle_manager:/home/pierres/COURS/slamnav/install/nav2_behavior_tree:/home/pierres/COURS/slamnav/install/nav2_util:/home/pierres/COURS/slamnav/install/nav2_voxel_grid:/home/pierres/COURS/slamnav/install/nav2_msgs:/home/pierres/COURS/slamnav/install/nav2_common LD_LIBRARY_PATH=/home/pierres/COURS/slamnav/install/nav2_costmap_2d/lib:/home/pierres/COURS/slamnav/install/nav2_map_server/lib:/home/pierres/COURS/slamnav/install/nav2_lifecycle_manager/lib:/home/pierres/COURS/slamnav/install/nav2_behavior_tree/lib:/home/pierres/COURS/slamnav/install/nav2_util/lib:/home/pierres/COURS/slamnav/install/nav2_voxel_grid/lib:/home/pierres/COURS/slamnav/install/nav2_msgs/lib PYTHONPATH=/home/pierres/COURS/slamnav/install/nav2_msgs/local/lib/python3.10/dist-packages:/home/pierres/COURS/slamnav/install/nav2_common/local/lib/python3.10/dist-packages /usr/bin/cmake --build /home/pierres/COURS/slamnav/build/nav2_bt_navigator -- -j16 -l16
[0.401s] Invoking command in '/home/pierres/COURS/slamnav/build/nav2_bt_navigator': AMENT_PREFIX_PATH=/home/pierres/COURS/slamnav/install/nav2_core:/home/pierres/COURS/slamnav/install/nav2_costmap_2d:/home/pierres/COURS/slamnav/install/nav2_map_server:/home/pierres/COURS/slamnav/install/nav2_lifecycle_manager:/home/pierres/COURS/slamnav/install/nav2_behavior_tree:/home/pierres/COURS/slamnav/install/nav2_util:/home/pierres/COURS/slamnav/install/nav2_voxel_grid:/home/pierres/COURS/slamnav/install/nav2_msgs:/home/pierres/COURS/slamnav/install/nav2_common CMAKE_PREFIX_PATH=/home/pierres/COURS/slamnav/install/nav2_core:/home/pierres/COURS/slamnav/install/nav2_costmap_2d:/home/pierres/COURS/slamnav/install/nav2_map_server:/home/pierres/COURS/slamnav/install/nav2_lifecycle_manager:/home/pierres/COURS/slamnav/install/nav2_behavior_tree:/home/pierres/COURS/slamnav/install/nav2_util:/home/pierres/COURS/slamnav/install/nav2_voxel_grid:/home/pierres/COURS/slamnav/install/nav2_msgs:/home/pierres/COURS/slamnav/install/nav2_common LD_LIBRARY_PATH=/home/pierres/COURS/slamnav/install/nav2_costmap_2d/lib:/home/pierres/COURS/slamnav/install/nav2_map_server/lib:/home/pierres/COURS/slamnav/install/nav2_lifecycle_manager/lib:/home/pierres/COURS/slamnav/install/nav2_behavior_tree/lib:/home/pierres/COURS/slamnav/install/nav2_util/lib:/home/pierres/COURS/slamnav/install/nav2_voxel_grid/lib:/home/pierres/COURS/slamnav/install/nav2_msgs/lib PYTHONPATH=/home/pierres/COURS/slamnav/install/nav2_msgs/local/lib/python3.10/dist-packages:/home/pierres/COURS/slamnav/install/nav2_common/local/lib/python3.10/dist-packages /usr/bin/cmake --install /home/pierres/COURS/slamnav/build/nav2_bt_navigator
[0.412s] -- Install configuration: "Humble"
[0.412s] -- Execute custom install script
[0.413s] -- Up-to-date symlink: /home/pierres/COURS/slamnav/install/nav2_bt_navigator/lib/libbt_navigator_core.so
[0.413s] -- Up-to-date symlink: /home/pierres/COURS/slamnav/install/nav2_bt_navigator/lib/nav2_bt_navigator/bt_navigator
[0.413s] -- Up-to-date symlink: /home/pierres/COURS/slamnav/install/nav2_bt_navigator/include//nav2_bt_navigator/bt_navigator.hpp
[0.413s] -- Up-to-date symlink: /home/pierres/COURS/slamnav/install/nav2_bt_navigator/include//nav2_bt_navigator/navigator.hpp
[0.413s] -- Up-to-date symlink: /home/pierres/COURS/slamnav/install/nav2_bt_navigator/include//nav2_bt_navigator/navigators/navigate_through_poses.hpp
[0.413s] -- Up-to-date symlink: /home/pierres/COURS/slamnav/install/nav2_bt_navigator/include//nav2_bt_navigator/navigators/navigate_to_pose.hpp
[0.413s] -- Up-to-date symlink: /home/pierres/COURS/slamnav/install/nav2_bt_navigator/share/nav2_bt_navigator/behavior_trees/follow_point.xml
[0.413s] -- Up-to-date symlink: /home/pierres/COURS/slamnav/install/nav2_bt_navigator/share/nav2_bt_navigator/behavior_trees/nav_to_pose_with_consistent_replanning_and_if_path_becomes_invalid.xml
[0.413s] -- Up-to-date symlink: /home/pierres/COURS/slamnav/install/nav2_bt_navigator/share/nav2_bt_navigator/behavior_trees/navigate_through_poses_w_replanning_and_recovery.xml
[0.413s] -- Up-to-date symlink: /home/pierres/COURS/slamnav/install/nav2_bt_navigator/share/nav2_bt_navigator/behavior_trees/navigate_to_pose_w_replanning_and_recovery.xml
[0.414s] -- Up-to-date symlink: /home/pierres/COURS/slamnav/install/nav2_bt_navigator/share/nav2_bt_navigator/behavior_trees/navigate_to_pose_w_replanning_goal_patience_and_recovery.xml
[0.414s] -- Up-to-date symlink: /home/pierres/COURS/slamnav/install/nav2_bt_navigator/share/nav2_bt_navigator/behavior_trees/navigate_w_recovery_and_replanning_only_if_path_becomes_invalid.xml
[0.414s] -- Up-to-date symlink: /home/pierres/COURS/slamnav/install/nav2_bt_navigator/share/nav2_bt_navigator/behavior_trees/navigate_w_replanning_distance.xml
[0.414s] -- Up-to-date symlink: /home/pierres/COURS/slamnav/install/nav2_bt_navigator/share/nav2_bt_navigator/behavior_trees/navigate_w_replanning_only_if_goal_is_updated.xml
[0.414s] -- Up-to-date symlink: /home/pierres/COURS/slamnav/install/nav2_bt_navigator/share/nav2_bt_navigator/behavior_trees/navigate_w_replanning_only_if_path_becomes_invalid.xml
[0.414s] -- Up-to-date symlink: /home/pierres/COURS/slamnav/install/nav2_bt_navigator/share/nav2_bt_navigator/behavior_trees/navigate_w_replanning_speed.xml
[0.414s] -- Up-to-date symlink: /home/pierres/COURS/slamnav/install/nav2_bt_navigator/share/nav2_bt_navigator/behavior_trees/navigate_w_replanning_time.xml
[0.414s] -- Up-to-date symlink: /home/pierres/COURS/slamnav/install/nav2_bt_navigator/share/nav2_bt_navigator/behavior_trees/odometry_calibration.xml
[0.414s] -- Up-to-date symlink: /home/pierres/COURS/slamnav/install/nav2_bt_navigator/share/nav2_bt_navigator/environment/library_path.sh
[0.414s] -- Up-to-date symlink: /home/pierres/COURS/slamnav/install/nav2_bt_navigator/share/nav2_bt_navigator/environment/library_path.dsv
[0.414s] -- Up-to-date symlink: /home/pierres/COURS/slamnav/install/nav2_bt_navigator/share/ament_index/resource_index/package_run_dependencies/nav2_bt_navigator
[0.414s] -- Up-to-date symlink: /home/pierres/COURS/slamnav/install/nav2_bt_navigator/share/ament_index/resource_index/parent_prefix_path/nav2_bt_navigator
[0.414s] -- Up-to-date symlink: /home/pierres/COURS/slamnav/install/nav2_bt_navigator/share/nav2_bt_navigator/environment/ament_prefix_path.sh
[0.414s] -- Up-to-date symlink: /home/pierres/COURS/slamnav/install/nav2_bt_navigator/share/nav2_bt_navigator/environment/ament_prefix_path.dsv
[0.414s] -- Up-to-date symlink: /home/pierres/COURS/slamnav/install/nav2_bt_navigator/share/nav2_bt_navigator/environment/path.sh
[0.414s] -- Up-to-date symlink: /home/pierres/COURS/slamnav/install/nav2_bt_navigator/share/nav2_bt_navigator/environment/path.dsv
[0.414s] -- Up-to-date symlink: /home/pierres/COURS/slamnav/install/nav2_bt_navigator/share/nav2_bt_navigator/local_setup.bash
[0.414s] -- Up-to-date symlink: /home/pierres/COURS/slamnav/install/nav2_bt_navigator/share/nav2_bt_navigator/local_setup.sh
[0.415s] -- Up-to-date symlink: /home/pierres/COURS/slamnav/install/nav2_bt_navigator/share/nav2_bt_navigator/local_setup.zsh
[0.415s] -- Up-to-date symlink: /home/pierres/COURS/slamnav/install/nav2_bt_navigator/share/nav2_bt_navigator/local_setup.dsv
[0.415s] -- Symlinking: /home/pierres/COURS/slamnav/install/nav2_bt_navigator/share/nav2_bt_navigator/package.dsv
[0.425s] -- Up-to-date symlink: /home/pierres/COURS/slamnav/install/nav2_bt_navigator/share/ament_index/resource_index/packages/nav2_bt_navigator
[0.426s] -- Up-to-date symlink: /home/pierres/COURS/slamnav/install/nav2_bt_navigator/share/ament_index/resource_index/rclcpp_components/nav2_bt_navigator
[0.426s] -- Up-to-date symlink: /home/pierres/COURS/slamnav/install/nav2_bt_navigator/share/nav2_bt_navigator/cmake/ament_cmake_export_include_directories-extras.cmake
[0.426s] -- Up-to-date symlink: /home/pierres/COURS/slamnav/install/nav2_bt_navigator/share/nav2_bt_navigator/cmake/ament_cmake_export_libraries-extras.cmake
[0.426s] -- Up-to-date symlink: /home/pierres/COURS/slamnav/install/nav2_bt_navigator/share/nav2_bt_navigator/cmake/ament_cmake_export_dependencies-extras.cmake
[0.426s] -- Up-to-date symlink: /home/pierres/COURS/slamnav/install/nav2_bt_navigator/share/nav2_bt_navigator/cmake/nav2_bt_navigatorConfig.cmake
[0.426s] -- Up-to-date symlink: /home/pierres/COURS/slamnav/install/nav2_bt_navigator/share/nav2_bt_navigator/cmake/nav2_bt_navigatorConfig-version.cmake
[0.426s] -- Up-to-date symlink: /home/pierres/COURS/slamnav/install/nav2_bt_navigator/share/nav2_bt_navigator/package.xml
[0.474s] Invoked command in '/home/pierres/COURS/slamnav/build/nav2_bt_navigator' returned '0': AMENT_PREFIX_PATH=/home/pierres/COURS/slamnav/install/nav2_core:/home/pierres/COURS/slamnav/install/nav2_costmap_2d:/home/pierres/COURS/slamnav/install/nav2_map_server:/home/pierres/COURS/slamnav/install/nav2_lifecycle_manager:/home/pierres/COURS/slamnav/install/nav2_behavior_tree:/home/pierres/COURS/slamnav/install/nav2_util:/home/pierres/COURS/slamnav/install/nav2_voxel_grid:/home/pierres/COURS/slamnav/install/nav2_msgs:/home/pierres/COURS/slamnav/install/nav2_common CMAKE_PREFIX_PATH=/home/pierres/COURS/slamnav/install/nav2_core:/home/pierres/COURS/slamnav/install/nav2_costmap_2d:/home/pierres/COURS/slamnav/install/nav2_map_server:/home/pierres/COURS/slamnav/install/nav2_lifecycle_manager:/home/pierres/COURS/slamnav/install/nav2_behavior_tree:/home/pierres/COURS/slamnav/install/nav2_util:/home/pierres/COURS/slamnav/install/nav2_voxel_grid:/home/pierres/COURS/slamnav/install/nav2_msgs:/home/pierres/COURS/slamnav/install/nav2_common LD_LIBRARY_PATH=/home/pierres/COURS/slamnav/install/nav2_costmap_2d/lib:/home/pierres/COURS/slamnav/install/nav2_map_server/lib:/home/pierres/COURS/slamnav/install/nav2_lifecycle_manager/lib:/home/pierres/COURS/slamnav/install/nav2_behavior_tree/lib:/home/pierres/COURS/slamnav/install/nav2_util/lib:/home/pierres/COURS/slamnav/install/nav2_voxel_grid/lib:/home/pierres/COURS/slamnav/install/nav2_msgs/lib PYTHONPATH=/home/pierres/COURS/slamnav/install/nav2_msgs/local/lib/python3.10/dist-packages:/home/pierres/COURS/slamnav/install/nav2_common/local/lib/python3.10/dist-packages /usr/bin/cmake --install /home/pierres/COURS/slamnav/build/nav2_bt_navigator
