[0.099s] Invoking command in '/home/pierres/COURS/slamnav/build/nav2_controller': AMENT_PREFIX_PATH=/home/pierres/COURS/slamnav/install/nav2_core:/home/pierres/COURS/slamnav/install/nav2_costmap_2d:/home/pierres/COURS/slamnav/install/nav_2d_utils:/home/pierres/COURS/slamnav/install/nav2_map_server:/home/pierres/COURS/slamnav/install/nav2_lifecycle_manager:/home/pierres/COURS/slamnav/install/nav2_util:/home/pierres/COURS/slamnav/install/nav2_voxel_grid:/home/pierres/COURS/slamnav/install/nav2_msgs:/home/pierres/COURS/slamnav/install/nav_2d_msgs:/home/pierres/COURS/slamnav/install/nav2_common CMAKE_PREFIX_PATH=/home/pierres/COURS/slamnav/install/nav2_core:/home/pierres/COURS/slamnav/install/nav2_costmap_2d:/home/pierres/COURS/slamnav/install/nav_2d_utils:/home/pierres/COURS/slamnav/install/nav2_map_server:/home/pierres/COURS/slamnav/install/nav2_lifecycle_manager:/home/pierres/COURS/slamnav/install/nav2_util:/home/pierres/COURS/slamnav/install/nav2_voxel_grid:/home/pierres/COURS/slamnav/install/nav2_msgs:/home/pierres/COURS/slamnav/install/nav_2d_msgs:/home/pierres/COURS/slamnav/install/nav2_common LD_LIBRARY_PATH=/home/pierres/COURS/slamnav/install/nav2_costmap_2d/lib:/home/pierres/COURS/slamnav/install/nav_2d_utils/lib:/home/pierres/COURS/slamnav/install/nav2_map_server/lib:/home/pierres/COURS/slamnav/install/nav2_lifecycle_manager/lib:/home/pierres/COURS/slamnav/install/nav2_util/lib:/home/pierres/COURS/slamnav/install/nav2_voxel_grid/lib:/home/pierres/COURS/slamnav/install/nav2_msgs/lib:/home/pierres/COURS/slamnav/install/nav_2d_msgs/lib PYTHONPATH=/home/pierres/COURS/slamnav/install/nav2_msgs/local/lib/python3.10/dist-packages:/home/pierres/COURS/slamnav/install/nav_2d_msgs/local/lib/python3.10/dist-packages:/home/pierres/COURS/slamnav/install/nav2_common/local/lib/python3.10/dist-packages /usr/bin/cmake --build /home/pierres/COURS/slamnav/build/nav2_controller -- -j16 -l16
[0.179s] [  9%] Built target simple_progress_checker
[0.179s] [ 18%] Built target simple_goal_checker
[0.185s] [ 27%] Built target gtest_main
[0.185s] [ 36%] Built target controller_server_core
[0.189s] [ 45%] Built target gtest
[0.240s] [ 54%] Built target test_dynamic_parameters
[0.240s] [ 63%] Built target controller_server
[0.246s] [ 72%] Built target stopped_goal_checker
[0.250s] [ 81%] Built target pose_progress_checker
[0.311s] [ 90%] Built target gctest
[0.324s] [100%] Built target pctest
[0.386s] Invoked command in '/home/pierres/COURS/slamnav/build/nav2_controller' returned '0': AMENT_PREFIX_PATH=/home/pierres/COURS/slamnav/install/nav2_core:/home/pierres/COURS/slamnav/install/nav2_costmap_2d:/home/pierres/COURS/slamnav/install/nav_2d_utils:/home/pierres/COURS/slamnav/install/nav2_map_server:/home/pierres/COURS/slamnav/install/nav2_lifecycle_manager:/home/pierres/COURS/slamnav/install/nav2_util:/home/pierres/COURS/slamnav/install/nav2_voxel_grid:/home/pierres/COURS/slamnav/install/nav2_msgs:/home/pierres/COURS/slamnav/install/nav_2d_msgs:/home/pierres/COURS/slamnav/install/nav2_common CMAKE_PREFIX_PATH=/home/pierres/COURS/slamnav/install/nav2_core:/home/pierres/COURS/slamnav/install/nav2_costmap_2d:/home/pierres/COURS/slamnav/install/nav_2d_utils:/home/pierres/COURS/slamnav/install/nav2_map_server:/home/pierres/COURS/slamnav/install/nav2_lifecycle_manager:/home/pierres/COURS/slamnav/install/nav2_util:/home/pierres/COURS/slamnav/install/nav2_voxel_grid:/home/pierres/COURS/slamnav/install/nav2_msgs:/home/pierres/COURS/slamnav/install/nav_2d_msgs:/home/pierres/COURS/slamnav/install/nav2_common LD_LIBRARY_PATH=/home/pierres/COURS/slamnav/install/nav2_costmap_2d/lib:/home/pierres/COURS/slamnav/install/nav_2d_utils/lib:/home/pierres/COURS/slamnav/install/nav2_map_server/lib:/home/pierres/COURS/slamnav/install/nav2_lifecycle_manager/lib:/home/pierres/COURS/slamnav/install/nav2_util/lib:/home/pierres/COURS/slamnav/install/nav2_voxel_grid/lib:/home/pierres/COURS/slamnav/install/nav2_msgs/lib:/home/pierres/COURS/slamnav/install/nav_2d_msgs/lib PYTHONPATH=/home/pierres/COURS/slamnav/install/nav2_msgs/local/lib/python3.10/dist-packages:/home/pierres/COURS/slamnav/install/nav_2d_msgs/local/lib/python3.10/dist-packages:/home/pierres/COURS/slamnav/install/nav2_common/local/lib/python3.10/dist-packages /usr/bin/cmake --build /home/pierres/COURS/slamnav/build/nav2_controller -- -j16 -l16
[0.488s] Invoking command in '/home/pierres/COURS/slamnav/build/nav2_controller': AMENT_PREFIX_PATH=/home/pierres/COURS/slamnav/install/nav2_core:/home/pierres/COURS/slamnav/install/nav2_costmap_2d:/home/pierres/COURS/slamnav/install/nav_2d_utils:/home/pierres/COURS/slamnav/install/nav2_map_server:/home/pierres/COURS/slamnav/install/nav2_lifecycle_manager:/home/pierres/COURS/slamnav/install/nav2_util:/home/pierres/COURS/slamnav/install/nav2_voxel_grid:/home/pierres/COURS/slamnav/install/nav2_msgs:/home/pierres/COURS/slamnav/install/nav_2d_msgs:/home/pierres/COURS/slamnav/install/nav2_common CMAKE_PREFIX_PATH=/home/pierres/COURS/slamnav/install/nav2_core:/home/pierres/COURS/slamnav/install/nav2_costmap_2d:/home/pierres/COURS/slamnav/install/nav_2d_utils:/home/pierres/COURS/slamnav/install/nav2_map_server:/home/pierres/COURS/slamnav/install/nav2_lifecycle_manager:/home/pierres/COURS/slamnav/install/nav2_util:/home/pierres/COURS/slamnav/install/nav2_voxel_grid:/home/pierres/COURS/slamnav/install/nav2_msgs:/home/pierres/COURS/slamnav/install/nav_2d_msgs:/home/pierres/COURS/slamnav/install/nav2_common LD_LIBRARY_PATH=/home/pierres/COURS/slamnav/install/nav2_costmap_2d/lib:/home/pierres/COURS/slamnav/install/nav_2d_utils/lib:/home/pierres/COURS/slamnav/install/nav2_map_server/lib:/home/pierres/COURS/slamnav/install/nav2_lifecycle_manager/lib:/home/pierres/COURS/slamnav/install/nav2_util/lib:/home/pierres/COURS/slamnav/install/nav2_voxel_grid/lib:/home/pierres/COURS/slamnav/install/nav2_msgs/lib:/home/pierres/COURS/slamnav/install/nav_2d_msgs/lib PYTHONPATH=/home/pierres/COURS/slamnav/install/nav2_msgs/local/lib/python3.10/dist-packages:/home/pierres/COURS/slamnav/install/nav_2d_msgs/local/lib/python3.10/dist-packages:/home/pierres/COURS/slamnav/install/nav2_common/local/lib/python3.10/dist-packages /usr/bin/cmake --install /home/pierres/COURS/slamnav/build/nav2_controller
[0.532s] -- Install configuration: "Humble"
[0.533s] -- Execute custom install script
[0.533s] -- Up-to-date symlink: /home/pierres/COURS/slamnav/install/nav2_controller/lib/libsimple_progress_checker.so
[0.533s] -- Up-to-date symlink: /home/pierres/COURS/slamnav/install/nav2_controller/lib/libpose_progress_checker.so
[0.533s] -- Up-to-date symlink: /home/pierres/COURS/slamnav/install/nav2_controller/lib/libsimple_goal_checker.so
[0.533s] -- Up-to-date symlink: /home/pierres/COURS/slamnav/install/nav2_controller/lib/libstopped_goal_checker.so
[0.533s] -- Up-to-date symlink: /home/pierres/COURS/slamnav/install/nav2_controller/lib/libcontroller_server_core.so
[0.533s] -- Up-to-date symlink: /home/pierres/COURS/slamnav/install/nav2_controller/lib/nav2_controller/controller_server
[0.533s] -- Up-to-date symlink: /home/pierres/COURS/slamnav/install/nav2_controller/include//nav2_controller/controller_server.hpp
[0.533s] -- Up-to-date symlink: /home/pierres/COURS/slamnav/install/nav2_controller/include//nav2_controller/plugins/pose_progress_checker.hpp
[0.533s] -- Up-to-date symlink: /home/pierres/COURS/slamnav/install/nav2_controller/include//nav2_controller/plugins/simple_goal_checker.hpp
[0.533s] -- Up-to-date symlink: /home/pierres/COURS/slamnav/install/nav2_controller/include//nav2_controller/plugins/simple_progress_checker.hpp
[0.533s] -- Up-to-date symlink: /home/pierres/COURS/slamnav/install/nav2_controller/include//nav2_controller/plugins/stopped_goal_checker.hpp
[0.533s] -- Up-to-date symlink: /home/pierres/COURS/slamnav/install/nav2_controller/share/nav2_controller/environment/library_path.sh
[0.533s] -- Up-to-date symlink: /home/pierres/COURS/slamnav/install/nav2_controller/share/nav2_controller/environment/library_path.dsv
[0.533s] -- Up-to-date symlink: /home/pierres/COURS/slamnav/install/nav2_controller/share/nav2_controller//plugins.xml
[0.533s] -- Up-to-date symlink: /home/pierres/COURS/slamnav/install/nav2_controller/share/ament_index/resource_index/package_run_dependencies/nav2_controller
[0.534s] -- Up-to-date symlink: /home/pierres/COURS/slamnav/install/nav2_controller/share/ament_index/resource_index/parent_prefix_path/nav2_controller
[0.534s] -- Up-to-date symlink: /home/pierres/COURS/slamnav/install/nav2_controller/share/nav2_controller/environment/ament_prefix_path.sh
[0.534s] -- Up-to-date symlink: /home/pierres/COURS/slamnav/install/nav2_controller/share/nav2_controller/environment/ament_prefix_path.dsv
[0.534s] -- Up-to-date symlink: /home/pierres/COURS/slamnav/install/nav2_controller/share/nav2_controller/environment/path.sh
[0.534s] -- Up-to-date symlink: /home/pierres/COURS/slamnav/install/nav2_controller/share/nav2_controller/environment/path.dsv
[0.535s] -- Up-to-date symlink: /home/pierres/COURS/slamnav/install/nav2_controller/share/nav2_controller/local_setup.bash
[0.535s] -- Up-to-date symlink: /home/pierres/COURS/slamnav/install/nav2_controller/share/nav2_controller/local_setup.sh
[0.535s] -- Up-to-date symlink: /home/pierres/COURS/slamnav/install/nav2_controller/share/nav2_controller/local_setup.zsh
[0.535s] -- Up-to-date symlink: /home/pierres/COURS/slamnav/install/nav2_controller/share/nav2_controller/local_setup.dsv
[0.536s] -- Symlinking: /home/pierres/COURS/slamnav/install/nav2_controller/share/nav2_controller/package.dsv
[0.538s] -- Up-to-date symlink: /home/pierres/COURS/slamnav/install/nav2_controller/share/ament_index/resource_index/packages/nav2_controller
[0.538s] -- Up-to-date symlink: /home/pierres/COURS/slamnav/install/nav2_controller/share/ament_index/resource_index/nav2_core__pluginlib__plugin/nav2_controller
[0.539s] -- Up-to-date symlink: /home/pierres/COURS/slamnav/install/nav2_controller/share/ament_index/resource_index/rclcpp_components/nav2_controller
[0.539s] -- Up-to-date symlink: /home/pierres/COURS/slamnav/install/nav2_controller/share/nav2_controller/cmake/ament_cmake_export_include_directories-extras.cmake
[0.539s] -- Up-to-date symlink: /home/pierres/COURS/slamnav/install/nav2_controller/share/nav2_controller/cmake/ament_cmake_export_libraries-extras.cmake
[0.539s] -- Up-to-date symlink: /home/pierres/COURS/slamnav/install/nav2_controller/share/nav2_controller/cmake/ament_cmake_export_dependencies-extras.cmake
[0.547s] -- Up-to-date symlink: /home/pierres/COURS/slamnav/install/nav2_controller/share/nav2_controller/cmake/nav2_controllerConfig.cmake
[0.547s] -- Up-to-date symlink: /home/pierres/COURS/slamnav/install/nav2_controller/share/nav2_controller/cmake/nav2_controllerConfig-version.cmake
[0.547s] -- Up-to-date symlink: /home/pierres/COURS/slamnav/install/nav2_controller/share/nav2_controller/package.xml
[0.573s] Invoked command in '/home/pierres/COURS/slamnav/build/nav2_controller' returned '0': AMENT_PREFIX_PATH=/home/pierres/COURS/slamnav/install/nav2_core:/home/pierres/COURS/slamnav/install/nav2_costmap_2d:/home/pierres/COURS/slamnav/install/nav_2d_utils:/home/pierres/COURS/slamnav/install/nav2_map_server:/home/pierres/COURS/slamnav/install/nav2_lifecycle_manager:/home/pierres/COURS/slamnav/install/nav2_util:/home/pierres/COURS/slamnav/install/nav2_voxel_grid:/home/pierres/COURS/slamnav/install/nav2_msgs:/home/pierres/COURS/slamnav/install/nav_2d_msgs:/home/pierres/COURS/slamnav/install/nav2_common CMAKE_PREFIX_PATH=/home/pierres/COURS/slamnav/install/nav2_core:/home/pierres/COURS/slamnav/install/nav2_costmap_2d:/home/pierres/COURS/slamnav/install/nav_2d_utils:/home/pierres/COURS/slamnav/install/nav2_map_server:/home/pierres/COURS/slamnav/install/nav2_lifecycle_manager:/home/pierres/COURS/slamnav/install/nav2_util:/home/pierres/COURS/slamnav/install/nav2_voxel_grid:/home/pierres/COURS/slamnav/install/nav2_msgs:/home/pierres/COURS/slamnav/install/nav_2d_msgs:/home/pierres/COURS/slamnav/install/nav2_common LD_LIBRARY_PATH=/home/pierres/COURS/slamnav/install/nav2_costmap_2d/lib:/home/pierres/COURS/slamnav/install/nav_2d_utils/lib:/home/pierres/COURS/slamnav/install/nav2_map_server/lib:/home/pierres/COURS/slamnav/install/nav2_lifecycle_manager/lib:/home/pierres/COURS/slamnav/install/nav2_util/lib:/home/pierres/COURS/slamnav/install/nav2_voxel_grid/lib:/home/pierres/COURS/slamnav/install/nav2_msgs/lib:/home/pierres/COURS/slamnav/install/nav_2d_msgs/lib PYTHONPATH=/home/pierres/COURS/slamnav/install/nav2_msgs/local/lib/python3.10/dist-packages:/home/pierres/COURS/slamnav/install/nav_2d_msgs/local/lib/python3.10/dist-packages:/home/pierres/COURS/slamnav/install/nav2_common/local/lib/python3.10/dist-packages /usr/bin/cmake --install /home/pierres/COURS/slamnav/build/nav2_controller
