[0.026s] Invoking command in '/home/pierres/COURS/slamnav/build/nav2_collision_monitor': AMENT_PREFIX_PATH=/home/pierres/COURS/slamnav/install/nav2_costmap_2d:/home/pierres/COURS/slamnav/install/nav2_map_server:/home/pierres/COURS/slamnav/install/nav2_lifecycle_manager:/home/pierres/COURS/slamnav/install/nav2_util:/home/pierres/COURS/slamnav/install/nav2_voxel_grid:/home/pierres/COURS/slamnav/install/nav2_msgs:/home/pierres/COURS/slamnav/install/nav2_common CMAKE_PREFIX_PATH=/home/pierres/COURS/slamnav/install/nav2_costmap_2d:/home/pierres/COURS/slamnav/install/nav2_map_server:/home/pierres/COURS/slamnav/install/nav2_lifecycle_manager:/home/pierres/COURS/slamnav/install/nav2_util:/home/pierres/COURS/slamnav/install/nav2_voxel_grid:/home/pierres/COURS/slamnav/install/nav2_msgs:/home/pierres/COURS/slamnav/install/nav2_common LD_LIBRARY_PATH=/home/pierres/COURS/slamnav/install/nav2_costmap_2d/lib:/home/pierres/COURS/slamnav/install/nav2_map_server/lib:/home/pierres/COURS/slamnav/install/nav2_lifecycle_manager/lib:/home/pierres/COURS/slamnav/install/nav2_util/lib:/home/pierres/COURS/slamnav/install/nav2_voxel_grid/lib:/home/pierres/COURS/slamnav/install/nav2_msgs/lib PYTHONPATH=/home/pierres/COURS/slamnav/install/nav2_msgs/local/lib/python3.10/dist-packages:/home/pierres/COURS/slamnav/install/nav2_common/local/lib/python3.10/dist-packages /usr/bin/cmake --build /home/pierres/COURS/slamnav/build/nav2_collision_monitor -- -j16 -l16
[0.111s] [  8%] Built target gtest
[0.115s] [ 17%] Built target gtest_main
[0.129s] [ 56%] Built target collision_monitor_core
[0.153s] [ 65%] Built target collision_monitor_node_test
[0.156s] [ 73%] Built target kinematics_test
[0.156s] [ 82%] Built target collision_monitor
[0.157s] [ 91%] Built target sources_test
[0.160s] [100%] Built target polygons_test
[0.217s] Invoked command in '/home/pierres/COURS/slamnav/build/nav2_collision_monitor' returned '0': AMENT_PREFIX_PATH=/home/pierres/COURS/slamnav/install/nav2_costmap_2d:/home/pierres/COURS/slamnav/install/nav2_map_server:/home/pierres/COURS/slamnav/install/nav2_lifecycle_manager:/home/pierres/COURS/slamnav/install/nav2_util:/home/pierres/COURS/slamnav/install/nav2_voxel_grid:/home/pierres/COURS/slamnav/install/nav2_msgs:/home/pierres/COURS/slamnav/install/nav2_common CMAKE_PREFIX_PATH=/home/pierres/COURS/slamnav/install/nav2_costmap_2d:/home/pierres/COURS/slamnav/install/nav2_map_server:/home/pierres/COURS/slamnav/install/nav2_lifecycle_manager:/home/pierres/COURS/slamnav/install/nav2_util:/home/pierres/COURS/slamnav/install/nav2_voxel_grid:/home/pierres/COURS/slamnav/install/nav2_msgs:/home/pierres/COURS/slamnav/install/nav2_common LD_LIBRARY_PATH=/home/pierres/COURS/slamnav/install/nav2_costmap_2d/lib:/home/pierres/COURS/slamnav/install/nav2_map_server/lib:/home/pierres/COURS/slamnav/install/nav2_lifecycle_manager/lib:/home/pierres/COURS/slamnav/install/nav2_util/lib:/home/pierres/COURS/slamnav/install/nav2_voxel_grid/lib:/home/pierres/COURS/slamnav/install/nav2_msgs/lib PYTHONPATH=/home/pierres/COURS/slamnav/install/nav2_msgs/local/lib/python3.10/dist-packages:/home/pierres/COURS/slamnav/install/nav2_common/local/lib/python3.10/dist-packages /usr/bin/cmake --build /home/pierres/COURS/slamnav/build/nav2_collision_monitor -- -j16 -l16
[0.337s] Invoking command in '/home/pierres/COURS/slamnav/build/nav2_collision_monitor': AMENT_PREFIX_PATH=/home/pierres/COURS/slamnav/install/nav2_costmap_2d:/home/pierres/COURS/slamnav/install/nav2_map_server:/home/pierres/COURS/slamnav/install/nav2_lifecycle_manager:/home/pierres/COURS/slamnav/install/nav2_util:/home/pierres/COURS/slamnav/install/nav2_voxel_grid:/home/pierres/COURS/slamnav/install/nav2_msgs:/home/pierres/COURS/slamnav/install/nav2_common CMAKE_PREFIX_PATH=/home/pierres/COURS/slamnav/install/nav2_costmap_2d:/home/pierres/COURS/slamnav/install/nav2_map_server:/home/pierres/COURS/slamnav/install/nav2_lifecycle_manager:/home/pierres/COURS/slamnav/install/nav2_util:/home/pierres/COURS/slamnav/install/nav2_voxel_grid:/home/pierres/COURS/slamnav/install/nav2_msgs:/home/pierres/COURS/slamnav/install/nav2_common LD_LIBRARY_PATH=/home/pierres/COURS/slamnav/install/nav2_costmap_2d/lib:/home/pierres/COURS/slamnav/install/nav2_map_server/lib:/home/pierres/COURS/slamnav/install/nav2_lifecycle_manager/lib:/home/pierres/COURS/slamnav/install/nav2_util/lib:/home/pierres/COURS/slamnav/install/nav2_voxel_grid/lib:/home/pierres/COURS/slamnav/install/nav2_msgs/lib PYTHONPATH=/home/pierres/COURS/slamnav/install/nav2_msgs/local/lib/python3.10/dist-packages:/home/pierres/COURS/slamnav/install/nav2_common/local/lib/python3.10/dist-packages /usr/bin/cmake --install /home/pierres/COURS/slamnav/build/nav2_collision_monitor
[0.519s] -- Install configuration: "Humble"
[0.519s] -- Execute custom install script
[0.519s] -- Up-to-date symlink: /home/pierres/COURS/slamnav/install/nav2_collision_monitor/lib/libcollision_monitor_core.so
[0.519s] -- Up-to-date symlink: /home/pierres/COURS/slamnav/install/nav2_collision_monitor/lib/nav2_collision_monitor/collision_monitor
[0.519s] -- Up-to-date symlink: /home/pierres/COURS/slamnav/install/nav2_collision_monitor/include//nav2_collision_monitor/circle.hpp
[0.519s] -- Up-to-date symlink: /home/pierres/COURS/slamnav/install/nav2_collision_monitor/include//nav2_collision_monitor/collision_monitor_node.hpp
[0.519s] -- Up-to-date symlink: /home/pierres/COURS/slamnav/install/nav2_collision_monitor/include//nav2_collision_monitor/kinematics.hpp
[0.520s] -- Up-to-date symlink: /home/pierres/COURS/slamnav/install/nav2_collision_monitor/include//nav2_collision_monitor/pointcloud.hpp
[0.520s] -- Up-to-date symlink: /home/pierres/COURS/slamnav/install/nav2_collision_monitor/include//nav2_collision_monitor/polygon.hpp
[0.520s] -- Up-to-date symlink: /home/pierres/COURS/slamnav/install/nav2_collision_monitor/include//nav2_collision_monitor/range.hpp
[0.520s] -- Up-to-date symlink: /home/pierres/COURS/slamnav/install/nav2_collision_monitor/include//nav2_collision_monitor/scan.hpp
[0.520s] -- Up-to-date symlink: /home/pierres/COURS/slamnav/install/nav2_collision_monitor/include//nav2_collision_monitor/source.hpp
[0.520s] -- Up-to-date symlink: /home/pierres/COURS/slamnav/install/nav2_collision_monitor/include//nav2_collision_monitor/types.hpp
[0.520s] -- Up-to-date symlink: /home/pierres/COURS/slamnav/install/nav2_collision_monitor/share/nav2_collision_monitor/launch/collision_monitor_node.launch.py
[0.521s] -- Up-to-date symlink: /home/pierres/COURS/slamnav/install/nav2_collision_monitor/share/nav2_collision_monitor/params/collision_monitor_params.yaml
[0.521s] -- Up-to-date symlink: /home/pierres/COURS/slamnav/install/nav2_collision_monitor/share/nav2_collision_monitor/environment/library_path.sh
[0.521s] -- Up-to-date symlink: /home/pierres/COURS/slamnav/install/nav2_collision_monitor/share/nav2_collision_monitor/environment/library_path.dsv
[0.521s] -- Up-to-date symlink: /home/pierres/COURS/slamnav/install/nav2_collision_monitor/share/ament_index/resource_index/package_run_dependencies/nav2_collision_monitor
[0.521s] -- Up-to-date symlink: /home/pierres/COURS/slamnav/install/nav2_collision_monitor/share/ament_index/resource_index/parent_prefix_path/nav2_collision_monitor
[0.521s] -- Up-to-date symlink: /home/pierres/COURS/slamnav/install/nav2_collision_monitor/share/nav2_collision_monitor/environment/ament_prefix_path.sh
[0.521s] -- Up-to-date symlink: /home/pierres/COURS/slamnav/install/nav2_collision_monitor/share/nav2_collision_monitor/environment/ament_prefix_path.dsv
[0.522s] -- Up-to-date symlink: /home/pierres/COURS/slamnav/install/nav2_collision_monitor/share/nav2_collision_monitor/environment/path.sh
[0.522s] -- Up-to-date symlink: /home/pierres/COURS/slamnav/install/nav2_collision_monitor/share/nav2_collision_monitor/environment/path.dsv
[0.522s] -- Up-to-date symlink: /home/pierres/COURS/slamnav/install/nav2_collision_monitor/share/nav2_collision_monitor/local_setup.bash
[0.522s] -- Up-to-date symlink: /home/pierres/COURS/slamnav/install/nav2_collision_monitor/share/nav2_collision_monitor/local_setup.sh
[0.522s] -- Up-to-date symlink: /home/pierres/COURS/slamnav/install/nav2_collision_monitor/share/nav2_collision_monitor/local_setup.zsh
[0.522s] -- Up-to-date symlink: /home/pierres/COURS/slamnav/install/nav2_collision_monitor/share/nav2_collision_monitor/local_setup.dsv
[0.522s] -- Symlinking: /home/pierres/COURS/slamnav/install/nav2_collision_monitor/share/nav2_collision_monitor/package.dsv
[0.523s] -- Up-to-date symlink: /home/pierres/COURS/slamnav/install/nav2_collision_monitor/share/ament_index/resource_index/packages/nav2_collision_monitor
[0.523s] -- Up-to-date symlink: /home/pierres/COURS/slamnav/install/nav2_collision_monitor/share/ament_index/resource_index/rclcpp_components/nav2_collision_monitor
[0.523s] -- Up-to-date symlink: /home/pierres/COURS/slamnav/install/nav2_collision_monitor/share/nav2_collision_monitor/cmake/ament_cmake_export_include_directories-extras.cmake
[0.527s] -- Up-to-date symlink: /home/pierres/COURS/slamnav/install/nav2_collision_monitor/share/nav2_collision_monitor/cmake/ament_cmake_export_libraries-extras.cmake
[0.527s] -- Up-to-date symlink: /home/pierres/COURS/slamnav/install/nav2_collision_monitor/share/nav2_collision_monitor/cmake/ament_cmake_export_dependencies-extras.cmake
[0.527s] -- Up-to-date symlink: /home/pierres/COURS/slamnav/install/nav2_collision_monitor/share/nav2_collision_monitor/cmake/nav2_collision_monitorConfig.cmake
[0.527s] -- Up-to-date symlink: /home/pierres/COURS/slamnav/install/nav2_collision_monitor/share/nav2_collision_monitor/cmake/nav2_collision_monitorConfig-version.cmake
[0.527s] -- Up-to-date symlink: /home/pierres/COURS/slamnav/install/nav2_collision_monitor/share/nav2_collision_monitor/package.xml
[0.536s] Invoked command in '/home/pierres/COURS/slamnav/build/nav2_collision_monitor' returned '0': AMENT_PREFIX_PATH=/home/pierres/COURS/slamnav/install/nav2_costmap_2d:/home/pierres/COURS/slamnav/install/nav2_map_server:/home/pierres/COURS/slamnav/install/nav2_lifecycle_manager:/home/pierres/COURS/slamnav/install/nav2_util:/home/pierres/COURS/slamnav/install/nav2_voxel_grid:/home/pierres/COURS/slamnav/install/nav2_msgs:/home/pierres/COURS/slamnav/install/nav2_common CMAKE_PREFIX_PATH=/home/pierres/COURS/slamnav/install/nav2_costmap_2d:/home/pierres/COURS/slamnav/install/nav2_map_server:/home/pierres/COURS/slamnav/install/nav2_lifecycle_manager:/home/pierres/COURS/slamnav/install/nav2_util:/home/pierres/COURS/slamnav/install/nav2_voxel_grid:/home/pierres/COURS/slamnav/install/nav2_msgs:/home/pierres/COURS/slamnav/install/nav2_common LD_LIBRARY_PATH=/home/pierres/COURS/slamnav/install/nav2_costmap_2d/lib:/home/pierres/COURS/slamnav/install/nav2_map_server/lib:/home/pierres/COURS/slamnav/install/nav2_lifecycle_manager/lib:/home/pierres/COURS/slamnav/install/nav2_util/lib:/home/pierres/COURS/slamnav/install/nav2_voxel_grid/lib:/home/pierres/COURS/slamnav/install/nav2_msgs/lib PYTHONPATH=/home/pierres/COURS/slamnav/install/nav2_msgs/local/lib/python3.10/dist-packages:/home/pierres/COURS/slamnav/install/nav2_common/local/lib/python3.10/dist-packages /usr/bin/cmake --install /home/pierres/COURS/slamnav/build/nav2_collision_monitor
