[0.189s] Invoking command in '/home/pierres/COURS/slamnav/build/nav2_smoother': AMENT_PREFIX_PATH=/home/pierres/COURS/slamnav/install/nav2_core:/home/pierres/COURS/slamnav/install/nav2_costmap_2d:/home/pierres/COURS/slamnav/install/nav_2d_utils:/home/pierres/COURS/slamnav/install/nav2_map_server:/home/pierres/COURS/slamnav/install/nav2_lifecycle_manager:/home/pierres/COURS/slamnav/install/nav2_util:/home/pierres/COURS/slamnav/install/nav2_voxel_grid:/home/pierres/COURS/slamnav/install/nav2_msgs:/home/pierres/COURS/slamnav/install/nav_2d_msgs:/home/pierres/COURS/slamnav/install/nav2_common CMAKE_PREFIX_PATH=/home/pierres/COURS/slamnav/install/nav2_core:/home/pierres/COURS/slamnav/install/nav2_costmap_2d:/home/pierres/COURS/slamnav/install/nav_2d_utils:/home/pierres/COURS/slamnav/install/nav2_map_server:/home/pierres/COURS/slamnav/install/nav2_lifecycle_manager:/home/pierres/COURS/slamnav/install/nav2_util:/home/pierres/COURS/slamnav/install/nav2_voxel_grid:/home/pierres/COURS/slamnav/install/nav2_msgs:/home/pierres/COURS/slamnav/install/nav_2d_msgs:/home/pierres/COURS/slamnav/install/nav2_common LD_LIBRARY_PATH=/home/pierres/COURS/slamnav/install/nav2_costmap_2d/lib:/home/pierres/COURS/slamnav/install/nav_2d_utils/lib:/home/pierres/COURS/slamnav/install/nav2_map_server/lib:/home/pierres/COURS/slamnav/install/nav2_lifecycle_manager/lib:/home/pierres/COURS/slamnav/install/nav2_util/lib:/home/pierres/COURS/slamnav/install/nav2_voxel_grid/lib:/home/pierres/COURS/slamnav/install/nav2_msgs/lib:/home/pierres/COURS/slamnav/install/nav_2d_msgs/lib PYTHONPATH=/home/pierres/COURS/slamnav/install/nav2_msgs/local/lib/python3.10/dist-packages:/home/pierres/COURS/slamnav/install/nav_2d_msgs/local/lib/python3.10/dist-packages:/home/pierres/COURS/slamnav/install/nav2_common/local/lib/python3.10/dist-packages /usr/bin/cmake --build /home/pierres/COURS/slamnav/build/nav2_smoother -- -j16 -l16
[0.298s] [ 11%] Built target gtest
[0.299s] [ 22%] Built target gtest_main
[0.318s] [ 33%] Built target simple_smoother
[0.319s] [ 44%] Built target smoother_server_core
[0.320s] [ 55%] Built target savitzky_golay_smoother
[0.342s] [ 66%] Built target smoother_server
[0.342s] [ 77%] Built target test_smoother_server
[0.351s] [ 88%] Built target test_simple_smoother
[0.363s] [100%] Built target test_savitzky_golay_smoother
[0.405s] Invoked command in '/home/pierres/COURS/slamnav/build/nav2_smoother' returned '0': AMENT_PREFIX_PATH=/home/pierres/COURS/slamnav/install/nav2_core:/home/pierres/COURS/slamnav/install/nav2_costmap_2d:/home/pierres/COURS/slamnav/install/nav_2d_utils:/home/pierres/COURS/slamnav/install/nav2_map_server:/home/pierres/COURS/slamnav/install/nav2_lifecycle_manager:/home/pierres/COURS/slamnav/install/nav2_util:/home/pierres/COURS/slamnav/install/nav2_voxel_grid:/home/pierres/COURS/slamnav/install/nav2_msgs:/home/pierres/COURS/slamnav/install/nav_2d_msgs:/home/pierres/COURS/slamnav/install/nav2_common CMAKE_PREFIX_PATH=/home/pierres/COURS/slamnav/install/nav2_core:/home/pierres/COURS/slamnav/install/nav2_costmap_2d:/home/pierres/COURS/slamnav/install/nav_2d_utils:/home/pierres/COURS/slamnav/install/nav2_map_server:/home/pierres/COURS/slamnav/install/nav2_lifecycle_manager:/home/pierres/COURS/slamnav/install/nav2_util:/home/pierres/COURS/slamnav/install/nav2_voxel_grid:/home/pierres/COURS/slamnav/install/nav2_msgs:/home/pierres/COURS/slamnav/install/nav_2d_msgs:/home/pierres/COURS/slamnav/install/nav2_common LD_LIBRARY_PATH=/home/pierres/COURS/slamnav/install/nav2_costmap_2d/lib:/home/pierres/COURS/slamnav/install/nav_2d_utils/lib:/home/pierres/COURS/slamnav/install/nav2_map_server/lib:/home/pierres/COURS/slamnav/install/nav2_lifecycle_manager/lib:/home/pierres/COURS/slamnav/install/nav2_util/lib:/home/pierres/COURS/slamnav/install/nav2_voxel_grid/lib:/home/pierres/COURS/slamnav/install/nav2_msgs/lib:/home/pierres/COURS/slamnav/install/nav_2d_msgs/lib PYTHONPATH=/home/pierres/COURS/slamnav/install/nav2_msgs/local/lib/python3.10/dist-packages:/home/pierres/COURS/slamnav/install/nav_2d_msgs/local/lib/python3.10/dist-packages:/home/pierres/COURS/slamnav/install/nav2_common/local/lib/python3.10/dist-packages /usr/bin/cmake --build /home/pierres/COURS/slamnav/build/nav2_smoother -- -j16 -l16
[0.498s] Invoking command in '/home/pierres/COURS/slamnav/build/nav2_smoother': AMENT_PREFIX_PATH=/home/pierres/COURS/slamnav/install/nav2_core:/home/pierres/COURS/slamnav/install/nav2_costmap_2d:/home/pierres/COURS/slamnav/install/nav_2d_utils:/home/pierres/COURS/slamnav/install/nav2_map_server:/home/pierres/COURS/slamnav/install/nav2_lifecycle_manager:/home/pierres/COURS/slamnav/install/nav2_util:/home/pierres/COURS/slamnav/install/nav2_voxel_grid:/home/pierres/COURS/slamnav/install/nav2_msgs:/home/pierres/COURS/slamnav/install/nav_2d_msgs:/home/pierres/COURS/slamnav/install/nav2_common CMAKE_PREFIX_PATH=/home/pierres/COURS/slamnav/install/nav2_core:/home/pierres/COURS/slamnav/install/nav2_costmap_2d:/home/pierres/COURS/slamnav/install/nav_2d_utils:/home/pierres/COURS/slamnav/install/nav2_map_server:/home/pierres/COURS/slamnav/install/nav2_lifecycle_manager:/home/pierres/COURS/slamnav/install/nav2_util:/home/pierres/COURS/slamnav/install/nav2_voxel_grid:/home/pierres/COURS/slamnav/install/nav2_msgs:/home/pierres/COURS/slamnav/install/nav_2d_msgs:/home/pierres/COURS/slamnav/install/nav2_common LD_LIBRARY_PATH=/home/pierres/COURS/slamnav/install/nav2_costmap_2d/lib:/home/pierres/COURS/slamnav/install/nav_2d_utils/lib:/home/pierres/COURS/slamnav/install/nav2_map_server/lib:/home/pierres/COURS/slamnav/install/nav2_lifecycle_manager/lib:/home/pierres/COURS/slamnav/install/nav2_util/lib:/home/pierres/COURS/slamnav/install/nav2_voxel_grid/lib:/home/pierres/COURS/slamnav/install/nav2_msgs/lib:/home/pierres/COURS/slamnav/install/nav_2d_msgs/lib PYTHONPATH=/home/pierres/COURS/slamnav/install/nav2_msgs/local/lib/python3.10/dist-packages:/home/pierres/COURS/slamnav/install/nav_2d_msgs/local/lib/python3.10/dist-packages:/home/pierres/COURS/slamnav/install/nav2_common/local/lib/python3.10/dist-packages /usr/bin/cmake --install /home/pierres/COURS/slamnav/build/nav2_smoother
[0.519s] -- Install configuration: "Humble"
[0.519s] -- Execute custom install script
[0.519s] -- Up-to-date symlink: /home/pierres/COURS/slamnav/install/nav2_smoother/share/nav2_smoother//plugins.xml
[0.519s] -- Up-to-date symlink: /home/pierres/COURS/slamnav/install/nav2_smoother/lib/libsmoother_server_core.so
[0.519s] -- Up-to-date symlink: /home/pierres/COURS/slamnav/install/nav2_smoother/lib/libsimple_smoother.so
[0.519s] -- Up-to-date symlink: /home/pierres/COURS/slamnav/install/nav2_smoother/lib/libsavitzky_golay_smoother.so
[0.520s] -- Up-to-date symlink: /home/pierres/COURS/slamnav/install/nav2_smoother/lib/nav2_smoother/smoother_server
[0.520s] -- Up-to-date symlink: /home/pierres/COURS/slamnav/install/nav2_smoother/include//nav2_smoother/nav2_smoother.hpp
[0.520s] -- Up-to-date symlink: /home/pierres/COURS/slamnav/install/nav2_smoother/include//nav2_smoother/savitzky_golay_smoother.hpp
[0.520s] -- Up-to-date symlink: /home/pierres/COURS/slamnav/install/nav2_smoother/include//nav2_smoother/simple_smoother.hpp
[0.520s] -- Up-to-date symlink: /home/pierres/COURS/slamnav/install/nav2_smoother/include//nav2_smoother/smoother_utils.hpp
[0.520s] -- Up-to-date symlink: /home/pierres/COURS/slamnav/install/nav2_smoother/share/nav2_smoother/environment/library_path.sh
[0.520s] -- Up-to-date symlink: /home/pierres/COURS/slamnav/install/nav2_smoother/share/nav2_smoother/environment/library_path.dsv
[0.520s] -- Up-to-date symlink: /home/pierres/COURS/slamnav/install/nav2_smoother/share/ament_index/resource_index/package_run_dependencies/nav2_smoother
[0.520s] -- Up-to-date symlink: /home/pierres/COURS/slamnav/install/nav2_smoother/share/ament_index/resource_index/parent_prefix_path/nav2_smoother
[0.520s] -- Up-to-date symlink: /home/pierres/COURS/slamnav/install/nav2_smoother/share/nav2_smoother/environment/ament_prefix_path.sh
[0.520s] -- Up-to-date symlink: /home/pierres/COURS/slamnav/install/nav2_smoother/share/nav2_smoother/environment/ament_prefix_path.dsv
[0.520s] -- Up-to-date symlink: /home/pierres/COURS/slamnav/install/nav2_smoother/share/nav2_smoother/environment/path.sh
[0.520s] -- Up-to-date symlink: /home/pierres/COURS/slamnav/install/nav2_smoother/share/nav2_smoother/environment/path.dsv
[0.521s] -- Up-to-date symlink: /home/pierres/COURS/slamnav/install/nav2_smoother/share/nav2_smoother/local_setup.bash
[0.521s] -- Up-to-date symlink: /home/pierres/COURS/slamnav/install/nav2_smoother/share/nav2_smoother/local_setup.sh
[0.521s] -- Up-to-date symlink: /home/pierres/COURS/slamnav/install/nav2_smoother/share/nav2_smoother/local_setup.zsh
[0.521s] -- Up-to-date symlink: /home/pierres/COURS/slamnav/install/nav2_smoother/share/nav2_smoother/local_setup.dsv
[0.521s] -- Symlinking: /home/pierres/COURS/slamnav/install/nav2_smoother/share/nav2_smoother/package.dsv
[0.525s] -- Up-to-date symlink: /home/pierres/COURS/slamnav/install/nav2_smoother/share/ament_index/resource_index/packages/nav2_smoother
[0.525s] -- Up-to-date symlink: /home/pierres/COURS/slamnav/install/nav2_smoother/share/ament_index/resource_index/nav2_core__pluginlib__plugin/nav2_smoother
[0.525s] -- Up-to-date symlink: /home/pierres/COURS/slamnav/install/nav2_smoother/share/ament_index/resource_index/rclcpp_components/nav2_smoother
[0.525s] -- Up-to-date symlink: /home/pierres/COURS/slamnav/install/nav2_smoother/share/nav2_smoother/cmake/ament_cmake_export_include_directories-extras.cmake
[0.525s] -- Up-to-date symlink: /home/pierres/COURS/slamnav/install/nav2_smoother/share/nav2_smoother/cmake/ament_cmake_export_libraries-extras.cmake
[0.526s] -- Up-to-date symlink: /home/pierres/COURS/slamnav/install/nav2_smoother/share/nav2_smoother/cmake/ament_cmake_export_dependencies-extras.cmake
[0.526s] -- Up-to-date symlink: /home/pierres/COURS/slamnav/install/nav2_smoother/share/nav2_smoother/cmake/nav2_smootherConfig.cmake
[0.526s] -- Up-to-date symlink: /home/pierres/COURS/slamnav/install/nav2_smoother/share/nav2_smoother/cmake/nav2_smootherConfig-version.cmake
[0.526s] -- Up-to-date symlink: /home/pierres/COURS/slamnav/install/nav2_smoother/share/nav2_smoother/package.xml
[0.591s] Invoked command in '/home/pierres/COURS/slamnav/build/nav2_smoother' returned '0': AMENT_PREFIX_PATH=/home/pierres/COURS/slamnav/install/nav2_core:/home/pierres/COURS/slamnav/install/nav2_costmap_2d:/home/pierres/COURS/slamnav/install/nav_2d_utils:/home/pierres/COURS/slamnav/install/nav2_map_server:/home/pierres/COURS/slamnav/install/nav2_lifecycle_manager:/home/pierres/COURS/slamnav/install/nav2_util:/home/pierres/COURS/slamnav/install/nav2_voxel_grid:/home/pierres/COURS/slamnav/install/nav2_msgs:/home/pierres/COURS/slamnav/install/nav_2d_msgs:/home/pierres/COURS/slamnav/install/nav2_common CMAKE_PREFIX_PATH=/home/pierres/COURS/slamnav/install/nav2_core:/home/pierres/COURS/slamnav/install/nav2_costmap_2d:/home/pierres/COURS/slamnav/install/nav_2d_utils:/home/pierres/COURS/slamnav/install/nav2_map_server:/home/pierres/COURS/slamnav/install/nav2_lifecycle_manager:/home/pierres/COURS/slamnav/install/nav2_util:/home/pierres/COURS/slamnav/install/nav2_voxel_grid:/home/pierres/COURS/slamnav/install/nav2_msgs:/home/pierres/COURS/slamnav/install/nav_2d_msgs:/home/pierres/COURS/slamnav/install/nav2_common LD_LIBRARY_PATH=/home/pierres/COURS/slamnav/install/nav2_costmap_2d/lib:/home/pierres/COURS/slamnav/install/nav_2d_utils/lib:/home/pierres/COURS/slamnav/install/nav2_map_server/lib:/home/pierres/COURS/slamnav/install/nav2_lifecycle_manager/lib:/home/pierres/COURS/slamnav/install/nav2_util/lib:/home/pierres/COURS/slamnav/install/nav2_voxel_grid/lib:/home/pierres/COURS/slamnav/install/nav2_msgs/lib:/home/pierres/COURS/slamnav/install/nav_2d_msgs/lib PYTHONPATH=/home/pierres/COURS/slamnav/install/nav2_msgs/local/lib/python3.10/dist-packages:/home/pierres/COURS/slamnav/install/nav_2d_msgs/local/lib/python3.10/dist-packages:/home/pierres/COURS/slamnav/install/nav2_common/local/lib/python3.10/dist-packages /usr/bin/cmake --install /home/pierres/COURS/slamnav/build/nav2_smoother
