[0.007s] Invoking command in '/home/pierres/COURS/slamnav/build/nav2_msgs': AMENT_PREFIX_PATH=/home/pierres/COURS/slamnav/install/nav2_common:${AMENT_PREFIX_PATH} CMAKE_PREFIX_PATH=/home/pierres/COURS/slamnav/install/nav2_common:/home/pierres/COURS/slamnav/install/slam_toolbox:/opt/ros/humble:/home/pierres/COURS/slamnav/install/slamnav_turtlebot PYTHONPATH=/home/pierres/COURS/slamnav/install/nav2_common/local/lib/python3.10/dist-packages:${PYTHONPATH} /usr/bin/cmake /home/pierres/COURS/slamnav/src/navigation2/nav2_msgs -DCMAKE_INSTALL_PREFIX=/home/pierres/COURS/slamnav/install/nav2_msgs
[0.018s] -- Found ament_cmake: 1.3.10 (/opt/ros/humble/share/ament_cmake/cmake)
[0.117s] -- Override CMake install command with custom implementation using symlinks instead of copying resources
[0.122s] -- Found nav2_common: 1.1.16 (/home/pierres/COURS/slamnav/install/nav2_common/share/nav2_common/cmake)
[0.122s] -- Found builtin_interfaces: 1.2.1 (/opt/ros/humble/share/builtin_interfaces/cmake)
[0.138s] -- Found rosidl_generator_c: 3.1.5 (/opt/ros/humble/share/rosidl_generator_c/cmake)
[0.139s] -- Found rosidl_adapter: 3.1.5 (/opt/ros/humble/share/rosidl_adapter/cmake)
[0.143s] -- Found rosidl_generator_cpp: 3.1.5 (/opt/ros/humble/share/rosidl_generator_cpp/cmake)
[0.149s] -- Using all available rosidl_typesupport_c: rosidl_typesupport_fastrtps_c;rosidl_typesupport_introspection_c
[0.156s] -- Using all available rosidl_typesupport_cpp: rosidl_typesupport_fastrtps_cpp;rosidl_typesupport_introspection_cpp
[0.164s] -- Found nav_msgs: 4.2.4 (/opt/ros/humble/share/nav_msgs/cmake)
[0.191s] -- Found rosidl_default_generators: 1.2.0 (/opt/ros/humble/share/rosidl_default_generators/cmake)
[0.195s] -- Found action_msgs: 1.2.1 (/opt/ros/humble/share/action_msgs/cmake)
[0.640s] -- Found ament_cmake_ros: 0.10.0 (/opt/ros/humble/share/ament_cmake_ros/cmake)
[0.992s] -- Using all available rosidl_typesupport_c: rosidl_typesupport_fastrtps_c;rosidl_typesupport_introspection_c
[1.136s] -- Using all available rosidl_typesupport_cpp: rosidl_typesupport_fastrtps_cpp;rosidl_typesupport_introspection_cpp
[1.154s] -- Found python_cmake_module: 0.10.0 (/opt/ros/humble/share/python_cmake_module/cmake)
[1.173s] -- Using PYTHON_EXECUTABLE: /usr/bin/python3
[1.173s] -- Using PYTHON_INCLUDE_DIRS: /usr/include/python3.10
[1.173s] -- Using PYTHON_LIBRARIES: /usr/lib/x86_64-linux-gnu/libpython3.10.so
[1.215s] -- Configuring done
[1.281s] -- Generating done
[1.282s] -- Build files have been written to: /home/pierres/COURS/slamnav/build/nav2_msgs
[1.290s] Invoked command in '/home/pierres/COURS/slamnav/build/nav2_msgs' returned '0': AMENT_PREFIX_PATH=/home/pierres/COURS/slamnav/install/nav2_common:${AMENT_PREFIX_PATH} CMAKE_PREFIX_PATH=/home/pierres/COURS/slamnav/install/nav2_common:/home/pierres/COURS/slamnav/install/slam_toolbox:/opt/ros/humble:/home/pierres/COURS/slamnav/install/slamnav_turtlebot PYTHONPATH=/home/pierres/COURS/slamnav/install/nav2_common/local/lib/python3.10/dist-packages:${PYTHONPATH} /usr/bin/cmake /home/pierres/COURS/slamnav/src/navigation2/nav2_msgs -DCMAKE_INSTALL_PREFIX=/home/pierres/COURS/slamnav/install/nav2_msgs
[1.290s] Invoking command in '/home/pierres/COURS/slamnav/build/nav2_msgs': AMENT_PREFIX_PATH=/home/pierres/COURS/slamnav/install/nav2_common:${AMENT_PREFIX_PATH} CMAKE_PREFIX_PATH=/home/pierres/COURS/slamnav/install/nav2_common:/home/pierres/COURS/slamnav/install/slam_toolbox:/opt/ros/humble:/home/pierres/COURS/slamnav/install/slamnav_turtlebot PYTHONPATH=/home/pierres/COURS/slamnav/install/nav2_common/local/lib/python3.10/dist-packages:${PYTHONPATH} /usr/bin/cmake --build /home/pierres/COURS/slamnav/build/nav2_msgs -- -j16 -l16
[1.338s] [35m[1mConsolidate compiler generated dependencies of target nav2_msgs__rosidl_generator_c[0m
[1.344s] [  0%] Built target nav2_msgs__cpp
[1.348s] [  0%] Built target ament_cmake_python_symlink_nav2_msgs
[1.357s] [ 12%] Built target nav2_msgs__rosidl_generator_c
[1.362s] [35m[1mConsolidate compiler generated dependencies of target nav2_msgs__rosidl_typesupport_introspection_cpp[0m
[1.363s] [35m[1mConsolidate compiler generated dependencies of target nav2_msgs__rosidl_typesupport_cpp[0m
[1.365s] [35m[1mConsolidate compiler generated dependencies of target nav2_msgs__rosidl_typesupport_fastrtps_cpp[0m
[1.370s] [35m[1mConsolidate compiler generated dependencies of target nav2_msgs__rosidl_typesupport_c[0m
[1.374s] [35m[1mConsolidate compiler generated dependencies of target nav2_msgs__rosidl_typesupport_introspection_c[0m
[1.380s] [35m[1mConsolidate compiler generated dependencies of target nav2_msgs__rosidl_typesupport_fastrtps_c[0m
[1.386s] [ 24%] Built target nav2_msgs__rosidl_typesupport_c
[1.389s] [ 36%] Built target nav2_msgs__rosidl_typesupport_cpp
[1.390s] [ 49%] Built target nav2_msgs__rosidl_typesupport_introspection_c
[1.398s] [ 62%] Built target nav2_msgs__rosidl_typesupport_introspection_cpp
[1.413s] [ 74%] Built target nav2_msgs__rosidl_typesupport_fastrtps_cpp
[1.418s] [ 87%] Built target nav2_msgs__rosidl_typesupport_fastrtps_c
[1.437s] [ 87%] Built target nav2_msgs
[1.457s] [ 87%] Built target nav2_msgs__py
[1.473s] [35m[1mConsolidate compiler generated dependencies of target nav2_msgs__rosidl_generator_py[0m
[1.508s] [ 99%] Built target nav2_msgs__rosidl_generator_py
[1.517s] [35m[1mConsolidate compiler generated dependencies of target nav2_msgs__rosidl_typesupport_c__pyext[0m
[1.518s] [35m[1mConsolidate compiler generated dependencies of target nav2_msgs__rosidl_typesupport_fastrtps_c__pyext[0m
[1.518s] [35m[1mConsolidate compiler generated dependencies of target nav2_msgs__rosidl_typesupport_introspection_c__pyext[0m
[1.531s] [ 99%] Built target nav2_msgs__rosidl_typesupport_fastrtps_c__pyext
[1.531s] [100%] Built target nav2_msgs__rosidl_typesupport_c__pyext
[1.532s] [100%] Built target nav2_msgs__rosidl_typesupport_introspection_c__pyext
[1.561s] running egg_info
[1.561s] writing nav2_msgs.egg-info/PKG-INFO
[1.561s] writing dependency_links to nav2_msgs.egg-info/dependency_links.txt
[1.562s] writing top-level names to nav2_msgs.egg-info/top_level.txt
[1.563s] reading manifest file 'nav2_msgs.egg-info/SOURCES.txt'
[1.564s] writing manifest file 'nav2_msgs.egg-info/SOURCES.txt'
[1.586s] [100%] Built target ament_cmake_python_build_nav2_msgs_egg
[1.598s] Invoked command in '/home/pierres/COURS/slamnav/build/nav2_msgs' returned '0': AMENT_PREFIX_PATH=/home/pierres/COURS/slamnav/install/nav2_common:${AMENT_PREFIX_PATH} CMAKE_PREFIX_PATH=/home/pierres/COURS/slamnav/install/nav2_common:/home/pierres/COURS/slamnav/install/slam_toolbox:/opt/ros/humble:/home/pierres/COURS/slamnav/install/slamnav_turtlebot PYTHONPATH=/home/pierres/COURS/slamnav/install/nav2_common/local/lib/python3.10/dist-packages:${PYTHONPATH} /usr/bin/cmake --build /home/pierres/COURS/slamnav/build/nav2_msgs -- -j16 -l16
[2.164s] Invoking command in '/home/pierres/COURS/slamnav/build/nav2_msgs': AMENT_PREFIX_PATH=/home/pierres/COURS/slamnav/install/nav2_common:${AMENT_PREFIX_PATH} CMAKE_PREFIX_PATH=/home/pierres/COURS/slamnav/install/nav2_common:/home/pierres/COURS/slamnav/install/slam_toolbox:/opt/ros/humble:/home/pierres/COURS/slamnav/install/slamnav_turtlebot PYTHONPATH=/home/pierres/COURS/slamnav/install/nav2_common/local/lib/python3.10/dist-packages:${PYTHONPATH} /usr/bin/cmake --install /home/pierres/COURS/slamnav/build/nav2_msgs
[2.174s] -- Install configuration: "Humble"
[2.174s] -- Execute custom install script
[2.174s] -- Up-to-date symlink: /home/pierres/COURS/slamnav/install/nav2_msgs/share/ament_index/resource_index/rosidl_interfaces/nav2_msgs
[2.175s] -- Up-to-date symlink: /home/pierres/COURS/slamnav/install/nav2_msgs/include/nav2_msgs/nav2_msgs/action/assisted_teleop.h
[2.175s] -- Up-to-date symlink: /home/pierres/COURS/slamnav/install/nav2_msgs/include/nav2_msgs/nav2_msgs/action/back_up.h
[2.175s] -- Up-to-date symlink: /home/pierres/COURS/slamnav/install/nav2_msgs/include/nav2_msgs/nav2_msgs/action/compute_path_through_poses.h
[2.175s] -- Up-to-date symlink: /home/pierres/COURS/slamnav/install/nav2_msgs/include/nav2_msgs/nav2_msgs/action/compute_path_to_pose.h
[2.175s] -- Up-to-date symlink: /home/pierres/COURS/slamnav/install/nav2_msgs/include/nav2_msgs/nav2_msgs/action/detail/assisted_teleop__functions.h
[2.175s] -- Up-to-date symlink: /home/pierres/COURS/slamnav/install/nav2_msgs/include/nav2_msgs/nav2_msgs/action/detail/assisted_teleop__struct.h
[2.175s] -- Up-to-date symlink: /home/pierres/COURS/slamnav/install/nav2_msgs/include/nav2_msgs/nav2_msgs/action/detail/assisted_teleop__type_support.h
[2.175s] -- Up-to-date symlink: /home/pierres/COURS/slamnav/install/nav2_msgs/include/nav2_msgs/nav2_msgs/action/detail/back_up__functions.h
[2.175s] -- Up-to-date symlink: /home/pierres/COURS/slamnav/install/nav2_msgs/include/nav2_msgs/nav2_msgs/action/detail/back_up__struct.h
[2.175s] -- Up-to-date symlink: /home/pierres/COURS/slamnav/install/nav2_msgs/include/nav2_msgs/nav2_msgs/action/detail/back_up__type_support.h
[2.175s] -- Up-to-date symlink: /home/pierres/COURS/slamnav/install/nav2_msgs/include/nav2_msgs/nav2_msgs/action/detail/compute_path_through_poses__functions.h
[2.175s] -- Up-to-date symlink: /home/pierres/COURS/slamnav/install/nav2_msgs/include/nav2_msgs/nav2_msgs/action/detail/compute_path_through_poses__struct.h
[2.175s] -- Up-to-date symlink: /home/pierres/COURS/slamnav/install/nav2_msgs/include/nav2_msgs/nav2_msgs/action/detail/compute_path_through_poses__type_support.h
[2.175s] -- Up-to-date symlink: /home/pierres/COURS/slamnav/install/nav2_msgs/include/nav2_msgs/nav2_msgs/action/detail/compute_path_to_pose__functions.h
[2.176s] -- Up-to-date symlink: /home/pierres/COURS/slamnav/install/nav2_msgs/include/nav2_msgs/nav2_msgs/action/detail/compute_path_to_pose__struct.h
[2.176s] -- Up-to-date symlink: /home/pierres/COURS/slamnav/install/nav2_msgs/include/nav2_msgs/nav2_msgs/action/detail/compute_path_to_pose__type_support.h
[2.176s] -- Up-to-date symlink: /home/pierres/COURS/slamnav/install/nav2_msgs/include/nav2_msgs/nav2_msgs/action/detail/drive_on_heading__functions.h
[2.176s] -- Up-to-date symlink: /home/pierres/COURS/slamnav/install/nav2_msgs/include/nav2_msgs/nav2_msgs/action/detail/drive_on_heading__struct.h
[2.176s] -- Up-to-date symlink: /home/pierres/COURS/slamnav/install/nav2_msgs/include/nav2_msgs/nav2_msgs/action/detail/drive_on_heading__type_support.h
[2.176s] -- Up-to-date symlink: /home/pierres/COURS/slamnav/install/nav2_msgs/include/nav2_msgs/nav2_msgs/action/detail/dummy_behavior__functions.h
[2.176s] -- Up-to-date symlink: /home/pierres/COURS/slamnav/install/nav2_msgs/include/nav2_msgs/nav2_msgs/action/detail/dummy_behavior__struct.h
[2.176s] -- Up-to-date symlink: /home/pierres/COURS/slamnav/install/nav2_msgs/include/nav2_msgs/nav2_msgs/action/detail/dummy_behavior__type_support.h
[2.176s] -- Up-to-date symlink: /home/pierres/COURS/slamnav/install/nav2_msgs/include/nav2_msgs/nav2_msgs/action/detail/follow_path__functions.h
[2.176s] -- Up-to-date symlink: /home/pierres/COURS/slamnav/install/nav2_msgs/include/nav2_msgs/nav2_msgs/action/detail/follow_path__struct.h
[2.176s] -- Up-to-date symlink: /home/pierres/COURS/slamnav/install/nav2_msgs/include/nav2_msgs/nav2_msgs/action/detail/follow_path__type_support.h
[2.176s] -- Up-to-date symlink: /home/pierres/COURS/slamnav/install/nav2_msgs/include/nav2_msgs/nav2_msgs/action/detail/follow_waypoints__functions.h
[2.176s] -- Up-to-date symlink: /home/pierres/COURS/slamnav/install/nav2_msgs/include/nav2_msgs/nav2_msgs/action/detail/follow_waypoints__struct.h
[2.176s] -- Up-to-date symlink: /home/pierres/COURS/slamnav/install/nav2_msgs/include/nav2_msgs/nav2_msgs/action/detail/follow_waypoints__type_support.h
[2.176s] -- Up-to-date symlink: /home/pierres/COURS/slamnav/install/nav2_msgs/include/nav2_msgs/nav2_msgs/action/detail/navigate_through_poses__functions.h
[2.176s] -- Up-to-date symlink: /home/pierres/COURS/slamnav/install/nav2_msgs/include/nav2_msgs/nav2_msgs/action/detail/navigate_through_poses__struct.h
[2.177s] -- Up-to-date symlink: /home/pierres/COURS/slamnav/install/nav2_msgs/include/nav2_msgs/nav2_msgs/action/detail/navigate_through_poses__type_support.h
[2.177s] -- Up-to-date symlink: /home/pierres/COURS/slamnav/install/nav2_msgs/include/nav2_msgs/nav2_msgs/action/detail/navigate_to_pose__functions.h
[2.177s] -- Up-to-date symlink: /home/pierres/COURS/slamnav/install/nav2_msgs/include/nav2_msgs/nav2_msgs/action/detail/navigate_to_pose__struct.h
[2.177s] -- Up-to-date symlink: /home/pierres/COURS/slamnav/install/nav2_msgs/include/nav2_msgs/nav2_msgs/action/detail/navigate_to_pose__type_support.h
[2.177s] -- Up-to-date symlink: /home/pierres/COURS/slamnav/install/nav2_msgs/include/nav2_msgs/nav2_msgs/action/detail/smooth_path__functions.h
[2.177s] -- Up-to-date symlink: /home/pierres/COURS/slamnav/install/nav2_msgs/include/nav2_msgs/nav2_msgs/action/detail/smooth_path__struct.h
[2.177s] -- Up-to-date symlink: /home/pierres/COURS/slamnav/install/nav2_msgs/include/nav2_msgs/nav2_msgs/action/detail/smooth_path__type_support.h
[2.177s] -- Up-to-date symlink: /home/pierres/COURS/slamnav/install/nav2_msgs/include/nav2_msgs/nav2_msgs/action/detail/spin__functions.h
[2.177s] -- Up-to-date symlink: /home/pierres/COURS/slamnav/install/nav2_msgs/include/nav2_msgs/nav2_msgs/action/detail/spin__struct.h
[2.177s] -- Up-to-date symlink: /home/pierres/COURS/slamnav/install/nav2_msgs/include/nav2_msgs/nav2_msgs/action/detail/spin__type_support.h
[2.177s] -- Up-to-date symlink: /home/pierres/COURS/slamnav/install/nav2_msgs/include/nav2_msgs/nav2_msgs/action/detail/wait__functions.h
[2.177s] -- Up-to-date symlink: /home/pierres/COURS/slamnav/install/nav2_msgs/include/nav2_msgs/nav2_msgs/action/detail/wait__struct.h
[2.177s] -- Up-to-date symlink: /home/pierres/COURS/slamnav/install/nav2_msgs/include/nav2_msgs/nav2_msgs/action/detail/wait__type_support.h
[2.177s] -- Up-to-date symlink: /home/pierres/COURS/slamnav/install/nav2_msgs/include/nav2_msgs/nav2_msgs/action/drive_on_heading.h
[2.177s] -- Up-to-date symlink: /home/pierres/COURS/slamnav/install/nav2_msgs/include/nav2_msgs/nav2_msgs/action/dummy_behavior.h
[2.177s] -- Up-to-date symlink: /home/pierres/COURS/slamnav/install/nav2_msgs/include/nav2_msgs/nav2_msgs/action/follow_path.h
[2.177s] -- Up-to-date symlink: /home/pierres/COURS/slamnav/install/nav2_msgs/include/nav2_msgs/nav2_msgs/action/follow_waypoints.h
[2.178s] -- Up-to-date symlink: /home/pierres/COURS/slamnav/install/nav2_msgs/include/nav2_msgs/nav2_msgs/action/navigate_through_poses.h
[2.178s] -- Up-to-date symlink: /home/pierres/COURS/slamnav/install/nav2_msgs/include/nav2_msgs/nav2_msgs/action/navigate_to_pose.h
[2.178s] -- Up-to-date symlink: /home/pierres/COURS/slamnav/install/nav2_msgs/include/nav2_msgs/nav2_msgs/action/smooth_path.h
[2.178s] -- Up-to-date symlink: /home/pierres/COURS/slamnav/install/nav2_msgs/include/nav2_msgs/nav2_msgs/action/spin.h
[2.178s] -- Up-to-date symlink: /home/pierres/COURS/slamnav/install/nav2_msgs/include/nav2_msgs/nav2_msgs/action/wait.h
[2.178s] -- Up-to-date symlink: /home/pierres/COURS/slamnav/install/nav2_msgs/include/nav2_msgs/nav2_msgs/msg/behavior_tree_log.h
[2.178s] -- Up-to-date symlink: /home/pierres/COURS/slamnav/install/nav2_msgs/include/nav2_msgs/nav2_msgs/msg/behavior_tree_status_change.h
[2.178s] -- Up-to-date symlink: /home/pierres/COURS/slamnav/install/nav2_msgs/include/nav2_msgs/nav2_msgs/msg/collision_monitor_state.h
[2.178s] -- Up-to-date symlink: /home/pierres/COURS/slamnav/install/nav2_msgs/include/nav2_msgs/nav2_msgs/msg/costmap.h
[2.178s] -- Up-to-date symlink: /home/pierres/COURS/slamnav/install/nav2_msgs/include/nav2_msgs/nav2_msgs/msg/costmap_filter_info.h
[2.178s] -- Up-to-date symlink: /home/pierres/COURS/slamnav/install/nav2_msgs/include/nav2_msgs/nav2_msgs/msg/costmap_meta_data.h
[2.178s] -- Up-to-date symlink: /home/pierres/COURS/slamnav/install/nav2_msgs/include/nav2_msgs/nav2_msgs/msg/detail/behavior_tree_log__functions.h
[2.178s] -- Up-to-date symlink: /home/pierres/COURS/slamnav/install/nav2_msgs/include/nav2_msgs/nav2_msgs/msg/detail/behavior_tree_log__struct.h
[2.178s] -- Up-to-date symlink: /home/pierres/COURS/slamnav/install/nav2_msgs/include/nav2_msgs/nav2_msgs/msg/detail/behavior_tree_log__type_support.h
[2.178s] -- Up-to-date symlink: /home/pierres/COURS/slamnav/install/nav2_msgs/include/nav2_msgs/nav2_msgs/msg/detail/behavior_tree_status_change__functions.h
[2.179s] -- Up-to-date symlink: /home/pierres/COURS/slamnav/install/nav2_msgs/include/nav2_msgs/nav2_msgs/msg/detail/behavior_tree_status_change__struct.h
[2.179s] -- Up-to-date symlink: /home/pierres/COURS/slamnav/install/nav2_msgs/include/nav2_msgs/nav2_msgs/msg/detail/behavior_tree_status_change__type_support.h
[2.179s] -- Up-to-date symlink: /home/pierres/COURS/slamnav/install/nav2_msgs/include/nav2_msgs/nav2_msgs/msg/detail/collision_monitor_state__functions.h
[2.179s] -- Up-to-date symlink: /home/pierres/COURS/slamnav/install/nav2_msgs/include/nav2_msgs/nav2_msgs/msg/detail/collision_monitor_state__struct.h
[2.179s] -- Up-to-date symlink: /home/pierres/COURS/slamnav/install/nav2_msgs/include/nav2_msgs/nav2_msgs/msg/detail/collision_monitor_state__type_support.h
[2.179s] -- Up-to-date symlink: /home/pierres/COURS/slamnav/install/nav2_msgs/include/nav2_msgs/nav2_msgs/msg/detail/costmap__functions.h
[2.179s] -- Up-to-date symlink: /home/pierres/COURS/slamnav/install/nav2_msgs/include/nav2_msgs/nav2_msgs/msg/detail/costmap__struct.h
[2.179s] -- Up-to-date symlink: /home/pierres/COURS/slamnav/install/nav2_msgs/include/nav2_msgs/nav2_msgs/msg/detail/costmap__type_support.h
[2.180s] -- Up-to-date symlink: /home/pierres/COURS/slamnav/install/nav2_msgs/include/nav2_msgs/nav2_msgs/msg/detail/costmap_filter_info__functions.h
[2.180s] -- Up-to-date symlink: /home/pierres/COURS/slamnav/install/nav2_msgs/include/nav2_msgs/nav2_msgs/msg/detail/costmap_filter_info__struct.h
[2.180s] -- Up-to-date symlink: /home/pierres/COURS/slamnav/install/nav2_msgs/include/nav2_msgs/nav2_msgs/msg/detail/costmap_filter_info__type_support.h
[2.180s] -- Up-to-date symlink: /home/pierres/COURS/slamnav/install/nav2_msgs/include/nav2_msgs/nav2_msgs/msg/detail/costmap_meta_data__functions.h
[2.180s] -- Up-to-date symlink: /home/pierres/COURS/slamnav/install/nav2_msgs/include/nav2_msgs/nav2_msgs/msg/detail/costmap_meta_data__struct.h
[2.180s] -- Up-to-date symlink: /home/pierres/COURS/slamnav/install/nav2_msgs/include/nav2_msgs/nav2_msgs/msg/detail/costmap_meta_data__type_support.h
[2.180s] -- Up-to-date symlink: /home/pierres/COURS/slamnav/install/nav2_msgs/include/nav2_msgs/nav2_msgs/msg/detail/particle__functions.h
[2.180s] -- Up-to-date symlink: /home/pierres/COURS/slamnav/install/nav2_msgs/include/nav2_msgs/nav2_msgs/msg/detail/particle__struct.h
[2.180s] -- Up-to-date symlink: /home/pierres/COURS/slamnav/install/nav2_msgs/include/nav2_msgs/nav2_msgs/msg/detail/particle__type_support.h
[2.180s] -- Up-to-date symlink: /home/pierres/COURS/slamnav/install/nav2_msgs/include/nav2_msgs/nav2_msgs/msg/detail/particle_cloud__functions.h
[2.180s] -- Up-to-date symlink: /home/pierres/COURS/slamnav/install/nav2_msgs/include/nav2_msgs/nav2_msgs/msg/detail/particle_cloud__struct.h
[2.180s] -- Up-to-date symlink: /home/pierres/COURS/slamnav/install/nav2_msgs/include/nav2_msgs/nav2_msgs/msg/detail/particle_cloud__type_support.h
[2.181s] -- Up-to-date symlink: /home/pierres/COURS/slamnav/install/nav2_msgs/include/nav2_msgs/nav2_msgs/msg/detail/speed_limit__functions.h
[2.181s] -- Up-to-date symlink: /home/pierres/COURS/slamnav/install/nav2_msgs/include/nav2_msgs/nav2_msgs/msg/detail/speed_limit__struct.h
[2.181s] -- Up-to-date symlink: /home/pierres/COURS/slamnav/install/nav2_msgs/include/nav2_msgs/nav2_msgs/msg/detail/speed_limit__type_support.h
[2.181s] -- Up-to-date symlink: /home/pierres/COURS/slamnav/install/nav2_msgs/include/nav2_msgs/nav2_msgs/msg/detail/voxel_grid__functions.h
[2.181s] -- Up-to-date symlink: /home/pierres/COURS/slamnav/install/nav2_msgs/include/nav2_msgs/nav2_msgs/msg/detail/voxel_grid__struct.h
[2.181s] -- Up-to-date symlink: /home/pierres/COURS/slamnav/install/nav2_msgs/include/nav2_msgs/nav2_msgs/msg/detail/voxel_grid__type_support.h
[2.181s] -- Up-to-date symlink: /home/pierres/COURS/slamnav/install/nav2_msgs/include/nav2_msgs/nav2_msgs/msg/particle.h
[2.181s] -- Up-to-date symlink: /home/pierres/COURS/slamnav/install/nav2_msgs/include/nav2_msgs/nav2_msgs/msg/particle_cloud.h
[2.181s] -- Up-to-date symlink: /home/pierres/COURS/slamnav/install/nav2_msgs/include/nav2_msgs/nav2_msgs/msg/rosidl_generator_c__visibility_control.h
[2.182s] -- Up-to-date symlink: /home/pierres/COURS/slamnav/install/nav2_msgs/include/nav2_msgs/nav2_msgs/msg/speed_limit.h
[2.182s] -- Up-to-date symlink: /home/pierres/COURS/slamnav/install/nav2_msgs/include/nav2_msgs/nav2_msgs/msg/voxel_grid.h
[2.182s] -- Up-to-date symlink: /home/pierres/COURS/slamnav/install/nav2_msgs/include/nav2_msgs/nav2_msgs/srv/clear_costmap_around_robot.h
[2.182s] -- Up-to-date symlink: /home/pierres/COURS/slamnav/install/nav2_msgs/include/nav2_msgs/nav2_msgs/srv/clear_costmap_except_region.h
[2.182s] -- Up-to-date symlink: /home/pierres/COURS/slamnav/install/nav2_msgs/include/nav2_msgs/nav2_msgs/srv/clear_entire_costmap.h
[2.182s] -- Up-to-date symlink: /home/pierres/COURS/slamnav/install/nav2_msgs/include/nav2_msgs/nav2_msgs/srv/detail/clear_costmap_around_robot__functions.h
[2.182s] -- Up-to-date symlink: /home/pierres/COURS/slamnav/install/nav2_msgs/include/nav2_msgs/nav2_msgs/srv/detail/clear_costmap_around_robot__struct.h
[2.182s] -- Up-to-date symlink: /home/pierres/COURS/slamnav/install/nav2_msgs/include/nav2_msgs/nav2_msgs/srv/detail/clear_costmap_around_robot__type_support.h
[2.182s] -- Up-to-date symlink: /home/pierres/COURS/slamnav/install/nav2_msgs/include/nav2_msgs/nav2_msgs/srv/detail/clear_costmap_except_region__functions.h
[2.182s] -- Up-to-date symlink: /home/pierres/COURS/slamnav/install/nav2_msgs/include/nav2_msgs/nav2_msgs/srv/detail/clear_costmap_except_region__struct.h
[2.182s] -- Up-to-date symlink: /home/pierres/COURS/slamnav/install/nav2_msgs/include/nav2_msgs/nav2_msgs/srv/detail/clear_costmap_except_region__type_support.h
[2.183s] -- Up-to-date symlink: /home/pierres/COURS/slamnav/install/nav2_msgs/include/nav2_msgs/nav2_msgs/srv/detail/clear_entire_costmap__functions.h
[2.183s] -- Up-to-date symlink: /home/pierres/COURS/slamnav/install/nav2_msgs/include/nav2_msgs/nav2_msgs/srv/detail/clear_entire_costmap__struct.h
[2.183s] -- Up-to-date symlink: /home/pierres/COURS/slamnav/install/nav2_msgs/include/nav2_msgs/nav2_msgs/srv/detail/clear_entire_costmap__type_support.h
[2.183s] -- Up-to-date symlink: /home/pierres/COURS/slamnav/install/nav2_msgs/include/nav2_msgs/nav2_msgs/srv/detail/get_costmap__functions.h
[2.183s] -- Up-to-date symlink: /home/pierres/COURS/slamnav/install/nav2_msgs/include/nav2_msgs/nav2_msgs/srv/detail/get_costmap__struct.h
[2.183s] -- Up-to-date symlink: /home/pierres/COURS/slamnav/install/nav2_msgs/include/nav2_msgs/nav2_msgs/srv/detail/get_costmap__type_support.h
[2.183s] -- Up-to-date symlink: /home/pierres/COURS/slamnav/install/nav2_msgs/include/nav2_msgs/nav2_msgs/srv/detail/is_path_valid__functions.h
[2.183s] -- Up-to-date symlink: /home/pierres/COURS/slamnav/install/nav2_msgs/include/nav2_msgs/nav2_msgs/srv/detail/is_path_valid__struct.h
[2.183s] -- Up-to-date symlink: /home/pierres/COURS/slamnav/install/nav2_msgs/include/nav2_msgs/nav2_msgs/srv/detail/is_path_valid__type_support.h
[2.183s] -- Up-to-date symlink: /home/pierres/COURS/slamnav/install/nav2_msgs/include/nav2_msgs/nav2_msgs/srv/detail/load_map__functions.h
[2.184s] -- Up-to-date symlink: /home/pierres/COURS/slamnav/install/nav2_msgs/include/nav2_msgs/nav2_msgs/srv/detail/load_map__struct.h
[2.184s] -- Up-to-date symlink: /home/pierres/COURS/slamnav/install/nav2_msgs/include/nav2_msgs/nav2_msgs/srv/detail/load_map__type_support.h
[2.184s] -- Up-to-date symlink: /home/pierres/COURS/slamnav/install/nav2_msgs/include/nav2_msgs/nav2_msgs/srv/detail/manage_lifecycle_nodes__functions.h
[2.184s] -- Up-to-date symlink: /home/pierres/COURS/slamnav/install/nav2_msgs/include/nav2_msgs/nav2_msgs/srv/detail/manage_lifecycle_nodes__struct.h
[2.184s] -- Up-to-date symlink: /home/pierres/COURS/slamnav/install/nav2_msgs/include/nav2_msgs/nav2_msgs/srv/detail/manage_lifecycle_nodes__type_support.h
[2.184s] -- Up-to-date symlink: /home/pierres/COURS/slamnav/install/nav2_msgs/include/nav2_msgs/nav2_msgs/srv/detail/save_map__functions.h
[2.184s] -- Up-to-date symlink: /home/pierres/COURS/slamnav/install/nav2_msgs/include/nav2_msgs/nav2_msgs/srv/detail/save_map__struct.h
[2.184s] -- Up-to-date symlink: /home/pierres/COURS/slamnav/install/nav2_msgs/include/nav2_msgs/nav2_msgs/srv/detail/save_map__type_support.h
[2.185s] -- Up-to-date symlink: /home/pierres/COURS/slamnav/install/nav2_msgs/include/nav2_msgs/nav2_msgs/srv/detail/set_initial_pose__functions.h
[2.185s] -- Up-to-date symlink: /home/pierres/COURS/slamnav/install/nav2_msgs/include/nav2_msgs/nav2_msgs/srv/detail/set_initial_pose__struct.h
[2.185s] -- Up-to-date symlink: /home/pierres/COURS/slamnav/install/nav2_msgs/include/nav2_msgs/nav2_msgs/srv/detail/set_initial_pose__type_support.h
[2.185s] -- Up-to-date symlink: /home/pierres/COURS/slamnav/install/nav2_msgs/include/nav2_msgs/nav2_msgs/srv/get_costmap.h
[2.185s] -- Up-to-date symlink: /home/pierres/COURS/slamnav/install/nav2_msgs/include/nav2_msgs/nav2_msgs/srv/is_path_valid.h
[2.185s] -- Up-to-date symlink: /home/pierres/COURS/slamnav/install/nav2_msgs/include/nav2_msgs/nav2_msgs/srv/load_map.h
[2.185s] -- Up-to-date symlink: /home/pierres/COURS/slamnav/install/nav2_msgs/include/nav2_msgs/nav2_msgs/srv/manage_lifecycle_nodes.h
[2.185s] -- Up-to-date symlink: /home/pierres/COURS/slamnav/install/nav2_msgs/include/nav2_msgs/nav2_msgs/srv/save_map.h
[2.185s] -- Up-to-date symlink: /home/pierres/COURS/slamnav/install/nav2_msgs/include/nav2_msgs/nav2_msgs/srv/set_initial_pose.h
[2.185s] -- Up-to-date symlink: /home/pierres/COURS/slamnav/install/nav2_msgs/share/nav2_msgs/environment/library_path.sh
[2.186s] -- Up-to-date symlink: /home/pierres/COURS/slamnav/install/nav2_msgs/share/nav2_msgs/environment/library_path.dsv
[2.186s] -- Up-to-date symlink: /home/pierres/COURS/slamnav/install/nav2_msgs/include/nav2_msgs/nav2_msgs/action/detail/assisted_teleop__rosidl_typesupport_fastrtps_c.h
[2.186s] -- Up-to-date symlink: /home/pierres/COURS/slamnav/install/nav2_msgs/include/nav2_msgs/nav2_msgs/action/detail/back_up__rosidl_typesupport_fastrtps_c.h
[2.186s] -- Up-to-date symlink: /home/pierres/COURS/slamnav/install/nav2_msgs/include/nav2_msgs/nav2_msgs/action/detail/compute_path_through_poses__rosidl_typesupport_fastrtps_c.h
[2.186s] -- Up-to-date symlink: /home/pierres/COURS/slamnav/install/nav2_msgs/include/nav2_msgs/nav2_msgs/action/detail/compute_path_to_pose__rosidl_typesupport_fastrtps_c.h
[2.186s] -- Up-to-date symlink: /home/pierres/COURS/slamnav/install/nav2_msgs/include/nav2_msgs/nav2_msgs/action/detail/drive_on_heading__rosidl_typesupport_fastrtps_c.h
[2.186s] -- Up-to-date symlink: /home/pierres/COURS/slamnav/install/nav2_msgs/include/nav2_msgs/nav2_msgs/action/detail/dummy_behavior__rosidl_typesupport_fastrtps_c.h
[2.186s] -- Up-to-date symlink: /home/pierres/COURS/slamnav/install/nav2_msgs/include/nav2_msgs/nav2_msgs/action/detail/follow_path__rosidl_typesupport_fastrtps_c.h
[2.186s] -- Up-to-date symlink: /home/pierres/COURS/slamnav/install/nav2_msgs/include/nav2_msgs/nav2_msgs/action/detail/follow_waypoints__rosidl_typesupport_fastrtps_c.h
[2.186s] -- Up-to-date symlink: /home/pierres/COURS/slamnav/install/nav2_msgs/include/nav2_msgs/nav2_msgs/action/detail/navigate_through_poses__rosidl_typesupport_fastrtps_c.h
[2.186s] -- Up-to-date symlink: /home/pierres/COURS/slamnav/install/nav2_msgs/include/nav2_msgs/nav2_msgs/action/detail/navigate_to_pose__rosidl_typesupport_fastrtps_c.h
[2.186s] -- Up-to-date symlink: /home/pierres/COURS/slamnav/install/nav2_msgs/include/nav2_msgs/nav2_msgs/action/detail/smooth_path__rosidl_typesupport_fastrtps_c.h
[2.187s] -- Up-to-date symlink: /home/pierres/COURS/slamnav/install/nav2_msgs/include/nav2_msgs/nav2_msgs/action/detail/spin__rosidl_typesupport_fastrtps_c.h
[2.187s] -- Up-to-date symlink: /home/pierres/COURS/slamnav/install/nav2_msgs/include/nav2_msgs/nav2_msgs/action/detail/wait__rosidl_typesupport_fastrtps_c.h
[2.187s] -- Up-to-date symlink: /home/pierres/COURS/slamnav/install/nav2_msgs/include/nav2_msgs/nav2_msgs/msg/detail/behavior_tree_log__rosidl_typesupport_fastrtps_c.h
[2.187s] -- Up-to-date symlink: /home/pierres/COURS/slamnav/install/nav2_msgs/include/nav2_msgs/nav2_msgs/msg/detail/behavior_tree_status_change__rosidl_typesupport_fastrtps_c.h
[2.187s] -- Up-to-date symlink: /home/pierres/COURS/slamnav/install/nav2_msgs/include/nav2_msgs/nav2_msgs/msg/detail/collision_monitor_state__rosidl_typesupport_fastrtps_c.h
[2.187s] -- Up-to-date symlink: /home/pierres/COURS/slamnav/install/nav2_msgs/include/nav2_msgs/nav2_msgs/msg/detail/costmap__rosidl_typesupport_fastrtps_c.h
[2.187s] -- Up-to-date symlink: /home/pierres/COURS/slamnav/install/nav2_msgs/include/nav2_msgs/nav2_msgs/msg/detail/costmap_filter_info__rosidl_typesupport_fastrtps_c.h
[2.187s] -- Up-to-date symlink: /home/pierres/COURS/slamnav/install/nav2_msgs/include/nav2_msgs/nav2_msgs/msg/detail/costmap_meta_data__rosidl_typesupport_fastrtps_c.h
[2.187s] -- Up-to-date symlink: /home/pierres/COURS/slamnav/install/nav2_msgs/include/nav2_msgs/nav2_msgs/msg/detail/particle__rosidl_typesupport_fastrtps_c.h
[2.188s] -- Up-to-date symlink: /home/pierres/COURS/slamnav/install/nav2_msgs/include/nav2_msgs/nav2_msgs/msg/detail/particle_cloud__rosidl_typesupport_fastrtps_c.h
[2.188s] -- Up-to-date symlink: /home/pierres/COURS/slamnav/install/nav2_msgs/include/nav2_msgs/nav2_msgs/msg/detail/speed_limit__rosidl_typesupport_fastrtps_c.h
[2.188s] -- Up-to-date symlink: /home/pierres/COURS/slamnav/install/nav2_msgs/include/nav2_msgs/nav2_msgs/msg/detail/voxel_grid__rosidl_typesupport_fastrtps_c.h
[2.188s] -- Up-to-date symlink: /home/pierres/COURS/slamnav/install/nav2_msgs/include/nav2_msgs/nav2_msgs/msg/rosidl_typesupport_fastrtps_c__visibility_control.h
[2.188s] -- Up-to-date symlink: /home/pierres/COURS/slamnav/install/nav2_msgs/include/nav2_msgs/nav2_msgs/srv/detail/clear_costmap_around_robot__rosidl_typesupport_fastrtps_c.h
[2.188s] -- Up-to-date symlink: /home/pierres/COURS/slamnav/install/nav2_msgs/include/nav2_msgs/nav2_msgs/srv/detail/clear_costmap_except_region__rosidl_typesupport_fastrtps_c.h
[2.188s] -- Up-to-date symlink: /home/pierres/COURS/slamnav/install/nav2_msgs/include/nav2_msgs/nav2_msgs/srv/detail/clear_entire_costmap__rosidl_typesupport_fastrtps_c.h
[2.188s] -- Up-to-date symlink: /home/pierres/COURS/slamnav/install/nav2_msgs/include/nav2_msgs/nav2_msgs/srv/detail/get_costmap__rosidl_typesupport_fastrtps_c.h
[2.188s] -- Up-to-date symlink: /home/pierres/COURS/slamnav/install/nav2_msgs/include/nav2_msgs/nav2_msgs/srv/detail/is_path_valid__rosidl_typesupport_fastrtps_c.h
[2.188s] -- Up-to-date symlink: /home/pierres/COURS/slamnav/install/nav2_msgs/include/nav2_msgs/nav2_msgs/srv/detail/load_map__rosidl_typesupport_fastrtps_c.h
[2.188s] -- Up-to-date symlink: /home/pierres/COURS/slamnav/install/nav2_msgs/include/nav2_msgs/nav2_msgs/srv/detail/manage_lifecycle_nodes__rosidl_typesupport_fastrtps_c.h
[2.189s] -- Up-to-date symlink: /home/pierres/COURS/slamnav/install/nav2_msgs/include/nav2_msgs/nav2_msgs/srv/detail/save_map__rosidl_typesupport_fastrtps_c.h
[2.189s] -- Up-to-date symlink: /home/pierres/COURS/slamnav/install/nav2_msgs/include/nav2_msgs/nav2_msgs/srv/detail/set_initial_pose__rosidl_typesupport_fastrtps_c.h
[2.189s] -- Up-to-date symlink: /home/pierres/COURS/slamnav/install/nav2_msgs/include/nav2_msgs/nav2_msgs/action/assisted_teleop.hpp
[2.189s] -- Up-to-date symlink: /home/pierres/COURS/slamnav/install/nav2_msgs/include/nav2_msgs/nav2_msgs/action/back_up.hpp
[2.189s] -- Up-to-date symlink: /home/pierres/COURS/slamnav/install/nav2_msgs/include/nav2_msgs/nav2_msgs/action/compute_path_through_poses.hpp
[2.189s] -- Up-to-date symlink: /home/pierres/COURS/slamnav/install/nav2_msgs/include/nav2_msgs/nav2_msgs/action/compute_path_to_pose.hpp
[2.189s] -- Up-to-date symlink: /home/pierres/COURS/slamnav/install/nav2_msgs/include/nav2_msgs/nav2_msgs/action/detail/assisted_teleop__builder.hpp
[2.189s] -- Up-to-date symlink: /home/pierres/COURS/slamnav/install/nav2_msgs/include/nav2_msgs/nav2_msgs/action/detail/assisted_teleop__struct.hpp
[2.190s] -- Up-to-date symlink: /home/pierres/COURS/slamnav/install/nav2_msgs/include/nav2_msgs/nav2_msgs/action/detail/assisted_teleop__traits.hpp
[2.190s] -- Up-to-date symlink: /home/pierres/COURS/slamnav/install/nav2_msgs/include/nav2_msgs/nav2_msgs/action/detail/back_up__builder.hpp
[2.190s] -- Up-to-date symlink: /home/pierres/COURS/slamnav/install/nav2_msgs/include/nav2_msgs/nav2_msgs/action/detail/back_up__struct.hpp
[2.190s] -- Up-to-date symlink: /home/pierres/COURS/slamnav/install/nav2_msgs/include/nav2_msgs/nav2_msgs/action/detail/back_up__traits.hpp
[2.190s] -- Up-to-date symlink: /home/pierres/COURS/slamnav/install/nav2_msgs/include/nav2_msgs/nav2_msgs/action/detail/compute_path_through_poses__builder.hpp
[2.190s] -- Up-to-date symlink: /home/pierres/COURS/slamnav/install/nav2_msgs/include/nav2_msgs/nav2_msgs/action/detail/compute_path_through_poses__struct.hpp
[2.190s] -- Up-to-date symlink: /home/pierres/COURS/slamnav/install/nav2_msgs/include/nav2_msgs/nav2_msgs/action/detail/compute_path_through_poses__traits.hpp
[2.190s] -- Up-to-date symlink: /home/pierres/COURS/slamnav/install/nav2_msgs/include/nav2_msgs/nav2_msgs/action/detail/compute_path_to_pose__builder.hpp
[2.190s] -- Up-to-date symlink: /home/pierres/COURS/slamnav/install/nav2_msgs/include/nav2_msgs/nav2_msgs/action/detail/compute_path_to_pose__struct.hpp
[2.190s] -- Up-to-date symlink: /home/pierres/COURS/slamnav/install/nav2_msgs/include/nav2_msgs/nav2_msgs/action/detail/compute_path_to_pose__traits.hpp
[2.191s] -- Up-to-date symlink: /home/pierres/COURS/slamnav/install/nav2_msgs/include/nav2_msgs/nav2_msgs/action/detail/drive_on_heading__builder.hpp
[2.191s] -- Up-to-date symlink: /home/pierres/COURS/slamnav/install/nav2_msgs/include/nav2_msgs/nav2_msgs/action/detail/drive_on_heading__struct.hpp
[2.191s] -- Up-to-date symlink: /home/pierres/COURS/slamnav/install/nav2_msgs/include/nav2_msgs/nav2_msgs/action/detail/drive_on_heading__traits.hpp
[2.191s] -- Up-to-date symlink: /home/pierres/COURS/slamnav/install/nav2_msgs/include/nav2_msgs/nav2_msgs/action/detail/dummy_behavior__builder.hpp
[2.191s] -- Up-to-date symlink: /home/pierres/COURS/slamnav/install/nav2_msgs/include/nav2_msgs/nav2_msgs/action/detail/dummy_behavior__struct.hpp
[2.191s] -- Up-to-date symlink: /home/pierres/COURS/slamnav/install/nav2_msgs/include/nav2_msgs/nav2_msgs/action/detail/dummy_behavior__traits.hpp
[2.191s] -- Up-to-date symlink: /home/pierres/COURS/slamnav/install/nav2_msgs/include/nav2_msgs/nav2_msgs/action/detail/follow_path__builder.hpp
[2.191s] -- Up-to-date symlink: /home/pierres/COURS/slamnav/install/nav2_msgs/include/nav2_msgs/nav2_msgs/action/detail/follow_path__struct.hpp
[2.191s] -- Up-to-date symlink: /home/pierres/COURS/slamnav/install/nav2_msgs/include/nav2_msgs/nav2_msgs/action/detail/follow_path__traits.hpp
[2.191s] -- Up-to-date symlink: /home/pierres/COURS/slamnav/install/nav2_msgs/include/nav2_msgs/nav2_msgs/action/detail/follow_waypoints__builder.hpp
[2.192s] -- Up-to-date symlink: /home/pierres/COURS/slamnav/install/nav2_msgs/include/nav2_msgs/nav2_msgs/action/detail/follow_waypoints__struct.hpp
[2.192s] -- Up-to-date symlink: /home/pierres/COURS/slamnav/install/nav2_msgs/include/nav2_msgs/nav2_msgs/action/detail/follow_waypoints__traits.hpp
[2.192s] -- Up-to-date symlink: /home/pierres/COURS/slamnav/install/nav2_msgs/include/nav2_msgs/nav2_msgs/action/detail/navigate_through_poses__builder.hpp
[2.192s] -- Up-to-date symlink: /home/pierres/COURS/slamnav/install/nav2_msgs/include/nav2_msgs/nav2_msgs/action/detail/navigate_through_poses__struct.hpp
[2.192s] -- Up-to-date symlink: /home/pierres/COURS/slamnav/install/nav2_msgs/include/nav2_msgs/nav2_msgs/action/detail/navigate_through_poses__traits.hpp
[2.192s] -- Up-to-date symlink: /home/pierres/COURS/slamnav/install/nav2_msgs/include/nav2_msgs/nav2_msgs/action/detail/navigate_to_pose__builder.hpp
[2.192s] -- Up-to-date symlink: /home/pierres/COURS/slamnav/install/nav2_msgs/include/nav2_msgs/nav2_msgs/action/detail/navigate_to_pose__struct.hpp
[2.192s] -- Up-to-date symlink: /home/pierres/COURS/slamnav/install/nav2_msgs/include/nav2_msgs/nav2_msgs/action/detail/navigate_to_pose__traits.hpp
[2.192s] -- Up-to-date symlink: /home/pierres/COURS/slamnav/install/nav2_msgs/include/nav2_msgs/nav2_msgs/action/detail/smooth_path__builder.hpp
[2.192s] -- Up-to-date symlink: /home/pierres/COURS/slamnav/install/nav2_msgs/include/nav2_msgs/nav2_msgs/action/detail/smooth_path__struct.hpp
[2.193s] -- Up-to-date symlink: /home/pierres/COURS/slamnav/install/nav2_msgs/include/nav2_msgs/nav2_msgs/action/detail/smooth_path__traits.hpp
[2.193s] -- Up-to-date symlink: /home/pierres/COURS/slamnav/install/nav2_msgs/include/nav2_msgs/nav2_msgs/action/detail/spin__builder.hpp
[2.193s] -- Up-to-date symlink: /home/pierres/COURS/slamnav/install/nav2_msgs/include/nav2_msgs/nav2_msgs/action/detail/spin__struct.hpp
[2.193s] -- Up-to-date symlink: /home/pierres/COURS/slamnav/install/nav2_msgs/include/nav2_msgs/nav2_msgs/action/detail/spin__traits.hpp
[2.193s] -- Up-to-date symlink: /home/pierres/COURS/slamnav/install/nav2_msgs/include/nav2_msgs/nav2_msgs/action/detail/wait__builder.hpp
[2.193s] -- Up-to-date symlink: /home/pierres/COURS/slamnav/install/nav2_msgs/include/nav2_msgs/nav2_msgs/action/detail/wait__struct.hpp
[2.193s] -- Up-to-date symlink: /home/pierres/COURS/slamnav/install/nav2_msgs/include/nav2_msgs/nav2_msgs/action/detail/wait__traits.hpp
[2.193s] -- Up-to-date symlink: /home/pierres/COURS/slamnav/install/nav2_msgs/include/nav2_msgs/nav2_msgs/action/drive_on_heading.hpp
[2.193s] -- Up-to-date symlink: /home/pierres/COURS/slamnav/install/nav2_msgs/include/nav2_msgs/nav2_msgs/action/dummy_behavior.hpp
[2.193s] -- Up-to-date symlink: /home/pierres/COURS/slamnav/install/nav2_msgs/include/nav2_msgs/nav2_msgs/action/follow_path.hpp
[2.193s] -- Up-to-date symlink: /home/pierres/COURS/slamnav/install/nav2_msgs/include/nav2_msgs/nav2_msgs/action/follow_waypoints.hpp
[2.193s] -- Up-to-date symlink: /home/pierres/COURS/slamnav/install/nav2_msgs/include/nav2_msgs/nav2_msgs/action/navigate_through_poses.hpp
[2.194s] -- Up-to-date symlink: /home/pierres/COURS/slamnav/install/nav2_msgs/include/nav2_msgs/nav2_msgs/action/navigate_to_pose.hpp
[2.194s] -- Up-to-date symlink: /home/pierres/COURS/slamnav/install/nav2_msgs/include/nav2_msgs/nav2_msgs/action/smooth_path.hpp
[2.194s] -- Up-to-date symlink: /home/pierres/COURS/slamnav/install/nav2_msgs/include/nav2_msgs/nav2_msgs/action/spin.hpp
[2.194s] -- Up-to-date symlink: /home/pierres/COURS/slamnav/install/nav2_msgs/include/nav2_msgs/nav2_msgs/action/wait.hpp
[2.194s] -- Up-to-date symlink: /home/pierres/COURS/slamnav/install/nav2_msgs/include/nav2_msgs/nav2_msgs/msg/behavior_tree_log.hpp
[2.194s] -- Up-to-date symlink: /home/pierres/COURS/slamnav/install/nav2_msgs/include/nav2_msgs/nav2_msgs/msg/behavior_tree_status_change.hpp
[2.194s] -- Up-to-date symlink: /home/pierres/COURS/slamnav/install/nav2_msgs/include/nav2_msgs/nav2_msgs/msg/collision_monitor_state.hpp
[2.194s] -- Up-to-date symlink: /home/pierres/COURS/slamnav/install/nav2_msgs/include/nav2_msgs/nav2_msgs/msg/costmap.hpp
[2.194s] -- Up-to-date symlink: /home/pierres/COURS/slamnav/install/nav2_msgs/include/nav2_msgs/nav2_msgs/msg/costmap_filter_info.hpp
[2.194s] -- Up-to-date symlink: /home/pierres/COURS/slamnav/install/nav2_msgs/include/nav2_msgs/nav2_msgs/msg/costmap_meta_data.hpp
[2.195s] -- Up-to-date symlink: /home/pierres/COURS/slamnav/install/nav2_msgs/include/nav2_msgs/nav2_msgs/msg/detail/behavior_tree_log__builder.hpp
[2.195s] -- Up-to-date symlink: /home/pierres/COURS/slamnav/install/nav2_msgs/include/nav2_msgs/nav2_msgs/msg/detail/behavior_tree_log__struct.hpp
[2.195s] -- Up-to-date symlink: /home/pierres/COURS/slamnav/install/nav2_msgs/include/nav2_msgs/nav2_msgs/msg/detail/behavior_tree_log__traits.hpp
[2.195s] -- Up-to-date symlink: /home/pierres/COURS/slamnav/install/nav2_msgs/include/nav2_msgs/nav2_msgs/msg/detail/behavior_tree_status_change__builder.hpp
[2.195s] -- Up-to-date symlink: /home/pierres/COURS/slamnav/install/nav2_msgs/include/nav2_msgs/nav2_msgs/msg/detail/behavior_tree_status_change__struct.hpp
[2.195s] -- Up-to-date symlink: /home/pierres/COURS/slamnav/install/nav2_msgs/include/nav2_msgs/nav2_msgs/msg/detail/behavior_tree_status_change__traits.hpp
[2.195s] -- Up-to-date symlink: /home/pierres/COURS/slamnav/install/nav2_msgs/include/nav2_msgs/nav2_msgs/msg/detail/collision_monitor_state__builder.hpp
[2.195s] -- Up-to-date symlink: /home/pierres/COURS/slamnav/install/nav2_msgs/include/nav2_msgs/nav2_msgs/msg/detail/collision_monitor_state__struct.hpp
[2.195s] -- Up-to-date symlink: /home/pierres/COURS/slamnav/install/nav2_msgs/include/nav2_msgs/nav2_msgs/msg/detail/collision_monitor_state__traits.hpp
[2.195s] -- Up-to-date symlink: /home/pierres/COURS/slamnav/install/nav2_msgs/include/nav2_msgs/nav2_msgs/msg/detail/costmap__builder.hpp
[2.195s] -- Up-to-date symlink: /home/pierres/COURS/slamnav/install/nav2_msgs/include/nav2_msgs/nav2_msgs/msg/detail/costmap__struct.hpp
[2.196s] -- Up-to-date symlink: /home/pierres/COURS/slamnav/install/nav2_msgs/include/nav2_msgs/nav2_msgs/msg/detail/costmap__traits.hpp
[2.196s] -- Up-to-date symlink: /home/pierres/COURS/slamnav/install/nav2_msgs/include/nav2_msgs/nav2_msgs/msg/detail/costmap_filter_info__builder.hpp
[2.196s] -- Up-to-date symlink: /home/pierres/COURS/slamnav/install/nav2_msgs/include/nav2_msgs/nav2_msgs/msg/detail/costmap_filter_info__struct.hpp
[2.196s] -- Up-to-date symlink: /home/pierres/COURS/slamnav/install/nav2_msgs/include/nav2_msgs/nav2_msgs/msg/detail/costmap_filter_info__traits.hpp
[2.196s] -- Up-to-date symlink: /home/pierres/COURS/slamnav/install/nav2_msgs/include/nav2_msgs/nav2_msgs/msg/detail/costmap_meta_data__builder.hpp
[2.196s] -- Up-to-date symlink: /home/pierres/COURS/slamnav/install/nav2_msgs/include/nav2_msgs/nav2_msgs/msg/detail/costmap_meta_data__struct.hpp
[2.196s] -- Up-to-date symlink: /home/pierres/COURS/slamnav/install/nav2_msgs/include/nav2_msgs/nav2_msgs/msg/detail/costmap_meta_data__traits.hpp
[2.196s] -- Up-to-date symlink: /home/pierres/COURS/slamnav/install/nav2_msgs/include/nav2_msgs/nav2_msgs/msg/detail/particle__builder.hpp
[2.196s] -- Up-to-date symlink: /home/pierres/COURS/slamnav/install/nav2_msgs/include/nav2_msgs/nav2_msgs/msg/detail/particle__struct.hpp
[2.196s] -- Up-to-date symlink: /home/pierres/COURS/slamnav/install/nav2_msgs/include/nav2_msgs/nav2_msgs/msg/detail/particle__traits.hpp
[2.196s] -- Up-to-date symlink: /home/pierres/COURS/slamnav/install/nav2_msgs/include/nav2_msgs/nav2_msgs/msg/detail/particle_cloud__builder.hpp
[2.197s] -- Up-to-date symlink: /home/pierres/COURS/slamnav/install/nav2_msgs/include/nav2_msgs/nav2_msgs/msg/detail/particle_cloud__struct.hpp
[2.197s] -- Up-to-date symlink: /home/pierres/COURS/slamnav/install/nav2_msgs/include/nav2_msgs/nav2_msgs/msg/detail/particle_cloud__traits.hpp
[2.197s] -- Up-to-date symlink: /home/pierres/COURS/slamnav/install/nav2_msgs/include/nav2_msgs/nav2_msgs/msg/detail/speed_limit__builder.hpp
[2.197s] -- Up-to-date symlink: /home/pierres/COURS/slamnav/install/nav2_msgs/include/nav2_msgs/nav2_msgs/msg/detail/speed_limit__struct.hpp
[2.197s] -- Up-to-date symlink: /home/pierres/COURS/slamnav/install/nav2_msgs/include/nav2_msgs/nav2_msgs/msg/detail/speed_limit__traits.hpp
[2.197s] -- Up-to-date symlink: /home/pierres/COURS/slamnav/install/nav2_msgs/include/nav2_msgs/nav2_msgs/msg/detail/voxel_grid__builder.hpp
[2.197s] -- Up-to-date symlink: /home/pierres/COURS/slamnav/install/nav2_msgs/include/nav2_msgs/nav2_msgs/msg/detail/voxel_grid__struct.hpp
[2.197s] -- Up-to-date symlink: /home/pierres/COURS/slamnav/install/nav2_msgs/include/nav2_msgs/nav2_msgs/msg/detail/voxel_grid__traits.hpp
[2.197s] -- Up-to-date symlink: /home/pierres/COURS/slamnav/install/nav2_msgs/include/nav2_msgs/nav2_msgs/msg/particle.hpp
[2.197s] -- Up-to-date symlink: /home/pierres/COURS/slamnav/install/nav2_msgs/include/nav2_msgs/nav2_msgs/msg/particle_cloud.hpp
[2.197s] -- Up-to-date symlink: /home/pierres/COURS/slamnav/install/nav2_msgs/include/nav2_msgs/nav2_msgs/msg/speed_limit.hpp
[2.198s] -- Up-to-date symlink: /home/pierres/COURS/slamnav/install/nav2_msgs/include/nav2_msgs/nav2_msgs/msg/voxel_grid.hpp
[2.198s] -- Up-to-date symlink: /home/pierres/COURS/slamnav/install/nav2_msgs/include/nav2_msgs/nav2_msgs/srv/clear_costmap_around_robot.hpp
[2.198s] -- Up-to-date symlink: /home/pierres/COURS/slamnav/install/nav2_msgs/include/nav2_msgs/nav2_msgs/srv/clear_costmap_except_region.hpp
[2.198s] -- Up-to-date symlink: /home/pierres/COURS/slamnav/install/nav2_msgs/include/nav2_msgs/nav2_msgs/srv/clear_entire_costmap.hpp
[2.198s] -- Up-to-date symlink: /home/pierres/COURS/slamnav/install/nav2_msgs/include/nav2_msgs/nav2_msgs/srv/detail/clear_costmap_around_robot__builder.hpp
[2.198s] -- Up-to-date symlink: /home/pierres/COURS/slamnav/install/nav2_msgs/include/nav2_msgs/nav2_msgs/srv/detail/clear_costmap_around_robot__struct.hpp
[2.198s] -- Up-to-date symlink: /home/pierres/COURS/slamnav/install/nav2_msgs/include/nav2_msgs/nav2_msgs/srv/detail/clear_costmap_around_robot__traits.hpp
[2.198s] -- Up-to-date symlink: /home/pierres/COURS/slamnav/install/nav2_msgs/include/nav2_msgs/nav2_msgs/srv/detail/clear_costmap_except_region__builder.hpp
[2.198s] -- Up-to-date symlink: /home/pierres/COURS/slamnav/install/nav2_msgs/include/nav2_msgs/nav2_msgs/srv/detail/clear_costmap_except_region__struct.hpp
[2.198s] -- Up-to-date symlink: /home/pierres/COURS/slamnav/install/nav2_msgs/include/nav2_msgs/nav2_msgs/srv/detail/clear_costmap_except_region__traits.hpp
[2.198s] -- Up-to-date symlink: /home/pierres/COURS/slamnav/install/nav2_msgs/include/nav2_msgs/nav2_msgs/srv/detail/clear_entire_costmap__builder.hpp
[2.198s] -- Up-to-date symlink: /home/pierres/COURS/slamnav/install/nav2_msgs/include/nav2_msgs/nav2_msgs/srv/detail/clear_entire_costmap__struct.hpp
[2.198s] -- Up-to-date symlink: /home/pierres/COURS/slamnav/install/nav2_msgs/include/nav2_msgs/nav2_msgs/srv/detail/clear_entire_costmap__traits.hpp
[2.198s] -- Up-to-date symlink: /home/pierres/COURS/slamnav/install/nav2_msgs/include/nav2_msgs/nav2_msgs/srv/detail/get_costmap__builder.hpp
[2.198s] -- Up-to-date symlink: /home/pierres/COURS/slamnav/install/nav2_msgs/include/nav2_msgs/nav2_msgs/srv/detail/get_costmap__struct.hpp
[2.198s] -- Up-to-date symlink: /home/pierres/COURS/slamnav/install/nav2_msgs/include/nav2_msgs/nav2_msgs/srv/detail/get_costmap__traits.hpp
[2.198s] -- Up-to-date symlink: /home/pierres/COURS/slamnav/install/nav2_msgs/include/nav2_msgs/nav2_msgs/srv/detail/is_path_valid__builder.hpp
[2.198s] -- Up-to-date symlink: /home/pierres/COURS/slamnav/install/nav2_msgs/include/nav2_msgs/nav2_msgs/srv/detail/is_path_valid__struct.hpp
[2.198s] -- Up-to-date symlink: /home/pierres/COURS/slamnav/install/nav2_msgs/include/nav2_msgs/nav2_msgs/srv/detail/is_path_valid__traits.hpp
[2.198s] -- Up-to-date symlink: /home/pierres/COURS/slamnav/install/nav2_msgs/include/nav2_msgs/nav2_msgs/srv/detail/load_map__builder.hpp
[2.198s] -- Up-to-date symlink: /home/pierres/COURS/slamnav/install/nav2_msgs/include/nav2_msgs/nav2_msgs/srv/detail/load_map__struct.hpp
[2.198s] -- Up-to-date symlink: /home/pierres/COURS/slamnav/install/nav2_msgs/include/nav2_msgs/nav2_msgs/srv/detail/load_map__traits.hpp
[2.198s] -- Up-to-date symlink: /home/pierres/COURS/slamnav/install/nav2_msgs/include/nav2_msgs/nav2_msgs/srv/detail/manage_lifecycle_nodes__builder.hpp
[2.198s] -- Up-to-date symlink: /home/pierres/COURS/slamnav/install/nav2_msgs/include/nav2_msgs/nav2_msgs/srv/detail/manage_lifecycle_nodes__struct.hpp
[2.198s] -- Up-to-date symlink: /home/pierres/COURS/slamnav/install/nav2_msgs/include/nav2_msgs/nav2_msgs/srv/detail/manage_lifecycle_nodes__traits.hpp
[2.198s] -- Up-to-date symlink: /home/pierres/COURS/slamnav/install/nav2_msgs/include/nav2_msgs/nav2_msgs/srv/detail/save_map__builder.hpp
[2.198s] -- Up-to-date symlink: /home/pierres/COURS/slamnav/install/nav2_msgs/include/nav2_msgs/nav2_msgs/srv/detail/save_map__struct.hpp
[2.198s] -- Up-to-date symlink: /home/pierres/COURS/slamnav/install/nav2_msgs/include/nav2_msgs/nav2_msgs/srv/detail/save_map__traits.hpp
[2.198s] -- Up-to-date symlink: /home/pierres/COURS/slamnav/install/nav2_msgs/include/nav2_msgs/nav2_msgs/srv/detail/set_initial_pose__builder.hpp
[2.199s] -- Up-to-date symlink: /home/pierres/COURS/slamnav/install/nav2_msgs/include/nav2_msgs/nav2_msgs/srv/detail/set_initial_pose__struct.hpp
[2.199s] -- Up-to-date symlink: /home/pierres/COURS/slamnav/install/nav2_msgs/include/nav2_msgs/nav2_msgs/srv/detail/set_initial_pose__traits.hpp
[2.199s] -- Up-to-date symlink: /home/pierres/COURS/slamnav/install/nav2_msgs/include/nav2_msgs/nav2_msgs/srv/get_costmap.hpp
[2.199s] -- Up-to-date symlink: /home/pierres/COURS/slamnav/install/nav2_msgs/include/nav2_msgs/nav2_msgs/srv/is_path_valid.hpp
[2.199s] -- Up-to-date symlink: /home/pierres/COURS/slamnav/install/nav2_msgs/include/nav2_msgs/nav2_msgs/srv/load_map.hpp
[2.199s] -- Up-to-date symlink: /home/pierres/COURS/slamnav/install/nav2_msgs/include/nav2_msgs/nav2_msgs/srv/manage_lifecycle_nodes.hpp
[2.199s] -- Up-to-date symlink: /home/pierres/COURS/slamnav/install/nav2_msgs/include/nav2_msgs/nav2_msgs/srv/save_map.hpp
[2.199s] -- Up-to-date symlink: /home/pierres/COURS/slamnav/install/nav2_msgs/include/nav2_msgs/nav2_msgs/srv/set_initial_pose.hpp
[2.199s] -- Up-to-date symlink: /home/pierres/COURS/slamnav/install/nav2_msgs/include/nav2_msgs/nav2_msgs/action/detail/assisted_teleop__rosidl_typesupport_fastrtps_cpp.hpp
[2.199s] -- Up-to-date symlink: /home/pierres/COURS/slamnav/install/nav2_msgs/include/nav2_msgs/nav2_msgs/action/detail/back_up__rosidl_typesupport_fastrtps_cpp.hpp
[2.199s] -- Up-to-date symlink: /home/pierres/COURS/slamnav/install/nav2_msgs/include/nav2_msgs/nav2_msgs/action/detail/compute_path_through_poses__rosidl_typesupport_fastrtps_cpp.hpp
[2.199s] -- Up-to-date symlink: /home/pierres/COURS/slamnav/install/nav2_msgs/include/nav2_msgs/nav2_msgs/action/detail/compute_path_to_pose__rosidl_typesupport_fastrtps_cpp.hpp
[2.199s] -- Up-to-date symlink: /home/pierres/COURS/slamnav/install/nav2_msgs/include/nav2_msgs/nav2_msgs/action/detail/drive_on_heading__rosidl_typesupport_fastrtps_cpp.hpp
[2.199s] -- Up-to-date symlink: /home/pierres/COURS/slamnav/install/nav2_msgs/include/nav2_msgs/nav2_msgs/action/detail/dummy_behavior__rosidl_typesupport_fastrtps_cpp.hpp
[2.199s] -- Up-to-date symlink: /home/pierres/COURS/slamnav/install/nav2_msgs/include/nav2_msgs/nav2_msgs/action/detail/follow_path__rosidl_typesupport_fastrtps_cpp.hpp
[2.199s] -- Up-to-date symlink: /home/pierres/COURS/slamnav/install/nav2_msgs/include/nav2_msgs/nav2_msgs/action/detail/follow_waypoints__rosidl_typesupport_fastrtps_cpp.hpp
[2.199s] -- Up-to-date symlink: /home/pierres/COURS/slamnav/install/nav2_msgs/include/nav2_msgs/nav2_msgs/action/detail/navigate_through_poses__rosidl_typesupport_fastrtps_cpp.hpp
[2.199s] -- Up-to-date symlink: /home/pierres/COURS/slamnav/install/nav2_msgs/include/nav2_msgs/nav2_msgs/action/detail/navigate_to_pose__rosidl_typesupport_fastrtps_cpp.hpp
[2.199s] -- Up-to-date symlink: /home/pierres/COURS/slamnav/install/nav2_msgs/include/nav2_msgs/nav2_msgs/action/detail/smooth_path__rosidl_typesupport_fastrtps_cpp.hpp
[2.199s] -- Up-to-date symlink: /home/pierres/COURS/slamnav/install/nav2_msgs/include/nav2_msgs/nav2_msgs/action/detail/spin__rosidl_typesupport_fastrtps_cpp.hpp
[2.199s] -- Up-to-date symlink: /home/pierres/COURS/slamnav/install/nav2_msgs/include/nav2_msgs/nav2_msgs/action/detail/wait__rosidl_typesupport_fastrtps_cpp.hpp
[2.199s] -- Up-to-date symlink: /home/pierres/COURS/slamnav/install/nav2_msgs/include/nav2_msgs/nav2_msgs/msg/detail/behavior_tree_log__rosidl_typesupport_fastrtps_cpp.hpp
[2.199s] -- Up-to-date symlink: /home/pierres/COURS/slamnav/install/nav2_msgs/include/nav2_msgs/nav2_msgs/msg/detail/behavior_tree_status_change__rosidl_typesupport_fastrtps_cpp.hpp
[2.199s] -- Up-to-date symlink: /home/pierres/COURS/slamnav/install/nav2_msgs/include/nav2_msgs/nav2_msgs/msg/detail/collision_monitor_state__rosidl_typesupport_fastrtps_cpp.hpp
[2.199s] -- Up-to-date symlink: /home/pierres/COURS/slamnav/install/nav2_msgs/include/nav2_msgs/nav2_msgs/msg/detail/costmap__rosidl_typesupport_fastrtps_cpp.hpp
[2.199s] -- Up-to-date symlink: /home/pierres/COURS/slamnav/install/nav2_msgs/include/nav2_msgs/nav2_msgs/msg/detail/costmap_filter_info__rosidl_typesupport_fastrtps_cpp.hpp
[2.199s] -- Up-to-date symlink: /home/pierres/COURS/slamnav/install/nav2_msgs/include/nav2_msgs/nav2_msgs/msg/detail/costmap_meta_data__rosidl_typesupport_fastrtps_cpp.hpp
[2.199s] -- Up-to-date symlink: /home/pierres/COURS/slamnav/install/nav2_msgs/include/nav2_msgs/nav2_msgs/msg/detail/particle__rosidl_typesupport_fastrtps_cpp.hpp
[2.199s] -- Up-to-date symlink: /home/pierres/COURS/slamnav/install/nav2_msgs/include/nav2_msgs/nav2_msgs/msg/detail/particle_cloud__rosidl_typesupport_fastrtps_cpp.hpp
[2.199s] -- Up-to-date symlink: /home/pierres/COURS/slamnav/install/nav2_msgs/include/nav2_msgs/nav2_msgs/msg/detail/speed_limit__rosidl_typesupport_fastrtps_cpp.hpp
[2.199s] -- Up-to-date symlink: /home/pierres/COURS/slamnav/install/nav2_msgs/include/nav2_msgs/nav2_msgs/msg/detail/voxel_grid__rosidl_typesupport_fastrtps_cpp.hpp
[2.199s] -- Up-to-date symlink: /home/pierres/COURS/slamnav/install/nav2_msgs/include/nav2_msgs/nav2_msgs/msg/rosidl_typesupport_fastrtps_cpp__visibility_control.h
[2.200s] -- Up-to-date symlink: /home/pierres/COURS/slamnav/install/nav2_msgs/include/nav2_msgs/nav2_msgs/srv/detail/clear_costmap_around_robot__rosidl_typesupport_fastrtps_cpp.hpp
[2.200s] -- Up-to-date symlink: /home/pierres/COURS/slamnav/install/nav2_msgs/include/nav2_msgs/nav2_msgs/srv/detail/clear_costmap_except_region__rosidl_typesupport_fastrtps_cpp.hpp
[2.200s] -- Up-to-date symlink: /home/pierres/COURS/slamnav/install/nav2_msgs/include/nav2_msgs/nav2_msgs/srv/detail/clear_entire_costmap__rosidl_typesupport_fastrtps_cpp.hpp
[2.200s] -- Up-to-date symlink: /home/pierres/COURS/slamnav/install/nav2_msgs/include/nav2_msgs/nav2_msgs/srv/detail/get_costmap__rosidl_typesupport_fastrtps_cpp.hpp
[2.200s] -- Up-to-date symlink: /home/pierres/COURS/slamnav/install/nav2_msgs/include/nav2_msgs/nav2_msgs/srv/detail/is_path_valid__rosidl_typesupport_fastrtps_cpp.hpp
[2.200s] -- Up-to-date symlink: /home/pierres/COURS/slamnav/install/nav2_msgs/include/nav2_msgs/nav2_msgs/srv/detail/load_map__rosidl_typesupport_fastrtps_cpp.hpp
[2.200s] -- Up-to-date symlink: /home/pierres/COURS/slamnav/install/nav2_msgs/include/nav2_msgs/nav2_msgs/srv/detail/manage_lifecycle_nodes__rosidl_typesupport_fastrtps_cpp.hpp
[2.200s] -- Up-to-date symlink: /home/pierres/COURS/slamnav/install/nav2_msgs/include/nav2_msgs/nav2_msgs/srv/detail/save_map__rosidl_typesupport_fastrtps_cpp.hpp
[2.200s] -- Up-to-date symlink: /home/pierres/COURS/slamnav/install/nav2_msgs/include/nav2_msgs/nav2_msgs/srv/detail/set_initial_pose__rosidl_typesupport_fastrtps_cpp.hpp
[2.200s] -- Up-to-date symlink: /home/pierres/COURS/slamnav/install/nav2_msgs/include/nav2_msgs/nav2_msgs/action/detail/assisted_teleop__rosidl_typesupport_introspection_c.h
[2.200s] -- Up-to-date symlink: /home/pierres/COURS/slamnav/install/nav2_msgs/include/nav2_msgs/nav2_msgs/action/detail/back_up__rosidl_typesupport_introspection_c.h
[2.200s] -- Up-to-date symlink: /home/pierres/COURS/slamnav/install/nav2_msgs/include/nav2_msgs/nav2_msgs/action/detail/compute_path_through_poses__rosidl_typesupport_introspection_c.h
[2.200s] -- Up-to-date symlink: /home/pierres/COURS/slamnav/install/nav2_msgs/include/nav2_msgs/nav2_msgs/action/detail/compute_path_to_pose__rosidl_typesupport_introspection_c.h
[2.200s] -- Up-to-date symlink: /home/pierres/COURS/slamnav/install/nav2_msgs/include/nav2_msgs/nav2_msgs/action/detail/drive_on_heading__rosidl_typesupport_introspection_c.h
[2.200s] -- Up-to-date symlink: /home/pierres/COURS/slamnav/install/nav2_msgs/include/nav2_msgs/nav2_msgs/action/detail/dummy_behavior__rosidl_typesupport_introspection_c.h
[2.200s] -- Up-to-date symlink: /home/pierres/COURS/slamnav/install/nav2_msgs/include/nav2_msgs/nav2_msgs/action/detail/follow_path__rosidl_typesupport_introspection_c.h
[2.200s] -- Up-to-date symlink: /home/pierres/COURS/slamnav/install/nav2_msgs/include/nav2_msgs/nav2_msgs/action/detail/follow_waypoints__rosidl_typesupport_introspection_c.h
[2.200s] -- Up-to-date symlink: /home/pierres/COURS/slamnav/install/nav2_msgs/include/nav2_msgs/nav2_msgs/action/detail/navigate_through_poses__rosidl_typesupport_introspection_c.h
[2.200s] -- Up-to-date symlink: /home/pierres/COURS/slamnav/install/nav2_msgs/include/nav2_msgs/nav2_msgs/action/detail/navigate_to_pose__rosidl_typesupport_introspection_c.h
[2.200s] -- Up-to-date symlink: /home/pierres/COURS/slamnav/install/nav2_msgs/include/nav2_msgs/nav2_msgs/action/detail/smooth_path__rosidl_typesupport_introspection_c.h
[2.200s] -- Up-to-date symlink: /home/pierres/COURS/slamnav/install/nav2_msgs/include/nav2_msgs/nav2_msgs/action/detail/spin__rosidl_typesupport_introspection_c.h
[2.200s] -- Up-to-date symlink: /home/pierres/COURS/slamnav/install/nav2_msgs/include/nav2_msgs/nav2_msgs/action/detail/wait__rosidl_typesupport_introspection_c.h
[2.200s] -- Up-to-date symlink: /home/pierres/COURS/slamnav/install/nav2_msgs/include/nav2_msgs/nav2_msgs/msg/detail/behavior_tree_log__rosidl_typesupport_introspection_c.h
[2.201s] -- Up-to-date symlink: /home/pierres/COURS/slamnav/install/nav2_msgs/include/nav2_msgs/nav2_msgs/msg/detail/behavior_tree_status_change__rosidl_typesupport_introspection_c.h
[2.201s] -- Up-to-date symlink: /home/pierres/COURS/slamnav/install/nav2_msgs/include/nav2_msgs/nav2_msgs/msg/detail/collision_monitor_state__rosidl_typesupport_introspection_c.h
[2.201s] -- Up-to-date symlink: /home/pierres/COURS/slamnav/install/nav2_msgs/include/nav2_msgs/nav2_msgs/msg/detail/costmap__rosidl_typesupport_introspection_c.h
[2.201s] -- Up-to-date symlink: /home/pierres/COURS/slamnav/install/nav2_msgs/include/nav2_msgs/nav2_msgs/msg/detail/costmap_filter_info__rosidl_typesupport_introspection_c.h
[2.201s] -- Up-to-date symlink: /home/pierres/COURS/slamnav/install/nav2_msgs/include/nav2_msgs/nav2_msgs/msg/detail/costmap_meta_data__rosidl_typesupport_introspection_c.h
[2.201s] -- Up-to-date symlink: /home/pierres/COURS/slamnav/install/nav2_msgs/include/nav2_msgs/nav2_msgs/msg/detail/particle__rosidl_typesupport_introspection_c.h
[2.201s] -- Up-to-date symlink: /home/pierres/COURS/slamnav/install/nav2_msgs/include/nav2_msgs/nav2_msgs/msg/detail/particle_cloud__rosidl_typesupport_introspection_c.h
[2.201s] -- Up-to-date symlink: /home/pierres/COURS/slamnav/install/nav2_msgs/include/nav2_msgs/nav2_msgs/msg/detail/speed_limit__rosidl_typesupport_introspection_c.h
[2.201s] -- Up-to-date symlink: /home/pierres/COURS/slamnav/install/nav2_msgs/include/nav2_msgs/nav2_msgs/msg/detail/voxel_grid__rosidl_typesupport_introspection_c.h
[2.201s] -- Up-to-date symlink: /home/pierres/COURS/slamnav/install/nav2_msgs/include/nav2_msgs/nav2_msgs/msg/rosidl_typesupport_introspection_c__visibility_control.h
[2.202s] -- Up-to-date symlink: /home/pierres/COURS/slamnav/install/nav2_msgs/include/nav2_msgs/nav2_msgs/srv/detail/clear_costmap_around_robot__rosidl_typesupport_introspection_c.h
[2.202s] -- Up-to-date symlink: /home/pierres/COURS/slamnav/install/nav2_msgs/include/nav2_msgs/nav2_msgs/srv/detail/clear_costmap_except_region__rosidl_typesupport_introspection_c.h
[2.202s] -- Up-to-date symlink: /home/pierres/COURS/slamnav/install/nav2_msgs/include/nav2_msgs/nav2_msgs/srv/detail/clear_entire_costmap__rosidl_typesupport_introspection_c.h
[2.202s] -- Up-to-date symlink: /home/pierres/COURS/slamnav/install/nav2_msgs/include/nav2_msgs/nav2_msgs/srv/detail/get_costmap__rosidl_typesupport_introspection_c.h
[2.202s] -- Up-to-date symlink: /home/pierres/COURS/slamnav/install/nav2_msgs/include/nav2_msgs/nav2_msgs/srv/detail/is_path_valid__rosidl_typesupport_introspection_c.h
[2.202s] -- Up-to-date symlink: /home/pierres/COURS/slamnav/install/nav2_msgs/include/nav2_msgs/nav2_msgs/srv/detail/load_map__rosidl_typesupport_introspection_c.h
[2.202s] -- Up-to-date symlink: /home/pierres/COURS/slamnav/install/nav2_msgs/include/nav2_msgs/nav2_msgs/srv/detail/manage_lifecycle_nodes__rosidl_typesupport_introspection_c.h
[2.202s] -- Up-to-date symlink: /home/pierres/COURS/slamnav/install/nav2_msgs/include/nav2_msgs/nav2_msgs/srv/detail/save_map__rosidl_typesupport_introspection_c.h
[2.202s] -- Up-to-date symlink: /home/pierres/COURS/slamnav/install/nav2_msgs/include/nav2_msgs/nav2_msgs/srv/detail/set_initial_pose__rosidl_typesupport_introspection_c.h
[2.202s] -- Up-to-date symlink: /home/pierres/COURS/slamnav/install/nav2_msgs/include/nav2_msgs/nav2_msgs/action/detail/assisted_teleop__rosidl_typesupport_introspection_cpp.hpp
[2.202s] -- Up-to-date symlink: /home/pierres/COURS/slamnav/install/nav2_msgs/include/nav2_msgs/nav2_msgs/action/detail/back_up__rosidl_typesupport_introspection_cpp.hpp
[2.203s] -- Up-to-date symlink: /home/pierres/COURS/slamnav/install/nav2_msgs/include/nav2_msgs/nav2_msgs/action/detail/compute_path_through_poses__rosidl_typesupport_introspection_cpp.hpp
[2.203s] -- Up-to-date symlink: /home/pierres/COURS/slamnav/install/nav2_msgs/include/nav2_msgs/nav2_msgs/action/detail/compute_path_to_pose__rosidl_typesupport_introspection_cpp.hpp
[2.203s] -- Up-to-date symlink: /home/pierres/COURS/slamnav/install/nav2_msgs/include/nav2_msgs/nav2_msgs/action/detail/drive_on_heading__rosidl_typesupport_introspection_cpp.hpp
[2.203s] -- Up-to-date symlink: /home/pierres/COURS/slamnav/install/nav2_msgs/include/nav2_msgs/nav2_msgs/action/detail/dummy_behavior__rosidl_typesupport_introspection_cpp.hpp
[2.203s] -- Up-to-date symlink: /home/pierres/COURS/slamnav/install/nav2_msgs/include/nav2_msgs/nav2_msgs/action/detail/follow_path__rosidl_typesupport_introspection_cpp.hpp
[2.203s] -- Up-to-date symlink: /home/pierres/COURS/slamnav/install/nav2_msgs/include/nav2_msgs/nav2_msgs/action/detail/follow_waypoints__rosidl_typesupport_introspection_cpp.hpp
[2.203s] -- Up-to-date symlink: /home/pierres/COURS/slamnav/install/nav2_msgs/include/nav2_msgs/nav2_msgs/action/detail/navigate_through_poses__rosidl_typesupport_introspection_cpp.hpp
[2.203s] -- Up-to-date symlink: /home/pierres/COURS/slamnav/install/nav2_msgs/include/nav2_msgs/nav2_msgs/action/detail/navigate_to_pose__rosidl_typesupport_introspection_cpp.hpp
[2.203s] -- Up-to-date symlink: /home/pierres/COURS/slamnav/install/nav2_msgs/include/nav2_msgs/nav2_msgs/action/detail/smooth_path__rosidl_typesupport_introspection_cpp.hpp
[2.203s] -- Up-to-date symlink: /home/pierres/COURS/slamnav/install/nav2_msgs/include/nav2_msgs/nav2_msgs/action/detail/spin__rosidl_typesupport_introspection_cpp.hpp
[2.204s] -- Up-to-date symlink: /home/pierres/COURS/slamnav/install/nav2_msgs/include/nav2_msgs/nav2_msgs/action/detail/wait__rosidl_typesupport_introspection_cpp.hpp
[2.204s] -- Up-to-date symlink: /home/pierres/COURS/slamnav/install/nav2_msgs/include/nav2_msgs/nav2_msgs/msg/detail/behavior_tree_log__rosidl_typesupport_introspection_cpp.hpp
[2.204s] -- Up-to-date symlink: /home/pierres/COURS/slamnav/install/nav2_msgs/include/nav2_msgs/nav2_msgs/msg/detail/behavior_tree_status_change__rosidl_typesupport_introspection_cpp.hpp
[2.204s] -- Up-to-date symlink: /home/pierres/COURS/slamnav/install/nav2_msgs/include/nav2_msgs/nav2_msgs/msg/detail/collision_monitor_state__rosidl_typesupport_introspection_cpp.hpp
[2.204s] -- Up-to-date symlink: /home/pierres/COURS/slamnav/install/nav2_msgs/include/nav2_msgs/nav2_msgs/msg/detail/costmap__rosidl_typesupport_introspection_cpp.hpp
[2.204s] -- Up-to-date symlink: /home/pierres/COURS/slamnav/install/nav2_msgs/include/nav2_msgs/nav2_msgs/msg/detail/costmap_filter_info__rosidl_typesupport_introspection_cpp.hpp
[2.204s] -- Up-to-date symlink: /home/pierres/COURS/slamnav/install/nav2_msgs/include/nav2_msgs/nav2_msgs/msg/detail/costmap_meta_data__rosidl_typesupport_introspection_cpp.hpp
[2.204s] -- Up-to-date symlink: /home/pierres/COURS/slamnav/install/nav2_msgs/include/nav2_msgs/nav2_msgs/msg/detail/particle__rosidl_typesupport_introspection_cpp.hpp
[2.204s] -- Up-to-date symlink: /home/pierres/COURS/slamnav/install/nav2_msgs/include/nav2_msgs/nav2_msgs/msg/detail/particle_cloud__rosidl_typesupport_introspection_cpp.hpp
[2.204s] -- Up-to-date symlink: /home/pierres/COURS/slamnav/install/nav2_msgs/include/nav2_msgs/nav2_msgs/msg/detail/speed_limit__rosidl_typesupport_introspection_cpp.hpp
[2.205s] -- Up-to-date symlink: /home/pierres/COURS/slamnav/install/nav2_msgs/include/nav2_msgs/nav2_msgs/msg/detail/voxel_grid__rosidl_typesupport_introspection_cpp.hpp
[2.205s] -- Up-to-date symlink: /home/pierres/COURS/slamnav/install/nav2_msgs/include/nav2_msgs/nav2_msgs/srv/detail/clear_costmap_around_robot__rosidl_typesupport_introspection_cpp.hpp
[2.205s] -- Up-to-date symlink: /home/pierres/COURS/slamnav/install/nav2_msgs/include/nav2_msgs/nav2_msgs/srv/detail/clear_costmap_except_region__rosidl_typesupport_introspection_cpp.hpp
[2.205s] -- Up-to-date symlink: /home/pierres/COURS/slamnav/install/nav2_msgs/include/nav2_msgs/nav2_msgs/srv/detail/clear_entire_costmap__rosidl_typesupport_introspection_cpp.hpp
[2.205s] -- Up-to-date symlink: /home/pierres/COURS/slamnav/install/nav2_msgs/include/nav2_msgs/nav2_msgs/srv/detail/get_costmap__rosidl_typesupport_introspection_cpp.hpp
[2.205s] -- Up-to-date symlink: /home/pierres/COURS/slamnav/install/nav2_msgs/include/nav2_msgs/nav2_msgs/srv/detail/is_path_valid__rosidl_typesupport_introspection_cpp.hpp
[2.205s] -- Up-to-date symlink: /home/pierres/COURS/slamnav/install/nav2_msgs/include/nav2_msgs/nav2_msgs/srv/detail/load_map__rosidl_typesupport_introspection_cpp.hpp
[2.205s] -- Up-to-date symlink: /home/pierres/COURS/slamnav/install/nav2_msgs/include/nav2_msgs/nav2_msgs/srv/detail/manage_lifecycle_nodes__rosidl_typesupport_introspection_cpp.hpp
[2.205s] -- Up-to-date symlink: /home/pierres/COURS/slamnav/install/nav2_msgs/include/nav2_msgs/nav2_msgs/srv/detail/save_map__rosidl_typesupport_introspection_cpp.hpp
[2.205s] -- Up-to-date symlink: /home/pierres/COURS/slamnav/install/nav2_msgs/include/nav2_msgs/nav2_msgs/srv/detail/set_initial_pose__rosidl_typesupport_introspection_cpp.hpp
[2.205s] -- Up-to-date symlink: /home/pierres/COURS/slamnav/install/nav2_msgs/share/nav2_msgs/environment/pythonpath.sh
[2.206s] -- Up-to-date symlink: /home/pierres/COURS/slamnav/install/nav2_msgs/share/nav2_msgs/environment/pythonpath.dsv
[2.206s] -- Up-to-date symlink: /home/pierres/COURS/slamnav/install/nav2_msgs/local/lib/python3.10/dist-packages/nav2_msgs-1.1.16-py3.10.egg-info/PKG-INFO
[2.206s] -- Up-to-date symlink: /home/pierres/COURS/slamnav/install/nav2_msgs/local/lib/python3.10/dist-packages/nav2_msgs-1.1.16-py3.10.egg-info/SOURCES.txt
[2.206s] -- Up-to-date symlink: /home/pierres/COURS/slamnav/install/nav2_msgs/local/lib/python3.10/dist-packages/nav2_msgs-1.1.16-py3.10.egg-info/dependency_links.txt
[2.206s] -- Up-to-date symlink: /home/pierres/COURS/slamnav/install/nav2_msgs/local/lib/python3.10/dist-packages/nav2_msgs-1.1.16-py3.10.egg-info/top_level.txt
[2.206s] -- Up-to-date symlink: /home/pierres/COURS/slamnav/install/nav2_msgs/local/lib/python3.10/dist-packages/nav2_msgs/__init__.py
[2.206s] -- Up-to-date symlink: /home/pierres/COURS/slamnav/install/nav2_msgs/local/lib/python3.10/dist-packages/nav2_msgs/_nav2_msgs_s.ep.rosidl_typesupport_c.c
[2.206s] -- Up-to-date symlink: /home/pierres/COURS/slamnav/install/nav2_msgs/local/lib/python3.10/dist-packages/nav2_msgs/_nav2_msgs_s.ep.rosidl_typesupport_fastrtps_c.c
[2.206s] -- Up-to-date symlink: /home/pierres/COURS/slamnav/install/nav2_msgs/local/lib/python3.10/dist-packages/nav2_msgs/_nav2_msgs_s.ep.rosidl_typesupport_introspection_c.c
[2.207s] -- Up-to-date symlink: /home/pierres/COURS/slamnav/install/nav2_msgs/local/lib/python3.10/dist-packages/nav2_msgs/action/__init__.py
[2.207s] -- Up-to-date symlink: /home/pierres/COURS/slamnav/install/nav2_msgs/local/lib/python3.10/dist-packages/nav2_msgs/action/_assisted_teleop.py
[2.207s] -- Up-to-date symlink: /home/pierres/COURS/slamnav/install/nav2_msgs/local/lib/python3.10/dist-packages/nav2_msgs/action/_assisted_teleop_s.c
[2.207s] -- Up-to-date symlink: /home/pierres/COURS/slamnav/install/nav2_msgs/local/lib/python3.10/dist-packages/nav2_msgs/action/_back_up.py
[2.207s] -- Up-to-date symlink: /home/pierres/COURS/slamnav/install/nav2_msgs/local/lib/python3.10/dist-packages/nav2_msgs/action/_back_up_s.c
[2.207s] -- Up-to-date symlink: /home/pierres/COURS/slamnav/install/nav2_msgs/local/lib/python3.10/dist-packages/nav2_msgs/action/_compute_path_through_poses.py
[2.207s] -- Up-to-date symlink: /home/pierres/COURS/slamnav/install/nav2_msgs/local/lib/python3.10/dist-packages/nav2_msgs/action/_compute_path_through_poses_s.c
[2.207s] -- Up-to-date symlink: /home/pierres/COURS/slamnav/install/nav2_msgs/local/lib/python3.10/dist-packages/nav2_msgs/action/_compute_path_to_pose.py
[2.207s] -- Up-to-date symlink: /home/pierres/COURS/slamnav/install/nav2_msgs/local/lib/python3.10/dist-packages/nav2_msgs/action/_compute_path_to_pose_s.c
[2.207s] -- Up-to-date symlink: /home/pierres/COURS/slamnav/install/nav2_msgs/local/lib/python3.10/dist-packages/nav2_msgs/action/_drive_on_heading.py
[2.207s] -- Up-to-date symlink: /home/pierres/COURS/slamnav/install/nav2_msgs/local/lib/python3.10/dist-packages/nav2_msgs/action/_drive_on_heading_s.c
[2.208s] -- Up-to-date symlink: /home/pierres/COURS/slamnav/install/nav2_msgs/local/lib/python3.10/dist-packages/nav2_msgs/action/_dummy_behavior.py
[2.208s] -- Up-to-date symlink: /home/pierres/COURS/slamnav/install/nav2_msgs/local/lib/python3.10/dist-packages/nav2_msgs/action/_dummy_behavior_s.c
[2.208s] -- Up-to-date symlink: /home/pierres/COURS/slamnav/install/nav2_msgs/local/lib/python3.10/dist-packages/nav2_msgs/action/_follow_path.py
[2.208s] -- Up-to-date symlink: /home/pierres/COURS/slamnav/install/nav2_msgs/local/lib/python3.10/dist-packages/nav2_msgs/action/_follow_path_s.c
[2.208s] -- Up-to-date symlink: /home/pierres/COURS/slamnav/install/nav2_msgs/local/lib/python3.10/dist-packages/nav2_msgs/action/_follow_waypoints.py
[2.208s] -- Up-to-date symlink: /home/pierres/COURS/slamnav/install/nav2_msgs/local/lib/python3.10/dist-packages/nav2_msgs/action/_follow_waypoints_s.c
[2.208s] -- Up-to-date symlink: /home/pierres/COURS/slamnav/install/nav2_msgs/local/lib/python3.10/dist-packages/nav2_msgs/action/_navigate_through_poses.py
[2.208s] -- Up-to-date symlink: /home/pierres/COURS/slamnav/install/nav2_msgs/local/lib/python3.10/dist-packages/nav2_msgs/action/_navigate_through_poses_s.c
[2.209s] -- Up-to-date symlink: /home/pierres/COURS/slamnav/install/nav2_msgs/local/lib/python3.10/dist-packages/nav2_msgs/action/_navigate_to_pose.py
[2.209s] -- Up-to-date symlink: /home/pierres/COURS/slamnav/install/nav2_msgs/local/lib/python3.10/dist-packages/nav2_msgs/action/_navigate_to_pose_s.c
[2.209s] -- Up-to-date symlink: /home/pierres/COURS/slamnav/install/nav2_msgs/local/lib/python3.10/dist-packages/nav2_msgs/action/_smooth_path.py
[2.209s] -- Up-to-date symlink: /home/pierres/COURS/slamnav/install/nav2_msgs/local/lib/python3.10/dist-packages/nav2_msgs/action/_smooth_path_s.c
[2.209s] -- Up-to-date symlink: /home/pierres/COURS/slamnav/install/nav2_msgs/local/lib/python3.10/dist-packages/nav2_msgs/action/_spin.py
[2.209s] -- Up-to-date symlink: /home/pierres/COURS/slamnav/install/nav2_msgs/local/lib/python3.10/dist-packages/nav2_msgs/action/_spin_s.c
[2.209s] -- Up-to-date symlink: /home/pierres/COURS/slamnav/install/nav2_msgs/local/lib/python3.10/dist-packages/nav2_msgs/action/_wait.py
[2.209s] -- Up-to-date symlink: /home/pierres/COURS/slamnav/install/nav2_msgs/local/lib/python3.10/dist-packages/nav2_msgs/action/_wait_s.c
[2.209s] -- Up-to-date symlink: /home/pierres/COURS/slamnav/install/nav2_msgs/local/lib/python3.10/dist-packages/nav2_msgs/libnav2_msgs__rosidl_generator_py.so
[2.209s] -- Up-to-date symlink: /home/pierres/COURS/slamnav/install/nav2_msgs/local/lib/python3.10/dist-packages/nav2_msgs/msg/__init__.py
[2.210s] -- Up-to-date symlink: /home/pierres/COURS/slamnav/install/nav2_msgs/local/lib/python3.10/dist-packages/nav2_msgs/msg/_behavior_tree_log.py
[2.210s] -- Up-to-date symlink: /home/pierres/COURS/slamnav/install/nav2_msgs/local/lib/python3.10/dist-packages/nav2_msgs/msg/_behavior_tree_log_s.c
[2.210s] -- Up-to-date symlink: /home/pierres/COURS/slamnav/install/nav2_msgs/local/lib/python3.10/dist-packages/nav2_msgs/msg/_behavior_tree_status_change.py
[2.210s] -- Up-to-date symlink: /home/pierres/COURS/slamnav/install/nav2_msgs/local/lib/python3.10/dist-packages/nav2_msgs/msg/_behavior_tree_status_change_s.c
[2.210s] -- Up-to-date symlink: /home/pierres/COURS/slamnav/install/nav2_msgs/local/lib/python3.10/dist-packages/nav2_msgs/msg/_collision_monitor_state.py
[2.210s] -- Up-to-date symlink: /home/pierres/COURS/slamnav/install/nav2_msgs/local/lib/python3.10/dist-packages/nav2_msgs/msg/_collision_monitor_state_s.c
[2.210s] -- Up-to-date symlink: /home/pierres/COURS/slamnav/install/nav2_msgs/local/lib/python3.10/dist-packages/nav2_msgs/msg/_costmap.py
[2.210s] -- Up-to-date symlink: /home/pierres/COURS/slamnav/install/nav2_msgs/local/lib/python3.10/dist-packages/nav2_msgs/msg/_costmap_filter_info.py
[2.210s] -- Up-to-date symlink: /home/pierres/COURS/slamnav/install/nav2_msgs/local/lib/python3.10/dist-packages/nav2_msgs/msg/_costmap_filter_info_s.c
[2.210s] -- Up-to-date symlink: /home/pierres/COURS/slamnav/install/nav2_msgs/local/lib/python3.10/dist-packages/nav2_msgs/msg/_costmap_meta_data.py
[2.211s] -- Up-to-date symlink: /home/pierres/COURS/slamnav/install/nav2_msgs/local/lib/python3.10/dist-packages/nav2_msgs/msg/_costmap_meta_data_s.c
[2.211s] -- Up-to-date symlink: /home/pierres/COURS/slamnav/install/nav2_msgs/local/lib/python3.10/dist-packages/nav2_msgs/msg/_costmap_s.c
[2.211s] -- Up-to-date symlink: /home/pierres/COURS/slamnav/install/nav2_msgs/local/lib/python3.10/dist-packages/nav2_msgs/msg/_particle.py
[2.211s] -- Up-to-date symlink: /home/pierres/COURS/slamnav/install/nav2_msgs/local/lib/python3.10/dist-packages/nav2_msgs/msg/_particle_cloud.py
[2.211s] -- Up-to-date symlink: /home/pierres/COURS/slamnav/install/nav2_msgs/local/lib/python3.10/dist-packages/nav2_msgs/msg/_particle_cloud_s.c
[2.211s] -- Up-to-date symlink: /home/pierres/COURS/slamnav/install/nav2_msgs/local/lib/python3.10/dist-packages/nav2_msgs/msg/_particle_s.c
[2.211s] -- Up-to-date symlink: /home/pierres/COURS/slamnav/install/nav2_msgs/local/lib/python3.10/dist-packages/nav2_msgs/msg/_speed_limit.py
[2.211s] -- Up-to-date symlink: /home/pierres/COURS/slamnav/install/nav2_msgs/local/lib/python3.10/dist-packages/nav2_msgs/msg/_speed_limit_s.c
[2.211s] -- Up-to-date symlink: /home/pierres/COURS/slamnav/install/nav2_msgs/local/lib/python3.10/dist-packages/nav2_msgs/msg/_voxel_grid.py
[2.211s] -- Up-to-date symlink: /home/pierres/COURS/slamnav/install/nav2_msgs/local/lib/python3.10/dist-packages/nav2_msgs/msg/_voxel_grid_s.c
[2.211s] -- Up-to-date symlink: /home/pierres/COURS/slamnav/install/nav2_msgs/local/lib/python3.10/dist-packages/nav2_msgs/nav2_msgs_s__rosidl_typesupport_c.cpython-310-x86_64-linux-gnu.so
[2.211s] -- Up-to-date symlink: /home/pierres/COURS/slamnav/install/nav2_msgs/local/lib/python3.10/dist-packages/nav2_msgs/nav2_msgs_s__rosidl_typesupport_fastrtps_c.cpython-310-x86_64-linux-gnu.so
[2.211s] -- Up-to-date symlink: /home/pierres/COURS/slamnav/install/nav2_msgs/local/lib/python3.10/dist-packages/nav2_msgs/nav2_msgs_s__rosidl_typesupport_introspection_c.cpython-310-x86_64-linux-gnu.so
[2.212s] -- Up-to-date symlink: /home/pierres/COURS/slamnav/install/nav2_msgs/local/lib/python3.10/dist-packages/nav2_msgs/srv/__init__.py
[2.212s] -- Up-to-date symlink: /home/pierres/COURS/slamnav/install/nav2_msgs/local/lib/python3.10/dist-packages/nav2_msgs/srv/_clear_costmap_around_robot.py
[2.212s] -- Up-to-date symlink: /home/pierres/COURS/slamnav/install/nav2_msgs/local/lib/python3.10/dist-packages/nav2_msgs/srv/_clear_costmap_around_robot_s.c
[2.212s] -- Up-to-date symlink: /home/pierres/COURS/slamnav/install/nav2_msgs/local/lib/python3.10/dist-packages/nav2_msgs/srv/_clear_costmap_except_region.py
[2.212s] -- Up-to-date symlink: /home/pierres/COURS/slamnav/install/nav2_msgs/local/lib/python3.10/dist-packages/nav2_msgs/srv/_clear_costmap_except_region_s.c
[2.212s] -- Up-to-date symlink: /home/pierres/COURS/slamnav/install/nav2_msgs/local/lib/python3.10/dist-packages/nav2_msgs/srv/_clear_entire_costmap.py
[2.212s] -- Up-to-date symlink: /home/pierres/COURS/slamnav/install/nav2_msgs/local/lib/python3.10/dist-packages/nav2_msgs/srv/_clear_entire_costmap_s.c
[2.212s] -- Up-to-date symlink: /home/pierres/COURS/slamnav/install/nav2_msgs/local/lib/python3.10/dist-packages/nav2_msgs/srv/_get_costmap.py
[2.212s] -- Up-to-date symlink: /home/pierres/COURS/slamnav/install/nav2_msgs/local/lib/python3.10/dist-packages/nav2_msgs/srv/_get_costmap_s.c
[2.212s] -- Up-to-date symlink: /home/pierres/COURS/slamnav/install/nav2_msgs/local/lib/python3.10/dist-packages/nav2_msgs/srv/_is_path_valid.py
[2.212s] -- Up-to-date symlink: /home/pierres/COURS/slamnav/install/nav2_msgs/local/lib/python3.10/dist-packages/nav2_msgs/srv/_is_path_valid_s.c
[2.212s] -- Up-to-date symlink: /home/pierres/COURS/slamnav/install/nav2_msgs/local/lib/python3.10/dist-packages/nav2_msgs/srv/_load_map.py
[2.212s] -- Up-to-date symlink: /home/pierres/COURS/slamnav/install/nav2_msgs/local/lib/python3.10/dist-packages/nav2_msgs/srv/_load_map_s.c
[2.213s] -- Up-to-date symlink: /home/pierres/COURS/slamnav/install/nav2_msgs/local/lib/python3.10/dist-packages/nav2_msgs/srv/_manage_lifecycle_nodes.py
[2.213s] -- Up-to-date symlink: /home/pierres/COURS/slamnav/install/nav2_msgs/local/lib/python3.10/dist-packages/nav2_msgs/srv/_manage_lifecycle_nodes_s.c
[2.213s] -- Up-to-date symlink: /home/pierres/COURS/slamnav/install/nav2_msgs/local/lib/python3.10/dist-packages/nav2_msgs/srv/_save_map.py
[2.213s] -- Up-to-date symlink: /home/pierres/COURS/slamnav/install/nav2_msgs/local/lib/python3.10/dist-packages/nav2_msgs/srv/_save_map_s.c
[2.213s] -- Up-to-date symlink: /home/pierres/COURS/slamnav/install/nav2_msgs/local/lib/python3.10/dist-packages/nav2_msgs/srv/_set_initial_pose.py
[2.213s] -- Up-to-date symlink: /home/pierres/COURS/slamnav/install/nav2_msgs/local/lib/python3.10/dist-packages/nav2_msgs/srv/_set_initial_pose_s.c
[2.213s] -- Up-to-date symlink: /home/pierres/COURS/slamnav/install/nav2_msgs/local/lib/python3.10/dist-packages/nav2_msgs/nav2_msgs_s__rosidl_typesupport_fastrtps_c.cpython-310-x86_64-linux-gnu.so
[2.213s] -- Up-to-date symlink: /home/pierres/COURS/slamnav/install/nav2_msgs/local/lib/python3.10/dist-packages/nav2_msgs/nav2_msgs_s__rosidl_typesupport_introspection_c.cpython-310-x86_64-linux-gnu.so
[2.213s] -- Up-to-date symlink: /home/pierres/COURS/slamnav/install/nav2_msgs/local/lib/python3.10/dist-packages/nav2_msgs/nav2_msgs_s__rosidl_typesupport_c.cpython-310-x86_64-linux-gnu.so
[2.213s] -- Up-to-date symlink: /home/pierres/COURS/slamnav/install/nav2_msgs/share/nav2_msgs/msg/CollisionMonitorState.idl
[2.213s] -- Up-to-date symlink: /home/pierres/COURS/slamnav/install/nav2_msgs/share/nav2_msgs/msg/Costmap.idl
[2.213s] -- Up-to-date symlink: /home/pierres/COURS/slamnav/install/nav2_msgs/share/nav2_msgs/msg/CostmapMetaData.idl
[2.214s] -- Up-to-date symlink: /home/pierres/COURS/slamnav/install/nav2_msgs/share/nav2_msgs/msg/CostmapFilterInfo.idl
[2.214s] -- Up-to-date symlink: /home/pierres/COURS/slamnav/install/nav2_msgs/share/nav2_msgs/msg/SpeedLimit.idl
[2.214s] -- Up-to-date symlink: /home/pierres/COURS/slamnav/install/nav2_msgs/share/nav2_msgs/msg/VoxelGrid.idl
[2.214s] -- Up-to-date symlink: /home/pierres/COURS/slamnav/install/nav2_msgs/share/nav2_msgs/msg/BehaviorTreeStatusChange.idl
[2.214s] -- Up-to-date symlink: /home/pierres/COURS/slamnav/install/nav2_msgs/share/nav2_msgs/msg/BehaviorTreeLog.idl
[2.214s] -- Up-to-date symlink: /home/pierres/COURS/slamnav/install/nav2_msgs/share/nav2_msgs/msg/Particle.idl
[2.214s] -- Up-to-date symlink: /home/pierres/COURS/slamnav/install/nav2_msgs/share/nav2_msgs/msg/ParticleCloud.idl
[2.214s] -- Up-to-date symlink: /home/pierres/COURS/slamnav/install/nav2_msgs/share/nav2_msgs/srv/GetCostmap.idl
[2.214s] -- Up-to-date symlink: /home/pierres/COURS/slamnav/install/nav2_msgs/share/nav2_msgs/srv/IsPathValid.idl
[2.214s] -- Up-to-date symlink: /home/pierres/COURS/slamnav/install/nav2_msgs/share/nav2_msgs/srv/ClearCostmapExceptRegion.idl
[2.214s] -- Up-to-date symlink: /home/pierres/COURS/slamnav/install/nav2_msgs/share/nav2_msgs/srv/ClearCostmapAroundRobot.idl
[2.214s] -- Up-to-date symlink: /home/pierres/COURS/slamnav/install/nav2_msgs/share/nav2_msgs/srv/ClearEntireCostmap.idl
[2.215s] -- Up-to-date symlink: /home/pierres/COURS/slamnav/install/nav2_msgs/share/nav2_msgs/srv/ManageLifecycleNodes.idl
[2.215s] -- Up-to-date symlink: /home/pierres/COURS/slamnav/install/nav2_msgs/share/nav2_msgs/srv/LoadMap.idl
[2.215s] -- Up-to-date symlink: /home/pierres/COURS/slamnav/install/nav2_msgs/share/nav2_msgs/srv/SaveMap.idl
[2.215s] -- Up-to-date symlink: /home/pierres/COURS/slamnav/install/nav2_msgs/share/nav2_msgs/srv/SetInitialPose.idl
[2.215s] -- Up-to-date symlink: /home/pierres/COURS/slamnav/install/nav2_msgs/share/nav2_msgs/action/AssistedTeleop.idl
[2.215s] -- Up-to-date symlink: /home/pierres/COURS/slamnav/install/nav2_msgs/share/nav2_msgs/action/BackUp.idl
[2.215s] -- Up-to-date symlink: /home/pierres/COURS/slamnav/install/nav2_msgs/share/nav2_msgs/action/ComputePathToPose.idl
[2.215s] -- Up-to-date symlink: /home/pierres/COURS/slamnav/install/nav2_msgs/share/nav2_msgs/action/ComputePathThroughPoses.idl
[2.215s] -- Up-to-date symlink: /home/pierres/COURS/slamnav/install/nav2_msgs/share/nav2_msgs/action/DriveOnHeading.idl
[2.215s] -- Up-to-date symlink: /home/pierres/COURS/slamnav/install/nav2_msgs/share/nav2_msgs/action/SmoothPath.idl
[2.215s] -- Up-to-date symlink: /home/pierres/COURS/slamnav/install/nav2_msgs/share/nav2_msgs/action/FollowPath.idl
[2.215s] -- Up-to-date symlink: /home/pierres/COURS/slamnav/install/nav2_msgs/share/nav2_msgs/action/NavigateToPose.idl
[2.215s] -- Up-to-date symlink: /home/pierres/COURS/slamnav/install/nav2_msgs/share/nav2_msgs/action/NavigateThroughPoses.idl
[2.216s] -- Up-to-date symlink: /home/pierres/COURS/slamnav/install/nav2_msgs/share/nav2_msgs/action/Wait.idl
[2.216s] -- Up-to-date symlink: /home/pierres/COURS/slamnav/install/nav2_msgs/share/nav2_msgs/action/Spin.idl
[2.216s] -- Up-to-date symlink: /home/pierres/COURS/slamnav/install/nav2_msgs/share/nav2_msgs/action/DummyBehavior.idl
[2.216s] -- Up-to-date symlink: /home/pierres/COURS/slamnav/install/nav2_msgs/share/nav2_msgs/action/FollowWaypoints.idl
[2.216s] -- Up-to-date symlink: /home/pierres/COURS/slamnav/install/nav2_msgs/share/nav2_msgs/msg/CollisionMonitorState.msg
[2.216s] -- Up-to-date symlink: /home/pierres/COURS/slamnav/install/nav2_msgs/share/nav2_msgs/msg/Costmap.msg
[2.216s] -- Up-to-date symlink: /home/pierres/COURS/slamnav/install/nav2_msgs/share/nav2_msgs/msg/CostmapMetaData.msg
[2.216s] -- Up-to-date symlink: /home/pierres/COURS/slamnav/install/nav2_msgs/share/nav2_msgs/msg/CostmapFilterInfo.msg
[2.216s] -- Up-to-date symlink: /home/pierres/COURS/slamnav/install/nav2_msgs/share/nav2_msgs/msg/SpeedLimit.msg
[2.216s] -- Up-to-date symlink: /home/pierres/COURS/slamnav/install/nav2_msgs/share/nav2_msgs/msg/VoxelGrid.msg
[2.216s] -- Up-to-date symlink: /home/pierres/COURS/slamnav/install/nav2_msgs/share/nav2_msgs/msg/BehaviorTreeStatusChange.msg
[2.216s] -- Up-to-date symlink: /home/pierres/COURS/slamnav/install/nav2_msgs/share/nav2_msgs/msg/BehaviorTreeLog.msg
[2.217s] -- Up-to-date symlink: /home/pierres/COURS/slamnav/install/nav2_msgs/share/nav2_msgs/msg/Particle.msg
[2.217s] -- Up-to-date symlink: /home/pierres/COURS/slamnav/install/nav2_msgs/share/nav2_msgs/msg/ParticleCloud.msg
[2.217s] -- Up-to-date symlink: /home/pierres/COURS/slamnav/install/nav2_msgs/share/nav2_msgs/srv/GetCostmap.srv
[2.217s] -- Up-to-date symlink: /home/pierres/COURS/slamnav/install/nav2_msgs/share/nav2_msgs/srv/GetCostmap_Request.msg
[2.217s] -- Up-to-date symlink: /home/pierres/COURS/slamnav/install/nav2_msgs/share/nav2_msgs/srv/GetCostmap_Response.msg
[2.217s] -- Up-to-date symlink: /home/pierres/COURS/slamnav/install/nav2_msgs/share/nav2_msgs/srv/IsPathValid.srv
[2.217s] -- Up-to-date symlink: /home/pierres/COURS/slamnav/install/nav2_msgs/share/nav2_msgs/srv/IsPathValid_Request.msg
[2.217s] -- Up-to-date symlink: /home/pierres/COURS/slamnav/install/nav2_msgs/share/nav2_msgs/srv/IsPathValid_Response.msg
[2.217s] -- Up-to-date symlink: /home/pierres/COURS/slamnav/install/nav2_msgs/share/nav2_msgs/srv/ClearCostmapExceptRegion.srv
[2.217s] -- Up-to-date symlink: /home/pierres/COURS/slamnav/install/nav2_msgs/share/nav2_msgs/srv/ClearCostmapExceptRegion_Request.msg
[2.217s] -- Up-to-date symlink: /home/pierres/COURS/slamnav/install/nav2_msgs/share/nav2_msgs/srv/ClearCostmapExceptRegion_Response.msg
[2.217s] -- Up-to-date symlink: /home/pierres/COURS/slamnav/install/nav2_msgs/share/nav2_msgs/srv/ClearCostmapAroundRobot.srv
[2.218s] -- Up-to-date symlink: /home/pierres/COURS/slamnav/install/nav2_msgs/share/nav2_msgs/srv/ClearCostmapAroundRobot_Request.msg
[2.218s] -- Up-to-date symlink: /home/pierres/COURS/slamnav/install/nav2_msgs/share/nav2_msgs/srv/ClearCostmapAroundRobot_Response.msg
[2.218s] -- Up-to-date symlink: /home/pierres/COURS/slamnav/install/nav2_msgs/share/nav2_msgs/srv/ClearEntireCostmap.srv
[2.218s] -- Up-to-date symlink: /home/pierres/COURS/slamnav/install/nav2_msgs/share/nav2_msgs/srv/ClearEntireCostmap_Request.msg
[2.218s] -- Up-to-date symlink: /home/pierres/COURS/slamnav/install/nav2_msgs/share/nav2_msgs/srv/ClearEntireCostmap_Response.msg
[2.218s] -- Up-to-date symlink: /home/pierres/COURS/slamnav/install/nav2_msgs/share/nav2_msgs/srv/ManageLifecycleNodes.srv
[2.218s] -- Up-to-date symlink: /home/pierres/COURS/slamnav/install/nav2_msgs/share/nav2_msgs/srv/ManageLifecycleNodes_Request.msg
[2.218s] -- Up-to-date symlink: /home/pierres/COURS/slamnav/install/nav2_msgs/share/nav2_msgs/srv/ManageLifecycleNodes_Response.msg
[2.218s] -- Up-to-date symlink: /home/pierres/COURS/slamnav/install/nav2_msgs/share/nav2_msgs/srv/LoadMap.srv
[2.218s] -- Up-to-date symlink: /home/pierres/COURS/slamnav/install/nav2_msgs/share/nav2_msgs/srv/LoadMap_Request.msg
[2.219s] -- Up-to-date symlink: /home/pierres/COURS/slamnav/install/nav2_msgs/share/nav2_msgs/srv/LoadMap_Response.msg
[2.219s] -- Up-to-date symlink: /home/pierres/COURS/slamnav/install/nav2_msgs/share/nav2_msgs/srv/SaveMap.srv
[2.219s] -- Up-to-date symlink: /home/pierres/COURS/slamnav/install/nav2_msgs/share/nav2_msgs/srv/SaveMap_Request.msg
[2.219s] -- Up-to-date symlink: /home/pierres/COURS/slamnav/install/nav2_msgs/share/nav2_msgs/srv/SaveMap_Response.msg
[2.219s] -- Up-to-date symlink: /home/pierres/COURS/slamnav/install/nav2_msgs/share/nav2_msgs/srv/SetInitialPose.srv
[2.219s] -- Up-to-date symlink: /home/pierres/COURS/slamnav/install/nav2_msgs/share/nav2_msgs/srv/SetInitialPose_Request.msg
[2.219s] -- Up-to-date symlink: /home/pierres/COURS/slamnav/install/nav2_msgs/share/nav2_msgs/srv/SetInitialPose_Response.msg
[2.219s] -- Up-to-date symlink: /home/pierres/COURS/slamnav/install/nav2_msgs/share/nav2_msgs/action/AssistedTeleop.action
[2.219s] -- Up-to-date symlink: /home/pierres/COURS/slamnav/install/nav2_msgs/share/nav2_msgs/action/BackUp.action
[2.219s] -- Up-to-date symlink: /home/pierres/COURS/slamnav/install/nav2_msgs/share/nav2_msgs/action/ComputePathToPose.action
[2.219s] -- Up-to-date symlink: /home/pierres/COURS/slamnav/install/nav2_msgs/share/nav2_msgs/action/ComputePathThroughPoses.action
[2.219s] -- Up-to-date symlink: /home/pierres/COURS/slamnav/install/nav2_msgs/share/nav2_msgs/action/DriveOnHeading.action
[2.219s] -- Up-to-date symlink: /home/pierres/COURS/slamnav/install/nav2_msgs/share/nav2_msgs/action/SmoothPath.action
[2.220s] -- Up-to-date symlink: /home/pierres/COURS/slamnav/install/nav2_msgs/share/nav2_msgs/action/FollowPath.action
[2.220s] -- Up-to-date symlink: /home/pierres/COURS/slamnav/install/nav2_msgs/share/nav2_msgs/action/NavigateToPose.action
[2.220s] -- Up-to-date symlink: /home/pierres/COURS/slamnav/install/nav2_msgs/share/nav2_msgs/action/NavigateThroughPoses.action
[2.220s] -- Up-to-date symlink: /home/pierres/COURS/slamnav/install/nav2_msgs/share/nav2_msgs/action/Wait.action
[2.220s] -- Up-to-date symlink: /home/pierres/COURS/slamnav/install/nav2_msgs/share/nav2_msgs/action/Spin.action
[2.220s] -- Up-to-date symlink: /home/pierres/COURS/slamnav/install/nav2_msgs/share/nav2_msgs/action/DummyBehavior.action
[2.220s] -- Up-to-date symlink: /home/pierres/COURS/slamnav/install/nav2_msgs/share/nav2_msgs/action/FollowWaypoints.action
[2.220s] -- Up-to-date symlink: /home/pierres/COURS/slamnav/install/nav2_msgs/share/ament_index/resource_index/package_run_dependencies/nav2_msgs
[2.220s] -- Up-to-date symlink: /home/pierres/COURS/slamnav/install/nav2_msgs/share/ament_index/resource_index/parent_prefix_path/nav2_msgs
[2.220s] -- Up-to-date symlink: /home/pierres/COURS/slamnav/install/nav2_msgs/share/nav2_msgs/environment/ament_prefix_path.sh
[2.220s] -- Up-to-date symlink: /home/pierres/COURS/slamnav/install/nav2_msgs/share/nav2_msgs/environment/ament_prefix_path.dsv
[2.220s] -- Up-to-date symlink: /home/pierres/COURS/slamnav/install/nav2_msgs/share/nav2_msgs/environment/path.sh
[2.220s] -- Up-to-date symlink: /home/pierres/COURS/slamnav/install/nav2_msgs/share/nav2_msgs/environment/path.dsv
[2.221s] -- Up-to-date symlink: /home/pierres/COURS/slamnav/install/nav2_msgs/share/nav2_msgs/local_setup.bash
[2.221s] -- Up-to-date symlink: /home/pierres/COURS/slamnav/install/nav2_msgs/share/nav2_msgs/local_setup.sh
[2.221s] -- Up-to-date symlink: /home/pierres/COURS/slamnav/install/nav2_msgs/share/nav2_msgs/local_setup.zsh
[2.221s] -- Up-to-date symlink: /home/pierres/COURS/slamnav/install/nav2_msgs/share/nav2_msgs/local_setup.dsv
[2.221s] -- Symlinking: /home/pierres/COURS/slamnav/install/nav2_msgs/share/nav2_msgs/package.dsv
[2.221s] -- Up-to-date symlink: /home/pierres/COURS/slamnav/install/nav2_msgs/share/ament_index/resource_index/packages/nav2_msgs
[2.221s] -- Up-to-date symlink: /home/pierres/COURS/slamnav/install/nav2_msgs/share/nav2_msgs/cmake/rosidl_cmake-extras.cmake
[2.221s] -- Up-to-date symlink: /home/pierres/COURS/slamnav/install/nav2_msgs/share/nav2_msgs/cmake/ament_cmake_export_dependencies-extras.cmake
[2.221s] -- Up-to-date symlink: /home/pierres/COURS/slamnav/install/nav2_msgs/share/nav2_msgs/cmake/ament_cmake_export_include_directories-extras.cmake
[2.221s] -- Up-to-date symlink: /home/pierres/COURS/slamnav/install/nav2_msgs/share/nav2_msgs/cmake/ament_cmake_export_libraries-extras.cmake
[2.221s] -- Up-to-date symlink: /home/pierres/COURS/slamnav/install/nav2_msgs/share/nav2_msgs/cmake/ament_cmake_export_targets-extras.cmake
[2.221s] -- Up-to-date symlink: /home/pierres/COURS/slamnav/install/nav2_msgs/share/nav2_msgs/cmake/rosidl_cmake_export_typesupport_targets-extras.cmake
[2.221s] -- Up-to-date symlink: /home/pierres/COURS/slamnav/install/nav2_msgs/share/nav2_msgs/cmake/rosidl_cmake_export_typesupport_libraries-extras.cmake
[2.222s] -- Up-to-date symlink: /home/pierres/COURS/slamnav/install/nav2_msgs/share/nav2_msgs/cmake/nav2_msgsConfig.cmake
[2.222s] -- Up-to-date symlink: /home/pierres/COURS/slamnav/install/nav2_msgs/share/nav2_msgs/cmake/nav2_msgsConfig-version.cmake
[2.222s] -- Up-to-date symlink: /home/pierres/COURS/slamnav/install/nav2_msgs/share/nav2_msgs/package.xml
[2.222s] -- Up-to-date: /home/pierres/COURS/slamnav/install/nav2_msgs/lib/libnav2_msgs__rosidl_generator_c.so
[2.222s] -- Up-to-date: /home/pierres/COURS/slamnav/install/nav2_msgs/lib/libnav2_msgs__rosidl_typesupport_fastrtps_c.so
[2.222s] -- Up-to-date: /home/pierres/COURS/slamnav/install/nav2_msgs/lib/libnav2_msgs__rosidl_typesupport_fastrtps_cpp.so
[2.222s] -- Up-to-date: /home/pierres/COURS/slamnav/install/nav2_msgs/lib/libnav2_msgs__rosidl_typesupport_introspection_c.so
[2.222s] -- Up-to-date: /home/pierres/COURS/slamnav/install/nav2_msgs/lib/libnav2_msgs__rosidl_typesupport_c.so
[2.222s] -- Up-to-date: /home/pierres/COURS/slamnav/install/nav2_msgs/lib/libnav2_msgs__rosidl_typesupport_introspection_cpp.so
[2.222s] -- Up-to-date: /home/pierres/COURS/slamnav/install/nav2_msgs/lib/libnav2_msgs__rosidl_typesupport_cpp.so
[2.246s] Listing '/home/pierres/COURS/slamnav/install/nav2_msgs/local/lib/python3.10/dist-packages/nav2_msgs'...
[2.246s] Compiling '/home/pierres/COURS/slamnav/install/nav2_msgs/local/lib/python3.10/dist-packages/nav2_msgs/__init__.py'...
[2.246s] Listing '/home/pierres/COURS/slamnav/install/nav2_msgs/local/lib/python3.10/dist-packages/nav2_msgs/action'...
[2.246s] Listing '/home/pierres/COURS/slamnav/install/nav2_msgs/local/lib/python3.10/dist-packages/nav2_msgs/msg'...
[2.246s] Listing '/home/pierres/COURS/slamnav/install/nav2_msgs/local/lib/python3.10/dist-packages/nav2_msgs/srv'...
[2.252s] -- Up-to-date: /home/pierres/COURS/slamnav/install/nav2_msgs/lib/libnav2_msgs__rosidl_generator_py.so
[2.252s] -- Up-to-date: /home/pierres/COURS/slamnav/install/nav2_msgs/share/nav2_msgs/cmake/export_nav2_msgs__rosidl_generator_cExport.cmake
[2.252s] -- Up-to-date: /home/pierres/COURS/slamnav/install/nav2_msgs/share/nav2_msgs/cmake/export_nav2_msgs__rosidl_generator_cExport-humble.cmake
[2.252s] -- Up-to-date: /home/pierres/COURS/slamnav/install/nav2_msgs/share/nav2_msgs/cmake/export_nav2_msgs__rosidl_typesupport_fastrtps_cExport.cmake
[2.252s] -- Up-to-date: /home/pierres/COURS/slamnav/install/nav2_msgs/share/nav2_msgs/cmake/export_nav2_msgs__rosidl_typesupport_fastrtps_cExport-humble.cmake
[2.252s] -- Up-to-date: /home/pierres/COURS/slamnav/install/nav2_msgs/share/nav2_msgs/cmake/export_nav2_msgs__rosidl_generator_cppExport.cmake
[2.252s] -- Up-to-date: /home/pierres/COURS/slamnav/install/nav2_msgs/share/nav2_msgs/cmake/export_nav2_msgs__rosidl_typesupport_fastrtps_cppExport.cmake
[2.252s] -- Up-to-date: /home/pierres/COURS/slamnav/install/nav2_msgs/share/nav2_msgs/cmake/export_nav2_msgs__rosidl_typesupport_fastrtps_cppExport-humble.cmake
[2.253s] -- Up-to-date: /home/pierres/COURS/slamnav/install/nav2_msgs/share/nav2_msgs/cmake/nav2_msgs__rosidl_typesupport_introspection_cExport.cmake
[2.253s] -- Up-to-date: /home/pierres/COURS/slamnav/install/nav2_msgs/share/nav2_msgs/cmake/nav2_msgs__rosidl_typesupport_introspection_cExport-humble.cmake
[2.253s] -- Up-to-date: /home/pierres/COURS/slamnav/install/nav2_msgs/share/nav2_msgs/cmake/nav2_msgs__rosidl_typesupport_cExport.cmake
[2.253s] -- Up-to-date: /home/pierres/COURS/slamnav/install/nav2_msgs/share/nav2_msgs/cmake/nav2_msgs__rosidl_typesupport_cExport-humble.cmake
[2.253s] -- Up-to-date: /home/pierres/COURS/slamnav/install/nav2_msgs/share/nav2_msgs/cmake/nav2_msgs__rosidl_typesupport_introspection_cppExport.cmake
[2.253s] -- Up-to-date: /home/pierres/COURS/slamnav/install/nav2_msgs/share/nav2_msgs/cmake/nav2_msgs__rosidl_typesupport_introspection_cppExport-humble.cmake
[2.253s] -- Up-to-date: /home/pierres/COURS/slamnav/install/nav2_msgs/share/nav2_msgs/cmake/nav2_msgs__rosidl_typesupport_cppExport.cmake
[2.253s] -- Up-to-date: /home/pierres/COURS/slamnav/install/nav2_msgs/share/nav2_msgs/cmake/nav2_msgs__rosidl_typesupport_cppExport-humble.cmake
[2.253s] -- Up-to-date: /home/pierres/COURS/slamnav/install/nav2_msgs/share/nav2_msgs/cmake/export_nav2_msgs__rosidl_generator_pyExport.cmake
[2.253s] -- Up-to-date: /home/pierres/COURS/slamnav/install/nav2_msgs/share/nav2_msgs/cmake/export_nav2_msgs__rosidl_generator_pyExport-humble.cmake
[2.255s] Invoked command in '/home/pierres/COURS/slamnav/build/nav2_msgs' returned '0': AMENT_PREFIX_PATH=/home/pierres/COURS/slamnav/install/nav2_common:${AMENT_PREFIX_PATH} CMAKE_PREFIX_PATH=/home/pierres/COURS/slamnav/install/nav2_common:/home/pierres/COURS/slamnav/install/slam_toolbox:/opt/ros/humble:/home/pierres/COURS/slamnav/install/slamnav_turtlebot PYTHONPATH=/home/pierres/COURS/slamnav/install/nav2_common/local/lib/python3.10/dist-packages:${PYTHONPATH} /usr/bin/cmake --install /home/pierres/COURS/slamnav/build/nav2_msgs
