[0.007s] Invoking command in '/home/pierres/COURS/slamnav/build/nav_2d_msgs': CMAKE_PREFIX_PATH=${CMAKE_PREFIX_PATH}:/opt/ros/humble:/home/pierres/COURS/slamnav/install/slamnav_turtlebot /usr/bin/cmake /home/pierres/COURS/slamnav/src/navigation2/nav2_dwb_controller/nav_2d_msgs -DCMAKE_BUILD_TYPE=Humble -DAMENT_CMAKE_SYMLINK_INSTALL=1 -DCMAKE_INSTALL_PREFIX=/home/pierres/COURS/slamnav/install/nav_2d_msgs
[0.016s] -- Found geometry_msgs: 4.2.4 (/opt/ros/humble/share/geometry_msgs/cmake)
[0.106s] -- Override CMake install command with custom implementation using symlinks instead of copying resources
[0.128s] -- Found rosidl_generator_c: 3.1.5 (/opt/ros/humble/share/rosidl_generator_c/cmake)
[0.130s] -- Found rosidl_adapter: 3.1.5 (/opt/ros/humble/share/rosidl_adapter/cmake)
[0.133s] -- Found rosidl_generator_cpp: 3.1.5 (/opt/ros/humble/share/rosidl_generator_cpp/cmake)
[0.140s] -- Using all available rosidl_typesupport_c: rosidl_typesupport_fastrtps_c;rosidl_typesupport_introspection_c
[0.148s] -- Using all available rosidl_typesupport_cpp: rosidl_typesupport_fastrtps_cpp;rosidl_typesupport_introspection_cpp
[0.171s] -- Found rosidl_default_generators: 1.2.0 (/opt/ros/humble/share/rosidl_default_generators/cmake)
[0.391s] -- Found ament_cmake_ros: 0.10.0 (/opt/ros/humble/share/ament_cmake_ros/cmake)
[0.702s] -- Using all available rosidl_typesupport_c: rosidl_typesupport_fastrtps_c;rosidl_typesupport_introspection_c
[0.843s] -- Using all available rosidl_typesupport_cpp: rosidl_typesupport_fastrtps_cpp;rosidl_typesupport_introspection_cpp
[0.862s] -- Found python_cmake_module: 0.10.0 (/opt/ros/humble/share/python_cmake_module/cmake)
[0.879s] -- Using PYTHON_EXECUTABLE: /usr/bin/python3
[0.879s] -- Using PYTHON_INCLUDE_DIRS: /usr/include/python3.10
[0.879s] -- Using PYTHON_LIBRARIES: /usr/lib/x86_64-linux-gnu/libpython3.10.so
[0.909s] -- Configuring done
[0.937s] -- Generating done
[0.938s] -- Build files have been written to: /home/pierres/COURS/slamnav/build/nav_2d_msgs
[0.943s] Invoked command in '/home/pierres/COURS/slamnav/build/nav_2d_msgs' returned '0': CMAKE_PREFIX_PATH=${CMAKE_PREFIX_PATH}:/opt/ros/humble:/home/pierres/COURS/slamnav/install/slamnav_turtlebot /usr/bin/cmake /home/pierres/COURS/slamnav/src/navigation2/nav2_dwb_controller/nav_2d_msgs -DCMAKE_BUILD_TYPE=Humble -DAMENT_CMAKE_SYMLINK_INSTALL=1 -DCMAKE_INSTALL_PREFIX=/home/pierres/COURS/slamnav/install/nav_2d_msgs
[0.945s] Invoking command in '/home/pierres/COURS/slamnav/build/nav_2d_msgs': CMAKE_PREFIX_PATH=${CMAKE_PREFIX_PATH}:/opt/ros/humble:/home/pierres/COURS/slamnav/install/slamnav_turtlebot /usr/bin/cmake --build /home/pierres/COURS/slamnav/build/nav_2d_msgs -- -j16 -l16
[0.986s] [35m[1mConsolidate compiler generated dependencies of target nav_2d_msgs__rosidl_generator_c[0m
[0.997s] [  1%] Built target nav_2d_msgs__cpp
[0.998s] [  2%] [32mBuilding C object CMakeFiles/nav_2d_msgs__rosidl_generator_c.dir/rosidl_generator_c/nav_2d_msgs/msg/detail/pose2_d32__functions.c.o[0m
[0.999s] [  4%] [32mBuilding C object CMakeFiles/nav_2d_msgs__rosidl_generator_c.dir/rosidl_generator_c/nav_2d_msgs/msg/detail/twist2_d32__functions.c.o[0m
[0.999s] [  5%] [32mBuilding C object CMakeFiles/nav_2d_msgs__rosidl_generator_c.dir/rosidl_generator_c/nav_2d_msgs/msg/detail/twist2_d_stamped__functions.c.o[0m
[1.000s] [  7%] [32mBuilding C object CMakeFiles/nav_2d_msgs__rosidl_generator_c.dir/rosidl_generator_c/nav_2d_msgs/msg/detail/path2_d__functions.c.o[0m
[1.001s] [  8%] [32mBuilding C object CMakeFiles/nav_2d_msgs__rosidl_generator_c.dir/rosidl_generator_c/nav_2d_msgs/msg/detail/pose2_d_stamped__functions.c.o[0m
[1.001s] [  9%] [32mBuilding C object CMakeFiles/nav_2d_msgs__rosidl_generator_c.dir/rosidl_generator_c/nav_2d_msgs/msg/detail/twist2_d__functions.c.o[0m
[1.009s] [  9%] Built target ament_cmake_python_symlink_nav_2d_msgs
[1.009s] [35m[1mConsolidate compiler generated dependencies of target nav_2d_msgs__rosidl_typesupport_introspection_cpp[0m
[1.009s] [35m[1mConsolidate compiler generated dependencies of target nav_2d_msgs__rosidl_typesupport_fastrtps_cpp[0m
[1.009s] [35m[1mConsolidate compiler generated dependencies of target nav_2d_msgs__rosidl_typesupport_cpp[0m
[1.021s] [ 11%] [32mBuilding CXX object CMakeFiles/nav_2d_msgs__rosidl_typesupport_introspection_cpp.dir/rosidl_typesupport_introspection_cpp/nav_2d_msgs/msg/detail/pose2_d32__type_support.cpp.o[0m
[1.021s] [ 12%] [32mBuilding CXX object CMakeFiles/nav_2d_msgs__rosidl_typesupport_introspection_cpp.dir/rosidl_typesupport_introspection_cpp/nav_2d_msgs/msg/detail/path2_d__type_support.cpp.o[0m
[1.021s] [ 14%] [32mBuilding CXX object CMakeFiles/nav_2d_msgs__rosidl_typesupport_introspection_cpp.dir/rosidl_typesupport_introspection_cpp/nav_2d_msgs/msg/detail/pose2_d_stamped__type_support.cpp.o[0m
[1.026s] [ 15%] [32mBuilding CXX object CMakeFiles/nav_2d_msgs__rosidl_typesupport_fastrtps_cpp.dir/rosidl_typesupport_fastrtps_cpp/nav_2d_msgs/msg/detail/dds_fastrtps/path2_d__type_support.cpp.o[0m
[1.029s] [ 16%] [32mBuilding CXX object CMakeFiles/nav_2d_msgs__rosidl_typesupport_cpp.dir/rosidl_typesupport_cpp/nav_2d_msgs/msg/path2_d__type_support.cpp.o[0m
[1.029s] [ 18%] [32mBuilding CXX object CMakeFiles/nav_2d_msgs__rosidl_typesupport_introspection_cpp.dir/rosidl_typesupport_introspection_cpp/nav_2d_msgs/msg/detail/twist2_d__type_support.cpp.o[0m
[1.033s] [ 19%] [32mBuilding CXX object CMakeFiles/nav_2d_msgs__rosidl_typesupport_introspection_cpp.dir/rosidl_typesupport_introspection_cpp/nav_2d_msgs/msg/detail/twist2_d32__type_support.cpp.o[0m
[1.037s] [ 21%] [32mBuilding CXX object CMakeFiles/nav_2d_msgs__rosidl_typesupport_cpp.dir/rosidl_typesupport_cpp/nav_2d_msgs/msg/pose2_d32__type_support.cpp.o[0m
[1.049s] [ 22%] [32mBuilding CXX object CMakeFiles/nav_2d_msgs__rosidl_typesupport_fastrtps_cpp.dir/rosidl_typesupport_fastrtps_cpp/nav_2d_msgs/msg/detail/dds_fastrtps/pose2_d32__type_support.cpp.o[0m
[1.057s] [ 23%] [32mBuilding CXX object CMakeFiles/nav_2d_msgs__rosidl_typesupport_fastrtps_cpp.dir/rosidl_typesupport_fastrtps_cpp/nav_2d_msgs/msg/detail/dds_fastrtps/twist2_d__type_support.cpp.o[0m
[1.058s] [ 25%] [32mBuilding CXX object CMakeFiles/nav_2d_msgs__rosidl_typesupport_introspection_cpp.dir/rosidl_typesupport_introspection_cpp/nav_2d_msgs/msg/detail/twist2_d_stamped__type_support.cpp.o[0m
[1.064s] [ 28%] [32mBuilding CXX object CMakeFiles/nav_2d_msgs__rosidl_typesupport_cpp.dir/rosidl_typesupport_cpp/nav_2d_msgs/msg/twist2_d__type_support.cpp.o[0m
[1.070s] [ 28%] [32mBuilding CXX object CMakeFiles/nav_2d_msgs__rosidl_typesupport_cpp.dir/rosidl_typesupport_cpp/nav_2d_msgs/msg/pose2_d_stamped__type_support.cpp.o[0m
[1.070s] [ 29%] [32mBuilding CXX object CMakeFiles/nav_2d_msgs__rosidl_typesupport_fastrtps_cpp.dir/rosidl_typesupport_fastrtps_cpp/nav_2d_msgs/msg/detail/dds_fastrtps/pose2_d_stamped__type_support.cpp.o[0m
[1.070s] [ 30%] [32m[1mLinking C shared library libnav_2d_msgs__rosidl_generator_c.so[0m
[1.220s] [ 32%] Built target nav_2d_msgs__rosidl_generator_c
[1.245s] [ 33%] [32mBuilding CXX object CMakeFiles/nav_2d_msgs__rosidl_typesupport_cpp.dir/rosidl_typesupport_cpp/nav_2d_msgs/msg/twist2_d32__type_support.cpp.o[0m
[1.415s] [ 35%] [32mBuilding CXX object CMakeFiles/nav_2d_msgs__rosidl_typesupport_cpp.dir/rosidl_typesupport_cpp/nav_2d_msgs/msg/twist2_d_stamped__type_support.cpp.o[0m
[1.430s] running egg_info
[1.435s] writing nav_2d_msgs.egg-info/PKG-INFO
[1.435s] writing dependency_links to nav_2d_msgs.egg-info/dependency_links.txt
[1.437s] writing top-level names to nav_2d_msgs.egg-info/top_level.txt
[1.443s] reading manifest file 'nav_2d_msgs.egg-info/SOURCES.txt'
[1.443s] writing manifest file 'nav_2d_msgs.egg-info/SOURCES.txt'
[1.503s] [35m[1mConsolidate compiler generated dependencies of target nav_2d_msgs__rosidl_typesupport_fastrtps_c[0m
[1.524s] [35m[1mConsolidate compiler generated dependencies of target nav_2d_msgs__rosidl_typesupport_introspection_c[0m
[1.524s] [ 36%] [32mBuilding CXX object CMakeFiles/nav_2d_msgs__rosidl_typesupport_fastrtps_cpp.dir/rosidl_typesupport_fastrtps_cpp/nav_2d_msgs/msg/detail/dds_fastrtps/twist2_d32__type_support.cpp.o[0m
[1.525s] [ 36%] Built target ament_cmake_python_build_nav_2d_msgs_egg
[1.551s] [ 38%] [32mBuilding CXX object CMakeFiles/nav_2d_msgs__rosidl_typesupport_fastrtps_c.dir/rosidl_typesupport_fastrtps_c/nav_2d_msgs/msg/detail/path2_d__type_support_c.cpp.o[0m
[1.551s] [35m[1mConsolidate compiler generated dependencies of target nav_2d_msgs__rosidl_typesupport_c[0m
[1.562s] [ 39%] [32mBuilding C object CMakeFiles/nav_2d_msgs__rosidl_typesupport_introspection_c.dir/rosidl_typesupport_introspection_c/nav_2d_msgs/msg/detail/path2_d__type_support.c.o[0m
[1.585s] [ 40%] [32mBuilding CXX object CMakeFiles/nav_2d_msgs__rosidl_typesupport_c.dir/rosidl_typesupport_c/nav_2d_msgs/msg/path2_d__type_support.cpp.o[0m
[1.591s] [ 42%] [32mBuilding CXX object CMakeFiles/nav_2d_msgs__rosidl_typesupport_fastrtps_c.dir/rosidl_typesupport_fastrtps_c/nav_2d_msgs/msg/detail/pose2_d32__type_support_c.cpp.o[0m
[1.599s] [ 43%] [32mBuilding CXX object CMakeFiles/nav_2d_msgs__rosidl_typesupport_c.dir/rosidl_typesupport_c/nav_2d_msgs/msg/pose2_d32__type_support.cpp.o[0m
[1.599s] [ 45%] [32mBuilding CXX object CMakeFiles/nav_2d_msgs__rosidl_typesupport_c.dir/rosidl_typesupport_c/nav_2d_msgs/msg/pose2_d_stamped__type_support.cpp.o[0m
[1.600s] [ 46%] [32mBuilding CXX object CMakeFiles/nav_2d_msgs__rosidl_typesupport_c.dir/rosidl_typesupport_c/nav_2d_msgs/msg/twist2_d__type_support.cpp.o[0m
[1.604s] [ 47%] [32mBuilding C object CMakeFiles/nav_2d_msgs__rosidl_typesupport_introspection_c.dir/rosidl_typesupport_introspection_c/nav_2d_msgs/msg/detail/pose2_d32__type_support.c.o[0m
[1.608s] [ 49%] [32mBuilding CXX object CMakeFiles/nav_2d_msgs__rosidl_typesupport_fastrtps_c.dir/rosidl_typesupport_fastrtps_c/nav_2d_msgs/msg/detail/pose2_d_stamped__type_support_c.cpp.o[0m
[1.615s] [ 50%] [32mBuilding CXX object CMakeFiles/nav_2d_msgs__rosidl_typesupport_c.dir/rosidl_typesupport_c/nav_2d_msgs/msg/twist2_d32__type_support.cpp.o[0m
[1.634s] [ 52%] [32mBuilding CXX object CMakeFiles/nav_2d_msgs__rosidl_typesupport_fastrtps_c.dir/rosidl_typesupport_fastrtps_c/nav_2d_msgs/msg/detail/twist2_d__type_support_c.cpp.o[0m
[1.641s] [ 53%] [32mBuilding C object CMakeFiles/nav_2d_msgs__rosidl_typesupport_introspection_c.dir/rosidl_typesupport_introspection_c/nav_2d_msgs/msg/detail/pose2_d_stamped__type_support.c.o[0m
[1.648s] [ 54%] [32mBuilding C object CMakeFiles/nav_2d_msgs__rosidl_typesupport_introspection_c.dir/rosidl_typesupport_introspection_c/nav_2d_msgs/msg/detail/twist2_d__type_support.c.o[0m
[1.655s] [ 56%] [32mBuilding CXX object CMakeFiles/nav_2d_msgs__rosidl_typesupport_fastrtps_cpp.dir/rosidl_typesupport_fastrtps_cpp/nav_2d_msgs/msg/detail/dds_fastrtps/twist2_d_stamped__type_support.cpp.o[0m
[1.662s] [ 59%] [32mBuilding CXX object CMakeFiles/nav_2d_msgs__rosidl_typesupport_fastrtps_c.dir/rosidl_typesupport_fastrtps_c/nav_2d_msgs/msg/detail/twist2_d32__type_support_c.cpp.o[0m
[1.662s] [ 59%] [32mBuilding CXX object CMakeFiles/nav_2d_msgs__rosidl_typesupport_c.dir/rosidl_typesupport_c/nav_2d_msgs/msg/twist2_d_stamped__type_support.cpp.o[0m
[1.666s] [ 60%] [32mBuilding C object CMakeFiles/nav_2d_msgs__rosidl_typesupport_introspection_c.dir/rosidl_typesupport_introspection_c/nav_2d_msgs/msg/detail/twist2_d32__type_support.c.o[0m
[1.671s] [ 61%] [32mBuilding CXX object CMakeFiles/nav_2d_msgs__rosidl_typesupport_fastrtps_c.dir/rosidl_typesupport_fastrtps_c/nav_2d_msgs/msg/detail/twist2_d_stamped__type_support_c.cpp.o[0m
[1.679s] [ 63%] [32mBuilding C object CMakeFiles/nav_2d_msgs__rosidl_typesupport_introspection_c.dir/rosidl_typesupport_introspection_c/nav_2d_msgs/msg/detail/twist2_d_stamped__type_support.c.o[0m
[1.704s] [ 64%] [32m[1mLinking CXX shared library libnav_2d_msgs__rosidl_typesupport_c.so[0m
[1.712s] [ 66%] [32m[1mLinking C shared library libnav_2d_msgs__rosidl_typesupport_introspection_c.so[0m
[1.722s] [ 67%] [32m[1mLinking CXX shared library libnav_2d_msgs__rosidl_typesupport_introspection_cpp.so[0m
[1.744s] [ 69%] Built target nav_2d_msgs__rosidl_typesupport_introspection_c
[1.746s] [ 70%] Built target nav_2d_msgs__rosidl_typesupport_c
[1.821s] [ 71%] [32m[1mLinking CXX shared library libnav_2d_msgs__rosidl_typesupport_cpp.so[0m
[1.825s] [ 73%] Built target nav_2d_msgs__rosidl_typesupport_introspection_cpp
[1.879s] [ 74%] Built target nav_2d_msgs__rosidl_typesupport_cpp
[2.015s] [ 76%] [32m[1mLinking CXX shared library libnav_2d_msgs__rosidl_typesupport_fastrtps_cpp.so[0m
[2.082s] [ 77%] Built target nav_2d_msgs__rosidl_typesupport_fastrtps_cpp
[2.087s] [ 78%] [32m[1mLinking CXX shared library libnav_2d_msgs__rosidl_typesupport_fastrtps_c.so[0m
[2.161s] [ 80%] Built target nav_2d_msgs__rosidl_typesupport_fastrtps_c
[2.183s] [ 80%] Built target nav_2d_msgs
[2.204s] [ 81%] Built target nav_2d_msgs__py
[2.215s] [35m[1mConsolidate compiler generated dependencies of target nav_2d_msgs__rosidl_generator_py[0m
[2.228s] [ 84%] [32mBuilding C object CMakeFiles/nav_2d_msgs__rosidl_generator_py.dir/rosidl_generator_py/nav_2d_msgs/msg/_twist2_d_s.c.o[0m
[2.228s] [ 84%] [32mBuilding C object CMakeFiles/nav_2d_msgs__rosidl_generator_py.dir/rosidl_generator_py/nav_2d_msgs/msg/_twist2_d32_s.c.o[0m
[2.230s] [ 87%] [32mBuilding C object CMakeFiles/nav_2d_msgs__rosidl_generator_py.dir/rosidl_generator_py/nav_2d_msgs/msg/_pose2_d32_s.c.o[0m
[2.231s] [ 87%] [32mBuilding C object CMakeFiles/nav_2d_msgs__rosidl_generator_py.dir/rosidl_generator_py/nav_2d_msgs/msg/_path2_d_s.c.o[0m
[2.231s] [ 88%] [32mBuilding C object CMakeFiles/nav_2d_msgs__rosidl_generator_py.dir/rosidl_generator_py/nav_2d_msgs/msg/_pose2_d_stamped_s.c.o[0m
[2.231s] [ 90%] [32mBuilding C object CMakeFiles/nav_2d_msgs__rosidl_generator_py.dir/rosidl_generator_py/nav_2d_msgs/msg/_twist2_d_stamped_s.c.o[0m
[2.352s] [ 91%] [32m[1mLinking C shared library rosidl_generator_py/nav_2d_msgs/libnav_2d_msgs__rosidl_generator_py.so[0m
[2.393s] [ 91%] Built target nav_2d_msgs__rosidl_generator_py
[2.402s] [35m[1mConsolidate compiler generated dependencies of target nav_2d_msgs__rosidl_typesupport_introspection_c__pyext[0m
[2.402s] [35m[1mConsolidate compiler generated dependencies of target nav_2d_msgs__rosidl_typesupport_fastrtps_c__pyext[0m
[2.404s] [35m[1mConsolidate compiler generated dependencies of target nav_2d_msgs__rosidl_typesupport_c__pyext[0m
[2.414s] [ 92%] [32mBuilding C object CMakeFiles/nav_2d_msgs__rosidl_typesupport_fastrtps_c__pyext.dir/rosidl_generator_py/nav_2d_msgs/_nav_2d_msgs_s.ep.rosidl_typesupport_fastrtps_c.c.o[0m
[2.415s] [ 94%] [32mBuilding C object CMakeFiles/nav_2d_msgs__rosidl_typesupport_introspection_c__pyext.dir/rosidl_generator_py/nav_2d_msgs/_nav_2d_msgs_s.ep.rosidl_typesupport_introspection_c.c.o[0m
[2.415s] [ 95%] [32mBuilding C object CMakeFiles/nav_2d_msgs__rosidl_typesupport_c__pyext.dir/rosidl_generator_py/nav_2d_msgs/_nav_2d_msgs_s.ep.rosidl_typesupport_c.c.o[0m
[2.489s] [ 97%] [32m[1mLinking C shared library rosidl_generator_py/nav_2d_msgs/nav_2d_msgs_s__rosidl_typesupport_c.cpython-310-x86_64-linux-gnu.so[0m
[2.498s] [ 98%] [32m[1mLinking C shared library rosidl_generator_py/nav_2d_msgs/nav_2d_msgs_s__rosidl_typesupport_introspection_c.cpython-310-x86_64-linux-gnu.so[0m
[2.518s] [100%] [32m[1mLinking C shared library rosidl_generator_py/nav_2d_msgs/nav_2d_msgs_s__rosidl_typesupport_fastrtps_c.cpython-310-x86_64-linux-gnu.so[0m
[2.522s] [100%] Built target nav_2d_msgs__rosidl_typesupport_c__pyext
[2.552s] [100%] Built target nav_2d_msgs__rosidl_typesupport_introspection_c__pyext
[2.563s] [100%] Built target nav_2d_msgs__rosidl_typesupport_fastrtps_c__pyext
[2.596s] Invoked command in '/home/pierres/COURS/slamnav/build/nav_2d_msgs' returned '0': CMAKE_PREFIX_PATH=${CMAKE_PREFIX_PATH}:/opt/ros/humble:/home/pierres/COURS/slamnav/install/slamnav_turtlebot /usr/bin/cmake --build /home/pierres/COURS/slamnav/build/nav_2d_msgs -- -j16 -l16
[2.969s] Invoking command in '/home/pierres/COURS/slamnav/build/nav_2d_msgs': CMAKE_PREFIX_PATH=${CMAKE_PREFIX_PATH}:/opt/ros/humble:/home/pierres/COURS/slamnav/install/slamnav_turtlebot /usr/bin/cmake --install /home/pierres/COURS/slamnav/build/nav_2d_msgs
[2.980s] -- Install configuration: "Humble"
[2.984s] -- Execute custom install script
[2.984s] -- Up-to-date symlink: /home/pierres/COURS/slamnav/install/nav_2d_msgs/share/ament_index/resource_index/rosidl_interfaces/nav_2d_msgs
[2.985s] -- Up-to-date symlink: /home/pierres/COURS/slamnav/install/nav_2d_msgs/include/nav_2d_msgs/nav_2d_msgs/msg/detail/path2_d__functions.h
[2.985s] -- Up-to-date symlink: /home/pierres/COURS/slamnav/install/nav_2d_msgs/include/nav_2d_msgs/nav_2d_msgs/msg/detail/path2_d__struct.h
[2.985s] -- Up-to-date symlink: /home/pierres/COURS/slamnav/install/nav_2d_msgs/include/nav_2d_msgs/nav_2d_msgs/msg/detail/path2_d__type_support.h
[2.985s] -- Up-to-date symlink: /home/pierres/COURS/slamnav/install/nav_2d_msgs/include/nav_2d_msgs/nav_2d_msgs/msg/detail/pose2_d32__functions.h
[2.986s] -- Up-to-date symlink: /home/pierres/COURS/slamnav/install/nav_2d_msgs/include/nav_2d_msgs/nav_2d_msgs/msg/detail/pose2_d32__struct.h
[2.986s] -- Up-to-date symlink: /home/pierres/COURS/slamnav/install/nav_2d_msgs/include/nav_2d_msgs/nav_2d_msgs/msg/detail/pose2_d32__type_support.h
[2.986s] -- Up-to-date symlink: /home/pierres/COURS/slamnav/install/nav_2d_msgs/include/nav_2d_msgs/nav_2d_msgs/msg/detail/pose2_d_stamped__functions.h
[2.986s] -- Up-to-date symlink: /home/pierres/COURS/slamnav/install/nav_2d_msgs/include/nav_2d_msgs/nav_2d_msgs/msg/detail/pose2_d_stamped__struct.h
[2.987s] -- Up-to-date symlink: /home/pierres/COURS/slamnav/install/nav_2d_msgs/include/nav_2d_msgs/nav_2d_msgs/msg/detail/pose2_d_stamped__type_support.h
[2.987s] -- Up-to-date symlink: /home/pierres/COURS/slamnav/install/nav_2d_msgs/include/nav_2d_msgs/nav_2d_msgs/msg/detail/twist2_d32__functions.h
[2.987s] -- Up-to-date symlink: /home/pierres/COURS/slamnav/install/nav_2d_msgs/include/nav_2d_msgs/nav_2d_msgs/msg/detail/twist2_d32__struct.h
[2.987s] -- Up-to-date symlink: /home/pierres/COURS/slamnav/install/nav_2d_msgs/include/nav_2d_msgs/nav_2d_msgs/msg/detail/twist2_d32__type_support.h
[2.987s] -- Up-to-date symlink: /home/pierres/COURS/slamnav/install/nav_2d_msgs/include/nav_2d_msgs/nav_2d_msgs/msg/detail/twist2_d__functions.h
[2.987s] -- Up-to-date symlink: /home/pierres/COURS/slamnav/install/nav_2d_msgs/include/nav_2d_msgs/nav_2d_msgs/msg/detail/twist2_d__struct.h
[2.987s] -- Up-to-date symlink: /home/pierres/COURS/slamnav/install/nav_2d_msgs/include/nav_2d_msgs/nav_2d_msgs/msg/detail/twist2_d__type_support.h
[2.987s] -- Up-to-date symlink: /home/pierres/COURS/slamnav/install/nav_2d_msgs/include/nav_2d_msgs/nav_2d_msgs/msg/detail/twist2_d_stamped__functions.h
[2.988s] -- Up-to-date symlink: /home/pierres/COURS/slamnav/install/nav_2d_msgs/include/nav_2d_msgs/nav_2d_msgs/msg/detail/twist2_d_stamped__struct.h
[2.988s] -- Up-to-date symlink: /home/pierres/COURS/slamnav/install/nav_2d_msgs/include/nav_2d_msgs/nav_2d_msgs/msg/detail/twist2_d_stamped__type_support.h
[2.988s] -- Up-to-date symlink: /home/pierres/COURS/slamnav/install/nav_2d_msgs/include/nav_2d_msgs/nav_2d_msgs/msg/path2_d.h
[2.990s] -- Up-to-date symlink: /home/pierres/COURS/slamnav/install/nav_2d_msgs/include/nav_2d_msgs/nav_2d_msgs/msg/pose2_d32.h
[2.992s] -- Up-to-date symlink: /home/pierres/COURS/slamnav/install/nav_2d_msgs/include/nav_2d_msgs/nav_2d_msgs/msg/pose2_d_stamped.h
[2.992s] -- Up-to-date symlink: /home/pierres/COURS/slamnav/install/nav_2d_msgs/include/nav_2d_msgs/nav_2d_msgs/msg/rosidl_generator_c__visibility_control.h
[2.992s] -- Up-to-date symlink: /home/pierres/COURS/slamnav/install/nav_2d_msgs/include/nav_2d_msgs/nav_2d_msgs/msg/twist2_d.h
[2.992s] -- Up-to-date symlink: /home/pierres/COURS/slamnav/install/nav_2d_msgs/include/nav_2d_msgs/nav_2d_msgs/msg/twist2_d32.h
[2.992s] -- Up-to-date symlink: /home/pierres/COURS/slamnav/install/nav_2d_msgs/include/nav_2d_msgs/nav_2d_msgs/msg/twist2_d_stamped.h
[2.992s] -- Up-to-date symlink: /home/pierres/COURS/slamnav/install/nav_2d_msgs/share/nav_2d_msgs/environment/library_path.sh
[2.992s] -- Up-to-date symlink: /home/pierres/COURS/slamnav/install/nav_2d_msgs/share/nav_2d_msgs/environment/library_path.dsv
[2.992s] -- Up-to-date symlink: /home/pierres/COURS/slamnav/install/nav_2d_msgs/include/nav_2d_msgs/nav_2d_msgs/msg/detail/path2_d__rosidl_typesupport_fastrtps_c.h
[2.994s] -- Up-to-date symlink: /home/pierres/COURS/slamnav/install/nav_2d_msgs/include/nav_2d_msgs/nav_2d_msgs/msg/detail/pose2_d32__rosidl_typesupport_fastrtps_c.h
[2.998s] -- Up-to-date symlink: /home/pierres/COURS/slamnav/install/nav_2d_msgs/include/nav_2d_msgs/nav_2d_msgs/msg/detail/pose2_d_stamped__rosidl_typesupport_fastrtps_c.h
[2.998s] -- Up-to-date symlink: /home/pierres/COURS/slamnav/install/nav_2d_msgs/include/nav_2d_msgs/nav_2d_msgs/msg/detail/twist2_d32__rosidl_typesupport_fastrtps_c.h
[2.998s] -- Up-to-date symlink: /home/pierres/COURS/slamnav/install/nav_2d_msgs/include/nav_2d_msgs/nav_2d_msgs/msg/detail/twist2_d__rosidl_typesupport_fastrtps_c.h
[2.998s] -- Up-to-date symlink: /home/pierres/COURS/slamnav/install/nav_2d_msgs/include/nav_2d_msgs/nav_2d_msgs/msg/detail/twist2_d_stamped__rosidl_typesupport_fastrtps_c.h
[2.998s] -- Up-to-date symlink: /home/pierres/COURS/slamnav/install/nav_2d_msgs/include/nav_2d_msgs/nav_2d_msgs/msg/rosidl_typesupport_fastrtps_c__visibility_control.h
[2.998s] -- Up-to-date symlink: /home/pierres/COURS/slamnav/install/nav_2d_msgs/include/nav_2d_msgs/nav_2d_msgs/msg/detail/path2_d__builder.hpp
[2.999s] -- Up-to-date symlink: /home/pierres/COURS/slamnav/install/nav_2d_msgs/include/nav_2d_msgs/nav_2d_msgs/msg/detail/path2_d__struct.hpp
[2.999s] -- Up-to-date symlink: /home/pierres/COURS/slamnav/install/nav_2d_msgs/include/nav_2d_msgs/nav_2d_msgs/msg/detail/path2_d__traits.hpp
[2.999s] -- Up-to-date symlink: /home/pierres/COURS/slamnav/install/nav_2d_msgs/include/nav_2d_msgs/nav_2d_msgs/msg/detail/pose2_d32__builder.hpp
[2.999s] -- Up-to-date symlink: /home/pierres/COURS/slamnav/install/nav_2d_msgs/include/nav_2d_msgs/nav_2d_msgs/msg/detail/pose2_d32__struct.hpp
[2.999s] -- Up-to-date symlink: /home/pierres/COURS/slamnav/install/nav_2d_msgs/include/nav_2d_msgs/nav_2d_msgs/msg/detail/pose2_d32__traits.hpp
[3.005s] -- Up-to-date symlink: /home/pierres/COURS/slamnav/install/nav_2d_msgs/include/nav_2d_msgs/nav_2d_msgs/msg/detail/pose2_d_stamped__builder.hpp
[3.005s] -- Up-to-date symlink: /home/pierres/COURS/slamnav/install/nav_2d_msgs/include/nav_2d_msgs/nav_2d_msgs/msg/detail/pose2_d_stamped__struct.hpp
[3.005s] -- Up-to-date symlink: /home/pierres/COURS/slamnav/install/nav_2d_msgs/include/nav_2d_msgs/nav_2d_msgs/msg/detail/pose2_d_stamped__traits.hpp
[3.005s] -- Up-to-date symlink: /home/pierres/COURS/slamnav/install/nav_2d_msgs/include/nav_2d_msgs/nav_2d_msgs/msg/detail/twist2_d32__builder.hpp
[3.005s] -- Up-to-date symlink: /home/pierres/COURS/slamnav/install/nav_2d_msgs/include/nav_2d_msgs/nav_2d_msgs/msg/detail/twist2_d32__struct.hpp
[3.005s] -- Up-to-date symlink: /home/pierres/COURS/slamnav/install/nav_2d_msgs/include/nav_2d_msgs/nav_2d_msgs/msg/detail/twist2_d32__traits.hpp
[3.005s] -- Up-to-date symlink: /home/pierres/COURS/slamnav/install/nav_2d_msgs/include/nav_2d_msgs/nav_2d_msgs/msg/detail/twist2_d__builder.hpp
[3.005s] -- Up-to-date symlink: /home/pierres/COURS/slamnav/install/nav_2d_msgs/include/nav_2d_msgs/nav_2d_msgs/msg/detail/twist2_d__struct.hpp
[3.005s] -- Up-to-date symlink: /home/pierres/COURS/slamnav/install/nav_2d_msgs/include/nav_2d_msgs/nav_2d_msgs/msg/detail/twist2_d__traits.hpp
[3.006s] -- Up-to-date symlink: /home/pierres/COURS/slamnav/install/nav_2d_msgs/include/nav_2d_msgs/nav_2d_msgs/msg/detail/twist2_d_stamped__builder.hpp
[3.006s] -- Up-to-date symlink: /home/pierres/COURS/slamnav/install/nav_2d_msgs/include/nav_2d_msgs/nav_2d_msgs/msg/detail/twist2_d_stamped__struct.hpp
[3.006s] -- Up-to-date symlink: /home/pierres/COURS/slamnav/install/nav_2d_msgs/include/nav_2d_msgs/nav_2d_msgs/msg/detail/twist2_d_stamped__traits.hpp
[3.006s] -- Up-to-date symlink: /home/pierres/COURS/slamnav/install/nav_2d_msgs/include/nav_2d_msgs/nav_2d_msgs/msg/path2_d.hpp
[3.006s] -- Up-to-date symlink: /home/pierres/COURS/slamnav/install/nav_2d_msgs/include/nav_2d_msgs/nav_2d_msgs/msg/pose2_d32.hpp
[3.006s] -- Up-to-date symlink: /home/pierres/COURS/slamnav/install/nav_2d_msgs/include/nav_2d_msgs/nav_2d_msgs/msg/pose2_d_stamped.hpp
[3.006s] -- Up-to-date symlink: /home/pierres/COURS/slamnav/install/nav_2d_msgs/include/nav_2d_msgs/nav_2d_msgs/msg/twist2_d.hpp
[3.006s] -- Up-to-date symlink: /home/pierres/COURS/slamnav/install/nav_2d_msgs/include/nav_2d_msgs/nav_2d_msgs/msg/twist2_d32.hpp
[3.006s] -- Up-to-date symlink: /home/pierres/COURS/slamnav/install/nav_2d_msgs/include/nav_2d_msgs/nav_2d_msgs/msg/twist2_d_stamped.hpp
[3.006s] -- Up-to-date symlink: /home/pierres/COURS/slamnav/install/nav_2d_msgs/include/nav_2d_msgs/nav_2d_msgs/msg/detail/path2_d__rosidl_typesupport_fastrtps_cpp.hpp
[3.006s] -- Up-to-date symlink: /home/pierres/COURS/slamnav/install/nav_2d_msgs/include/nav_2d_msgs/nav_2d_msgs/msg/detail/pose2_d32__rosidl_typesupport_fastrtps_cpp.hpp
[3.006s] -- Up-to-date symlink: /home/pierres/COURS/slamnav/install/nav_2d_msgs/include/nav_2d_msgs/nav_2d_msgs/msg/detail/pose2_d_stamped__rosidl_typesupport_fastrtps_cpp.hpp
[3.006s] -- Up-to-date symlink: /home/pierres/COURS/slamnav/install/nav_2d_msgs/include/nav_2d_msgs/nav_2d_msgs/msg/detail/twist2_d32__rosidl_typesupport_fastrtps_cpp.hpp
[3.006s] -- Up-to-date symlink: /home/pierres/COURS/slamnav/install/nav_2d_msgs/include/nav_2d_msgs/nav_2d_msgs/msg/detail/twist2_d__rosidl_typesupport_fastrtps_cpp.hpp
[3.006s] -- Up-to-date symlink: /home/pierres/COURS/slamnav/install/nav_2d_msgs/include/nav_2d_msgs/nav_2d_msgs/msg/detail/twist2_d_stamped__rosidl_typesupport_fastrtps_cpp.hpp
[3.006s] -- Up-to-date symlink: /home/pierres/COURS/slamnav/install/nav_2d_msgs/include/nav_2d_msgs/nav_2d_msgs/msg/rosidl_typesupport_fastrtps_cpp__visibility_control.h
[3.006s] -- Up-to-date symlink: /home/pierres/COURS/slamnav/install/nav_2d_msgs/include/nav_2d_msgs/nav_2d_msgs/msg/detail/path2_d__rosidl_typesupport_introspection_c.h
[3.006s] -- Up-to-date symlink: /home/pierres/COURS/slamnav/install/nav_2d_msgs/include/nav_2d_msgs/nav_2d_msgs/msg/detail/pose2_d32__rosidl_typesupport_introspection_c.h
[3.007s] -- Up-to-date symlink: /home/pierres/COURS/slamnav/install/nav_2d_msgs/include/nav_2d_msgs/nav_2d_msgs/msg/detail/pose2_d_stamped__rosidl_typesupport_introspection_c.h
[3.007s] -- Up-to-date symlink: /home/pierres/COURS/slamnav/install/nav_2d_msgs/include/nav_2d_msgs/nav_2d_msgs/msg/detail/twist2_d32__rosidl_typesupport_introspection_c.h
[3.007s] -- Up-to-date symlink: /home/pierres/COURS/slamnav/install/nav_2d_msgs/include/nav_2d_msgs/nav_2d_msgs/msg/detail/twist2_d__rosidl_typesupport_introspection_c.h
[3.007s] -- Up-to-date symlink: /home/pierres/COURS/slamnav/install/nav_2d_msgs/include/nav_2d_msgs/nav_2d_msgs/msg/detail/twist2_d_stamped__rosidl_typesupport_introspection_c.h
[3.007s] -- Up-to-date symlink: /home/pierres/COURS/slamnav/install/nav_2d_msgs/include/nav_2d_msgs/nav_2d_msgs/msg/rosidl_typesupport_introspection_c__visibility_control.h
[3.007s] -- Up-to-date symlink: /home/pierres/COURS/slamnav/install/nav_2d_msgs/include/nav_2d_msgs/nav_2d_msgs/msg/detail/path2_d__rosidl_typesupport_introspection_cpp.hpp
[3.007s] -- Up-to-date symlink: /home/pierres/COURS/slamnav/install/nav_2d_msgs/include/nav_2d_msgs/nav_2d_msgs/msg/detail/pose2_d32__rosidl_typesupport_introspection_cpp.hpp
[3.009s] -- Up-to-date symlink: /home/pierres/COURS/slamnav/install/nav_2d_msgs/include/nav_2d_msgs/nav_2d_msgs/msg/detail/pose2_d_stamped__rosidl_typesupport_introspection_cpp.hpp
[3.009s] -- Up-to-date symlink: /home/pierres/COURS/slamnav/install/nav_2d_msgs/include/nav_2d_msgs/nav_2d_msgs/msg/detail/twist2_d32__rosidl_typesupport_introspection_cpp.hpp
[3.009s] -- Up-to-date symlink: /home/pierres/COURS/slamnav/install/nav_2d_msgs/include/nav_2d_msgs/nav_2d_msgs/msg/detail/twist2_d__rosidl_typesupport_introspection_cpp.hpp
[3.010s] -- Up-to-date symlink: /home/pierres/COURS/slamnav/install/nav_2d_msgs/include/nav_2d_msgs/nav_2d_msgs/msg/detail/twist2_d_stamped__rosidl_typesupport_introspection_cpp.hpp
[3.010s] -- Up-to-date symlink: /home/pierres/COURS/slamnav/install/nav_2d_msgs/share/nav_2d_msgs/environment/pythonpath.sh
[3.010s] -- Up-to-date symlink: /home/pierres/COURS/slamnav/install/nav_2d_msgs/share/nav_2d_msgs/environment/pythonpath.dsv
[3.010s] -- Up-to-date symlink: /home/pierres/COURS/slamnav/install/nav_2d_msgs/local/lib/python3.10/dist-packages/nav_2d_msgs-1.1.16-py3.10.egg-info/PKG-INFO
[3.010s] -- Up-to-date symlink: /home/pierres/COURS/slamnav/install/nav_2d_msgs/local/lib/python3.10/dist-packages/nav_2d_msgs-1.1.16-py3.10.egg-info/SOURCES.txt
[3.010s] -- Up-to-date symlink: /home/pierres/COURS/slamnav/install/nav_2d_msgs/local/lib/python3.10/dist-packages/nav_2d_msgs-1.1.16-py3.10.egg-info/dependency_links.txt
[3.010s] -- Up-to-date symlink: /home/pierres/COURS/slamnav/install/nav_2d_msgs/local/lib/python3.10/dist-packages/nav_2d_msgs-1.1.16-py3.10.egg-info/top_level.txt
[3.011s] -- Up-to-date symlink: /home/pierres/COURS/slamnav/install/nav_2d_msgs/local/lib/python3.10/dist-packages/nav_2d_msgs/__init__.py
[3.011s] -- Up-to-date symlink: /home/pierres/COURS/slamnav/install/nav_2d_msgs/local/lib/python3.10/dist-packages/nav_2d_msgs/_nav_2d_msgs_s.ep.rosidl_typesupport_c.c
[3.012s] -- Up-to-date symlink: /home/pierres/COURS/slamnav/install/nav_2d_msgs/local/lib/python3.10/dist-packages/nav_2d_msgs/_nav_2d_msgs_s.ep.rosidl_typesupport_fastrtps_c.c
[3.012s] -- Up-to-date symlink: /home/pierres/COURS/slamnav/install/nav_2d_msgs/local/lib/python3.10/dist-packages/nav_2d_msgs/_nav_2d_msgs_s.ep.rosidl_typesupport_introspection_c.c
[3.012s] -- Up-to-date symlink: /home/pierres/COURS/slamnav/install/nav_2d_msgs/local/lib/python3.10/dist-packages/nav_2d_msgs/libnav_2d_msgs__rosidl_generator_py.so
[3.012s] -- Up-to-date symlink: /home/pierres/COURS/slamnav/install/nav_2d_msgs/local/lib/python3.10/dist-packages/nav_2d_msgs/msg/__init__.py
[3.012s] -- Up-to-date symlink: /home/pierres/COURS/slamnav/install/nav_2d_msgs/local/lib/python3.10/dist-packages/nav_2d_msgs/msg/_path2_d.py
[3.012s] -- Up-to-date symlink: /home/pierres/COURS/slamnav/install/nav_2d_msgs/local/lib/python3.10/dist-packages/nav_2d_msgs/msg/_path2_d_s.c
[3.016s] -- Up-to-date symlink: /home/pierres/COURS/slamnav/install/nav_2d_msgs/local/lib/python3.10/dist-packages/nav_2d_msgs/msg/_pose2_d32.py
[3.016s] -- Up-to-date symlink: /home/pierres/COURS/slamnav/install/nav_2d_msgs/local/lib/python3.10/dist-packages/nav_2d_msgs/msg/_pose2_d32_s.c
[3.016s] -- Up-to-date symlink: /home/pierres/COURS/slamnav/install/nav_2d_msgs/local/lib/python3.10/dist-packages/nav_2d_msgs/msg/_pose2_d_stamped.py
[3.016s] -- Up-to-date symlink: /home/pierres/COURS/slamnav/install/nav_2d_msgs/local/lib/python3.10/dist-packages/nav_2d_msgs/msg/_pose2_d_stamped_s.c
[3.016s] -- Up-to-date symlink: /home/pierres/COURS/slamnav/install/nav_2d_msgs/local/lib/python3.10/dist-packages/nav_2d_msgs/msg/_twist2_d.py
[3.016s] -- Up-to-date symlink: /home/pierres/COURS/slamnav/install/nav_2d_msgs/local/lib/python3.10/dist-packages/nav_2d_msgs/msg/_twist2_d32.py
[3.016s] -- Up-to-date symlink: /home/pierres/COURS/slamnav/install/nav_2d_msgs/local/lib/python3.10/dist-packages/nav_2d_msgs/msg/_twist2_d32_s.c
[3.016s] -- Up-to-date symlink: /home/pierres/COURS/slamnav/install/nav_2d_msgs/local/lib/python3.10/dist-packages/nav_2d_msgs/msg/_twist2_d_s.c
[3.016s] -- Up-to-date symlink: /home/pierres/COURS/slamnav/install/nav_2d_msgs/local/lib/python3.10/dist-packages/nav_2d_msgs/msg/_twist2_d_stamped.py
[3.017s] -- Up-to-date symlink: /home/pierres/COURS/slamnav/install/nav_2d_msgs/local/lib/python3.10/dist-packages/nav_2d_msgs/msg/_twist2_d_stamped_s.c
[3.017s] -- Up-to-date symlink: /home/pierres/COURS/slamnav/install/nav_2d_msgs/local/lib/python3.10/dist-packages/nav_2d_msgs/nav_2d_msgs_s__rosidl_typesupport_c.cpython-310-x86_64-linux-gnu.so
[3.017s] -- Up-to-date symlink: /home/pierres/COURS/slamnav/install/nav_2d_msgs/local/lib/python3.10/dist-packages/nav_2d_msgs/nav_2d_msgs_s__rosidl_typesupport_fastrtps_c.cpython-310-x86_64-linux-gnu.so
[3.017s] -- Up-to-date symlink: /home/pierres/COURS/slamnav/install/nav_2d_msgs/local/lib/python3.10/dist-packages/nav_2d_msgs/nav_2d_msgs_s__rosidl_typesupport_introspection_c.cpython-310-x86_64-linux-gnu.so
[3.017s] -- Up-to-date symlink: /home/pierres/COURS/slamnav/install/nav_2d_msgs/local/lib/python3.10/dist-packages/nav_2d_msgs/nav_2d_msgs_s__rosidl_typesupport_fastrtps_c.cpython-310-x86_64-linux-gnu.so
[3.017s] -- Up-to-date symlink: /home/pierres/COURS/slamnav/install/nav_2d_msgs/local/lib/python3.10/dist-packages/nav_2d_msgs/nav_2d_msgs_s__rosidl_typesupport_introspection_c.cpython-310-x86_64-linux-gnu.so
[3.017s] -- Up-to-date symlink: /home/pierres/COURS/slamnav/install/nav_2d_msgs/local/lib/python3.10/dist-packages/nav_2d_msgs/nav_2d_msgs_s__rosidl_typesupport_c.cpython-310-x86_64-linux-gnu.so
[3.017s] -- Up-to-date symlink: /home/pierres/COURS/slamnav/install/nav_2d_msgs/share/nav_2d_msgs/msg/Path2D.idl
[3.017s] -- Up-to-date symlink: /home/pierres/COURS/slamnav/install/nav_2d_msgs/share/nav_2d_msgs/msg/Pose2D32.idl
[3.017s] -- Up-to-date symlink: /home/pierres/COURS/slamnav/install/nav_2d_msgs/share/nav_2d_msgs/msg/Pose2DStamped.idl
[3.017s] -- Up-to-date symlink: /home/pierres/COURS/slamnav/install/nav_2d_msgs/share/nav_2d_msgs/msg/Twist2D.idl
[3.018s] -- Up-to-date symlink: /home/pierres/COURS/slamnav/install/nav_2d_msgs/share/nav_2d_msgs/msg/Twist2D32.idl
[3.018s] -- Up-to-date symlink: /home/pierres/COURS/slamnav/install/nav_2d_msgs/share/nav_2d_msgs/msg/Twist2DStamped.idl
[3.018s] -- Up-to-date symlink: /home/pierres/COURS/slamnav/install/nav_2d_msgs/share/nav_2d_msgs/msg/Path2D.msg
[3.018s] -- Up-to-date symlink: /home/pierres/COURS/slamnav/install/nav_2d_msgs/share/nav_2d_msgs/msg/Pose2D32.msg
[3.018s] -- Up-to-date symlink: /home/pierres/COURS/slamnav/install/nav_2d_msgs/share/nav_2d_msgs/msg/Pose2DStamped.msg
[3.018s] -- Up-to-date symlink: /home/pierres/COURS/slamnav/install/nav_2d_msgs/share/nav_2d_msgs/msg/Twist2D.msg
[3.018s] -- Up-to-date symlink: /home/pierres/COURS/slamnav/install/nav_2d_msgs/share/nav_2d_msgs/msg/Twist2D32.msg
[3.018s] -- Up-to-date symlink: /home/pierres/COURS/slamnav/install/nav_2d_msgs/share/nav_2d_msgs/msg/Twist2DStamped.msg
[3.019s] -- Up-to-date symlink: /home/pierres/COURS/slamnav/install/nav_2d_msgs/share/ament_index/resource_index/package_run_dependencies/nav_2d_msgs
[3.019s] -- Up-to-date symlink: /home/pierres/COURS/slamnav/install/nav_2d_msgs/share/ament_index/resource_index/parent_prefix_path/nav_2d_msgs
[3.019s] -- Up-to-date symlink: /home/pierres/COURS/slamnav/install/nav_2d_msgs/share/nav_2d_msgs/environment/ament_prefix_path.sh
[3.019s] -- Up-to-date symlink: /home/pierres/COURS/slamnav/install/nav_2d_msgs/share/nav_2d_msgs/environment/ament_prefix_path.dsv
[3.019s] -- Up-to-date symlink: /home/pierres/COURS/slamnav/install/nav_2d_msgs/share/nav_2d_msgs/environment/path.sh
[3.019s] -- Up-to-date symlink: /home/pierres/COURS/slamnav/install/nav_2d_msgs/share/nav_2d_msgs/environment/path.dsv
[3.020s] -- Up-to-date symlink: /home/pierres/COURS/slamnav/install/nav_2d_msgs/share/nav_2d_msgs/local_setup.bash
[3.020s] -- Up-to-date symlink: /home/pierres/COURS/slamnav/install/nav_2d_msgs/share/nav_2d_msgs/local_setup.sh
[3.020s] -- Up-to-date symlink: /home/pierres/COURS/slamnav/install/nav_2d_msgs/share/nav_2d_msgs/local_setup.zsh
[3.021s] -- Up-to-date symlink: /home/pierres/COURS/slamnav/install/nav_2d_msgs/share/nav_2d_msgs/local_setup.dsv
[3.022s] -- Symlinking: /home/pierres/COURS/slamnav/install/nav_2d_msgs/share/nav_2d_msgs/package.dsv
[3.039s] -- Up-to-date symlink: /home/pierres/COURS/slamnav/install/nav_2d_msgs/share/ament_index/resource_index/packages/nav_2d_msgs
[3.039s] -- Up-to-date symlink: /home/pierres/COURS/slamnav/install/nav_2d_msgs/share/nav_2d_msgs/cmake/rosidl_cmake-extras.cmake
[3.039s] -- Up-to-date symlink: /home/pierres/COURS/slamnav/install/nav_2d_msgs/share/nav_2d_msgs/cmake/ament_cmake_export_dependencies-extras.cmake
[3.042s] -- Up-to-date symlink: /home/pierres/COURS/slamnav/install/nav_2d_msgs/share/nav_2d_msgs/cmake/ament_cmake_export_include_directories-extras.cmake
[3.042s] -- Up-to-date symlink: /home/pierres/COURS/slamnav/install/nav_2d_msgs/share/nav_2d_msgs/cmake/ament_cmake_export_libraries-extras.cmake
[3.042s] -- Up-to-date symlink: /home/pierres/COURS/slamnav/install/nav_2d_msgs/share/nav_2d_msgs/cmake/ament_cmake_export_targets-extras.cmake
[3.042s] -- Up-to-date symlink: /home/pierres/COURS/slamnav/install/nav_2d_msgs/share/nav_2d_msgs/cmake/rosidl_cmake_export_typesupport_targets-extras.cmake
[3.049s] -- Up-to-date symlink: /home/pierres/COURS/slamnav/install/nav_2d_msgs/share/nav_2d_msgs/cmake/rosidl_cmake_export_typesupport_libraries-extras.cmake
[3.049s] -- Up-to-date symlink: /home/pierres/COURS/slamnav/install/nav_2d_msgs/share/nav_2d_msgs/cmake/nav_2d_msgsConfig.cmake
[3.049s] -- Up-to-date symlink: /home/pierres/COURS/slamnav/install/nav_2d_msgs/share/nav_2d_msgs/cmake/nav_2d_msgsConfig-version.cmake
[3.049s] -- Up-to-date symlink: /home/pierres/COURS/slamnav/install/nav_2d_msgs/share/nav_2d_msgs/package.xml
[3.049s] -- Installing: /home/pierres/COURS/slamnav/install/nav_2d_msgs/lib/libnav_2d_msgs__rosidl_generator_c.so
[3.049s] -- Set runtime path of "/home/pierres/COURS/slamnav/install/nav_2d_msgs/lib/libnav_2d_msgs__rosidl_generator_c.so" to ""
[3.049s] -- Installing: /home/pierres/COURS/slamnav/install/nav_2d_msgs/lib/libnav_2d_msgs__rosidl_typesupport_fastrtps_c.so
[3.050s] -- Set runtime path of "/home/pierres/COURS/slamnav/install/nav_2d_msgs/lib/libnav_2d_msgs__rosidl_typesupport_fastrtps_c.so" to ""
[3.050s] -- Installing: /home/pierres/COURS/slamnav/install/nav_2d_msgs/lib/libnav_2d_msgs__rosidl_typesupport_fastrtps_cpp.so
[3.053s] -- Set runtime path of "/home/pierres/COURS/slamnav/install/nav_2d_msgs/lib/libnav_2d_msgs__rosidl_typesupport_fastrtps_cpp.so" to ""
[3.054s] -- Installing: /home/pierres/COURS/slamnav/install/nav_2d_msgs/lib/libnav_2d_msgs__rosidl_typesupport_introspection_c.so
[3.054s] -- Set runtime path of "/home/pierres/COURS/slamnav/install/nav_2d_msgs/lib/libnav_2d_msgs__rosidl_typesupport_introspection_c.so" to ""
[3.054s] -- Installing: /home/pierres/COURS/slamnav/install/nav_2d_msgs/lib/libnav_2d_msgs__rosidl_typesupport_c.so
[3.054s] -- Set runtime path of "/home/pierres/COURS/slamnav/install/nav_2d_msgs/lib/libnav_2d_msgs__rosidl_typesupport_c.so" to ""
[3.054s] -- Installing: /home/pierres/COURS/slamnav/install/nav_2d_msgs/lib/libnav_2d_msgs__rosidl_typesupport_introspection_cpp.so
[3.056s] -- Set runtime path of "/home/pierres/COURS/slamnav/install/nav_2d_msgs/lib/libnav_2d_msgs__rosidl_typesupport_introspection_cpp.so" to ""
[3.056s] -- Installing: /home/pierres/COURS/slamnav/install/nav_2d_msgs/lib/libnav_2d_msgs__rosidl_typesupport_cpp.so
[3.058s] -- Set runtime path of "/home/pierres/COURS/slamnav/install/nav_2d_msgs/lib/libnav_2d_msgs__rosidl_typesupport_cpp.so" to ""
[3.121s] Listing '/home/pierres/COURS/slamnav/install/nav_2d_msgs/local/lib/python3.10/dist-packages/nav_2d_msgs'...
[3.121s] Compiling '/home/pierres/COURS/slamnav/install/nav_2d_msgs/local/lib/python3.10/dist-packages/nav_2d_msgs/__init__.py'...
[3.121s] Listing '/home/pierres/COURS/slamnav/install/nav_2d_msgs/local/lib/python3.10/dist-packages/nav_2d_msgs/msg'...
[3.124s] -- Installing: /home/pierres/COURS/slamnav/install/nav_2d_msgs/lib/libnav_2d_msgs__rosidl_generator_py.so
[3.125s] -- Set runtime path of "/home/pierres/COURS/slamnav/install/nav_2d_msgs/lib/libnav_2d_msgs__rosidl_generator_py.so" to ""
[3.125s] -- Up-to-date: /home/pierres/COURS/slamnav/install/nav_2d_msgs/share/nav_2d_msgs/cmake/export_nav_2d_msgs__rosidl_generator_cExport.cmake
[3.125s] -- Installing: /home/pierres/COURS/slamnav/install/nav_2d_msgs/share/nav_2d_msgs/cmake/export_nav_2d_msgs__rosidl_generator_cExport-humble.cmake
[3.125s] -- Up-to-date: /home/pierres/COURS/slamnav/install/nav_2d_msgs/share/nav_2d_msgs/cmake/export_nav_2d_msgs__rosidl_typesupport_fastrtps_cExport.cmake
[3.125s] -- Installing: /home/pierres/COURS/slamnav/install/nav_2d_msgs/share/nav_2d_msgs/cmake/export_nav_2d_msgs__rosidl_typesupport_fastrtps_cExport-humble.cmake
[3.125s] -- Up-to-date: /home/pierres/COURS/slamnav/install/nav_2d_msgs/share/nav_2d_msgs/cmake/export_nav_2d_msgs__rosidl_generator_cppExport.cmake
[3.126s] -- Up-to-date: /home/pierres/COURS/slamnav/install/nav_2d_msgs/share/nav_2d_msgs/cmake/export_nav_2d_msgs__rosidl_typesupport_fastrtps_cppExport.cmake
[3.131s] -- Installing: /home/pierres/COURS/slamnav/install/nav_2d_msgs/share/nav_2d_msgs/cmake/export_nav_2d_msgs__rosidl_typesupport_fastrtps_cppExport-humble.cmake
[3.131s] -- Up-to-date: /home/pierres/COURS/slamnav/install/nav_2d_msgs/share/nav_2d_msgs/cmake/nav_2d_msgs__rosidl_typesupport_introspection_cExport.cmake
[3.131s] -- Installing: /home/pierres/COURS/slamnav/install/nav_2d_msgs/share/nav_2d_msgs/cmake/nav_2d_msgs__rosidl_typesupport_introspection_cExport-humble.cmake
[3.132s] -- Up-to-date: /home/pierres/COURS/slamnav/install/nav_2d_msgs/share/nav_2d_msgs/cmake/nav_2d_msgs__rosidl_typesupport_cExport.cmake
[3.132s] -- Installing: /home/pierres/COURS/slamnav/install/nav_2d_msgs/share/nav_2d_msgs/cmake/nav_2d_msgs__rosidl_typesupport_cExport-humble.cmake
[3.132s] -- Up-to-date: /home/pierres/COURS/slamnav/install/nav_2d_msgs/share/nav_2d_msgs/cmake/nav_2d_msgs__rosidl_typesupport_introspection_cppExport.cmake
[3.132s] -- Installing: /home/pierres/COURS/slamnav/install/nav_2d_msgs/share/nav_2d_msgs/cmake/nav_2d_msgs__rosidl_typesupport_introspection_cppExport-humble.cmake
[3.132s] -- Up-to-date: /home/pierres/COURS/slamnav/install/nav_2d_msgs/share/nav_2d_msgs/cmake/nav_2d_msgs__rosidl_typesupport_cppExport.cmake
[3.134s] -- Installing: /home/pierres/COURS/slamnav/install/nav_2d_msgs/share/nav_2d_msgs/cmake/nav_2d_msgs__rosidl_typesupport_cppExport-humble.cmake
[3.134s] -- Up-to-date: /home/pierres/COURS/slamnav/install/nav_2d_msgs/share/nav_2d_msgs/cmake/export_nav_2d_msgs__rosidl_generator_pyExport.cmake
[3.134s] -- Installing: /home/pierres/COURS/slamnav/install/nav_2d_msgs/share/nav_2d_msgs/cmake/export_nav_2d_msgs__rosidl_generator_pyExport-humble.cmake
[3.145s] Invoked command in '/home/pierres/COURS/slamnav/build/nav_2d_msgs' returned '0': CMAKE_PREFIX_PATH=${CMAKE_PREFIX_PATH}:/opt/ros/humble:/home/pierres/COURS/slamnav/install/slamnav_turtlebot /usr/bin/cmake --install /home/pierres/COURS/slamnav/build/nav_2d_msgs
