[0.011s] Invoking command in '/home/pierres/COURS/slamnav/build/nav2_common': CMAKE_PREFIX_PATH=${CMAKE_PREFIX_PATH}:/opt/ros/humble:/home/pierres/COURS/slamnav/install/slamnav_turtlebot:/home/pierres/COURS/slamnav/install/nav2_simple_commander /usr/bin/cmake --build /home/pierres/COURS/slamnav/build/nav2_common -- -j16 -l16
[0.076s] Built target ament_cmake_python_symlink_nav2_common
[0.269s] running egg_info
[0.269s] writing nav2_common.egg-info/PKG-INFO
[0.269s] writing dependency_links to nav2_common.egg-info/dependency_links.txt
[0.270s] writing top-level names to nav2_common.egg-info/top_level.txt
[0.271s] reading manifest file 'nav2_common.egg-info/SOURCES.txt'
[0.271s] writing manifest file 'nav2_common.egg-info/SOURCES.txt'
[0.296s] Built target ament_cmake_python_build_nav2_common_egg
[0.309s] Invoked command in '/home/pierres/COURS/slamnav/build/nav2_common' returned '0': CMAKE_PREFIX_PATH=${CMAKE_PREFIX_PATH}:/opt/ros/humble:/home/pierres/COURS/slamnav/install/slamnav_turtlebot:/home/pierres/COURS/slamnav/install/nav2_simple_commander /usr/bin/cmake --build /home/pierres/COURS/slamnav/build/nav2_common -- -j16 -l16
[0.365s] Invoking command in '/home/pierres/COURS/slamnav/build/nav2_common': CMAKE_PREFIX_PATH=${CMAKE_PREFIX_PATH}:/opt/ros/humble:/home/pierres/COURS/slamnav/install/slamnav_turtlebot:/home/pierres/COURS/slamnav/install/nav2_simple_commander /usr/bin/cmake --install /home/pierres/COURS/slamnav/build/nav2_common
[0.375s] -- Install configuration: "Humble"
[0.376s] -- Execute custom install script
[0.376s] -- Up-to-date symlink: /home/pierres/COURS/slamnav/install/nav2_common/share/nav2_common/environment/pythonpath.sh
[0.376s] -- Up-to-date symlink: /home/pierres/COURS/slamnav/install/nav2_common/share/nav2_common/environment/pythonpath.dsv
[0.376s] -- Up-to-date symlink: /home/pierres/COURS/slamnav/install/nav2_common/local/lib/python3.10/dist-packages/nav2_common-1.1.16-py3.10.egg-info/PKG-INFO
[0.377s] -- Up-to-date symlink: /home/pierres/COURS/slamnav/install/nav2_common/local/lib/python3.10/dist-packages/nav2_common-1.1.16-py3.10.egg-info/SOURCES.txt
[0.377s] -- Up-to-date symlink: /home/pierres/COURS/slamnav/install/nav2_common/local/lib/python3.10/dist-packages/nav2_common-1.1.16-py3.10.egg-info/dependency_links.txt
[0.377s] -- Up-to-date symlink: /home/pierres/COURS/slamnav/install/nav2_common/local/lib/python3.10/dist-packages/nav2_common-1.1.16-py3.10.egg-info/top_level.txt
[0.377s] -- Up-to-date symlink: /home/pierres/COURS/slamnav/install/nav2_common/local/lib/python3.10/dist-packages/nav2_common/__init__.py
[0.377s] -- Up-to-date symlink: /home/pierres/COURS/slamnav/install/nav2_common/local/lib/python3.10/dist-packages/nav2_common/launch/__init__.py
[0.377s] -- Up-to-date symlink: /home/pierres/COURS/slamnav/install/nav2_common/local/lib/python3.10/dist-packages/nav2_common/launch/has_node_params.py
[0.377s] -- Up-to-date symlink: /home/pierres/COURS/slamnav/install/nav2_common/local/lib/python3.10/dist-packages/nav2_common/launch/parse_multirobot_pose.py
[0.377s] -- Up-to-date symlink: /home/pierres/COURS/slamnav/install/nav2_common/local/lib/python3.10/dist-packages/nav2_common/launch/replace_string.py
[0.377s] -- Up-to-date symlink: /home/pierres/COURS/slamnav/install/nav2_common/local/lib/python3.10/dist-packages/nav2_common/launch/rewritten_yaml.py
[0.377s] -- Up-to-date symlink: /home/pierres/COURS/slamnav/install/nav2_common/share/ament_index/resource_index/package_run_dependencies/nav2_common
[0.378s] -- Up-to-date symlink: /home/pierres/COURS/slamnav/install/nav2_common/share/ament_index/resource_index/parent_prefix_path/nav2_common
[0.378s] -- Up-to-date symlink: /home/pierres/COURS/slamnav/install/nav2_common/share/nav2_common/environment/ament_prefix_path.sh
[0.378s] -- Up-to-date symlink: /home/pierres/COURS/slamnav/install/nav2_common/share/nav2_common/environment/ament_prefix_path.dsv
[0.378s] -- Up-to-date symlink: /home/pierres/COURS/slamnav/install/nav2_common/share/nav2_common/environment/path.sh
[0.378s] -- Up-to-date symlink: /home/pierres/COURS/slamnav/install/nav2_common/share/nav2_common/environment/path.dsv
[0.378s] -- Up-to-date symlink: /home/pierres/COURS/slamnav/install/nav2_common/share/nav2_common/local_setup.bash
[0.379s] -- Up-to-date symlink: /home/pierres/COURS/slamnav/install/nav2_common/share/nav2_common/local_setup.sh
[0.379s] -- Up-to-date symlink: /home/pierres/COURS/slamnav/install/nav2_common/share/nav2_common/local_setup.zsh
[0.379s] -- Up-to-date symlink: /home/pierres/COURS/slamnav/install/nav2_common/share/nav2_common/local_setup.dsv
[0.379s] -- Symlinking: /home/pierres/COURS/slamnav/install/nav2_common/share/nav2_common/package.dsv
[0.388s] -- Up-to-date symlink: /home/pierres/COURS/slamnav/install/nav2_common/share/ament_index/resource_index/packages/nav2_common
[0.388s] -- Up-to-date symlink: /home/pierres/COURS/slamnav/install/nav2_common/share/nav2_common/cmake/nav2_common-extras.cmake
[0.388s] -- Up-to-date symlink: /home/pierres/COURS/slamnav/install/nav2_common/share/nav2_common/cmake/nav2_commonConfig.cmake
[0.388s] -- Up-to-date symlink: /home/pierres/COURS/slamnav/install/nav2_common/share/nav2_common/cmake/nav2_commonConfig-version.cmake
[0.388s] -- Up-to-date symlink: /home/pierres/COURS/slamnav/install/nav2_common/share/nav2_common/package.xml
[0.389s] -- Up-to-date symlink: /home/pierres/COURS/slamnav/install/nav2_common/share/nav2_common/cmake/nav2_package.cmake
[0.424s] Listing '/home/pierres/COURS/slamnav/install/nav2_common/local/lib/python3.10/dist-packages/nav2_common'...
[0.424s] Listing '/home/pierres/COURS/slamnav/install/nav2_common/local/lib/python3.10/dist-packages/nav2_common/launch'...
[0.428s] Invoked command in '/home/pierres/COURS/slamnav/build/nav2_common' returned '0': CMAKE_PREFIX_PATH=${CMAKE_PREFIX_PATH}:/opt/ros/humble:/home/pierres/COURS/slamnav/install/slamnav_turtlebot:/home/pierres/COURS/slamnav/install/nav2_simple_commander /usr/bin/cmake --install /home/pierres/COURS/slamnav/build/nav2_common
