[0.065s] Invoking command in '/home/pierres/COURS/slamnav/build/nav2_controller': AMENT_PREFIX_PATH=/home/pierres/COURS/slamnav/install/nav2_core:/home/pierres/COURS/slamnav/install/nav2_costmap_2d:/home/pierres/COURS/slamnav/install/nav_2d_utils:/home/pierres/COURS/slamnav/install/nav2_map_server:/home/pierres/COURS/slamnav/install/nav2_lifecycle_manager:/home/pierres/COURS/slamnav/install/nav2_util:/home/pierres/COURS/slamnav/install/nav2_voxel_grid:/home/pierres/COURS/slamnav/install/nav2_msgs:/home/pierres/COURS/slamnav/install/nav_2d_msgs:/home/pierres/COURS/slamnav/install/nav2_common:${AMENT_PREFIX_PATH} CMAKE_PREFIX_PATH=/home/pierres/COURS/slamnav/install/nav2_core:/home/pierres/COURS/slamnav/install/nav2_costmap_2d:/home/pierres/COURS/slamnav/install/nav_2d_utils:/home/pierres/COURS/slamnav/install/nav2_map_server:/home/pierres/COURS/slamnav/install/nav2_lifecycle_manager:/home/pierres/COURS/slamnav/install/nav2_util:/home/pierres/COURS/slamnav/install/nav2_voxel_grid:/home/pierres/COURS/slamnav/install/nav2_msgs:/home/pierres/COURS/slamnav/install/nav_2d_msgs:/home/pierres/COURS/slamnav/install/nav2_common:/opt/ros/humble:/home/pierres/COURS/slamnav/install/slamnav_turtlebot LD_LIBRARY_PATH=/home/pierres/COURS/slamnav/install/nav2_costmap_2d/lib:/home/pierres/COURS/slamnav/install/nav_2d_utils/lib:/home/pierres/COURS/slamnav/install/nav2_map_server/lib:/home/pierres/COURS/slamnav/install/nav2_lifecycle_manager/lib:/home/pierres/COURS/slamnav/install/nav2_util/lib:/home/pierres/COURS/slamnav/install/nav2_voxel_grid/lib:/home/pierres/COURS/slamnav/install/nav2_msgs/lib:/home/pierres/COURS/slamnav/install/nav_2d_msgs/lib:${LD_LIBRARY_PATH} PYTHONPATH=/home/pierres/COURS/slamnav/install/nav2_msgs/local/lib/python3.10/dist-packages:/home/pierres/COURS/slamnav/install/nav_2d_msgs/local/lib/python3.10/dist-packages:/home/pierres/COURS/slamnav/install/nav2_common/local/lib/python3.10/dist-packages:${PYTHONPATH} /usr/bin/cmake --build /home/pierres/COURS/slamnav/build/nav2_controller -- -j16 -l16
[0.184s] [  9%] Built target gtest_main
[0.184s] [ 18%] Built target gtest
[0.184s] [ 27%] Built target simple_progress_checker
[0.185s] [ 36%] Built target simple_goal_checker
[0.186s] [ 45%] Built target controller_server_core
[0.204s] [ 54%] Built target pose_progress_checker
[0.205s] [ 63%] Built target stopped_goal_checker
[0.227s] [ 72%] Built target test_dynamic_parameters
[0.227s] [ 81%] Built target controller_server
[0.286s] [ 90%] Built target pctest
[0.286s] [100%] Built target gctest
[0.361s] Invoked command in '/home/pierres/COURS/slamnav/build/nav2_controller' returned '0': AMENT_PREFIX_PATH=/home/pierres/COURS/slamnav/install/nav2_core:/home/pierres/COURS/slamnav/install/nav2_costmap_2d:/home/pierres/COURS/slamnav/install/nav_2d_utils:/home/pierres/COURS/slamnav/install/nav2_map_server:/home/pierres/COURS/slamnav/install/nav2_lifecycle_manager:/home/pierres/COURS/slamnav/install/nav2_util:/home/pierres/COURS/slamnav/install/nav2_voxel_grid:/home/pierres/COURS/slamnav/install/nav2_msgs:/home/pierres/COURS/slamnav/install/nav_2d_msgs:/home/pierres/COURS/slamnav/install/nav2_common:${AMENT_PREFIX_PATH} CMAKE_PREFIX_PATH=/home/pierres/COURS/slamnav/install/nav2_core:/home/pierres/COURS/slamnav/install/nav2_costmap_2d:/home/pierres/COURS/slamnav/install/nav_2d_utils:/home/pierres/COURS/slamnav/install/nav2_map_server:/home/pierres/COURS/slamnav/install/nav2_lifecycle_manager:/home/pierres/COURS/slamnav/install/nav2_util:/home/pierres/COURS/slamnav/install/nav2_voxel_grid:/home/pierres/COURS/slamnav/install/nav2_msgs:/home/pierres/COURS/slamnav/install/nav_2d_msgs:/home/pierres/COURS/slamnav/install/nav2_common:/opt/ros/humble:/home/pierres/COURS/slamnav/install/slamnav_turtlebot LD_LIBRARY_PATH=/home/pierres/COURS/slamnav/install/nav2_costmap_2d/lib:/home/pierres/COURS/slamnav/install/nav_2d_utils/lib:/home/pierres/COURS/slamnav/install/nav2_map_server/lib:/home/pierres/COURS/slamnav/install/nav2_lifecycle_manager/lib:/home/pierres/COURS/slamnav/install/nav2_util/lib:/home/pierres/COURS/slamnav/install/nav2_voxel_grid/lib:/home/pierres/COURS/slamnav/install/nav2_msgs/lib:/home/pierres/COURS/slamnav/install/nav_2d_msgs/lib:${LD_LIBRARY_PATH} PYTHONPATH=/home/pierres/COURS/slamnav/install/nav2_msgs/local/lib/python3.10/dist-packages:/home/pierres/COURS/slamnav/install/nav_2d_msgs/local/lib/python3.10/dist-packages:/home/pierres/COURS/slamnav/install/nav2_common/local/lib/python3.10/dist-packages:${PYTHONPATH} /usr/bin/cmake --build /home/pierres/COURS/slamnav/build/nav2_controller -- -j16 -l16
[0.447s] Invoking command in '/home/pierres/COURS/slamnav/build/nav2_controller': AMENT_PREFIX_PATH=/home/pierres/COURS/slamnav/install/nav2_core:/home/pierres/COURS/slamnav/install/nav2_costmap_2d:/home/pierres/COURS/slamnav/install/nav_2d_utils:/home/pierres/COURS/slamnav/install/nav2_map_server:/home/pierres/COURS/slamnav/install/nav2_lifecycle_manager:/home/pierres/COURS/slamnav/install/nav2_util:/home/pierres/COURS/slamnav/install/nav2_voxel_grid:/home/pierres/COURS/slamnav/install/nav2_msgs:/home/pierres/COURS/slamnav/install/nav_2d_msgs:/home/pierres/COURS/slamnav/install/nav2_common:${AMENT_PREFIX_PATH} CMAKE_PREFIX_PATH=/home/pierres/COURS/slamnav/install/nav2_core:/home/pierres/COURS/slamnav/install/nav2_costmap_2d:/home/pierres/COURS/slamnav/install/nav_2d_utils:/home/pierres/COURS/slamnav/install/nav2_map_server:/home/pierres/COURS/slamnav/install/nav2_lifecycle_manager:/home/pierres/COURS/slamnav/install/nav2_util:/home/pierres/COURS/slamnav/install/nav2_voxel_grid:/home/pierres/COURS/slamnav/install/nav2_msgs:/home/pierres/COURS/slamnav/install/nav_2d_msgs:/home/pierres/COURS/slamnav/install/nav2_common:/opt/ros/humble:/home/pierres/COURS/slamnav/install/slamnav_turtlebot LD_LIBRARY_PATH=/home/pierres/COURS/slamnav/install/nav2_costmap_2d/lib:/home/pierres/COURS/slamnav/install/nav_2d_utils/lib:/home/pierres/COURS/slamnav/install/nav2_map_server/lib:/home/pierres/COURS/slamnav/install/nav2_lifecycle_manager/lib:/home/pierres/COURS/slamnav/install/nav2_util/lib:/home/pierres/COURS/slamnav/install/nav2_voxel_grid/lib:/home/pierres/COURS/slamnav/install/nav2_msgs/lib:/home/pierres/COURS/slamnav/install/nav_2d_msgs/lib:${LD_LIBRARY_PATH} PYTHONPATH=/home/pierres/COURS/slamnav/install/nav2_msgs/local/lib/python3.10/dist-packages:/home/pierres/COURS/slamnav/install/nav_2d_msgs/local/lib/python3.10/dist-packages:/home/pierres/COURS/slamnav/install/nav2_common/local/lib/python3.10/dist-packages:${PYTHONPATH} /usr/bin/cmake --install /home/pierres/COURS/slamnav/build/nav2_controller
[0.455s] -- Install configuration: "Humble"
[0.456s] -- Execute custom install script
[0.456s] -- Up-to-date symlink: /home/pierres/COURS/slamnav/install/nav2_controller/lib/libsimple_progress_checker.so
[0.456s] -- Up-to-date symlink: /home/pierres/COURS/slamnav/install/nav2_controller/lib/libpose_progress_checker.so
[0.457s] -- Up-to-date symlink: /home/pierres/COURS/slamnav/install/nav2_controller/lib/libsimple_goal_checker.so
[0.457s] -- Up-to-date symlink: /home/pierres/COURS/slamnav/install/nav2_controller/lib/libstopped_goal_checker.so
[0.457s] -- Up-to-date symlink: /home/pierres/COURS/slamnav/install/nav2_controller/lib/libcontroller_server_core.so
[0.457s] -- Up-to-date symlink: /home/pierres/COURS/slamnav/install/nav2_controller/lib/nav2_controller/controller_server
[0.457s] -- Up-to-date symlink: /home/pierres/COURS/slamnav/install/nav2_controller/include//nav2_controller/controller_server.hpp
[0.457s] -- Up-to-date symlink: /home/pierres/COURS/slamnav/install/nav2_controller/include//nav2_controller/plugins/pose_progress_checker.hpp
[0.457s] -- Up-to-date symlink: /home/pierres/COURS/slamnav/install/nav2_controller/include//nav2_controller/plugins/simple_goal_checker.hpp
[0.457s] -- Up-to-date symlink: /home/pierres/COURS/slamnav/install/nav2_controller/include//nav2_controller/plugins/simple_progress_checker.hpp
[0.458s] -- Up-to-date symlink: /home/pierres/COURS/slamnav/install/nav2_controller/include//nav2_controller/plugins/stopped_goal_checker.hpp
[0.458s] -- Up-to-date symlink: /home/pierres/COURS/slamnav/install/nav2_controller/share/nav2_controller/environment/library_path.sh
[0.458s] -- Up-to-date symlink: /home/pierres/COURS/slamnav/install/nav2_controller/share/nav2_controller/environment/library_path.dsv
[0.458s] -- Up-to-date symlink: /home/pierres/COURS/slamnav/install/nav2_controller/share/nav2_controller//plugins.xml
[0.458s] -- Up-to-date symlink: /home/pierres/COURS/slamnav/install/nav2_controller/share/ament_index/resource_index/package_run_dependencies/nav2_controller
[0.458s] -- Up-to-date symlink: /home/pierres/COURS/slamnav/install/nav2_controller/share/ament_index/resource_index/parent_prefix_path/nav2_controller
[0.458s] -- Up-to-date symlink: /home/pierres/COURS/slamnav/install/nav2_controller/share/nav2_controller/environment/ament_prefix_path.sh
[0.458s] -- Up-to-date symlink: /home/pierres/COURS/slamnav/install/nav2_controller/share/nav2_controller/environment/ament_prefix_path.dsv
[0.458s] -- Up-to-date symlink: /home/pierres/COURS/slamnav/install/nav2_controller/share/nav2_controller/environment/path.sh
[0.458s] -- Up-to-date symlink: /home/pierres/COURS/slamnav/install/nav2_controller/share/nav2_controller/environment/path.dsv
[0.459s] -- Up-to-date symlink: /home/pierres/COURS/slamnav/install/nav2_controller/share/nav2_controller/local_setup.bash
[0.459s] -- Up-to-date symlink: /home/pierres/COURS/slamnav/install/nav2_controller/share/nav2_controller/local_setup.sh
[0.462s] -- Up-to-date symlink: /home/pierres/COURS/slamnav/install/nav2_controller/share/nav2_controller/local_setup.zsh
[0.465s] -- Up-to-date symlink: /home/pierres/COURS/slamnav/install/nav2_controller/share/nav2_controller/local_setup.dsv
[0.465s] -- Symlinking: /home/pierres/COURS/slamnav/install/nav2_controller/share/nav2_controller/package.dsv
[0.467s] -- Up-to-date symlink: /home/pierres/COURS/slamnav/install/nav2_controller/share/ament_index/resource_index/packages/nav2_controller
[0.467s] -- Up-to-date symlink: /home/pierres/COURS/slamnav/install/nav2_controller/share/ament_index/resource_index/nav2_core__pluginlib__plugin/nav2_controller
[0.468s] -- Up-to-date symlink: /home/pierres/COURS/slamnav/install/nav2_controller/share/ament_index/resource_index/rclcpp_components/nav2_controller
[0.468s] -- Up-to-date symlink: /home/pierres/COURS/slamnav/install/nav2_controller/share/nav2_controller/cmake/ament_cmake_export_include_directories-extras.cmake
[0.468s] -- Up-to-date symlink: /home/pierres/COURS/slamnav/install/nav2_controller/share/nav2_controller/cmake/ament_cmake_export_libraries-extras.cmake
[0.468s] -- Up-to-date symlink: /home/pierres/COURS/slamnav/install/nav2_controller/share/nav2_controller/cmake/ament_cmake_export_dependencies-extras.cmake
[0.469s] -- Up-to-date symlink: /home/pierres/COURS/slamnav/install/nav2_controller/share/nav2_controller/cmake/nav2_controllerConfig.cmake
[0.470s] -- Up-to-date symlink: /home/pierres/COURS/slamnav/install/nav2_controller/share/nav2_controller/cmake/nav2_controllerConfig-version.cmake
[0.470s] -- Up-to-date symlink: /home/pierres/COURS/slamnav/install/nav2_controller/share/nav2_controller/package.xml
[0.518s] Invoked command in '/home/pierres/COURS/slamnav/build/nav2_controller' returned '0': AMENT_PREFIX_PATH=/home/pierres/COURS/slamnav/install/nav2_core:/home/pierres/COURS/slamnav/install/nav2_costmap_2d:/home/pierres/COURS/slamnav/install/nav_2d_utils:/home/pierres/COURS/slamnav/install/nav2_map_server:/home/pierres/COURS/slamnav/install/nav2_lifecycle_manager:/home/pierres/COURS/slamnav/install/nav2_util:/home/pierres/COURS/slamnav/install/nav2_voxel_grid:/home/pierres/COURS/slamnav/install/nav2_msgs:/home/pierres/COURS/slamnav/install/nav_2d_msgs:/home/pierres/COURS/slamnav/install/nav2_common:${AMENT_PREFIX_PATH} CMAKE_PREFIX_PATH=/home/pierres/COURS/slamnav/install/nav2_core:/home/pierres/COURS/slamnav/install/nav2_costmap_2d:/home/pierres/COURS/slamnav/install/nav_2d_utils:/home/pierres/COURS/slamnav/install/nav2_map_server:/home/pierres/COURS/slamnav/install/nav2_lifecycle_manager:/home/pierres/COURS/slamnav/install/nav2_util:/home/pierres/COURS/slamnav/install/nav2_voxel_grid:/home/pierres/COURS/slamnav/install/nav2_msgs:/home/pierres/COURS/slamnav/install/nav_2d_msgs:/home/pierres/COURS/slamnav/install/nav2_common:/opt/ros/humble:/home/pierres/COURS/slamnav/install/slamnav_turtlebot LD_LIBRARY_PATH=/home/pierres/COURS/slamnav/install/nav2_costmap_2d/lib:/home/pierres/COURS/slamnav/install/nav_2d_utils/lib:/home/pierres/COURS/slamnav/install/nav2_map_server/lib:/home/pierres/COURS/slamnav/install/nav2_lifecycle_manager/lib:/home/pierres/COURS/slamnav/install/nav2_util/lib:/home/pierres/COURS/slamnav/install/nav2_voxel_grid/lib:/home/pierres/COURS/slamnav/install/nav2_msgs/lib:/home/pierres/COURS/slamnav/install/nav_2d_msgs/lib:${LD_LIBRARY_PATH} PYTHONPATH=/home/pierres/COURS/slamnav/install/nav2_msgs/local/lib/python3.10/dist-packages:/home/pierres/COURS/slamnav/install/nav_2d_msgs/local/lib/python3.10/dist-packages:/home/pierres/COURS/slamnav/install/nav2_common/local/lib/python3.10/dist-packages:${PYTHONPATH} /usr/bin/cmake --install /home/pierres/COURS/slamnav/build/nav2_controller
