[0.007s] Invoking command in '/home/pierres/COURS/slamnav/build/nav2_common': CMAKE_PREFIX_PATH=${CMAKE_PREFIX_PATH}:/opt/ros/humble:/home/pierres/COURS/slamnav/install/slamnav_turtlebot /usr/bin/cmake /home/pierres/COURS/slamnav/src/navigation2/nav2_common -DCMAKE_BUILD_TYPE=Release -DAMENT_CMAKE_SYMLINK_INSTALL=1 -DCMAKE_INSTALL_PREFIX=/home/pierres/COURS/slamnav/install/nav2_common
[0.061s] -- Found ament_cmake_core: 1.3.10 (/opt/ros/humble/share/ament_cmake_core/cmake)
[0.223s] -- Found Python3: /usr/bin/python3 (found version "3.10.12") found components: Interpreter 
[0.269s] -- Override CMake install command with custom implementation using symlinks instead of copying resources
[0.271s] -- Found ament_cmake_python: 1.3.10 (/opt/ros/humble/share/ament_cmake_python/cmake)
[0.383s] -- Configuring done
[0.384s] -- Generating done
[0.385s] -- Build files have been written to: /home/pierres/COURS/slamnav/build/nav2_common
[0.387s] Invoked command in '/home/pierres/COURS/slamnav/build/nav2_common' returned '0': CMAKE_PREFIX_PATH=${CMAKE_PREFIX_PATH}:/opt/ros/humble:/home/pierres/COURS/slamnav/install/slamnav_turtlebot /usr/bin/cmake /home/pierres/COURS/slamnav/src/navigation2/nav2_common -DCMAKE_BUILD_TYPE=Release -DAMENT_CMAKE_SYMLINK_INSTALL=1 -DCMAKE_INSTALL_PREFIX=/home/pierres/COURS/slamnav/install/nav2_common
[0.388s] Invoking command in '/home/pierres/COURS/slamnav/build/nav2_common': CMAKE_PREFIX_PATH=${CMAKE_PREFIX_PATH}:/opt/ros/humble:/home/pierres/COURS/slamnav/install/slamnav_turtlebot /usr/bin/cmake --build /home/pierres/COURS/slamnav/build/nav2_common -- -j16 -l16
[0.433s] Built target ament_cmake_python_symlink_nav2_common
[0.602s] running egg_info
[0.603s] creating nav2_common.egg-info
[0.603s] writing nav2_common.egg-info/PKG-INFO
[0.603s] writing dependency_links to nav2_common.egg-info/dependency_links.txt
[0.603s] writing top-level names to nav2_common.egg-info/top_level.txt
[0.603s] writing manifest file 'nav2_common.egg-info/SOURCES.txt'
[0.605s] reading manifest file 'nav2_common.egg-info/SOURCES.txt'
[0.605s] writing manifest file 'nav2_common.egg-info/SOURCES.txt'
[0.625s] Built target ament_cmake_python_build_nav2_common_egg
[0.635s] Invoked command in '/home/pierres/COURS/slamnav/build/nav2_common' returned '0': CMAKE_PREFIX_PATH=${CMAKE_PREFIX_PATH}:/opt/ros/humble:/home/pierres/COURS/slamnav/install/slamnav_turtlebot /usr/bin/cmake --build /home/pierres/COURS/slamnav/build/nav2_common -- -j16 -l16
[0.662s] Invoking command in '/home/pierres/COURS/slamnav/build/nav2_common': CMAKE_PREFIX_PATH=${CMAKE_PREFIX_PATH}:/opt/ros/humble:/home/pierres/COURS/slamnav/install/slamnav_turtlebot /usr/bin/cmake --install /home/pierres/COURS/slamnav/build/nav2_common
[0.667s] -- Install configuration: "Release"
[0.667s] -- Execute custom install script
[0.667s] -- Symlinking: /home/pierres/COURS/slamnav/install/nav2_common/share/nav2_common/environment/pythonpath.sh
[0.674s] -- Symlinking: /home/pierres/COURS/slamnav/install/nav2_common/share/nav2_common/environment/pythonpath.dsv
[0.681s] -- Symlinking: /home/pierres/COURS/slamnav/install/nav2_common/local/lib/python3.10/dist-packages/nav2_common-1.1.16-py3.10.egg-info/PKG-INFO
[0.688s] -- Symlinking: /home/pierres/COURS/slamnav/install/nav2_common/local/lib/python3.10/dist-packages/nav2_common-1.1.16-py3.10.egg-info/SOURCES.txt
[0.694s] -- Symlinking: /home/pierres/COURS/slamnav/install/nav2_common/local/lib/python3.10/dist-packages/nav2_common-1.1.16-py3.10.egg-info/dependency_links.txt
[0.702s] -- Symlinking: /home/pierres/COURS/slamnav/install/nav2_common/local/lib/python3.10/dist-packages/nav2_common-1.1.16-py3.10.egg-info/top_level.txt
[0.710s] -- Symlinking: /home/pierres/COURS/slamnav/install/nav2_common/local/lib/python3.10/dist-packages/nav2_common/__init__.py
[0.716s] -- Symlinking: /home/pierres/COURS/slamnav/install/nav2_common/local/lib/python3.10/dist-packages/nav2_common/launch/__init__.py
[0.723s] -- Symlinking: /home/pierres/COURS/slamnav/install/nav2_common/local/lib/python3.10/dist-packages/nav2_common/launch/has_node_params.py
[0.730s] -- Symlinking: /home/pierres/COURS/slamnav/install/nav2_common/local/lib/python3.10/dist-packages/nav2_common/launch/parse_multirobot_pose.py
[0.737s] -- Symlinking: /home/pierres/COURS/slamnav/install/nav2_common/local/lib/python3.10/dist-packages/nav2_common/launch/replace_string.py
[0.745s] -- Symlinking: /home/pierres/COURS/slamnav/install/nav2_common/local/lib/python3.10/dist-packages/nav2_common/launch/rewritten_yaml.py
[0.754s] -- Symlinking: /home/pierres/COURS/slamnav/install/nav2_common/share/ament_index/resource_index/package_run_dependencies/nav2_common
[0.762s] -- Symlinking: /home/pierres/COURS/slamnav/install/nav2_common/share/ament_index/resource_index/parent_prefix_path/nav2_common
[0.768s] -- Symlinking: /home/pierres/COURS/slamnav/install/nav2_common/share/nav2_common/environment/ament_prefix_path.sh
[0.774s] -- Symlinking: /home/pierres/COURS/slamnav/install/nav2_common/share/nav2_common/environment/ament_prefix_path.dsv
[0.781s] -- Symlinking: /home/pierres/COURS/slamnav/install/nav2_common/share/nav2_common/environment/path.sh
[0.789s] -- Symlinking: /home/pierres/COURS/slamnav/install/nav2_common/share/nav2_common/environment/path.dsv
[0.797s] -- Symlinking: /home/pierres/COURS/slamnav/install/nav2_common/share/nav2_common/local_setup.bash
[0.803s] -- Symlinking: /home/pierres/COURS/slamnav/install/nav2_common/share/nav2_common/local_setup.sh
[0.811s] -- Symlinking: /home/pierres/COURS/slamnav/install/nav2_common/share/nav2_common/local_setup.zsh
[0.821s] -- Symlinking: /home/pierres/COURS/slamnav/install/nav2_common/share/nav2_common/local_setup.dsv
[0.829s] -- Symlinking: /home/pierres/COURS/slamnav/install/nav2_common/share/nav2_common/package.dsv
[0.839s] -- Symlinking: /home/pierres/COURS/slamnav/install/nav2_common/share/ament_index/resource_index/packages/nav2_common
[0.846s] -- Symlinking: /home/pierres/COURS/slamnav/install/nav2_common/share/nav2_common/cmake/nav2_common-extras.cmake
[0.854s] -- Symlinking: /home/pierres/COURS/slamnav/install/nav2_common/share/nav2_common/cmake/nav2_commonConfig.cmake
[0.861s] -- Symlinking: /home/pierres/COURS/slamnav/install/nav2_common/share/nav2_common/cmake/nav2_commonConfig-version.cmake
[0.870s] -- Symlinking: /home/pierres/COURS/slamnav/install/nav2_common/share/nav2_common/package.xml
[0.877s] -- Symlinking: /home/pierres/COURS/slamnav/install/nav2_common/share/nav2_common/cmake/nav2_package.cmake
[0.913s] Listing '/home/pierres/COURS/slamnav/install/nav2_common/local/lib/python3.10/dist-packages/nav2_common'...
[0.913s] Compiling '/home/pierres/COURS/slamnav/install/nav2_common/local/lib/python3.10/dist-packages/nav2_common/__init__.py'...
[0.914s] Listing '/home/pierres/COURS/slamnav/install/nav2_common/local/lib/python3.10/dist-packages/nav2_common/launch'...
[0.914s] Compiling '/home/pierres/COURS/slamnav/install/nav2_common/local/lib/python3.10/dist-packages/nav2_common/launch/__init__.py'...
[0.914s] Compiling '/home/pierres/COURS/slamnav/install/nav2_common/local/lib/python3.10/dist-packages/nav2_common/launch/has_node_params.py'...
[0.914s] Compiling '/home/pierres/COURS/slamnav/install/nav2_common/local/lib/python3.10/dist-packages/nav2_common/launch/parse_multirobot_pose.py'...
[0.914s] Compiling '/home/pierres/COURS/slamnav/install/nav2_common/local/lib/python3.10/dist-packages/nav2_common/launch/replace_string.py'...
[0.914s] Compiling '/home/pierres/COURS/slamnav/install/nav2_common/local/lib/python3.10/dist-packages/nav2_common/launch/rewritten_yaml.py'...
[0.918s] Invoked command in '/home/pierres/COURS/slamnav/build/nav2_common' returned '0': CMAKE_PREFIX_PATH=${CMAKE_PREFIX_PATH}:/opt/ros/humble:/home/pierres/COURS/slamnav/install/slamnav_turtlebot /usr/bin/cmake --install /home/pierres/COURS/slamnav/build/nav2_common
