[0.076s] Invoking command in '/home/pierres/COURS/slamnav/build/dwb_critics': AMENT_PREFIX_PATH=/home/pierres/COURS/slamnav/install/dwb_core:/home/pierres/COURS/slamnav/install/nav2_core:/home/pierres/COURS/slamnav/install/costmap_queue:/home/pierres/COURS/slamnav/install/nav2_costmap_2d:/home/pierres/COURS/slamnav/install/nav_2d_utils:/home/pierres/COURS/slamnav/install/nav2_map_server:/home/pierres/COURS/slamnav/install/nav2_lifecycle_manager:/home/pierres/COURS/slamnav/install/nav2_util:/home/pierres/COURS/slamnav/install/nav2_voxel_grid:/home/pierres/COURS/slamnav/install/nav2_msgs:/home/pierres/COURS/slamnav/install/dwb_msgs:/home/pierres/COURS/slamnav/install/nav_2d_msgs:/home/pierres/COURS/slamnav/install/nav2_common:${AMENT_PREFIX_PATH} CMAKE_PREFIX_PATH=/home/pierres/COURS/slamnav/install/dwb_core:/home/pierres/COURS/slamnav/install/nav2_core:/home/pierres/COURS/slamnav/install/costmap_queue:/home/pierres/COURS/slamnav/install/nav2_costmap_2d:/home/pierres/COURS/slamnav/install/nav_2d_utils:/home/pierres/COURS/slamnav/install/nav2_map_server:/home/pierres/COURS/slamnav/install/nav2_lifecycle_manager:/home/pierres/COURS/slamnav/install/nav2_util:/home/pierres/COURS/slamnav/install/nav2_voxel_grid:/home/pierres/COURS/slamnav/install/nav2_msgs:/home/pierres/COURS/slamnav/install/dwb_msgs:/home/pierres/COURS/slamnav/install/nav_2d_msgs:/home/pierres/COURS/slamnav/install/nav2_common:/home/pierres/COURS/slamnav/install/slam_toolbox:/opt/ros/humble:/home/pierres/COURS/slamnav/install/slamnav_turtlebot LD_LIBRARY_PATH=/home/pierres/COURS/slamnav/install/dwb_core/lib:/home/pierres/COURS/slamnav/install/costmap_queue/lib:/home/pierres/COURS/slamnav/install/nav2_costmap_2d/lib:/home/pierres/COURS/slamnav/install/nav_2d_utils/lib:/home/pierres/COURS/slamnav/install/nav2_map_server/lib:/home/pierres/COURS/slamnav/install/nav2_lifecycle_manager/lib:/home/pierres/COURS/slamnav/install/nav2_util/lib:/home/pierres/COURS/slamnav/install/nav2_voxel_grid/lib:/home/pierres/COURS/slamnav/install/nav2_msgs/lib:/home/pierres/COURS/slamnav/install/dwb_msgs/lib:/home/pierres/COURS/slamnav/install/nav_2d_msgs/lib:${LD_LIBRARY_PATH} PYTHONPATH=/home/pierres/COURS/slamnav/install/nav2_msgs/local/lib/python3.10/dist-packages:/home/pierres/COURS/slamnav/install/dwb_msgs/local/lib/python3.10/dist-packages:/home/pierres/COURS/slamnav/install/nav_2d_msgs/local/lib/python3.10/dist-packages:/home/pierres/COURS/slamnav/install/nav2_common/local/lib/python3.10/dist-packages:${PYTHONPATH} /usr/bin/cmake /home/pierres/COURS/slamnav/src/navigation2/nav2_dwb_controller/dwb_critics -DCMAKE_BUILD_TYPE=Humble -DAMENT_CMAKE_SYMLINK_INSTALL=1 -DCMAKE_INSTALL_PREFIX=/home/pierres/COURS/slamnav/install/dwb_critics
[2.637s] -- The C compiler identification is GNU 11.4.0
[2.637s] -- The CXX compiler identification is GNU 11.4.0
[2.637s] -- Detecting C compiler ABI info
[2.637s] -- Detecting C compiler ABI info - done
[2.637s] -- Check for working C compiler: /usr/bin/cc - skipped
[2.638s] -- Detecting C compile features
[2.638s] -- Detecting C compile features - done
[2.638s] -- Detecting CXX compiler ABI info
[2.638s] -- Detecting CXX compiler ABI info - done
[2.638s] -- Check for working CXX compiler: /usr/bin/c++ - skipped
[2.638s] -- Detecting CXX compile features
[2.638s] -- Detecting CXX compile features - done
[2.638s] -- Found ament_cmake: 1.3.10 (/opt/ros/humble/share/ament_cmake/cmake)
[2.638s] -- Found Python3: /usr/bin/python3 (found version "3.10.12") found components: Interpreter 
[2.638s] -- Override CMake install command with custom implementation using symlinks instead of copying resources
[2.638s] -- Found nav2_common: 1.1.16 (/home/pierres/COURS/slamnav/install/nav2_common/share/nav2_common/cmake)
[2.638s] -- Found angles: 1.15.0 (/opt/ros/humble/share/angles/cmake)
[2.638s] -- Found nav2_costmap_2d: 1.1.16 (/home/pierres/COURS/slamnav/install/nav2_costmap_2d/share/nav2_costmap_2d/cmake)
[2.638s] -- Found rosidl_generator_c: 3.1.5 (/opt/ros/humble/share/rosidl_generator_c/cmake)
[2.638s] -- Found rosidl_adapter: 3.1.5 (/opt/ros/humble/share/rosidl_adapter/cmake)
[2.639s] -- Found rosidl_generator_cpp: 3.1.5 (/opt/ros/humble/share/rosidl_generator_cpp/cmake)
[2.639s] -- Using all available rosidl_typesupport_c: rosidl_typesupport_fastrtps_c;rosidl_typesupport_introspection_c
[2.639s] -- Using all available rosidl_typesupport_cpp: rosidl_typesupport_fastrtps_cpp;rosidl_typesupport_introspection_cpp
[2.640s] -- Found rmw_implementation_cmake: 6.1.2 (/opt/ros/humble/share/rmw_implementation_cmake/cmake)
[2.641s] -- Found rmw_cyclonedds_cpp: 1.3.4 (/opt/ros/humble/share/rmw_cyclonedds_cpp/cmake)
[2.641s] -- Using RMW implementation 'rmw_cyclonedds_cpp' as default
[2.641s] -- Looking for pthread.h
[2.641s] -- Looking for pthread.h - found
[2.641s] -- Performing Test CMAKE_HAVE_LIBC_PTHREAD
[2.641s] -- Performing Test CMAKE_HAVE_LIBC_PTHREAD - Success
[2.641s] -- Found Threads: TRUE  
[2.641s] -- Found Eigen3: TRUE (found version "3.4.0") 
[2.641s] -- Ensuring Eigen3 include directory is part of orocos-kdl CMake target
[2.641s] -- Found costmap_queue: 1.1.16 (/home/pierres/COURS/slamnav/install/costmap_queue/share/costmap_queue/cmake)
[2.641s] -- Found dwb_core: 1.1.16 (/home/pierres/COURS/slamnav/install/dwb_core/share/dwb_core/cmake)
[3.007s] -- Found ament_lint_auto: 0.12.11 (/opt/ros/humble/share/ament_lint_auto/cmake)
[3.102s] -- Found gtest sources under '/opt/ros/humble/src/gtest_vendor': C++ tests using 'Google Test' will be built
[3.125s] -- Added test 'cppcheck' to perform static code analysis on C / C++ code
[3.125s] -- Configured cppcheck include dirs: /home/pierres/COURS/slamnav/src/navigation2/nav2_dwb_controller/dwb_critics/include
[3.125s] -- Configured cppcheck exclude dirs and/or files: 
[3.127s] -- Added test 'cpplint' to check C / C++ code against the Google style
[3.127s] -- Configured cpplint exclude dirs and/or files: 
[3.128s] -- Added test 'lint_cmake' to check CMake code style
[3.129s] -- Added test 'uncrustify' to check C / C++ code style
[3.130s] -- Configured uncrustify additional arguments: 
[3.130s] -- Added test 'xmllint' to check XML markup files
[3.135s] -- Configuring done
[3.335s] -- Generating done
[3.340s] -- Build files have been written to: /home/pierres/COURS/slamnav/build/dwb_critics
[3.360s] Invoked command in '/home/pierres/COURS/slamnav/build/dwb_critics' returned '0': AMENT_PREFIX_PATH=/home/pierres/COURS/slamnav/install/dwb_core:/home/pierres/COURS/slamnav/install/nav2_core:/home/pierres/COURS/slamnav/install/costmap_queue:/home/pierres/COURS/slamnav/install/nav2_costmap_2d:/home/pierres/COURS/slamnav/install/nav_2d_utils:/home/pierres/COURS/slamnav/install/nav2_map_server:/home/pierres/COURS/slamnav/install/nav2_lifecycle_manager:/home/pierres/COURS/slamnav/install/nav2_util:/home/pierres/COURS/slamnav/install/nav2_voxel_grid:/home/pierres/COURS/slamnav/install/nav2_msgs:/home/pierres/COURS/slamnav/install/dwb_msgs:/home/pierres/COURS/slamnav/install/nav_2d_msgs:/home/pierres/COURS/slamnav/install/nav2_common:${AMENT_PREFIX_PATH} CMAKE_PREFIX_PATH=/home/pierres/COURS/slamnav/install/dwb_core:/home/pierres/COURS/slamnav/install/nav2_core:/home/pierres/COURS/slamnav/install/costmap_queue:/home/pierres/COURS/slamnav/install/nav2_costmap_2d:/home/pierres/COURS/slamnav/install/nav_2d_utils:/home/pierres/COURS/slamnav/install/nav2_map_server:/home/pierres/COURS/slamnav/install/nav2_lifecycle_manager:/home/pierres/COURS/slamnav/install/nav2_util:/home/pierres/COURS/slamnav/install/nav2_voxel_grid:/home/pierres/COURS/slamnav/install/nav2_msgs:/home/pierres/COURS/slamnav/install/dwb_msgs:/home/pierres/COURS/slamnav/install/nav_2d_msgs:/home/pierres/COURS/slamnav/install/nav2_common:/home/pierres/COURS/slamnav/install/slam_toolbox:/opt/ros/humble:/home/pierres/COURS/slamnav/install/slamnav_turtlebot LD_LIBRARY_PATH=/home/pierres/COURS/slamnav/install/dwb_core/lib:/home/pierres/COURS/slamnav/install/costmap_queue/lib:/home/pierres/COURS/slamnav/install/nav2_costmap_2d/lib:/home/pierres/COURS/slamnav/install/nav_2d_utils/lib:/home/pierres/COURS/slamnav/install/nav2_map_server/lib:/home/pierres/COURS/slamnav/install/nav2_lifecycle_manager/lib:/home/pierres/COURS/slamnav/install/nav2_util/lib:/home/pierres/COURS/slamnav/install/nav2_voxel_grid/lib:/home/pierres/COURS/slamnav/install/nav2_msgs/lib:/home/pierres/COURS/slamnav/install/dwb_msgs/lib:/home/pierres/COURS/slamnav/install/nav_2d_msgs/lib:${LD_LIBRARY_PATH} PYTHONPATH=/home/pierres/COURS/slamnav/install/nav2_msgs/local/lib/python3.10/dist-packages:/home/pierres/COURS/slamnav/install/dwb_msgs/local/lib/python3.10/dist-packages:/home/pierres/COURS/slamnav/install/nav_2d_msgs/local/lib/python3.10/dist-packages:/home/pierres/COURS/slamnav/install/nav2_common/local/lib/python3.10/dist-packages:${PYTHONPATH} /usr/bin/cmake /home/pierres/COURS/slamnav/src/navigation2/nav2_dwb_controller/dwb_critics -DCMAKE_BUILD_TYPE=Humble -DAMENT_CMAKE_SYMLINK_INSTALL=1 -DCMAKE_INSTALL_PREFIX=/home/pierres/COURS/slamnav/install/dwb_critics
[3.363s] Invoking command in '/home/pierres/COURS/slamnav/build/dwb_critics': AMENT_PREFIX_PATH=/home/pierres/COURS/slamnav/install/dwb_core:/home/pierres/COURS/slamnav/install/nav2_core:/home/pierres/COURS/slamnav/install/costmap_queue:/home/pierres/COURS/slamnav/install/nav2_costmap_2d:/home/pierres/COURS/slamnav/install/nav_2d_utils:/home/pierres/COURS/slamnav/install/nav2_map_server:/home/pierres/COURS/slamnav/install/nav2_lifecycle_manager:/home/pierres/COURS/slamnav/install/nav2_util:/home/pierres/COURS/slamnav/install/nav2_voxel_grid:/home/pierres/COURS/slamnav/install/nav2_msgs:/home/pierres/COURS/slamnav/install/dwb_msgs:/home/pierres/COURS/slamnav/install/nav_2d_msgs:/home/pierres/COURS/slamnav/install/nav2_common:${AMENT_PREFIX_PATH} CMAKE_PREFIX_PATH=/home/pierres/COURS/slamnav/install/dwb_core:/home/pierres/COURS/slamnav/install/nav2_core:/home/pierres/COURS/slamnav/install/costmap_queue:/home/pierres/COURS/slamnav/install/nav2_costmap_2d:/home/pierres/COURS/slamnav/install/nav_2d_utils:/home/pierres/COURS/slamnav/install/nav2_map_server:/home/pierres/COURS/slamnav/install/nav2_lifecycle_manager:/home/pierres/COURS/slamnav/install/nav2_util:/home/pierres/COURS/slamnav/install/nav2_voxel_grid:/home/pierres/COURS/slamnav/install/nav2_msgs:/home/pierres/COURS/slamnav/install/dwb_msgs:/home/pierres/COURS/slamnav/install/nav_2d_msgs:/home/pierres/COURS/slamnav/install/nav2_common:/home/pierres/COURS/slamnav/install/slam_toolbox:/opt/ros/humble:/home/pierres/COURS/slamnav/install/slamnav_turtlebot LD_LIBRARY_PATH=/home/pierres/COURS/slamnav/install/dwb_core/lib:/home/pierres/COURS/slamnav/install/costmap_queue/lib:/home/pierres/COURS/slamnav/install/nav2_costmap_2d/lib:/home/pierres/COURS/slamnav/install/nav_2d_utils/lib:/home/pierres/COURS/slamnav/install/nav2_map_server/lib:/home/pierres/COURS/slamnav/install/nav2_lifecycle_manager/lib:/home/pierres/COURS/slamnav/install/nav2_util/lib:/home/pierres/COURS/slamnav/install/nav2_voxel_grid/lib:/home/pierres/COURS/slamnav/install/nav2_msgs/lib:/home/pierres/COURS/slamnav/install/dwb_msgs/lib:/home/pierres/COURS/slamnav/install/nav_2d_msgs/lib:${LD_LIBRARY_PATH} PYTHONPATH=/home/pierres/COURS/slamnav/install/nav2_msgs/local/lib/python3.10/dist-packages:/home/pierres/COURS/slamnav/install/dwb_msgs/local/lib/python3.10/dist-packages:/home/pierres/COURS/slamnav/install/nav_2d_msgs/local/lib/python3.10/dist-packages:/home/pierres/COURS/slamnav/install/nav2_common/local/lib/python3.10/dist-packages:${PYTHONPATH} /usr/bin/cmake --build /home/pierres/COURS/slamnav/build/dwb_critics -- -j16 -l16
[3.425s] [  3%] [32mBuilding CXX object CMakeFiles/dwb_critics.dir/src/alignment_util.cpp.o[0m
[4.512s] [  7%] [32mBuilding CXX object CMakeFiles/dwb_critics.dir/src/twirling.cpp.o[0m
[12.738s] [ 11%] [32mBuilding CXX object CMakeFiles/dwb_critics.dir/src/rotate_to_goal.cpp.o[0m
[19.831s] [ 14%] [32mBuilding CXX object CMakeFiles/dwb_critics.dir/src/prefer_forward.cpp.o[0m
[25.175s] [ 29%] [32mBuilding CXX object CMakeFiles/dwb_critics.dir/src/oscillation.cpp.o[0m
[25.175s] [ 29%] [32mBuilding CXX object CMakeFiles/dwb_critics.dir/src/obstacle_footprint.cpp.o[0m
[25.175s] [ 29%] [32mBuilding CXX object CMakeFiles/dwb_critics.dir/src/base_obstacle.cpp.o[0m
[25.175s] [ 29%] [32mBuilding CXX object CMakeFiles/dwb_critics.dir/src/path_align.cpp.o[0m
[33.239s] [ 33%] [32mBuilding CXX object CMakeFiles/dwb_critics.dir/src/path_dist.cpp.o[0m
[33.254s] [ 40%] [32mBuilding CXX object CMakeFiles/dwb_critics.dir/src/goal_dist.cpp.o[0m
[33.255s] [ 40%] [32mBuilding CXX object CMakeFiles/dwb_critics.dir/src/goal_align.cpp.o[0m
[34.252s] [ 44%] [32mBuilding CXX object CMakeFiles/dwb_critics.dir/src/map_grid.cpp.o[0m
[42.105s] [ 48%] [32m[1mLinking CXX shared library libdwb_critics.so[0m
[44.257s] [ 48%] Built target dwb_critics
[44.289s] [ 55%] [32mBuilding CXX object gtest/CMakeFiles/gtest.dir/src/gtest-all.cc.o[0m
[44.289s] [ 55%] [32mBuilding CXX object gtest/CMakeFiles/gtest_main.dir/src/gtest_main.cc.o[0m
[45.874s] [ 59%] [32m[1mLinking CXX static library libgtest_main.a[0m
[45.930s] [ 59%] Built target gtest_main
[48.700s] [ 62%] [32m[1mLinking CXX static library libgtest.a[0m
[48.810s] [ 62%] Built target gtest
[48.845s] [ 66%] [32mBuilding CXX object test/CMakeFiles/prefer_forward_tests.dir/prefer_forward_test.cpp.o[0m
[48.846s] [ 74%] [32mBuilding CXX object test/CMakeFiles/obstacle_footprint_tests.dir/obstacle_footprint_test.cpp.o[0m
[48.846s] [ 74%] [32mBuilding CXX object test/CMakeFiles/twirling_tests.dir/twirling_test.cpp.o[0m
[48.847s] [ 77%] [32mBuilding CXX object test/CMakeFiles/alignment_util_tests.dir/alignment_util_test.cpp.o[0m
[48.848s] [ 81%] [32mBuilding CXX object test/CMakeFiles/base_obstacle_tests.dir/base_obstacle_test.cpp.o[0m
[58.574s] [ 85%] [32m[1mLinking CXX executable alignment_util_tests[0m
[60.298s] [ 85%] Built target alignment_util_tests
[65.767s] [ 88%] [32m[1mLinking CXX executable prefer_forward_tests[0m
[66.391s] [ 92%] [32m[1mLinking CXX executable obstacle_footprint_tests[0m
[66.509s] [ 96%] [32m[1mLinking CXX executable base_obstacle_tests[0m
[68.426s] [100%] [32m[1mLinking CXX executable twirling_tests[0m
[68.626s] [100%] Built target prefer_forward_tests
[69.918s] [100%] Built target base_obstacle_tests
[71.677s] [100%] Built target twirling_tests
[72.229s] [100%] Built target obstacle_footprint_tests
[72.273s] Invoked command in '/home/pierres/COURS/slamnav/build/dwb_critics' returned '0': AMENT_PREFIX_PATH=/home/pierres/COURS/slamnav/install/dwb_core:/home/pierres/COURS/slamnav/install/nav2_core:/home/pierres/COURS/slamnav/install/costmap_queue:/home/pierres/COURS/slamnav/install/nav2_costmap_2d:/home/pierres/COURS/slamnav/install/nav_2d_utils:/home/pierres/COURS/slamnav/install/nav2_map_server:/home/pierres/COURS/slamnav/install/nav2_lifecycle_manager:/home/pierres/COURS/slamnav/install/nav2_util:/home/pierres/COURS/slamnav/install/nav2_voxel_grid:/home/pierres/COURS/slamnav/install/nav2_msgs:/home/pierres/COURS/slamnav/install/dwb_msgs:/home/pierres/COURS/slamnav/install/nav_2d_msgs:/home/pierres/COURS/slamnav/install/nav2_common:${AMENT_PREFIX_PATH} CMAKE_PREFIX_PATH=/home/pierres/COURS/slamnav/install/dwb_core:/home/pierres/COURS/slamnav/install/nav2_core:/home/pierres/COURS/slamnav/install/costmap_queue:/home/pierres/COURS/slamnav/install/nav2_costmap_2d:/home/pierres/COURS/slamnav/install/nav_2d_utils:/home/pierres/COURS/slamnav/install/nav2_map_server:/home/pierres/COURS/slamnav/install/nav2_lifecycle_manager:/home/pierres/COURS/slamnav/install/nav2_util:/home/pierres/COURS/slamnav/install/nav2_voxel_grid:/home/pierres/COURS/slamnav/install/nav2_msgs:/home/pierres/COURS/slamnav/install/dwb_msgs:/home/pierres/COURS/slamnav/install/nav_2d_msgs:/home/pierres/COURS/slamnav/install/nav2_common:/home/pierres/COURS/slamnav/install/slam_toolbox:/opt/ros/humble:/home/pierres/COURS/slamnav/install/slamnav_turtlebot LD_LIBRARY_PATH=/home/pierres/COURS/slamnav/install/dwb_core/lib:/home/pierres/COURS/slamnav/install/costmap_queue/lib:/home/pierres/COURS/slamnav/install/nav2_costmap_2d/lib:/home/pierres/COURS/slamnav/install/nav_2d_utils/lib:/home/pierres/COURS/slamnav/install/nav2_map_server/lib:/home/pierres/COURS/slamnav/install/nav2_lifecycle_manager/lib:/home/pierres/COURS/slamnav/install/nav2_util/lib:/home/pierres/COURS/slamnav/install/nav2_voxel_grid/lib:/home/pierres/COURS/slamnav/install/nav2_msgs/lib:/home/pierres/COURS/slamnav/install/dwb_msgs/lib:/home/pierres/COURS/slamnav/install/nav_2d_msgs/lib:${LD_LIBRARY_PATH} PYTHONPATH=/home/pierres/COURS/slamnav/install/nav2_msgs/local/lib/python3.10/dist-packages:/home/pierres/COURS/slamnav/install/dwb_msgs/local/lib/python3.10/dist-packages:/home/pierres/COURS/slamnav/install/nav_2d_msgs/local/lib/python3.10/dist-packages:/home/pierres/COURS/slamnav/install/nav2_common/local/lib/python3.10/dist-packages:${PYTHONPATH} /usr/bin/cmake --build /home/pierres/COURS/slamnav/build/dwb_critics -- -j16 -l16
[72.599s] Invoking command in '/home/pierres/COURS/slamnav/build/dwb_critics': AMENT_PREFIX_PATH=/home/pierres/COURS/slamnav/install/dwb_core:/home/pierres/COURS/slamnav/install/nav2_core:/home/pierres/COURS/slamnav/install/costmap_queue:/home/pierres/COURS/slamnav/install/nav2_costmap_2d:/home/pierres/COURS/slamnav/install/nav_2d_utils:/home/pierres/COURS/slamnav/install/nav2_map_server:/home/pierres/COURS/slamnav/install/nav2_lifecycle_manager:/home/pierres/COURS/slamnav/install/nav2_util:/home/pierres/COURS/slamnav/install/nav2_voxel_grid:/home/pierres/COURS/slamnav/install/nav2_msgs:/home/pierres/COURS/slamnav/install/dwb_msgs:/home/pierres/COURS/slamnav/install/nav_2d_msgs:/home/pierres/COURS/slamnav/install/nav2_common:${AMENT_PREFIX_PATH} CMAKE_PREFIX_PATH=/home/pierres/COURS/slamnav/install/dwb_core:/home/pierres/COURS/slamnav/install/nav2_core:/home/pierres/COURS/slamnav/install/costmap_queue:/home/pierres/COURS/slamnav/install/nav2_costmap_2d:/home/pierres/COURS/slamnav/install/nav_2d_utils:/home/pierres/COURS/slamnav/install/nav2_map_server:/home/pierres/COURS/slamnav/install/nav2_lifecycle_manager:/home/pierres/COURS/slamnav/install/nav2_util:/home/pierres/COURS/slamnav/install/nav2_voxel_grid:/home/pierres/COURS/slamnav/install/nav2_msgs:/home/pierres/COURS/slamnav/install/dwb_msgs:/home/pierres/COURS/slamnav/install/nav_2d_msgs:/home/pierres/COURS/slamnav/install/nav2_common:/home/pierres/COURS/slamnav/install/slam_toolbox:/opt/ros/humble:/home/pierres/COURS/slamnav/install/slamnav_turtlebot LD_LIBRARY_PATH=/home/pierres/COURS/slamnav/install/dwb_core/lib:/home/pierres/COURS/slamnav/install/costmap_queue/lib:/home/pierres/COURS/slamnav/install/nav2_costmap_2d/lib:/home/pierres/COURS/slamnav/install/nav_2d_utils/lib:/home/pierres/COURS/slamnav/install/nav2_map_server/lib:/home/pierres/COURS/slamnav/install/nav2_lifecycle_manager/lib:/home/pierres/COURS/slamnav/install/nav2_util/lib:/home/pierres/COURS/slamnav/install/nav2_voxel_grid/lib:/home/pierres/COURS/slamnav/install/nav2_msgs/lib:/home/pierres/COURS/slamnav/install/dwb_msgs/lib:/home/pierres/COURS/slamnav/install/nav_2d_msgs/lib:${LD_LIBRARY_PATH} PYTHONPATH=/home/pierres/COURS/slamnav/install/nav2_msgs/local/lib/python3.10/dist-packages:/home/pierres/COURS/slamnav/install/dwb_msgs/local/lib/python3.10/dist-packages:/home/pierres/COURS/slamnav/install/nav_2d_msgs/local/lib/python3.10/dist-packages:/home/pierres/COURS/slamnav/install/nav2_common/local/lib/python3.10/dist-packages:${PYTHONPATH} /usr/bin/cmake --install /home/pierres/COURS/slamnav/build/dwb_critics
[72.628s] -- Install configuration: "Humble"
[72.632s] -- Execute custom install script
[72.634s] -- Symlinking: /home/pierres/COURS/slamnav/install/dwb_critics/lib/libdwb_critics.so
[72.662s] -- Symlinking: /home/pierres/COURS/slamnav/install/dwb_critics/include//dwb_critics/alignment_util.hpp
[72.698s] -- Symlinking: /home/pierres/COURS/slamnav/install/dwb_critics/include//dwb_critics/base_obstacle.hpp
[72.723s] -- Symlinking: /home/pierres/COURS/slamnav/install/dwb_critics/include//dwb_critics/goal_align.hpp
[72.753s] -- Symlinking: /home/pierres/COURS/slamnav/install/dwb_critics/include//dwb_critics/goal_dist.hpp
[72.780s] -- Symlinking: /home/pierres/COURS/slamnav/install/dwb_critics/include//dwb_critics/line_iterator.hpp
[72.807s] -- Symlinking: /home/pierres/COURS/slamnav/install/dwb_critics/include//dwb_critics/map_grid.hpp
[72.840s] -- Symlinking: /home/pierres/COURS/slamnav/install/dwb_critics/include//dwb_critics/obstacle_footprint.hpp
[72.861s] -- Symlinking: /home/pierres/COURS/slamnav/install/dwb_critics/include//dwb_critics/oscillation.hpp
[72.876s] -- Symlinking: /home/pierres/COURS/slamnav/install/dwb_critics/include//dwb_critics/path_align.hpp
[72.892s] -- Symlinking: /home/pierres/COURS/slamnav/install/dwb_critics/include//dwb_critics/path_dist.hpp
[72.908s] -- Symlinking: /home/pierres/COURS/slamnav/install/dwb_critics/include//dwb_critics/prefer_forward.hpp
[72.934s] -- Symlinking: /home/pierres/COURS/slamnav/install/dwb_critics/include//dwb_critics/rotate_to_goal.hpp
[72.960s] -- Symlinking: /home/pierres/COURS/slamnav/install/dwb_critics/include//dwb_critics/twirling.hpp
[72.988s] -- Symlinking: /home/pierres/COURS/slamnav/install/dwb_critics/share/dwb_critics/default_critics.xml
[73.022s] -- Symlinking: /home/pierres/COURS/slamnav/install/dwb_critics/share/dwb_critics/environment/library_path.sh
[73.050s] -- Symlinking: /home/pierres/COURS/slamnav/install/dwb_critics/share/dwb_critics/environment/library_path.dsv
[73.082s] -- Up-to-date symlink: /home/pierres/COURS/slamnav/install/dwb_critics/share/dwb_critics//default_critics.xml
[73.082s] -- Symlinking: /home/pierres/COURS/slamnav/install/dwb_critics/share/ament_index/resource_index/package_run_dependencies/dwb_critics
[73.109s] -- Symlinking: /home/pierres/COURS/slamnav/install/dwb_critics/share/ament_index/resource_index/parent_prefix_path/dwb_critics
[73.150s] -- Symlinking: /home/pierres/COURS/slamnav/install/dwb_critics/share/dwb_critics/environment/ament_prefix_path.sh
[73.177s] -- Symlinking: /home/pierres/COURS/slamnav/install/dwb_critics/share/dwb_critics/environment/ament_prefix_path.dsv
[73.211s] -- Symlinking: /home/pierres/COURS/slamnav/install/dwb_critics/share/dwb_critics/environment/path.sh
[73.240s] -- Symlinking: /home/pierres/COURS/slamnav/install/dwb_critics/share/dwb_critics/environment/path.dsv
[73.272s] -- Symlinking: /home/pierres/COURS/slamnav/install/dwb_critics/share/dwb_critics/local_setup.bash
[73.299s] -- Symlinking: /home/pierres/COURS/slamnav/install/dwb_critics/share/dwb_critics/local_setup.sh
[73.331s] -- Symlinking: /home/pierres/COURS/slamnav/install/dwb_critics/share/dwb_critics/local_setup.zsh
[73.356s] -- Symlinking: /home/pierres/COURS/slamnav/install/dwb_critics/share/dwb_critics/local_setup.dsv
[73.383s] -- Symlinking: /home/pierres/COURS/slamnav/install/dwb_critics/share/dwb_critics/package.dsv
[73.412s] -- Symlinking: /home/pierres/COURS/slamnav/install/dwb_critics/share/ament_index/resource_index/packages/dwb_critics
[73.440s] -- Symlinking: /home/pierres/COURS/slamnav/install/dwb_critics/share/ament_index/resource_index/dwb_core__pluginlib__plugin/dwb_critics
[73.472s] -- Symlinking: /home/pierres/COURS/slamnav/install/dwb_critics/share/dwb_critics/cmake/ament_cmake_export_include_directories-extras.cmake
[73.500s] -- Symlinking: /home/pierres/COURS/slamnav/install/dwb_critics/share/dwb_critics/cmake/ament_cmake_export_libraries-extras.cmake
[73.528s] -- Symlinking: /home/pierres/COURS/slamnav/install/dwb_critics/share/dwb_critics/cmake/ament_cmake_export_dependencies-extras.cmake
[73.555s] -- Symlinking: /home/pierres/COURS/slamnav/install/dwb_critics/share/dwb_critics/cmake/dwb_criticsConfig.cmake
[73.586s] -- Symlinking: /home/pierres/COURS/slamnav/install/dwb_critics/share/dwb_critics/cmake/dwb_criticsConfig-version.cmake
[73.613s] -- Symlinking: /home/pierres/COURS/slamnav/install/dwb_critics/share/dwb_critics/package.xml
[73.641s] Invoked command in '/home/pierres/COURS/slamnav/build/dwb_critics' returned '0': AMENT_PREFIX_PATH=/home/pierres/COURS/slamnav/install/dwb_core:/home/pierres/COURS/slamnav/install/nav2_core:/home/pierres/COURS/slamnav/install/costmap_queue:/home/pierres/COURS/slamnav/install/nav2_costmap_2d:/home/pierres/COURS/slamnav/install/nav_2d_utils:/home/pierres/COURS/slamnav/install/nav2_map_server:/home/pierres/COURS/slamnav/install/nav2_lifecycle_manager:/home/pierres/COURS/slamnav/install/nav2_util:/home/pierres/COURS/slamnav/install/nav2_voxel_grid:/home/pierres/COURS/slamnav/install/nav2_msgs:/home/pierres/COURS/slamnav/install/dwb_msgs:/home/pierres/COURS/slamnav/install/nav_2d_msgs:/home/pierres/COURS/slamnav/install/nav2_common:${AMENT_PREFIX_PATH} CMAKE_PREFIX_PATH=/home/pierres/COURS/slamnav/install/dwb_core:/home/pierres/COURS/slamnav/install/nav2_core:/home/pierres/COURS/slamnav/install/costmap_queue:/home/pierres/COURS/slamnav/install/nav2_costmap_2d:/home/pierres/COURS/slamnav/install/nav_2d_utils:/home/pierres/COURS/slamnav/install/nav2_map_server:/home/pierres/COURS/slamnav/install/nav2_lifecycle_manager:/home/pierres/COURS/slamnav/install/nav2_util:/home/pierres/COURS/slamnav/install/nav2_voxel_grid:/home/pierres/COURS/slamnav/install/nav2_msgs:/home/pierres/COURS/slamnav/install/dwb_msgs:/home/pierres/COURS/slamnav/install/nav_2d_msgs:/home/pierres/COURS/slamnav/install/nav2_common:/home/pierres/COURS/slamnav/install/slam_toolbox:/opt/ros/humble:/home/pierres/COURS/slamnav/install/slamnav_turtlebot LD_LIBRARY_PATH=/home/pierres/COURS/slamnav/install/dwb_core/lib:/home/pierres/COURS/slamnav/install/costmap_queue/lib:/home/pierres/COURS/slamnav/install/nav2_costmap_2d/lib:/home/pierres/COURS/slamnav/install/nav_2d_utils/lib:/home/pierres/COURS/slamnav/install/nav2_map_server/lib:/home/pierres/COURS/slamnav/install/nav2_lifecycle_manager/lib:/home/pierres/COURS/slamnav/install/nav2_util/lib:/home/pierres/COURS/slamnav/install/nav2_voxel_grid/lib:/home/pierres/COURS/slamnav/install/nav2_msgs/lib:/home/pierres/COURS/slamnav/install/dwb_msgs/lib:/home/pierres/COURS/slamnav/install/nav_2d_msgs/lib:${LD_LIBRARY_PATH} PYTHONPATH=/home/pierres/COURS/slamnav/install/nav2_msgs/local/lib/python3.10/dist-packages:/home/pierres/COURS/slamnav/install/dwb_msgs/local/lib/python3.10/dist-packages:/home/pierres/COURS/slamnav/install/nav_2d_msgs/local/lib/python3.10/dist-packages:/home/pierres/COURS/slamnav/install/nav2_common/local/lib/python3.10/dist-packages:${PYTHONPATH} /usr/bin/cmake --install /home/pierres/COURS/slamnav/build/dwb_critics
