[0.008s] Invoking command in '/home/pierres/COURS/slamnav/build/nav2_voxel_grid': AMENT_PREFIX_PATH=/home/pierres/COURS/slamnav/install/nav2_common CMAKE_PREFIX_PATH=/home/pierres/COURS/slamnav/install/nav2_common PYTHONPATH=/home/pierres/COURS/slamnav/install/nav2_common/local/lib/python3.10/dist-packages /usr/bin/cmake --build /home/pierres/COURS/slamnav/build/nav2_voxel_grid -- -j16 -l16
[0.073s] [ 20%] Built target gtest_main
[0.074s] [ 40%] Built target gtest
[0.078s] [ 60%] Built target voxel_grid
[0.106s] [ 80%] Built target voxel_grid_tests
[0.111s] [100%] Built target voxel_grid_bresenham_3d
[0.119s] Invoked command in '/home/pierres/COURS/slamnav/build/nav2_voxel_grid' returned '0': AMENT_PREFIX_PATH=/home/pierres/COURS/slamnav/install/nav2_common CMAKE_PREFIX_PATH=/home/pierres/COURS/slamnav/install/nav2_common PYTHONPATH=/home/pierres/COURS/slamnav/install/nav2_common/local/lib/python3.10/dist-packages /usr/bin/cmake --build /home/pierres/COURS/slamnav/build/nav2_voxel_grid -- -j16 -l16
[0.143s] Invoking command in '/home/pierres/COURS/slamnav/build/nav2_voxel_grid': AMENT_PREFIX_PATH=/home/pierres/COURS/slamnav/install/nav2_common CMAKE_PREFIX_PATH=/home/pierres/COURS/slamnav/install/nav2_common PYTHONPATH=/home/pierres/COURS/slamnav/install/nav2_common/local/lib/python3.10/dist-packages /usr/bin/cmake --install /home/pierres/COURS/slamnav/build/nav2_voxel_grid
[0.148s] -- Install configuration: "Humble"
[0.149s] -- Execute custom install script
[0.149s] -- Up-to-date symlink: /home/pierres/COURS/slamnav/install/nav2_voxel_grid/lib/libvoxel_grid.so
[0.149s] -- Up-to-date symlink: /home/pierres/COURS/slamnav/install/nav2_voxel_grid/include/nav2_voxel_grid/voxel_grid.hpp
[0.149s] -- Up-to-date symlink: /home/pierres/COURS/slamnav/install/nav2_voxel_grid/share/nav2_voxel_grid/environment/library_path.sh
[0.149s] -- Up-to-date symlink: /home/pierres/COURS/slamnav/install/nav2_voxel_grid/share/nav2_voxel_grid/environment/library_path.dsv
[0.149s] -- Up-to-date symlink: /home/pierres/COURS/slamnav/install/nav2_voxel_grid/share/ament_index/resource_index/package_run_dependencies/nav2_voxel_grid
[0.150s] -- Up-to-date symlink: /home/pierres/COURS/slamnav/install/nav2_voxel_grid/share/ament_index/resource_index/parent_prefix_path/nav2_voxel_grid
[0.150s] -- Up-to-date symlink: /home/pierres/COURS/slamnav/install/nav2_voxel_grid/share/nav2_voxel_grid/environment/ament_prefix_path.sh
[0.150s] -- Up-to-date symlink: /home/pierres/COURS/slamnav/install/nav2_voxel_grid/share/nav2_voxel_grid/environment/ament_prefix_path.dsv
[0.150s] -- Up-to-date symlink: /home/pierres/COURS/slamnav/install/nav2_voxel_grid/share/nav2_voxel_grid/environment/path.sh
[0.150s] -- Up-to-date symlink: /home/pierres/COURS/slamnav/install/nav2_voxel_grid/share/nav2_voxel_grid/environment/path.dsv
[0.150s] -- Up-to-date symlink: /home/pierres/COURS/slamnav/install/nav2_voxel_grid/share/nav2_voxel_grid/local_setup.bash
[0.150s] -- Up-to-date symlink: /home/pierres/COURS/slamnav/install/nav2_voxel_grid/share/nav2_voxel_grid/local_setup.sh
[0.150s] -- Up-to-date symlink: /home/pierres/COURS/slamnav/install/nav2_voxel_grid/share/nav2_voxel_grid/local_setup.zsh
[0.150s] -- Up-to-date symlink: /home/pierres/COURS/slamnav/install/nav2_voxel_grid/share/nav2_voxel_grid/local_setup.dsv
[0.150s] -- Symlinking: /home/pierres/COURS/slamnav/install/nav2_voxel_grid/share/nav2_voxel_grid/package.dsv
[0.159s] -- Up-to-date symlink: /home/pierres/COURS/slamnav/install/nav2_voxel_grid/share/ament_index/resource_index/packages/nav2_voxel_grid
[0.159s] -- Up-to-date symlink: /home/pierres/COURS/slamnav/install/nav2_voxel_grid/share/nav2_voxel_grid/cmake/ament_cmake_export_dependencies-extras.cmake
[0.159s] -- Up-to-date symlink: /home/pierres/COURS/slamnav/install/nav2_voxel_grid/share/nav2_voxel_grid/cmake/ament_cmake_export_include_directories-extras.cmake
[0.159s] -- Up-to-date symlink: /home/pierres/COURS/slamnav/install/nav2_voxel_grid/share/nav2_voxel_grid/cmake/ament_cmake_export_libraries-extras.cmake
[0.160s] -- Up-to-date symlink: /home/pierres/COURS/slamnav/install/nav2_voxel_grid/share/nav2_voxel_grid/cmake/nav2_voxel_gridConfig.cmake
[0.160s] -- Up-to-date symlink: /home/pierres/COURS/slamnav/install/nav2_voxel_grid/share/nav2_voxel_grid/cmake/nav2_voxel_gridConfig-version.cmake
[0.160s] -- Up-to-date symlink: /home/pierres/COURS/slamnav/install/nav2_voxel_grid/share/nav2_voxel_grid/package.xml
[0.163s] Invoked command in '/home/pierres/COURS/slamnav/build/nav2_voxel_grid' returned '0': AMENT_PREFIX_PATH=/home/pierres/COURS/slamnav/install/nav2_common CMAKE_PREFIX_PATH=/home/pierres/COURS/slamnav/install/nav2_common PYTHONPATH=/home/pierres/COURS/slamnav/install/nav2_common/local/lib/python3.10/dist-packages /usr/bin/cmake --install /home/pierres/COURS/slamnav/build/nav2_voxel_grid
