[0.023s] Invoking command in '/home/pierres/COURS/slamnav/build/nav2_velocity_smoother': AMENT_PREFIX_PATH=/home/pierres/COURS/slamnav/install/nav2_util:/home/pierres/COURS/slamnav/install/nav2_msgs:/home/pierres/COURS/slamnav/install/nav2_common:${AMENT_PREFIX_PATH} CMAKE_PREFIX_PATH=/home/pierres/COURS/slamnav/install/nav2_util:/home/pierres/COURS/slamnav/install/nav2_msgs:/home/pierres/COURS/slamnav/install/nav2_common:/home/pierres/COURS/slamnav/install/slam_toolbox:/opt/ros/humble:/home/pierres/COURS/slamnav/install/slamnav_turtlebot LD_LIBRARY_PATH=/home/pierres/COURS/slamnav/install/nav2_util/lib:/home/pierres/COURS/slamnav/install/nav2_msgs/lib:${LD_LIBRARY_PATH} PYTHONPATH=/home/pierres/COURS/slamnav/install/nav2_msgs/local/lib/python3.10/dist-packages:/home/pierres/COURS/slamnav/install/nav2_common/local/lib/python3.10/dist-packages:${PYTHONPATH} /usr/bin/cmake /home/pierres/COURS/slamnav/src/navigation2/nav2_velocity_smoother -DCMAKE_INSTALL_PREFIX=/home/pierres/COURS/slamnav/install/nav2_velocity_smoother
[0.032s] -- Found ament_cmake: 1.3.10 (/opt/ros/humble/share/ament_cmake/cmake)
[0.159s] -- Override CMake install command with custom implementation using symlinks instead of copying resources
[0.168s] -- Found nav2_common: 1.1.16 (/home/pierres/COURS/slamnav/install/nav2_common/share/nav2_common/cmake)
[0.168s] -- Found rclcpp: 16.0.10 (/opt/ros/humble/share/rclcpp/cmake)
[0.204s] -- Found rosidl_generator_c: 3.1.5 (/opt/ros/humble/share/rosidl_generator_c/cmake)
[0.207s] -- Found rosidl_adapter: 3.1.5 (/opt/ros/humble/share/rosidl_adapter/cmake)
[0.214s] -- Found rosidl_generator_cpp: 3.1.5 (/opt/ros/humble/share/rosidl_generator_cpp/cmake)
[0.225s] -- Using all available rosidl_typesupport_c: rosidl_typesupport_fastrtps_c;rosidl_typesupport_introspection_c
[0.241s] -- Using all available rosidl_typesupport_cpp: rosidl_typesupport_fastrtps_cpp;rosidl_typesupport_introspection_cpp
[0.279s] -- Found rmw_implementation_cmake: 6.1.2 (/opt/ros/humble/share/rmw_implementation_cmake/cmake)
[0.280s] -- Found rmw_cyclonedds_cpp: 1.3.4 (/opt/ros/humble/share/rmw_cyclonedds_cpp/cmake)
[0.301s] -- Using RMW implementation 'rmw_cyclonedds_cpp' as default
[0.359s] -- Found rclcpp_components: 16.0.10 (/opt/ros/humble/share/rclcpp_components/cmake)
[0.381s] -- Found geometry_msgs: 4.2.4 (/opt/ros/humble/share/geometry_msgs/cmake)
[0.396s] -- Found nav2_util: 1.1.16 (/home/pierres/COURS/slamnav/install/nav2_util/share/nav2_util/cmake)
[0.518s] -- Found eigen3_cmake_module: 0.1.1 (/opt/ros/humble/share/eigen3_cmake_module/cmake)
[0.519s] -- Ensuring Eigen3 include directory is part of orocos-kdl CMake target
[0.568s] -- Found ament_lint_auto: 0.12.11 (/opt/ros/humble/share/ament_lint_auto/cmake)
[0.623s] -- Found gtest sources under '/opt/ros/humble/src/gtest_vendor': C++ tests using 'Google Test' will be built
[0.640s] -- Added test 'cppcheck' to perform static code analysis on C / C++ code
[0.641s] -- Configured cppcheck include dirs: /home/pierres/COURS/slamnav/src/navigation2/nav2_velocity_smoother/include
[0.641s] -- Configured cppcheck exclude dirs and/or files: 
[0.641s] -- Added test 'cpplint' to check C / C++ code against the Google style
[0.641s] -- Configured cpplint exclude dirs and/or files: 
[0.641s] -- Added test 'lint_cmake' to check CMake code style
[0.642s] -- Added test 'uncrustify' to check C / C++ code style
[0.642s] -- Configured uncrustify additional arguments: 
[0.642s] -- Added test 'xmllint' to check XML markup files
[0.646s] -- Configuring done
[0.704s] -- Generating done
[0.705s] -- Build files have been written to: /home/pierres/COURS/slamnav/build/nav2_velocity_smoother
[0.713s] Invoked command in '/home/pierres/COURS/slamnav/build/nav2_velocity_smoother' returned '0': AMENT_PREFIX_PATH=/home/pierres/COURS/slamnav/install/nav2_util:/home/pierres/COURS/slamnav/install/nav2_msgs:/home/pierres/COURS/slamnav/install/nav2_common:${AMENT_PREFIX_PATH} CMAKE_PREFIX_PATH=/home/pierres/COURS/slamnav/install/nav2_util:/home/pierres/COURS/slamnav/install/nav2_msgs:/home/pierres/COURS/slamnav/install/nav2_common:/home/pierres/COURS/slamnav/install/slam_toolbox:/opt/ros/humble:/home/pierres/COURS/slamnav/install/slamnav_turtlebot LD_LIBRARY_PATH=/home/pierres/COURS/slamnav/install/nav2_util/lib:/home/pierres/COURS/slamnav/install/nav2_msgs/lib:${LD_LIBRARY_PATH} PYTHONPATH=/home/pierres/COURS/slamnav/install/nav2_msgs/local/lib/python3.10/dist-packages:/home/pierres/COURS/slamnav/install/nav2_common/local/lib/python3.10/dist-packages:${PYTHONPATH} /usr/bin/cmake /home/pierres/COURS/slamnav/src/navigation2/nav2_velocity_smoother -DCMAKE_INSTALL_PREFIX=/home/pierres/COURS/slamnav/install/nav2_velocity_smoother
[0.714s] Invoking command in '/home/pierres/COURS/slamnav/build/nav2_velocity_smoother': AMENT_PREFIX_PATH=/home/pierres/COURS/slamnav/install/nav2_util:/home/pierres/COURS/slamnav/install/nav2_msgs:/home/pierres/COURS/slamnav/install/nav2_common:${AMENT_PREFIX_PATH} CMAKE_PREFIX_PATH=/home/pierres/COURS/slamnav/install/nav2_util:/home/pierres/COURS/slamnav/install/nav2_msgs:/home/pierres/COURS/slamnav/install/nav2_common:/home/pierres/COURS/slamnav/install/slam_toolbox:/opt/ros/humble:/home/pierres/COURS/slamnav/install/slamnav_turtlebot LD_LIBRARY_PATH=/home/pierres/COURS/slamnav/install/nav2_util/lib:/home/pierres/COURS/slamnav/install/nav2_msgs/lib:${LD_LIBRARY_PATH} PYTHONPATH=/home/pierres/COURS/slamnav/install/nav2_msgs/local/lib/python3.10/dist-packages:/home/pierres/COURS/slamnav/install/nav2_common/local/lib/python3.10/dist-packages:${PYTHONPATH} /usr/bin/cmake --build /home/pierres/COURS/slamnav/build/nav2_velocity_smoother -- -j16 -l16
[0.744s] [35m[1mConsolidate compiler generated dependencies of target velocity_smoother_core[0m
[0.749s] [35m[1mConsolidate compiler generated dependencies of target gtest_main[0m
[0.750s] [35m[1mConsolidate compiler generated dependencies of target gtest[0m
[0.760s] [ 20%] Built target gtest_main
[0.761s] [ 60%] Built target velocity_smoother_core
[0.761s] [ 60%] Built target gtest
[0.769s] [35m[1mConsolidate compiler generated dependencies of target velocity_smoother[0m
[0.775s] [35m[1mConsolidate compiler generated dependencies of target velocity_smoother_tests[0m
[0.782s] [ 80%] Built target velocity_smoother
[0.792s] [100%] Built target velocity_smoother_tests
[0.802s] Invoked command in '/home/pierres/COURS/slamnav/build/nav2_velocity_smoother' returned '0': AMENT_PREFIX_PATH=/home/pierres/COURS/slamnav/install/nav2_util:/home/pierres/COURS/slamnav/install/nav2_msgs:/home/pierres/COURS/slamnav/install/nav2_common:${AMENT_PREFIX_PATH} CMAKE_PREFIX_PATH=/home/pierres/COURS/slamnav/install/nav2_util:/home/pierres/COURS/slamnav/install/nav2_msgs:/home/pierres/COURS/slamnav/install/nav2_common:/home/pierres/COURS/slamnav/install/slam_toolbox:/opt/ros/humble:/home/pierres/COURS/slamnav/install/slamnav_turtlebot LD_LIBRARY_PATH=/home/pierres/COURS/slamnav/install/nav2_util/lib:/home/pierres/COURS/slamnav/install/nav2_msgs/lib:${LD_LIBRARY_PATH} PYTHONPATH=/home/pierres/COURS/slamnav/install/nav2_msgs/local/lib/python3.10/dist-packages:/home/pierres/COURS/slamnav/install/nav2_common/local/lib/python3.10/dist-packages:${PYTHONPATH} /usr/bin/cmake --build /home/pierres/COURS/slamnav/build/nav2_velocity_smoother -- -j16 -l16
[0.824s] Invoking command in '/home/pierres/COURS/slamnav/build/nav2_velocity_smoother': AMENT_PREFIX_PATH=/home/pierres/COURS/slamnav/install/nav2_util:/home/pierres/COURS/slamnav/install/nav2_msgs:/home/pierres/COURS/slamnav/install/nav2_common:${AMENT_PREFIX_PATH} CMAKE_PREFIX_PATH=/home/pierres/COURS/slamnav/install/nav2_util:/home/pierres/COURS/slamnav/install/nav2_msgs:/home/pierres/COURS/slamnav/install/nav2_common:/home/pierres/COURS/slamnav/install/slam_toolbox:/opt/ros/humble:/home/pierres/COURS/slamnav/install/slamnav_turtlebot LD_LIBRARY_PATH=/home/pierres/COURS/slamnav/install/nav2_util/lib:/home/pierres/COURS/slamnav/install/nav2_msgs/lib:${LD_LIBRARY_PATH} PYTHONPATH=/home/pierres/COURS/slamnav/install/nav2_msgs/local/lib/python3.10/dist-packages:/home/pierres/COURS/slamnav/install/nav2_common/local/lib/python3.10/dist-packages:${PYTHONPATH} /usr/bin/cmake --install /home/pierres/COURS/slamnav/build/nav2_velocity_smoother
[0.830s] -- Install configuration: "Humble"
[0.830s] -- Execute custom install script
[0.830s] -- Up-to-date symlink: /home/pierres/COURS/slamnav/install/nav2_velocity_smoother/lib/libvelocity_smoother_core.so
[0.830s] -- Up-to-date symlink: /home/pierres/COURS/slamnav/install/nav2_velocity_smoother/lib/nav2_velocity_smoother/velocity_smoother
[0.830s] -- Up-to-date symlink: /home/pierres/COURS/slamnav/install/nav2_velocity_smoother/include//nav2_velocity_smoother/velocity_smoother.hpp
[0.830s] -- Up-to-date symlink: /home/pierres/COURS/slamnav/install/nav2_velocity_smoother/share/nav2_velocity_smoother/environment/library_path.sh
[0.830s] -- Up-to-date symlink: /home/pierres/COURS/slamnav/install/nav2_velocity_smoother/share/nav2_velocity_smoother/environment/library_path.dsv
[0.830s] -- Up-to-date symlink: /home/pierres/COURS/slamnav/install/nav2_velocity_smoother/share/ament_index/resource_index/package_run_dependencies/nav2_velocity_smoother
[0.830s] -- Up-to-date symlink: /home/pierres/COURS/slamnav/install/nav2_velocity_smoother/share/ament_index/resource_index/parent_prefix_path/nav2_velocity_smoother
[0.830s] -- Up-to-date symlink: /home/pierres/COURS/slamnav/install/nav2_velocity_smoother/share/nav2_velocity_smoother/environment/ament_prefix_path.sh
[0.830s] -- Up-to-date symlink: /home/pierres/COURS/slamnav/install/nav2_velocity_smoother/share/nav2_velocity_smoother/environment/ament_prefix_path.dsv
[0.830s] -- Up-to-date symlink: /home/pierres/COURS/slamnav/install/nav2_velocity_smoother/share/nav2_velocity_smoother/environment/path.sh
[0.831s] -- Up-to-date symlink: /home/pierres/COURS/slamnav/install/nav2_velocity_smoother/share/nav2_velocity_smoother/environment/path.dsv
[0.831s] -- Up-to-date symlink: /home/pierres/COURS/slamnav/install/nav2_velocity_smoother/share/nav2_velocity_smoother/local_setup.bash
[0.831s] -- Up-to-date symlink: /home/pierres/COURS/slamnav/install/nav2_velocity_smoother/share/nav2_velocity_smoother/local_setup.sh
[0.831s] -- Up-to-date symlink: /home/pierres/COURS/slamnav/install/nav2_velocity_smoother/share/nav2_velocity_smoother/local_setup.zsh
[0.831s] -- Up-to-date symlink: /home/pierres/COURS/slamnav/install/nav2_velocity_smoother/share/nav2_velocity_smoother/local_setup.dsv
[0.831s] -- Symlinking: /home/pierres/COURS/slamnav/install/nav2_velocity_smoother/share/nav2_velocity_smoother/package.dsv
[0.838s] -- Up-to-date symlink: /home/pierres/COURS/slamnav/install/nav2_velocity_smoother/share/ament_index/resource_index/packages/nav2_velocity_smoother
[0.839s] -- Up-to-date symlink: /home/pierres/COURS/slamnav/install/nav2_velocity_smoother/share/ament_index/resource_index/rclcpp_components/nav2_velocity_smoother
[0.839s] -- Up-to-date symlink: /home/pierres/COURS/slamnav/install/nav2_velocity_smoother/share/nav2_velocity_smoother/cmake/ament_cmake_export_include_directories-extras.cmake
[0.839s] -- Up-to-date symlink: /home/pierres/COURS/slamnav/install/nav2_velocity_smoother/share/nav2_velocity_smoother/cmake/ament_cmake_export_libraries-extras.cmake
[0.839s] -- Up-to-date symlink: /home/pierres/COURS/slamnav/install/nav2_velocity_smoother/share/nav2_velocity_smoother/cmake/ament_cmake_export_dependencies-extras.cmake
[0.839s] -- Up-to-date symlink: /home/pierres/COURS/slamnav/install/nav2_velocity_smoother/share/nav2_velocity_smoother/cmake/nav2_velocity_smootherConfig.cmake
[0.839s] -- Up-to-date symlink: /home/pierres/COURS/slamnav/install/nav2_velocity_smoother/share/nav2_velocity_smoother/cmake/nav2_velocity_smootherConfig-version.cmake
[0.839s] -- Up-to-date symlink: /home/pierres/COURS/slamnav/install/nav2_velocity_smoother/share/nav2_velocity_smoother/package.xml
[0.844s] Invoked command in '/home/pierres/COURS/slamnav/build/nav2_velocity_smoother' returned '0': AMENT_PREFIX_PATH=/home/pierres/COURS/slamnav/install/nav2_util:/home/pierres/COURS/slamnav/install/nav2_msgs:/home/pierres/COURS/slamnav/install/nav2_common:${AMENT_PREFIX_PATH} CMAKE_PREFIX_PATH=/home/pierres/COURS/slamnav/install/nav2_util:/home/pierres/COURS/slamnav/install/nav2_msgs:/home/pierres/COURS/slamnav/install/nav2_common:/home/pierres/COURS/slamnav/install/slam_toolbox:/opt/ros/humble:/home/pierres/COURS/slamnav/install/slamnav_turtlebot LD_LIBRARY_PATH=/home/pierres/COURS/slamnav/install/nav2_util/lib:/home/pierres/COURS/slamnav/install/nav2_msgs/lib:${LD_LIBRARY_PATH} PYTHONPATH=/home/pierres/COURS/slamnav/install/nav2_msgs/local/lib/python3.10/dist-packages:/home/pierres/COURS/slamnav/install/nav2_common/local/lib/python3.10/dist-packages:${PYTHONPATH} /usr/bin/cmake --install /home/pierres/COURS/slamnav/build/nav2_velocity_smoother
