[0.020s] Invoking command in '/home/pierres/COURS/slamnav/build/slam_toolbox': AMENT_PREFIX_PATH=/home/pierres/COURS/slamnav/install/nav2_map_server:/home/pierres/COURS/slamnav/install/nav2_util:/home/pierres/COURS/slamnav/install/nav2_msgs:/home/pierres/COURS/slamnav/install/nav2_common:${AMENT_PREFIX_PATH} CMAKE_PREFIX_PATH=/home/pierres/COURS/slamnav/install/nav2_map_server:/home/pierres/COURS/slamnav/install/nav2_util:/home/pierres/COURS/slamnav/install/nav2_msgs:/home/pierres/COURS/slamnav/install/nav2_common:/home/pierres/COURS/slamnav/install/slam_toolbox:/opt/ros/humble:/home/pierres/COURS/slamnav/install/slamnav_turtlebot LD_LIBRARY_PATH=/home/pierres/COURS/slamnav/install/nav2_map_server/lib:/home/pierres/COURS/slamnav/install/nav2_util/lib:/home/pierres/COURS/slamnav/install/nav2_msgs/lib:${LD_LIBRARY_PATH} PYTHONPATH=/home/pierres/COURS/slamnav/install/nav2_msgs/local/lib/python3.10/dist-packages:/home/pierres/COURS/slamnav/install/nav2_common/local/lib/python3.10/dist-packages:${PYTHONPATH} /usr/bin/cmake /home/pierres/COURS/slamnav/src/slam_toolbox -DCMAKE_INSTALL_PREFIX=/home/pierres/COURS/slamnav/install/slam_toolbox
[0.037s] -- Found ament_cmake: 1.3.10 (/opt/ros/humble/share/ament_cmake/cmake)
[0.144s] -- Override CMake install command with custom implementation using symlinks instead of copying resources
[0.152s] -- Found message_filters: 4.3.5 (/opt/ros/humble/share/message_filters/cmake)
[0.193s] -- Found rosidl_generator_c: 3.1.5 (/opt/ros/humble/share/rosidl_generator_c/cmake)
[0.196s] -- Found rosidl_adapter: 3.1.5 (/opt/ros/humble/share/rosidl_adapter/cmake)
[0.203s] -- Found rosidl_generator_cpp: 3.1.5 (/opt/ros/humble/share/rosidl_generator_cpp/cmake)
[0.209s] -- Using all available rosidl_typesupport_c: rosidl_typesupport_fastrtps_c;rosidl_typesupport_introspection_c
[0.218s] -- Using all available rosidl_typesupport_cpp: rosidl_typesupport_fastrtps_cpp;rosidl_typesupport_introspection_cpp
[0.240s] -- Found rmw_implementation_cmake: 6.1.2 (/opt/ros/humble/share/rmw_implementation_cmake/cmake)
[0.241s] -- Found rmw_cyclonedds_cpp: 1.3.4 (/opt/ros/humble/share/rmw_cyclonedds_cpp/cmake)
[0.253s] -- Using RMW implementation 'rmw_cyclonedds_cpp' as default
[0.286s] -- Found nav_msgs: 4.2.4 (/opt/ros/humble/share/nav_msgs/cmake)
[0.304s] -- Found sensor_msgs: 4.2.4 (/opt/ros/humble/share/sensor_msgs/cmake)
[0.315s] -- Found tf2: 0.25.8 (/opt/ros/humble/share/tf2/cmake)
[0.318s] -- Found tf2_ros: 0.25.8 (/opt/ros/humble/share/tf2_ros/cmake)
[0.368s] -- Found visualization_msgs: 4.2.4 (/opt/ros/humble/share/visualization_msgs/cmake)
[0.381s] -- Found pluginlib: 5.1.0 (/opt/ros/humble/share/pluginlib/cmake)
[0.389s] -- Found tf2_geometry_msgs: 0.25.8 (/opt/ros/humble/share/tf2_geometry_msgs/cmake)
[0.391s] -- Found eigen3_cmake_module: 0.1.1 (/opt/ros/humble/share/eigen3_cmake_module/cmake)
[0.392s] -- Ensuring Eigen3 include directory is part of orocos-kdl CMake target
[0.393s] -- Found tf2_sensor_msgs: 0.25.8 (/opt/ros/humble/share/tf2_sensor_msgs/cmake)
[0.395s] -- Found std_srvs: 4.2.4 (/opt/ros/humble/share/std_srvs/cmake)
[0.401s] -- Found rosidl_default_generators: 1.2.0 (/opt/ros/humble/share/rosidl_default_generators/cmake)
[0.406s] -- Found rviz_common: 11.2.13 (/opt/ros/humble/share/rviz_common/cmake)
[0.412s] -- Setting assimp_DIR to: '/opt/ros/humble/share/rviz_assimp_vendor/cmake/../../../opt/rviz_assimp_vendor/lib/cmake/assimp-4.1'
[0.415s] -- Setting OGRE_DIR to: '/opt/ros/humble/share/rviz_ogre_vendor/cmake/../../../opt/rviz_ogre_vendor/lib/OGRE/cmake'
[0.415s] -- Found OGRE
[0.416s] --   static     : OFF
[0.416s] --   components : HLMS;MeshLodGenerator;Overlay;Paging;Property;RTShaderSystem;Terrain;Volume
[0.416s] --   plugins    : Plugin_BSPSceneManager;Plugin_OctreeSceneManager;Plugin_PCZSceneManager;Plugin_ParticleFX;RenderSystem_GL;RenderSystem_GL3Plus;Codec_STBI
[0.416s] --   media      : /opt/ros/humble/opt/rviz_ogre_vendor/share/OGRE/Media
[0.416s] -- OGRE_LIBRARIES: OgreHLMS;OgreMeshLodGenerator;OgreOverlay;OgrePaging;OgreProperty;OgreRTShaderSystem;OgreTerrain;OgreVolume;OgreMain
[0.416s] -- OGRE_LIBRARY_DIRS: /opt/ros/humble/opt/rviz_ogre_vendor/lib
[0.416s] -- OGRE_PLUGINS: Plugin_BSPSceneManager;Plugin_OctreeSceneManager;Plugin_PCZSceneManager;Plugin_ParticleFX;RenderSystem_GL;RenderSystem_GL3Plus;Codec_STBI
[0.416s] -- OGRE_PLUGIN_DIR: /opt/ros/humble/opt/rviz_ogre_vendor/lib/OGRE
[0.416s] -- rviz_ogre_vendor::OgreOverlay for IMPORTED_LOCATION_RELEASE: /opt/ros/humble/opt/rviz_ogre_vendor/lib/libOgreOverlay.so
[0.416s] -- rviz_ogre_vendor::OgreOverlay for IMPORTED_LOCATION_DEBUG: /opt/ros/humble/opt/rviz_ogre_vendor/lib/libOgreOverlay.so
[0.416s] -- rviz_ogre_vendor::OgreMain for IMPORTED_LOCATION_RELEASE: /opt/ros/humble/opt/rviz_ogre_vendor/lib/libOgreMain.so
[0.416s] -- rviz_ogre_vendor::OgreMain for IMPORTED_LOCATION_DEBUG: /opt/ros/humble/opt/rviz_ogre_vendor/lib/libOgreMain.so
[0.481s] -- library: /usr/lib/x86_64-linux-gnu/libcurl.so
[0.501s] -- Found rviz_default_plugins: 11.2.13 (/opt/ros/humble/share/rviz_default_plugins/cmake)
[0.662s] -- Found required Ceres dependency: Eigen version 3.4.0 in /usr/include/eigen3
[0.664s] -- Found required Ceres dependency: glog
[0.665s] -- Found required Ceres dependency: gflags
[0.665s] -- Found Ceres version: 2.0.0 installed in: /usr with components: [EigenSparse, SparseLinearAlgebraLibrary, LAPACK, SuiteSparse, CXSparse, SchurSpecializations, Multithreading]
[1.032s] -- Found ament_cmake_ros: 0.10.0 (/opt/ros/humble/share/ament_cmake_ros/cmake)
[1.579s] -- Using all available rosidl_typesupport_c: rosidl_typesupport_fastrtps_c;rosidl_typesupport_introspection_c
[1.762s] -- Using all available rosidl_typesupport_cpp: rosidl_typesupport_fastrtps_cpp;rosidl_typesupport_introspection_cpp
[1.781s] -- Found python_cmake_module: 0.10.0 (/opt/ros/humble/share/python_cmake_module/cmake)
[1.799s] -- Using PYTHON_EXECUTABLE: /usr/bin/python3
[1.800s] -- Using PYTHON_INCLUDE_DIRS: /usr/include/python3.10
[1.800s] -- Using PYTHON_LIBRARIES: /usr/lib/x86_64-linux-gnu/libpython3.10.so
[1.909s] -- Configuring done
[2.152s] -- Generating done
[2.160s] -- Build files have been written to: /home/pierres/COURS/slamnav/build/slam_toolbox
[2.179s] Invoked command in '/home/pierres/COURS/slamnav/build/slam_toolbox' returned '0': AMENT_PREFIX_PATH=/home/pierres/COURS/slamnav/install/nav2_map_server:/home/pierres/COURS/slamnav/install/nav2_util:/home/pierres/COURS/slamnav/install/nav2_msgs:/home/pierres/COURS/slamnav/install/nav2_common:${AMENT_PREFIX_PATH} CMAKE_PREFIX_PATH=/home/pierres/COURS/slamnav/install/nav2_map_server:/home/pierres/COURS/slamnav/install/nav2_util:/home/pierres/COURS/slamnav/install/nav2_msgs:/home/pierres/COURS/slamnav/install/nav2_common:/home/pierres/COURS/slamnav/install/slam_toolbox:/opt/ros/humble:/home/pierres/COURS/slamnav/install/slamnav_turtlebot LD_LIBRARY_PATH=/home/pierres/COURS/slamnav/install/nav2_map_server/lib:/home/pierres/COURS/slamnav/install/nav2_util/lib:/home/pierres/COURS/slamnav/install/nav2_msgs/lib:${LD_LIBRARY_PATH} PYTHONPATH=/home/pierres/COURS/slamnav/install/nav2_msgs/local/lib/python3.10/dist-packages:/home/pierres/COURS/slamnav/install/nav2_common/local/lib/python3.10/dist-packages:${PYTHONPATH} /usr/bin/cmake /home/pierres/COURS/slamnav/src/slam_toolbox -DCMAKE_INSTALL_PREFIX=/home/pierres/COURS/slamnav/install/slam_toolbox
[2.181s] Invoking command in '/home/pierres/COURS/slamnav/build/slam_toolbox': AMENT_PREFIX_PATH=/home/pierres/COURS/slamnav/install/nav2_map_server:/home/pierres/COURS/slamnav/install/nav2_util:/home/pierres/COURS/slamnav/install/nav2_msgs:/home/pierres/COURS/slamnav/install/nav2_common:${AMENT_PREFIX_PATH} CMAKE_PREFIX_PATH=/home/pierres/COURS/slamnav/install/nav2_map_server:/home/pierres/COURS/slamnav/install/nav2_util:/home/pierres/COURS/slamnav/install/nav2_msgs:/home/pierres/COURS/slamnav/install/nav2_common:/home/pierres/COURS/slamnav/install/slam_toolbox:/opt/ros/humble:/home/pierres/COURS/slamnav/install/slamnav_turtlebot LD_LIBRARY_PATH=/home/pierres/COURS/slamnav/install/nav2_map_server/lib:/home/pierres/COURS/slamnav/install/nav2_util/lib:/home/pierres/COURS/slamnav/install/nav2_msgs/lib:${LD_LIBRARY_PATH} PYTHONPATH=/home/pierres/COURS/slamnav/install/nav2_msgs/local/lib/python3.10/dist-packages:/home/pierres/COURS/slamnav/install/nav2_common/local/lib/python3.10/dist-packages:${PYTHONPATH} /usr/bin/cmake --build /home/pierres/COURS/slamnav/build/slam_toolbox -- -j16 -l16
[2.240s] [35m[1mConsolidate compiler generated dependencies of target slam_toolbox__rosidl_generator_c[0m
[2.241s] [35m[1mConsolidate compiler generated dependencies of target kartoSlamToolbox[0m
[2.251s] [  1%] Built target slam_toolbox__cpp
[2.254s] [ 10%] Built target slam_toolbox__rosidl_generator_c
[2.260s] [ 10%] Built target ament_cmake_python_symlink_slam_toolbox
[2.265s] [35m[1mConsolidate compiler generated dependencies of target slam_toolbox__rosidl_typesupport_introspection_cpp[0m
[2.268s] [35m[1mConsolidate compiler generated dependencies of target slam_toolbox__rosidl_typesupport_cpp[0m
[2.268s] [35m[1mConsolidate compiler generated dependencies of target slam_toolbox__rosidl_typesupport_c[0m
[2.269s] [35m[1mConsolidate compiler generated dependencies of target slam_toolbox__rosidl_typesupport_fastrtps_cpp[0m
[2.269s] [35m[1mConsolidate compiler generated dependencies of target slam_toolbox__rosidl_typesupport_introspection_c[0m
[2.273s] [35m[1mConsolidate compiler generated dependencies of target slam_toolbox__rosidl_typesupport_fastrtps_c[0m
[2.278s] [ 12%] Built target kartoSlamToolbox
[2.283s] [ 20%] Built target slam_toolbox__rosidl_typesupport_c
[2.286s] [ 28%] Built target slam_toolbox__rosidl_typesupport_cpp
[2.287s] [ 41%] Built target slam_toolbox__rosidl_typesupport_introspection_cpp
[2.287s] [ 44%] Built target slam_toolbox__rosidl_typesupport_introspection_c
[2.294s] [ 53%] Built target slam_toolbox__rosidl_typesupport_fastrtps_cpp
[2.296s] [35m[1mConsolidate compiler generated dependencies of target SlamToolboxPlugin[0m
[2.298s] [ 62%] Built target slam_toolbox__rosidl_typesupport_fastrtps_c
[2.300s] [35m[1mConsolidate compiler generated dependencies of target ceres_solver_plugin[0m
[2.301s] [35m[1mConsolidate compiler generated dependencies of target toolbox_common[0m
[2.319s] [ 62%] Built target slam_toolbox
[2.331s] [ 64%] Built target SlamToolboxPlugin
[2.333s] [ 66%] Built target ceres_solver_plugin
[2.347s] [ 71%] Built target toolbox_common
[2.353s] [ 71%] Built target slam_toolbox__py
[2.359s] [35m[1mConsolidate compiler generated dependencies of target async_slam_toolbox[0m
[2.360s] [35m[1mConsolidate compiler generated dependencies of target sync_slam_toolbox[0m
[2.360s] [35m[1mConsolidate compiler generated dependencies of target lifelong_slam_toolbox[0m
[2.362s] [35m[1mConsolidate compiler generated dependencies of target localization_slam_toolbox[0m
[2.364s] [35m[1mConsolidate compiler generated dependencies of target merge_maps_kinematic[0m
[2.366s] [35m[1mConsolidate compiler generated dependencies of target slam_toolbox__rosidl_generator_py[0m
[2.381s] [ 79%] Built target slam_toolbox__rosidl_generator_py
[2.386s] [ 81%] Built target async_slam_toolbox
[2.388s] [ 82%] Built target localization_slam_toolbox
[2.391s] [35m[1mConsolidate compiler generated dependencies of target slam_toolbox__rosidl_typesupport_fastrtps_c__pyext[0m
[2.392s] [35m[1mConsolidate compiler generated dependencies of target slam_toolbox__rosidl_typesupport_c__pyext[0m
[2.395s] [35m[1mConsolidate compiler generated dependencies of target slam_toolbox__rosidl_typesupport_introspection_c__pyext[0m
[2.400s] [ 84%] Built target merge_maps_kinematic
[2.400s] [35m[1mConsolidate compiler generated dependencies of target async_slam_toolbox_node[0m
[2.400s] [35m[1mConsolidate compiler generated dependencies of target localization_slam_toolbox_node[0m
[2.401s] [ 87%] Built target sync_slam_toolbox
[2.401s] [ 87%] Built target lifelong_slam_toolbox
[2.402s] [35m[1mConsolidate compiler generated dependencies of target map_and_localization_slam_toolbox[0m
[2.403s] [ 89%] Built target slam_toolbox__rosidl_typesupport_c__pyext
[2.405s] [ 91%] Built target slam_toolbox__rosidl_typesupport_introspection_c__pyext
[2.405s] [ 92%] Built target slam_toolbox__rosidl_typesupport_fastrtps_c__pyext
[2.411s] [35m[1mConsolidate compiler generated dependencies of target lifelong_slam_toolbox_node[0m
[2.415s] [35m[1mConsolidate compiler generated dependencies of target sync_slam_toolbox_node[0m
[2.425s] [ 94%] Built target localization_slam_toolbox_node
[2.430s] [ 95%] Built target async_slam_toolbox_node
[2.436s] [ 96%] Built target map_and_localization_slam_toolbox
[2.442s] [ 98%] Built target lifelong_slam_toolbox_node
[2.446s] [35m[1mConsolidate compiler generated dependencies of target map_and_localization_slam_toolbox_node[0m
[2.454s] [ 99%] Built target sync_slam_toolbox_node
[2.473s] [100%] Built target map_and_localization_slam_toolbox_node
[2.562s] running egg_info
[2.563s] writing slam_toolbox.egg-info/PKG-INFO
[2.563s] writing dependency_links to slam_toolbox.egg-info/dependency_links.txt
[2.565s] writing top-level names to slam_toolbox.egg-info/top_level.txt
[2.567s] reading manifest file 'slam_toolbox.egg-info/SOURCES.txt'
[2.568s] writing manifest file 'slam_toolbox.egg-info/SOURCES.txt'
[2.607s] [100%] Built target ament_cmake_python_build_slam_toolbox_egg
[2.629s] Invoked command in '/home/pierres/COURS/slamnav/build/slam_toolbox' returned '0': AMENT_PREFIX_PATH=/home/pierres/COURS/slamnav/install/nav2_map_server:/home/pierres/COURS/slamnav/install/nav2_util:/home/pierres/COURS/slamnav/install/nav2_msgs:/home/pierres/COURS/slamnav/install/nav2_common:${AMENT_PREFIX_PATH} CMAKE_PREFIX_PATH=/home/pierres/COURS/slamnav/install/nav2_map_server:/home/pierres/COURS/slamnav/install/nav2_util:/home/pierres/COURS/slamnav/install/nav2_msgs:/home/pierres/COURS/slamnav/install/nav2_common:/home/pierres/COURS/slamnav/install/slam_toolbox:/opt/ros/humble:/home/pierres/COURS/slamnav/install/slamnav_turtlebot LD_LIBRARY_PATH=/home/pierres/COURS/slamnav/install/nav2_map_server/lib:/home/pierres/COURS/slamnav/install/nav2_util/lib:/home/pierres/COURS/slamnav/install/nav2_msgs/lib:${LD_LIBRARY_PATH} PYTHONPATH=/home/pierres/COURS/slamnav/install/nav2_msgs/local/lib/python3.10/dist-packages:/home/pierres/COURS/slamnav/install/nav2_common/local/lib/python3.10/dist-packages:${PYTHONPATH} /usr/bin/cmake --build /home/pierres/COURS/slamnav/build/slam_toolbox -- -j16 -l16
[2.904s] Invoking command in '/home/pierres/COURS/slamnav/build/slam_toolbox': AMENT_PREFIX_PATH=/home/pierres/COURS/slamnav/install/nav2_map_server:/home/pierres/COURS/slamnav/install/nav2_util:/home/pierres/COURS/slamnav/install/nav2_msgs:/home/pierres/COURS/slamnav/install/nav2_common:${AMENT_PREFIX_PATH} CMAKE_PREFIX_PATH=/home/pierres/COURS/slamnav/install/nav2_map_server:/home/pierres/COURS/slamnav/install/nav2_util:/home/pierres/COURS/slamnav/install/nav2_msgs:/home/pierres/COURS/slamnav/install/nav2_common:/home/pierres/COURS/slamnav/install/slam_toolbox:/opt/ros/humble:/home/pierres/COURS/slamnav/install/slamnav_turtlebot LD_LIBRARY_PATH=/home/pierres/COURS/slamnav/install/nav2_map_server/lib:/home/pierres/COURS/slamnav/install/nav2_util/lib:/home/pierres/COURS/slamnav/install/nav2_msgs/lib:${LD_LIBRARY_PATH} PYTHONPATH=/home/pierres/COURS/slamnav/install/nav2_msgs/local/lib/python3.10/dist-packages:/home/pierres/COURS/slamnav/install/nav2_common/local/lib/python3.10/dist-packages:${PYTHONPATH} /usr/bin/cmake --install /home/pierres/COURS/slamnav/build/slam_toolbox
[3.852s] -- Install configuration: "Release"
[3.852s] -- Execute custom install script
[3.852s] -- Up-to-date symlink: /home/pierres/COURS/slamnav/install/slam_toolbox/include//karto_sdk/Karto.h
[3.852s] -- Up-to-date symlink: /home/pierres/COURS/slamnav/install/slam_toolbox/include//karto_sdk/Macros.h
[3.852s] -- Up-to-date symlink: /home/pierres/COURS/slamnav/install/slam_toolbox/include//karto_sdk/Mapper.h
[3.852s] -- Up-to-date symlink: /home/pierres/COURS/slamnav/install/slam_toolbox/include//karto_sdk/Math.h
[3.852s] -- Up-to-date symlink: /home/pierres/COURS/slamnav/install/slam_toolbox/include//karto_sdk/Types.h
[3.852s] -- Up-to-date symlink: /home/pierres/COURS/slamnav/install/slam_toolbox/include//karto_sdk/nanoflann.hpp
[3.852s] -- Up-to-date symlink: /home/pierres/COURS/slamnav/install/slam_toolbox/include//karto_sdk/nanoflann_adaptors.h
[3.853s] -- Up-to-date symlink: /home/pierres/COURS/slamnav/install/slam_toolbox/share/ament_index/resource_index/rosidl_interfaces/slam_toolbox
[3.853s] -- Up-to-date symlink: /home/pierres/COURS/slamnav/install/slam_toolbox/include/slam_toolbox/slam_toolbox/msg/rosidl_generator_c__visibility_control.h
[3.853s] -- Up-to-date symlink: /home/pierres/COURS/slamnav/install/slam_toolbox/include/slam_toolbox/slam_toolbox/srv/add_submap.h
[3.853s] -- Up-to-date symlink: /home/pierres/COURS/slamnav/install/slam_toolbox/include/slam_toolbox/slam_toolbox/srv/clear.h
[3.853s] -- Up-to-date symlink: /home/pierres/COURS/slamnav/install/slam_toolbox/include/slam_toolbox/slam_toolbox/srv/clear_queue.h
[3.853s] -- Up-to-date symlink: /home/pierres/COURS/slamnav/install/slam_toolbox/include/slam_toolbox/slam_toolbox/srv/deserialize_pose_graph.h
[3.853s] -- Up-to-date symlink: /home/pierres/COURS/slamnav/install/slam_toolbox/include/slam_toolbox/slam_toolbox/srv/detail/add_submap__functions.h
[3.853s] -- Up-to-date symlink: /home/pierres/COURS/slamnav/install/slam_toolbox/include/slam_toolbox/slam_toolbox/srv/detail/add_submap__struct.h
[3.853s] -- Up-to-date symlink: /home/pierres/COURS/slamnav/install/slam_toolbox/include/slam_toolbox/slam_toolbox/srv/detail/add_submap__type_support.h
[3.853s] -- Up-to-date symlink: /home/pierres/COURS/slamnav/install/slam_toolbox/include/slam_toolbox/slam_toolbox/srv/detail/clear__functions.h
[3.853s] -- Up-to-date symlink: /home/pierres/COURS/slamnav/install/slam_toolbox/include/slam_toolbox/slam_toolbox/srv/detail/clear__struct.h
[3.853s] -- Up-to-date symlink: /home/pierres/COURS/slamnav/install/slam_toolbox/include/slam_toolbox/slam_toolbox/srv/detail/clear__type_support.h
[3.853s] -- Up-to-date symlink: /home/pierres/COURS/slamnav/install/slam_toolbox/include/slam_toolbox/slam_toolbox/srv/detail/clear_queue__functions.h
[3.853s] -- Up-to-date symlink: /home/pierres/COURS/slamnav/install/slam_toolbox/include/slam_toolbox/slam_toolbox/srv/detail/clear_queue__struct.h
[3.853s] -- Up-to-date symlink: /home/pierres/COURS/slamnav/install/slam_toolbox/include/slam_toolbox/slam_toolbox/srv/detail/clear_queue__type_support.h
[3.853s] -- Up-to-date symlink: /home/pierres/COURS/slamnav/install/slam_toolbox/include/slam_toolbox/slam_toolbox/srv/detail/deserialize_pose_graph__functions.h
[3.854s] -- Up-to-date symlink: /home/pierres/COURS/slamnav/install/slam_toolbox/include/slam_toolbox/slam_toolbox/srv/detail/deserialize_pose_graph__struct.h
[3.854s] -- Up-to-date symlink: /home/pierres/COURS/slamnav/install/slam_toolbox/include/slam_toolbox/slam_toolbox/srv/detail/deserialize_pose_graph__type_support.h
[3.854s] -- Up-to-date symlink: /home/pierres/COURS/slamnav/install/slam_toolbox/include/slam_toolbox/slam_toolbox/srv/detail/loop_closure__functions.h
[3.854s] -- Up-to-date symlink: /home/pierres/COURS/slamnav/install/slam_toolbox/include/slam_toolbox/slam_toolbox/srv/detail/loop_closure__struct.h
[3.854s] -- Up-to-date symlink: /home/pierres/COURS/slamnav/install/slam_toolbox/include/slam_toolbox/slam_toolbox/srv/detail/loop_closure__type_support.h
[3.854s] -- Up-to-date symlink: /home/pierres/COURS/slamnav/install/slam_toolbox/include/slam_toolbox/slam_toolbox/srv/detail/merge_maps__functions.h
[3.854s] -- Up-to-date symlink: /home/pierres/COURS/slamnav/install/slam_toolbox/include/slam_toolbox/slam_toolbox/srv/detail/merge_maps__struct.h
[3.855s] -- Up-to-date symlink: /home/pierres/COURS/slamnav/install/slam_toolbox/include/slam_toolbox/slam_toolbox/srv/detail/merge_maps__type_support.h
[3.855s] -- Up-to-date symlink: /home/pierres/COURS/slamnav/install/slam_toolbox/include/slam_toolbox/slam_toolbox/srv/detail/pause__functions.h
[3.855s] -- Up-to-date symlink: /home/pierres/COURS/slamnav/install/slam_toolbox/include/slam_toolbox/slam_toolbox/srv/detail/pause__struct.h
[3.855s] -- Up-to-date symlink: /home/pierres/COURS/slamnav/install/slam_toolbox/include/slam_toolbox/slam_toolbox/srv/detail/pause__type_support.h
[3.856s] -- Up-to-date symlink: /home/pierres/COURS/slamnav/install/slam_toolbox/include/slam_toolbox/slam_toolbox/srv/detail/save_map__functions.h
[3.856s] -- Up-to-date symlink: /home/pierres/COURS/slamnav/install/slam_toolbox/include/slam_toolbox/slam_toolbox/srv/detail/save_map__struct.h
[3.856s] -- Up-to-date symlink: /home/pierres/COURS/slamnav/install/slam_toolbox/include/slam_toolbox/slam_toolbox/srv/detail/save_map__type_support.h
[3.856s] -- Up-to-date symlink: /home/pierres/COURS/slamnav/install/slam_toolbox/include/slam_toolbox/slam_toolbox/srv/detail/serialize_pose_graph__functions.h
[3.856s] -- Up-to-date symlink: /home/pierres/COURS/slamnav/install/slam_toolbox/include/slam_toolbox/slam_toolbox/srv/detail/serialize_pose_graph__struct.h
[3.856s] -- Up-to-date symlink: /home/pierres/COURS/slamnav/install/slam_toolbox/include/slam_toolbox/slam_toolbox/srv/detail/serialize_pose_graph__type_support.h
[3.856s] -- Up-to-date symlink: /home/pierres/COURS/slamnav/install/slam_toolbox/include/slam_toolbox/slam_toolbox/srv/detail/toggle_interactive__functions.h
[3.857s] -- Up-to-date symlink: /home/pierres/COURS/slamnav/install/slam_toolbox/include/slam_toolbox/slam_toolbox/srv/detail/toggle_interactive__struct.h
[3.857s] -- Up-to-date symlink: /home/pierres/COURS/slamnav/install/slam_toolbox/include/slam_toolbox/slam_toolbox/srv/detail/toggle_interactive__type_support.h
[3.857s] -- Up-to-date symlink: /home/pierres/COURS/slamnav/install/slam_toolbox/include/slam_toolbox/slam_toolbox/srv/loop_closure.h
[3.857s] -- Up-to-date symlink: /home/pierres/COURS/slamnav/install/slam_toolbox/include/slam_toolbox/slam_toolbox/srv/merge_maps.h
[3.858s] -- Up-to-date symlink: /home/pierres/COURS/slamnav/install/slam_toolbox/include/slam_toolbox/slam_toolbox/srv/pause.h
[3.858s] -- Up-to-date symlink: /home/pierres/COURS/slamnav/install/slam_toolbox/include/slam_toolbox/slam_toolbox/srv/save_map.h
[3.858s] -- Up-to-date symlink: /home/pierres/COURS/slamnav/install/slam_toolbox/include/slam_toolbox/slam_toolbox/srv/serialize_pose_graph.h
[3.858s] -- Up-to-date symlink: /home/pierres/COURS/slamnav/install/slam_toolbox/include/slam_toolbox/slam_toolbox/srv/toggle_interactive.h
[3.858s] -- Up-to-date symlink: /home/pierres/COURS/slamnav/install/slam_toolbox/share/slam_toolbox/environment/library_path.sh
[3.858s] -- Up-to-date symlink: /home/pierres/COURS/slamnav/install/slam_toolbox/share/slam_toolbox/environment/library_path.dsv
[3.858s] -- Up-to-date symlink: /home/pierres/COURS/slamnav/install/slam_toolbox/include/slam_toolbox/slam_toolbox/msg/rosidl_typesupport_fastrtps_c__visibility_control.h
[3.858s] -- Up-to-date symlink: /home/pierres/COURS/slamnav/install/slam_toolbox/include/slam_toolbox/slam_toolbox/srv/detail/add_submap__rosidl_typesupport_fastrtps_c.h
[3.858s] -- Up-to-date symlink: /home/pierres/COURS/slamnav/install/slam_toolbox/include/slam_toolbox/slam_toolbox/srv/detail/clear__rosidl_typesupport_fastrtps_c.h
[3.858s] -- Up-to-date symlink: /home/pierres/COURS/slamnav/install/slam_toolbox/include/slam_toolbox/slam_toolbox/srv/detail/clear_queue__rosidl_typesupport_fastrtps_c.h
[3.858s] -- Up-to-date symlink: /home/pierres/COURS/slamnav/install/slam_toolbox/include/slam_toolbox/slam_toolbox/srv/detail/deserialize_pose_graph__rosidl_typesupport_fastrtps_c.h
[3.858s] -- Up-to-date symlink: /home/pierres/COURS/slamnav/install/slam_toolbox/include/slam_toolbox/slam_toolbox/srv/detail/loop_closure__rosidl_typesupport_fastrtps_c.h
[3.858s] -- Up-to-date symlink: /home/pierres/COURS/slamnav/install/slam_toolbox/include/slam_toolbox/slam_toolbox/srv/detail/merge_maps__rosidl_typesupport_fastrtps_c.h
[3.858s] -- Up-to-date symlink: /home/pierres/COURS/slamnav/install/slam_toolbox/include/slam_toolbox/slam_toolbox/srv/detail/pause__rosidl_typesupport_fastrtps_c.h
[3.858s] -- Up-to-date symlink: /home/pierres/COURS/slamnav/install/slam_toolbox/include/slam_toolbox/slam_toolbox/srv/detail/save_map__rosidl_typesupport_fastrtps_c.h
[3.858s] -- Up-to-date symlink: /home/pierres/COURS/slamnav/install/slam_toolbox/include/slam_toolbox/slam_toolbox/srv/detail/serialize_pose_graph__rosidl_typesupport_fastrtps_c.h
[3.858s] -- Up-to-date symlink: /home/pierres/COURS/slamnav/install/slam_toolbox/include/slam_toolbox/slam_toolbox/srv/detail/toggle_interactive__rosidl_typesupport_fastrtps_c.h
[3.858s] -- Up-to-date symlink: /home/pierres/COURS/slamnav/install/slam_toolbox/include/slam_toolbox/slam_toolbox/srv/add_submap.hpp
[3.858s] -- Up-to-date symlink: /home/pierres/COURS/slamnav/install/slam_toolbox/include/slam_toolbox/slam_toolbox/srv/clear.hpp
[3.858s] -- Up-to-date symlink: /home/pierres/COURS/slamnav/install/slam_toolbox/include/slam_toolbox/slam_toolbox/srv/clear_queue.hpp
[3.858s] -- Up-to-date symlink: /home/pierres/COURS/slamnav/install/slam_toolbox/include/slam_toolbox/slam_toolbox/srv/deserialize_pose_graph.hpp
[3.858s] -- Up-to-date symlink: /home/pierres/COURS/slamnav/install/slam_toolbox/include/slam_toolbox/slam_toolbox/srv/detail/add_submap__builder.hpp
[3.859s] -- Up-to-date symlink: /home/pierres/COURS/slamnav/install/slam_toolbox/include/slam_toolbox/slam_toolbox/srv/detail/add_submap__struct.hpp
[3.859s] -- Up-to-date symlink: /home/pierres/COURS/slamnav/install/slam_toolbox/include/slam_toolbox/slam_toolbox/srv/detail/add_submap__traits.hpp
[3.859s] -- Up-to-date symlink: /home/pierres/COURS/slamnav/install/slam_toolbox/include/slam_toolbox/slam_toolbox/srv/detail/clear__builder.hpp
[3.859s] -- Up-to-date symlink: /home/pierres/COURS/slamnav/install/slam_toolbox/include/slam_toolbox/slam_toolbox/srv/detail/clear__struct.hpp
[3.859s] -- Up-to-date symlink: /home/pierres/COURS/slamnav/install/slam_toolbox/include/slam_toolbox/slam_toolbox/srv/detail/clear__traits.hpp
[3.859s] -- Up-to-date symlink: /home/pierres/COURS/slamnav/install/slam_toolbox/include/slam_toolbox/slam_toolbox/srv/detail/clear_queue__builder.hpp
[3.859s] -- Up-to-date symlink: /home/pierres/COURS/slamnav/install/slam_toolbox/include/slam_toolbox/slam_toolbox/srv/detail/clear_queue__struct.hpp
[3.859s] -- Up-to-date symlink: /home/pierres/COURS/slamnav/install/slam_toolbox/include/slam_toolbox/slam_toolbox/srv/detail/clear_queue__traits.hpp
[3.859s] -- Up-to-date symlink: /home/pierres/COURS/slamnav/install/slam_toolbox/include/slam_toolbox/slam_toolbox/srv/detail/deserialize_pose_graph__builder.hpp
[3.859s] -- Up-to-date symlink: /home/pierres/COURS/slamnav/install/slam_toolbox/include/slam_toolbox/slam_toolbox/srv/detail/deserialize_pose_graph__struct.hpp
[3.859s] -- Up-to-date symlink: /home/pierres/COURS/slamnav/install/slam_toolbox/include/slam_toolbox/slam_toolbox/srv/detail/deserialize_pose_graph__traits.hpp
[3.859s] -- Up-to-date symlink: /home/pierres/COURS/slamnav/install/slam_toolbox/include/slam_toolbox/slam_toolbox/srv/detail/loop_closure__builder.hpp
[3.859s] -- Up-to-date symlink: /home/pierres/COURS/slamnav/install/slam_toolbox/include/slam_toolbox/slam_toolbox/srv/detail/loop_closure__struct.hpp
[3.859s] -- Up-to-date symlink: /home/pierres/COURS/slamnav/install/slam_toolbox/include/slam_toolbox/slam_toolbox/srv/detail/loop_closure__traits.hpp
[3.859s] -- Up-to-date symlink: /home/pierres/COURS/slamnav/install/slam_toolbox/include/slam_toolbox/slam_toolbox/srv/detail/merge_maps__builder.hpp
[3.859s] -- Up-to-date symlink: /home/pierres/COURS/slamnav/install/slam_toolbox/include/slam_toolbox/slam_toolbox/srv/detail/merge_maps__struct.hpp
[3.859s] -- Up-to-date symlink: /home/pierres/COURS/slamnav/install/slam_toolbox/include/slam_toolbox/slam_toolbox/srv/detail/merge_maps__traits.hpp
[3.859s] -- Up-to-date symlink: /home/pierres/COURS/slamnav/install/slam_toolbox/include/slam_toolbox/slam_toolbox/srv/detail/pause__builder.hpp
[3.861s] -- Up-to-date symlink: /home/pierres/COURS/slamnav/install/slam_toolbox/include/slam_toolbox/slam_toolbox/srv/detail/pause__struct.hpp
[3.862s] -- Up-to-date symlink: /home/pierres/COURS/slamnav/install/slam_toolbox/include/slam_toolbox/slam_toolbox/srv/detail/pause__traits.hpp
[3.862s] -- Up-to-date symlink: /home/pierres/COURS/slamnav/install/slam_toolbox/include/slam_toolbox/slam_toolbox/srv/detail/save_map__builder.hpp
[3.862s] -- Up-to-date symlink: /home/pierres/COURS/slamnav/install/slam_toolbox/include/slam_toolbox/slam_toolbox/srv/detail/save_map__struct.hpp
[3.862s] -- Up-to-date symlink: /home/pierres/COURS/slamnav/install/slam_toolbox/include/slam_toolbox/slam_toolbox/srv/detail/save_map__traits.hpp
[3.862s] -- Up-to-date symlink: /home/pierres/COURS/slamnav/install/slam_toolbox/include/slam_toolbox/slam_toolbox/srv/detail/serialize_pose_graph__builder.hpp
[3.862s] -- Up-to-date symlink: /home/pierres/COURS/slamnav/install/slam_toolbox/include/slam_toolbox/slam_toolbox/srv/detail/serialize_pose_graph__struct.hpp
[3.862s] -- Up-to-date symlink: /home/pierres/COURS/slamnav/install/slam_toolbox/include/slam_toolbox/slam_toolbox/srv/detail/serialize_pose_graph__traits.hpp
[3.862s] -- Up-to-date symlink: /home/pierres/COURS/slamnav/install/slam_toolbox/include/slam_toolbox/slam_toolbox/srv/detail/toggle_interactive__builder.hpp
[3.862s] -- Up-to-date symlink: /home/pierres/COURS/slamnav/install/slam_toolbox/include/slam_toolbox/slam_toolbox/srv/detail/toggle_interactive__struct.hpp
[3.862s] -- Up-to-date symlink: /home/pierres/COURS/slamnav/install/slam_toolbox/include/slam_toolbox/slam_toolbox/srv/detail/toggle_interactive__traits.hpp
[3.862s] -- Up-to-date symlink: /home/pierres/COURS/slamnav/install/slam_toolbox/include/slam_toolbox/slam_toolbox/srv/loop_closure.hpp
[3.862s] -- Up-to-date symlink: /home/pierres/COURS/slamnav/install/slam_toolbox/include/slam_toolbox/slam_toolbox/srv/merge_maps.hpp
[3.862s] -- Up-to-date symlink: /home/pierres/COURS/slamnav/install/slam_toolbox/include/slam_toolbox/slam_toolbox/srv/pause.hpp
[3.862s] -- Up-to-date symlink: /home/pierres/COURS/slamnav/install/slam_toolbox/include/slam_toolbox/slam_toolbox/srv/save_map.hpp
[3.862s] -- Up-to-date symlink: /home/pierres/COURS/slamnav/install/slam_toolbox/include/slam_toolbox/slam_toolbox/srv/serialize_pose_graph.hpp
[3.862s] -- Up-to-date symlink: /home/pierres/COURS/slamnav/install/slam_toolbox/include/slam_toolbox/slam_toolbox/srv/toggle_interactive.hpp
[3.862s] -- Up-to-date symlink: /home/pierres/COURS/slamnav/install/slam_toolbox/include/slam_toolbox/slam_toolbox/msg/rosidl_typesupport_fastrtps_cpp__visibility_control.h
[3.863s] -- Up-to-date symlink: /home/pierres/COURS/slamnav/install/slam_toolbox/include/slam_toolbox/slam_toolbox/srv/detail/add_submap__rosidl_typesupport_fastrtps_cpp.hpp
[3.863s] -- Up-to-date symlink: /home/pierres/COURS/slamnav/install/slam_toolbox/include/slam_toolbox/slam_toolbox/srv/detail/clear__rosidl_typesupport_fastrtps_cpp.hpp
[3.863s] -- Up-to-date symlink: /home/pierres/COURS/slamnav/install/slam_toolbox/include/slam_toolbox/slam_toolbox/srv/detail/clear_queue__rosidl_typesupport_fastrtps_cpp.hpp
[3.863s] -- Up-to-date symlink: /home/pierres/COURS/slamnav/install/slam_toolbox/include/slam_toolbox/slam_toolbox/srv/detail/deserialize_pose_graph__rosidl_typesupport_fastrtps_cpp.hpp
[3.863s] -- Up-to-date symlink: /home/pierres/COURS/slamnav/install/slam_toolbox/include/slam_toolbox/slam_toolbox/srv/detail/loop_closure__rosidl_typesupport_fastrtps_cpp.hpp
[3.863s] -- Up-to-date symlink: /home/pierres/COURS/slamnav/install/slam_toolbox/include/slam_toolbox/slam_toolbox/srv/detail/merge_maps__rosidl_typesupport_fastrtps_cpp.hpp
[3.863s] -- Up-to-date symlink: /home/pierres/COURS/slamnav/install/slam_toolbox/include/slam_toolbox/slam_toolbox/srv/detail/pause__rosidl_typesupport_fastrtps_cpp.hpp
[3.865s] -- Up-to-date symlink: /home/pierres/COURS/slamnav/install/slam_toolbox/include/slam_toolbox/slam_toolbox/srv/detail/save_map__rosidl_typesupport_fastrtps_cpp.hpp
[3.865s] -- Up-to-date symlink: /home/pierres/COURS/slamnav/install/slam_toolbox/include/slam_toolbox/slam_toolbox/srv/detail/serialize_pose_graph__rosidl_typesupport_fastrtps_cpp.hpp
[3.866s] -- Up-to-date symlink: /home/pierres/COURS/slamnav/install/slam_toolbox/include/slam_toolbox/slam_toolbox/srv/detail/toggle_interactive__rosidl_typesupport_fastrtps_cpp.hpp
[3.866s] -- Up-to-date symlink: /home/pierres/COURS/slamnav/install/slam_toolbox/include/slam_toolbox/slam_toolbox/msg/rosidl_typesupport_introspection_c__visibility_control.h
[3.870s] -- Up-to-date symlink: /home/pierres/COURS/slamnav/install/slam_toolbox/include/slam_toolbox/slam_toolbox/srv/detail/add_submap__rosidl_typesupport_introspection_c.h
[3.870s] -- Up-to-date symlink: /home/pierres/COURS/slamnav/install/slam_toolbox/include/slam_toolbox/slam_toolbox/srv/detail/clear__rosidl_typesupport_introspection_c.h
[3.870s] -- Up-to-date symlink: /home/pierres/COURS/slamnav/install/slam_toolbox/include/slam_toolbox/slam_toolbox/srv/detail/clear_queue__rosidl_typesupport_introspection_c.h
[3.870s] -- Up-to-date symlink: /home/pierres/COURS/slamnav/install/slam_toolbox/include/slam_toolbox/slam_toolbox/srv/detail/deserialize_pose_graph__rosidl_typesupport_introspection_c.h
[3.870s] -- Up-to-date symlink: /home/pierres/COURS/slamnav/install/slam_toolbox/include/slam_toolbox/slam_toolbox/srv/detail/loop_closure__rosidl_typesupport_introspection_c.h
[3.870s] -- Up-to-date symlink: /home/pierres/COURS/slamnav/install/slam_toolbox/include/slam_toolbox/slam_toolbox/srv/detail/merge_maps__rosidl_typesupport_introspection_c.h
[3.870s] -- Up-to-date symlink: /home/pierres/COURS/slamnav/install/slam_toolbox/include/slam_toolbox/slam_toolbox/srv/detail/pause__rosidl_typesupport_introspection_c.h
[3.870s] -- Up-to-date symlink: /home/pierres/COURS/slamnav/install/slam_toolbox/include/slam_toolbox/slam_toolbox/srv/detail/save_map__rosidl_typesupport_introspection_c.h
[3.870s] -- Up-to-date symlink: /home/pierres/COURS/slamnav/install/slam_toolbox/include/slam_toolbox/slam_toolbox/srv/detail/serialize_pose_graph__rosidl_typesupport_introspection_c.h
[3.871s] -- Up-to-date symlink: /home/pierres/COURS/slamnav/install/slam_toolbox/include/slam_toolbox/slam_toolbox/srv/detail/toggle_interactive__rosidl_typesupport_introspection_c.h
[3.871s] -- Up-to-date symlink: /home/pierres/COURS/slamnav/install/slam_toolbox/include/slam_toolbox/slam_toolbox/srv/detail/add_submap__rosidl_typesupport_introspection_cpp.hpp
[3.871s] -- Up-to-date symlink: /home/pierres/COURS/slamnav/install/slam_toolbox/include/slam_toolbox/slam_toolbox/srv/detail/clear__rosidl_typesupport_introspection_cpp.hpp
[3.871s] -- Up-to-date symlink: /home/pierres/COURS/slamnav/install/slam_toolbox/include/slam_toolbox/slam_toolbox/srv/detail/clear_queue__rosidl_typesupport_introspection_cpp.hpp
[3.871s] -- Up-to-date symlink: /home/pierres/COURS/slamnav/install/slam_toolbox/include/slam_toolbox/slam_toolbox/srv/detail/deserialize_pose_graph__rosidl_typesupport_introspection_cpp.hpp
[3.871s] -- Up-to-date symlink: /home/pierres/COURS/slamnav/install/slam_toolbox/include/slam_toolbox/slam_toolbox/srv/detail/loop_closure__rosidl_typesupport_introspection_cpp.hpp
[3.872s] -- Up-to-date symlink: /home/pierres/COURS/slamnav/install/slam_toolbox/include/slam_toolbox/slam_toolbox/srv/detail/merge_maps__rosidl_typesupport_introspection_cpp.hpp
[3.872s] -- Up-to-date symlink: /home/pierres/COURS/slamnav/install/slam_toolbox/include/slam_toolbox/slam_toolbox/srv/detail/pause__rosidl_typesupport_introspection_cpp.hpp
[3.872s] -- Up-to-date symlink: /home/pierres/COURS/slamnav/install/slam_toolbox/include/slam_toolbox/slam_toolbox/srv/detail/save_map__rosidl_typesupport_introspection_cpp.hpp
[3.872s] -- Up-to-date symlink: /home/pierres/COURS/slamnav/install/slam_toolbox/include/slam_toolbox/slam_toolbox/srv/detail/serialize_pose_graph__rosidl_typesupport_introspection_cpp.hpp
[3.872s] -- Up-to-date symlink: /home/pierres/COURS/slamnav/install/slam_toolbox/include/slam_toolbox/slam_toolbox/srv/detail/toggle_interactive__rosidl_typesupport_introspection_cpp.hpp
[3.872s] -- Up-to-date symlink: /home/pierres/COURS/slamnav/install/slam_toolbox/share/slam_toolbox/environment/pythonpath.sh
[3.875s] -- Up-to-date symlink: /home/pierres/COURS/slamnav/install/slam_toolbox/share/slam_toolbox/environment/pythonpath.dsv
[3.875s] -- Up-to-date symlink: /home/pierres/COURS/slamnav/install/slam_toolbox/local/lib/python3.10/dist-packages/slam_toolbox-2.6.8-py3.10.egg-info/PKG-INFO
[3.875s] -- Up-to-date symlink: /home/pierres/COURS/slamnav/install/slam_toolbox/local/lib/python3.10/dist-packages/slam_toolbox-2.6.8-py3.10.egg-info/SOURCES.txt
[3.875s] -- Up-to-date symlink: /home/pierres/COURS/slamnav/install/slam_toolbox/local/lib/python3.10/dist-packages/slam_toolbox-2.6.8-py3.10.egg-info/dependency_links.txt
[3.876s] -- Up-to-date symlink: /home/pierres/COURS/slamnav/install/slam_toolbox/local/lib/python3.10/dist-packages/slam_toolbox-2.6.8-py3.10.egg-info/top_level.txt
[3.876s] -- Up-to-date symlink: /home/pierres/COURS/slamnav/install/slam_toolbox/local/lib/python3.10/dist-packages/slam_toolbox/__init__.py
[3.876s] -- Up-to-date symlink: /home/pierres/COURS/slamnav/install/slam_toolbox/local/lib/python3.10/dist-packages/slam_toolbox/_slam_toolbox_s.ep.rosidl_typesupport_c.c
[3.876s] -- Up-to-date symlink: /home/pierres/COURS/slamnav/install/slam_toolbox/local/lib/python3.10/dist-packages/slam_toolbox/_slam_toolbox_s.ep.rosidl_typesupport_fastrtps_c.c
[3.876s] -- Up-to-date symlink: /home/pierres/COURS/slamnav/install/slam_toolbox/local/lib/python3.10/dist-packages/slam_toolbox/_slam_toolbox_s.ep.rosidl_typesupport_introspection_c.c
[3.876s] -- Up-to-date symlink: /home/pierres/COURS/slamnav/install/slam_toolbox/local/lib/python3.10/dist-packages/slam_toolbox/libslam_toolbox__rosidl_generator_py.so
[3.876s] -- Up-to-date symlink: /home/pierres/COURS/slamnav/install/slam_toolbox/local/lib/python3.10/dist-packages/slam_toolbox/slam_toolbox_s__rosidl_typesupport_c.cpython-310-x86_64-linux-gnu.so
[3.876s] -- Up-to-date symlink: /home/pierres/COURS/slamnav/install/slam_toolbox/local/lib/python3.10/dist-packages/slam_toolbox/slam_toolbox_s__rosidl_typesupport_fastrtps_c.cpython-310-x86_64-linux-gnu.so
[3.877s] -- Up-to-date symlink: /home/pierres/COURS/slamnav/install/slam_toolbox/local/lib/python3.10/dist-packages/slam_toolbox/slam_toolbox_s__rosidl_typesupport_introspection_c.cpython-310-x86_64-linux-gnu.so
[3.877s] -- Up-to-date symlink: /home/pierres/COURS/slamnav/install/slam_toolbox/local/lib/python3.10/dist-packages/slam_toolbox/srv/__init__.py
[3.877s] -- Up-to-date symlink: /home/pierres/COURS/slamnav/install/slam_toolbox/local/lib/python3.10/dist-packages/slam_toolbox/srv/_add_submap.py
[3.877s] -- Up-to-date symlink: /home/pierres/COURS/slamnav/install/slam_toolbox/local/lib/python3.10/dist-packages/slam_toolbox/srv/_add_submap_s.c
[3.877s] -- Up-to-date symlink: /home/pierres/COURS/slamnav/install/slam_toolbox/local/lib/python3.10/dist-packages/slam_toolbox/srv/_clear.py
[3.877s] -- Up-to-date symlink: /home/pierres/COURS/slamnav/install/slam_toolbox/local/lib/python3.10/dist-packages/slam_toolbox/srv/_clear_queue.py
[3.877s] -- Up-to-date symlink: /home/pierres/COURS/slamnav/install/slam_toolbox/local/lib/python3.10/dist-packages/slam_toolbox/srv/_clear_queue_s.c
[3.877s] -- Up-to-date symlink: /home/pierres/COURS/slamnav/install/slam_toolbox/local/lib/python3.10/dist-packages/slam_toolbox/srv/_clear_s.c
[3.877s] -- Up-to-date symlink: /home/pierres/COURS/slamnav/install/slam_toolbox/local/lib/python3.10/dist-packages/slam_toolbox/srv/_deserialize_pose_graph.py
[3.877s] -- Up-to-date symlink: /home/pierres/COURS/slamnav/install/slam_toolbox/local/lib/python3.10/dist-packages/slam_toolbox/srv/_deserialize_pose_graph_s.c
[3.878s] -- Up-to-date symlink: /home/pierres/COURS/slamnav/install/slam_toolbox/local/lib/python3.10/dist-packages/slam_toolbox/srv/_loop_closure.py
[3.878s] -- Up-to-date symlink: /home/pierres/COURS/slamnav/install/slam_toolbox/local/lib/python3.10/dist-packages/slam_toolbox/srv/_loop_closure_s.c
[3.881s] -- Up-to-date symlink: /home/pierres/COURS/slamnav/install/slam_toolbox/local/lib/python3.10/dist-packages/slam_toolbox/srv/_merge_maps.py
[3.881s] -- Up-to-date symlink: /home/pierres/COURS/slamnav/install/slam_toolbox/local/lib/python3.10/dist-packages/slam_toolbox/srv/_merge_maps_s.c
[3.881s] -- Up-to-date symlink: /home/pierres/COURS/slamnav/install/slam_toolbox/local/lib/python3.10/dist-packages/slam_toolbox/srv/_pause.py
[3.881s] -- Up-to-date symlink: /home/pierres/COURS/slamnav/install/slam_toolbox/local/lib/python3.10/dist-packages/slam_toolbox/srv/_pause_s.c
[3.881s] -- Up-to-date symlink: /home/pierres/COURS/slamnav/install/slam_toolbox/local/lib/python3.10/dist-packages/slam_toolbox/srv/_save_map.py
[3.881s] -- Up-to-date symlink: /home/pierres/COURS/slamnav/install/slam_toolbox/local/lib/python3.10/dist-packages/slam_toolbox/srv/_save_map_s.c
[3.882s] -- Up-to-date symlink: /home/pierres/COURS/slamnav/install/slam_toolbox/local/lib/python3.10/dist-packages/slam_toolbox/srv/_serialize_pose_graph.py
[3.882s] -- Up-to-date symlink: /home/pierres/COURS/slamnav/install/slam_toolbox/local/lib/python3.10/dist-packages/slam_toolbox/srv/_serialize_pose_graph_s.c
[3.882s] -- Up-to-date symlink: /home/pierres/COURS/slamnav/install/slam_toolbox/local/lib/python3.10/dist-packages/slam_toolbox/srv/_toggle_interactive.py
[3.882s] -- Up-to-date symlink: /home/pierres/COURS/slamnav/install/slam_toolbox/local/lib/python3.10/dist-packages/slam_toolbox/srv/_toggle_interactive_s.c
[3.882s] -- Up-to-date symlink: /home/pierres/COURS/slamnav/install/slam_toolbox/local/lib/python3.10/dist-packages/slam_toolbox/slam_toolbox_s__rosidl_typesupport_fastrtps_c.cpython-310-x86_64-linux-gnu.so
[3.882s] -- Up-to-date symlink: /home/pierres/COURS/slamnav/install/slam_toolbox/local/lib/python3.10/dist-packages/slam_toolbox/slam_toolbox_s__rosidl_typesupport_introspection_c.cpython-310-x86_64-linux-gnu.so
[3.882s] -- Up-to-date symlink: /home/pierres/COURS/slamnav/install/slam_toolbox/local/lib/python3.10/dist-packages/slam_toolbox/slam_toolbox_s__rosidl_typesupport_c.cpython-310-x86_64-linux-gnu.so
[3.882s] -- Up-to-date symlink: /home/pierres/COURS/slamnav/install/slam_toolbox/share/slam_toolbox/srv/Pause.idl
[3.882s] -- Up-to-date symlink: /home/pierres/COURS/slamnav/install/slam_toolbox/share/slam_toolbox/srv/ClearQueue.idl
[3.882s] -- Up-to-date symlink: /home/pierres/COURS/slamnav/install/slam_toolbox/share/slam_toolbox/srv/ToggleInteractive.idl
[3.883s] -- Up-to-date symlink: /home/pierres/COURS/slamnav/install/slam_toolbox/share/slam_toolbox/srv/Clear.idl
[3.883s] -- Up-to-date symlink: /home/pierres/COURS/slamnav/install/slam_toolbox/share/slam_toolbox/srv/SaveMap.idl
[3.883s] -- Up-to-date symlink: /home/pierres/COURS/slamnav/install/slam_toolbox/share/slam_toolbox/srv/LoopClosure.idl
[3.883s] -- Up-to-date symlink: /home/pierres/COURS/slamnav/install/slam_toolbox/share/slam_toolbox/srv/MergeMaps.idl
[3.883s] -- Up-to-date symlink: /home/pierres/COURS/slamnav/install/slam_toolbox/share/slam_toolbox/srv/AddSubmap.idl
[3.883s] -- Up-to-date symlink: /home/pierres/COURS/slamnav/install/slam_toolbox/share/slam_toolbox/srv/DeserializePoseGraph.idl
[3.883s] -- Up-to-date symlink: /home/pierres/COURS/slamnav/install/slam_toolbox/share/slam_toolbox/srv/SerializePoseGraph.idl
[3.883s] -- Up-to-date symlink: /home/pierres/COURS/slamnav/install/slam_toolbox/share/slam_toolbox/srvs/Pause.srv
[3.883s] -- Up-to-date symlink: /home/pierres/COURS/slamnav/install/slam_toolbox/share/slam_toolbox/srvs/Pause_Request.msg
[3.883s] -- Up-to-date symlink: /home/pierres/COURS/slamnav/install/slam_toolbox/share/slam_toolbox/srvs/Pause_Response.msg
[3.884s] -- Up-to-date symlink: /home/pierres/COURS/slamnav/install/slam_toolbox/share/slam_toolbox/srvs/ClearQueue.srv
[3.884s] -- Up-to-date symlink: /home/pierres/COURS/slamnav/install/slam_toolbox/share/slam_toolbox/srvs/ClearQueue_Request.msg
[3.884s] -- Up-to-date symlink: /home/pierres/COURS/slamnav/install/slam_toolbox/share/slam_toolbox/srvs/ClearQueue_Response.msg
[3.884s] -- Up-to-date symlink: /home/pierres/COURS/slamnav/install/slam_toolbox/share/slam_toolbox/srvs/ToggleInteractive.srv
[3.884s] -- Up-to-date symlink: /home/pierres/COURS/slamnav/install/slam_toolbox/share/slam_toolbox/srvs/ToggleInteractive_Request.msg
[3.884s] -- Up-to-date symlink: /home/pierres/COURS/slamnav/install/slam_toolbox/share/slam_toolbox/srvs/ToggleInteractive_Response.msg
[3.884s] -- Up-to-date symlink: /home/pierres/COURS/slamnav/install/slam_toolbox/share/slam_toolbox/srvs/Clear.srv
[3.884s] -- Up-to-date symlink: /home/pierres/COURS/slamnav/install/slam_toolbox/share/slam_toolbox/srvs/Clear_Request.msg
[3.884s] -- Up-to-date symlink: /home/pierres/COURS/slamnav/install/slam_toolbox/share/slam_toolbox/srvs/Clear_Response.msg
[3.884s] -- Up-to-date symlink: /home/pierres/COURS/slamnav/install/slam_toolbox/share/slam_toolbox/srvs/SaveMap.srv
[3.888s] -- Up-to-date symlink: /home/pierres/COURS/slamnav/install/slam_toolbox/share/slam_toolbox/srvs/SaveMap_Request.msg
[3.888s] -- Up-to-date symlink: /home/pierres/COURS/slamnav/install/slam_toolbox/share/slam_toolbox/srvs/SaveMap_Response.msg
[3.888s] -- Up-to-date symlink: /home/pierres/COURS/slamnav/install/slam_toolbox/share/slam_toolbox/srvs/LoopClosure.srv
[3.888s] -- Up-to-date symlink: /home/pierres/COURS/slamnav/install/slam_toolbox/share/slam_toolbox/srvs/LoopClosure_Request.msg
[3.888s] -- Up-to-date symlink: /home/pierres/COURS/slamnav/install/slam_toolbox/share/slam_toolbox/srvs/LoopClosure_Response.msg
[3.888s] -- Up-to-date symlink: /home/pierres/COURS/slamnav/install/slam_toolbox/share/slam_toolbox/srvs/MergeMaps.srv
[3.889s] -- Up-to-date symlink: /home/pierres/COURS/slamnav/install/slam_toolbox/share/slam_toolbox/srvs/MergeMaps_Request.msg
[3.889s] -- Up-to-date symlink: /home/pierres/COURS/slamnav/install/slam_toolbox/share/slam_toolbox/srvs/MergeMaps_Response.msg
[3.889s] -- Up-to-date symlink: /home/pierres/COURS/slamnav/install/slam_toolbox/share/slam_toolbox/srvs/AddSubmap.srv
[3.889s] -- Up-to-date symlink: /home/pierres/COURS/slamnav/install/slam_toolbox/share/slam_toolbox/srvs/AddSubmap_Request.msg
[3.889s] -- Up-to-date symlink: /home/pierres/COURS/slamnav/install/slam_toolbox/share/slam_toolbox/srvs/AddSubmap_Response.msg
[3.889s] -- Up-to-date symlink: /home/pierres/COURS/slamnav/install/slam_toolbox/share/slam_toolbox/srvs/DeserializePoseGraph.srv
[3.889s] -- Up-to-date symlink: /home/pierres/COURS/slamnav/install/slam_toolbox/share/slam_toolbox/srvs/DeserializePoseGraph_Request.msg
[3.889s] -- Up-to-date symlink: /home/pierres/COURS/slamnav/install/slam_toolbox/share/slam_toolbox/srvs/DeserializePoseGraph_Response.msg
[3.889s] -- Up-to-date symlink: /home/pierres/COURS/slamnav/install/slam_toolbox/share/slam_toolbox/srvs/SerializePoseGraph.srv
[3.889s] -- Up-to-date symlink: /home/pierres/COURS/slamnav/install/slam_toolbox/share/slam_toolbox/srvs/SerializePoseGraph_Request.msg
[3.889s] -- Up-to-date symlink: /home/pierres/COURS/slamnav/install/slam_toolbox/share/slam_toolbox/srvs/SerializePoseGraph_Response.msg
[3.889s] -- Up-to-date symlink: /home/pierres/COURS/slamnav/install/slam_toolbox/share/slam_toolbox//rviz_plugins.xml
[3.889s] -- Up-to-date symlink: /home/pierres/COURS/slamnav/install/slam_toolbox/share/slam_toolbox//solver_plugins.xml
[3.889s] -- Up-to-date symlink: /home/pierres/COURS/slamnav/install/slam_toolbox/lib/slam_toolbox/async_slam_toolbox_node
[3.889s] -- Up-to-date symlink: /home/pierres/COURS/slamnav/install/slam_toolbox/lib/slam_toolbox/sync_slam_toolbox_node
[3.889s] -- Up-to-date symlink: /home/pierres/COURS/slamnav/install/slam_toolbox/lib/slam_toolbox/localization_slam_toolbox_node
[3.892s] -- Up-to-date symlink: /home/pierres/COURS/slamnav/install/slam_toolbox/lib/slam_toolbox/map_and_localization_slam_toolbox_node
[3.894s] -- Up-to-date symlink: /home/pierres/COURS/slamnav/install/slam_toolbox/lib/slam_toolbox/merge_maps_kinematic
[3.894s] -- Up-to-date symlink: /home/pierres/COURS/slamnav/install/slam_toolbox/lib/libtoolbox_common.so
[3.894s] -- Up-to-date symlink: /home/pierres/COURS/slamnav/install/slam_toolbox/lib/libSlamToolboxPlugin.so
[3.894s] -- Up-to-date symlink: /home/pierres/COURS/slamnav/install/slam_toolbox/lib/libceres_solver_plugin.so
[3.894s] -- Up-to-date symlink: /home/pierres/COURS/slamnav/install/slam_toolbox/lib/libasync_slam_toolbox.so
[3.894s] -- Up-to-date symlink: /home/pierres/COURS/slamnav/install/slam_toolbox/lib/libsync_slam_toolbox.so
[3.894s] -- Up-to-date symlink: /home/pierres/COURS/slamnav/install/slam_toolbox/lib/liblocalization_slam_toolbox.so
[3.895s] -- Up-to-date symlink: /home/pierres/COURS/slamnav/install/slam_toolbox/lib/liblifelong_slam_toolbox.so
[3.895s] -- Up-to-date symlink: /home/pierres/COURS/slamnav/install/slam_toolbox/lib/libmap_and_localization_slam_toolbox.so
[3.895s] -- Up-to-date symlink: /home/pierres/COURS/slamnav/install/slam_toolbox/lib/libkartoSlamToolbox.so
[3.895s] -- Up-to-date symlink: /home/pierres/COURS/slamnav/install/slam_toolbox/include/slam_toolbox/experimental/slam_toolbox_lifelong.hpp
[3.895s] -- Up-to-date symlink: /home/pierres/COURS/slamnav/install/slam_toolbox/include/slam_toolbox/experimental/slam_toolbox_map_and_localization.hpp
[3.895s] -- Up-to-date symlink: /home/pierres/COURS/slamnav/install/slam_toolbox/include/slam_toolbox/get_pose_helper.hpp
[3.895s] -- Up-to-date symlink: /home/pierres/COURS/slamnav/install/slam_toolbox/include/slam_toolbox/laser_utils.hpp
[3.895s] -- Up-to-date symlink: /home/pierres/COURS/slamnav/install/slam_toolbox/include/slam_toolbox/loop_closure_assistant.hpp
[3.895s] -- Up-to-date symlink: /home/pierres/COURS/slamnav/install/slam_toolbox/include/slam_toolbox/map_saver.hpp
[3.896s] -- Up-to-date symlink: /home/pierres/COURS/slamnav/install/slam_toolbox/include/slam_toolbox/merge_maps_kinematic.hpp
[3.896s] -- Up-to-date symlink: /home/pierres/COURS/slamnav/install/slam_toolbox/include/slam_toolbox/serialization.hpp
[3.896s] -- Up-to-date symlink: /home/pierres/COURS/slamnav/install/slam_toolbox/include/slam_toolbox/slam_mapper.hpp
[3.896s] -- Up-to-date symlink: /home/pierres/COURS/slamnav/install/slam_toolbox/include/slam_toolbox/slam_toolbox_async.hpp
[3.896s] -- Up-to-date symlink: /home/pierres/COURS/slamnav/install/slam_toolbox/include/slam_toolbox/slam_toolbox_common.hpp
[3.896s] -- Up-to-date symlink: /home/pierres/COURS/slamnav/install/slam_toolbox/include/slam_toolbox/slam_toolbox_localization.hpp
[3.896s] -- Up-to-date symlink: /home/pierres/COURS/slamnav/install/slam_toolbox/include/slam_toolbox/slam_toolbox_sync.hpp
[3.896s] -- Up-to-date symlink: /home/pierres/COURS/slamnav/install/slam_toolbox/include/slam_toolbox/snap_utils.hpp
[3.896s] -- Up-to-date symlink: /home/pierres/COURS/slamnav/install/slam_toolbox/include/slam_toolbox/toolbox_msgs.hpp
[3.896s] -- Up-to-date symlink: /home/pierres/COURS/slamnav/install/slam_toolbox/include/slam_toolbox/toolbox_types.hpp
[3.897s] -- Up-to-date symlink: /home/pierres/COURS/slamnav/install/slam_toolbox/include/slam_toolbox/visualization_utils.hpp
[3.897s] -- Up-to-date symlink: /home/pierres/COURS/slamnav/install/slam_toolbox/share/slam_toolbox/launch/localization_launch.py
[3.897s] -- Up-to-date symlink: /home/pierres/COURS/slamnav/install/slam_toolbox/share/slam_toolbox/launch/merge_maps_kinematic_launch.py
[3.897s] -- Up-to-date symlink: /home/pierres/COURS/slamnav/install/slam_toolbox/share/slam_toolbox/launch/offline_launch.py
[3.897s] -- Up-to-date symlink: /home/pierres/COURS/slamnav/install/slam_toolbox/share/slam_toolbox/launch/online_async_launch.py
[3.897s] -- Up-to-date symlink: /home/pierres/COURS/slamnav/install/slam_toolbox/share/slam_toolbox/launch/online_sync_launch.py
[3.897s] -- Up-to-date symlink: /home/pierres/COURS/slamnav/install/slam_toolbox/share/slam_toolbox/config/mapper_params_lifelong.yaml
[3.897s] -- Up-to-date symlink: /home/pierres/COURS/slamnav/install/slam_toolbox/share/slam_toolbox/config/mapper_params_localization.yaml
[3.897s] -- Up-to-date symlink: /home/pierres/COURS/slamnav/install/slam_toolbox/share/slam_toolbox/config/mapper_params_offline.yaml
[3.897s] -- Up-to-date symlink: /home/pierres/COURS/slamnav/install/slam_toolbox/share/slam_toolbox/config/mapper_params_online_async.yaml
[3.897s] -- Up-to-date symlink: /home/pierres/COURS/slamnav/install/slam_toolbox/share/slam_toolbox/config/mapper_params_online_sync.yaml
[3.898s] -- Up-to-date symlink: /home/pierres/COURS/slamnav/install/slam_toolbox/share/slam_toolbox/config/slam_toolbox_default.rviz
[3.898s] -- Up-to-date symlink: /home/pierres/COURS/slamnav/install/slam_toolbox/share/solver_plugins.xml
[3.898s] -- Up-to-date symlink: /home/pierres/COURS/slamnav/install/slam_toolbox/share/rviz_plugins.xml
[3.898s] -- Up-to-date symlink: /home/pierres/COURS/slamnav/install/slam_toolbox/share/ament_index/resource_index/package_run_dependencies/slam_toolbox
[3.898s] -- Up-to-date symlink: /home/pierres/COURS/slamnav/install/slam_toolbox/share/ament_index/resource_index/parent_prefix_path/slam_toolbox
[3.898s] -- Up-to-date symlink: /home/pierres/COURS/slamnav/install/slam_toolbox/share/slam_toolbox/environment/ament_prefix_path.sh
[3.898s] -- Up-to-date symlink: /home/pierres/COURS/slamnav/install/slam_toolbox/share/slam_toolbox/environment/ament_prefix_path.dsv
[3.905s] -- Up-to-date symlink: /home/pierres/COURS/slamnav/install/slam_toolbox/share/slam_toolbox/environment/path.sh
[3.905s] -- Up-to-date symlink: /home/pierres/COURS/slamnav/install/slam_toolbox/share/slam_toolbox/environment/path.dsv
[3.905s] -- Up-to-date symlink: /home/pierres/COURS/slamnav/install/slam_toolbox/share/slam_toolbox/local_setup.bash
[3.905s] -- Up-to-date symlink: /home/pierres/COURS/slamnav/install/slam_toolbox/share/slam_toolbox/local_setup.sh
[3.905s] -- Up-to-date symlink: /home/pierres/COURS/slamnav/install/slam_toolbox/share/slam_toolbox/local_setup.zsh
[3.905s] -- Up-to-date symlink: /home/pierres/COURS/slamnav/install/slam_toolbox/share/slam_toolbox/local_setup.dsv
[3.905s] -- Symlinking: /home/pierres/COURS/slamnav/install/slam_toolbox/share/slam_toolbox/package.dsv
[3.906s] -- Up-to-date symlink: /home/pierres/COURS/slamnav/install/slam_toolbox/share/ament_index/resource_index/packages/slam_toolbox
[3.906s] -- Up-to-date symlink: /home/pierres/COURS/slamnav/install/slam_toolbox/share/ament_index/resource_index/rviz_common__pluginlib__plugin/slam_toolbox
[3.906s] -- Up-to-date symlink: /home/pierres/COURS/slamnav/install/slam_toolbox/share/ament_index/resource_index/slam_toolbox__pluginlib__plugin/slam_toolbox
[3.906s] -- Up-to-date symlink: /home/pierres/COURS/slamnav/install/slam_toolbox/share/ament_index/resource_index/rclcpp_components/slam_toolbox
[3.907s] -- Up-to-date symlink: /home/pierres/COURS/slamnav/install/slam_toolbox/share/slam_toolbox/cmake/rosidl_cmake-extras.cmake
[3.907s] -- Up-to-date symlink: /home/pierres/COURS/slamnav/install/slam_toolbox/share/slam_toolbox/cmake/ament_cmake_export_dependencies-extras.cmake
[3.907s] -- Up-to-date symlink: /home/pierres/COURS/slamnav/install/slam_toolbox/share/slam_toolbox/cmake/ament_cmake_export_include_directories-extras.cmake
[3.907s] -- Up-to-date symlink: /home/pierres/COURS/slamnav/install/slam_toolbox/share/slam_toolbox/cmake/ament_cmake_export_libraries-extras.cmake
[3.907s] -- Up-to-date symlink: /home/pierres/COURS/slamnav/install/slam_toolbox/share/slam_toolbox/cmake/ament_cmake_export_targets-extras.cmake
[3.907s] -- Up-to-date symlink: /home/pierres/COURS/slamnav/install/slam_toolbox/share/slam_toolbox/cmake/rosidl_cmake_export_typesupport_targets-extras.cmake
[3.907s] -- Up-to-date symlink: /home/pierres/COURS/slamnav/install/slam_toolbox/share/slam_toolbox/cmake/rosidl_cmake_export_typesupport_libraries-extras.cmake
[3.907s] -- Up-to-date symlink: /home/pierres/COURS/slamnav/install/slam_toolbox/share/slam_toolbox/cmake/slam_toolboxConfig.cmake
[3.907s] -- Up-to-date symlink: /home/pierres/COURS/slamnav/install/slam_toolbox/share/slam_toolbox/cmake/slam_toolboxConfig-version.cmake
[3.907s] -- Up-to-date symlink: /home/pierres/COURS/slamnav/install/slam_toolbox/share/slam_toolbox/package.xml
[3.912s] -- Up-to-date: /home/pierres/COURS/slamnav/install/slam_toolbox/lib/libslam_toolbox__rosidl_generator_c.so
[3.912s] -- Up-to-date: /home/pierres/COURS/slamnav/install/slam_toolbox/lib/libslam_toolbox__rosidl_typesupport_fastrtps_c.so
[3.912s] -- Up-to-date: /home/pierres/COURS/slamnav/install/slam_toolbox/lib/libslam_toolbox__rosidl_typesupport_fastrtps_cpp.so
[3.912s] -- Up-to-date: /home/pierres/COURS/slamnav/install/slam_toolbox/lib/libslam_toolbox__rosidl_typesupport_introspection_c.so
[3.912s] -- Up-to-date: /home/pierres/COURS/slamnav/install/slam_toolbox/lib/libslam_toolbox__rosidl_typesupport_c.so
[3.912s] -- Up-to-date: /home/pierres/COURS/slamnav/install/slam_toolbox/lib/libslam_toolbox__rosidl_typesupport_introspection_cpp.so
[3.912s] -- Up-to-date: /home/pierres/COURS/slamnav/install/slam_toolbox/lib/libslam_toolbox__rosidl_typesupport_cpp.so
[3.917s] Listing '/home/pierres/COURS/slamnav/install/slam_toolbox/local/lib/python3.10/dist-packages/slam_toolbox'...
[3.917s] Compiling '/home/pierres/COURS/slamnav/install/slam_toolbox/local/lib/python3.10/dist-packages/slam_toolbox/__init__.py'...
[3.918s] Listing '/home/pierres/COURS/slamnav/install/slam_toolbox/local/lib/python3.10/dist-packages/slam_toolbox/srv'...
[3.920s] -- Up-to-date: /home/pierres/COURS/slamnav/install/slam_toolbox/lib/libslam_toolbox__rosidl_generator_py.so
[3.920s] -- Up-to-date: /home/pierres/COURS/slamnav/install/slam_toolbox/share/slam_toolbox/cmake/export_slam_toolbox__rosidl_generator_cExport.cmake
[3.920s] -- Up-to-date: /home/pierres/COURS/slamnav/install/slam_toolbox/share/slam_toolbox/cmake/export_slam_toolbox__rosidl_generator_cExport-release.cmake
[3.920s] -- Up-to-date: /home/pierres/COURS/slamnav/install/slam_toolbox/share/slam_toolbox/cmake/export_slam_toolbox__rosidl_typesupport_fastrtps_cExport.cmake
[3.921s] -- Up-to-date: /home/pierres/COURS/slamnav/install/slam_toolbox/share/slam_toolbox/cmake/export_slam_toolbox__rosidl_typesupport_fastrtps_cExport-release.cmake
[3.922s] -- Up-to-date: /home/pierres/COURS/slamnav/install/slam_toolbox/share/slam_toolbox/cmake/export_slam_toolbox__rosidl_generator_cppExport.cmake
[3.922s] -- Up-to-date: /home/pierres/COURS/slamnav/install/slam_toolbox/share/slam_toolbox/cmake/export_slam_toolbox__rosidl_typesupport_fastrtps_cppExport.cmake
[3.922s] -- Up-to-date: /home/pierres/COURS/slamnav/install/slam_toolbox/share/slam_toolbox/cmake/export_slam_toolbox__rosidl_typesupport_fastrtps_cppExport-release.cmake
[3.922s] -- Up-to-date: /home/pierres/COURS/slamnav/install/slam_toolbox/share/slam_toolbox/cmake/slam_toolbox__rosidl_typesupport_introspection_cExport.cmake
[3.922s] -- Up-to-date: /home/pierres/COURS/slamnav/install/slam_toolbox/share/slam_toolbox/cmake/slam_toolbox__rosidl_typesupport_introspection_cExport-release.cmake
[3.922s] -- Up-to-date: /home/pierres/COURS/slamnav/install/slam_toolbox/share/slam_toolbox/cmake/slam_toolbox__rosidl_typesupport_cExport.cmake
[3.922s] -- Up-to-date: /home/pierres/COURS/slamnav/install/slam_toolbox/share/slam_toolbox/cmake/slam_toolbox__rosidl_typesupport_cExport-release.cmake
[3.922s] -- Up-to-date: /home/pierres/COURS/slamnav/install/slam_toolbox/share/slam_toolbox/cmake/slam_toolbox__rosidl_typesupport_introspection_cppExport.cmake
[3.922s] -- Up-to-date: /home/pierres/COURS/slamnav/install/slam_toolbox/share/slam_toolbox/cmake/slam_toolbox__rosidl_typesupport_introspection_cppExport-release.cmake
[3.922s] -- Up-to-date: /home/pierres/COURS/slamnav/install/slam_toolbox/share/slam_toolbox/cmake/slam_toolbox__rosidl_typesupport_cppExport.cmake
[3.922s] -- Up-to-date: /home/pierres/COURS/slamnav/install/slam_toolbox/share/slam_toolbox/cmake/slam_toolbox__rosidl_typesupport_cppExport-release.cmake
[3.922s] -- Up-to-date: /home/pierres/COURS/slamnav/install/slam_toolbox/share/slam_toolbox/cmake/export_slam_toolbox__rosidl_generator_pyExport.cmake
[3.922s] -- Up-to-date: /home/pierres/COURS/slamnav/install/slam_toolbox/share/slam_toolbox/cmake/export_slam_toolbox__rosidl_generator_pyExport-release.cmake
[3.922s] -- Up-to-date: /home/pierres/COURS/slamnav/install/slam_toolbox/share/slam_toolbox/cmake/SlamToolboxPluginExport.cmake
[3.922s] -- Up-to-date: /home/pierres/COURS/slamnav/install/slam_toolbox/share/slam_toolbox/cmake/SlamToolboxPluginExport-release.cmake
[3.925s] Invoked command in '/home/pierres/COURS/slamnav/build/slam_toolbox' returned '0': AMENT_PREFIX_PATH=/home/pierres/COURS/slamnav/install/nav2_map_server:/home/pierres/COURS/slamnav/install/nav2_util:/home/pierres/COURS/slamnav/install/nav2_msgs:/home/pierres/COURS/slamnav/install/nav2_common:${AMENT_PREFIX_PATH} CMAKE_PREFIX_PATH=/home/pierres/COURS/slamnav/install/nav2_map_server:/home/pierres/COURS/slamnav/install/nav2_util:/home/pierres/COURS/slamnav/install/nav2_msgs:/home/pierres/COURS/slamnav/install/nav2_common:/home/pierres/COURS/slamnav/install/slam_toolbox:/opt/ros/humble:/home/pierres/COURS/slamnav/install/slamnav_turtlebot LD_LIBRARY_PATH=/home/pierres/COURS/slamnav/install/nav2_map_server/lib:/home/pierres/COURS/slamnav/install/nav2_util/lib:/home/pierres/COURS/slamnav/install/nav2_msgs/lib:${LD_LIBRARY_PATH} PYTHONPATH=/home/pierres/COURS/slamnav/install/nav2_msgs/local/lib/python3.10/dist-packages:/home/pierres/COURS/slamnav/install/nav2_common/local/lib/python3.10/dist-packages:${PYTHONPATH} /usr/bin/cmake --install /home/pierres/COURS/slamnav/build/slam_toolbox
