[0.046s] Invoking command in '/home/pierres/COURS/slamnav/build/nav2_waypoint_follower': AMENT_PREFIX_PATH=/home/pierres/COURS/slamnav/install/nav2_core:/home/pierres/COURS/slamnav/install/nav2_costmap_2d:/home/pierres/COURS/slamnav/install/nav2_map_server:/home/pierres/COURS/slamnav/install/nav2_lifecycle_manager:/home/pierres/COURS/slamnav/install/nav2_util:/home/pierres/COURS/slamnav/install/nav2_voxel_grid:/home/pierres/COURS/slamnav/install/nav2_msgs:/home/pierres/COURS/slamnav/install/nav2_common:${AMENT_PREFIX_PATH} CMAKE_PREFIX_PATH=/home/pierres/COURS/slamnav/install/nav2_core:/home/pierres/COURS/slamnav/install/nav2_costmap_2d:/home/pierres/COURS/slamnav/install/nav2_map_server:/home/pierres/COURS/slamnav/install/nav2_lifecycle_manager:/home/pierres/COURS/slamnav/install/nav2_util:/home/pierres/COURS/slamnav/install/nav2_voxel_grid:/home/pierres/COURS/slamnav/install/nav2_msgs:/home/pierres/COURS/slamnav/install/nav2_common:/home/pierres/COURS/slamnav/install/slam_toolbox:/opt/ros/humble:/home/pierres/COURS/slamnav/install/slamnav_turtlebot LD_LIBRARY_PATH=/home/pierres/COURS/slamnav/install/nav2_costmap_2d/lib:/home/pierres/COURS/slamnav/install/nav2_map_server/lib:/home/pierres/COURS/slamnav/install/nav2_lifecycle_manager/lib:/home/pierres/COURS/slamnav/install/nav2_util/lib:/home/pierres/COURS/slamnav/install/nav2_voxel_grid/lib:/home/pierres/COURS/slamnav/install/nav2_msgs/lib:${LD_LIBRARY_PATH} PYTHONPATH=/home/pierres/COURS/slamnav/install/nav2_msgs/local/lib/python3.10/dist-packages:/home/pierres/COURS/slamnav/install/nav2_common/local/lib/python3.10/dist-packages:${PYTHONPATH} /usr/bin/cmake /home/pierres/COURS/slamnav/src/navigation2/nav2_waypoint_follower -DCMAKE_INSTALL_PREFIX=/home/pierres/COURS/slamnav/install/nav2_waypoint_follower
[1.249s] -- Found OpenCV version 4.5.4
[1.249s] -- Found image_transport: 3.1.9 (/opt/ros/humble/share/image_transport/cmake)
[1.249s] -- Override CMake install command with custom implementation using symlinks instead of copying resources
[1.249s] -- Found rosidl_generator_c: 3.1.5 (/opt/ros/humble/share/rosidl_generator_c/cmake)
[1.249s] -- Found rosidl_adapter: 3.1.5 (/opt/ros/humble/share/rosidl_adapter/cmake)
[1.249s] -- Found rosidl_generator_cpp: 3.1.5 (/opt/ros/humble/share/rosidl_generator_cpp/cmake)
[1.249s] -- Using all available rosidl_typesupport_c: rosidl_typesupport_fastrtps_c;rosidl_typesupport_introspection_c
[1.249s] -- Using all available rosidl_typesupport_cpp: rosidl_typesupport_fastrtps_cpp;rosidl_typesupport_introspection_cpp
[1.249s] -- Found rmw_implementation_cmake: 6.1.2 (/opt/ros/humble/share/rmw_implementation_cmake/cmake)
[1.249s] -- Found rmw_cyclonedds_cpp: 1.3.4 (/opt/ros/humble/share/rmw_cyclonedds_cpp/cmake)
[1.249s] -- Using RMW implementation 'rmw_cyclonedds_cpp' as default
[1.250s] -- Found cv_bridge: 3.2.1 (/opt/ros/humble/share/cv_bridge/cmake)
[1.250s] -- Found nav2_common: 1.1.16 (/home/pierres/COURS/slamnav/install/nav2_common/share/nav2_common/cmake)
[1.250s] -- Found rclcpp_action: 16.0.10 (/opt/ros/humble/share/rclcpp_action/cmake)
[1.250s] -- Found rclcpp_lifecycle: 16.0.10 (/opt/ros/humble/share/rclcpp_lifecycle/cmake)
[1.250s] -- Found rclcpp_components: 16.0.10 (/opt/ros/humble/share/rclcpp_components/cmake)
[1.250s] -- Found nav_msgs: 4.2.4 (/opt/ros/humble/share/nav_msgs/cmake)
[1.250s] -- Found nav2_msgs: 1.1.16 (/home/pierres/COURS/slamnav/install/nav2_msgs/share/nav2_msgs/cmake)
[1.250s] -- Found nav2_util: 1.1.16 (/home/pierres/COURS/slamnav/install/nav2_util/share/nav2_util/cmake)
[1.250s] -- Found eigen3_cmake_module: 0.1.1 (/opt/ros/humble/share/eigen3_cmake_module/cmake)
[1.250s] -- Ensuring Eigen3 include directory is part of orocos-kdl CMake target
[1.250s] -- Found nav2_core: 1.1.16 (/home/pierres/COURS/slamnav/install/nav2_core/share/nav2_core/cmake)
[1.299s] -- Found ament_lint_auto: 0.12.11 (/opt/ros/humble/share/ament_lint_auto/cmake)
[1.303s] -- Found ament_cmake_gtest: 1.3.10 (/opt/ros/humble/share/ament_cmake_gtest/cmake)
[1.410s] -- Found gtest sources under '/opt/ros/humble/src/gtest_vendor': C++ tests using 'Google Test' will be built
[1.555s] -- Added test 'copyright' to check source files copyright and LICENSE
[1.555s] -- Added test 'cppcheck' to perform static code analysis on C / C++ code
[1.555s] -- Configured cppcheck include dirs: /home/pierres/COURS/slamnav/src/navigation2/nav2_waypoint_follower/include
[1.555s] -- Configured cppcheck exclude dirs and/or files: 
[1.556s] -- Added test 'cpplint' to check C / C++ code against the Google style
[1.557s] -- Configured cpplint exclude dirs and/or files: 
[1.557s] -- Added test 'lint_cmake' to check CMake code style
[1.558s] -- Added test 'uncrustify' to check C / C++ code style
[1.558s] -- Configured uncrustify additional arguments: 
[1.558s] -- Added test 'xmllint' to check XML markup files
[1.565s] -- Configuring done
[1.929s] -- Generating done
[1.934s] -- Build files have been written to: /home/pierres/COURS/slamnav/build/nav2_waypoint_follower
[1.950s] Invoked command in '/home/pierres/COURS/slamnav/build/nav2_waypoint_follower' returned '0': AMENT_PREFIX_PATH=/home/pierres/COURS/slamnav/install/nav2_core:/home/pierres/COURS/slamnav/install/nav2_costmap_2d:/home/pierres/COURS/slamnav/install/nav2_map_server:/home/pierres/COURS/slamnav/install/nav2_lifecycle_manager:/home/pierres/COURS/slamnav/install/nav2_util:/home/pierres/COURS/slamnav/install/nav2_voxel_grid:/home/pierres/COURS/slamnav/install/nav2_msgs:/home/pierres/COURS/slamnav/install/nav2_common:${AMENT_PREFIX_PATH} CMAKE_PREFIX_PATH=/home/pierres/COURS/slamnav/install/nav2_core:/home/pierres/COURS/slamnav/install/nav2_costmap_2d:/home/pierres/COURS/slamnav/install/nav2_map_server:/home/pierres/COURS/slamnav/install/nav2_lifecycle_manager:/home/pierres/COURS/slamnav/install/nav2_util:/home/pierres/COURS/slamnav/install/nav2_voxel_grid:/home/pierres/COURS/slamnav/install/nav2_msgs:/home/pierres/COURS/slamnav/install/nav2_common:/home/pierres/COURS/slamnav/install/slam_toolbox:/opt/ros/humble:/home/pierres/COURS/slamnav/install/slamnav_turtlebot LD_LIBRARY_PATH=/home/pierres/COURS/slamnav/install/nav2_costmap_2d/lib:/home/pierres/COURS/slamnav/install/nav2_map_server/lib:/home/pierres/COURS/slamnav/install/nav2_lifecycle_manager/lib:/home/pierres/COURS/slamnav/install/nav2_util/lib:/home/pierres/COURS/slamnav/install/nav2_voxel_grid/lib:/home/pierres/COURS/slamnav/install/nav2_msgs/lib:${LD_LIBRARY_PATH} PYTHONPATH=/home/pierres/COURS/slamnav/install/nav2_msgs/local/lib/python3.10/dist-packages:/home/pierres/COURS/slamnav/install/nav2_common/local/lib/python3.10/dist-packages:${PYTHONPATH} /usr/bin/cmake /home/pierres/COURS/slamnav/src/navigation2/nav2_waypoint_follower -DCMAKE_INSTALL_PREFIX=/home/pierres/COURS/slamnav/install/nav2_waypoint_follower
[1.952s] Invoking command in '/home/pierres/COURS/slamnav/build/nav2_waypoint_follower': AMENT_PREFIX_PATH=/home/pierres/COURS/slamnav/install/nav2_core:/home/pierres/COURS/slamnav/install/nav2_costmap_2d:/home/pierres/COURS/slamnav/install/nav2_map_server:/home/pierres/COURS/slamnav/install/nav2_lifecycle_manager:/home/pierres/COURS/slamnav/install/nav2_util:/home/pierres/COURS/slamnav/install/nav2_voxel_grid:/home/pierres/COURS/slamnav/install/nav2_msgs:/home/pierres/COURS/slamnav/install/nav2_common:${AMENT_PREFIX_PATH} CMAKE_PREFIX_PATH=/home/pierres/COURS/slamnav/install/nav2_core:/home/pierres/COURS/slamnav/install/nav2_costmap_2d:/home/pierres/COURS/slamnav/install/nav2_map_server:/home/pierres/COURS/slamnav/install/nav2_lifecycle_manager:/home/pierres/COURS/slamnav/install/nav2_util:/home/pierres/COURS/slamnav/install/nav2_voxel_grid:/home/pierres/COURS/slamnav/install/nav2_msgs:/home/pierres/COURS/slamnav/install/nav2_common:/home/pierres/COURS/slamnav/install/slam_toolbox:/opt/ros/humble:/home/pierres/COURS/slamnav/install/slamnav_turtlebot LD_LIBRARY_PATH=/home/pierres/COURS/slamnav/install/nav2_costmap_2d/lib:/home/pierres/COURS/slamnav/install/nav2_map_server/lib:/home/pierres/COURS/slamnav/install/nav2_lifecycle_manager/lib:/home/pierres/COURS/slamnav/install/nav2_util/lib:/home/pierres/COURS/slamnav/install/nav2_voxel_grid/lib:/home/pierres/COURS/slamnav/install/nav2_msgs/lib:${LD_LIBRARY_PATH} PYTHONPATH=/home/pierres/COURS/slamnav/install/nav2_msgs/local/lib/python3.10/dist-packages:/home/pierres/COURS/slamnav/install/nav2_common/local/lib/python3.10/dist-packages:${PYTHONPATH} /usr/bin/cmake --build /home/pierres/COURS/slamnav/build/nav2_waypoint_follower -- -j16 -l16
[2.005s] [35m[1mConsolidate compiler generated dependencies of target gtest_main[0m
[2.006s] [35m[1mConsolidate compiler generated dependencies of target waypoint_follower_core[0m
[2.007s] [35m[1mConsolidate compiler generated dependencies of target gtest[0m
[2.007s] [35m[1mConsolidate compiler generated dependencies of target photo_at_waypoint[0m
[2.007s] [35m[1mConsolidate compiler generated dependencies of target wait_at_waypoint[0m
[2.008s] [35m[1mConsolidate compiler generated dependencies of target input_at_waypoint[0m
[2.023s] [ 11%] Built target gtest
[2.023s] [ 22%] Built target gtest_main
[2.027s] [ 38%] Built target input_at_waypoint
[2.027s] [ 44%] Built target waypoint_follower_core
[2.028s] [ 55%] Built target photo_at_waypoint
[2.029s] [ 66%] Built target wait_at_waypoint
[2.038s] [35m[1mConsolidate compiler generated dependencies of target test_dynamic_parameters[0m
[2.040s] [35m[1mConsolidate compiler generated dependencies of target waypoint_follower[0m
[2.042s] [35m[1mConsolidate compiler generated dependencies of target test_task_executors[0m
[2.053s] [ 77%] Built target test_dynamic_parameters
[2.061s] [ 88%] Built target waypoint_follower
[2.061s] [100%] Built target test_task_executors
[2.074s] Invoked command in '/home/pierres/COURS/slamnav/build/nav2_waypoint_follower' returned '0': AMENT_PREFIX_PATH=/home/pierres/COURS/slamnav/install/nav2_core:/home/pierres/COURS/slamnav/install/nav2_costmap_2d:/home/pierres/COURS/slamnav/install/nav2_map_server:/home/pierres/COURS/slamnav/install/nav2_lifecycle_manager:/home/pierres/COURS/slamnav/install/nav2_util:/home/pierres/COURS/slamnav/install/nav2_voxel_grid:/home/pierres/COURS/slamnav/install/nav2_msgs:/home/pierres/COURS/slamnav/install/nav2_common:${AMENT_PREFIX_PATH} CMAKE_PREFIX_PATH=/home/pierres/COURS/slamnav/install/nav2_core:/home/pierres/COURS/slamnav/install/nav2_costmap_2d:/home/pierres/COURS/slamnav/install/nav2_map_server:/home/pierres/COURS/slamnav/install/nav2_lifecycle_manager:/home/pierres/COURS/slamnav/install/nav2_util:/home/pierres/COURS/slamnav/install/nav2_voxel_grid:/home/pierres/COURS/slamnav/install/nav2_msgs:/home/pierres/COURS/slamnav/install/nav2_common:/home/pierres/COURS/slamnav/install/slam_toolbox:/opt/ros/humble:/home/pierres/COURS/slamnav/install/slamnav_turtlebot LD_LIBRARY_PATH=/home/pierres/COURS/slamnav/install/nav2_costmap_2d/lib:/home/pierres/COURS/slamnav/install/nav2_map_server/lib:/home/pierres/COURS/slamnav/install/nav2_lifecycle_manager/lib:/home/pierres/COURS/slamnav/install/nav2_util/lib:/home/pierres/COURS/slamnav/install/nav2_voxel_grid/lib:/home/pierres/COURS/slamnav/install/nav2_msgs/lib:${LD_LIBRARY_PATH} PYTHONPATH=/home/pierres/COURS/slamnav/install/nav2_msgs/local/lib/python3.10/dist-packages:/home/pierres/COURS/slamnav/install/nav2_common/local/lib/python3.10/dist-packages:${PYTHONPATH} /usr/bin/cmake --build /home/pierres/COURS/slamnav/build/nav2_waypoint_follower -- -j16 -l16
[2.116s] Invoking command in '/home/pierres/COURS/slamnav/build/nav2_waypoint_follower': AMENT_PREFIX_PATH=/home/pierres/COURS/slamnav/install/nav2_core:/home/pierres/COURS/slamnav/install/nav2_costmap_2d:/home/pierres/COURS/slamnav/install/nav2_map_server:/home/pierres/COURS/slamnav/install/nav2_lifecycle_manager:/home/pierres/COURS/slamnav/install/nav2_util:/home/pierres/COURS/slamnav/install/nav2_voxel_grid:/home/pierres/COURS/slamnav/install/nav2_msgs:/home/pierres/COURS/slamnav/install/nav2_common:${AMENT_PREFIX_PATH} CMAKE_PREFIX_PATH=/home/pierres/COURS/slamnav/install/nav2_core:/home/pierres/COURS/slamnav/install/nav2_costmap_2d:/home/pierres/COURS/slamnav/install/nav2_map_server:/home/pierres/COURS/slamnav/install/nav2_lifecycle_manager:/home/pierres/COURS/slamnav/install/nav2_util:/home/pierres/COURS/slamnav/install/nav2_voxel_grid:/home/pierres/COURS/slamnav/install/nav2_msgs:/home/pierres/COURS/slamnav/install/nav2_common:/home/pierres/COURS/slamnav/install/slam_toolbox:/opt/ros/humble:/home/pierres/COURS/slamnav/install/slamnav_turtlebot LD_LIBRARY_PATH=/home/pierres/COURS/slamnav/install/nav2_costmap_2d/lib:/home/pierres/COURS/slamnav/install/nav2_map_server/lib:/home/pierres/COURS/slamnav/install/nav2_lifecycle_manager/lib:/home/pierres/COURS/slamnav/install/nav2_util/lib:/home/pierres/COURS/slamnav/install/nav2_voxel_grid/lib:/home/pierres/COURS/slamnav/install/nav2_msgs/lib:${LD_LIBRARY_PATH} PYTHONPATH=/home/pierres/COURS/slamnav/install/nav2_msgs/local/lib/python3.10/dist-packages:/home/pierres/COURS/slamnav/install/nav2_common/local/lib/python3.10/dist-packages:${PYTHONPATH} /usr/bin/cmake --install /home/pierres/COURS/slamnav/build/nav2_waypoint_follower
[2.124s] -- Install configuration: "Humble"
[2.124s] -- Execute custom install script
[2.125s] -- Up-to-date symlink: /home/pierres/COURS/slamnav/install/nav2_waypoint_follower/lib/libwaypoint_follower_core.so
[2.125s] -- Up-to-date symlink: /home/pierres/COURS/slamnav/install/nav2_waypoint_follower/lib/libwait_at_waypoint.so
[2.125s] -- Up-to-date symlink: /home/pierres/COURS/slamnav/install/nav2_waypoint_follower/lib/libphoto_at_waypoint.so
[2.125s] -- Up-to-date symlink: /home/pierres/COURS/slamnav/install/nav2_waypoint_follower/lib/libinput_at_waypoint.so
[2.125s] -- Up-to-date symlink: /home/pierres/COURS/slamnav/install/nav2_waypoint_follower/lib/nav2_waypoint_follower/waypoint_follower
[2.126s] -- Up-to-date symlink: /home/pierres/COURS/slamnav/install/nav2_waypoint_follower/include//nav2_waypoint_follower/plugins/input_at_waypoint.hpp
[2.126s] -- Up-to-date symlink: /home/pierres/COURS/slamnav/install/nav2_waypoint_follower/include//nav2_waypoint_follower/plugins/photo_at_waypoint.hpp
[2.126s] -- Up-to-date symlink: /home/pierres/COURS/slamnav/install/nav2_waypoint_follower/include//nav2_waypoint_follower/plugins/wait_at_waypoint.hpp
[2.126s] -- Up-to-date symlink: /home/pierres/COURS/slamnav/install/nav2_waypoint_follower/include//nav2_waypoint_follower/waypoint_follower.hpp
[2.126s] -- Up-to-date symlink: /home/pierres/COURS/slamnav/install/nav2_waypoint_follower/share/nav2_waypoint_follower/environment/library_path.sh
[2.127s] -- Up-to-date symlink: /home/pierres/COURS/slamnav/install/nav2_waypoint_follower/share/nav2_waypoint_follower/environment/library_path.dsv
[2.127s] -- Up-to-date symlink: /home/pierres/COURS/slamnav/install/nav2_waypoint_follower/share/nav2_waypoint_follower//plugins.xml
[2.127s] -- Up-to-date symlink: /home/pierres/COURS/slamnav/install/nav2_waypoint_follower/share/ament_index/resource_index/package_run_dependencies/nav2_waypoint_follower
[2.127s] -- Up-to-date symlink: /home/pierres/COURS/slamnav/install/nav2_waypoint_follower/share/ament_index/resource_index/parent_prefix_path/nav2_waypoint_follower
[2.128s] -- Up-to-date symlink: /home/pierres/COURS/slamnav/install/nav2_waypoint_follower/share/nav2_waypoint_follower/environment/ament_prefix_path.sh
[2.128s] -- Up-to-date symlink: /home/pierres/COURS/slamnav/install/nav2_waypoint_follower/share/nav2_waypoint_follower/environment/ament_prefix_path.dsv
[2.128s] -- Up-to-date symlink: /home/pierres/COURS/slamnav/install/nav2_waypoint_follower/share/nav2_waypoint_follower/environment/path.sh
[2.128s] -- Up-to-date symlink: /home/pierres/COURS/slamnav/install/nav2_waypoint_follower/share/nav2_waypoint_follower/environment/path.dsv
[2.128s] -- Up-to-date symlink: /home/pierres/COURS/slamnav/install/nav2_waypoint_follower/share/nav2_waypoint_follower/local_setup.bash
[2.128s] -- Up-to-date symlink: /home/pierres/COURS/slamnav/install/nav2_waypoint_follower/share/nav2_waypoint_follower/local_setup.sh
[2.128s] -- Up-to-date symlink: /home/pierres/COURS/slamnav/install/nav2_waypoint_follower/share/nav2_waypoint_follower/local_setup.zsh
[2.128s] -- Up-to-date symlink: /home/pierres/COURS/slamnav/install/nav2_waypoint_follower/share/nav2_waypoint_follower/local_setup.dsv
[2.129s] -- Symlinking: /home/pierres/COURS/slamnav/install/nav2_waypoint_follower/share/nav2_waypoint_follower/package.dsv
[2.135s] -- Up-to-date symlink: /home/pierres/COURS/slamnav/install/nav2_waypoint_follower/share/ament_index/resource_index/packages/nav2_waypoint_follower
[2.135s] -- Up-to-date symlink: /home/pierres/COURS/slamnav/install/nav2_waypoint_follower/share/ament_index/resource_index/nav2_waypoint_follower__pluginlib__plugin/nav2_waypoint_follower
[2.135s] -- Up-to-date symlink: /home/pierres/COURS/slamnav/install/nav2_waypoint_follower/share/ament_index/resource_index/rclcpp_components/nav2_waypoint_follower
[2.135s] -- Up-to-date symlink: /home/pierres/COURS/slamnav/install/nav2_waypoint_follower/share/nav2_waypoint_follower/cmake/ament_cmake_export_include_directories-extras.cmake
[2.135s] -- Up-to-date symlink: /home/pierres/COURS/slamnav/install/nav2_waypoint_follower/share/nav2_waypoint_follower/cmake/ament_cmake_export_libraries-extras.cmake
[2.135s] -- Up-to-date symlink: /home/pierres/COURS/slamnav/install/nav2_waypoint_follower/share/nav2_waypoint_follower/cmake/ament_cmake_export_dependencies-extras.cmake
[2.135s] -- Up-to-date symlink: /home/pierres/COURS/slamnav/install/nav2_waypoint_follower/share/nav2_waypoint_follower/cmake/nav2_waypoint_followerConfig.cmake
[2.135s] -- Up-to-date symlink: /home/pierres/COURS/slamnav/install/nav2_waypoint_follower/share/nav2_waypoint_follower/cmake/nav2_waypoint_followerConfig-version.cmake
[2.135s] -- Up-to-date symlink: /home/pierres/COURS/slamnav/install/nav2_waypoint_follower/share/nav2_waypoint_follower/package.xml
[2.137s] Invoked command in '/home/pierres/COURS/slamnav/build/nav2_waypoint_follower' returned '0': AMENT_PREFIX_PATH=/home/pierres/COURS/slamnav/install/nav2_core:/home/pierres/COURS/slamnav/install/nav2_costmap_2d:/home/pierres/COURS/slamnav/install/nav2_map_server:/home/pierres/COURS/slamnav/install/nav2_lifecycle_manager:/home/pierres/COURS/slamnav/install/nav2_util:/home/pierres/COURS/slamnav/install/nav2_voxel_grid:/home/pierres/COURS/slamnav/install/nav2_msgs:/home/pierres/COURS/slamnav/install/nav2_common:${AMENT_PREFIX_PATH} CMAKE_PREFIX_PATH=/home/pierres/COURS/slamnav/install/nav2_core:/home/pierres/COURS/slamnav/install/nav2_costmap_2d:/home/pierres/COURS/slamnav/install/nav2_map_server:/home/pierres/COURS/slamnav/install/nav2_lifecycle_manager:/home/pierres/COURS/slamnav/install/nav2_util:/home/pierres/COURS/slamnav/install/nav2_voxel_grid:/home/pierres/COURS/slamnav/install/nav2_msgs:/home/pierres/COURS/slamnav/install/nav2_common:/home/pierres/COURS/slamnav/install/slam_toolbox:/opt/ros/humble:/home/pierres/COURS/slamnav/install/slamnav_turtlebot LD_LIBRARY_PATH=/home/pierres/COURS/slamnav/install/nav2_costmap_2d/lib:/home/pierres/COURS/slamnav/install/nav2_map_server/lib:/home/pierres/COURS/slamnav/install/nav2_lifecycle_manager/lib:/home/pierres/COURS/slamnav/install/nav2_util/lib:/home/pierres/COURS/slamnav/install/nav2_voxel_grid/lib:/home/pierres/COURS/slamnav/install/nav2_msgs/lib:${LD_LIBRARY_PATH} PYTHONPATH=/home/pierres/COURS/slamnav/install/nav2_msgs/local/lib/python3.10/dist-packages:/home/pierres/COURS/slamnav/install/nav2_common/local/lib/python3.10/dist-packages:${PYTHONPATH} /usr/bin/cmake --install /home/pierres/COURS/slamnav/build/nav2_waypoint_follower
