[0.094s] DEBUG:colcon:Command line arguments: ['/usr/bin/colcon', 'build']
[0.094s] DEBUG:colcon:Parsed command line arguments: Namespace(log_base=None, log_level=None, verb_name='build', build_base='build', install_base='install', merge_install=False, symlink_install=False, test_result_base=None, continue_on_error=False, executor='parallel', parallel_workers=16, event_handlers=None, ignore_user_meta=False, metas=['./colcon.meta'], base_paths=['.'], packages_ignore=None, packages_ignore_regex=None, paths=None, packages_up_to=None, packages_up_to_regex=None, packages_above=None, packages_above_and_dependencies=None, packages_above_depth=None, packages_select_by_dep=None, packages_skip_by_dep=None, packages_skip_up_to=None, packages_select_build_failed=False, packages_skip_build_finished=False, packages_select_test_failures=False, packages_skip_test_passed=False, packages_select=None, packages_skip=None, packages_select_regex=None, packages_skip_regex=None, packages_start=None, packages_end=None, allow_overriding=[], cmake_args=None, cmake_target=None, cmake_target_skip_unavailable=False, cmake_clean_cache=False, cmake_clean_first=False, cmake_force_configure=False, ament_cmake_args=None, catkin_cmake_args=None, catkin_skip_building_tests=False, mixin_files=None, mixin=None, verb_parser=<colcon_mixin.mixin.mixin_argument.MixinArgumentDecorator object at 0x7393d5da8b50>, verb_extension=<colcon_core.verb.build.BuildVerb object at 0x7393d5da8610>, main=<bound method BuildVerb.main of <colcon_core.verb.build.BuildVerb object at 0x7393d5da8610>>, mixin_verb=('build',))
[0.198s] Level 1:colcon.colcon_core.package_discovery:discover_packages(colcon_meta) check parameters
[0.198s] Level 1:colcon.colcon_core.package_discovery:discover_packages(recursive) check parameters
[0.198s] Level 1:colcon.colcon_core.package_discovery:discover_packages(ignore) check parameters
[0.198s] Level 1:colcon.colcon_core.package_discovery:discover_packages(path) check parameters
[0.198s] Level 1:colcon.colcon_core.package_discovery:discover_packages(colcon_meta) discover
[0.198s] Level 1:colcon.colcon_core.package_discovery:discover_packages(recursive) discover
[0.198s] INFO:colcon.colcon_core.package_discovery:Crawling recursively for packages in '/home/pierres/COURS/slamnav'
[0.198s] Level 1:colcon.colcon_core.package_identification:_identify(.) by extensions ['ignore', 'ignore_ament_install']
[0.199s] Level 1:colcon.colcon_core.package_identification:_identify(.) by extension 'ignore'
[0.199s] Level 1:colcon.colcon_core.package_identification:_identify(.) by extension 'ignore_ament_install'
[0.199s] Level 1:colcon.colcon_core.package_identification:_identify(.) by extensions ['colcon_pkg']
[0.199s] Level 1:colcon.colcon_core.package_identification:_identify(.) by extension 'colcon_pkg'
[0.199s] Level 1:colcon.colcon_core.package_identification:_identify(.) by extensions ['colcon_meta']
[0.199s] Level 1:colcon.colcon_core.package_identification:_identify(.) by extension 'colcon_meta'
[0.199s] Level 1:colcon.colcon_core.package_identification:_identify(.) by extensions ['ros']
[0.199s] Level 1:colcon.colcon_core.package_identification:_identify(.) by extension 'ros'
[0.206s] Level 1:colcon.colcon_core.package_identification:_identify(.) by extensions ['cmake', 'python']
[0.206s] Level 1:colcon.colcon_core.package_identification:_identify(.) by extension 'cmake'
[0.206s] Level 1:colcon.colcon_core.package_identification:_identify(.) by extension 'python'
[0.206s] Level 1:colcon.colcon_core.package_identification:_identify(.) by extensions ['python_setup_py']
[0.206s] Level 1:colcon.colcon_core.package_identification:_identify(.) by extension 'python_setup_py'
[0.206s] Level 1:colcon.colcon_core.package_identification:_identify(build) by extensions ['ignore', 'ignore_ament_install']
[0.206s] Level 1:colcon.colcon_core.package_identification:_identify(build) by extension 'ignore'
[0.206s] Level 1:colcon.colcon_core.package_identification:_identify(build) ignored
[0.206s] Level 1:colcon.colcon_core.package_identification:_identify(install) by extensions ['ignore', 'ignore_ament_install']
[0.207s] Level 1:colcon.colcon_core.package_identification:_identify(install) by extension 'ignore'
[0.207s] Level 1:colcon.colcon_core.package_identification:_identify(install) ignored
[0.207s] Level 1:colcon.colcon_core.package_identification:_identify(log) by extensions ['ignore', 'ignore_ament_install']
[0.207s] Level 1:colcon.colcon_core.package_identification:_identify(log) by extension 'ignore'
[0.207s] Level 1:colcon.colcon_core.package_identification:_identify(log) ignored
[0.207s] Level 1:colcon.colcon_core.package_identification:_identify(src) by extensions ['ignore', 'ignore_ament_install']
[0.207s] Level 1:colcon.colcon_core.package_identification:_identify(src) by extension 'ignore'
[0.207s] Level 1:colcon.colcon_core.package_identification:_identify(src) by extension 'ignore_ament_install'
[0.207s] Level 1:colcon.colcon_core.package_identification:_identify(src) by extensions ['colcon_pkg']
[0.207s] Level 1:colcon.colcon_core.package_identification:_identify(src) by extension 'colcon_pkg'
[0.207s] Level 1:colcon.colcon_core.package_identification:_identify(src) by extensions ['colcon_meta']
[0.207s] Level 1:colcon.colcon_core.package_identification:_identify(src) by extension 'colcon_meta'
[0.207s] Level 1:colcon.colcon_core.package_identification:_identify(src) by extensions ['ros']
[0.207s] Level 1:colcon.colcon_core.package_identification:_identify(src) by extension 'ros'
[0.207s] Level 1:colcon.colcon_core.package_identification:_identify(src) by extensions ['cmake', 'python']
[0.207s] Level 1:colcon.colcon_core.package_identification:_identify(src) by extension 'cmake'
[0.207s] Level 1:colcon.colcon_core.package_identification:_identify(src) by extension 'python'
[0.207s] Level 1:colcon.colcon_core.package_identification:_identify(src) by extensions ['python_setup_py']
[0.207s] Level 1:colcon.colcon_core.package_identification:_identify(src) by extension 'python_setup_py'
[0.207s] Level 1:colcon.colcon_core.package_identification:_identify(src/slam_toolbox) by extensions ['ignore', 'ignore_ament_install']
[0.207s] Level 1:colcon.colcon_core.package_identification:_identify(src/slam_toolbox) by extension 'ignore'
[0.207s] Level 1:colcon.colcon_core.package_identification:_identify(src/slam_toolbox) by extension 'ignore_ament_install'
[0.207s] Level 1:colcon.colcon_core.package_identification:_identify(src/slam_toolbox) by extensions ['colcon_pkg']
[0.207s] Level 1:colcon.colcon_core.package_identification:_identify(src/slam_toolbox) by extension 'colcon_pkg'
[0.207s] Level 1:colcon.colcon_core.package_identification:_identify(src/slam_toolbox) by extensions ['colcon_meta']
[0.207s] Level 1:colcon.colcon_core.package_identification:_identify(src/slam_toolbox) by extension 'colcon_meta'
[0.207s] Level 1:colcon.colcon_core.package_identification:_identify(src/slam_toolbox) by extensions ['ros']
[0.207s] Level 1:colcon.colcon_core.package_identification:_identify(src/slam_toolbox) by extension 'ros'
[0.210s] DEBUG:colcon.colcon_core.package_identification:Package 'src/slam_toolbox' with type 'ros.ament_cmake' and name 'slam_toolbox'
[0.210s] Level 1:colcon.colcon_core.package_identification:_identify(src/slamnav_turtlebot) by extensions ['ignore', 'ignore_ament_install']
[0.210s] Level 1:colcon.colcon_core.package_identification:_identify(src/slamnav_turtlebot) by extension 'ignore'
[0.210s] Level 1:colcon.colcon_core.package_identification:_identify(src/slamnav_turtlebot) by extension 'ignore_ament_install'
[0.210s] Level 1:colcon.colcon_core.package_identification:_identify(src/slamnav_turtlebot) by extensions ['colcon_pkg']
[0.210s] Level 1:colcon.colcon_core.package_identification:_identify(src/slamnav_turtlebot) by extension 'colcon_pkg'
[0.210s] Level 1:colcon.colcon_core.package_identification:_identify(src/slamnav_turtlebot) by extensions ['colcon_meta']
[0.210s] Level 1:colcon.colcon_core.package_identification:_identify(src/slamnav_turtlebot) by extension 'colcon_meta'
[0.210s] Level 1:colcon.colcon_core.package_identification:_identify(src/slamnav_turtlebot) by extensions ['ros']
[0.210s] Level 1:colcon.colcon_core.package_identification:_identify(src/slamnav_turtlebot) by extension 'ros'
[0.210s] DEBUG:colcon.colcon_core.package_identification:Package 'src/slamnav_turtlebot' with type 'ros.ament_python' and name 'slamnav_turtlebot'
[0.210s] Level 1:colcon.colcon_core.package_discovery:discover_packages(recursive) using defaults
[0.210s] Level 1:colcon.colcon_core.package_discovery:discover_packages(ignore) discover
[0.210s] Level 1:colcon.colcon_core.package_discovery:discover_packages(ignore) using defaults
[0.210s] Level 1:colcon.colcon_core.package_discovery:discover_packages(path) discover
[0.210s] Level 1:colcon.colcon_core.package_discovery:discover_packages(path) using defaults
[0.224s] Level 1:colcon.colcon_core.package_discovery:discover_packages(prefix_path) check parameters
[0.224s] Level 1:colcon.colcon_core.package_discovery:discover_packages(prefix_path) discover
[0.225s] DEBUG:colcon.colcon_installed_package_information.package_discovery:Found 2 installed packages in /home/pierres/COURS/slamnav/install
[0.226s] DEBUG:colcon.colcon_installed_package_information.package_discovery:Found 300 installed packages in /opt/ros/humble
[0.227s] Level 1:colcon.colcon_core.package_discovery:discover_packages(prefix_path) using defaults
[0.255s] Level 5:colcon.colcon_core.verb:set package 'slam_toolbox' build argument 'cmake_args' from command line to 'None'
[0.255s] Level 5:colcon.colcon_core.verb:set package 'slam_toolbox' build argument 'cmake_target' from command line to 'None'
[0.255s] Level 5:colcon.colcon_core.verb:set package 'slam_toolbox' build argument 'cmake_target_skip_unavailable' from command line to 'False'
[0.255s] Level 5:colcon.colcon_core.verb:set package 'slam_toolbox' build argument 'cmake_clean_cache' from command line to 'False'
[0.255s] Level 5:colcon.colcon_core.verb:set package 'slam_toolbox' build argument 'cmake_clean_first' from command line to 'False'
[0.255s] Level 5:colcon.colcon_core.verb:set package 'slam_toolbox' build argument 'cmake_force_configure' from command line to 'False'
[0.255s] Level 5:colcon.colcon_core.verb:set package 'slam_toolbox' build argument 'ament_cmake_args' from command line to 'None'
[0.255s] Level 5:colcon.colcon_core.verb:set package 'slam_toolbox' build argument 'catkin_cmake_args' from command line to 'None'
[0.255s] Level 5:colcon.colcon_core.verb:set package 'slam_toolbox' build argument 'catkin_skip_building_tests' from command line to 'False'
[0.255s] DEBUG:colcon.colcon_core.verb:Building package 'slam_toolbox' with the following arguments: {'ament_cmake_args': None, 'build_base': '/home/pierres/COURS/slamnav/build/slam_toolbox', 'catkin_cmake_args': None, 'catkin_skip_building_tests': False, 'cmake_args': None, 'cmake_clean_cache': False, 'cmake_clean_first': False, 'cmake_force_configure': False, 'cmake_target': None, 'cmake_target_skip_unavailable': False, 'install_base': '/home/pierres/COURS/slamnav/install/slam_toolbox', 'merge_install': False, 'path': '/home/pierres/COURS/slamnav/src/slam_toolbox', 'symlink_install': False, 'test_result_base': None}
[0.255s] Level 5:colcon.colcon_core.verb:set package 'slamnav_turtlebot' build argument 'cmake_args' from command line to 'None'
[0.255s] Level 5:colcon.colcon_core.verb:set package 'slamnav_turtlebot' build argument 'cmake_target' from command line to 'None'
[0.255s] Level 5:colcon.colcon_core.verb:set package 'slamnav_turtlebot' build argument 'cmake_target_skip_unavailable' from command line to 'False'
[0.255s] Level 5:colcon.colcon_core.verb:set package 'slamnav_turtlebot' build argument 'cmake_clean_cache' from command line to 'False'
[0.255s] Level 5:colcon.colcon_core.verb:set package 'slamnav_turtlebot' build argument 'cmake_clean_first' from command line to 'False'
[0.255s] Level 5:colcon.colcon_core.verb:set package 'slamnav_turtlebot' build argument 'cmake_force_configure' from command line to 'False'
[0.255s] Level 5:colcon.colcon_core.verb:set package 'slamnav_turtlebot' build argument 'ament_cmake_args' from command line to 'None'
[0.255s] Level 5:colcon.colcon_core.verb:set package 'slamnav_turtlebot' build argument 'catkin_cmake_args' from command line to 'None'
[0.255s] Level 5:colcon.colcon_core.verb:set package 'slamnav_turtlebot' build argument 'catkin_skip_building_tests' from command line to 'False'
[0.255s] DEBUG:colcon.colcon_core.verb:Building package 'slamnav_turtlebot' with the following arguments: {'ament_cmake_args': None, 'build_base': '/home/pierres/COURS/slamnav/build/slamnav_turtlebot', 'catkin_cmake_args': None, 'catkin_skip_building_tests': False, 'cmake_args': None, 'cmake_clean_cache': False, 'cmake_clean_first': False, 'cmake_force_configure': False, 'cmake_target': None, 'cmake_target_skip_unavailable': False, 'install_base': '/home/pierres/COURS/slamnav/install/slamnav_turtlebot', 'merge_install': False, 'path': '/home/pierres/COURS/slamnav/src/slamnav_turtlebot', 'symlink_install': False, 'test_result_base': None}
[0.255s] INFO:colcon.colcon_core.executor:Executing jobs using 'parallel' executor
[0.256s] DEBUG:colcon.colcon_parallel_executor.executor.parallel:run_until_complete
[0.256s] INFO:colcon.colcon_ros.task.ament_cmake.build:Building ROS package in '/home/pierres/COURS/slamnav/src/slam_toolbox' with build type 'ament_cmake'
[0.256s] INFO:colcon.colcon_cmake.task.cmake.build:Building CMake package in '/home/pierres/COURS/slamnav/src/slam_toolbox'
[0.258s] INFO:colcon.colcon_core.plugin_system:Skipping extension 'colcon_core.shell.bat': Not used on non-Windows systems
[0.258s] INFO:colcon.colcon_core.shell:Skip shell extension 'powershell' for command environment: Not usable outside of PowerShell
[0.258s] DEBUG:colcon.colcon_core.shell:Skip shell extension 'dsv' for command environment
[0.265s] DEBUG:colcon.colcon_core.event_handler.log_command:Invoking command in '/home/pierres/COURS/slamnav/build/slam_toolbox': CMAKE_PREFIX_PATH=/opt/ros/humble:/home/pierres/COURS/slamnav/install/slamnav_turtlebot /usr/bin/cmake /home/pierres/COURS/slamnav/src/slam_toolbox -DCMAKE_INSTALL_PREFIX=/home/pierres/COURS/slamnav/install/slam_toolbox
[1.827s] DEBUG:colcon.colcon_core.event_handler.log_command:Invoked command in '/home/pierres/COURS/slamnav/build/slam_toolbox' returned '0': CMAKE_PREFIX_PATH=/opt/ros/humble:/home/pierres/COURS/slamnav/install/slamnav_turtlebot /usr/bin/cmake /home/pierres/COURS/slamnav/src/slam_toolbox -DCMAKE_INSTALL_PREFIX=/home/pierres/COURS/slamnav/install/slam_toolbox
[1.829s] DEBUG:colcon.colcon_core.event_handler.log_command:Invoking command in '/home/pierres/COURS/slamnav/build/slam_toolbox': CMAKE_PREFIX_PATH=/opt/ros/humble:/home/pierres/COURS/slamnav/install/slamnav_turtlebot /usr/bin/cmake --build /home/pierres/COURS/slamnav/build/slam_toolbox -- -j16 -l16
[2.145s] DEBUG:colcon.colcon_core.event_handler.log_command:Invoked command in '/home/pierres/COURS/slamnav/build/slam_toolbox' returned '0': CMAKE_PREFIX_PATH=/opt/ros/humble:/home/pierres/COURS/slamnav/install/slamnav_turtlebot /usr/bin/cmake --build /home/pierres/COURS/slamnav/build/slam_toolbox -- -j16 -l16
[2.396s] DEBUG:colcon.colcon_core.event_handler.log_command:Invoking command in '/home/pierres/COURS/slamnav/build/slam_toolbox': CMAKE_PREFIX_PATH=/opt/ros/humble:/home/pierres/COURS/slamnav/install/slamnav_turtlebot /usr/bin/cmake --install /home/pierres/COURS/slamnav/build/slam_toolbox
[2.465s] Level 1:colcon.colcon_core.environment:create_environment_scripts_only(slam_toolbox)
[2.466s] DEBUG:colcon.colcon_core.event_handler.log_command:Invoked command in '/home/pierres/COURS/slamnav/build/slam_toolbox' returned '0': CMAKE_PREFIX_PATH=/opt/ros/humble:/home/pierres/COURS/slamnav/install/slamnav_turtlebot /usr/bin/cmake --install /home/pierres/COURS/slamnav/build/slam_toolbox
[2.467s] Level 1:colcon.colcon_core.environment:checking '/home/pierres/COURS/slamnav/install/slam_toolbox' for CMake module files
[2.468s] Level 1:colcon.colcon_core.environment:checking '/home/pierres/COURS/slamnav/install/slam_toolbox' for CMake config files
[2.469s] Level 1:colcon.colcon_core.shell:create_environment_hook('slam_toolbox', 'cmake_prefix_path')
[2.469s] INFO:colcon.colcon_core.shell:Creating environment hook '/home/pierres/COURS/slamnav/install/slam_toolbox/share/slam_toolbox/hook/cmake_prefix_path.ps1'
[2.469s] INFO:colcon.colcon_core.shell:Creating environment descriptor '/home/pierres/COURS/slamnav/install/slam_toolbox/share/slam_toolbox/hook/cmake_prefix_path.dsv'
[2.469s] INFO:colcon.colcon_core.shell:Creating environment hook '/home/pierres/COURS/slamnav/install/slam_toolbox/share/slam_toolbox/hook/cmake_prefix_path.sh'
[2.470s] Level 1:colcon.colcon_core.environment:checking '/home/pierres/COURS/slamnav/install/slam_toolbox/lib'
[2.470s] Level 1:colcon.colcon_core.shell:create_environment_hook('slam_toolbox', 'ld_library_path_lib')
[2.470s] INFO:colcon.colcon_core.shell:Creating environment hook '/home/pierres/COURS/slamnav/install/slam_toolbox/share/slam_toolbox/hook/ld_library_path_lib.ps1'
[2.470s] INFO:colcon.colcon_core.shell:Creating environment descriptor '/home/pierres/COURS/slamnav/install/slam_toolbox/share/slam_toolbox/hook/ld_library_path_lib.dsv'
[2.471s] INFO:colcon.colcon_core.shell:Creating environment hook '/home/pierres/COURS/slamnav/install/slam_toolbox/share/slam_toolbox/hook/ld_library_path_lib.sh'
[2.471s] Level 1:colcon.colcon_core.environment:checking '/home/pierres/COURS/slamnav/install/slam_toolbox/bin'
[2.471s] Level 1:colcon.colcon_core.environment:checking '/home/pierres/COURS/slamnav/install/slam_toolbox/lib/pkgconfig/slam_toolbox.pc'
[2.471s] Level 1:colcon.colcon_core.environment:checking '/home/pierres/COURS/slamnav/install/slam_toolbox/lib/python3.10/site-packages'
[2.471s] Level 1:colcon.colcon_core.environment:checking '/home/pierres/COURS/slamnav/install/slam_toolbox/bin'
[2.471s] INFO:colcon.colcon_core.shell:Creating package script '/home/pierres/COURS/slamnav/install/slam_toolbox/share/slam_toolbox/package.ps1'
[2.472s] INFO:colcon.colcon_core.shell:Creating package descriptor '/home/pierres/COURS/slamnav/install/slam_toolbox/share/slam_toolbox/package.dsv'
[2.472s] INFO:colcon.colcon_core.shell:Creating package script '/home/pierres/COURS/slamnav/install/slam_toolbox/share/slam_toolbox/package.sh'
[2.472s] INFO:colcon.colcon_core.shell:Creating package script '/home/pierres/COURS/slamnav/install/slam_toolbox/share/slam_toolbox/package.bash'
[2.473s] INFO:colcon.colcon_core.shell:Creating package script '/home/pierres/COURS/slamnav/install/slam_toolbox/share/slam_toolbox/package.zsh'
[2.473s] Level 1:colcon.colcon_core.environment:create_file_with_runtime_dependencies(/home/pierres/COURS/slamnav/install/slam_toolbox/share/colcon-core/packages/slam_toolbox)
[2.721s] Level 1:colcon.colcon_core.environment:create_environment_scripts_only(slam_toolbox)
[2.721s] Level 1:colcon.colcon_core.environment:checking '/home/pierres/COURS/slamnav/install/slam_toolbox' for CMake module files
[2.721s] Level 1:colcon.colcon_core.environment:checking '/home/pierres/COURS/slamnav/install/slam_toolbox' for CMake config files
[2.722s] Level 1:colcon.colcon_core.shell:create_environment_hook('slam_toolbox', 'cmake_prefix_path')
[2.723s] INFO:colcon.colcon_core.shell:Creating environment hook '/home/pierres/COURS/slamnav/install/slam_toolbox/share/slam_toolbox/hook/cmake_prefix_path.ps1'
[2.723s] INFO:colcon.colcon_core.shell:Creating environment descriptor '/home/pierres/COURS/slamnav/install/slam_toolbox/share/slam_toolbox/hook/cmake_prefix_path.dsv'
[2.723s] INFO:colcon.colcon_core.shell:Creating environment hook '/home/pierres/COURS/slamnav/install/slam_toolbox/share/slam_toolbox/hook/cmake_prefix_path.sh'
[2.723s] Level 1:colcon.colcon_core.environment:checking '/home/pierres/COURS/slamnav/install/slam_toolbox/lib'
[2.723s] Level 1:colcon.colcon_core.shell:create_environment_hook('slam_toolbox', 'ld_library_path_lib')
[2.723s] INFO:colcon.colcon_core.shell:Creating environment hook '/home/pierres/COURS/slamnav/install/slam_toolbox/share/slam_toolbox/hook/ld_library_path_lib.ps1'
[2.724s] INFO:colcon.colcon_core.shell:Creating environment descriptor '/home/pierres/COURS/slamnav/install/slam_toolbox/share/slam_toolbox/hook/ld_library_path_lib.dsv'
[2.724s] INFO:colcon.colcon_core.shell:Creating environment hook '/home/pierres/COURS/slamnav/install/slam_toolbox/share/slam_toolbox/hook/ld_library_path_lib.sh'
[2.724s] Level 1:colcon.colcon_core.environment:checking '/home/pierres/COURS/slamnav/install/slam_toolbox/bin'
[2.724s] Level 1:colcon.colcon_core.environment:checking '/home/pierres/COURS/slamnav/install/slam_toolbox/lib/pkgconfig/slam_toolbox.pc'
[2.724s] Level 1:colcon.colcon_core.environment:checking '/home/pierres/COURS/slamnav/install/slam_toolbox/lib/python3.10/site-packages'
[2.724s] Level 1:colcon.colcon_core.environment:checking '/home/pierres/COURS/slamnav/install/slam_toolbox/bin'
[2.724s] INFO:colcon.colcon_core.shell:Creating package script '/home/pierres/COURS/slamnav/install/slam_toolbox/share/slam_toolbox/package.ps1'
[2.725s] INFO:colcon.colcon_core.shell:Creating package descriptor '/home/pierres/COURS/slamnav/install/slam_toolbox/share/slam_toolbox/package.dsv'
[2.725s] INFO:colcon.colcon_core.shell:Creating package script '/home/pierres/COURS/slamnav/install/slam_toolbox/share/slam_toolbox/package.sh'
[2.725s] INFO:colcon.colcon_core.shell:Creating package script '/home/pierres/COURS/slamnav/install/slam_toolbox/share/slam_toolbox/package.bash'
[2.725s] INFO:colcon.colcon_core.shell:Creating package script '/home/pierres/COURS/slamnav/install/slam_toolbox/share/slam_toolbox/package.zsh'
[2.726s] Level 1:colcon.colcon_core.environment:create_file_with_runtime_dependencies(/home/pierres/COURS/slamnav/install/slam_toolbox/share/colcon-core/packages/slam_toolbox)
[2.726s] INFO:colcon.colcon_ros.task.ament_python.build:Building ROS package in '/home/pierres/COURS/slamnav/src/slamnav_turtlebot' with build type 'ament_python'
[2.726s] Level 1:colcon.colcon_core.shell:create_environment_hook('slamnav_turtlebot', 'ament_prefix_path')
[2.726s] INFO:colcon.colcon_core.shell:Creating environment hook '/home/pierres/COURS/slamnav/install/slamnav_turtlebot/share/slamnav_turtlebot/hook/ament_prefix_path.ps1'
[2.726s] INFO:colcon.colcon_core.shell:Creating environment descriptor '/home/pierres/COURS/slamnav/install/slamnav_turtlebot/share/slamnav_turtlebot/hook/ament_prefix_path.dsv'
[2.727s] INFO:colcon.colcon_core.shell:Creating environment hook '/home/pierres/COURS/slamnav/install/slamnav_turtlebot/share/slamnav_turtlebot/hook/ament_prefix_path.sh'
[2.727s] INFO:colcon.colcon_core.shell:Skip shell extension 'powershell' for command environment: Not usable outside of PowerShell
[2.727s] DEBUG:colcon.colcon_core.shell:Skip shell extension 'dsv' for command environment
[2.909s] INFO:colcon.colcon_core.task.python.build:Building Python package in '/home/pierres/COURS/slamnav/src/slamnav_turtlebot'
[2.909s] INFO:colcon.colcon_core.shell:Skip shell extension 'powershell' for command environment: Not usable outside of PowerShell
[2.909s] DEBUG:colcon.colcon_core.shell:Skip shell extension 'dsv' for command environment
[3.146s] DEBUG:colcon.colcon_core.event_handler.log_command:Invoking command in '/home/pierres/COURS/slamnav/src/slamnav_turtlebot': AMENT_PREFIX_PATH=/home/pierres/COURS/slamnav/install/slam_toolbox:${AMENT_PREFIX_PATH} CMAKE_PREFIX_PATH=/home/pierres/COURS/slamnav/install/slam_toolbox LD_LIBRARY_PATH=/home/pierres/COURS/slamnav/install/slam_toolbox/lib:${LD_LIBRARY_PATH} PYTHONPATH=/home/pierres/COURS/slamnav/build/slamnav_turtlebot/prefix_override:/usr/lib/python3/dist-packages/colcon_core/task/python/colcon_distutils_commands:/home/pierres/COURS/slamnav/install/slamnav_turtlebot/lib/python3.10/site-packages:/home/pierres/COURS/slamnav/install/slam_toolbox/local/lib/python3.10/dist-packages:${PYTHONPATH} /usr/bin/python3 -W ignore:setup.py install is deprecated setup.py egg_info --egg-base ../../build/slamnav_turtlebot build --build-base /home/pierres/COURS/slamnav/build/slamnav_turtlebot/build install --record /home/pierres/COURS/slamnav/build/slamnav_turtlebot/install.log --install-scripts $base/lib/slamnav_turtlebot --single-version-externally-managed install_data
[3.347s] Level 1:colcon.colcon_core.environment:checking '/home/pierres/COURS/slamnav/install/slamnav_turtlebot' for CMake module files
[3.347s] DEBUG:colcon.colcon_core.event_handler.log_command:Invoked command in '/home/pierres/COURS/slamnav/src/slamnav_turtlebot' returned '0': AMENT_PREFIX_PATH=/home/pierres/COURS/slamnav/install/slam_toolbox:${AMENT_PREFIX_PATH} CMAKE_PREFIX_PATH=/home/pierres/COURS/slamnav/install/slam_toolbox LD_LIBRARY_PATH=/home/pierres/COURS/slamnav/install/slam_toolbox/lib:${LD_LIBRARY_PATH} PYTHONPATH=/home/pierres/COURS/slamnav/build/slamnav_turtlebot/prefix_override:/usr/lib/python3/dist-packages/colcon_core/task/python/colcon_distutils_commands:/home/pierres/COURS/slamnav/install/slamnav_turtlebot/lib/python3.10/site-packages:/home/pierres/COURS/slamnav/install/slam_toolbox/local/lib/python3.10/dist-packages:${PYTHONPATH} /usr/bin/python3 -W ignore:setup.py install is deprecated setup.py egg_info --egg-base ../../build/slamnav_turtlebot build --build-base /home/pierres/COURS/slamnav/build/slamnav_turtlebot/build install --record /home/pierres/COURS/slamnav/build/slamnav_turtlebot/install.log --install-scripts $base/lib/slamnav_turtlebot --single-version-externally-managed install_data
[3.347s] Level 1:colcon.colcon_core.environment:checking '/home/pierres/COURS/slamnav/install/slamnav_turtlebot' for CMake config files
[3.348s] Level 1:colcon.colcon_core.environment:checking '/home/pierres/COURS/slamnav/install/slamnav_turtlebot/lib'
[3.348s] Level 1:colcon.colcon_core.environment:checking '/home/pierres/COURS/slamnav/install/slamnav_turtlebot/bin'
[3.348s] Level 1:colcon.colcon_core.environment:checking '/home/pierres/COURS/slamnav/install/slamnav_turtlebot/lib/pkgconfig/slamnav_turtlebot.pc'
[3.348s] Level 1:colcon.colcon_core.environment:checking '/home/pierres/COURS/slamnav/install/slamnav_turtlebot/lib/python3.10/site-packages'
[3.348s] Level 1:colcon.colcon_core.shell:create_environment_hook('slamnav_turtlebot', 'pythonpath')
[3.348s] INFO:colcon.colcon_core.shell:Creating environment hook '/home/pierres/COURS/slamnav/install/slamnav_turtlebot/share/slamnav_turtlebot/hook/pythonpath.ps1'
[3.348s] INFO:colcon.colcon_core.shell:Creating environment descriptor '/home/pierres/COURS/slamnav/install/slamnav_turtlebot/share/slamnav_turtlebot/hook/pythonpath.dsv'
[3.349s] INFO:colcon.colcon_core.shell:Creating environment hook '/home/pierres/COURS/slamnav/install/slamnav_turtlebot/share/slamnav_turtlebot/hook/pythonpath.sh'
[3.349s] Level 1:colcon.colcon_core.environment:checking '/home/pierres/COURS/slamnav/install/slamnav_turtlebot/bin'
[3.349s] Level 1:colcon.colcon_core.environment:create_environment_scripts_only(slamnav_turtlebot)
[3.349s] INFO:colcon.colcon_core.shell:Creating package script '/home/pierres/COURS/slamnav/install/slamnav_turtlebot/share/slamnav_turtlebot/package.ps1'
[3.349s] INFO:colcon.colcon_core.shell:Creating package descriptor '/home/pierres/COURS/slamnav/install/slamnav_turtlebot/share/slamnav_turtlebot/package.dsv'
[3.350s] INFO:colcon.colcon_core.shell:Creating package script '/home/pierres/COURS/slamnav/install/slamnav_turtlebot/share/slamnav_turtlebot/package.sh'
[3.350s] INFO:colcon.colcon_core.shell:Creating package script '/home/pierres/COURS/slamnav/install/slamnav_turtlebot/share/slamnav_turtlebot/package.bash'
[3.350s] INFO:colcon.colcon_core.shell:Creating package script '/home/pierres/COURS/slamnav/install/slamnav_turtlebot/share/slamnav_turtlebot/package.zsh'
[3.350s] Level 1:colcon.colcon_core.environment:create_file_with_runtime_dependencies(/home/pierres/COURS/slamnav/install/slamnav_turtlebot/share/colcon-core/packages/slamnav_turtlebot)
[3.350s] DEBUG:colcon.colcon_parallel_executor.executor.parallel:closing loop
[3.351s] DEBUG:colcon.colcon_parallel_executor.executor.parallel:loop closed
[3.351s] DEBUG:colcon.colcon_parallel_executor.executor.parallel:run_until_complete finished with '0'
[3.351s] DEBUG:colcon.colcon_core.event_reactor:joining thread
[3.354s] INFO:colcon.colcon_core.plugin_system:Skipping extension 'colcon_notification.desktop_notification.terminal_notifier': Not used on non-Darwin systems
[3.354s] INFO:colcon.colcon_core.plugin_system:Skipping extension 'colcon_notification.desktop_notification.win32': Not used on non-Windows systems
[3.354s] INFO:colcon.colcon_notification.desktop_notification:Sending desktop notification using 'notify2'
[3.362s] DEBUG:colcon.colcon_core.event_reactor:joined thread
[3.362s] INFO:colcon.colcon_core.shell:Creating prefix script '/home/pierres/COURS/slamnav/install/local_setup.ps1'
[3.363s] INFO:colcon.colcon_core.shell:Creating prefix util module '/home/pierres/COURS/slamnav/install/_local_setup_util_ps1.py'
[3.364s] INFO:colcon.colcon_core.shell:Creating prefix chain script '/home/pierres/COURS/slamnav/install/setup.ps1'
[3.364s] INFO:colcon.colcon_core.shell:Creating prefix script '/home/pierres/COURS/slamnav/install/local_setup.sh'
[3.365s] INFO:colcon.colcon_core.shell:Creating prefix util module '/home/pierres/COURS/slamnav/install/_local_setup_util_sh.py'
[3.365s] INFO:colcon.colcon_core.shell:Creating prefix chain script '/home/pierres/COURS/slamnav/install/setup.sh'
[3.366s] INFO:colcon.colcon_core.shell:Creating prefix script '/home/pierres/COURS/slamnav/install/local_setup.bash'
[3.366s] INFO:colcon.colcon_core.shell:Creating prefix chain script '/home/pierres/COURS/slamnav/install/setup.bash'
[3.367s] INFO:colcon.colcon_core.shell:Creating prefix script '/home/pierres/COURS/slamnav/install/local_setup.zsh'
[3.367s] INFO:colcon.colcon_core.shell:Creating prefix chain script '/home/pierres/COURS/slamnav/install/setup.zsh'
