[0.026s] Invoking command in '/home/pierres/COURS/slamnav/build/nav2_costmap_2d': CMAKE_PREFIX_PATH=/home/pierres/COURS/slamnav/install/nav2_map_server:/home/pierres/COURS/slamnav/install/nav2_lifecycle_manager:/home/pierres/COURS/slamnav/install/nav2_util:/home/pierres/COURS/slamnav/install/nav2_voxel_grid:/home/pierres/COURS/slamnav/install/nav2_msgs:/home/pierres/COURS/slamnav/install/nav2_common:/home/pierres/COURS/slamnav/install/nav2_system_tests:/home/pierres/COURS/slamnav/install/nav2_bringup:/home/pierres/COURS/slamnav/install/navigation2:/home/pierres/COURS/slamnav/install/nav2_smoother:/home/pierres/COURS/slamnav/install/nav2_graceful_controller:/home/pierres/COURS/slamnav/install/nav2_dwb_controller:/home/pierres/COURS/slamnav/install/nav2_controller:/home/pierres/COURS/slamnav/install/dwb_plugins:/home/pierres/COURS/slamnav/install/dwb_critics:/home/pierres/COURS/slamnav/install/dwb_core:/home/pierres/COURS/slamnav/install/nav_2d_utils:/home/pierres/COURS/slamnav/install/dwb_msgs:/home/pierres/COURS/slamnav/install/nav_2d_msgs:/home/pierres/COURS/slamnav/install/nav2_waypoint_follower:/home/pierres/COURS/slamnav/install/nav2_theta_star_planner:/home/pierres/COURS/slamnav/install/nav2_smac_planner:/home/pierres/COURS/slamnav/install/nav2_rotation_shim_controller:/home/pierres/COURS/slamnav/install/nav2_regulated_pure_pursuit_controller:/home/pierres/COURS/slamnav/install/nav2_planner:/home/pierres/COURS/slamnav/install/nav2_navfn_planner:/home/pierres/COURS/slamnav/install/nav2_mppi_controller:/home/pierres/COURS/slamnav/install/nav2_constrained_smoother:/home/pierres/COURS/slamnav/install/nav2_bt_navigator:/home/pierres/COURS/slamnav/install/nav2_behaviors:/home/pierres/COURS/slamnav/install/nav2_core:/home/pierres/COURS/slamnav/install/nav2_collision_monitor:/home/pierres/COURS/slamnav/install/costmap_queue:/home/pierres/COURS/slamnav/install/nav2_costmap_2d:/home/pierres/COURS/slamnav/install/nav2_velocity_smoother:/home/pierres/COURS/slamnav/install/nav2_rviz_plugins:/home/pierres/COURS/slamnav/install/nav2_behavior_tree:/home/pierres/COURS/slamnav/install/nav2_amcl:/home/pierres/COURS/slamnav/install/slam_toolbox:/home/pierres/COURS/slamnav/install/nav2_simple_commander:/opt/ros/humble:/home/pierres/COURS/slamnav/install/slamnav_turtlebot LD_LIBRARY_PATH=/home/pierres/COURS/slamnav/install/nav2_map_server/lib:/home/pierres/COURS/slamnav/install/nav2_lifecycle_manager/lib:/home/pierres/COURS/slamnav/install/nav2_util/lib:/home/pierres/COURS/slamnav/install/nav2_voxel_grid/lib:/home/pierres/COURS/slamnav/install/nav2_msgs/lib:/home/pierres/COURS/slamnav/install/nav2_smoother/lib:/home/pierres/COURS/slamnav/install/nav2_graceful_controller/lib:/home/pierres/COURS/slamnav/install/nav2_controller/lib:/home/pierres/COURS/slamnav/install/dwb_plugins/lib:/home/pierres/COURS/slamnav/install/dwb_critics/lib:/home/pierres/COURS/slamnav/install/dwb_core/lib:/home/pierres/COURS/slamnav/install/nav_2d_utils/lib:/home/pierres/COURS/slamnav/install/dwb_msgs/lib:/home/pierres/COURS/slamnav/install/nav_2d_msgs/lib:/home/pierres/COURS/slamnav/install/nav2_waypoint_follower/lib:/home/pierres/COURS/slamnav/install/nav2_theta_star_planner/lib:/home/pierres/COURS/slamnav/install/nav2_smac_planner/lib:/home/pierres/COURS/slamnav/install/nav2_rotation_shim_controller/lib:/home/pierres/COURS/slamnav/install/nav2_regulated_pure_pursuit_controller/lib:/home/pierres/COURS/slamnav/install/nav2_planner/lib:/home/pierres/COURS/slamnav/install/nav2_navfn_planner/lib:/home/pierres/COURS/slamnav/install/nav2_mppi_controller/lib:/home/pierres/COURS/slamnav/install/nav2_constrained_smoother/lib:/home/pierres/COURS/slamnav/install/nav2_bt_navigator/lib:/home/pierres/COURS/slamnav/install/nav2_behaviors/lib:/home/pierres/COURS/slamnav/install/nav2_collision_monitor/lib:/home/pierres/COURS/slamnav/install/costmap_queue/lib:/home/pierres/COURS/slamnav/install/nav2_costmap_2d/lib:/home/pierres/COURS/slamnav/install/nav2_velocity_smoother/lib:/home/pierres/COURS/slamnav/install/nav2_rviz_plugins/lib:/home/pierres/COURS/slamnav/install/nav2_behavior_tree/lib:/home/pierres/COURS/slamnav/install/nav2_amcl/lib:/usr/lib/x86_64-linux-gnu/gazebo-11/plugins:/home/pierres/COURS/slamnav/install/slam_toolbox/lib:/opt/ros/humble/opt/rviz_ogre_vendor/lib:/opt/ros/humble/lib/x86_64-linux-gnu:/opt/ros/humble/lib /usr/bin/cmake --build /home/pierres/COURS/slamnav/build/nav2_costmap_2d -- -j16 -l16
[0.097s] [  2%] Built target gtest_main
[0.104s] [  4%] Built target gtest
[0.125s] [ 21%] Built target nav2_costmap_2d_core
[0.176s] [ 24%] Built target nav2_costmap_2d_markers
[0.176s] [ 29%] Built target filters
[0.176s] [ 31%] Built target costmap_convesion_test
[0.176s] [ 36%] Built target nav2_costmap_2d_client
[0.178s] [ 39%] Built target nav2_costmap_2d_cloud
[0.180s] [ 41%] Built target array_parser_test
[0.182s] [ 43%] Built target copy_window_test
[0.189s] [ 53%] Built target layers
[0.189s] [ 56%] Built target collision_footprint_test
[0.190s] [ 58%] Built target declare_parameter_test
[0.190s] [ 60%] Built target order_layer
[0.192s] [ 63%] Built target costmap_bresenham_2d
[0.195s] [ 65%] Built target dyn_params_tests
[0.197s] [ 68%] Built target costmap_filter_service_test
[0.199s] [ 70%] Built target costmap_filter_test
[0.201s] [ 73%] Built target plugin_api_order
[0.219s] [ 75%] Built target keepout_filter_test
[0.225s] [ 78%] Built target speed_filter_test
[0.225s] [ 80%] Built target binary_filter_test
[0.230s] [ 82%] Built target test_collision_checker_exec
[0.232s] [ 85%] Built target footprint_tests_exec
[0.237s] [ 87%] Built target inflation_tests_exec
[0.237s] [ 90%] Built target range_tests_exec
[0.239s] [ 92%] Built target nav2_costmap_2d
[0.241s] [ 97%] Built target denoise_layer_test
[0.248s] [100%] Built target obstacle_tests_exec
[0.277s] Invoked command in '/home/pierres/COURS/slamnav/build/nav2_costmap_2d' returned '0': CMAKE_PREFIX_PATH=/home/pierres/COURS/slamnav/install/nav2_map_server:/home/pierres/COURS/slamnav/install/nav2_lifecycle_manager:/home/pierres/COURS/slamnav/install/nav2_util:/home/pierres/COURS/slamnav/install/nav2_voxel_grid:/home/pierres/COURS/slamnav/install/nav2_msgs:/home/pierres/COURS/slamnav/install/nav2_common:/home/pierres/COURS/slamnav/install/nav2_system_tests:/home/pierres/COURS/slamnav/install/nav2_bringup:/home/pierres/COURS/slamnav/install/navigation2:/home/pierres/COURS/slamnav/install/nav2_smoother:/home/pierres/COURS/slamnav/install/nav2_graceful_controller:/home/pierres/COURS/slamnav/install/nav2_dwb_controller:/home/pierres/COURS/slamnav/install/nav2_controller:/home/pierres/COURS/slamnav/install/dwb_plugins:/home/pierres/COURS/slamnav/install/dwb_critics:/home/pierres/COURS/slamnav/install/dwb_core:/home/pierres/COURS/slamnav/install/nav_2d_utils:/home/pierres/COURS/slamnav/install/dwb_msgs:/home/pierres/COURS/slamnav/install/nav_2d_msgs:/home/pierres/COURS/slamnav/install/nav2_waypoint_follower:/home/pierres/COURS/slamnav/install/nav2_theta_star_planner:/home/pierres/COURS/slamnav/install/nav2_smac_planner:/home/pierres/COURS/slamnav/install/nav2_rotation_shim_controller:/home/pierres/COURS/slamnav/install/nav2_regulated_pure_pursuit_controller:/home/pierres/COURS/slamnav/install/nav2_planner:/home/pierres/COURS/slamnav/install/nav2_navfn_planner:/home/pierres/COURS/slamnav/install/nav2_mppi_controller:/home/pierres/COURS/slamnav/install/nav2_constrained_smoother:/home/pierres/COURS/slamnav/install/nav2_bt_navigator:/home/pierres/COURS/slamnav/install/nav2_behaviors:/home/pierres/COURS/slamnav/install/nav2_core:/home/pierres/COURS/slamnav/install/nav2_collision_monitor:/home/pierres/COURS/slamnav/install/costmap_queue:/home/pierres/COURS/slamnav/install/nav2_costmap_2d:/home/pierres/COURS/slamnav/install/nav2_velocity_smoother:/home/pierres/COURS/slamnav/install/nav2_rviz_plugins:/home/pierres/COURS/slamnav/install/nav2_behavior_tree:/home/pierres/COURS/slamnav/install/nav2_amcl:/home/pierres/COURS/slamnav/install/slam_toolbox:/home/pierres/COURS/slamnav/install/nav2_simple_commander:/opt/ros/humble:/home/pierres/COURS/slamnav/install/slamnav_turtlebot LD_LIBRARY_PATH=/home/pierres/COURS/slamnav/install/nav2_map_server/lib:/home/pierres/COURS/slamnav/install/nav2_lifecycle_manager/lib:/home/pierres/COURS/slamnav/install/nav2_util/lib:/home/pierres/COURS/slamnav/install/nav2_voxel_grid/lib:/home/pierres/COURS/slamnav/install/nav2_msgs/lib:/home/pierres/COURS/slamnav/install/nav2_smoother/lib:/home/pierres/COURS/slamnav/install/nav2_graceful_controller/lib:/home/pierres/COURS/slamnav/install/nav2_controller/lib:/home/pierres/COURS/slamnav/install/dwb_plugins/lib:/home/pierres/COURS/slamnav/install/dwb_critics/lib:/home/pierres/COURS/slamnav/install/dwb_core/lib:/home/pierres/COURS/slamnav/install/nav_2d_utils/lib:/home/pierres/COURS/slamnav/install/dwb_msgs/lib:/home/pierres/COURS/slamnav/install/nav_2d_msgs/lib:/home/pierres/COURS/slamnav/install/nav2_waypoint_follower/lib:/home/pierres/COURS/slamnav/install/nav2_theta_star_planner/lib:/home/pierres/COURS/slamnav/install/nav2_smac_planner/lib:/home/pierres/COURS/slamnav/install/nav2_rotation_shim_controller/lib:/home/pierres/COURS/slamnav/install/nav2_regulated_pure_pursuit_controller/lib:/home/pierres/COURS/slamnav/install/nav2_planner/lib:/home/pierres/COURS/slamnav/install/nav2_navfn_planner/lib:/home/pierres/COURS/slamnav/install/nav2_mppi_controller/lib:/home/pierres/COURS/slamnav/install/nav2_constrained_smoother/lib:/home/pierres/COURS/slamnav/install/nav2_bt_navigator/lib:/home/pierres/COURS/slamnav/install/nav2_behaviors/lib:/home/pierres/COURS/slamnav/install/nav2_collision_monitor/lib:/home/pierres/COURS/slamnav/install/costmap_queue/lib:/home/pierres/COURS/slamnav/install/nav2_costmap_2d/lib:/home/pierres/COURS/slamnav/install/nav2_velocity_smoother/lib:/home/pierres/COURS/slamnav/install/nav2_rviz_plugins/lib:/home/pierres/COURS/slamnav/install/nav2_behavior_tree/lib:/home/pierres/COURS/slamnav/install/nav2_amcl/lib:/usr/lib/x86_64-linux-gnu/gazebo-11/plugins:/home/pierres/COURS/slamnav/install/slam_toolbox/lib:/opt/ros/humble/opt/rviz_ogre_vendor/lib:/opt/ros/humble/lib/x86_64-linux-gnu:/opt/ros/humble/lib /usr/bin/cmake --build /home/pierres/COURS/slamnav/build/nav2_costmap_2d -- -j16 -l16
[0.453s] Invoking command in '/home/pierres/COURS/slamnav/build/nav2_costmap_2d': CMAKE_PREFIX_PATH=/home/pierres/COURS/slamnav/install/nav2_map_server:/home/pierres/COURS/slamnav/install/nav2_lifecycle_manager:/home/pierres/COURS/slamnav/install/nav2_util:/home/pierres/COURS/slamnav/install/nav2_voxel_grid:/home/pierres/COURS/slamnav/install/nav2_msgs:/home/pierres/COURS/slamnav/install/nav2_common:/home/pierres/COURS/slamnav/install/nav2_system_tests:/home/pierres/COURS/slamnav/install/nav2_bringup:/home/pierres/COURS/slamnav/install/navigation2:/home/pierres/COURS/slamnav/install/nav2_smoother:/home/pierres/COURS/slamnav/install/nav2_graceful_controller:/home/pierres/COURS/slamnav/install/nav2_dwb_controller:/home/pierres/COURS/slamnav/install/nav2_controller:/home/pierres/COURS/slamnav/install/dwb_plugins:/home/pierres/COURS/slamnav/install/dwb_critics:/home/pierres/COURS/slamnav/install/dwb_core:/home/pierres/COURS/slamnav/install/nav_2d_utils:/home/pierres/COURS/slamnav/install/dwb_msgs:/home/pierres/COURS/slamnav/install/nav_2d_msgs:/home/pierres/COURS/slamnav/install/nav2_waypoint_follower:/home/pierres/COURS/slamnav/install/nav2_theta_star_planner:/home/pierres/COURS/slamnav/install/nav2_smac_planner:/home/pierres/COURS/slamnav/install/nav2_rotation_shim_controller:/home/pierres/COURS/slamnav/install/nav2_regulated_pure_pursuit_controller:/home/pierres/COURS/slamnav/install/nav2_planner:/home/pierres/COURS/slamnav/install/nav2_navfn_planner:/home/pierres/COURS/slamnav/install/nav2_mppi_controller:/home/pierres/COURS/slamnav/install/nav2_constrained_smoother:/home/pierres/COURS/slamnav/install/nav2_bt_navigator:/home/pierres/COURS/slamnav/install/nav2_behaviors:/home/pierres/COURS/slamnav/install/nav2_core:/home/pierres/COURS/slamnav/install/nav2_collision_monitor:/home/pierres/COURS/slamnav/install/costmap_queue:/home/pierres/COURS/slamnav/install/nav2_costmap_2d:/home/pierres/COURS/slamnav/install/nav2_velocity_smoother:/home/pierres/COURS/slamnav/install/nav2_rviz_plugins:/home/pierres/COURS/slamnav/install/nav2_behavior_tree:/home/pierres/COURS/slamnav/install/nav2_amcl:/home/pierres/COURS/slamnav/install/slam_toolbox:/home/pierres/COURS/slamnav/install/nav2_simple_commander:/opt/ros/humble:/home/pierres/COURS/slamnav/install/slamnav_turtlebot LD_LIBRARY_PATH=/home/pierres/COURS/slamnav/install/nav2_map_server/lib:/home/pierres/COURS/slamnav/install/nav2_lifecycle_manager/lib:/home/pierres/COURS/slamnav/install/nav2_util/lib:/home/pierres/COURS/slamnav/install/nav2_voxel_grid/lib:/home/pierres/COURS/slamnav/install/nav2_msgs/lib:/home/pierres/COURS/slamnav/install/nav2_smoother/lib:/home/pierres/COURS/slamnav/install/nav2_graceful_controller/lib:/home/pierres/COURS/slamnav/install/nav2_controller/lib:/home/pierres/COURS/slamnav/install/dwb_plugins/lib:/home/pierres/COURS/slamnav/install/dwb_critics/lib:/home/pierres/COURS/slamnav/install/dwb_core/lib:/home/pierres/COURS/slamnav/install/nav_2d_utils/lib:/home/pierres/COURS/slamnav/install/dwb_msgs/lib:/home/pierres/COURS/slamnav/install/nav_2d_msgs/lib:/home/pierres/COURS/slamnav/install/nav2_waypoint_follower/lib:/home/pierres/COURS/slamnav/install/nav2_theta_star_planner/lib:/home/pierres/COURS/slamnav/install/nav2_smac_planner/lib:/home/pierres/COURS/slamnav/install/nav2_rotation_shim_controller/lib:/home/pierres/COURS/slamnav/install/nav2_regulated_pure_pursuit_controller/lib:/home/pierres/COURS/slamnav/install/nav2_planner/lib:/home/pierres/COURS/slamnav/install/nav2_navfn_planner/lib:/home/pierres/COURS/slamnav/install/nav2_mppi_controller/lib:/home/pierres/COURS/slamnav/install/nav2_constrained_smoother/lib:/home/pierres/COURS/slamnav/install/nav2_bt_navigator/lib:/home/pierres/COURS/slamnav/install/nav2_behaviors/lib:/home/pierres/COURS/slamnav/install/nav2_collision_monitor/lib:/home/pierres/COURS/slamnav/install/costmap_queue/lib:/home/pierres/COURS/slamnav/install/nav2_costmap_2d/lib:/home/pierres/COURS/slamnav/install/nav2_velocity_smoother/lib:/home/pierres/COURS/slamnav/install/nav2_rviz_plugins/lib:/home/pierres/COURS/slamnav/install/nav2_behavior_tree/lib:/home/pierres/COURS/slamnav/install/nav2_amcl/lib:/usr/lib/x86_64-linux-gnu/gazebo-11/plugins:/home/pierres/COURS/slamnav/install/slam_toolbox/lib:/opt/ros/humble/opt/rviz_ogre_vendor/lib:/opt/ros/humble/lib/x86_64-linux-gnu:/opt/ros/humble/lib /usr/bin/cmake --install /home/pierres/COURS/slamnav/build/nav2_costmap_2d
[0.460s] -- Install configuration: "Humble"
[0.460s] -- Execute custom install script
[0.460s] -- Up-to-date symlink: /home/pierres/COURS/slamnav/install/nav2_costmap_2d/lib/nav2_costmap_2d/nav2_costmap_2d_markers
[0.460s] -- Up-to-date symlink: /home/pierres/COURS/slamnav/install/nav2_costmap_2d/lib/nav2_costmap_2d/nav2_costmap_2d_cloud
[0.461s] -- Up-to-date symlink: /home/pierres/COURS/slamnav/install/nav2_costmap_2d/lib/nav2_costmap_2d/nav2_costmap_2d
[0.461s] -- Up-to-date symlink: /home/pierres/COURS/slamnav/install/nav2_costmap_2d/share/nav2_costmap_2d/costmap_plugins.xml
[0.461s] -- Up-to-date symlink: /home/pierres/COURS/slamnav/install/nav2_costmap_2d/include/nav2_costmap_2d/nav2_costmap_2d/array_parser.hpp
[0.461s] -- Up-to-date symlink: /home/pierres/COURS/slamnav/install/nav2_costmap_2d/include/nav2_costmap_2d/nav2_costmap_2d/clear_costmap_service.hpp
[0.461s] -- Up-to-date symlink: /home/pierres/COURS/slamnav/install/nav2_costmap_2d/include/nav2_costmap_2d/nav2_costmap_2d/cost_values.hpp
[0.461s] -- Up-to-date symlink: /home/pierres/COURS/slamnav/install/nav2_costmap_2d/include/nav2_costmap_2d/nav2_costmap_2d/costmap_2d.hpp
[0.461s] -- Up-to-date symlink: /home/pierres/COURS/slamnav/install/nav2_costmap_2d/include/nav2_costmap_2d/nav2_costmap_2d/costmap_2d_publisher.hpp
[0.461s] -- Up-to-date symlink: /home/pierres/COURS/slamnav/install/nav2_costmap_2d/include/nav2_costmap_2d/nav2_costmap_2d/costmap_2d_ros.hpp
[0.461s] -- Up-to-date symlink: /home/pierres/COURS/slamnav/install/nav2_costmap_2d/include/nav2_costmap_2d/nav2_costmap_2d/costmap_filters/binary_filter.hpp
[0.461s] -- Up-to-date symlink: /home/pierres/COURS/slamnav/install/nav2_costmap_2d/include/nav2_costmap_2d/nav2_costmap_2d/costmap_filters/costmap_filter.hpp
[0.461s] -- Up-to-date symlink: /home/pierres/COURS/slamnav/install/nav2_costmap_2d/include/nav2_costmap_2d/nav2_costmap_2d/costmap_filters/filter_values.hpp
[0.461s] -- Up-to-date symlink: /home/pierres/COURS/slamnav/install/nav2_costmap_2d/include/nav2_costmap_2d/nav2_costmap_2d/costmap_filters/keepout_filter.hpp
[0.462s] -- Up-to-date symlink: /home/pierres/COURS/slamnav/install/nav2_costmap_2d/include/nav2_costmap_2d/nav2_costmap_2d/costmap_filters/speed_filter.hpp
[0.462s] -- Up-to-date symlink: /home/pierres/COURS/slamnav/install/nav2_costmap_2d/include/nav2_costmap_2d/nav2_costmap_2d/costmap_layer.hpp
[0.462s] -- Up-to-date symlink: /home/pierres/COURS/slamnav/install/nav2_costmap_2d/include/nav2_costmap_2d/nav2_costmap_2d/costmap_math.hpp
[0.462s] -- Up-to-date symlink: /home/pierres/COURS/slamnav/install/nav2_costmap_2d/include/nav2_costmap_2d/nav2_costmap_2d/costmap_subscriber.hpp
[0.462s] -- Up-to-date symlink: /home/pierres/COURS/slamnav/install/nav2_costmap_2d/include/nav2_costmap_2d/nav2_costmap_2d/costmap_topic_collision_checker.hpp
[0.462s] -- Up-to-date symlink: /home/pierres/COURS/slamnav/install/nav2_costmap_2d/include/nav2_costmap_2d/nav2_costmap_2d/denoise/image.hpp
[0.462s] -- Up-to-date symlink: /home/pierres/COURS/slamnav/install/nav2_costmap_2d/include/nav2_costmap_2d/nav2_costmap_2d/denoise/image_processing.hpp
[0.463s] -- Up-to-date symlink: /home/pierres/COURS/slamnav/install/nav2_costmap_2d/include/nav2_costmap_2d/nav2_costmap_2d/denoise_layer.hpp
[0.463s] -- Up-to-date symlink: /home/pierres/COURS/slamnav/install/nav2_costmap_2d/include/nav2_costmap_2d/nav2_costmap_2d/exceptions.hpp
[0.463s] -- Up-to-date symlink: /home/pierres/COURS/slamnav/install/nav2_costmap_2d/include/nav2_costmap_2d/nav2_costmap_2d/footprint.hpp
[0.463s] -- Up-to-date symlink: /home/pierres/COURS/slamnav/install/nav2_costmap_2d/include/nav2_costmap_2d/nav2_costmap_2d/footprint_collision_checker.hpp
[0.463s] -- Up-to-date symlink: /home/pierres/COURS/slamnav/install/nav2_costmap_2d/include/nav2_costmap_2d/nav2_costmap_2d/footprint_subscriber.hpp
[0.463s] -- Up-to-date symlink: /home/pierres/COURS/slamnav/install/nav2_costmap_2d/include/nav2_costmap_2d/nav2_costmap_2d/inflation_layer.hpp
[0.463s] -- Up-to-date symlink: /home/pierres/COURS/slamnav/install/nav2_costmap_2d/include/nav2_costmap_2d/nav2_costmap_2d/layer.hpp
[0.463s] -- Up-to-date symlink: /home/pierres/COURS/slamnav/install/nav2_costmap_2d/include/nav2_costmap_2d/nav2_costmap_2d/layered_costmap.hpp
[0.463s] -- Up-to-date symlink: /home/pierres/COURS/slamnav/install/nav2_costmap_2d/include/nav2_costmap_2d/nav2_costmap_2d/observation.hpp
[0.463s] -- Up-to-date symlink: /home/pierres/COURS/slamnav/install/nav2_costmap_2d/include/nav2_costmap_2d/nav2_costmap_2d/observation_buffer.hpp
[0.464s] -- Up-to-date symlink: /home/pierres/COURS/slamnav/install/nav2_costmap_2d/include/nav2_costmap_2d/nav2_costmap_2d/obstacle_layer.hpp
[0.464s] -- Up-to-date symlink: /home/pierres/COURS/slamnav/install/nav2_costmap_2d/include/nav2_costmap_2d/nav2_costmap_2d/range_sensor_layer.hpp
[0.464s] -- Up-to-date symlink: /home/pierres/COURS/slamnav/install/nav2_costmap_2d/include/nav2_costmap_2d/nav2_costmap_2d/static_layer.hpp
[0.464s] -- Up-to-date symlink: /home/pierres/COURS/slamnav/install/nav2_costmap_2d/include/nav2_costmap_2d/nav2_costmap_2d/voxel_layer.hpp
[0.464s] -- Up-to-date symlink: /home/pierres/COURS/slamnav/install/nav2_costmap_2d/lib/liborder_layer.so
[0.464s] -- Up-to-date symlink: /home/pierres/COURS/slamnav/install/nav2_costmap_2d/share/nav2_costmap_2d/test/regression/order_layer.xml
[0.464s] -- Up-to-date symlink: /home/pierres/COURS/slamnav/install/nav2_costmap_2d/share/nav2_costmap_2d/environment/library_path.sh
[0.464s] -- Up-to-date symlink: /home/pierres/COURS/slamnav/install/nav2_costmap_2d/share/nav2_costmap_2d/environment/library_path.dsv
[0.464s] -- Up-to-date symlink: /home/pierres/COURS/slamnav/install/nav2_costmap_2d/share/nav2_costmap_2d//costmap_plugins.xml
[0.464s] -- Up-to-date symlink: /home/pierres/COURS/slamnav/install/nav2_costmap_2d/share/ament_index/resource_index/package_run_dependencies/nav2_costmap_2d
[0.465s] -- Up-to-date symlink: /home/pierres/COURS/slamnav/install/nav2_costmap_2d/share/ament_index/resource_index/parent_prefix_path/nav2_costmap_2d
[0.465s] -- Up-to-date symlink: /home/pierres/COURS/slamnav/install/nav2_costmap_2d/share/nav2_costmap_2d/environment/ament_prefix_path.sh
[0.465s] -- Up-to-date symlink: /home/pierres/COURS/slamnav/install/nav2_costmap_2d/share/nav2_costmap_2d/environment/ament_prefix_path.dsv
[0.465s] -- Up-to-date symlink: /home/pierres/COURS/slamnav/install/nav2_costmap_2d/share/nav2_costmap_2d/environment/path.sh
[0.465s] -- Up-to-date symlink: /home/pierres/COURS/slamnav/install/nav2_costmap_2d/share/nav2_costmap_2d/environment/path.dsv
[0.465s] -- Up-to-date symlink: /home/pierres/COURS/slamnav/install/nav2_costmap_2d/share/nav2_costmap_2d/local_setup.bash
[0.465s] -- Up-to-date symlink: /home/pierres/COURS/slamnav/install/nav2_costmap_2d/share/nav2_costmap_2d/local_setup.sh
[0.465s] -- Up-to-date symlink: /home/pierres/COURS/slamnav/install/nav2_costmap_2d/share/nav2_costmap_2d/local_setup.zsh
[0.465s] -- Up-to-date symlink: /home/pierres/COURS/slamnav/install/nav2_costmap_2d/share/nav2_costmap_2d/local_setup.dsv
[0.465s] -- Symlinking: /home/pierres/COURS/slamnav/install/nav2_costmap_2d/share/nav2_costmap_2d/package.dsv
[0.476s] -- Up-to-date symlink: /home/pierres/COURS/slamnav/install/nav2_costmap_2d/share/ament_index/resource_index/packages/nav2_costmap_2d
[0.477s] -- Up-to-date symlink: /home/pierres/COURS/slamnav/install/nav2_costmap_2d/share/ament_index/resource_index/nav2_costmap_2d__pluginlib__plugin/nav2_costmap_2d
[0.477s] -- Up-to-date symlink: /home/pierres/COURS/slamnav/install/nav2_costmap_2d/share/nav2_costmap_2d/cmake/ament_cmake_export_targets-extras.cmake
[0.477s] -- Up-to-date symlink: /home/pierres/COURS/slamnav/install/nav2_costmap_2d/share/nav2_costmap_2d/cmake/ament_cmake_export_dependencies-extras.cmake
[0.477s] -- Up-to-date symlink: /home/pierres/COURS/slamnav/install/nav2_costmap_2d/share/nav2_costmap_2d/cmake/nav2_costmap_2dConfig.cmake
[0.477s] -- Up-to-date symlink: /home/pierres/COURS/slamnav/install/nav2_costmap_2d/share/nav2_costmap_2d/cmake/nav2_costmap_2dConfig-version.cmake
[0.477s] -- Up-to-date symlink: /home/pierres/COURS/slamnav/install/nav2_costmap_2d/share/nav2_costmap_2d/package.xml
[0.477s] -- Up-to-date: /home/pierres/COURS/slamnav/install/nav2_costmap_2d/lib/liblayers.so
[0.477s] -- Up-to-date: /home/pierres/COURS/slamnav/install/nav2_costmap_2d/lib/libfilters.so
[0.477s] -- Up-to-date: /home/pierres/COURS/slamnav/install/nav2_costmap_2d/lib/libnav2_costmap_2d_core.so
[0.478s] -- Up-to-date: /home/pierres/COURS/slamnav/install/nav2_costmap_2d/lib/libnav2_costmap_2d_client.so
[0.478s] -- Up-to-date: /home/pierres/COURS/slamnav/install/nav2_costmap_2d/share/nav2_costmap_2d/cmake/export_nav2_costmap_2dExport.cmake
[0.478s] -- Up-to-date: /home/pierres/COURS/slamnav/install/nav2_costmap_2d/share/nav2_costmap_2d/cmake/export_nav2_costmap_2dExport-humble.cmake
[0.480s] Invoked command in '/home/pierres/COURS/slamnav/build/nav2_costmap_2d' returned '0': CMAKE_PREFIX_PATH=/home/pierres/COURS/slamnav/install/nav2_map_server:/home/pierres/COURS/slamnav/install/nav2_lifecycle_manager:/home/pierres/COURS/slamnav/install/nav2_util:/home/pierres/COURS/slamnav/install/nav2_voxel_grid:/home/pierres/COURS/slamnav/install/nav2_msgs:/home/pierres/COURS/slamnav/install/nav2_common:/home/pierres/COURS/slamnav/install/nav2_system_tests:/home/pierres/COURS/slamnav/install/nav2_bringup:/home/pierres/COURS/slamnav/install/navigation2:/home/pierres/COURS/slamnav/install/nav2_smoother:/home/pierres/COURS/slamnav/install/nav2_graceful_controller:/home/pierres/COURS/slamnav/install/nav2_dwb_controller:/home/pierres/COURS/slamnav/install/nav2_controller:/home/pierres/COURS/slamnav/install/dwb_plugins:/home/pierres/COURS/slamnav/install/dwb_critics:/home/pierres/COURS/slamnav/install/dwb_core:/home/pierres/COURS/slamnav/install/nav_2d_utils:/home/pierres/COURS/slamnav/install/dwb_msgs:/home/pierres/COURS/slamnav/install/nav_2d_msgs:/home/pierres/COURS/slamnav/install/nav2_waypoint_follower:/home/pierres/COURS/slamnav/install/nav2_theta_star_planner:/home/pierres/COURS/slamnav/install/nav2_smac_planner:/home/pierres/COURS/slamnav/install/nav2_rotation_shim_controller:/home/pierres/COURS/slamnav/install/nav2_regulated_pure_pursuit_controller:/home/pierres/COURS/slamnav/install/nav2_planner:/home/pierres/COURS/slamnav/install/nav2_navfn_planner:/home/pierres/COURS/slamnav/install/nav2_mppi_controller:/home/pierres/COURS/slamnav/install/nav2_constrained_smoother:/home/pierres/COURS/slamnav/install/nav2_bt_navigator:/home/pierres/COURS/slamnav/install/nav2_behaviors:/home/pierres/COURS/slamnav/install/nav2_core:/home/pierres/COURS/slamnav/install/nav2_collision_monitor:/home/pierres/COURS/slamnav/install/costmap_queue:/home/pierres/COURS/slamnav/install/nav2_costmap_2d:/home/pierres/COURS/slamnav/install/nav2_velocity_smoother:/home/pierres/COURS/slamnav/install/nav2_rviz_plugins:/home/pierres/COURS/slamnav/install/nav2_behavior_tree:/home/pierres/COURS/slamnav/install/nav2_amcl:/home/pierres/COURS/slamnav/install/slam_toolbox:/home/pierres/COURS/slamnav/install/nav2_simple_commander:/opt/ros/humble:/home/pierres/COURS/slamnav/install/slamnav_turtlebot LD_LIBRARY_PATH=/home/pierres/COURS/slamnav/install/nav2_map_server/lib:/home/pierres/COURS/slamnav/install/nav2_lifecycle_manager/lib:/home/pierres/COURS/slamnav/install/nav2_util/lib:/home/pierres/COURS/slamnav/install/nav2_voxel_grid/lib:/home/pierres/COURS/slamnav/install/nav2_msgs/lib:/home/pierres/COURS/slamnav/install/nav2_smoother/lib:/home/pierres/COURS/slamnav/install/nav2_graceful_controller/lib:/home/pierres/COURS/slamnav/install/nav2_controller/lib:/home/pierres/COURS/slamnav/install/dwb_plugins/lib:/home/pierres/COURS/slamnav/install/dwb_critics/lib:/home/pierres/COURS/slamnav/install/dwb_core/lib:/home/pierres/COURS/slamnav/install/nav_2d_utils/lib:/home/pierres/COURS/slamnav/install/dwb_msgs/lib:/home/pierres/COURS/slamnav/install/nav_2d_msgs/lib:/home/pierres/COURS/slamnav/install/nav2_waypoint_follower/lib:/home/pierres/COURS/slamnav/install/nav2_theta_star_planner/lib:/home/pierres/COURS/slamnav/install/nav2_smac_planner/lib:/home/pierres/COURS/slamnav/install/nav2_rotation_shim_controller/lib:/home/pierres/COURS/slamnav/install/nav2_regulated_pure_pursuit_controller/lib:/home/pierres/COURS/slamnav/install/nav2_planner/lib:/home/pierres/COURS/slamnav/install/nav2_navfn_planner/lib:/home/pierres/COURS/slamnav/install/nav2_mppi_controller/lib:/home/pierres/COURS/slamnav/install/nav2_constrained_smoother/lib:/home/pierres/COURS/slamnav/install/nav2_bt_navigator/lib:/home/pierres/COURS/slamnav/install/nav2_behaviors/lib:/home/pierres/COURS/slamnav/install/nav2_collision_monitor/lib:/home/pierres/COURS/slamnav/install/costmap_queue/lib:/home/pierres/COURS/slamnav/install/nav2_costmap_2d/lib:/home/pierres/COURS/slamnav/install/nav2_velocity_smoother/lib:/home/pierres/COURS/slamnav/install/nav2_rviz_plugins/lib:/home/pierres/COURS/slamnav/install/nav2_behavior_tree/lib:/home/pierres/COURS/slamnav/install/nav2_amcl/lib:/usr/lib/x86_64-linux-gnu/gazebo-11/plugins:/home/pierres/COURS/slamnav/install/slam_toolbox/lib:/opt/ros/humble/opt/rviz_ogre_vendor/lib:/opt/ros/humble/lib/x86_64-linux-gnu:/opt/ros/humble/lib /usr/bin/cmake --install /home/pierres/COURS/slamnav/build/nav2_costmap_2d
