[0.006s] Invoking command in '/home/pierres/COURS/slamnav/build/nav2_voxel_grid': AMENT_PREFIX_PATH=/home/pierres/COURS/slamnav/install/nav2_common:${AMENT_PREFIX_PATH} CMAKE_PREFIX_PATH=/home/pierres/COURS/slamnav/install/nav2_common:/home/pierres/COURS/slamnav/install/slam_toolbox:/opt/ros/humble:/home/pierres/COURS/slamnav/install/slamnav_turtlebot PYTHONPATH=/home/pierres/COURS/slamnav/install/nav2_common/local/lib/python3.10/dist-packages:${PYTHONPATH} /usr/bin/cmake /home/pierres/COURS/slamnav/src/navigation2/nav2_voxel_grid -DCMAKE_INSTALL_PREFIX=/home/pierres/COURS/slamnav/install/nav2_voxel_grid
[0.016s] -- Found ament_cmake: 1.3.10 (/opt/ros/humble/share/ament_cmake/cmake)
[0.112s] -- Override CMake install command with custom implementation using symlinks instead of copying resources
[0.116s] -- Found nav2_common: 1.1.16 (/home/pierres/COURS/slamnav/install/nav2_common/share/nav2_common/cmake)
[0.117s] -- Found rclcpp: 16.0.10 (/opt/ros/humble/share/rclcpp/cmake)
[0.136s] -- Found rosidl_generator_c: 3.1.5 (/opt/ros/humble/share/rosidl_generator_c/cmake)
[0.137s] -- Found rosidl_adapter: 3.1.5 (/opt/ros/humble/share/rosidl_adapter/cmake)
[0.141s] -- Found rosidl_generator_cpp: 3.1.5 (/opt/ros/humble/share/rosidl_generator_cpp/cmake)
[0.147s] -- Using all available rosidl_typesupport_c: rosidl_typesupport_fastrtps_c;rosidl_typesupport_introspection_c
[0.155s] -- Using all available rosidl_typesupport_cpp: rosidl_typesupport_fastrtps_cpp;rosidl_typesupport_introspection_cpp
[0.176s] -- Found rmw_implementation_cmake: 6.1.2 (/opt/ros/humble/share/rmw_implementation_cmake/cmake)
[0.177s] -- Found rmw_cyclonedds_cpp: 1.3.4 (/opt/ros/humble/share/rmw_cyclonedds_cpp/cmake)
[0.188s] -- Using RMW implementation 'rmw_cyclonedds_cpp' as default
[0.220s] -- Found ament_lint_auto: 0.12.11 (/opt/ros/humble/share/ament_lint_auto/cmake)
[0.273s] -- Found gtest sources under '/opt/ros/humble/src/gtest_vendor': C++ tests using 'Google Test' will be built
[0.279s] -- Added test 'cppcheck' to perform static code analysis on C / C++ code
[0.279s] -- Configured cppcheck include dirs: /home/pierres/COURS/slamnav/src/navigation2/nav2_voxel_grid/include
[0.280s] -- Configured cppcheck exclude dirs and/or files: 
[0.280s] -- Added test 'cpplint' to check C / C++ code against the Google style
[0.280s] -- Configured cpplint exclude dirs and/or files: 
[0.280s] -- Added test 'lint_cmake' to check CMake code style
[0.281s] -- Added test 'uncrustify' to check C / C++ code style
[0.281s] -- Configured uncrustify additional arguments: 
[0.281s] -- Added test 'xmllint' to check XML markup files
[0.282s] -- Configuring done
[0.294s] -- Generating done
[0.295s] -- Build files have been written to: /home/pierres/COURS/slamnav/build/nav2_voxel_grid
[0.301s] Invoked command in '/home/pierres/COURS/slamnav/build/nav2_voxel_grid' returned '0': AMENT_PREFIX_PATH=/home/pierres/COURS/slamnav/install/nav2_common:${AMENT_PREFIX_PATH} CMAKE_PREFIX_PATH=/home/pierres/COURS/slamnav/install/nav2_common:/home/pierres/COURS/slamnav/install/slam_toolbox:/opt/ros/humble:/home/pierres/COURS/slamnav/install/slamnav_turtlebot PYTHONPATH=/home/pierres/COURS/slamnav/install/nav2_common/local/lib/python3.10/dist-packages:${PYTHONPATH} /usr/bin/cmake /home/pierres/COURS/slamnav/src/navigation2/nav2_voxel_grid -DCMAKE_INSTALL_PREFIX=/home/pierres/COURS/slamnav/install/nav2_voxel_grid
[0.302s] Invoking command in '/home/pierres/COURS/slamnav/build/nav2_voxel_grid': AMENT_PREFIX_PATH=/home/pierres/COURS/slamnav/install/nav2_common:${AMENT_PREFIX_PATH} CMAKE_PREFIX_PATH=/home/pierres/COURS/slamnav/install/nav2_common:/home/pierres/COURS/slamnav/install/slam_toolbox:/opt/ros/humble:/home/pierres/COURS/slamnav/install/slamnav_turtlebot PYTHONPATH=/home/pierres/COURS/slamnav/install/nav2_common/local/lib/python3.10/dist-packages:${PYTHONPATH} /usr/bin/cmake --build /home/pierres/COURS/slamnav/build/nav2_voxel_grid -- -j16 -l16
[0.338s] [35m[1mConsolidate compiler generated dependencies of target gtest[0m
[0.338s] [35m[1mConsolidate compiler generated dependencies of target voxel_grid[0m
[0.341s] [35m[1mConsolidate compiler generated dependencies of target gtest_main[0m
[0.350s] [ 20%] Built target gtest_main
[0.350s] [ 40%] Built target voxel_grid
[0.351s] [ 60%] Built target gtest
[0.361s] [35m[1mConsolidate compiler generated dependencies of target voxel_grid_tests[0m
[0.362s] [35m[1mConsolidate compiler generated dependencies of target voxel_grid_bresenham_3d[0m
[0.375s] [ 80%] Built target voxel_grid_tests
[0.375s] [100%] Built target voxel_grid_bresenham_3d
[0.386s] Invoked command in '/home/pierres/COURS/slamnav/build/nav2_voxel_grid' returned '0': AMENT_PREFIX_PATH=/home/pierres/COURS/slamnav/install/nav2_common:${AMENT_PREFIX_PATH} CMAKE_PREFIX_PATH=/home/pierres/COURS/slamnav/install/nav2_common:/home/pierres/COURS/slamnav/install/slam_toolbox:/opt/ros/humble:/home/pierres/COURS/slamnav/install/slamnav_turtlebot PYTHONPATH=/home/pierres/COURS/slamnav/install/nav2_common/local/lib/python3.10/dist-packages:${PYTHONPATH} /usr/bin/cmake --build /home/pierres/COURS/slamnav/build/nav2_voxel_grid -- -j16 -l16
[0.410s] Invoking command in '/home/pierres/COURS/slamnav/build/nav2_voxel_grid': AMENT_PREFIX_PATH=/home/pierres/COURS/slamnav/install/nav2_common:${AMENT_PREFIX_PATH} CMAKE_PREFIX_PATH=/home/pierres/COURS/slamnav/install/nav2_common:/home/pierres/COURS/slamnav/install/slam_toolbox:/opt/ros/humble:/home/pierres/COURS/slamnav/install/slamnav_turtlebot PYTHONPATH=/home/pierres/COURS/slamnav/install/nav2_common/local/lib/python3.10/dist-packages:${PYTHONPATH} /usr/bin/cmake --install /home/pierres/COURS/slamnav/build/nav2_voxel_grid
[0.418s] -- Install configuration: "Humble"
[0.418s] -- Execute custom install script
[0.419s] -- Up-to-date symlink: /home/pierres/COURS/slamnav/install/nav2_voxel_grid/lib/libvoxel_grid.so
[0.419s] -- Up-to-date symlink: /home/pierres/COURS/slamnav/install/nav2_voxel_grid/include/nav2_voxel_grid/voxel_grid.hpp
[0.419s] -- Up-to-date symlink: /home/pierres/COURS/slamnav/install/nav2_voxel_grid/share/nav2_voxel_grid/environment/library_path.sh
[0.419s] -- Up-to-date symlink: /home/pierres/COURS/slamnav/install/nav2_voxel_grid/share/nav2_voxel_grid/environment/library_path.dsv
[0.419s] -- Up-to-date symlink: /home/pierres/COURS/slamnav/install/nav2_voxel_grid/share/ament_index/resource_index/package_run_dependencies/nav2_voxel_grid
[0.419s] -- Up-to-date symlink: /home/pierres/COURS/slamnav/install/nav2_voxel_grid/share/ament_index/resource_index/parent_prefix_path/nav2_voxel_grid
[0.420s] -- Up-to-date symlink: /home/pierres/COURS/slamnav/install/nav2_voxel_grid/share/nav2_voxel_grid/environment/ament_prefix_path.sh
[0.420s] -- Up-to-date symlink: /home/pierres/COURS/slamnav/install/nav2_voxel_grid/share/nav2_voxel_grid/environment/ament_prefix_path.dsv
[0.420s] -- Up-to-date symlink: /home/pierres/COURS/slamnav/install/nav2_voxel_grid/share/nav2_voxel_grid/environment/path.sh
[0.420s] -- Up-to-date symlink: /home/pierres/COURS/slamnav/install/nav2_voxel_grid/share/nav2_voxel_grid/environment/path.dsv
[0.420s] -- Up-to-date symlink: /home/pierres/COURS/slamnav/install/nav2_voxel_grid/share/nav2_voxel_grid/local_setup.bash
[0.420s] -- Up-to-date symlink: /home/pierres/COURS/slamnav/install/nav2_voxel_grid/share/nav2_voxel_grid/local_setup.sh
[0.420s] -- Up-to-date symlink: /home/pierres/COURS/slamnav/install/nav2_voxel_grid/share/nav2_voxel_grid/local_setup.zsh
[0.420s] -- Up-to-date symlink: /home/pierres/COURS/slamnav/install/nav2_voxel_grid/share/nav2_voxel_grid/local_setup.dsv
[0.420s] -- Symlinking: /home/pierres/COURS/slamnav/install/nav2_voxel_grid/share/nav2_voxel_grid/package.dsv
[0.427s] -- Up-to-date symlink: /home/pierres/COURS/slamnav/install/nav2_voxel_grid/share/ament_index/resource_index/packages/nav2_voxel_grid
[0.427s] -- Up-to-date symlink: /home/pierres/COURS/slamnav/install/nav2_voxel_grid/share/nav2_voxel_grid/cmake/ament_cmake_export_dependencies-extras.cmake
[0.427s] -- Up-to-date symlink: /home/pierres/COURS/slamnav/install/nav2_voxel_grid/share/nav2_voxel_grid/cmake/ament_cmake_export_include_directories-extras.cmake
[0.427s] -- Up-to-date symlink: /home/pierres/COURS/slamnav/install/nav2_voxel_grid/share/nav2_voxel_grid/cmake/ament_cmake_export_libraries-extras.cmake
[0.427s] -- Up-to-date symlink: /home/pierres/COURS/slamnav/install/nav2_voxel_grid/share/nav2_voxel_grid/cmake/nav2_voxel_gridConfig.cmake
[0.427s] -- Up-to-date symlink: /home/pierres/COURS/slamnav/install/nav2_voxel_grid/share/nav2_voxel_grid/cmake/nav2_voxel_gridConfig-version.cmake
[0.428s] -- Up-to-date symlink: /home/pierres/COURS/slamnav/install/nav2_voxel_grid/share/nav2_voxel_grid/package.xml
[0.430s] Invoked command in '/home/pierres/COURS/slamnav/build/nav2_voxel_grid' returned '0': AMENT_PREFIX_PATH=/home/pierres/COURS/slamnav/install/nav2_common:${AMENT_PREFIX_PATH} CMAKE_PREFIX_PATH=/home/pierres/COURS/slamnav/install/nav2_common:/home/pierres/COURS/slamnav/install/slam_toolbox:/opt/ros/humble:/home/pierres/COURS/slamnav/install/slamnav_turtlebot PYTHONPATH=/home/pierres/COURS/slamnav/install/nav2_common/local/lib/python3.10/dist-packages:${PYTHONPATH} /usr/bin/cmake --install /home/pierres/COURS/slamnav/build/nav2_voxel_grid
