[0.049s] Invoking command in '/home/pierres/COURS/slamnav/build/nav2_smac_planner': AMENT_PREFIX_PATH=/home/pierres/COURS/slamnav/install/nav2_core:/home/pierres/COURS/slamnav/install/nav2_costmap_2d:/home/pierres/COURS/slamnav/install/nav2_map_server:/home/pierres/COURS/slamnav/install/nav2_lifecycle_manager:/home/pierres/COURS/slamnav/install/nav2_util:/home/pierres/COURS/slamnav/install/nav2_voxel_grid:/home/pierres/COURS/slamnav/install/nav2_msgs:/home/pierres/COURS/slamnav/install/nav2_common:${AMENT_PREFIX_PATH} CMAKE_PREFIX_PATH=/home/pierres/COURS/slamnav/install/nav2_core:/home/pierres/COURS/slamnav/install/nav2_costmap_2d:/home/pierres/COURS/slamnav/install/nav2_map_server:/home/pierres/COURS/slamnav/install/nav2_lifecycle_manager:/home/pierres/COURS/slamnav/install/nav2_util:/home/pierres/COURS/slamnav/install/nav2_voxel_grid:/home/pierres/COURS/slamnav/install/nav2_msgs:/home/pierres/COURS/slamnav/install/nav2_common:/home/pierres/COURS/slamnav/install/slam_toolbox:/opt/ros/humble:/home/pierres/COURS/slamnav/install/slamnav_turtlebot LD_LIBRARY_PATH=/home/pierres/COURS/slamnav/install/nav2_costmap_2d/lib:/home/pierres/COURS/slamnav/install/nav2_map_server/lib:/home/pierres/COURS/slamnav/install/nav2_lifecycle_manager/lib:/home/pierres/COURS/slamnav/install/nav2_util/lib:/home/pierres/COURS/slamnav/install/nav2_voxel_grid/lib:/home/pierres/COURS/slamnav/install/nav2_msgs/lib:${LD_LIBRARY_PATH} PYTHONPATH=/home/pierres/COURS/slamnav/install/nav2_msgs/local/lib/python3.10/dist-packages:/home/pierres/COURS/slamnav/install/nav2_common/local/lib/python3.10/dist-packages:${PYTHONPATH} /usr/bin/cmake /home/pierres/COURS/slamnav/src/navigation2/nav2_smac_planner -DCMAKE_INSTALL_PREFIX=/home/pierres/COURS/slamnav/install/nav2_smac_planner
[0.282s] -- Found ament_cmake: 1.3.10 (/opt/ros/humble/share/ament_cmake/cmake)
[0.283s] -- Override CMake install command with custom implementation using symlinks instead of copying resources
[0.283s] -- Found nav2_common: 1.1.16 (/home/pierres/COURS/slamnav/install/nav2_common/share/nav2_common/cmake)
[0.283s] -- Found rclcpp: 16.0.10 (/opt/ros/humble/share/rclcpp/cmake)
[0.290s] -- Found rosidl_generator_c: 3.1.5 (/opt/ros/humble/share/rosidl_generator_c/cmake)
[0.290s] -- Found rosidl_adapter: 3.1.5 (/opt/ros/humble/share/rosidl_adapter/cmake)
[0.296s] -- Found rosidl_generator_cpp: 3.1.5 (/opt/ros/humble/share/rosidl_generator_cpp/cmake)
[0.311s] -- Using all available rosidl_typesupport_c: rosidl_typesupport_fastrtps_c;rosidl_typesupport_introspection_c
[0.326s] -- Using all available rosidl_typesupport_cpp: rosidl_typesupport_fastrtps_cpp;rosidl_typesupport_introspection_cpp
[0.381s] -- Found rmw_implementation_cmake: 6.1.2 (/opt/ros/humble/share/rmw_implementation_cmake/cmake)
[0.381s] -- Found rmw_cyclonedds_cpp: 1.3.4 (/opt/ros/humble/share/rmw_cyclonedds_cpp/cmake)
[0.398s] -- Using RMW implementation 'rmw_cyclonedds_cpp' as default
[0.496s] -- Found rclcpp_action: 16.0.10 (/opt/ros/humble/share/rclcpp_action/cmake)
[0.540s] -- Found rclcpp_lifecycle: 16.0.10 (/opt/ros/humble/share/rclcpp_lifecycle/cmake)
[0.571s] -- Found visualization_msgs: 4.2.4 (/opt/ros/humble/share/visualization_msgs/cmake)
[0.628s] -- Found nav2_util: 1.1.16 (/home/pierres/COURS/slamnav/install/nav2_util/share/nav2_util/cmake)
[0.734s] -- Found eigen3_cmake_module: 0.1.1 (/opt/ros/humble/share/eigen3_cmake_module/cmake)
[0.735s] -- Ensuring Eigen3 include directory is part of orocos-kdl CMake target
[0.766s] -- Found nav2_core: 1.1.16 (/home/pierres/COURS/slamnav/install/nav2_core/share/nav2_core/cmake)
[0.871s] -- Found OpenMP_C: -fopenmp (found version "4.5") 
[0.872s] -- Found OpenMP_CXX: -fopenmp (found version "4.5") 
[0.872s] -- Found OpenMP_C: -fopenmp (found version "4.5") 
[0.872s] -- Found OpenMP_CXX: -fopenmp (found version "4.5") 
[1.150s] -- Found ament_lint_auto: 0.12.11 (/opt/ros/humble/share/ament_lint_auto/cmake)
[1.206s] -- Found gtest sources under '/opt/ros/humble/src/gtest_vendor': C++ tests using 'Google Test' will be built
[2.034s] -- Added test 'copyright' to check source files copyright and LICENSE
[2.037s] -- Added test 'cppcheck' to perform static code analysis on C / C++ code
[2.038s] -- Configured cppcheck include dirs: /home/pierres/COURS/slamnav/src/navigation2/nav2_smac_planner/include
[2.038s] -- Configured cppcheck exclude dirs and/or files: include/nav2_smac_planner/thirdparty/robin_hood.h
[2.040s] -- Added test 'cpplint' to check C / C++ code against the Google style
[2.040s] -- Configured cpplint exclude dirs and/or files: include/nav2_smac_planner/thirdparty/robin_hood.h
[2.041s] -- Added test 'flake8' to check Python code syntax and style conventions
[2.041s] -- Added test 'lint_cmake' to check CMake code style
[2.042s] -- Added test 'pep257' to check Python code against some of the docstring style conventions in PEP 257
[2.044s] -- Added test 'uncrustify' to check C / C++ code style
[2.044s] -- Configured uncrustify additional arguments: 
[2.044s] -- Added test 'xmllint' to check XML markup files
[2.048s] -- Configuring done
[2.531s] -- Generating done
[2.533s] -- Build files have been written to: /home/pierres/COURS/slamnav/build/nav2_smac_planner
[2.544s] Invoked command in '/home/pierres/COURS/slamnav/build/nav2_smac_planner' returned '0': AMENT_PREFIX_PATH=/home/pierres/COURS/slamnav/install/nav2_core:/home/pierres/COURS/slamnav/install/nav2_costmap_2d:/home/pierres/COURS/slamnav/install/nav2_map_server:/home/pierres/COURS/slamnav/install/nav2_lifecycle_manager:/home/pierres/COURS/slamnav/install/nav2_util:/home/pierres/COURS/slamnav/install/nav2_voxel_grid:/home/pierres/COURS/slamnav/install/nav2_msgs:/home/pierres/COURS/slamnav/install/nav2_common:${AMENT_PREFIX_PATH} CMAKE_PREFIX_PATH=/home/pierres/COURS/slamnav/install/nav2_core:/home/pierres/COURS/slamnav/install/nav2_costmap_2d:/home/pierres/COURS/slamnav/install/nav2_map_server:/home/pierres/COURS/slamnav/install/nav2_lifecycle_manager:/home/pierres/COURS/slamnav/install/nav2_util:/home/pierres/COURS/slamnav/install/nav2_voxel_grid:/home/pierres/COURS/slamnav/install/nav2_msgs:/home/pierres/COURS/slamnav/install/nav2_common:/home/pierres/COURS/slamnav/install/slam_toolbox:/opt/ros/humble:/home/pierres/COURS/slamnav/install/slamnav_turtlebot LD_LIBRARY_PATH=/home/pierres/COURS/slamnav/install/nav2_costmap_2d/lib:/home/pierres/COURS/slamnav/install/nav2_map_server/lib:/home/pierres/COURS/slamnav/install/nav2_lifecycle_manager/lib:/home/pierres/COURS/slamnav/install/nav2_util/lib:/home/pierres/COURS/slamnav/install/nav2_voxel_grid/lib:/home/pierres/COURS/slamnav/install/nav2_msgs/lib:${LD_LIBRARY_PATH} PYTHONPATH=/home/pierres/COURS/slamnav/install/nav2_msgs/local/lib/python3.10/dist-packages:/home/pierres/COURS/slamnav/install/nav2_common/local/lib/python3.10/dist-packages:${PYTHONPATH} /usr/bin/cmake /home/pierres/COURS/slamnav/src/navigation2/nav2_smac_planner -DCMAKE_INSTALL_PREFIX=/home/pierres/COURS/slamnav/install/nav2_smac_planner
[2.547s] Invoking command in '/home/pierres/COURS/slamnav/build/nav2_smac_planner': AMENT_PREFIX_PATH=/home/pierres/COURS/slamnav/install/nav2_core:/home/pierres/COURS/slamnav/install/nav2_costmap_2d:/home/pierres/COURS/slamnav/install/nav2_map_server:/home/pierres/COURS/slamnav/install/nav2_lifecycle_manager:/home/pierres/COURS/slamnav/install/nav2_util:/home/pierres/COURS/slamnav/install/nav2_voxel_grid:/home/pierres/COURS/slamnav/install/nav2_msgs:/home/pierres/COURS/slamnav/install/nav2_common:${AMENT_PREFIX_PATH} CMAKE_PREFIX_PATH=/home/pierres/COURS/slamnav/install/nav2_core:/home/pierres/COURS/slamnav/install/nav2_costmap_2d:/home/pierres/COURS/slamnav/install/nav2_map_server:/home/pierres/COURS/slamnav/install/nav2_lifecycle_manager:/home/pierres/COURS/slamnav/install/nav2_util:/home/pierres/COURS/slamnav/install/nav2_voxel_grid:/home/pierres/COURS/slamnav/install/nav2_msgs:/home/pierres/COURS/slamnav/install/nav2_common:/home/pierres/COURS/slamnav/install/slam_toolbox:/opt/ros/humble:/home/pierres/COURS/slamnav/install/slamnav_turtlebot LD_LIBRARY_PATH=/home/pierres/COURS/slamnav/install/nav2_costmap_2d/lib:/home/pierres/COURS/slamnav/install/nav2_map_server/lib:/home/pierres/COURS/slamnav/install/nav2_lifecycle_manager/lib:/home/pierres/COURS/slamnav/install/nav2_util/lib:/home/pierres/COURS/slamnav/install/nav2_voxel_grid/lib:/home/pierres/COURS/slamnav/install/nav2_msgs/lib:${LD_LIBRARY_PATH} PYTHONPATH=/home/pierres/COURS/slamnav/install/nav2_msgs/local/lib/python3.10/dist-packages:/home/pierres/COURS/slamnav/install/nav2_common/local/lib/python3.10/dist-packages:${PYTHONPATH} /usr/bin/cmake --build /home/pierres/COURS/slamnav/build/nav2_smac_planner -- -j16 -l16
[2.582s] [35m[1mConsolidate compiler generated dependencies of target gtest_main[0m
[2.582s] [35m[1mConsolidate compiler generated dependencies of target gtest[0m
[2.590s] [35m[1mConsolidate compiler generated dependencies of target nav2_smac_planner_2d[0m
[2.596s] [  3%] Built target gtest_main
[2.598s] [  6%] Built target gtest
[2.601s] [35m[1mConsolidate compiler generated dependencies of target nav2_smac_planner_lattice[0m
[2.602s] [35m[1mConsolidate compiler generated dependencies of target nav2_smac_planner[0m
[2.646s] [ 25%] Built target nav2_smac_planner_2d
[2.658s] [35m[1mConsolidate compiler generated dependencies of target test_smac_2d[0m
[2.660s] [ 44%] Built target nav2_smac_planner_lattice
[2.671s] [35m[1mConsolidate compiler generated dependencies of target test_smac_lattice[0m
[2.678s] [ 47%] Built target test_smac_2d
[2.684s] [ 66%] Built target nav2_smac_planner
[2.700s] [35m[1mConsolidate compiler generated dependencies of target test_collision_checker[0m
[2.700s] [35m[1mConsolidate compiler generated dependencies of target test_costmap_downsampler[0m
[2.700s] [35m[1mConsolidate compiler generated dependencies of target test_a_star[0m
[2.700s] [35m[1mConsolidate compiler generated dependencies of target test_nodehybrid[0m
[2.701s] [35m[1mConsolidate compiler generated dependencies of target test_nodebasic[0m
[2.701s] [ 69%] Built target test_smac_lattice
[2.701s] [35m[1mConsolidate compiler generated dependencies of target test_smac_hybrid[0m
[2.704s] [35m[1mConsolidate compiler generated dependencies of target test_node2d[0m
[2.711s] [35m[1mConsolidate compiler generated dependencies of target test_smoother[0m
[2.715s] [35m[1mConsolidate compiler generated dependencies of target test_lattice_node[0m
[2.717s] [ 72%] Built target test_collision_checker
[2.717s] [ 76%] Built target test_costmap_downsampler
[2.722s] [ 79%] Built target test_a_star
[2.723s] [ 83%] Built target test_nodehybrid
[2.729s] [ 86%] Built target test_nodebasic
[2.730s] [ 89%] Built target test_node2d
[2.736s] [ 93%] Built target test_smac_hybrid
[2.737s] [ 96%] Built target test_lattice_node
[2.742s] [100%] Built target test_smoother
[2.756s] Invoked command in '/home/pierres/COURS/slamnav/build/nav2_smac_planner' returned '0': AMENT_PREFIX_PATH=/home/pierres/COURS/slamnav/install/nav2_core:/home/pierres/COURS/slamnav/install/nav2_costmap_2d:/home/pierres/COURS/slamnav/install/nav2_map_server:/home/pierres/COURS/slamnav/install/nav2_lifecycle_manager:/home/pierres/COURS/slamnav/install/nav2_util:/home/pierres/COURS/slamnav/install/nav2_voxel_grid:/home/pierres/COURS/slamnav/install/nav2_msgs:/home/pierres/COURS/slamnav/install/nav2_common:${AMENT_PREFIX_PATH} CMAKE_PREFIX_PATH=/home/pierres/COURS/slamnav/install/nav2_core:/home/pierres/COURS/slamnav/install/nav2_costmap_2d:/home/pierres/COURS/slamnav/install/nav2_map_server:/home/pierres/COURS/slamnav/install/nav2_lifecycle_manager:/home/pierres/COURS/slamnav/install/nav2_util:/home/pierres/COURS/slamnav/install/nav2_voxel_grid:/home/pierres/COURS/slamnav/install/nav2_msgs:/home/pierres/COURS/slamnav/install/nav2_common:/home/pierres/COURS/slamnav/install/slam_toolbox:/opt/ros/humble:/home/pierres/COURS/slamnav/install/slamnav_turtlebot LD_LIBRARY_PATH=/home/pierres/COURS/slamnav/install/nav2_costmap_2d/lib:/home/pierres/COURS/slamnav/install/nav2_map_server/lib:/home/pierres/COURS/slamnav/install/nav2_lifecycle_manager/lib:/home/pierres/COURS/slamnav/install/nav2_util/lib:/home/pierres/COURS/slamnav/install/nav2_voxel_grid/lib:/home/pierres/COURS/slamnav/install/nav2_msgs/lib:${LD_LIBRARY_PATH} PYTHONPATH=/home/pierres/COURS/slamnav/install/nav2_msgs/local/lib/python3.10/dist-packages:/home/pierres/COURS/slamnav/install/nav2_common/local/lib/python3.10/dist-packages:${PYTHONPATH} /usr/bin/cmake --build /home/pierres/COURS/slamnav/build/nav2_smac_planner -- -j16 -l16
[2.802s] Invoking command in '/home/pierres/COURS/slamnav/build/nav2_smac_planner': AMENT_PREFIX_PATH=/home/pierres/COURS/slamnav/install/nav2_core:/home/pierres/COURS/slamnav/install/nav2_costmap_2d:/home/pierres/COURS/slamnav/install/nav2_map_server:/home/pierres/COURS/slamnav/install/nav2_lifecycle_manager:/home/pierres/COURS/slamnav/install/nav2_util:/home/pierres/COURS/slamnav/install/nav2_voxel_grid:/home/pierres/COURS/slamnav/install/nav2_msgs:/home/pierres/COURS/slamnav/install/nav2_common:${AMENT_PREFIX_PATH} CMAKE_PREFIX_PATH=/home/pierres/COURS/slamnav/install/nav2_core:/home/pierres/COURS/slamnav/install/nav2_costmap_2d:/home/pierres/COURS/slamnav/install/nav2_map_server:/home/pierres/COURS/slamnav/install/nav2_lifecycle_manager:/home/pierres/COURS/slamnav/install/nav2_util:/home/pierres/COURS/slamnav/install/nav2_voxel_grid:/home/pierres/COURS/slamnav/install/nav2_msgs:/home/pierres/COURS/slamnav/install/nav2_common:/home/pierres/COURS/slamnav/install/slam_toolbox:/opt/ros/humble:/home/pierres/COURS/slamnav/install/slamnav_turtlebot LD_LIBRARY_PATH=/home/pierres/COURS/slamnav/install/nav2_costmap_2d/lib:/home/pierres/COURS/slamnav/install/nav2_map_server/lib:/home/pierres/COURS/slamnav/install/nav2_lifecycle_manager/lib:/home/pierres/COURS/slamnav/install/nav2_util/lib:/home/pierres/COURS/slamnav/install/nav2_voxel_grid/lib:/home/pierres/COURS/slamnav/install/nav2_msgs/lib:${LD_LIBRARY_PATH} PYTHONPATH=/home/pierres/COURS/slamnav/install/nav2_msgs/local/lib/python3.10/dist-packages:/home/pierres/COURS/slamnav/install/nav2_common/local/lib/python3.10/dist-packages:${PYTHONPATH} /usr/bin/cmake --install /home/pierres/COURS/slamnav/build/nav2_smac_planner
[2.808s] -- Install configuration: "Release"
[2.808s] -- Execute custom install script
[2.809s] -- Up-to-date symlink: /home/pierres/COURS/slamnav/install/nav2_smac_planner/share/nav2_smac_planner//smac_plugin_hybrid.xml
[2.809s] -- Up-to-date symlink: /home/pierres/COURS/slamnav/install/nav2_smac_planner/share/nav2_smac_planner//smac_plugin_2d.xml
[2.809s] -- Up-to-date symlink: /home/pierres/COURS/slamnav/install/nav2_smac_planner/share/nav2_smac_planner//smac_plugin_lattice.xml
[2.809s] -- Up-to-date symlink: /home/pierres/COURS/slamnav/install/nav2_smac_planner/lib/libnav2_smac_planner.so
[2.809s] -- Up-to-date symlink: /home/pierres/COURS/slamnav/install/nav2_smac_planner/lib/libnav2_smac_planner_2d.so
[2.809s] -- Up-to-date symlink: /home/pierres/COURS/slamnav/install/nav2_smac_planner/lib/libnav2_smac_planner_lattice.so
[2.810s] -- Up-to-date symlink: /home/pierres/COURS/slamnav/install/nav2_smac_planner/include//nav2_smac_planner/a_star.hpp
[2.810s] -- Up-to-date symlink: /home/pierres/COURS/slamnav/install/nav2_smac_planner/include//nav2_smac_planner/analytic_expansion.hpp
[2.810s] -- Up-to-date symlink: /home/pierres/COURS/slamnav/install/nav2_smac_planner/include//nav2_smac_planner/collision_checker.hpp
[2.810s] -- Up-to-date symlink: /home/pierres/COURS/slamnav/install/nav2_smac_planner/include//nav2_smac_planner/constants.hpp
[2.810s] -- Up-to-date symlink: /home/pierres/COURS/slamnav/install/nav2_smac_planner/include//nav2_smac_planner/costmap_downsampler.hpp
[2.810s] -- Up-to-date symlink: /home/pierres/COURS/slamnav/install/nav2_smac_planner/include//nav2_smac_planner/node_2d.hpp
[2.810s] -- Up-to-date symlink: /home/pierres/COURS/slamnav/install/nav2_smac_planner/include//nav2_smac_planner/node_basic.hpp
[2.810s] -- Up-to-date symlink: /home/pierres/COURS/slamnav/install/nav2_smac_planner/include//nav2_smac_planner/node_hybrid.hpp
[2.810s] -- Up-to-date symlink: /home/pierres/COURS/slamnav/install/nav2_smac_planner/include//nav2_smac_planner/node_lattice.hpp
[2.811s] -- Up-to-date symlink: /home/pierres/COURS/slamnav/install/nav2_smac_planner/include//nav2_smac_planner/smac_planner_2d.hpp
[2.811s] -- Up-to-date symlink: /home/pierres/COURS/slamnav/install/nav2_smac_planner/include//nav2_smac_planner/smac_planner_hybrid.hpp
[2.811s] -- Up-to-date symlink: /home/pierres/COURS/slamnav/install/nav2_smac_planner/include//nav2_smac_planner/smac_planner_lattice.hpp
[2.811s] -- Up-to-date symlink: /home/pierres/COURS/slamnav/install/nav2_smac_planner/include//nav2_smac_planner/smoother.hpp
[2.811s] -- Up-to-date symlink: /home/pierres/COURS/slamnav/install/nav2_smac_planner/include//nav2_smac_planner/thirdparty/robin_hood.h
[2.811s] -- Up-to-date symlink: /home/pierres/COURS/slamnav/install/nav2_smac_planner/include//nav2_smac_planner/types.hpp
[2.811s] -- Up-to-date symlink: /home/pierres/COURS/slamnav/install/nav2_smac_planner/include//nav2_smac_planner/utils.hpp
[2.811s] -- Up-to-date symlink: /home/pierres/COURS/slamnav/install/nav2_smac_planner/share/nav2_smac_planner/sample_primitives/5cm_resolution/0.5m_turning_radius/ackermann/output.json
[2.812s] -- Up-to-date symlink: /home/pierres/COURS/slamnav/install/nav2_smac_planner/share/nav2_smac_planner/sample_primitives/5cm_resolution/0.5m_turning_radius/all_trajectories.png
[2.812s] -- Up-to-date symlink: /home/pierres/COURS/slamnav/install/nav2_smac_planner/share/nav2_smac_planner/sample_primitives/5cm_resolution/0.5m_turning_radius/diff/output.json
[2.812s] -- Up-to-date symlink: /home/pierres/COURS/slamnav/install/nav2_smac_planner/share/nav2_smac_planner/sample_primitives/5cm_resolution/0.5m_turning_radius/omni/output.json
[2.812s] -- Up-to-date symlink: /home/pierres/COURS/slamnav/install/nav2_smac_planner/share/nav2_smac_planner/sample_primitives/5cm_resolution/1m_turning_radius/ackermann/output.json
[2.812s] -- Up-to-date symlink: /home/pierres/COURS/slamnav/install/nav2_smac_planner/share/nav2_smac_planner/sample_primitives/5cm_resolution/1m_turning_radius/all_trajectories.png
[2.812s] -- Up-to-date symlink: /home/pierres/COURS/slamnav/install/nav2_smac_planner/share/nav2_smac_planner/sample_primitives/5cm_resolution/1m_turning_radius/diff/output.json
[2.812s] -- Up-to-date symlink: /home/pierres/COURS/slamnav/install/nav2_smac_planner/share/nav2_smac_planner/sample_primitives/5cm_resolution/1m_turning_radius/omni/output.json
[2.812s] -- Up-to-date symlink: /home/pierres/COURS/slamnav/install/nav2_smac_planner/share/nav2_smac_planner/environment/library_path.sh
[2.812s] -- Up-to-date symlink: /home/pierres/COURS/slamnav/install/nav2_smac_planner/share/nav2_smac_planner/environment/library_path.dsv
[2.813s] -- Up-to-date symlink: /home/pierres/COURS/slamnav/install/nav2_smac_planner/share/ament_index/resource_index/package_run_dependencies/nav2_smac_planner
[2.813s] -- Up-to-date symlink: /home/pierres/COURS/slamnav/install/nav2_smac_planner/share/ament_index/resource_index/parent_prefix_path/nav2_smac_planner
[2.813s] -- Up-to-date symlink: /home/pierres/COURS/slamnav/install/nav2_smac_planner/share/nav2_smac_planner/environment/ament_prefix_path.sh
[2.813s] -- Up-to-date symlink: /home/pierres/COURS/slamnav/install/nav2_smac_planner/share/nav2_smac_planner/environment/ament_prefix_path.dsv
[2.813s] -- Up-to-date symlink: /home/pierres/COURS/slamnav/install/nav2_smac_planner/share/nav2_smac_planner/environment/path.sh
[2.813s] -- Up-to-date symlink: /home/pierres/COURS/slamnav/install/nav2_smac_planner/share/nav2_smac_planner/environment/path.dsv
[2.813s] -- Up-to-date symlink: /home/pierres/COURS/slamnav/install/nav2_smac_planner/share/nav2_smac_planner/local_setup.bash
[2.813s] -- Up-to-date symlink: /home/pierres/COURS/slamnav/install/nav2_smac_planner/share/nav2_smac_planner/local_setup.sh
[2.813s] -- Up-to-date symlink: /home/pierres/COURS/slamnav/install/nav2_smac_planner/share/nav2_smac_planner/local_setup.zsh
[2.813s] -- Up-to-date symlink: /home/pierres/COURS/slamnav/install/nav2_smac_planner/share/nav2_smac_planner/local_setup.dsv
[2.813s] -- Symlinking: /home/pierres/COURS/slamnav/install/nav2_smac_planner/share/nav2_smac_planner/package.dsv
[2.825s] -- Up-to-date symlink: /home/pierres/COURS/slamnav/install/nav2_smac_planner/share/ament_index/resource_index/packages/nav2_smac_planner
[2.826s] -- Up-to-date symlink: /home/pierres/COURS/slamnav/install/nav2_smac_planner/share/ament_index/resource_index/nav2_core__pluginlib__plugin/nav2_smac_planner
[2.828s] -- Up-to-date symlink: /home/pierres/COURS/slamnav/install/nav2_smac_planner/share/nav2_smac_planner/cmake/ament_cmake_export_include_directories-extras.cmake
[2.828s] -- Up-to-date symlink: /home/pierres/COURS/slamnav/install/nav2_smac_planner/share/nav2_smac_planner/cmake/ament_cmake_export_libraries-extras.cmake
[2.828s] -- Up-to-date symlink: /home/pierres/COURS/slamnav/install/nav2_smac_planner/share/nav2_smac_planner/cmake/ament_cmake_export_dependencies-extras.cmake
[2.828s] -- Up-to-date symlink: /home/pierres/COURS/slamnav/install/nav2_smac_planner/share/nav2_smac_planner/cmake/nav2_smac_plannerConfig.cmake
[2.828s] -- Up-to-date symlink: /home/pierres/COURS/slamnav/install/nav2_smac_planner/share/nav2_smac_planner/cmake/nav2_smac_plannerConfig-version.cmake
[2.828s] -- Up-to-date symlink: /home/pierres/COURS/slamnav/install/nav2_smac_planner/share/nav2_smac_planner/package.xml
[2.828s] Invoked command in '/home/pierres/COURS/slamnav/build/nav2_smac_planner' returned '0': AMENT_PREFIX_PATH=/home/pierres/COURS/slamnav/install/nav2_core:/home/pierres/COURS/slamnav/install/nav2_costmap_2d:/home/pierres/COURS/slamnav/install/nav2_map_server:/home/pierres/COURS/slamnav/install/nav2_lifecycle_manager:/home/pierres/COURS/slamnav/install/nav2_util:/home/pierres/COURS/slamnav/install/nav2_voxel_grid:/home/pierres/COURS/slamnav/install/nav2_msgs:/home/pierres/COURS/slamnav/install/nav2_common:${AMENT_PREFIX_PATH} CMAKE_PREFIX_PATH=/home/pierres/COURS/slamnav/install/nav2_core:/home/pierres/COURS/slamnav/install/nav2_costmap_2d:/home/pierres/COURS/slamnav/install/nav2_map_server:/home/pierres/COURS/slamnav/install/nav2_lifecycle_manager:/home/pierres/COURS/slamnav/install/nav2_util:/home/pierres/COURS/slamnav/install/nav2_voxel_grid:/home/pierres/COURS/slamnav/install/nav2_msgs:/home/pierres/COURS/slamnav/install/nav2_common:/home/pierres/COURS/slamnav/install/slam_toolbox:/opt/ros/humble:/home/pierres/COURS/slamnav/install/slamnav_turtlebot LD_LIBRARY_PATH=/home/pierres/COURS/slamnav/install/nav2_costmap_2d/lib:/home/pierres/COURS/slamnav/install/nav2_map_server/lib:/home/pierres/COURS/slamnav/install/nav2_lifecycle_manager/lib:/home/pierres/COURS/slamnav/install/nav2_util/lib:/home/pierres/COURS/slamnav/install/nav2_voxel_grid/lib:/home/pierres/COURS/slamnav/install/nav2_msgs/lib:${LD_LIBRARY_PATH} PYTHONPATH=/home/pierres/COURS/slamnav/install/nav2_msgs/local/lib/python3.10/dist-packages:/home/pierres/COURS/slamnav/install/nav2_common/local/lib/python3.10/dist-packages:${PYTHONPATH} /usr/bin/cmake --install /home/pierres/COURS/slamnav/build/nav2_smac_planner
