[0.029s] Invoking command in '/home/pierres/COURS/slamnav/build/nav2_behavior_tree': AMENT_PREFIX_PATH=/home/pierres/COURS/slamnav/install/nav2_util:/home/pierres/COURS/slamnav/install/nav2_msgs:/home/pierres/COURS/slamnav/install/nav2_common:${AMENT_PREFIX_PATH} CMAKE_PREFIX_PATH=/home/pierres/COURS/slamnav/install/nav2_util:/home/pierres/COURS/slamnav/install/nav2_msgs:/home/pierres/COURS/slamnav/install/nav2_common:/opt/ros/humble:/home/pierres/COURS/slamnav/install/slamnav_turtlebot LD_LIBRARY_PATH=/home/pierres/COURS/slamnav/install/nav2_util/lib:/home/pierres/COURS/slamnav/install/nav2_msgs/lib:${LD_LIBRARY_PATH} PYTHONPATH=/home/pierres/COURS/slamnav/install/nav2_msgs/local/lib/python3.10/dist-packages:/home/pierres/COURS/slamnav/install/nav2_common/local/lib/python3.10/dist-packages:${PYTHONPATH} /usr/bin/cmake --build /home/pierres/COURS/slamnav/build/nav2_behavior_tree -- -j16 -l16
[0.105s] [  1%] Built target nav2_behavior_tree
[0.109s] [  2%] Built target nav2_compute_path_to_pose_action_bt_node
[0.110s] [  3%] Built target nav2_compute_path_through_poses_action_bt_node
[0.117s] [  4%] Built target nav2_follow_path_action_bt_node
[0.118s] [  6%] Built target nav2_spin_cancel_bt_node
[0.118s] [  6%] Built target nav2_assisted_teleop_cancel_bt_node
[0.122s] [  7%] Built target nav2_controller_cancel_bt_node
[0.122s] [  8%] Built target nav2_back_up_cancel_bt_node
[0.122s] [  9%] Built target nav2_wait_action_bt_node
[0.122s] [ 10%] Built target nav2_back_up_action_bt_node
[0.122s] [ 11%] Built target nav2_drive_on_heading_cancel_bt_node
[0.122s] [ 13%] Built target nav2_wait_cancel_bt_node
[0.123s] [ 13%] Built target nav2_smooth_path_action_bt_node
[0.126s] [ 13%] Built target nav2_drive_on_heading_bt_node
[0.130s] [ 14%] Built target nav2_spin_action_bt_node
[0.163s] [ 15%] Built target nav2_transform_available_condition_bt_node
[0.163s] [ 16%] Built target nav2_clear_costmap_service_bt_node
[0.164s] [ 17%] Built target nav2_is_stuck_condition_bt_node
[0.168s] [ 18%] Built target nav2_goal_reached_condition_bt_node
[0.171s] [ 19%] Built target nav2_time_expired_condition_bt_node
[0.172s] [ 20%] Built target nav2_assisted_teleop_action_bt_node
[0.172s] [ 20%] Built target nav2_goal_updated_condition_bt_node
[0.174s] [ 22%] Built target nav2_is_path_valid_condition_bt_node
[0.174s] [ 22%] Built target nav2_initial_pose_received_condition_bt_node
[0.174s] [ 23%] Built target nav2_globally_updated_goal_condition_bt_node
[0.178s] [ 24%] Built target nav2_distance_traveled_condition_bt_node
[0.178s] [ 25%] Built target nav2_is_battery_charging_condition_bt_node
[0.178s] [ 26%] Built target nav2_path_expiring_timer_condition
[0.208s] [ 27%] Built target nav2_is_battery_low_condition_bt_node
[0.208s] [ 28%] Built target nav2_reinitialize_global_localization_service_bt_node
[0.213s] [ 29%] Built target nav2_rate_controller_bt_node
[0.214s] [ 32%] Built target nav2_truncate_path_action_bt_node
[0.214s] [ 32%] Built target nav2_distance_controller_bt_node
[0.214s] [ 32%] Built target nav2_speed_controller_bt_node
[0.214s] [ 33%] Built target nav2_path_longer_on_approach_bt_node
[0.216s] [ 34%] Built target nav2_navigate_to_pose_action_bt_node
[0.216s] [ 35%] Built target nav2_goal_updater_node_bt_node
[0.217s] [ 36%] Built target nav2_recovery_node_bt_node
[0.221s] [ 37%] Built target nav2_navigate_through_poses_action_bt_node
[0.222s] [ 38%] Built target nav2_get_pose_from_path_action_bt_node
[0.222s] [ 39%] Built target nav2_remove_passed_goals_action_bt_node
[0.222s] [ 40%] Built target nav2_truncate_path_local_action_bt_node
[0.229s] [ 41%] Built target nav2_pipeline_sequence_bt_node
[0.238s] [ 43%] Built target nav2_single_trigger_bt_node
[0.240s] [ 43%] Built target nav2_round_robin_node_bt_node
[0.250s] [ 44%] Built target nav2_planner_selector_bt_node
[0.251s] [ 46%] Built target nav2_smoother_selector_bt_node
[0.251s] [ 46%] Built target nav2_progress_checker_selector_bt_node
[0.251s] [ 48%] Built target nav2_controller_selector_bt_node
[0.251s] [ 48%] Built target gtest_main
[0.251s] [ 49%] Built target nav2_goal_updated_controller_bt_node
[0.251s] [ 49%] Built target gtest
[0.251s] [ 50%] Built target nav2_goal_checker_selector_bt_node
[0.276s] [ 51%] Built target test_bt_conversions
[0.285s] [ 52%] Built target test_condition_distance_traveled
[0.291s] [ 52%] Built target test_condition_time_expired
[0.292s] [ 53%] Built target test_condition_is_stuck
[0.292s] [ 56%] Built target test_condition_globally_updated_goal
[0.292s] [ 56%] Built target test_condition_path_expiring_timer
[0.292s] [ 56%] Built target test_condition_initial_pose_received
[0.292s] [ 57%] Built target test_condition_goal_updated
[0.293s] [ 58%] Built target test_condition_goal_reached
[0.293s] [ 59%] Built target test_condition_is_path_valid
[0.293s] [ 60%] Built target test_condition_is_battery_low
[0.293s] [ 61%] Built target test_condition_transform_available
[0.293s] [ 62%] Built target test_decorator_rate_controller
[0.293s] [ 63%] Built target test_condition_is_battery_charging
[0.293s] [ 64%] Built target test_decorator_distance_controller
[0.299s] [ 65%] Built target test_decorator_speed_controller
[0.315s] [ 67%] Built target test_single_trigger_node
[0.315s] [ 67%] Built target test_bt_action_node
[0.315s] [ 68%] Built target test_decorator_path_longer_on_approach
[0.316s] [ 69%] Built target test_goal_updated_controller
[0.322s] [ 70%] Built target test_control_recovery_node
[0.323s] [ 71%] Built target test_goal_updater_node
[0.323s] [ 72%] Built target test_action_spin_action
[0.324s] [ 73%] Built target test_control_round_robin_node
[0.324s] [ 74%] Built target test_action_back_up_action
[0.324s] [ 76%] Built target test_action_controller_cancel_action
[0.324s] [ 76%] Built target test_action_wait_action
[0.325s] [ 77%] Built target test_action_drive_on_heading
[0.327s] [ 78%] Built target test_control_pipeline_sequence
[0.329s] [ 79%] Built target test_action_assisted_teleop_action
[0.330s] [ 80%] Built target test_action_wait_cancel_action
[0.347s] [ 81%] Built target test_action_spin_cancel_action
[0.351s] [ 82%] Built target test_action_assisted_teleop_cancel_action
[0.351s] [ 84%] Built target test_action_reinitialize_global_localization_service
[0.351s] [ 84%] Built target test_action_back_up_cancel_action
[0.352s] [ 85%] Built target test_action_drive_on_heading_cancel_action
[0.352s] [ 86%] Built target test_action_compute_path_to_pose_action
[0.353s] [ 87%] Built target test_action_clear_costmap_service
[0.355s] [ 89%] Built target test_action_smooth_path_action
[0.355s] [ 90%] Built target test_action_compute_path_through_poses_action
[0.356s] [ 90%] Built target test_action_navigate_to_pose_action
[0.362s] [ 90%] Built target test_action_follow_path_action
[0.366s] [ 91%] Built target test_action_navigate_through_poses_action
[0.366s] [ 92%] Built target test_truncate_path_action
[0.371s] [ 93%] Built target test_truncate_path_local_action
[0.372s] [ 94%] Built target test_get_pose_from_path_action
[0.379s] [ 95%] Built target test_planner_selector_node
[0.379s] [ 96%] Built target test_smoother_selector_node
[0.381s] [ 97%] Built target test_controller_selector_node
[0.382s] [ 98%] Built target test_remove_passed_goals_action
[0.383s] [ 99%] Built target test_goal_checker_selector_node
[0.384s] [100%] Built target test_progress_checker_selector_node
[0.404s] Invoked command in '/home/pierres/COURS/slamnav/build/nav2_behavior_tree' returned '0': AMENT_PREFIX_PATH=/home/pierres/COURS/slamnav/install/nav2_util:/home/pierres/COURS/slamnav/install/nav2_msgs:/home/pierres/COURS/slamnav/install/nav2_common:${AMENT_PREFIX_PATH} CMAKE_PREFIX_PATH=/home/pierres/COURS/slamnav/install/nav2_util:/home/pierres/COURS/slamnav/install/nav2_msgs:/home/pierres/COURS/slamnav/install/nav2_common:/opt/ros/humble:/home/pierres/COURS/slamnav/install/slamnav_turtlebot LD_LIBRARY_PATH=/home/pierres/COURS/slamnav/install/nav2_util/lib:/home/pierres/COURS/slamnav/install/nav2_msgs/lib:${LD_LIBRARY_PATH} PYTHONPATH=/home/pierres/COURS/slamnav/install/nav2_msgs/local/lib/python3.10/dist-packages:/home/pierres/COURS/slamnav/install/nav2_common/local/lib/python3.10/dist-packages:${PYTHONPATH} /usr/bin/cmake --build /home/pierres/COURS/slamnav/build/nav2_behavior_tree -- -j16 -l16
[0.608s] Invoking command in '/home/pierres/COURS/slamnav/build/nav2_behavior_tree': AMENT_PREFIX_PATH=/home/pierres/COURS/slamnav/install/nav2_util:/home/pierres/COURS/slamnav/install/nav2_msgs:/home/pierres/COURS/slamnav/install/nav2_common:${AMENT_PREFIX_PATH} CMAKE_PREFIX_PATH=/home/pierres/COURS/slamnav/install/nav2_util:/home/pierres/COURS/slamnav/install/nav2_msgs:/home/pierres/COURS/slamnav/install/nav2_common:/opt/ros/humble:/home/pierres/COURS/slamnav/install/slamnav_turtlebot LD_LIBRARY_PATH=/home/pierres/COURS/slamnav/install/nav2_util/lib:/home/pierres/COURS/slamnav/install/nav2_msgs/lib:${LD_LIBRARY_PATH} PYTHONPATH=/home/pierres/COURS/slamnav/install/nav2_msgs/local/lib/python3.10/dist-packages:/home/pierres/COURS/slamnav/install/nav2_common/local/lib/python3.10/dist-packages:${PYTHONPATH} /usr/bin/cmake --install /home/pierres/COURS/slamnav/build/nav2_behavior_tree
[0.616s] -- Install configuration: "Humble"
[0.617s] -- Execute custom install script
[0.618s] -- Up-to-date symlink: /home/pierres/COURS/slamnav/install/nav2_behavior_tree/lib/libnav2_behavior_tree.so
[0.618s] -- Up-to-date symlink: /home/pierres/COURS/slamnav/install/nav2_behavior_tree/lib/libnav2_compute_path_to_pose_action_bt_node.so
[0.618s] -- Up-to-date symlink: /home/pierres/COURS/slamnav/install/nav2_behavior_tree/lib/libnav2_compute_path_through_poses_action_bt_node.so
[0.619s] -- Up-to-date symlink: /home/pierres/COURS/slamnav/install/nav2_behavior_tree/lib/libnav2_controller_cancel_bt_node.so
[0.619s] -- Up-to-date symlink: /home/pierres/COURS/slamnav/install/nav2_behavior_tree/lib/libnav2_wait_cancel_bt_node.so
[0.619s] -- Up-to-date symlink: /home/pierres/COURS/slamnav/install/nav2_behavior_tree/lib/libnav2_spin_cancel_bt_node.so
[0.619s] -- Up-to-date symlink: /home/pierres/COURS/slamnav/install/nav2_behavior_tree/lib/libnav2_back_up_cancel_bt_node.so
[0.620s] -- Up-to-date symlink: /home/pierres/COURS/slamnav/install/nav2_behavior_tree/lib/libnav2_assisted_teleop_cancel_bt_node.so
[0.620s] -- Up-to-date symlink: /home/pierres/COURS/slamnav/install/nav2_behavior_tree/lib/libnav2_drive_on_heading_cancel_bt_node.so
[0.620s] -- Up-to-date symlink: /home/pierres/COURS/slamnav/install/nav2_behavior_tree/lib/libnav2_smooth_path_action_bt_node.so
[0.621s] -- Up-to-date symlink: /home/pierres/COURS/slamnav/install/nav2_behavior_tree/lib/libnav2_follow_path_action_bt_node.so
[0.621s] -- Up-to-date symlink: /home/pierres/COURS/slamnav/install/nav2_behavior_tree/lib/libnav2_back_up_action_bt_node.so
[0.621s] -- Up-to-date symlink: /home/pierres/COURS/slamnav/install/nav2_behavior_tree/lib/libnav2_drive_on_heading_bt_node.so
[0.621s] -- Up-to-date symlink: /home/pierres/COURS/slamnav/install/nav2_behavior_tree/lib/libnav2_spin_action_bt_node.so
[0.621s] -- Up-to-date symlink: /home/pierres/COURS/slamnav/install/nav2_behavior_tree/lib/libnav2_wait_action_bt_node.so
[0.621s] -- Up-to-date symlink: /home/pierres/COURS/slamnav/install/nav2_behavior_tree/lib/libnav2_assisted_teleop_action_bt_node.so
[0.621s] -- Up-to-date symlink: /home/pierres/COURS/slamnav/install/nav2_behavior_tree/lib/libnav2_clear_costmap_service_bt_node.so
[0.621s] -- Up-to-date symlink: /home/pierres/COURS/slamnav/install/nav2_behavior_tree/lib/libnav2_is_stuck_condition_bt_node.so
[0.621s] -- Up-to-date symlink: /home/pierres/COURS/slamnav/install/nav2_behavior_tree/lib/libnav2_transform_available_condition_bt_node.so
[0.621s] -- Up-to-date symlink: /home/pierres/COURS/slamnav/install/nav2_behavior_tree/lib/libnav2_goal_reached_condition_bt_node.so
[0.622s] -- Up-to-date symlink: /home/pierres/COURS/slamnav/install/nav2_behavior_tree/lib/libnav2_globally_updated_goal_condition_bt_node.so
[0.622s] -- Up-to-date symlink: /home/pierres/COURS/slamnav/install/nav2_behavior_tree/lib/libnav2_goal_updated_condition_bt_node.so
[0.622s] -- Up-to-date symlink: /home/pierres/COURS/slamnav/install/nav2_behavior_tree/lib/libnav2_is_path_valid_condition_bt_node.so
[0.622s] -- Up-to-date symlink: /home/pierres/COURS/slamnav/install/nav2_behavior_tree/lib/libnav2_time_expired_condition_bt_node.so
[0.622s] -- Up-to-date symlink: /home/pierres/COURS/slamnav/install/nav2_behavior_tree/lib/libnav2_path_expiring_timer_condition.so
[0.622s] -- Up-to-date symlink: /home/pierres/COURS/slamnav/install/nav2_behavior_tree/lib/libnav2_distance_traveled_condition_bt_node.so
[0.623s] -- Up-to-date symlink: /home/pierres/COURS/slamnav/install/nav2_behavior_tree/lib/libnav2_initial_pose_received_condition_bt_node.so
[0.623s] -- Up-to-date symlink: /home/pierres/COURS/slamnav/install/nav2_behavior_tree/lib/libnav2_is_battery_charging_condition_bt_node.so
[0.623s] -- Up-to-date symlink: /home/pierres/COURS/slamnav/install/nav2_behavior_tree/lib/libnav2_is_battery_low_condition_bt_node.so
[0.623s] -- Up-to-date symlink: /home/pierres/COURS/slamnav/install/nav2_behavior_tree/lib/libnav2_reinitialize_global_localization_service_bt_node.so
[0.623s] -- Up-to-date symlink: /home/pierres/COURS/slamnav/install/nav2_behavior_tree/lib/libnav2_rate_controller_bt_node.so
[0.623s] -- Up-to-date symlink: /home/pierres/COURS/slamnav/install/nav2_behavior_tree/lib/libnav2_distance_controller_bt_node.so
[0.623s] -- Up-to-date symlink: /home/pierres/COURS/slamnav/install/nav2_behavior_tree/lib/libnav2_speed_controller_bt_node.so
[0.624s] -- Up-to-date symlink: /home/pierres/COURS/slamnav/install/nav2_behavior_tree/lib/libnav2_truncate_path_action_bt_node.so
[0.624s] -- Up-to-date symlink: /home/pierres/COURS/slamnav/install/nav2_behavior_tree/lib/libnav2_truncate_path_local_action_bt_node.so
[0.624s] -- Up-to-date symlink: /home/pierres/COURS/slamnav/install/nav2_behavior_tree/lib/libnav2_goal_updater_node_bt_node.so
[0.624s] -- Up-to-date symlink: /home/pierres/COURS/slamnav/install/nav2_behavior_tree/lib/libnav2_path_longer_on_approach_bt_node.so
[0.624s] -- Up-to-date symlink: /home/pierres/COURS/slamnav/install/nav2_behavior_tree/lib/libnav2_recovery_node_bt_node.so
[0.624s] -- Up-to-date symlink: /home/pierres/COURS/slamnav/install/nav2_behavior_tree/lib/libnav2_navigate_to_pose_action_bt_node.so
[0.625s] -- Up-to-date symlink: /home/pierres/COURS/slamnav/install/nav2_behavior_tree/lib/libnav2_navigate_through_poses_action_bt_node.so
[0.625s] -- Up-to-date symlink: /home/pierres/COURS/slamnav/install/nav2_behavior_tree/lib/libnav2_remove_passed_goals_action_bt_node.so
[0.625s] -- Up-to-date symlink: /home/pierres/COURS/slamnav/install/nav2_behavior_tree/lib/libnav2_get_pose_from_path_action_bt_node.so
[0.625s] -- Up-to-date symlink: /home/pierres/COURS/slamnav/install/nav2_behavior_tree/lib/libnav2_pipeline_sequence_bt_node.so
[0.625s] -- Up-to-date symlink: /home/pierres/COURS/slamnav/install/nav2_behavior_tree/lib/libnav2_round_robin_node_bt_node.so
[0.625s] -- Up-to-date symlink: /home/pierres/COURS/slamnav/install/nav2_behavior_tree/lib/libnav2_single_trigger_bt_node.so
[0.626s] -- Up-to-date symlink: /home/pierres/COURS/slamnav/install/nav2_behavior_tree/lib/libnav2_planner_selector_bt_node.so
[0.626s] -- Up-to-date symlink: /home/pierres/COURS/slamnav/install/nav2_behavior_tree/lib/libnav2_controller_selector_bt_node.so
[0.626s] -- Up-to-date symlink: /home/pierres/COURS/slamnav/install/nav2_behavior_tree/lib/libnav2_smoother_selector_bt_node.so
[0.626s] -- Up-to-date symlink: /home/pierres/COURS/slamnav/install/nav2_behavior_tree/lib/libnav2_goal_checker_selector_bt_node.so
[0.628s] -- Up-to-date symlink: /home/pierres/COURS/slamnav/install/nav2_behavior_tree/lib/libnav2_progress_checker_selector_bt_node.so
[0.629s] -- Up-to-date symlink: /home/pierres/COURS/slamnav/install/nav2_behavior_tree/lib/libnav2_goal_updated_controller_bt_node.so
[0.629s] -- Up-to-date symlink: /home/pierres/COURS/slamnav/install/nav2_behavior_tree/include//nav2_behavior_tree/behavior_tree_engine.hpp
[0.629s] -- Up-to-date symlink: /home/pierres/COURS/slamnav/install/nav2_behavior_tree/include//nav2_behavior_tree/bt_action_node.hpp
[0.629s] -- Up-to-date symlink: /home/pierres/COURS/slamnav/install/nav2_behavior_tree/include//nav2_behavior_tree/bt_action_server.hpp
[0.629s] -- Up-to-date symlink: /home/pierres/COURS/slamnav/install/nav2_behavior_tree/include//nav2_behavior_tree/bt_action_server_impl.hpp
[0.629s] -- Up-to-date symlink: /home/pierres/COURS/slamnav/install/nav2_behavior_tree/include//nav2_behavior_tree/bt_cancel_action_node.hpp
[0.629s] -- Up-to-date symlink: /home/pierres/COURS/slamnav/install/nav2_behavior_tree/include//nav2_behavior_tree/bt_conversions.hpp
[0.629s] -- Up-to-date symlink: /home/pierres/COURS/slamnav/install/nav2_behavior_tree/include//nav2_behavior_tree/bt_service_node.hpp
[0.630s] -- Up-to-date symlink: /home/pierres/COURS/slamnav/install/nav2_behavior_tree/include//nav2_behavior_tree/plugins/action/assisted_teleop_action.hpp
[0.630s] -- Up-to-date symlink: /home/pierres/COURS/slamnav/install/nav2_behavior_tree/include//nav2_behavior_tree/plugins/action/assisted_teleop_cancel_node.hpp
[0.630s] -- Up-to-date symlink: /home/pierres/COURS/slamnav/install/nav2_behavior_tree/include//nav2_behavior_tree/plugins/action/back_up_action.hpp
[0.630s] -- Up-to-date symlink: /home/pierres/COURS/slamnav/install/nav2_behavior_tree/include//nav2_behavior_tree/plugins/action/back_up_cancel_node.hpp
[0.630s] -- Up-to-date symlink: /home/pierres/COURS/slamnav/install/nav2_behavior_tree/include//nav2_behavior_tree/plugins/action/clear_costmap_service.hpp
[0.630s] -- Up-to-date symlink: /home/pierres/COURS/slamnav/install/nav2_behavior_tree/include//nav2_behavior_tree/plugins/action/compute_path_through_poses_action.hpp
[0.630s] -- Up-to-date symlink: /home/pierres/COURS/slamnav/install/nav2_behavior_tree/include//nav2_behavior_tree/plugins/action/compute_path_to_pose_action.hpp
[0.630s] -- Up-to-date symlink: /home/pierres/COURS/slamnav/install/nav2_behavior_tree/include//nav2_behavior_tree/plugins/action/controller_cancel_node.hpp
[0.630s] -- Up-to-date symlink: /home/pierres/COURS/slamnav/install/nav2_behavior_tree/include//nav2_behavior_tree/plugins/action/controller_selector_node.hpp
[0.630s] -- Up-to-date symlink: /home/pierres/COURS/slamnav/install/nav2_behavior_tree/include//nav2_behavior_tree/plugins/action/drive_on_heading_action.hpp
[0.631s] -- Up-to-date symlink: /home/pierres/COURS/slamnav/install/nav2_behavior_tree/include//nav2_behavior_tree/plugins/action/drive_on_heading_cancel_node.hpp
[0.631s] -- Up-to-date symlink: /home/pierres/COURS/slamnav/install/nav2_behavior_tree/include//nav2_behavior_tree/plugins/action/follow_path_action.hpp
[0.631s] -- Up-to-date symlink: /home/pierres/COURS/slamnav/install/nav2_behavior_tree/include//nav2_behavior_tree/plugins/action/get_pose_from_path_action.hpp
[0.631s] -- Up-to-date symlink: /home/pierres/COURS/slamnav/install/nav2_behavior_tree/include//nav2_behavior_tree/plugins/action/goal_checker_selector_node.hpp
[0.631s] -- Up-to-date symlink: /home/pierres/COURS/slamnav/install/nav2_behavior_tree/include//nav2_behavior_tree/plugins/action/navigate_through_poses_action.hpp
[0.631s] -- Up-to-date symlink: /home/pierres/COURS/slamnav/install/nav2_behavior_tree/include//nav2_behavior_tree/plugins/action/navigate_to_pose_action.hpp
[0.631s] -- Up-to-date symlink: /home/pierres/COURS/slamnav/install/nav2_behavior_tree/include//nav2_behavior_tree/plugins/action/planner_selector_node.hpp
[0.631s] -- Up-to-date symlink: /home/pierres/COURS/slamnav/install/nav2_behavior_tree/include//nav2_behavior_tree/plugins/action/progress_checker_selector_node.hpp
[0.631s] -- Up-to-date symlink: /home/pierres/COURS/slamnav/install/nav2_behavior_tree/include//nav2_behavior_tree/plugins/action/reinitialize_global_localization_service.hpp
[0.631s] -- Up-to-date symlink: /home/pierres/COURS/slamnav/install/nav2_behavior_tree/include//nav2_behavior_tree/plugins/action/remove_passed_goals_action.hpp
[0.632s] -- Up-to-date symlink: /home/pierres/COURS/slamnav/install/nav2_behavior_tree/include//nav2_behavior_tree/plugins/action/smooth_path_action.hpp
[0.632s] -- Up-to-date symlink: /home/pierres/COURS/slamnav/install/nav2_behavior_tree/include//nav2_behavior_tree/plugins/action/smoother_selector_node.hpp
[0.632s] -- Up-to-date symlink: /home/pierres/COURS/slamnav/install/nav2_behavior_tree/include//nav2_behavior_tree/plugins/action/spin_action.hpp
[0.632s] -- Up-to-date symlink: /home/pierres/COURS/slamnav/install/nav2_behavior_tree/include//nav2_behavior_tree/plugins/action/spin_cancel_node.hpp
[0.632s] -- Up-to-date symlink: /home/pierres/COURS/slamnav/install/nav2_behavior_tree/include//nav2_behavior_tree/plugins/action/truncate_path_action.hpp
[0.632s] -- Up-to-date symlink: /home/pierres/COURS/slamnav/install/nav2_behavior_tree/include//nav2_behavior_tree/plugins/action/truncate_path_local_action.hpp
[0.632s] -- Up-to-date symlink: /home/pierres/COURS/slamnav/install/nav2_behavior_tree/include//nav2_behavior_tree/plugins/action/wait_action.hpp
[0.632s] -- Up-to-date symlink: /home/pierres/COURS/slamnav/install/nav2_behavior_tree/include//nav2_behavior_tree/plugins/action/wait_cancel_node.hpp
[0.632s] -- Up-to-date symlink: /home/pierres/COURS/slamnav/install/nav2_behavior_tree/include//nav2_behavior_tree/plugins/condition/distance_traveled_condition.hpp
[0.632s] -- Up-to-date symlink: /home/pierres/COURS/slamnav/install/nav2_behavior_tree/include//nav2_behavior_tree/plugins/condition/globally_updated_goal_condition.hpp
[0.633s] -- Up-to-date symlink: /home/pierres/COURS/slamnav/install/nav2_behavior_tree/include//nav2_behavior_tree/plugins/condition/goal_reached_condition.hpp
[0.633s] -- Up-to-date symlink: /home/pierres/COURS/slamnav/install/nav2_behavior_tree/include//nav2_behavior_tree/plugins/condition/goal_updated_condition.hpp
[0.633s] -- Up-to-date symlink: /home/pierres/COURS/slamnav/install/nav2_behavior_tree/include//nav2_behavior_tree/plugins/condition/initial_pose_received_condition.hpp
[0.633s] -- Up-to-date symlink: /home/pierres/COURS/slamnav/install/nav2_behavior_tree/include//nav2_behavior_tree/plugins/condition/is_battery_charging_condition.hpp
[0.633s] -- Up-to-date symlink: /home/pierres/COURS/slamnav/install/nav2_behavior_tree/include//nav2_behavior_tree/plugins/condition/is_battery_low_condition.hpp
[0.633s] -- Up-to-date symlink: /home/pierres/COURS/slamnav/install/nav2_behavior_tree/include//nav2_behavior_tree/plugins/condition/is_path_valid_condition.hpp
[0.633s] -- Up-to-date symlink: /home/pierres/COURS/slamnav/install/nav2_behavior_tree/include//nav2_behavior_tree/plugins/condition/is_stuck_condition.hpp
[0.633s] -- Up-to-date symlink: /home/pierres/COURS/slamnav/install/nav2_behavior_tree/include//nav2_behavior_tree/plugins/condition/path_expiring_timer_condition.hpp
[0.634s] -- Up-to-date symlink: /home/pierres/COURS/slamnav/install/nav2_behavior_tree/include//nav2_behavior_tree/plugins/condition/time_expired_condition.hpp
[0.634s] -- Up-to-date symlink: /home/pierres/COURS/slamnav/install/nav2_behavior_tree/include//nav2_behavior_tree/plugins/condition/transform_available_condition.hpp
[0.634s] -- Up-to-date symlink: /home/pierres/COURS/slamnav/install/nav2_behavior_tree/include//nav2_behavior_tree/plugins/control/pipeline_sequence.hpp
[0.634s] -- Up-to-date symlink: /home/pierres/COURS/slamnav/install/nav2_behavior_tree/include//nav2_behavior_tree/plugins/control/recovery_node.hpp
[0.634s] -- Up-to-date symlink: /home/pierres/COURS/slamnav/install/nav2_behavior_tree/include//nav2_behavior_tree/plugins/control/round_robin_node.hpp
[0.634s] -- Up-to-date symlink: /home/pierres/COURS/slamnav/install/nav2_behavior_tree/include//nav2_behavior_tree/plugins/decorator/distance_controller.hpp
[0.634s] -- Up-to-date symlink: /home/pierres/COURS/slamnav/install/nav2_behavior_tree/include//nav2_behavior_tree/plugins/decorator/goal_updated_controller.hpp
[0.634s] -- Up-to-date symlink: /home/pierres/COURS/slamnav/install/nav2_behavior_tree/include//nav2_behavior_tree/plugins/decorator/goal_updater_node.hpp
[0.634s] -- Up-to-date symlink: /home/pierres/COURS/slamnav/install/nav2_behavior_tree/include//nav2_behavior_tree/plugins/decorator/path_longer_on_approach.hpp
[0.634s] -- Up-to-date symlink: /home/pierres/COURS/slamnav/install/nav2_behavior_tree/include//nav2_behavior_tree/plugins/decorator/rate_controller.hpp
[0.635s] -- Up-to-date symlink: /home/pierres/COURS/slamnav/install/nav2_behavior_tree/include//nav2_behavior_tree/plugins/decorator/single_trigger_node.hpp
[0.635s] -- Up-to-date symlink: /home/pierres/COURS/slamnav/install/nav2_behavior_tree/include//nav2_behavior_tree/plugins/decorator/speed_controller.hpp
[0.635s] -- Up-to-date symlink: /home/pierres/COURS/slamnav/install/nav2_behavior_tree/include//nav2_behavior_tree/ros_topic_logger.hpp
[0.635s] -- Up-to-date symlink: /home/pierres/COURS/slamnav/install/nav2_behavior_tree/share/nav2_behavior_tree/nav2_tree_nodes.xml
[0.635s] -- Up-to-date symlink: /home/pierres/COURS/slamnav/install/nav2_behavior_tree/share/nav2_behavior_tree/environment/library_path.sh
[0.635s] -- Up-to-date symlink: /home/pierres/COURS/slamnav/install/nav2_behavior_tree/share/nav2_behavior_tree/environment/library_path.dsv
[0.636s] -- Up-to-date symlink: /home/pierres/COURS/slamnav/install/nav2_behavior_tree/share/ament_index/resource_index/package_run_dependencies/nav2_behavior_tree
[0.636s] -- Up-to-date symlink: /home/pierres/COURS/slamnav/install/nav2_behavior_tree/share/ament_index/resource_index/parent_prefix_path/nav2_behavior_tree
[0.636s] -- Up-to-date symlink: /home/pierres/COURS/slamnav/install/nav2_behavior_tree/share/nav2_behavior_tree/environment/ament_prefix_path.sh
[0.636s] -- Up-to-date symlink: /home/pierres/COURS/slamnav/install/nav2_behavior_tree/share/nav2_behavior_tree/environment/ament_prefix_path.dsv
[0.636s] -- Up-to-date symlink: /home/pierres/COURS/slamnav/install/nav2_behavior_tree/share/nav2_behavior_tree/environment/path.sh
[0.637s] -- Up-to-date symlink: /home/pierres/COURS/slamnav/install/nav2_behavior_tree/share/nav2_behavior_tree/environment/path.dsv
[0.637s] -- Up-to-date symlink: /home/pierres/COURS/slamnav/install/nav2_behavior_tree/share/nav2_behavior_tree/local_setup.bash
[0.637s] -- Up-to-date symlink: /home/pierres/COURS/slamnav/install/nav2_behavior_tree/share/nav2_behavior_tree/local_setup.sh
[0.637s] -- Up-to-date symlink: /home/pierres/COURS/slamnav/install/nav2_behavior_tree/share/nav2_behavior_tree/local_setup.zsh
[0.637s] -- Up-to-date symlink: /home/pierres/COURS/slamnav/install/nav2_behavior_tree/share/nav2_behavior_tree/local_setup.dsv
[0.637s] -- Symlinking: /home/pierres/COURS/slamnav/install/nav2_behavior_tree/share/nav2_behavior_tree/package.dsv
[0.647s] -- Up-to-date symlink: /home/pierres/COURS/slamnav/install/nav2_behavior_tree/share/ament_index/resource_index/packages/nav2_behavior_tree
[0.647s] -- Up-to-date symlink: /home/pierres/COURS/slamnav/install/nav2_behavior_tree/share/nav2_behavior_tree/cmake/ament_cmake_export_include_directories-extras.cmake
[0.648s] -- Up-to-date symlink: /home/pierres/COURS/slamnav/install/nav2_behavior_tree/share/nav2_behavior_tree/cmake/ament_cmake_export_libraries-extras.cmake
[0.648s] -- Up-to-date symlink: /home/pierres/COURS/slamnav/install/nav2_behavior_tree/share/nav2_behavior_tree/cmake/ament_cmake_export_dependencies-extras.cmake
[0.648s] -- Up-to-date symlink: /home/pierres/COURS/slamnav/install/nav2_behavior_tree/share/nav2_behavior_tree/cmake/nav2_behavior_treeConfig.cmake
[0.648s] -- Up-to-date symlink: /home/pierres/COURS/slamnav/install/nav2_behavior_tree/share/nav2_behavior_tree/cmake/nav2_behavior_treeConfig-version.cmake
[0.648s] -- Up-to-date symlink: /home/pierres/COURS/slamnav/install/nav2_behavior_tree/share/nav2_behavior_tree/package.xml
[0.651s] Invoked command in '/home/pierres/COURS/slamnav/build/nav2_behavior_tree' returned '0': AMENT_PREFIX_PATH=/home/pierres/COURS/slamnav/install/nav2_util:/home/pierres/COURS/slamnav/install/nav2_msgs:/home/pierres/COURS/slamnav/install/nav2_common:${AMENT_PREFIX_PATH} CMAKE_PREFIX_PATH=/home/pierres/COURS/slamnav/install/nav2_util:/home/pierres/COURS/slamnav/install/nav2_msgs:/home/pierres/COURS/slamnav/install/nav2_common:/opt/ros/humble:/home/pierres/COURS/slamnav/install/slamnav_turtlebot LD_LIBRARY_PATH=/home/pierres/COURS/slamnav/install/nav2_util/lib:/home/pierres/COURS/slamnav/install/nav2_msgs/lib:${LD_LIBRARY_PATH} PYTHONPATH=/home/pierres/COURS/slamnav/install/nav2_msgs/local/lib/python3.10/dist-packages:/home/pierres/COURS/slamnav/install/nav2_common/local/lib/python3.10/dist-packages:${PYTHONPATH} /usr/bin/cmake --install /home/pierres/COURS/slamnav/build/nav2_behavior_tree
