[0.029s] Invoking command in '/home/pierres/COURS/slamnav/build/slam_toolbox': CMAKE_PREFIX_PATH=/home/pierres/COURS/slamnav/install/nav2_map_server:/home/pierres/COURS/slamnav/install/nav2_util:/home/pierres/COURS/slamnav/install/nav2_msgs:/home/pierres/COURS/slamnav/install/nav2_common:/home/pierres/COURS/slamnav/install/nav2_system_tests:/home/pierres/COURS/slamnav/install/nav2_bringup:/home/pierres/COURS/slamnav/install/slam_toolbox:/home/pierres/COURS/slamnav/install/navigation2:/home/pierres/COURS/slamnav/install/nav2_smoother:/home/pierres/COURS/slamnav/install/nav2_graceful_controller:/home/pierres/COURS/slamnav/install/nav2_dwb_controller:/home/pierres/COURS/slamnav/install/nav2_controller:/home/pierres/COURS/slamnav/install/dwb_plugins:/home/pierres/COURS/slamnav/install/dwb_critics:/home/pierres/COURS/slamnav/install/dwb_core:/home/pierres/COURS/slamnav/install/nav_2d_utils:/home/pierres/COURS/slamnav/install/dwb_msgs:/home/pierres/COURS/slamnav/install/nav_2d_msgs:/home/pierres/COURS/slamnav/install/nav2_waypoint_follower:/home/pierres/COURS/slamnav/install/nav2_theta_star_planner:/home/pierres/COURS/slamnav/install/nav2_smac_planner:/home/pierres/COURS/slamnav/install/nav2_rotation_shim_controller:/home/pierres/COURS/slamnav/install/nav2_regulated_pure_pursuit_controller:/home/pierres/COURS/slamnav/install/nav2_planner:/home/pierres/COURS/slamnav/install/nav2_navfn_planner:/home/pierres/COURS/slamnav/install/nav2_mppi_controller:/home/pierres/COURS/slamnav/install/nav2_constrained_smoother:/home/pierres/COURS/slamnav/install/nav2_bt_navigator:/home/pierres/COURS/slamnav/install/nav2_behaviors:/home/pierres/COURS/slamnav/install/nav2_core:/home/pierres/COURS/slamnav/install/nav2_collision_monitor:/home/pierres/COURS/slamnav/install/costmap_queue:/home/pierres/COURS/slamnav/install/nav2_costmap_2d:/home/pierres/COURS/slamnav/install/nav2_voxel_grid:/home/pierres/COURS/slamnav/install/nav2_velocity_smoother:/home/pierres/COURS/slamnav/install/nav2_rviz_plugins:/home/pierres/COURS/slamnav/install/nav2_lifecycle_manager:/home/pierres/COURS/slamnav/install/nav2_behavior_tree:/home/pierres/COURS/slamnav/install/nav2_amcl:/opt/ros/humble:/home/pierres/COURS/slamnav/install/slamnav_turtlebot:/home/pierres/COURS/slamnav/install/nav2_simple_commander LD_LIBRARY_PATH=/home/pierres/COURS/slamnav/install/nav2_map_server/lib:/home/pierres/COURS/slamnav/install/nav2_util/lib:/home/pierres/COURS/slamnav/install/nav2_msgs/lib:/usr/lib/x86_64-linux-gnu/gazebo-11/plugins:/opt/ros/humble/opt/rviz_ogre_vendor/lib:/opt/ros/humble/lib/x86_64-linux-gnu:/opt/ros/humble/lib:/home/pierres/COURS/slamnav/install/slam_toolbox/lib:/home/pierres/COURS/slamnav/install/nav2_smoother/lib:/home/pierres/COURS/slamnav/install/nav2_graceful_controller/lib:/home/pierres/COURS/slamnav/install/nav2_controller/lib:/home/pierres/COURS/slamnav/install/dwb_plugins/lib:/home/pierres/COURS/slamnav/install/dwb_critics/lib:/home/pierres/COURS/slamnav/install/dwb_core/lib:/home/pierres/COURS/slamnav/install/nav_2d_utils/lib:/home/pierres/COURS/slamnav/install/dwb_msgs/lib:/home/pierres/COURS/slamnav/install/nav_2d_msgs/lib:/home/pierres/COURS/slamnav/install/nav2_waypoint_follower/lib:/home/pierres/COURS/slamnav/install/nav2_theta_star_planner/lib:/home/pierres/COURS/slamnav/install/nav2_smac_planner/lib:/home/pierres/COURS/slamnav/install/nav2_rotation_shim_controller/lib:/home/pierres/COURS/slamnav/install/nav2_regulated_pure_pursuit_controller/lib:/home/pierres/COURS/slamnav/install/nav2_planner/lib:/home/pierres/COURS/slamnav/install/nav2_navfn_planner/lib:/home/pierres/COURS/slamnav/install/nav2_mppi_controller/lib:/home/pierres/COURS/slamnav/install/nav2_constrained_smoother/lib:/home/pierres/COURS/slamnav/install/nav2_bt_navigator/lib:/home/pierres/COURS/slamnav/install/nav2_behaviors/lib:/home/pierres/COURS/slamnav/install/nav2_collision_monitor/lib:/home/pierres/COURS/slamnav/install/costmap_queue/lib:/home/pierres/COURS/slamnav/install/nav2_costmap_2d/lib:/home/pierres/COURS/slamnav/install/nav2_voxel_grid/lib:/home/pierres/COURS/slamnav/install/nav2_velocity_smoother/lib:/home/pierres/COURS/slamnav/install/nav2_rviz_plugins/lib:/home/pierres/COURS/slamnav/install/nav2_lifecycle_manager/lib:/home/pierres/COURS/slamnav/install/nav2_behavior_tree/lib:/home/pierres/COURS/slamnav/install/nav2_amcl/lib /usr/bin/cmake --build /home/pierres/COURS/slamnav/build/slam_toolbox -- -j16 -l16
[0.106s] [  1%] Built target slam_toolbox__cpp
[0.111s] [ 10%] Built target slam_toolbox__rosidl_generator_c
[0.124s] [ 10%] Built target ament_cmake_python_symlink_slam_toolbox
[0.144s] [ 12%] Built target kartoSlamToolbox
[0.156s] [ 20%] Built target slam_toolbox__rosidl_typesupport_c
[0.156s] [ 29%] Built target slam_toolbox__rosidl_typesupport_fastrtps_c
[0.157s] [ 37%] Built target slam_toolbox__rosidl_typesupport_introspection_c
[0.158s] [ 45%] Built target slam_toolbox__rosidl_typesupport_cpp
[0.158s] [ 54%] Built target slam_toolbox__rosidl_typesupport_fastrtps_cpp
[0.162s] [ 62%] Built target slam_toolbox__rosidl_typesupport_introspection_cpp
[0.194s] [ 62%] Built target slam_toolbox
[0.213s] [ 64%] Built target ceres_solver_plugin
[0.215s] [ 66%] Built target SlamToolboxPlugin
[0.225s] [ 66%] Built target slam_toolbox__py
[0.241s] [ 71%] Built target toolbox_common
[0.257s] [ 79%] Built target slam_toolbox__rosidl_generator_py
[0.272s] [ 80%] Built target localization_slam_toolbox
[0.273s] [ 81%] Built target lifelong_slam_toolbox
[0.289s] [ 83%] Built target merge_maps_kinematic
[0.289s] [ 85%] Built target sync_slam_toolbox
[0.289s] [ 86%] Built target slam_toolbox__rosidl_typesupport_fastrtps_c__pyext
[0.290s] [ 88%] Built target async_slam_toolbox
[0.290s] [ 91%] Built target slam_toolbox__rosidl_typesupport_introspection_c__pyext
[0.290s] [ 92%] Built target slam_toolbox__rosidl_typesupport_c__pyext
[0.308s] [ 94%] Built target lifelong_slam_toolbox_node
[0.312s] [ 96%] Built target localization_slam_toolbox_node
[0.312s] [ 97%] Built target map_and_localization_slam_toolbox
[0.330s] [ 98%] Built target sync_slam_toolbox_node
[0.337s] [ 99%] Built target async_slam_toolbox_node
[0.355s] running egg_info
[0.355s] writing slam_toolbox.egg-info/PKG-INFO
[0.356s] writing dependency_links to slam_toolbox.egg-info/dependency_links.txt
[0.356s] writing top-level names to slam_toolbox.egg-info/top_level.txt
[0.357s] reading manifest file 'slam_toolbox.egg-info/SOURCES.txt'
[0.358s] writing manifest file 'slam_toolbox.egg-info/SOURCES.txt'
[0.362s] [100%] Built target map_and_localization_slam_toolbox_node
[0.378s] [100%] Built target ament_cmake_python_build_slam_toolbox_egg
[0.388s] Invoked command in '/home/pierres/COURS/slamnav/build/slam_toolbox' returned '0': CMAKE_PREFIX_PATH=/home/pierres/COURS/slamnav/install/nav2_map_server:/home/pierres/COURS/slamnav/install/nav2_util:/home/pierres/COURS/slamnav/install/nav2_msgs:/home/pierres/COURS/slamnav/install/nav2_common:/home/pierres/COURS/slamnav/install/nav2_system_tests:/home/pierres/COURS/slamnav/install/nav2_bringup:/home/pierres/COURS/slamnav/install/slam_toolbox:/home/pierres/COURS/slamnav/install/navigation2:/home/pierres/COURS/slamnav/install/nav2_smoother:/home/pierres/COURS/slamnav/install/nav2_graceful_controller:/home/pierres/COURS/slamnav/install/nav2_dwb_controller:/home/pierres/COURS/slamnav/install/nav2_controller:/home/pierres/COURS/slamnav/install/dwb_plugins:/home/pierres/COURS/slamnav/install/dwb_critics:/home/pierres/COURS/slamnav/install/dwb_core:/home/pierres/COURS/slamnav/install/nav_2d_utils:/home/pierres/COURS/slamnav/install/dwb_msgs:/home/pierres/COURS/slamnav/install/nav_2d_msgs:/home/pierres/COURS/slamnav/install/nav2_waypoint_follower:/home/pierres/COURS/slamnav/install/nav2_theta_star_planner:/home/pierres/COURS/slamnav/install/nav2_smac_planner:/home/pierres/COURS/slamnav/install/nav2_rotation_shim_controller:/home/pierres/COURS/slamnav/install/nav2_regulated_pure_pursuit_controller:/home/pierres/COURS/slamnav/install/nav2_planner:/home/pierres/COURS/slamnav/install/nav2_navfn_planner:/home/pierres/COURS/slamnav/install/nav2_mppi_controller:/home/pierres/COURS/slamnav/install/nav2_constrained_smoother:/home/pierres/COURS/slamnav/install/nav2_bt_navigator:/home/pierres/COURS/slamnav/install/nav2_behaviors:/home/pierres/COURS/slamnav/install/nav2_core:/home/pierres/COURS/slamnav/install/nav2_collision_monitor:/home/pierres/COURS/slamnav/install/costmap_queue:/home/pierres/COURS/slamnav/install/nav2_costmap_2d:/home/pierres/COURS/slamnav/install/nav2_voxel_grid:/home/pierres/COURS/slamnav/install/nav2_velocity_smoother:/home/pierres/COURS/slamnav/install/nav2_rviz_plugins:/home/pierres/COURS/slamnav/install/nav2_lifecycle_manager:/home/pierres/COURS/slamnav/install/nav2_behavior_tree:/home/pierres/COURS/slamnav/install/nav2_amcl:/opt/ros/humble:/home/pierres/COURS/slamnav/install/slamnav_turtlebot:/home/pierres/COURS/slamnav/install/nav2_simple_commander LD_LIBRARY_PATH=/home/pierres/COURS/slamnav/install/nav2_map_server/lib:/home/pierres/COURS/slamnav/install/nav2_util/lib:/home/pierres/COURS/slamnav/install/nav2_msgs/lib:/usr/lib/x86_64-linux-gnu/gazebo-11/plugins:/opt/ros/humble/opt/rviz_ogre_vendor/lib:/opt/ros/humble/lib/x86_64-linux-gnu:/opt/ros/humble/lib:/home/pierres/COURS/slamnav/install/slam_toolbox/lib:/home/pierres/COURS/slamnav/install/nav2_smoother/lib:/home/pierres/COURS/slamnav/install/nav2_graceful_controller/lib:/home/pierres/COURS/slamnav/install/nav2_controller/lib:/home/pierres/COURS/slamnav/install/dwb_plugins/lib:/home/pierres/COURS/slamnav/install/dwb_critics/lib:/home/pierres/COURS/slamnav/install/dwb_core/lib:/home/pierres/COURS/slamnav/install/nav_2d_utils/lib:/home/pierres/COURS/slamnav/install/dwb_msgs/lib:/home/pierres/COURS/slamnav/install/nav_2d_msgs/lib:/home/pierres/COURS/slamnav/install/nav2_waypoint_follower/lib:/home/pierres/COURS/slamnav/install/nav2_theta_star_planner/lib:/home/pierres/COURS/slamnav/install/nav2_smac_planner/lib:/home/pierres/COURS/slamnav/install/nav2_rotation_shim_controller/lib:/home/pierres/COURS/slamnav/install/nav2_regulated_pure_pursuit_controller/lib:/home/pierres/COURS/slamnav/install/nav2_planner/lib:/home/pierres/COURS/slamnav/install/nav2_navfn_planner/lib:/home/pierres/COURS/slamnav/install/nav2_mppi_controller/lib:/home/pierres/COURS/slamnav/install/nav2_constrained_smoother/lib:/home/pierres/COURS/slamnav/install/nav2_bt_navigator/lib:/home/pierres/COURS/slamnav/install/nav2_behaviors/lib:/home/pierres/COURS/slamnav/install/nav2_collision_monitor/lib:/home/pierres/COURS/slamnav/install/costmap_queue/lib:/home/pierres/COURS/slamnav/install/nav2_costmap_2d/lib:/home/pierres/COURS/slamnav/install/nav2_voxel_grid/lib:/home/pierres/COURS/slamnav/install/nav2_velocity_smoother/lib:/home/pierres/COURS/slamnav/install/nav2_rviz_plugins/lib:/home/pierres/COURS/slamnav/install/nav2_lifecycle_manager/lib:/home/pierres/COURS/slamnav/install/nav2_behavior_tree/lib:/home/pierres/COURS/slamnav/install/nav2_amcl/lib /usr/bin/cmake --build /home/pierres/COURS/slamnav/build/slam_toolbox -- -j16 -l16
[0.910s] Invoking command in '/home/pierres/COURS/slamnav/build/slam_toolbox': CMAKE_PREFIX_PATH=/home/pierres/COURS/slamnav/install/nav2_map_server:/home/pierres/COURS/slamnav/install/nav2_util:/home/pierres/COURS/slamnav/install/nav2_msgs:/home/pierres/COURS/slamnav/install/nav2_common:/home/pierres/COURS/slamnav/install/nav2_system_tests:/home/pierres/COURS/slamnav/install/nav2_bringup:/home/pierres/COURS/slamnav/install/slam_toolbox:/home/pierres/COURS/slamnav/install/navigation2:/home/pierres/COURS/slamnav/install/nav2_smoother:/home/pierres/COURS/slamnav/install/nav2_graceful_controller:/home/pierres/COURS/slamnav/install/nav2_dwb_controller:/home/pierres/COURS/slamnav/install/nav2_controller:/home/pierres/COURS/slamnav/install/dwb_plugins:/home/pierres/COURS/slamnav/install/dwb_critics:/home/pierres/COURS/slamnav/install/dwb_core:/home/pierres/COURS/slamnav/install/nav_2d_utils:/home/pierres/COURS/slamnav/install/dwb_msgs:/home/pierres/COURS/slamnav/install/nav_2d_msgs:/home/pierres/COURS/slamnav/install/nav2_waypoint_follower:/home/pierres/COURS/slamnav/install/nav2_theta_star_planner:/home/pierres/COURS/slamnav/install/nav2_smac_planner:/home/pierres/COURS/slamnav/install/nav2_rotation_shim_controller:/home/pierres/COURS/slamnav/install/nav2_regulated_pure_pursuit_controller:/home/pierres/COURS/slamnav/install/nav2_planner:/home/pierres/COURS/slamnav/install/nav2_navfn_planner:/home/pierres/COURS/slamnav/install/nav2_mppi_controller:/home/pierres/COURS/slamnav/install/nav2_constrained_smoother:/home/pierres/COURS/slamnav/install/nav2_bt_navigator:/home/pierres/COURS/slamnav/install/nav2_behaviors:/home/pierres/COURS/slamnav/install/nav2_core:/home/pierres/COURS/slamnav/install/nav2_collision_monitor:/home/pierres/COURS/slamnav/install/costmap_queue:/home/pierres/COURS/slamnav/install/nav2_costmap_2d:/home/pierres/COURS/slamnav/install/nav2_voxel_grid:/home/pierres/COURS/slamnav/install/nav2_velocity_smoother:/home/pierres/COURS/slamnav/install/nav2_rviz_plugins:/home/pierres/COURS/slamnav/install/nav2_lifecycle_manager:/home/pierres/COURS/slamnav/install/nav2_behavior_tree:/home/pierres/COURS/slamnav/install/nav2_amcl:/opt/ros/humble:/home/pierres/COURS/slamnav/install/slamnav_turtlebot:/home/pierres/COURS/slamnav/install/nav2_simple_commander LD_LIBRARY_PATH=/home/pierres/COURS/slamnav/install/nav2_map_server/lib:/home/pierres/COURS/slamnav/install/nav2_util/lib:/home/pierres/COURS/slamnav/install/nav2_msgs/lib:/usr/lib/x86_64-linux-gnu/gazebo-11/plugins:/opt/ros/humble/opt/rviz_ogre_vendor/lib:/opt/ros/humble/lib/x86_64-linux-gnu:/opt/ros/humble/lib:/home/pierres/COURS/slamnav/install/slam_toolbox/lib:/home/pierres/COURS/slamnav/install/nav2_smoother/lib:/home/pierres/COURS/slamnav/install/nav2_graceful_controller/lib:/home/pierres/COURS/slamnav/install/nav2_controller/lib:/home/pierres/COURS/slamnav/install/dwb_plugins/lib:/home/pierres/COURS/slamnav/install/dwb_critics/lib:/home/pierres/COURS/slamnav/install/dwb_core/lib:/home/pierres/COURS/slamnav/install/nav_2d_utils/lib:/home/pierres/COURS/slamnav/install/dwb_msgs/lib:/home/pierres/COURS/slamnav/install/nav_2d_msgs/lib:/home/pierres/COURS/slamnav/install/nav2_waypoint_follower/lib:/home/pierres/COURS/slamnav/install/nav2_theta_star_planner/lib:/home/pierres/COURS/slamnav/install/nav2_smac_planner/lib:/home/pierres/COURS/slamnav/install/nav2_rotation_shim_controller/lib:/home/pierres/COURS/slamnav/install/nav2_regulated_pure_pursuit_controller/lib:/home/pierres/COURS/slamnav/install/nav2_planner/lib:/home/pierres/COURS/slamnav/install/nav2_navfn_planner/lib:/home/pierres/COURS/slamnav/install/nav2_mppi_controller/lib:/home/pierres/COURS/slamnav/install/nav2_constrained_smoother/lib:/home/pierres/COURS/slamnav/install/nav2_bt_navigator/lib:/home/pierres/COURS/slamnav/install/nav2_behaviors/lib:/home/pierres/COURS/slamnav/install/nav2_collision_monitor/lib:/home/pierres/COURS/slamnav/install/costmap_queue/lib:/home/pierres/COURS/slamnav/install/nav2_costmap_2d/lib:/home/pierres/COURS/slamnav/install/nav2_voxel_grid/lib:/home/pierres/COURS/slamnav/install/nav2_velocity_smoother/lib:/home/pierres/COURS/slamnav/install/nav2_rviz_plugins/lib:/home/pierres/COURS/slamnav/install/nav2_lifecycle_manager/lib:/home/pierres/COURS/slamnav/install/nav2_behavior_tree/lib:/home/pierres/COURS/slamnav/install/nav2_amcl/lib /usr/bin/cmake --install /home/pierres/COURS/slamnav/build/slam_toolbox
[0.987s] -- Install configuration: "Release"
[0.987s] -- Execute custom install script
[0.987s] -- Up-to-date symlink: /home/pierres/COURS/slamnav/install/slam_toolbox/include//karto_sdk/Karto.h
[0.987s] -- Up-to-date symlink: /home/pierres/COURS/slamnav/install/slam_toolbox/include//karto_sdk/Macros.h
[0.987s] -- Up-to-date symlink: /home/pierres/COURS/slamnav/install/slam_toolbox/include//karto_sdk/Mapper.h
[0.988s] -- Up-to-date symlink: /home/pierres/COURS/slamnav/install/slam_toolbox/include//karto_sdk/Math.h
[0.988s] -- Up-to-date symlink: /home/pierres/COURS/slamnav/install/slam_toolbox/include//karto_sdk/Types.h
[0.988s] -- Up-to-date symlink: /home/pierres/COURS/slamnav/install/slam_toolbox/include//karto_sdk/nanoflann.hpp
[0.988s] -- Up-to-date symlink: /home/pierres/COURS/slamnav/install/slam_toolbox/include//karto_sdk/nanoflann_adaptors.h
[0.988s] -- Up-to-date symlink: /home/pierres/COURS/slamnav/install/slam_toolbox/share/ament_index/resource_index/rosidl_interfaces/slam_toolbox
[0.988s] -- Up-to-date symlink: /home/pierres/COURS/slamnav/install/slam_toolbox/include/slam_toolbox/slam_toolbox/msg/rosidl_generator_c__visibility_control.h
[0.988s] -- Up-to-date symlink: /home/pierres/COURS/slamnav/install/slam_toolbox/include/slam_toolbox/slam_toolbox/srv/add_submap.h
[0.988s] -- Up-to-date symlink: /home/pierres/COURS/slamnav/install/slam_toolbox/include/slam_toolbox/slam_toolbox/srv/clear.h
[0.988s] -- Up-to-date symlink: /home/pierres/COURS/slamnav/install/slam_toolbox/include/slam_toolbox/slam_toolbox/srv/clear_queue.h
[0.988s] -- Up-to-date symlink: /home/pierres/COURS/slamnav/install/slam_toolbox/include/slam_toolbox/slam_toolbox/srv/deserialize_pose_graph.h
[0.988s] -- Up-to-date symlink: /home/pierres/COURS/slamnav/install/slam_toolbox/include/slam_toolbox/slam_toolbox/srv/detail/add_submap__functions.h
[0.988s] -- Up-to-date symlink: /home/pierres/COURS/slamnav/install/slam_toolbox/include/slam_toolbox/slam_toolbox/srv/detail/add_submap__struct.h
[0.988s] -- Up-to-date symlink: /home/pierres/COURS/slamnav/install/slam_toolbox/include/slam_toolbox/slam_toolbox/srv/detail/add_submap__type_support.h
[0.988s] -- Up-to-date symlink: /home/pierres/COURS/slamnav/install/slam_toolbox/include/slam_toolbox/slam_toolbox/srv/detail/clear__functions.h
[0.988s] -- Up-to-date symlink: /home/pierres/COURS/slamnav/install/slam_toolbox/include/slam_toolbox/slam_toolbox/srv/detail/clear__struct.h
[0.988s] -- Up-to-date symlink: /home/pierres/COURS/slamnav/install/slam_toolbox/include/slam_toolbox/slam_toolbox/srv/detail/clear__type_support.h
[0.989s] -- Up-to-date symlink: /home/pierres/COURS/slamnav/install/slam_toolbox/include/slam_toolbox/slam_toolbox/srv/detail/clear_queue__functions.h
[0.989s] -- Up-to-date symlink: /home/pierres/COURS/slamnav/install/slam_toolbox/include/slam_toolbox/slam_toolbox/srv/detail/clear_queue__struct.h
[0.989s] -- Up-to-date symlink: /home/pierres/COURS/slamnav/install/slam_toolbox/include/slam_toolbox/slam_toolbox/srv/detail/clear_queue__type_support.h
[0.989s] -- Up-to-date symlink: /home/pierres/COURS/slamnav/install/slam_toolbox/include/slam_toolbox/slam_toolbox/srv/detail/deserialize_pose_graph__functions.h
[0.989s] -- Up-to-date symlink: /home/pierres/COURS/slamnav/install/slam_toolbox/include/slam_toolbox/slam_toolbox/srv/detail/deserialize_pose_graph__struct.h
[0.989s] -- Up-to-date symlink: /home/pierres/COURS/slamnav/install/slam_toolbox/include/slam_toolbox/slam_toolbox/srv/detail/deserialize_pose_graph__type_support.h
[0.990s] -- Up-to-date symlink: /home/pierres/COURS/slamnav/install/slam_toolbox/include/slam_toolbox/slam_toolbox/srv/detail/loop_closure__functions.h
[0.990s] -- Up-to-date symlink: /home/pierres/COURS/slamnav/install/slam_toolbox/include/slam_toolbox/slam_toolbox/srv/detail/loop_closure__struct.h
[0.990s] -- Up-to-date symlink: /home/pierres/COURS/slamnav/install/slam_toolbox/include/slam_toolbox/slam_toolbox/srv/detail/loop_closure__type_support.h
[0.990s] -- Up-to-date symlink: /home/pierres/COURS/slamnav/install/slam_toolbox/include/slam_toolbox/slam_toolbox/srv/detail/merge_maps__functions.h
[0.990s] -- Up-to-date symlink: /home/pierres/COURS/slamnav/install/slam_toolbox/include/slam_toolbox/slam_toolbox/srv/detail/merge_maps__struct.h
[0.990s] -- Up-to-date symlink: /home/pierres/COURS/slamnav/install/slam_toolbox/include/slam_toolbox/slam_toolbox/srv/detail/merge_maps__type_support.h
[0.990s] -- Up-to-date symlink: /home/pierres/COURS/slamnav/install/slam_toolbox/include/slam_toolbox/slam_toolbox/srv/detail/pause__functions.h
[0.991s] -- Up-to-date symlink: /home/pierres/COURS/slamnav/install/slam_toolbox/include/slam_toolbox/slam_toolbox/srv/detail/pause__struct.h
[0.991s] -- Up-to-date symlink: /home/pierres/COURS/slamnav/install/slam_toolbox/include/slam_toolbox/slam_toolbox/srv/detail/pause__type_support.h
[0.991s] -- Up-to-date symlink: /home/pierres/COURS/slamnav/install/slam_toolbox/include/slam_toolbox/slam_toolbox/srv/detail/save_map__functions.h
[0.991s] -- Up-to-date symlink: /home/pierres/COURS/slamnav/install/slam_toolbox/include/slam_toolbox/slam_toolbox/srv/detail/save_map__struct.h
[0.991s] -- Up-to-date symlink: /home/pierres/COURS/slamnav/install/slam_toolbox/include/slam_toolbox/slam_toolbox/srv/detail/save_map__type_support.h
[0.991s] -- Up-to-date symlink: /home/pierres/COURS/slamnav/install/slam_toolbox/include/slam_toolbox/slam_toolbox/srv/detail/serialize_pose_graph__functions.h
[0.991s] -- Up-to-date symlink: /home/pierres/COURS/slamnav/install/slam_toolbox/include/slam_toolbox/slam_toolbox/srv/detail/serialize_pose_graph__struct.h
[0.991s] -- Up-to-date symlink: /home/pierres/COURS/slamnav/install/slam_toolbox/include/slam_toolbox/slam_toolbox/srv/detail/serialize_pose_graph__type_support.h
[0.991s] -- Up-to-date symlink: /home/pierres/COURS/slamnav/install/slam_toolbox/include/slam_toolbox/slam_toolbox/srv/detail/toggle_interactive__functions.h
[0.991s] -- Up-to-date symlink: /home/pierres/COURS/slamnav/install/slam_toolbox/include/slam_toolbox/slam_toolbox/srv/detail/toggle_interactive__struct.h
[0.991s] -- Up-to-date symlink: /home/pierres/COURS/slamnav/install/slam_toolbox/include/slam_toolbox/slam_toolbox/srv/detail/toggle_interactive__type_support.h
[0.996s] -- Up-to-date symlink: /home/pierres/COURS/slamnav/install/slam_toolbox/include/slam_toolbox/slam_toolbox/srv/loop_closure.h
[0.996s] -- Up-to-date symlink: /home/pierres/COURS/slamnav/install/slam_toolbox/include/slam_toolbox/slam_toolbox/srv/merge_maps.h
[0.996s] -- Up-to-date symlink: /home/pierres/COURS/slamnav/install/slam_toolbox/include/slam_toolbox/slam_toolbox/srv/pause.h
[0.997s] -- Up-to-date symlink: /home/pierres/COURS/slamnav/install/slam_toolbox/include/slam_toolbox/slam_toolbox/srv/save_map.h
[0.997s] -- Up-to-date symlink: /home/pierres/COURS/slamnav/install/slam_toolbox/include/slam_toolbox/slam_toolbox/srv/serialize_pose_graph.h
[0.997s] -- Up-to-date symlink: /home/pierres/COURS/slamnav/install/slam_toolbox/include/slam_toolbox/slam_toolbox/srv/toggle_interactive.h
[0.997s] -- Up-to-date symlink: /home/pierres/COURS/slamnav/install/slam_toolbox/share/slam_toolbox/environment/library_path.sh
[0.997s] -- Up-to-date symlink: /home/pierres/COURS/slamnav/install/slam_toolbox/share/slam_toolbox/environment/library_path.dsv
[0.997s] -- Up-to-date symlink: /home/pierres/COURS/slamnav/install/slam_toolbox/include/slam_toolbox/slam_toolbox/msg/rosidl_typesupport_fastrtps_c__visibility_control.h
[0.997s] -- Up-to-date symlink: /home/pierres/COURS/slamnav/install/slam_toolbox/include/slam_toolbox/slam_toolbox/srv/detail/add_submap__rosidl_typesupport_fastrtps_c.h
[0.997s] -- Up-to-date symlink: /home/pierres/COURS/slamnav/install/slam_toolbox/include/slam_toolbox/slam_toolbox/srv/detail/clear__rosidl_typesupport_fastrtps_c.h
[0.997s] -- Up-to-date symlink: /home/pierres/COURS/slamnav/install/slam_toolbox/include/slam_toolbox/slam_toolbox/srv/detail/clear_queue__rosidl_typesupport_fastrtps_c.h
[0.997s] -- Up-to-date symlink: /home/pierres/COURS/slamnav/install/slam_toolbox/include/slam_toolbox/slam_toolbox/srv/detail/deserialize_pose_graph__rosidl_typesupport_fastrtps_c.h
[0.997s] -- Up-to-date symlink: /home/pierres/COURS/slamnav/install/slam_toolbox/include/slam_toolbox/slam_toolbox/srv/detail/loop_closure__rosidl_typesupport_fastrtps_c.h
[0.997s] -- Up-to-date symlink: /home/pierres/COURS/slamnav/install/slam_toolbox/include/slam_toolbox/slam_toolbox/srv/detail/merge_maps__rosidl_typesupport_fastrtps_c.h
[0.998s] -- Up-to-date symlink: /home/pierres/COURS/slamnav/install/slam_toolbox/include/slam_toolbox/slam_toolbox/srv/detail/pause__rosidl_typesupport_fastrtps_c.h
[0.998s] -- Up-to-date symlink: /home/pierres/COURS/slamnav/install/slam_toolbox/include/slam_toolbox/slam_toolbox/srv/detail/save_map__rosidl_typesupport_fastrtps_c.h
[1.000s] -- Up-to-date symlink: /home/pierres/COURS/slamnav/install/slam_toolbox/include/slam_toolbox/slam_toolbox/srv/detail/serialize_pose_graph__rosidl_typesupport_fastrtps_c.h
[1.002s] -- Up-to-date symlink: /home/pierres/COURS/slamnav/install/slam_toolbox/include/slam_toolbox/slam_toolbox/srv/detail/toggle_interactive__rosidl_typesupport_fastrtps_c.h
[1.007s] -- Up-to-date symlink: /home/pierres/COURS/slamnav/install/slam_toolbox/include/slam_toolbox/slam_toolbox/srv/add_submap.hpp
[1.007s] -- Up-to-date symlink: /home/pierres/COURS/slamnav/install/slam_toolbox/include/slam_toolbox/slam_toolbox/srv/clear.hpp
[1.008s] -- Up-to-date symlink: /home/pierres/COURS/slamnav/install/slam_toolbox/include/slam_toolbox/slam_toolbox/srv/clear_queue.hpp
[1.008s] -- Up-to-date symlink: /home/pierres/COURS/slamnav/install/slam_toolbox/include/slam_toolbox/slam_toolbox/srv/deserialize_pose_graph.hpp
[1.010s] -- Up-to-date symlink: /home/pierres/COURS/slamnav/install/slam_toolbox/include/slam_toolbox/slam_toolbox/srv/detail/add_submap__builder.hpp
[1.010s] -- Up-to-date symlink: /home/pierres/COURS/slamnav/install/slam_toolbox/include/slam_toolbox/slam_toolbox/srv/detail/add_submap__struct.hpp
[1.010s] -- Up-to-date symlink: /home/pierres/COURS/slamnav/install/slam_toolbox/include/slam_toolbox/slam_toolbox/srv/detail/add_submap__traits.hpp
[1.010s] -- Up-to-date symlink: /home/pierres/COURS/slamnav/install/slam_toolbox/include/slam_toolbox/slam_toolbox/srv/detail/clear__builder.hpp
[1.010s] -- Up-to-date symlink: /home/pierres/COURS/slamnav/install/slam_toolbox/include/slam_toolbox/slam_toolbox/srv/detail/clear__struct.hpp
[1.011s] -- Up-to-date symlink: /home/pierres/COURS/slamnav/install/slam_toolbox/include/slam_toolbox/slam_toolbox/srv/detail/clear__traits.hpp
[1.011s] -- Up-to-date symlink: /home/pierres/COURS/slamnav/install/slam_toolbox/include/slam_toolbox/slam_toolbox/srv/detail/clear_queue__builder.hpp
[1.013s] -- Up-to-date symlink: /home/pierres/COURS/slamnav/install/slam_toolbox/include/slam_toolbox/slam_toolbox/srv/detail/clear_queue__struct.hpp
[1.013s] -- Up-to-date symlink: /home/pierres/COURS/slamnav/install/slam_toolbox/include/slam_toolbox/slam_toolbox/srv/detail/clear_queue__traits.hpp
[1.014s] -- Up-to-date symlink: /home/pierres/COURS/slamnav/install/slam_toolbox/include/slam_toolbox/slam_toolbox/srv/detail/deserialize_pose_graph__builder.hpp
[1.015s] -- Up-to-date symlink: /home/pierres/COURS/slamnav/install/slam_toolbox/include/slam_toolbox/slam_toolbox/srv/detail/deserialize_pose_graph__struct.hpp
[1.026s] -- Up-to-date symlink: /home/pierres/COURS/slamnav/install/slam_toolbox/include/slam_toolbox/slam_toolbox/srv/detail/deserialize_pose_graph__traits.hpp
[1.026s] -- Up-to-date symlink: /home/pierres/COURS/slamnav/install/slam_toolbox/include/slam_toolbox/slam_toolbox/srv/detail/loop_closure__builder.hpp
[1.026s] -- Up-to-date symlink: /home/pierres/COURS/slamnav/install/slam_toolbox/include/slam_toolbox/slam_toolbox/srv/detail/loop_closure__struct.hpp
[1.026s] -- Up-to-date symlink: /home/pierres/COURS/slamnav/install/slam_toolbox/include/slam_toolbox/slam_toolbox/srv/detail/loop_closure__traits.hpp
[1.026s] -- Up-to-date symlink: /home/pierres/COURS/slamnav/install/slam_toolbox/include/slam_toolbox/slam_toolbox/srv/detail/merge_maps__builder.hpp
[1.027s] -- Up-to-date symlink: /home/pierres/COURS/slamnav/install/slam_toolbox/include/slam_toolbox/slam_toolbox/srv/detail/merge_maps__struct.hpp
[1.027s] -- Up-to-date symlink: /home/pierres/COURS/slamnav/install/slam_toolbox/include/slam_toolbox/slam_toolbox/srv/detail/merge_maps__traits.hpp
[1.027s] -- Up-to-date symlink: /home/pierres/COURS/slamnav/install/slam_toolbox/include/slam_toolbox/slam_toolbox/srv/detail/pause__builder.hpp
[1.027s] -- Up-to-date symlink: /home/pierres/COURS/slamnav/install/slam_toolbox/include/slam_toolbox/slam_toolbox/srv/detail/pause__struct.hpp
[1.027s] -- Up-to-date symlink: /home/pierres/COURS/slamnav/install/slam_toolbox/include/slam_toolbox/slam_toolbox/srv/detail/pause__traits.hpp
[1.027s] -- Up-to-date symlink: /home/pierres/COURS/slamnav/install/slam_toolbox/include/slam_toolbox/slam_toolbox/srv/detail/save_map__builder.hpp
[1.027s] -- Up-to-date symlink: /home/pierres/COURS/slamnav/install/slam_toolbox/include/slam_toolbox/slam_toolbox/srv/detail/save_map__struct.hpp
[1.027s] -- Up-to-date symlink: /home/pierres/COURS/slamnav/install/slam_toolbox/include/slam_toolbox/slam_toolbox/srv/detail/save_map__traits.hpp
[1.027s] -- Up-to-date symlink: /home/pierres/COURS/slamnav/install/slam_toolbox/include/slam_toolbox/slam_toolbox/srv/detail/serialize_pose_graph__builder.hpp
[1.027s] -- Up-to-date symlink: /home/pierres/COURS/slamnav/install/slam_toolbox/include/slam_toolbox/slam_toolbox/srv/detail/serialize_pose_graph__struct.hpp
[1.027s] -- Up-to-date symlink: /home/pierres/COURS/slamnav/install/slam_toolbox/include/slam_toolbox/slam_toolbox/srv/detail/serialize_pose_graph__traits.hpp
[1.027s] -- Up-to-date symlink: /home/pierres/COURS/slamnav/install/slam_toolbox/include/slam_toolbox/slam_toolbox/srv/detail/toggle_interactive__builder.hpp
[1.028s] -- Up-to-date symlink: /home/pierres/COURS/slamnav/install/slam_toolbox/include/slam_toolbox/slam_toolbox/srv/detail/toggle_interactive__struct.hpp
[1.028s] -- Up-to-date symlink: /home/pierres/COURS/slamnav/install/slam_toolbox/include/slam_toolbox/slam_toolbox/srv/detail/toggle_interactive__traits.hpp
[1.028s] -- Up-to-date symlink: /home/pierres/COURS/slamnav/install/slam_toolbox/include/slam_toolbox/slam_toolbox/srv/loop_closure.hpp
[1.028s] -- Up-to-date symlink: /home/pierres/COURS/slamnav/install/slam_toolbox/include/slam_toolbox/slam_toolbox/srv/merge_maps.hpp
[1.028s] -- Up-to-date symlink: /home/pierres/COURS/slamnav/install/slam_toolbox/include/slam_toolbox/slam_toolbox/srv/pause.hpp
[1.028s] -- Up-to-date symlink: /home/pierres/COURS/slamnav/install/slam_toolbox/include/slam_toolbox/slam_toolbox/srv/save_map.hpp
[1.028s] -- Up-to-date symlink: /home/pierres/COURS/slamnav/install/slam_toolbox/include/slam_toolbox/slam_toolbox/srv/serialize_pose_graph.hpp
[1.028s] -- Up-to-date symlink: /home/pierres/COURS/slamnav/install/slam_toolbox/include/slam_toolbox/slam_toolbox/srv/toggle_interactive.hpp
[1.028s] -- Up-to-date symlink: /home/pierres/COURS/slamnav/install/slam_toolbox/include/slam_toolbox/slam_toolbox/msg/rosidl_typesupport_fastrtps_cpp__visibility_control.h
[1.028s] -- Up-to-date symlink: /home/pierres/COURS/slamnav/install/slam_toolbox/include/slam_toolbox/slam_toolbox/srv/detail/add_submap__rosidl_typesupport_fastrtps_cpp.hpp
[1.028s] -- Up-to-date symlink: /home/pierres/COURS/slamnav/install/slam_toolbox/include/slam_toolbox/slam_toolbox/srv/detail/clear__rosidl_typesupport_fastrtps_cpp.hpp
[1.028s] -- Up-to-date symlink: /home/pierres/COURS/slamnav/install/slam_toolbox/include/slam_toolbox/slam_toolbox/srv/detail/clear_queue__rosidl_typesupport_fastrtps_cpp.hpp
[1.029s] -- Up-to-date symlink: /home/pierres/COURS/slamnav/install/slam_toolbox/include/slam_toolbox/slam_toolbox/srv/detail/deserialize_pose_graph__rosidl_typesupport_fastrtps_cpp.hpp
[1.029s] -- Up-to-date symlink: /home/pierres/COURS/slamnav/install/slam_toolbox/include/slam_toolbox/slam_toolbox/srv/detail/loop_closure__rosidl_typesupport_fastrtps_cpp.hpp
[1.029s] -- Up-to-date symlink: /home/pierres/COURS/slamnav/install/slam_toolbox/include/slam_toolbox/slam_toolbox/srv/detail/merge_maps__rosidl_typesupport_fastrtps_cpp.hpp
[1.029s] -- Up-to-date symlink: /home/pierres/COURS/slamnav/install/slam_toolbox/include/slam_toolbox/slam_toolbox/srv/detail/pause__rosidl_typesupport_fastrtps_cpp.hpp
[1.029s] -- Up-to-date symlink: /home/pierres/COURS/slamnav/install/slam_toolbox/include/slam_toolbox/slam_toolbox/srv/detail/save_map__rosidl_typesupport_fastrtps_cpp.hpp
[1.040s] -- Up-to-date symlink: /home/pierres/COURS/slamnav/install/slam_toolbox/include/slam_toolbox/slam_toolbox/srv/detail/serialize_pose_graph__rosidl_typesupport_fastrtps_cpp.hpp
[1.040s] -- Up-to-date symlink: /home/pierres/COURS/slamnav/install/slam_toolbox/include/slam_toolbox/slam_toolbox/srv/detail/toggle_interactive__rosidl_typesupport_fastrtps_cpp.hpp
[1.040s] -- Up-to-date symlink: /home/pierres/COURS/slamnav/install/slam_toolbox/include/slam_toolbox/slam_toolbox/msg/rosidl_typesupport_introspection_c__visibility_control.h
[1.040s] -- Up-to-date symlink: /home/pierres/COURS/slamnav/install/slam_toolbox/include/slam_toolbox/slam_toolbox/srv/detail/add_submap__rosidl_typesupport_introspection_c.h
[1.041s] -- Up-to-date symlink: /home/pierres/COURS/slamnav/install/slam_toolbox/include/slam_toolbox/slam_toolbox/srv/detail/clear__rosidl_typesupport_introspection_c.h
[1.041s] -- Up-to-date symlink: /home/pierres/COURS/slamnav/install/slam_toolbox/include/slam_toolbox/slam_toolbox/srv/detail/clear_queue__rosidl_typesupport_introspection_c.h
[1.041s] -- Up-to-date symlink: /home/pierres/COURS/slamnav/install/slam_toolbox/include/slam_toolbox/slam_toolbox/srv/detail/deserialize_pose_graph__rosidl_typesupport_introspection_c.h
[1.041s] -- Up-to-date symlink: /home/pierres/COURS/slamnav/install/slam_toolbox/include/slam_toolbox/slam_toolbox/srv/detail/loop_closure__rosidl_typesupport_introspection_c.h
[1.041s] -- Up-to-date symlink: /home/pierres/COURS/slamnav/install/slam_toolbox/include/slam_toolbox/slam_toolbox/srv/detail/merge_maps__rosidl_typesupport_introspection_c.h
[1.041s] -- Up-to-date symlink: /home/pierres/COURS/slamnav/install/slam_toolbox/include/slam_toolbox/slam_toolbox/srv/detail/pause__rosidl_typesupport_introspection_c.h
[1.041s] -- Up-to-date symlink: /home/pierres/COURS/slamnav/install/slam_toolbox/include/slam_toolbox/slam_toolbox/srv/detail/save_map__rosidl_typesupport_introspection_c.h
[1.041s] -- Up-to-date symlink: /home/pierres/COURS/slamnav/install/slam_toolbox/include/slam_toolbox/slam_toolbox/srv/detail/serialize_pose_graph__rosidl_typesupport_introspection_c.h
[1.041s] -- Up-to-date symlink: /home/pierres/COURS/slamnav/install/slam_toolbox/include/slam_toolbox/slam_toolbox/srv/detail/toggle_interactive__rosidl_typesupport_introspection_c.h
[1.041s] -- Up-to-date symlink: /home/pierres/COURS/slamnav/install/slam_toolbox/include/slam_toolbox/slam_toolbox/srv/detail/add_submap__rosidl_typesupport_introspection_cpp.hpp
[1.041s] -- Up-to-date symlink: /home/pierres/COURS/slamnav/install/slam_toolbox/include/slam_toolbox/slam_toolbox/srv/detail/clear__rosidl_typesupport_introspection_cpp.hpp
[1.041s] -- Up-to-date symlink: /home/pierres/COURS/slamnav/install/slam_toolbox/include/slam_toolbox/slam_toolbox/srv/detail/clear_queue__rosidl_typesupport_introspection_cpp.hpp
[1.043s] -- Up-to-date symlink: /home/pierres/COURS/slamnav/install/slam_toolbox/include/slam_toolbox/slam_toolbox/srv/detail/deserialize_pose_graph__rosidl_typesupport_introspection_cpp.hpp
[1.044s] -- Up-to-date symlink: /home/pierres/COURS/slamnav/install/slam_toolbox/include/slam_toolbox/slam_toolbox/srv/detail/loop_closure__rosidl_typesupport_introspection_cpp.hpp
[1.044s] -- Up-to-date symlink: /home/pierres/COURS/slamnav/install/slam_toolbox/include/slam_toolbox/slam_toolbox/srv/detail/merge_maps__rosidl_typesupport_introspection_cpp.hpp
[1.044s] -- Up-to-date symlink: /home/pierres/COURS/slamnav/install/slam_toolbox/include/slam_toolbox/slam_toolbox/srv/detail/pause__rosidl_typesupport_introspection_cpp.hpp
[1.044s] -- Up-to-date symlink: /home/pierres/COURS/slamnav/install/slam_toolbox/include/slam_toolbox/slam_toolbox/srv/detail/save_map__rosidl_typesupport_introspection_cpp.hpp
[1.044s] -- Up-to-date symlink: /home/pierres/COURS/slamnav/install/slam_toolbox/include/slam_toolbox/slam_toolbox/srv/detail/serialize_pose_graph__rosidl_typesupport_introspection_cpp.hpp
[1.044s] -- Up-to-date symlink: /home/pierres/COURS/slamnav/install/slam_toolbox/include/slam_toolbox/slam_toolbox/srv/detail/toggle_interactive__rosidl_typesupport_introspection_cpp.hpp
[1.044s] -- Up-to-date symlink: /home/pierres/COURS/slamnav/install/slam_toolbox/share/slam_toolbox/environment/pythonpath.sh
[1.046s] -- Up-to-date symlink: /home/pierres/COURS/slamnav/install/slam_toolbox/share/slam_toolbox/environment/pythonpath.dsv
[1.046s] -- Up-to-date symlink: /home/pierres/COURS/slamnav/install/slam_toolbox/local/lib/python3.10/dist-packages/slam_toolbox-2.6.8-py3.10.egg-info/PKG-INFO
[1.046s] -- Up-to-date symlink: /home/pierres/COURS/slamnav/install/slam_toolbox/local/lib/python3.10/dist-packages/slam_toolbox-2.6.8-py3.10.egg-info/SOURCES.txt
[1.046s] -- Up-to-date symlink: /home/pierres/COURS/slamnav/install/slam_toolbox/local/lib/python3.10/dist-packages/slam_toolbox-2.6.8-py3.10.egg-info/dependency_links.txt
[1.046s] -- Up-to-date symlink: /home/pierres/COURS/slamnav/install/slam_toolbox/local/lib/python3.10/dist-packages/slam_toolbox-2.6.8-py3.10.egg-info/top_level.txt
[1.046s] -- Up-to-date symlink: /home/pierres/COURS/slamnav/install/slam_toolbox/local/lib/python3.10/dist-packages/slam_toolbox/__init__.py
[1.047s] -- Up-to-date symlink: /home/pierres/COURS/slamnav/install/slam_toolbox/local/lib/python3.10/dist-packages/slam_toolbox/_slam_toolbox_s.ep.rosidl_typesupport_c.c
[1.047s] -- Up-to-date symlink: /home/pierres/COURS/slamnav/install/slam_toolbox/local/lib/python3.10/dist-packages/slam_toolbox/_slam_toolbox_s.ep.rosidl_typesupport_fastrtps_c.c
[1.047s] -- Up-to-date symlink: /home/pierres/COURS/slamnav/install/slam_toolbox/local/lib/python3.10/dist-packages/slam_toolbox/_slam_toolbox_s.ep.rosidl_typesupport_introspection_c.c
[1.047s] -- Up-to-date symlink: /home/pierres/COURS/slamnav/install/slam_toolbox/local/lib/python3.10/dist-packages/slam_toolbox/libslam_toolbox__rosidl_generator_py.so
[1.047s] -- Up-to-date symlink: /home/pierres/COURS/slamnav/install/slam_toolbox/local/lib/python3.10/dist-packages/slam_toolbox/slam_toolbox_s__rosidl_typesupport_c.cpython-310-x86_64-linux-gnu.so
[1.047s] -- Up-to-date symlink: /home/pierres/COURS/slamnav/install/slam_toolbox/local/lib/python3.10/dist-packages/slam_toolbox/slam_toolbox_s__rosidl_typesupport_fastrtps_c.cpython-310-x86_64-linux-gnu.so
[1.053s] -- Up-to-date symlink: /home/pierres/COURS/slamnav/install/slam_toolbox/local/lib/python3.10/dist-packages/slam_toolbox/slam_toolbox_s__rosidl_typesupport_introspection_c.cpython-310-x86_64-linux-gnu.so
[1.053s] -- Up-to-date symlink: /home/pierres/COURS/slamnav/install/slam_toolbox/local/lib/python3.10/dist-packages/slam_toolbox/srv/__init__.py
[1.053s] -- Up-to-date symlink: /home/pierres/COURS/slamnav/install/slam_toolbox/local/lib/python3.10/dist-packages/slam_toolbox/srv/_add_submap.py
[1.053s] -- Up-to-date symlink: /home/pierres/COURS/slamnav/install/slam_toolbox/local/lib/python3.10/dist-packages/slam_toolbox/srv/_add_submap_s.c
[1.054s] -- Up-to-date symlink: /home/pierres/COURS/slamnav/install/slam_toolbox/local/lib/python3.10/dist-packages/slam_toolbox/srv/_clear.py
[1.054s] -- Up-to-date symlink: /home/pierres/COURS/slamnav/install/slam_toolbox/local/lib/python3.10/dist-packages/slam_toolbox/srv/_clear_queue.py
[1.054s] -- Up-to-date symlink: /home/pierres/COURS/slamnav/install/slam_toolbox/local/lib/python3.10/dist-packages/slam_toolbox/srv/_clear_queue_s.c
[1.054s] -- Up-to-date symlink: /home/pierres/COURS/slamnav/install/slam_toolbox/local/lib/python3.10/dist-packages/slam_toolbox/srv/_clear_s.c
[1.054s] -- Up-to-date symlink: /home/pierres/COURS/slamnav/install/slam_toolbox/local/lib/python3.10/dist-packages/slam_toolbox/srv/_deserialize_pose_graph.py
[1.054s] -- Up-to-date symlink: /home/pierres/COURS/slamnav/install/slam_toolbox/local/lib/python3.10/dist-packages/slam_toolbox/srv/_deserialize_pose_graph_s.c
[1.054s] -- Up-to-date symlink: /home/pierres/COURS/slamnav/install/slam_toolbox/local/lib/python3.10/dist-packages/slam_toolbox/srv/_loop_closure.py
[1.054s] -- Up-to-date symlink: /home/pierres/COURS/slamnav/install/slam_toolbox/local/lib/python3.10/dist-packages/slam_toolbox/srv/_loop_closure_s.c
[1.054s] -- Up-to-date symlink: /home/pierres/COURS/slamnav/install/slam_toolbox/local/lib/python3.10/dist-packages/slam_toolbox/srv/_merge_maps.py
[1.054s] -- Up-to-date symlink: /home/pierres/COURS/slamnav/install/slam_toolbox/local/lib/python3.10/dist-packages/slam_toolbox/srv/_merge_maps_s.c
[1.054s] -- Up-to-date symlink: /home/pierres/COURS/slamnav/install/slam_toolbox/local/lib/python3.10/dist-packages/slam_toolbox/srv/_pause.py
[1.054s] -- Up-to-date symlink: /home/pierres/COURS/slamnav/install/slam_toolbox/local/lib/python3.10/dist-packages/slam_toolbox/srv/_pause_s.c
[1.055s] -- Up-to-date symlink: /home/pierres/COURS/slamnav/install/slam_toolbox/local/lib/python3.10/dist-packages/slam_toolbox/srv/_save_map.py
[1.055s] -- Up-to-date symlink: /home/pierres/COURS/slamnav/install/slam_toolbox/local/lib/python3.10/dist-packages/slam_toolbox/srv/_save_map_s.c
[1.055s] -- Up-to-date symlink: /home/pierres/COURS/slamnav/install/slam_toolbox/local/lib/python3.10/dist-packages/slam_toolbox/srv/_serialize_pose_graph.py
[1.055s] -- Up-to-date symlink: /home/pierres/COURS/slamnav/install/slam_toolbox/local/lib/python3.10/dist-packages/slam_toolbox/srv/_serialize_pose_graph_s.c
[1.055s] -- Up-to-date symlink: /home/pierres/COURS/slamnav/install/slam_toolbox/local/lib/python3.10/dist-packages/slam_toolbox/srv/_toggle_interactive.py
[1.055s] -- Up-to-date symlink: /home/pierres/COURS/slamnav/install/slam_toolbox/local/lib/python3.10/dist-packages/slam_toolbox/srv/_toggle_interactive_s.c
[1.055s] -- Up-to-date symlink: /home/pierres/COURS/slamnav/install/slam_toolbox/local/lib/python3.10/dist-packages/slam_toolbox/slam_toolbox_s__rosidl_typesupport_fastrtps_c.cpython-310-x86_64-linux-gnu.so
[1.055s] -- Up-to-date symlink: /home/pierres/COURS/slamnav/install/slam_toolbox/local/lib/python3.10/dist-packages/slam_toolbox/slam_toolbox_s__rosidl_typesupport_introspection_c.cpython-310-x86_64-linux-gnu.so
[1.055s] -- Up-to-date symlink: /home/pierres/COURS/slamnav/install/slam_toolbox/local/lib/python3.10/dist-packages/slam_toolbox/slam_toolbox_s__rosidl_typesupport_c.cpython-310-x86_64-linux-gnu.so
[1.055s] -- Up-to-date symlink: /home/pierres/COURS/slamnav/install/slam_toolbox/share/slam_toolbox/srv/Pause.idl
[1.055s] -- Up-to-date symlink: /home/pierres/COURS/slamnav/install/slam_toolbox/share/slam_toolbox/srv/ClearQueue.idl
[1.055s] -- Up-to-date symlink: /home/pierres/COURS/slamnav/install/slam_toolbox/share/slam_toolbox/srv/ToggleInteractive.idl
[1.055s] -- Up-to-date symlink: /home/pierres/COURS/slamnav/install/slam_toolbox/share/slam_toolbox/srv/Clear.idl
[1.056s] -- Up-to-date symlink: /home/pierres/COURS/slamnav/install/slam_toolbox/share/slam_toolbox/srv/SaveMap.idl
[1.056s] -- Up-to-date symlink: /home/pierres/COURS/slamnav/install/slam_toolbox/share/slam_toolbox/srv/LoopClosure.idl
[1.056s] -- Up-to-date symlink: /home/pierres/COURS/slamnav/install/slam_toolbox/share/slam_toolbox/srv/MergeMaps.idl
[1.056s] -- Up-to-date symlink: /home/pierres/COURS/slamnav/install/slam_toolbox/share/slam_toolbox/srv/AddSubmap.idl
[1.056s] -- Up-to-date symlink: /home/pierres/COURS/slamnav/install/slam_toolbox/share/slam_toolbox/srv/DeserializePoseGraph.idl
[1.056s] -- Up-to-date symlink: /home/pierres/COURS/slamnav/install/slam_toolbox/share/slam_toolbox/srv/SerializePoseGraph.idl
[1.056s] -- Up-to-date symlink: /home/pierres/COURS/slamnav/install/slam_toolbox/share/slam_toolbox/srvs/Pause.srv
[1.056s] -- Up-to-date symlink: /home/pierres/COURS/slamnav/install/slam_toolbox/share/slam_toolbox/srvs/Pause_Request.msg
[1.056s] -- Up-to-date symlink: /home/pierres/COURS/slamnav/install/slam_toolbox/share/slam_toolbox/srvs/Pause_Response.msg
[1.056s] -- Up-to-date symlink: /home/pierres/COURS/slamnav/install/slam_toolbox/share/slam_toolbox/srvs/ClearQueue.srv
[1.056s] -- Up-to-date symlink: /home/pierres/COURS/slamnav/install/slam_toolbox/share/slam_toolbox/srvs/ClearQueue_Request.msg
[1.056s] -- Up-to-date symlink: /home/pierres/COURS/slamnav/install/slam_toolbox/share/slam_toolbox/srvs/ClearQueue_Response.msg
[1.056s] -- Up-to-date symlink: /home/pierres/COURS/slamnav/install/slam_toolbox/share/slam_toolbox/srvs/ToggleInteractive.srv
[1.057s] -- Up-to-date symlink: /home/pierres/COURS/slamnav/install/slam_toolbox/share/slam_toolbox/srvs/ToggleInteractive_Request.msg
[1.057s] -- Up-to-date symlink: /home/pierres/COURS/slamnav/install/slam_toolbox/share/slam_toolbox/srvs/ToggleInteractive_Response.msg
[1.062s] -- Up-to-date symlink: /home/pierres/COURS/slamnav/install/slam_toolbox/share/slam_toolbox/srvs/Clear.srv
[1.062s] -- Up-to-date symlink: /home/pierres/COURS/slamnav/install/slam_toolbox/share/slam_toolbox/srvs/Clear_Request.msg
[1.063s] -- Up-to-date symlink: /home/pierres/COURS/slamnav/install/slam_toolbox/share/slam_toolbox/srvs/Clear_Response.msg
[1.063s] -- Up-to-date symlink: /home/pierres/COURS/slamnav/install/slam_toolbox/share/slam_toolbox/srvs/SaveMap.srv
[1.063s] -- Up-to-date symlink: /home/pierres/COURS/slamnav/install/slam_toolbox/share/slam_toolbox/srvs/SaveMap_Request.msg
[1.063s] -- Up-to-date symlink: /home/pierres/COURS/slamnav/install/slam_toolbox/share/slam_toolbox/srvs/SaveMap_Response.msg
[1.065s] -- Up-to-date symlink: /home/pierres/COURS/slamnav/install/slam_toolbox/share/slam_toolbox/srvs/LoopClosure.srv
[1.065s] -- Up-to-date symlink: /home/pierres/COURS/slamnav/install/slam_toolbox/share/slam_toolbox/srvs/LoopClosure_Request.msg
[1.065s] -- Up-to-date symlink: /home/pierres/COURS/slamnav/install/slam_toolbox/share/slam_toolbox/srvs/LoopClosure_Response.msg
[1.065s] -- Up-to-date symlink: /home/pierres/COURS/slamnav/install/slam_toolbox/share/slam_toolbox/srvs/MergeMaps.srv
[1.065s] -- Up-to-date symlink: /home/pierres/COURS/slamnav/install/slam_toolbox/share/slam_toolbox/srvs/MergeMaps_Request.msg
[1.065s] -- Up-to-date symlink: /home/pierres/COURS/slamnav/install/slam_toolbox/share/slam_toolbox/srvs/MergeMaps_Response.msg
[1.065s] -- Up-to-date symlink: /home/pierres/COURS/slamnav/install/slam_toolbox/share/slam_toolbox/srvs/AddSubmap.srv
[1.066s] -- Up-to-date symlink: /home/pierres/COURS/slamnav/install/slam_toolbox/share/slam_toolbox/srvs/AddSubmap_Request.msg
[1.066s] -- Up-to-date symlink: /home/pierres/COURS/slamnav/install/slam_toolbox/share/slam_toolbox/srvs/AddSubmap_Response.msg
[1.066s] -- Up-to-date symlink: /home/pierres/COURS/slamnav/install/slam_toolbox/share/slam_toolbox/srvs/DeserializePoseGraph.srv
[1.066s] -- Up-to-date symlink: /home/pierres/COURS/slamnav/install/slam_toolbox/share/slam_toolbox/srvs/DeserializePoseGraph_Request.msg
[1.066s] -- Up-to-date symlink: /home/pierres/COURS/slamnav/install/slam_toolbox/share/slam_toolbox/srvs/DeserializePoseGraph_Response.msg
[1.066s] -- Up-to-date symlink: /home/pierres/COURS/slamnav/install/slam_toolbox/share/slam_toolbox/srvs/SerializePoseGraph.srv
[1.066s] -- Up-to-date symlink: /home/pierres/COURS/slamnav/install/slam_toolbox/share/slam_toolbox/srvs/SerializePoseGraph_Request.msg
[1.066s] -- Up-to-date symlink: /home/pierres/COURS/slamnav/install/slam_toolbox/share/slam_toolbox/srvs/SerializePoseGraph_Response.msg
[1.066s] -- Up-to-date symlink: /home/pierres/COURS/slamnav/install/slam_toolbox/share/slam_toolbox//rviz_plugins.xml
[1.066s] -- Up-to-date symlink: /home/pierres/COURS/slamnav/install/slam_toolbox/share/slam_toolbox//solver_plugins.xml
[1.066s] -- Up-to-date symlink: /home/pierres/COURS/slamnav/install/slam_toolbox/lib/slam_toolbox/async_slam_toolbox_node
[1.066s] -- Up-to-date symlink: /home/pierres/COURS/slamnav/install/slam_toolbox/lib/slam_toolbox/sync_slam_toolbox_node
[1.067s] -- Up-to-date symlink: /home/pierres/COURS/slamnav/install/slam_toolbox/lib/slam_toolbox/localization_slam_toolbox_node
[1.067s] -- Up-to-date symlink: /home/pierres/COURS/slamnav/install/slam_toolbox/lib/slam_toolbox/map_and_localization_slam_toolbox_node
[1.067s] -- Up-to-date symlink: /home/pierres/COURS/slamnav/install/slam_toolbox/lib/slam_toolbox/merge_maps_kinematic
[1.067s] -- Up-to-date symlink: /home/pierres/COURS/slamnav/install/slam_toolbox/lib/libtoolbox_common.so
[1.067s] -- Up-to-date symlink: /home/pierres/COURS/slamnav/install/slam_toolbox/lib/libSlamToolboxPlugin.so
[1.067s] -- Up-to-date symlink: /home/pierres/COURS/slamnav/install/slam_toolbox/lib/libceres_solver_plugin.so
[1.067s] -- Up-to-date symlink: /home/pierres/COURS/slamnav/install/slam_toolbox/lib/libasync_slam_toolbox.so
[1.067s] -- Up-to-date symlink: /home/pierres/COURS/slamnav/install/slam_toolbox/lib/libsync_slam_toolbox.so
[1.067s] -- Up-to-date symlink: /home/pierres/COURS/slamnav/install/slam_toolbox/lib/liblocalization_slam_toolbox.so
[1.067s] -- Up-to-date symlink: /home/pierres/COURS/slamnav/install/slam_toolbox/lib/liblifelong_slam_toolbox.so
[1.067s] -- Up-to-date symlink: /home/pierres/COURS/slamnav/install/slam_toolbox/lib/libmap_and_localization_slam_toolbox.so
[1.067s] -- Up-to-date symlink: /home/pierres/COURS/slamnav/install/slam_toolbox/lib/libkartoSlamToolbox.so
[1.067s] -- Up-to-date symlink: /home/pierres/COURS/slamnav/install/slam_toolbox/include/slam_toolbox/experimental/slam_toolbox_lifelong.hpp
[1.068s] -- Up-to-date symlink: /home/pierres/COURS/slamnav/install/slam_toolbox/include/slam_toolbox/experimental/slam_toolbox_map_and_localization.hpp
[1.068s] -- Up-to-date symlink: /home/pierres/COURS/slamnav/install/slam_toolbox/include/slam_toolbox/get_pose_helper.hpp
[1.068s] -- Up-to-date symlink: /home/pierres/COURS/slamnav/install/slam_toolbox/include/slam_toolbox/laser_utils.hpp
[1.068s] -- Up-to-date symlink: /home/pierres/COURS/slamnav/install/slam_toolbox/include/slam_toolbox/loop_closure_assistant.hpp
[1.084s] -- Up-to-date symlink: /home/pierres/COURS/slamnav/install/slam_toolbox/include/slam_toolbox/map_saver.hpp
[1.084s] -- Up-to-date symlink: /home/pierres/COURS/slamnav/install/slam_toolbox/include/slam_toolbox/merge_maps_kinematic.hpp
[1.084s] -- Up-to-date symlink: /home/pierres/COURS/slamnav/install/slam_toolbox/include/slam_toolbox/serialization.hpp
[1.084s] -- Up-to-date symlink: /home/pierres/COURS/slamnav/install/slam_toolbox/include/slam_toolbox/slam_mapper.hpp
[1.085s] -- Up-to-date symlink: /home/pierres/COURS/slamnav/install/slam_toolbox/include/slam_toolbox/slam_toolbox_async.hpp
[1.085s] -- Up-to-date symlink: /home/pierres/COURS/slamnav/install/slam_toolbox/include/slam_toolbox/slam_toolbox_common.hpp
[1.085s] -- Up-to-date symlink: /home/pierres/COURS/slamnav/install/slam_toolbox/include/slam_toolbox/slam_toolbox_localization.hpp
[1.085s] -- Up-to-date symlink: /home/pierres/COURS/slamnav/install/slam_toolbox/include/slam_toolbox/slam_toolbox_sync.hpp
[1.085s] -- Up-to-date symlink: /home/pierres/COURS/slamnav/install/slam_toolbox/include/slam_toolbox/snap_utils.hpp
[1.085s] -- Up-to-date symlink: /home/pierres/COURS/slamnav/install/slam_toolbox/include/slam_toolbox/toolbox_msgs.hpp
[1.085s] -- Up-to-date symlink: /home/pierres/COURS/slamnav/install/slam_toolbox/include/slam_toolbox/toolbox_types.hpp
[1.085s] -- Up-to-date symlink: /home/pierres/COURS/slamnav/install/slam_toolbox/include/slam_toolbox/visualization_utils.hpp
[1.085s] -- Up-to-date symlink: /home/pierres/COURS/slamnav/install/slam_toolbox/share/slam_toolbox/launch/localization_launch.py
[1.089s] -- Up-to-date symlink: /home/pierres/COURS/slamnav/install/slam_toolbox/share/slam_toolbox/launch/merge_maps_kinematic_launch.py
[1.089s] -- Up-to-date symlink: /home/pierres/COURS/slamnav/install/slam_toolbox/share/slam_toolbox/launch/offline_launch.py
[1.089s] -- Up-to-date symlink: /home/pierres/COURS/slamnav/install/slam_toolbox/share/slam_toolbox/launch/online_async_launch.py
[1.089s] -- Up-to-date symlink: /home/pierres/COURS/slamnav/install/slam_toolbox/share/slam_toolbox/launch/online_sync_launch.py
[1.089s] -- Up-to-date symlink: /home/pierres/COURS/slamnav/install/slam_toolbox/share/slam_toolbox/config/mapper_params_lifelong.yaml
[1.089s] -- Up-to-date symlink: /home/pierres/COURS/slamnav/install/slam_toolbox/share/slam_toolbox/config/mapper_params_localization.yaml
[1.089s] -- Up-to-date symlink: /home/pierres/COURS/slamnav/install/slam_toolbox/share/slam_toolbox/config/mapper_params_offline.yaml
[1.089s] -- Up-to-date symlink: /home/pierres/COURS/slamnav/install/slam_toolbox/share/slam_toolbox/config/mapper_params_online_async.yaml
[1.089s] -- Up-to-date symlink: /home/pierres/COURS/slamnav/install/slam_toolbox/share/slam_toolbox/config/mapper_params_online_sync.yaml
[1.089s] -- Up-to-date symlink: /home/pierres/COURS/slamnav/install/slam_toolbox/share/slam_toolbox/config/slam_toolbox_default.rviz
[1.089s] -- Up-to-date symlink: /home/pierres/COURS/slamnav/install/slam_toolbox/share/solver_plugins.xml
[1.090s] -- Up-to-date symlink: /home/pierres/COURS/slamnav/install/slam_toolbox/share/rviz_plugins.xml
[1.090s] -- Up-to-date symlink: /home/pierres/COURS/slamnav/install/slam_toolbox/share/ament_index/resource_index/package_run_dependencies/slam_toolbox
[1.090s] -- Up-to-date symlink: /home/pierres/COURS/slamnav/install/slam_toolbox/share/ament_index/resource_index/parent_prefix_path/slam_toolbox
[1.090s] -- Up-to-date symlink: /home/pierres/COURS/slamnav/install/slam_toolbox/share/slam_toolbox/environment/ament_prefix_path.sh
[1.090s] -- Up-to-date symlink: /home/pierres/COURS/slamnav/install/slam_toolbox/share/slam_toolbox/environment/ament_prefix_path.dsv
[1.090s] -- Up-to-date symlink: /home/pierres/COURS/slamnav/install/slam_toolbox/share/slam_toolbox/environment/path.sh
[1.090s] -- Up-to-date symlink: /home/pierres/COURS/slamnav/install/slam_toolbox/share/slam_toolbox/environment/path.dsv
[1.090s] -- Up-to-date symlink: /home/pierres/COURS/slamnav/install/slam_toolbox/share/slam_toolbox/local_setup.bash
[1.090s] -- Up-to-date symlink: /home/pierres/COURS/slamnav/install/slam_toolbox/share/slam_toolbox/local_setup.sh
[1.090s] -- Up-to-date symlink: /home/pierres/COURS/slamnav/install/slam_toolbox/share/slam_toolbox/local_setup.zsh
[1.090s] -- Up-to-date symlink: /home/pierres/COURS/slamnav/install/slam_toolbox/share/slam_toolbox/local_setup.dsv
[1.090s] -- Symlinking: /home/pierres/COURS/slamnav/install/slam_toolbox/share/slam_toolbox/package.dsv
[1.103s] -- Up-to-date symlink: /home/pierres/COURS/slamnav/install/slam_toolbox/share/ament_index/resource_index/packages/slam_toolbox
[1.103s] -- Up-to-date symlink: /home/pierres/COURS/slamnav/install/slam_toolbox/share/ament_index/resource_index/rviz_common__pluginlib__plugin/slam_toolbox
[1.103s] -- Up-to-date symlink: /home/pierres/COURS/slamnav/install/slam_toolbox/share/ament_index/resource_index/slam_toolbox__pluginlib__plugin/slam_toolbox
[1.103s] -- Up-to-date symlink: /home/pierres/COURS/slamnav/install/slam_toolbox/share/ament_index/resource_index/rclcpp_components/slam_toolbox
[1.103s] -- Up-to-date symlink: /home/pierres/COURS/slamnav/install/slam_toolbox/share/slam_toolbox/cmake/rosidl_cmake-extras.cmake
[1.103s] -- Up-to-date symlink: /home/pierres/COURS/slamnav/install/slam_toolbox/share/slam_toolbox/cmake/ament_cmake_export_dependencies-extras.cmake
[1.103s] -- Up-to-date symlink: /home/pierres/COURS/slamnav/install/slam_toolbox/share/slam_toolbox/cmake/ament_cmake_export_include_directories-extras.cmake
[1.103s] -- Up-to-date symlink: /home/pierres/COURS/slamnav/install/slam_toolbox/share/slam_toolbox/cmake/ament_cmake_export_libraries-extras.cmake
[1.104s] -- Up-to-date symlink: /home/pierres/COURS/slamnav/install/slam_toolbox/share/slam_toolbox/cmake/ament_cmake_export_targets-extras.cmake
[1.104s] -- Up-to-date symlink: /home/pierres/COURS/slamnav/install/slam_toolbox/share/slam_toolbox/cmake/rosidl_cmake_export_typesupport_targets-extras.cmake
[1.104s] -- Up-to-date symlink: /home/pierres/COURS/slamnav/install/slam_toolbox/share/slam_toolbox/cmake/rosidl_cmake_export_typesupport_libraries-extras.cmake
[1.104s] -- Up-to-date symlink: /home/pierres/COURS/slamnav/install/slam_toolbox/share/slam_toolbox/cmake/slam_toolboxConfig.cmake
[1.104s] -- Up-to-date symlink: /home/pierres/COURS/slamnav/install/slam_toolbox/share/slam_toolbox/cmake/slam_toolboxConfig-version.cmake
[1.104s] -- Up-to-date symlink: /home/pierres/COURS/slamnav/install/slam_toolbox/share/slam_toolbox/package.xml
[1.104s] -- Up-to-date: /home/pierres/COURS/slamnav/install/slam_toolbox/lib/libslam_toolbox__rosidl_generator_c.so
[1.104s] -- Up-to-date: /home/pierres/COURS/slamnav/install/slam_toolbox/lib/libslam_toolbox__rosidl_typesupport_fastrtps_c.so
[1.104s] -- Up-to-date: /home/pierres/COURS/slamnav/install/slam_toolbox/lib/libslam_toolbox__rosidl_typesupport_fastrtps_cpp.so
[1.104s] -- Up-to-date: /home/pierres/COURS/slamnav/install/slam_toolbox/lib/libslam_toolbox__rosidl_typesupport_introspection_c.so
[1.104s] -- Up-to-date: /home/pierres/COURS/slamnav/install/slam_toolbox/lib/libslam_toolbox__rosidl_typesupport_c.so
[1.105s] -- Up-to-date: /home/pierres/COURS/slamnav/install/slam_toolbox/lib/libslam_toolbox__rosidl_typesupport_introspection_cpp.so
[1.105s] -- Up-to-date: /home/pierres/COURS/slamnav/install/slam_toolbox/lib/libslam_toolbox__rosidl_typesupport_cpp.so
[1.148s] Listing '/home/pierres/COURS/slamnav/install/slam_toolbox/local/lib/python3.10/dist-packages/slam_toolbox'...
[1.149s] Listing '/home/pierres/COURS/slamnav/install/slam_toolbox/local/lib/python3.10/dist-packages/slam_toolbox/srv'...
[1.165s] -- Up-to-date: /home/pierres/COURS/slamnav/install/slam_toolbox/lib/libslam_toolbox__rosidl_generator_py.so
[1.165s] -- Up-to-date: /home/pierres/COURS/slamnav/install/slam_toolbox/share/slam_toolbox/cmake/export_slam_toolbox__rosidl_generator_cExport.cmake
[1.165s] -- Up-to-date: /home/pierres/COURS/slamnav/install/slam_toolbox/share/slam_toolbox/cmake/export_slam_toolbox__rosidl_generator_cExport-release.cmake
[1.165s] -- Up-to-date: /home/pierres/COURS/slamnav/install/slam_toolbox/share/slam_toolbox/cmake/export_slam_toolbox__rosidl_typesupport_fastrtps_cExport.cmake
[1.166s] -- Up-to-date: /home/pierres/COURS/slamnav/install/slam_toolbox/share/slam_toolbox/cmake/export_slam_toolbox__rosidl_typesupport_fastrtps_cExport-release.cmake
[1.166s] -- Up-to-date: /home/pierres/COURS/slamnav/install/slam_toolbox/share/slam_toolbox/cmake/export_slam_toolbox__rosidl_generator_cppExport.cmake
[1.166s] -- Up-to-date: /home/pierres/COURS/slamnav/install/slam_toolbox/share/slam_toolbox/cmake/export_slam_toolbox__rosidl_typesupport_fastrtps_cppExport.cmake
[1.166s] -- Up-to-date: /home/pierres/COURS/slamnav/install/slam_toolbox/share/slam_toolbox/cmake/export_slam_toolbox__rosidl_typesupport_fastrtps_cppExport-release.cmake
[1.174s] -- Up-to-date: /home/pierres/COURS/slamnav/install/slam_toolbox/share/slam_toolbox/cmake/slam_toolbox__rosidl_typesupport_introspection_cExport.cmake
[1.174s] -- Up-to-date: /home/pierres/COURS/slamnav/install/slam_toolbox/share/slam_toolbox/cmake/slam_toolbox__rosidl_typesupport_introspection_cExport-release.cmake
[1.174s] -- Up-to-date: /home/pierres/COURS/slamnav/install/slam_toolbox/share/slam_toolbox/cmake/slam_toolbox__rosidl_typesupport_cExport.cmake
[1.174s] -- Up-to-date: /home/pierres/COURS/slamnav/install/slam_toolbox/share/slam_toolbox/cmake/slam_toolbox__rosidl_typesupport_cExport-release.cmake
[1.174s] -- Up-to-date: /home/pierres/COURS/slamnav/install/slam_toolbox/share/slam_toolbox/cmake/slam_toolbox__rosidl_typesupport_introspection_cppExport.cmake
[1.174s] -- Up-to-date: /home/pierres/COURS/slamnav/install/slam_toolbox/share/slam_toolbox/cmake/slam_toolbox__rosidl_typesupport_introspection_cppExport-release.cmake
[1.174s] -- Up-to-date: /home/pierres/COURS/slamnav/install/slam_toolbox/share/slam_toolbox/cmake/slam_toolbox__rosidl_typesupport_cppExport.cmake
[1.174s] -- Up-to-date: /home/pierres/COURS/slamnav/install/slam_toolbox/share/slam_toolbox/cmake/slam_toolbox__rosidl_typesupport_cppExport-release.cmake
[1.175s] -- Up-to-date: /home/pierres/COURS/slamnav/install/slam_toolbox/share/slam_toolbox/cmake/export_slam_toolbox__rosidl_generator_pyExport.cmake
[1.175s] -- Up-to-date: /home/pierres/COURS/slamnav/install/slam_toolbox/share/slam_toolbox/cmake/export_slam_toolbox__rosidl_generator_pyExport-release.cmake
[1.175s] -- Up-to-date: /home/pierres/COURS/slamnav/install/slam_toolbox/share/slam_toolbox/cmake/SlamToolboxPluginExport.cmake
[1.175s] -- Up-to-date: /home/pierres/COURS/slamnav/install/slam_toolbox/share/slam_toolbox/cmake/SlamToolboxPluginExport-release.cmake
[1.176s] Invoked command in '/home/pierres/COURS/slamnav/build/slam_toolbox' returned '0': CMAKE_PREFIX_PATH=/home/pierres/COURS/slamnav/install/nav2_map_server:/home/pierres/COURS/slamnav/install/nav2_util:/home/pierres/COURS/slamnav/install/nav2_msgs:/home/pierres/COURS/slamnav/install/nav2_common:/home/pierres/COURS/slamnav/install/nav2_system_tests:/home/pierres/COURS/slamnav/install/nav2_bringup:/home/pierres/COURS/slamnav/install/slam_toolbox:/home/pierres/COURS/slamnav/install/navigation2:/home/pierres/COURS/slamnav/install/nav2_smoother:/home/pierres/COURS/slamnav/install/nav2_graceful_controller:/home/pierres/COURS/slamnav/install/nav2_dwb_controller:/home/pierres/COURS/slamnav/install/nav2_controller:/home/pierres/COURS/slamnav/install/dwb_plugins:/home/pierres/COURS/slamnav/install/dwb_critics:/home/pierres/COURS/slamnav/install/dwb_core:/home/pierres/COURS/slamnav/install/nav_2d_utils:/home/pierres/COURS/slamnav/install/dwb_msgs:/home/pierres/COURS/slamnav/install/nav_2d_msgs:/home/pierres/COURS/slamnav/install/nav2_waypoint_follower:/home/pierres/COURS/slamnav/install/nav2_theta_star_planner:/home/pierres/COURS/slamnav/install/nav2_smac_planner:/home/pierres/COURS/slamnav/install/nav2_rotation_shim_controller:/home/pierres/COURS/slamnav/install/nav2_regulated_pure_pursuit_controller:/home/pierres/COURS/slamnav/install/nav2_planner:/home/pierres/COURS/slamnav/install/nav2_navfn_planner:/home/pierres/COURS/slamnav/install/nav2_mppi_controller:/home/pierres/COURS/slamnav/install/nav2_constrained_smoother:/home/pierres/COURS/slamnav/install/nav2_bt_navigator:/home/pierres/COURS/slamnav/install/nav2_behaviors:/home/pierres/COURS/slamnav/install/nav2_core:/home/pierres/COURS/slamnav/install/nav2_collision_monitor:/home/pierres/COURS/slamnav/install/costmap_queue:/home/pierres/COURS/slamnav/install/nav2_costmap_2d:/home/pierres/COURS/slamnav/install/nav2_voxel_grid:/home/pierres/COURS/slamnav/install/nav2_velocity_smoother:/home/pierres/COURS/slamnav/install/nav2_rviz_plugins:/home/pierres/COURS/slamnav/install/nav2_lifecycle_manager:/home/pierres/COURS/slamnav/install/nav2_behavior_tree:/home/pierres/COURS/slamnav/install/nav2_amcl:/opt/ros/humble:/home/pierres/COURS/slamnav/install/slamnav_turtlebot:/home/pierres/COURS/slamnav/install/nav2_simple_commander LD_LIBRARY_PATH=/home/pierres/COURS/slamnav/install/nav2_map_server/lib:/home/pierres/COURS/slamnav/install/nav2_util/lib:/home/pierres/COURS/slamnav/install/nav2_msgs/lib:/usr/lib/x86_64-linux-gnu/gazebo-11/plugins:/opt/ros/humble/opt/rviz_ogre_vendor/lib:/opt/ros/humble/lib/x86_64-linux-gnu:/opt/ros/humble/lib:/home/pierres/COURS/slamnav/install/slam_toolbox/lib:/home/pierres/COURS/slamnav/install/nav2_smoother/lib:/home/pierres/COURS/slamnav/install/nav2_graceful_controller/lib:/home/pierres/COURS/slamnav/install/nav2_controller/lib:/home/pierres/COURS/slamnav/install/dwb_plugins/lib:/home/pierres/COURS/slamnav/install/dwb_critics/lib:/home/pierres/COURS/slamnav/install/dwb_core/lib:/home/pierres/COURS/slamnav/install/nav_2d_utils/lib:/home/pierres/COURS/slamnav/install/dwb_msgs/lib:/home/pierres/COURS/slamnav/install/nav_2d_msgs/lib:/home/pierres/COURS/slamnav/install/nav2_waypoint_follower/lib:/home/pierres/COURS/slamnav/install/nav2_theta_star_planner/lib:/home/pierres/COURS/slamnav/install/nav2_smac_planner/lib:/home/pierres/COURS/slamnav/install/nav2_rotation_shim_controller/lib:/home/pierres/COURS/slamnav/install/nav2_regulated_pure_pursuit_controller/lib:/home/pierres/COURS/slamnav/install/nav2_planner/lib:/home/pierres/COURS/slamnav/install/nav2_navfn_planner/lib:/home/pierres/COURS/slamnav/install/nav2_mppi_controller/lib:/home/pierres/COURS/slamnav/install/nav2_constrained_smoother/lib:/home/pierres/COURS/slamnav/install/nav2_bt_navigator/lib:/home/pierres/COURS/slamnav/install/nav2_behaviors/lib:/home/pierres/COURS/slamnav/install/nav2_collision_monitor/lib:/home/pierres/COURS/slamnav/install/costmap_queue/lib:/home/pierres/COURS/slamnav/install/nav2_costmap_2d/lib:/home/pierres/COURS/slamnav/install/nav2_voxel_grid/lib:/home/pierres/COURS/slamnav/install/nav2_velocity_smoother/lib:/home/pierres/COURS/slamnav/install/nav2_rviz_plugins/lib:/home/pierres/COURS/slamnav/install/nav2_lifecycle_manager/lib:/home/pierres/COURS/slamnav/install/nav2_behavior_tree/lib:/home/pierres/COURS/slamnav/install/nav2_amcl/lib /usr/bin/cmake --install /home/pierres/COURS/slamnav/build/slam_toolbox
