[0.058s] Invoking command in '/home/pierres/COURS/slamnav/build/nav2_costmap_2d': AMENT_PREFIX_PATH=/home/pierres/COURS/slamnav/install/nav2_map_server:/home/pierres/COURS/slamnav/install/nav2_lifecycle_manager:/home/pierres/COURS/slamnav/install/nav2_util:/home/pierres/COURS/slamnav/install/nav2_voxel_grid:/home/pierres/COURS/slamnav/install/nav2_msgs:/home/pierres/COURS/slamnav/install/nav2_common:${AMENT_PREFIX_PATH} CMAKE_PREFIX_PATH=/home/pierres/COURS/slamnav/install/nav2_map_server:/home/pierres/COURS/slamnav/install/nav2_lifecycle_manager:/home/pierres/COURS/slamnav/install/nav2_util:/home/pierres/COURS/slamnav/install/nav2_voxel_grid:/home/pierres/COURS/slamnav/install/nav2_msgs:/home/pierres/COURS/slamnav/install/nav2_common:/home/pierres/COURS/slamnav/install/slam_toolbox:/opt/ros/humble:/home/pierres/COURS/slamnav/install/slamnav_turtlebot LD_LIBRARY_PATH=/home/pierres/COURS/slamnav/install/nav2_map_server/lib:/home/pierres/COURS/slamnav/install/nav2_lifecycle_manager/lib:/home/pierres/COURS/slamnav/install/nav2_util/lib:/home/pierres/COURS/slamnav/install/nav2_voxel_grid/lib:/home/pierres/COURS/slamnav/install/nav2_msgs/lib:${LD_LIBRARY_PATH} PYTHONPATH=/home/pierres/COURS/slamnav/install/nav2_msgs/local/lib/python3.10/dist-packages:/home/pierres/COURS/slamnav/install/nav2_common/local/lib/python3.10/dist-packages:${PYTHONPATH} /usr/bin/cmake /home/pierres/COURS/slamnav/src/navigation2/nav2_costmap_2d -DCMAKE_BUILD_TYPE=Humble -DAMENT_CMAKE_SYMLINK_INSTALL=1 -DCMAKE_INSTALL_PREFIX=/home/pierres/COURS/slamnav/install/nav2_costmap_2d
[0.209s] -- The C compiler identification is GNU 11.4.0
[0.383s] -- The CXX compiler identification is GNU 11.4.0
[0.406s] -- Detecting C compiler ABI info
[0.623s] -- Detecting C compiler ABI info - done
[0.644s] -- Check for working C compiler: /usr/bin/cc - skipped
[0.645s] -- Detecting C compile features
[0.656s] -- Detecting C compile features - done
[0.661s] -- Detecting CXX compiler ABI info
[0.915s] -- Detecting CXX compiler ABI info - done
[0.937s] -- Check for working CXX compiler: /usr/bin/c++ - skipped
[0.940s] -- Detecting CXX compile features
[0.942s] -- Detecting CXX compile features - done
[0.949s] -- Found ament_cmake: 1.3.10 (/opt/ros/humble/share/ament_cmake/cmake)
[1.457s] -- Found Python3: /usr/bin/python3 (found version "3.10.12") found components: Interpreter 
[1.578s] -- Override CMake install command with custom implementation using symlinks instead of copying resources
[1.634s] -- Found geometry_msgs: 4.2.4 (/opt/ros/humble/share/geometry_msgs/cmake)
[1.753s] -- Found rosidl_generator_c: 3.1.5 (/opt/ros/humble/share/rosidl_generator_c/cmake)
[1.761s] -- Found rosidl_adapter: 3.1.5 (/opt/ros/humble/share/rosidl_adapter/cmake)
[1.775s] -- Found rosidl_generator_cpp: 3.1.5 (/opt/ros/humble/share/rosidl_generator_cpp/cmake)
[1.796s] -- Using all available rosidl_typesupport_c: rosidl_typesupport_fastrtps_c;rosidl_typesupport_introspection_c
[1.825s] -- Using all available rosidl_typesupport_cpp: rosidl_typesupport_fastrtps_cpp;rosidl_typesupport_introspection_cpp
[1.912s] -- Found laser_geometry: 2.4.0 (/opt/ros/humble/share/laser_geometry/cmake)
[1.999s] -- Found rmw_implementation_cmake: 6.1.2 (/opt/ros/humble/share/rmw_implementation_cmake/cmake)
[2.004s] -- Found rmw_cyclonedds_cpp: 1.3.4 (/opt/ros/humble/share/rmw_cyclonedds_cpp/cmake)
[2.057s] -- Using RMW implementation 'rmw_cyclonedds_cpp' as default
[2.072s] -- Looking for pthread.h
[2.216s] -- Looking for pthread.h - found
[2.217s] -- Performing Test CMAKE_HAVE_LIBC_PTHREAD
[2.517s] -- Performing Test CMAKE_HAVE_LIBC_PTHREAD - Success
[2.519s] -- Found Threads: TRUE  
[2.742s] -- Found map_msgs: 2.1.0 (/opt/ros/humble/share/map_msgs/cmake)
[2.814s] -- Found message_filters: 4.3.5 (/opt/ros/humble/share/message_filters/cmake)
[2.820s] -- Found nav2_common: 1.1.16 (/home/pierres/COURS/slamnav/install/nav2_common/share/nav2_common/cmake)
[2.822s] -- Found nav2_msgs: 1.1.16 (/home/pierres/COURS/slamnav/install/nav2_msgs/share/nav2_msgs/cmake)
[2.920s] -- Found nav2_util: 1.1.16 (/home/pierres/COURS/slamnav/install/nav2_util/share/nav2_util/cmake)
[3.099s] -- Found Eigen3: TRUE (found version "3.4.0") 
[3.099s] -- Ensuring Eigen3 include directory is part of orocos-kdl CMake target
[3.186s] -- Found nav2_voxel_grid: 1.1.16 (/home/pierres/COURS/slamnav/install/nav2_voxel_grid/share/nav2_voxel_grid/cmake)
[3.195s] -- Found pluginlib: 5.1.0 (/opt/ros/humble/share/pluginlib/cmake)
[3.222s] -- Found std_srvs: 4.2.4 (/opt/ros/humble/share/std_srvs/cmake)
[3.241s] -- Found tf2_sensor_msgs: 0.25.8 (/opt/ros/humble/share/tf2_sensor_msgs/cmake)
[3.252s] -- Found visualization_msgs: 4.2.4 (/opt/ros/humble/share/visualization_msgs/cmake)
[3.297s] -- Found angles: 1.15.0 (/opt/ros/humble/share/angles/cmake)
[3.302s] -- Found Eigen3: TRUE (found suitable version "3.4.0", minimum required is "3.3") 
[3.606s] -- Found ament_lint_auto: 0.12.11 (/opt/ros/humble/share/ament_lint_auto/cmake)
[4.068s] -- Found gtest sources under '/opt/ros/humble/src/gtest_vendor': C++ tests using 'Google Test' will be built
[4.111s] -- Found gtest sources under '/opt/ros/humble/src/gtest_vendor': C++ tests using 'Google Test' will be built
[4.136s] -- Found gtest sources under '/opt/ros/humble/src/gtest_vendor': C++ tests using 'Google Test' will be built
[4.206s] -- Added test 'cppcheck' to perform static code analysis on C / C++ code
[4.210s] -- Configured cppcheck include dirs: $<BUILD_INTERFACE:/home/pierres/COURS/slamnav/src/navigation2/nav2_costmap_2d/include>
[4.210s] -- Configured cppcheck exclude dirs and/or files: 
[4.214s] -- Added test 'flake8' to check Python code syntax and style conventions
[4.217s] -- Added test 'lint_cmake' to check CMake code style
[4.220s] -- Added test 'pep257' to check Python code against some of the docstring style conventions in PEP 257
[4.228s] -- Added test 'uncrustify' to check C / C++ code style
[4.229s] -- Configured uncrustify additional arguments: 
[4.231s] -- Added test 'xmllint' to check XML markup files
[4.241s] -- Configuring done
[5.544s] -- Generating done
[5.552s] -- Build files have been written to: /home/pierres/COURS/slamnav/build/nav2_costmap_2d
[5.597s] Invoked command in '/home/pierres/COURS/slamnav/build/nav2_costmap_2d' returned '0': AMENT_PREFIX_PATH=/home/pierres/COURS/slamnav/install/nav2_map_server:/home/pierres/COURS/slamnav/install/nav2_lifecycle_manager:/home/pierres/COURS/slamnav/install/nav2_util:/home/pierres/COURS/slamnav/install/nav2_voxel_grid:/home/pierres/COURS/slamnav/install/nav2_msgs:/home/pierres/COURS/slamnav/install/nav2_common:${AMENT_PREFIX_PATH} CMAKE_PREFIX_PATH=/home/pierres/COURS/slamnav/install/nav2_map_server:/home/pierres/COURS/slamnav/install/nav2_lifecycle_manager:/home/pierres/COURS/slamnav/install/nav2_util:/home/pierres/COURS/slamnav/install/nav2_voxel_grid:/home/pierres/COURS/slamnav/install/nav2_msgs:/home/pierres/COURS/slamnav/install/nav2_common:/home/pierres/COURS/slamnav/install/slam_toolbox:/opt/ros/humble:/home/pierres/COURS/slamnav/install/slamnav_turtlebot LD_LIBRARY_PATH=/home/pierres/COURS/slamnav/install/nav2_map_server/lib:/home/pierres/COURS/slamnav/install/nav2_lifecycle_manager/lib:/home/pierres/COURS/slamnav/install/nav2_util/lib:/home/pierres/COURS/slamnav/install/nav2_voxel_grid/lib:/home/pierres/COURS/slamnav/install/nav2_msgs/lib:${LD_LIBRARY_PATH} PYTHONPATH=/home/pierres/COURS/slamnav/install/nav2_msgs/local/lib/python3.10/dist-packages:/home/pierres/COURS/slamnav/install/nav2_common/local/lib/python3.10/dist-packages:${PYTHONPATH} /usr/bin/cmake /home/pierres/COURS/slamnav/src/navigation2/nav2_costmap_2d -DCMAKE_BUILD_TYPE=Humble -DAMENT_CMAKE_SYMLINK_INSTALL=1 -DCMAKE_INSTALL_PREFIX=/home/pierres/COURS/slamnav/install/nav2_costmap_2d
[5.598s] Invoking command in '/home/pierres/COURS/slamnav/build/nav2_costmap_2d': AMENT_PREFIX_PATH=/home/pierres/COURS/slamnav/install/nav2_map_server:/home/pierres/COURS/slamnav/install/nav2_lifecycle_manager:/home/pierres/COURS/slamnav/install/nav2_util:/home/pierres/COURS/slamnav/install/nav2_voxel_grid:/home/pierres/COURS/slamnav/install/nav2_msgs:/home/pierres/COURS/slamnav/install/nav2_common:${AMENT_PREFIX_PATH} CMAKE_PREFIX_PATH=/home/pierres/COURS/slamnav/install/nav2_map_server:/home/pierres/COURS/slamnav/install/nav2_lifecycle_manager:/home/pierres/COURS/slamnav/install/nav2_util:/home/pierres/COURS/slamnav/install/nav2_voxel_grid:/home/pierres/COURS/slamnav/install/nav2_msgs:/home/pierres/COURS/slamnav/install/nav2_common:/home/pierres/COURS/slamnav/install/slam_toolbox:/opt/ros/humble:/home/pierres/COURS/slamnav/install/slamnav_turtlebot LD_LIBRARY_PATH=/home/pierres/COURS/slamnav/install/nav2_map_server/lib:/home/pierres/COURS/slamnav/install/nav2_lifecycle_manager/lib:/home/pierres/COURS/slamnav/install/nav2_util/lib:/home/pierres/COURS/slamnav/install/nav2_voxel_grid/lib:/home/pierres/COURS/slamnav/install/nav2_msgs/lib:${LD_LIBRARY_PATH} PYTHONPATH=/home/pierres/COURS/slamnav/install/nav2_msgs/local/lib/python3.10/dist-packages:/home/pierres/COURS/slamnav/install/nav2_common/local/lib/python3.10/dist-packages:${PYTHONPATH} /usr/bin/cmake --build /home/pierres/COURS/slamnav/build/nav2_costmap_2d -- -j16 -l16
[5.708s] [  1%] [32mBuilding CXX object CMakeFiles/nav2_costmap_2d_core.dir/src/array_parser.cpp.o[0m
[6.187s] [  2%] [32mBuilding CXX object CMakeFiles/nav2_costmap_2d_core.dir/plugins/costmap_filters/costmap_filter.cpp.o[0m
[9.512s] [  3%] [32mBuilding CXX object CMakeFiles/nav2_costmap_2d_core.dir/src/footprint_collision_checker.cpp.o[0m
[12.233s] [  6%] [32mBuilding CXX object CMakeFiles/nav2_costmap_2d_core.dir/src/clear_costmap_service.cpp.o[0m
[12.233s] [  4%] [32mBuilding CXX object CMakeFiles/nav2_costmap_2d_core.dir/src/observation_buffer.cpp.o[0m
[12.233s] [  8%] [32mBuilding CXX object CMakeFiles/nav2_costmap_2d_core.dir/src/footprint.cpp.o[0m
[12.233s] [  8%] [32mBuilding CXX object CMakeFiles/nav2_costmap_2d_core.dir/src/costmap_layer.cpp.o[0m
[17.664s] [  9%] [32mBuilding CXX object CMakeFiles/nav2_costmap_2d_core.dir/src/costmap_2d_publisher.cpp.o[0m
[17.666s] [ 10%] [32mBuilding CXX object CMakeFiles/nav2_costmap_2d_core.dir/src/costmap_math.cpp.o[0m
[18.436s] [ 12%] [32mBuilding CXX object CMakeFiles/nav2_costmap_2d_core.dir/src/costmap_2d_ros.cpp.o[0m
[19.222s] [ 14%] [32mBuilding CXX object CMakeFiles/nav2_costmap_2d_core.dir/src/layered_costmap.cpp.o[0m
[19.225s] [ 14%] [32mBuilding CXX object CMakeFiles/nav2_costmap_2d_core.dir/src/layer.cpp.o[0m
[30.771s] [ 15%] [32mBuilding CXX object CMakeFiles/nav2_costmap_2d_core.dir/src/costmap_2d.cpp.o[0m
[39.271s] [ 17%] [32m[1mLinking CXX shared library libnav2_costmap_2d_core.so[0m
[42.893s] [ 17%] Built target nav2_costmap_2d_core
[42.925s] [ 18%] [32mBuilding CXX object gtest/CMakeFiles/gtest_main.dir/src/gtest_main.cc.o[0m
[42.950s] [ 19%] [32mBuilding CXX object gtest/CMakeFiles/gtest.dir/src/gtest-all.cc.o[0m
[42.962s] [ 20%] [32mBuilding CXX object CMakeFiles/layers.dir/plugins/inflation_layer.cpp.o[0m
[42.963s] [ 21%] [32mBuilding CXX object CMakeFiles/layers.dir/plugins/obstacle_layer.cpp.o[0m
[42.973s] [ 23%] [32mBuilding CXX object CMakeFiles/layers.dir/plugins/static_layer.cpp.o[0m
[45.427s] [ 24%] [32m[1mLinking CXX static library libgtest_main.a[0m
[45.530s] [ 24%] Built target gtest_main
[45.632s] [ 25%] [32mBuilding CXX object test/regression/CMakeFiles/order_layer.dir/order_layer.cpp.o[0m
[45.637s] [ 26%] [32mBuilding CXX object CMakeFiles/nav2_costmap_2d_cloud.dir/src/costmap_2d_cloud.cpp.o[0m
[49.436s] [ 28%] [32m[1mLinking CXX static library libgtest.a[0m
[49.637s] [ 28%] Built target gtest
[53.671s] [ 29%] [32m[1mLinking CXX shared library liborder_layer.so[0m
[55.108s] [ 29%] Built target order_layer
[56.139s] [ 31%] [32mBuilding CXX object test/unit/CMakeFiles/costmap_filter_test.dir/costmap_filter_test.cpp.o[0m
[56.139s] [ 31%] [32mBuilding CXX object test/unit/CMakeFiles/copy_window_test.dir/copy_window_test.cpp.o[0m
[57.146s] [ 32%] [32mBuilding CXX object test/unit/CMakeFiles/costmap_convesion_test.dir/costmap_conversion_test.cpp.o[0m
[57.153s] [ 34%] [32mBuilding CXX object test/unit/CMakeFiles/declare_parameter_test.dir/declare_parameter_test.cpp.o[0m
[57.841s] [ 35%] [32m[1mLinking CXX executable nav2_costmap_2d_cloud[0m
[58.173s] [ 37%] [32mBuilding CXX object test/unit/CMakeFiles/collision_footprint_test.dir/footprint_collision_checker_test.cpp.o[0m
[58.173s] [ 37%] [32mBuilding CXX object test/unit/CMakeFiles/array_parser_test.dir/array_parser_test.cpp.o[0m
[58.583s] [ 37%] Built target nav2_costmap_2d_cloud
[58.617s] [ 39%] [32mBuilding CXX object CMakeFiles/nav2_costmap_2d_markers.dir/src/costmap_2d_markers.cpp.o[0m
[59.180s] [ 41%] [32mBuilding CXX object CMakeFiles/layers.dir/plugins/range_sensor_layer.cpp.o[0m
[59.180s] [ 41%] [32mBuilding CXX object CMakeFiles/layers.dir/plugins/denoise_layer.cpp.o[0m
[59.193s] [ 42%] [32mBuilding CXX object test/unit/CMakeFiles/costmap_filter_service_test.dir/costmap_filter_service_test.cpp.o[0m
[59.197s] [ 43%] [32mBuilding CXX object test/integration/CMakeFiles/dyn_params_tests.dir/dyn_params_tests.cpp.o[0m
[59.386s] [ 45%] [32m[1mLinking CXX executable copy_window_test[0m
[60.102s] [ 46%] [32m[1mLinking CXX executable array_parser_test[0m
[60.217s] [ 48%] [32mBuilding CXX object CMakeFiles/nav2_costmap_2d_client.dir/src/footprint_subscriber.cpp.o[0m
[60.217s] [ 48%] [32mBuilding CXX object CMakeFiles/filters.dir/plugins/costmap_filters/keepout_filter.cpp.o[0m
[60.441s] [ 48%] Built target copy_window_test
[60.474s] [ 50%] [32mBuilding CXX object test/regression/CMakeFiles/costmap_bresenham_2d.dir/costmap_bresenham_2d.cpp.o[0m
[60.546s] [ 51%] [32m[1mLinking CXX executable costmap_filter_test[0m
[62.152s] [ 51%] Built target array_parser_test
[62.187s] [ 52%] [32mBuilding CXX object test/regression/CMakeFiles/plugin_api_order.dir/plugin_api_order.cpp.o[0m
[62.334s] [ 52%] Built target costmap_filter_test
[62.352s] [ 53%] [32mBuilding CXX object CMakeFiles/filters.dir/plugins/costmap_filters/speed_filter.cpp.o[0m
[62.468s] [ 54%] [32m[1mLinking CXX executable costmap_bresenham_2d[0m
[62.791s] [ 56%] [32m[1mLinking CXX executable costmap_convesion_test[0m
[63.138s] [ 57%] [32m[1mLinking CXX executable collision_footprint_test[0m
[64.315s] [ 60%] [32mBuilding CXX object CMakeFiles/layers.dir/plugins/voxel_layer.cpp.o[0m
[64.315s] [ 60%] [32mBuilding CXX object CMakeFiles/layers.dir/src/observation_buffer.cpp.o[0m
[64.315s] [ 60%] [32mBuilding CXX object CMakeFiles/nav2_costmap_2d_client.dir/src/costmap_subscriber.cpp.o[0m
[64.527s] [ 62%] [32m[1mLinking CXX executable declare_parameter_test[0m
[64.558s] [ 62%] Built target costmap_bresenham_2d
[64.574s] [ 63%] [32mBuilding CXX object CMakeFiles/nav2_costmap_2d_client.dir/src/costmap_topic_collision_checker.cpp.o[0m
[64.834s] [ 63%] Built target costmap_convesion_test
[64.852s] [ 64%] [32mBuilding CXX object CMakeFiles/filters.dir/plugins/costmap_filters/binary_filter.cpp.o[0m
[64.862s] [ 64%] Built target collision_footprint_test
[66.323s] [ 65%] [32m[1mLinking CXX executable costmap_filter_service_test[0m
[66.565s] [ 65%] Built target declare_parameter_test
[68.228s] [ 65%] Built target costmap_filter_service_test
[70.419s] [ 67%] [32m[1mLinking CXX executable plugin_api_order[0m
[71.050s] [ 68%] [32m[1mLinking CXX executable dyn_params_tests[0m
[71.331s] [ 68%] Built target plugin_api_order
[72.340s] [ 68%] Built target dyn_params_tests
[73.471s] [ 69%] [32m[1mLinking CXX executable nav2_costmap_2d_markers[0m
[74.102s] [ 69%] Built target nav2_costmap_2d_markers
[74.174s] [ 70%] [32m[1mLinking CXX shared library liblayers.so[0m
[74.373s] [ 71%] [32m[1mLinking CXX shared library libnav2_costmap_2d_client.so[0m
[76.128s] [ 71%] Built target nav2_costmap_2d_client
[76.885s] [ 71%] Built target layers
[76.902s] [ 73%] [32mBuilding CXX object test/integration/CMakeFiles/obstacle_tests_exec.dir/obstacle_tests.cpp.o[0m
[76.903s] [ 74%] [32mBuilding CXX object test/integration/CMakeFiles/footprint_tests_exec.dir/footprint_tests.cpp.o[0m
[76.906s] [ 76%] [32mBuilding CXX object test/unit/CMakeFiles/denoise_layer_test.dir/denoise_layer_test.cpp.o[0m
[76.906s] [ 76%] [32mBuilding CXX object test/integration/CMakeFiles/test_collision_checker_exec.dir/test_costmap_topic_collision_checker.cpp.o[0m
[76.907s] [ 78%] [32mBuilding CXX object test/unit/CMakeFiles/denoise_layer_test.dir/image_processing_test.cpp.o[0m
[76.907s] [ 79%] [32mBuilding CXX object test/integration/CMakeFiles/range_tests_exec.dir/range_tests.cpp.o[0m
[76.909s] [ 80%] [32mBuilding CXX object test/integration/CMakeFiles/inflation_tests_exec.dir/inflation_tests.cpp.o[0m
[76.910s] [ 81%] [32mBuilding CXX object test/unit/CMakeFiles/denoise_layer_test.dir/image_test.cpp.o[0m
[77.296s] [ 82%] [32m[1mLinking CXX shared library libfilters.so[0m
[79.611s] [ 82%] Built target filters
[79.633s] [ 84%] [32mBuilding CXX object test/unit/CMakeFiles/binary_filter_test.dir/binary_filter_test.cpp.o[0m
[79.635s] [ 85%] [32mBuilding CXX object test/unit/CMakeFiles/keepout_filter_test.dir/keepout_filter_test.cpp.o[0m
[79.637s] [ 86%] [32mBuilding CXX object CMakeFiles/nav2_costmap_2d.dir/src/costmap_2d_node.cpp.o[0m
[79.637s] [ 87%] [32mBuilding CXX object test/unit/CMakeFiles/speed_filter_test.dir/speed_filter_test.cpp.o[0m
[80.827s] [ 89%] [32m[1mLinking CXX executable footprint_tests_exec[0m
[81.489s] [ 90%] [32m[1mLinking CXX executable denoise_layer_test[0m
[82.125s] [ 90%] Built target footprint_tests_exec
[84.217s] [ 90%] Built target denoise_layer_test
[85.957s] [ 91%] [32m[1mLinking CXX executable test_collision_checker_exec[0m
[86.330s] [ 92%] [32m[1mLinking CXX executable nav2_costmap_2d[0m
[86.567s] [ 93%] [32m[1mLinking CXX executable range_tests_exec[0m
[86.656s] [ 95%] [32m[1mLinking CXX executable keepout_filter_test[0m
[87.579s] [ 95%] Built target nav2_costmap_2d
[87.767s] [ 96%] [32m[1mLinking CXX executable obstacle_tests_exec[0m
[89.084s] [ 96%] Built target keepout_filter_test
[89.091s] [ 96%] Built target test_collision_checker_exec
[89.473s] [ 97%] [32m[1mLinking CXX executable inflation_tests_exec[0m
[90.032s] [ 97%] Built target range_tests_exec
[90.449s] [ 97%] Built target obstacle_tests_exec
[91.068s] [ 98%] [32m[1mLinking CXX executable speed_filter_test[0m
[91.358s] [ 98%] Built target inflation_tests_exec
[91.757s] [100%] [32m[1mLinking CXX executable binary_filter_test[0m
[92.429s] [100%] Built target speed_filter_test
[92.997s] [100%] Built target binary_filter_test
[93.013s] Invoked command in '/home/pierres/COURS/slamnav/build/nav2_costmap_2d' returned '0': AMENT_PREFIX_PATH=/home/pierres/COURS/slamnav/install/nav2_map_server:/home/pierres/COURS/slamnav/install/nav2_lifecycle_manager:/home/pierres/COURS/slamnav/install/nav2_util:/home/pierres/COURS/slamnav/install/nav2_voxel_grid:/home/pierres/COURS/slamnav/install/nav2_msgs:/home/pierres/COURS/slamnav/install/nav2_common:${AMENT_PREFIX_PATH} CMAKE_PREFIX_PATH=/home/pierres/COURS/slamnav/install/nav2_map_server:/home/pierres/COURS/slamnav/install/nav2_lifecycle_manager:/home/pierres/COURS/slamnav/install/nav2_util:/home/pierres/COURS/slamnav/install/nav2_voxel_grid:/home/pierres/COURS/slamnav/install/nav2_msgs:/home/pierres/COURS/slamnav/install/nav2_common:/home/pierres/COURS/slamnav/install/slam_toolbox:/opt/ros/humble:/home/pierres/COURS/slamnav/install/slamnav_turtlebot LD_LIBRARY_PATH=/home/pierres/COURS/slamnav/install/nav2_map_server/lib:/home/pierres/COURS/slamnav/install/nav2_lifecycle_manager/lib:/home/pierres/COURS/slamnav/install/nav2_util/lib:/home/pierres/COURS/slamnav/install/nav2_voxel_grid/lib:/home/pierres/COURS/slamnav/install/nav2_msgs/lib:${LD_LIBRARY_PATH} PYTHONPATH=/home/pierres/COURS/slamnav/install/nav2_msgs/local/lib/python3.10/dist-packages:/home/pierres/COURS/slamnav/install/nav2_common/local/lib/python3.10/dist-packages:${PYTHONPATH} /usr/bin/cmake --build /home/pierres/COURS/slamnav/build/nav2_costmap_2d -- -j16 -l16
[93.155s] Invoking command in '/home/pierres/COURS/slamnav/build/nav2_costmap_2d': AMENT_PREFIX_PATH=/home/pierres/COURS/slamnav/install/nav2_map_server:/home/pierres/COURS/slamnav/install/nav2_lifecycle_manager:/home/pierres/COURS/slamnav/install/nav2_util:/home/pierres/COURS/slamnav/install/nav2_voxel_grid:/home/pierres/COURS/slamnav/install/nav2_msgs:/home/pierres/COURS/slamnav/install/nav2_common:${AMENT_PREFIX_PATH} CMAKE_PREFIX_PATH=/home/pierres/COURS/slamnav/install/nav2_map_server:/home/pierres/COURS/slamnav/install/nav2_lifecycle_manager:/home/pierres/COURS/slamnav/install/nav2_util:/home/pierres/COURS/slamnav/install/nav2_voxel_grid:/home/pierres/COURS/slamnav/install/nav2_msgs:/home/pierres/COURS/slamnav/install/nav2_common:/home/pierres/COURS/slamnav/install/slam_toolbox:/opt/ros/humble:/home/pierres/COURS/slamnav/install/slamnav_turtlebot LD_LIBRARY_PATH=/home/pierres/COURS/slamnav/install/nav2_map_server/lib:/home/pierres/COURS/slamnav/install/nav2_lifecycle_manager/lib:/home/pierres/COURS/slamnav/install/nav2_util/lib:/home/pierres/COURS/slamnav/install/nav2_voxel_grid/lib:/home/pierres/COURS/slamnav/install/nav2_msgs/lib:${LD_LIBRARY_PATH} PYTHONPATH=/home/pierres/COURS/slamnav/install/nav2_msgs/local/lib/python3.10/dist-packages:/home/pierres/COURS/slamnav/install/nav2_common/local/lib/python3.10/dist-packages:${PYTHONPATH} /usr/bin/cmake --install /home/pierres/COURS/slamnav/build/nav2_costmap_2d
[93.162s] -- Install configuration: "Humble"
[93.162s] -- Execute custom install script
[93.162s] -- Symlinking: /home/pierres/COURS/slamnav/install/nav2_costmap_2d/lib/nav2_costmap_2d/nav2_costmap_2d_markers
[93.171s] -- Symlinking: /home/pierres/COURS/slamnav/install/nav2_costmap_2d/lib/nav2_costmap_2d/nav2_costmap_2d_cloud
[93.183s] -- Symlinking: /home/pierres/COURS/slamnav/install/nav2_costmap_2d/lib/nav2_costmap_2d/nav2_costmap_2d
[93.193s] -- Symlinking: /home/pierres/COURS/slamnav/install/nav2_costmap_2d/share/nav2_costmap_2d/costmap_plugins.xml
[93.205s] -- Symlinking: /home/pierres/COURS/slamnav/install/nav2_costmap_2d/include/nav2_costmap_2d/nav2_costmap_2d/array_parser.hpp
[93.217s] -- Symlinking: /home/pierres/COURS/slamnav/install/nav2_costmap_2d/include/nav2_costmap_2d/nav2_costmap_2d/clear_costmap_service.hpp
[93.230s] -- Symlinking: /home/pierres/COURS/slamnav/install/nav2_costmap_2d/include/nav2_costmap_2d/nav2_costmap_2d/cost_values.hpp
[93.241s] -- Symlinking: /home/pierres/COURS/slamnav/install/nav2_costmap_2d/include/nav2_costmap_2d/nav2_costmap_2d/costmap_2d.hpp
[93.252s] -- Symlinking: /home/pierres/COURS/slamnav/install/nav2_costmap_2d/include/nav2_costmap_2d/nav2_costmap_2d/costmap_2d_publisher.hpp
[93.263s] -- Symlinking: /home/pierres/COURS/slamnav/install/nav2_costmap_2d/include/nav2_costmap_2d/nav2_costmap_2d/costmap_2d_ros.hpp
[93.275s] -- Symlinking: /home/pierres/COURS/slamnav/install/nav2_costmap_2d/include/nav2_costmap_2d/nav2_costmap_2d/costmap_filters/binary_filter.hpp
[93.285s] -- Symlinking: /home/pierres/COURS/slamnav/install/nav2_costmap_2d/include/nav2_costmap_2d/nav2_costmap_2d/costmap_filters/costmap_filter.hpp
[93.295s] -- Symlinking: /home/pierres/COURS/slamnav/install/nav2_costmap_2d/include/nav2_costmap_2d/nav2_costmap_2d/costmap_filters/filter_values.hpp
[93.303s] -- Symlinking: /home/pierres/COURS/slamnav/install/nav2_costmap_2d/include/nav2_costmap_2d/nav2_costmap_2d/costmap_filters/keepout_filter.hpp
[93.311s] -- Symlinking: /home/pierres/COURS/slamnav/install/nav2_costmap_2d/include/nav2_costmap_2d/nav2_costmap_2d/costmap_filters/speed_filter.hpp
[93.318s] -- Symlinking: /home/pierres/COURS/slamnav/install/nav2_costmap_2d/include/nav2_costmap_2d/nav2_costmap_2d/costmap_layer.hpp
[93.330s] -- Symlinking: /home/pierres/COURS/slamnav/install/nav2_costmap_2d/include/nav2_costmap_2d/nav2_costmap_2d/costmap_math.hpp
[93.340s] -- Symlinking: /home/pierres/COURS/slamnav/install/nav2_costmap_2d/include/nav2_costmap_2d/nav2_costmap_2d/costmap_subscriber.hpp
[93.350s] -- Symlinking: /home/pierres/COURS/slamnav/install/nav2_costmap_2d/include/nav2_costmap_2d/nav2_costmap_2d/costmap_topic_collision_checker.hpp
[93.360s] -- Symlinking: /home/pierres/COURS/slamnav/install/nav2_costmap_2d/include/nav2_costmap_2d/nav2_costmap_2d/denoise/image.hpp
[93.370s] -- Symlinking: /home/pierres/COURS/slamnav/install/nav2_costmap_2d/include/nav2_costmap_2d/nav2_costmap_2d/denoise/image_processing.hpp
[93.376s] -- Symlinking: /home/pierres/COURS/slamnav/install/nav2_costmap_2d/include/nav2_costmap_2d/nav2_costmap_2d/denoise_layer.hpp
[93.382s] -- Symlinking: /home/pierres/COURS/slamnav/install/nav2_costmap_2d/include/nav2_costmap_2d/nav2_costmap_2d/exceptions.hpp
[93.392s] -- Symlinking: /home/pierres/COURS/slamnav/install/nav2_costmap_2d/include/nav2_costmap_2d/nav2_costmap_2d/footprint.hpp
[93.401s] -- Symlinking: /home/pierres/COURS/slamnav/install/nav2_costmap_2d/include/nav2_costmap_2d/nav2_costmap_2d/footprint_collision_checker.hpp
[93.412s] -- Symlinking: /home/pierres/COURS/slamnav/install/nav2_costmap_2d/include/nav2_costmap_2d/nav2_costmap_2d/footprint_subscriber.hpp
[93.424s] -- Symlinking: /home/pierres/COURS/slamnav/install/nav2_costmap_2d/include/nav2_costmap_2d/nav2_costmap_2d/inflation_layer.hpp
[93.436s] -- Symlinking: /home/pierres/COURS/slamnav/install/nav2_costmap_2d/include/nav2_costmap_2d/nav2_costmap_2d/layer.hpp
[93.444s] -- Symlinking: /home/pierres/COURS/slamnav/install/nav2_costmap_2d/include/nav2_costmap_2d/nav2_costmap_2d/layered_costmap.hpp
[93.455s] -- Symlinking: /home/pierres/COURS/slamnav/install/nav2_costmap_2d/include/nav2_costmap_2d/nav2_costmap_2d/observation.hpp
[93.465s] -- Symlinking: /home/pierres/COURS/slamnav/install/nav2_costmap_2d/include/nav2_costmap_2d/nav2_costmap_2d/observation_buffer.hpp
[93.475s] -- Symlinking: /home/pierres/COURS/slamnav/install/nav2_costmap_2d/include/nav2_costmap_2d/nav2_costmap_2d/obstacle_layer.hpp
[93.484s] -- Symlinking: /home/pierres/COURS/slamnav/install/nav2_costmap_2d/include/nav2_costmap_2d/nav2_costmap_2d/range_sensor_layer.hpp
[93.494s] -- Symlinking: /home/pierres/COURS/slamnav/install/nav2_costmap_2d/include/nav2_costmap_2d/nav2_costmap_2d/static_layer.hpp
[93.503s] -- Symlinking: /home/pierres/COURS/slamnav/install/nav2_costmap_2d/include/nav2_costmap_2d/nav2_costmap_2d/voxel_layer.hpp
[93.514s] -- Symlinking: /home/pierres/COURS/slamnav/install/nav2_costmap_2d/lib/liborder_layer.so
[93.524s] -- Symlinking: /home/pierres/COURS/slamnav/install/nav2_costmap_2d/share/nav2_costmap_2d/test/regression/order_layer.xml
[93.536s] -- Symlinking: /home/pierres/COURS/slamnav/install/nav2_costmap_2d/share/nav2_costmap_2d/environment/library_path.sh
[93.547s] -- Symlinking: /home/pierres/COURS/slamnav/install/nav2_costmap_2d/share/nav2_costmap_2d/environment/library_path.dsv
[93.558s] -- Up-to-date symlink: /home/pierres/COURS/slamnav/install/nav2_costmap_2d/share/nav2_costmap_2d//costmap_plugins.xml
[93.558s] -- Symlinking: /home/pierres/COURS/slamnav/install/nav2_costmap_2d/share/ament_index/resource_index/package_run_dependencies/nav2_costmap_2d
[93.569s] -- Symlinking: /home/pierres/COURS/slamnav/install/nav2_costmap_2d/share/ament_index/resource_index/parent_prefix_path/nav2_costmap_2d
[93.580s] -- Symlinking: /home/pierres/COURS/slamnav/install/nav2_costmap_2d/share/nav2_costmap_2d/environment/ament_prefix_path.sh
[93.590s] -- Symlinking: /home/pierres/COURS/slamnav/install/nav2_costmap_2d/share/nav2_costmap_2d/environment/ament_prefix_path.dsv
[93.597s] -- Symlinking: /home/pierres/COURS/slamnav/install/nav2_costmap_2d/share/nav2_costmap_2d/environment/path.sh
[93.606s] -- Symlinking: /home/pierres/COURS/slamnav/install/nav2_costmap_2d/share/nav2_costmap_2d/environment/path.dsv
[93.613s] -- Symlinking: /home/pierres/COURS/slamnav/install/nav2_costmap_2d/share/nav2_costmap_2d/local_setup.bash
[93.620s] -- Symlinking: /home/pierres/COURS/slamnav/install/nav2_costmap_2d/share/nav2_costmap_2d/local_setup.sh
[93.628s] -- Symlinking: /home/pierres/COURS/slamnav/install/nav2_costmap_2d/share/nav2_costmap_2d/local_setup.zsh
[93.637s] -- Symlinking: /home/pierres/COURS/slamnav/install/nav2_costmap_2d/share/nav2_costmap_2d/local_setup.dsv
[93.646s] -- Symlinking: /home/pierres/COURS/slamnav/install/nav2_costmap_2d/share/nav2_costmap_2d/package.dsv
[93.657s] -- Symlinking: /home/pierres/COURS/slamnav/install/nav2_costmap_2d/share/ament_index/resource_index/packages/nav2_costmap_2d
[93.669s] -- Symlinking: /home/pierres/COURS/slamnav/install/nav2_costmap_2d/share/ament_index/resource_index/nav2_costmap_2d__pluginlib__plugin/nav2_costmap_2d
[93.676s] -- Symlinking: /home/pierres/COURS/slamnav/install/nav2_costmap_2d/share/nav2_costmap_2d/cmake/ament_cmake_export_targets-extras.cmake
[93.686s] -- Symlinking: /home/pierres/COURS/slamnav/install/nav2_costmap_2d/share/nav2_costmap_2d/cmake/ament_cmake_export_dependencies-extras.cmake
[93.694s] -- Symlinking: /home/pierres/COURS/slamnav/install/nav2_costmap_2d/share/nav2_costmap_2d/cmake/nav2_costmap_2dConfig.cmake
[93.705s] -- Symlinking: /home/pierres/COURS/slamnav/install/nav2_costmap_2d/share/nav2_costmap_2d/cmake/nav2_costmap_2dConfig-version.cmake
[93.712s] -- Symlinking: /home/pierres/COURS/slamnav/install/nav2_costmap_2d/share/nav2_costmap_2d/package.xml
[93.721s] -- Installing: /home/pierres/COURS/slamnav/install/nav2_costmap_2d/lib/liblayers.so
[93.747s] -- Set runtime path of "/home/pierres/COURS/slamnav/install/nav2_costmap_2d/lib/liblayers.so" to ""
[93.747s] -- Installing: /home/pierres/COURS/slamnav/install/nav2_costmap_2d/lib/libfilters.so
[93.759s] -- Set runtime path of "/home/pierres/COURS/slamnav/install/nav2_costmap_2d/lib/libfilters.so" to ""
[93.759s] -- Installing: /home/pierres/COURS/slamnav/install/nav2_costmap_2d/lib/libnav2_costmap_2d_core.so
[93.767s] -- Set runtime path of "/home/pierres/COURS/slamnav/install/nav2_costmap_2d/lib/libnav2_costmap_2d_core.so" to ""
[93.767s] -- Installing: /home/pierres/COURS/slamnav/install/nav2_costmap_2d/lib/libnav2_costmap_2d_client.so
[93.772s] -- Set runtime path of "/home/pierres/COURS/slamnav/install/nav2_costmap_2d/lib/libnav2_costmap_2d_client.so" to ""
[93.772s] -- Installing: /home/pierres/COURS/slamnav/install/nav2_costmap_2d/share/nav2_costmap_2d/cmake/export_nav2_costmap_2dExport.cmake
[93.772s] -- Installing: /home/pierres/COURS/slamnav/install/nav2_costmap_2d/share/nav2_costmap_2d/cmake/export_nav2_costmap_2dExport-humble.cmake
[93.775s] Invoked command in '/home/pierres/COURS/slamnav/build/nav2_costmap_2d' returned '0': AMENT_PREFIX_PATH=/home/pierres/COURS/slamnav/install/nav2_map_server:/home/pierres/COURS/slamnav/install/nav2_lifecycle_manager:/home/pierres/COURS/slamnav/install/nav2_util:/home/pierres/COURS/slamnav/install/nav2_voxel_grid:/home/pierres/COURS/slamnav/install/nav2_msgs:/home/pierres/COURS/slamnav/install/nav2_common:${AMENT_PREFIX_PATH} CMAKE_PREFIX_PATH=/home/pierres/COURS/slamnav/install/nav2_map_server:/home/pierres/COURS/slamnav/install/nav2_lifecycle_manager:/home/pierres/COURS/slamnav/install/nav2_util:/home/pierres/COURS/slamnav/install/nav2_voxel_grid:/home/pierres/COURS/slamnav/install/nav2_msgs:/home/pierres/COURS/slamnav/install/nav2_common:/home/pierres/COURS/slamnav/install/slam_toolbox:/opt/ros/humble:/home/pierres/COURS/slamnav/install/slamnav_turtlebot LD_LIBRARY_PATH=/home/pierres/COURS/slamnav/install/nav2_map_server/lib:/home/pierres/COURS/slamnav/install/nav2_lifecycle_manager/lib:/home/pierres/COURS/slamnav/install/nav2_util/lib:/home/pierres/COURS/slamnav/install/nav2_voxel_grid/lib:/home/pierres/COURS/slamnav/install/nav2_msgs/lib:${LD_LIBRARY_PATH} PYTHONPATH=/home/pierres/COURS/slamnav/install/nav2_msgs/local/lib/python3.10/dist-packages:/home/pierres/COURS/slamnav/install/nav2_common/local/lib/python3.10/dist-packages:${PYTHONPATH} /usr/bin/cmake --install /home/pierres/COURS/slamnav/build/nav2_costmap_2d
