[0.008s] Invoking command in '/home/pierres/COURS/slamnav/build/nav_2d_msgs': CMAKE_PREFIX_PATH=/opt/ros/humble:/home/pierres/COURS/slamnav/install/slamnav_turtlebot /usr/bin/cmake --build /home/pierres/COURS/slamnav/build/nav_2d_msgs -- -j16 -l16
[0.054s] [  1%] Built target nav_2d_msgs__cpp
[0.058s] [ 12%] Built target nav_2d_msgs__rosidl_generator_c
[0.061s] [ 12%] Built target ament_cmake_python_symlink_nav_2d_msgs
[0.079s] [ 23%] Built target nav_2d_msgs__rosidl_typesupport_introspection_cpp
[0.081s] [ 35%] Built target nav_2d_msgs__rosidl_typesupport_fastrtps_cpp
[0.081s] [ 46%] Built target nav_2d_msgs__rosidl_typesupport_cpp
[0.084s] [ 57%] Built target nav_2d_msgs__rosidl_typesupport_introspection_c
[0.086s] [ 69%] Built target nav_2d_msgs__rosidl_typesupport_c
[0.091s] [ 80%] Built target nav_2d_msgs__rosidl_typesupport_fastrtps_c
[0.110s] [ 80%] Built target nav_2d_msgs
[0.131s] [ 81%] Built target nav_2d_msgs__py
[0.157s] [ 91%] Built target nav_2d_msgs__rosidl_generator_py
[0.175s] [ 94%] Built target nav_2d_msgs__rosidl_typesupport_introspection_c__pyext
[0.179s] [ 97%] Built target nav_2d_msgs__rosidl_typesupport_c__pyext
[0.179s] [100%] Built target nav_2d_msgs__rosidl_typesupport_fastrtps_c__pyext
[0.245s] running egg_info
[0.245s] writing nav_2d_msgs.egg-info/PKG-INFO
[0.245s] writing dependency_links to nav_2d_msgs.egg-info/dependency_links.txt
[0.245s] writing top-level names to nav_2d_msgs.egg-info/top_level.txt
[0.247s] reading manifest file 'nav_2d_msgs.egg-info/SOURCES.txt'
[0.247s] writing manifest file 'nav_2d_msgs.egg-info/SOURCES.txt'
[0.267s] [100%] Built target ament_cmake_python_build_nav_2d_msgs_egg
[0.275s] Invoked command in '/home/pierres/COURS/slamnav/build/nav_2d_msgs' returned '0': CMAKE_PREFIX_PATH=/opt/ros/humble:/home/pierres/COURS/slamnav/install/slamnav_turtlebot /usr/bin/cmake --build /home/pierres/COURS/slamnav/build/nav_2d_msgs -- -j16 -l16
[0.428s] Invoking command in '/home/pierres/COURS/slamnav/build/nav_2d_msgs': CMAKE_PREFIX_PATH=/opt/ros/humble:/home/pierres/COURS/slamnav/install/slamnav_turtlebot /usr/bin/cmake --install /home/pierres/COURS/slamnav/build/nav_2d_msgs
[0.436s] -- Install configuration: "Humble"
[0.436s] -- Execute custom install script
[0.436s] -- Up-to-date symlink: /home/pierres/COURS/slamnav/install/nav_2d_msgs/share/ament_index/resource_index/rosidl_interfaces/nav_2d_msgs
[0.437s] -- Up-to-date symlink: /home/pierres/COURS/slamnav/install/nav_2d_msgs/include/nav_2d_msgs/nav_2d_msgs/msg/detail/path2_d__functions.h
[0.437s] -- Up-to-date symlink: /home/pierres/COURS/slamnav/install/nav_2d_msgs/include/nav_2d_msgs/nav_2d_msgs/msg/detail/path2_d__struct.h
[0.438s] -- Up-to-date symlink: /home/pierres/COURS/slamnav/install/nav_2d_msgs/include/nav_2d_msgs/nav_2d_msgs/msg/detail/path2_d__type_support.h
[0.438s] -- Up-to-date symlink: /home/pierres/COURS/slamnav/install/nav_2d_msgs/include/nav_2d_msgs/nav_2d_msgs/msg/detail/pose2_d32__functions.h
[0.438s] -- Up-to-date symlink: /home/pierres/COURS/slamnav/install/nav_2d_msgs/include/nav_2d_msgs/nav_2d_msgs/msg/detail/pose2_d32__struct.h
[0.438s] -- Up-to-date symlink: /home/pierres/COURS/slamnav/install/nav_2d_msgs/include/nav_2d_msgs/nav_2d_msgs/msg/detail/pose2_d32__type_support.h
[0.438s] -- Up-to-date symlink: /home/pierres/COURS/slamnav/install/nav_2d_msgs/include/nav_2d_msgs/nav_2d_msgs/msg/detail/pose2_d_stamped__functions.h
[0.439s] -- Up-to-date symlink: /home/pierres/COURS/slamnav/install/nav_2d_msgs/include/nav_2d_msgs/nav_2d_msgs/msg/detail/pose2_d_stamped__struct.h
[0.439s] -- Up-to-date symlink: /home/pierres/COURS/slamnav/install/nav_2d_msgs/include/nav_2d_msgs/nav_2d_msgs/msg/detail/pose2_d_stamped__type_support.h
[0.439s] -- Up-to-date symlink: /home/pierres/COURS/slamnav/install/nav_2d_msgs/include/nav_2d_msgs/nav_2d_msgs/msg/detail/twist2_d32__functions.h
[0.439s] -- Up-to-date symlink: /home/pierres/COURS/slamnav/install/nav_2d_msgs/include/nav_2d_msgs/nav_2d_msgs/msg/detail/twist2_d32__struct.h
[0.439s] -- Up-to-date symlink: /home/pierres/COURS/slamnav/install/nav_2d_msgs/include/nav_2d_msgs/nav_2d_msgs/msg/detail/twist2_d32__type_support.h
[0.440s] -- Up-to-date symlink: /home/pierres/COURS/slamnav/install/nav_2d_msgs/include/nav_2d_msgs/nav_2d_msgs/msg/detail/twist2_d__functions.h
[0.440s] -- Up-to-date symlink: /home/pierres/COURS/slamnav/install/nav_2d_msgs/include/nav_2d_msgs/nav_2d_msgs/msg/detail/twist2_d__struct.h
[0.440s] -- Up-to-date symlink: /home/pierres/COURS/slamnav/install/nav_2d_msgs/include/nav_2d_msgs/nav_2d_msgs/msg/detail/twist2_d__type_support.h
[0.440s] -- Up-to-date symlink: /home/pierres/COURS/slamnav/install/nav_2d_msgs/include/nav_2d_msgs/nav_2d_msgs/msg/detail/twist2_d_stamped__functions.h
[0.440s] -- Up-to-date symlink: /home/pierres/COURS/slamnav/install/nav_2d_msgs/include/nav_2d_msgs/nav_2d_msgs/msg/detail/twist2_d_stamped__struct.h
[0.440s] -- Up-to-date symlink: /home/pierres/COURS/slamnav/install/nav_2d_msgs/include/nav_2d_msgs/nav_2d_msgs/msg/detail/twist2_d_stamped__type_support.h
[0.441s] -- Up-to-date symlink: /home/pierres/COURS/slamnav/install/nav_2d_msgs/include/nav_2d_msgs/nav_2d_msgs/msg/path2_d.h
[0.441s] -- Up-to-date symlink: /home/pierres/COURS/slamnav/install/nav_2d_msgs/include/nav_2d_msgs/nav_2d_msgs/msg/pose2_d32.h
[0.441s] -- Up-to-date symlink: /home/pierres/COURS/slamnav/install/nav_2d_msgs/include/nav_2d_msgs/nav_2d_msgs/msg/pose2_d_stamped.h
[0.441s] -- Up-to-date symlink: /home/pierres/COURS/slamnav/install/nav_2d_msgs/include/nav_2d_msgs/nav_2d_msgs/msg/rosidl_generator_c__visibility_control.h
[0.441s] -- Up-to-date symlink: /home/pierres/COURS/slamnav/install/nav_2d_msgs/include/nav_2d_msgs/nav_2d_msgs/msg/twist2_d.h
[0.441s] -- Up-to-date symlink: /home/pierres/COURS/slamnav/install/nav_2d_msgs/include/nav_2d_msgs/nav_2d_msgs/msg/twist2_d32.h
[0.442s] -- Up-to-date symlink: /home/pierres/COURS/slamnav/install/nav_2d_msgs/include/nav_2d_msgs/nav_2d_msgs/msg/twist2_d_stamped.h
[0.442s] -- Up-to-date symlink: /home/pierres/COURS/slamnav/install/nav_2d_msgs/share/nav_2d_msgs/environment/library_path.sh
[0.442s] -- Up-to-date symlink: /home/pierres/COURS/slamnav/install/nav_2d_msgs/share/nav_2d_msgs/environment/library_path.dsv
[0.442s] -- Up-to-date symlink: /home/pierres/COURS/slamnav/install/nav_2d_msgs/include/nav_2d_msgs/nav_2d_msgs/msg/detail/path2_d__rosidl_typesupport_fastrtps_c.h
[0.442s] -- Up-to-date symlink: /home/pierres/COURS/slamnav/install/nav_2d_msgs/include/nav_2d_msgs/nav_2d_msgs/msg/detail/pose2_d32__rosidl_typesupport_fastrtps_c.h
[0.442s] -- Up-to-date symlink: /home/pierres/COURS/slamnav/install/nav_2d_msgs/include/nav_2d_msgs/nav_2d_msgs/msg/detail/pose2_d_stamped__rosidl_typesupport_fastrtps_c.h
[0.443s] -- Up-to-date symlink: /home/pierres/COURS/slamnav/install/nav_2d_msgs/include/nav_2d_msgs/nav_2d_msgs/msg/detail/twist2_d32__rosidl_typesupport_fastrtps_c.h
[0.443s] -- Up-to-date symlink: /home/pierres/COURS/slamnav/install/nav_2d_msgs/include/nav_2d_msgs/nav_2d_msgs/msg/detail/twist2_d__rosidl_typesupport_fastrtps_c.h
[0.443s] -- Up-to-date symlink: /home/pierres/COURS/slamnav/install/nav_2d_msgs/include/nav_2d_msgs/nav_2d_msgs/msg/detail/twist2_d_stamped__rosidl_typesupport_fastrtps_c.h
[0.443s] -- Up-to-date symlink: /home/pierres/COURS/slamnav/install/nav_2d_msgs/include/nav_2d_msgs/nav_2d_msgs/msg/rosidl_typesupport_fastrtps_c__visibility_control.h
[0.443s] -- Up-to-date symlink: /home/pierres/COURS/slamnav/install/nav_2d_msgs/include/nav_2d_msgs/nav_2d_msgs/msg/detail/path2_d__builder.hpp
[0.443s] -- Up-to-date symlink: /home/pierres/COURS/slamnav/install/nav_2d_msgs/include/nav_2d_msgs/nav_2d_msgs/msg/detail/path2_d__struct.hpp
[0.444s] -- Up-to-date symlink: /home/pierres/COURS/slamnav/install/nav_2d_msgs/include/nav_2d_msgs/nav_2d_msgs/msg/detail/path2_d__traits.hpp
[0.444s] -- Up-to-date symlink: /home/pierres/COURS/slamnav/install/nav_2d_msgs/include/nav_2d_msgs/nav_2d_msgs/msg/detail/pose2_d32__builder.hpp
[0.444s] -- Up-to-date symlink: /home/pierres/COURS/slamnav/install/nav_2d_msgs/include/nav_2d_msgs/nav_2d_msgs/msg/detail/pose2_d32__struct.hpp
[0.444s] -- Up-to-date symlink: /home/pierres/COURS/slamnav/install/nav_2d_msgs/include/nav_2d_msgs/nav_2d_msgs/msg/detail/pose2_d32__traits.hpp
[0.445s] -- Up-to-date symlink: /home/pierres/COURS/slamnav/install/nav_2d_msgs/include/nav_2d_msgs/nav_2d_msgs/msg/detail/pose2_d_stamped__builder.hpp
[0.445s] -- Up-to-date symlink: /home/pierres/COURS/slamnav/install/nav_2d_msgs/include/nav_2d_msgs/nav_2d_msgs/msg/detail/pose2_d_stamped__struct.hpp
[0.445s] -- Up-to-date symlink: /home/pierres/COURS/slamnav/install/nav_2d_msgs/include/nav_2d_msgs/nav_2d_msgs/msg/detail/pose2_d_stamped__traits.hpp
[0.445s] -- Up-to-date symlink: /home/pierres/COURS/slamnav/install/nav_2d_msgs/include/nav_2d_msgs/nav_2d_msgs/msg/detail/twist2_d32__builder.hpp
[0.445s] -- Up-to-date symlink: /home/pierres/COURS/slamnav/install/nav_2d_msgs/include/nav_2d_msgs/nav_2d_msgs/msg/detail/twist2_d32__struct.hpp
[0.445s] -- Up-to-date symlink: /home/pierres/COURS/slamnav/install/nav_2d_msgs/include/nav_2d_msgs/nav_2d_msgs/msg/detail/twist2_d32__traits.hpp
[0.446s] -- Up-to-date symlink: /home/pierres/COURS/slamnav/install/nav_2d_msgs/include/nav_2d_msgs/nav_2d_msgs/msg/detail/twist2_d__builder.hpp
[0.446s] -- Up-to-date symlink: /home/pierres/COURS/slamnav/install/nav_2d_msgs/include/nav_2d_msgs/nav_2d_msgs/msg/detail/twist2_d__struct.hpp
[0.446s] -- Up-to-date symlink: /home/pierres/COURS/slamnav/install/nav_2d_msgs/include/nav_2d_msgs/nav_2d_msgs/msg/detail/twist2_d__traits.hpp
[0.446s] -- Up-to-date symlink: /home/pierres/COURS/slamnav/install/nav_2d_msgs/include/nav_2d_msgs/nav_2d_msgs/msg/detail/twist2_d_stamped__builder.hpp
[0.446s] -- Up-to-date symlink: /home/pierres/COURS/slamnav/install/nav_2d_msgs/include/nav_2d_msgs/nav_2d_msgs/msg/detail/twist2_d_stamped__struct.hpp
[0.446s] -- Up-to-date symlink: /home/pierres/COURS/slamnav/install/nav_2d_msgs/include/nav_2d_msgs/nav_2d_msgs/msg/detail/twist2_d_stamped__traits.hpp
[0.447s] -- Up-to-date symlink: /home/pierres/COURS/slamnav/install/nav_2d_msgs/include/nav_2d_msgs/nav_2d_msgs/msg/path2_d.hpp
[0.447s] -- Up-to-date symlink: /home/pierres/COURS/slamnav/install/nav_2d_msgs/include/nav_2d_msgs/nav_2d_msgs/msg/pose2_d32.hpp
[0.447s] -- Up-to-date symlink: /home/pierres/COURS/slamnav/install/nav_2d_msgs/include/nav_2d_msgs/nav_2d_msgs/msg/pose2_d_stamped.hpp
[0.447s] -- Up-to-date symlink: /home/pierres/COURS/slamnav/install/nav_2d_msgs/include/nav_2d_msgs/nav_2d_msgs/msg/twist2_d.hpp
[0.447s] -- Up-to-date symlink: /home/pierres/COURS/slamnav/install/nav_2d_msgs/include/nav_2d_msgs/nav_2d_msgs/msg/twist2_d32.hpp
[0.447s] -- Up-to-date symlink: /home/pierres/COURS/slamnav/install/nav_2d_msgs/include/nav_2d_msgs/nav_2d_msgs/msg/twist2_d_stamped.hpp
[0.448s] -- Up-to-date symlink: /home/pierres/COURS/slamnav/install/nav_2d_msgs/include/nav_2d_msgs/nav_2d_msgs/msg/detail/path2_d__rosidl_typesupport_fastrtps_cpp.hpp
[0.448s] -- Up-to-date symlink: /home/pierres/COURS/slamnav/install/nav_2d_msgs/include/nav_2d_msgs/nav_2d_msgs/msg/detail/pose2_d32__rosidl_typesupport_fastrtps_cpp.hpp
[0.448s] -- Up-to-date symlink: /home/pierres/COURS/slamnav/install/nav_2d_msgs/include/nav_2d_msgs/nav_2d_msgs/msg/detail/pose2_d_stamped__rosidl_typesupport_fastrtps_cpp.hpp
[0.448s] -- Up-to-date symlink: /home/pierres/COURS/slamnav/install/nav_2d_msgs/include/nav_2d_msgs/nav_2d_msgs/msg/detail/twist2_d32__rosidl_typesupport_fastrtps_cpp.hpp
[0.448s] -- Up-to-date symlink: /home/pierres/COURS/slamnav/install/nav_2d_msgs/include/nav_2d_msgs/nav_2d_msgs/msg/detail/twist2_d__rosidl_typesupport_fastrtps_cpp.hpp
[0.448s] -- Up-to-date symlink: /home/pierres/COURS/slamnav/install/nav_2d_msgs/include/nav_2d_msgs/nav_2d_msgs/msg/detail/twist2_d_stamped__rosidl_typesupport_fastrtps_cpp.hpp
[0.449s] -- Up-to-date symlink: /home/pierres/COURS/slamnav/install/nav_2d_msgs/include/nav_2d_msgs/nav_2d_msgs/msg/rosidl_typesupport_fastrtps_cpp__visibility_control.h
[0.449s] -- Up-to-date symlink: /home/pierres/COURS/slamnav/install/nav_2d_msgs/include/nav_2d_msgs/nav_2d_msgs/msg/detail/path2_d__rosidl_typesupport_introspection_c.h
[0.449s] -- Up-to-date symlink: /home/pierres/COURS/slamnav/install/nav_2d_msgs/include/nav_2d_msgs/nav_2d_msgs/msg/detail/pose2_d32__rosidl_typesupport_introspection_c.h
[0.449s] -- Up-to-date symlink: /home/pierres/COURS/slamnav/install/nav_2d_msgs/include/nav_2d_msgs/nav_2d_msgs/msg/detail/pose2_d_stamped__rosidl_typesupport_introspection_c.h
[0.449s] -- Up-to-date symlink: /home/pierres/COURS/slamnav/install/nav_2d_msgs/include/nav_2d_msgs/nav_2d_msgs/msg/detail/twist2_d32__rosidl_typesupport_introspection_c.h
[0.450s] -- Up-to-date symlink: /home/pierres/COURS/slamnav/install/nav_2d_msgs/include/nav_2d_msgs/nav_2d_msgs/msg/detail/twist2_d__rosidl_typesupport_introspection_c.h
[0.450s] -- Up-to-date symlink: /home/pierres/COURS/slamnav/install/nav_2d_msgs/include/nav_2d_msgs/nav_2d_msgs/msg/detail/twist2_d_stamped__rosidl_typesupport_introspection_c.h
[0.450s] -- Up-to-date symlink: /home/pierres/COURS/slamnav/install/nav_2d_msgs/include/nav_2d_msgs/nav_2d_msgs/msg/rosidl_typesupport_introspection_c__visibility_control.h
[0.450s] -- Up-to-date symlink: /home/pierres/COURS/slamnav/install/nav_2d_msgs/include/nav_2d_msgs/nav_2d_msgs/msg/detail/path2_d__rosidl_typesupport_introspection_cpp.hpp
[0.450s] -- Up-to-date symlink: /home/pierres/COURS/slamnav/install/nav_2d_msgs/include/nav_2d_msgs/nav_2d_msgs/msg/detail/pose2_d32__rosidl_typesupport_introspection_cpp.hpp
[0.450s] -- Up-to-date symlink: /home/pierres/COURS/slamnav/install/nav_2d_msgs/include/nav_2d_msgs/nav_2d_msgs/msg/detail/pose2_d_stamped__rosidl_typesupport_introspection_cpp.hpp
[0.451s] -- Up-to-date symlink: /home/pierres/COURS/slamnav/install/nav_2d_msgs/include/nav_2d_msgs/nav_2d_msgs/msg/detail/twist2_d32__rosidl_typesupport_introspection_cpp.hpp
[0.451s] -- Up-to-date symlink: /home/pierres/COURS/slamnav/install/nav_2d_msgs/include/nav_2d_msgs/nav_2d_msgs/msg/detail/twist2_d__rosidl_typesupport_introspection_cpp.hpp
[0.451s] -- Up-to-date symlink: /home/pierres/COURS/slamnav/install/nav_2d_msgs/include/nav_2d_msgs/nav_2d_msgs/msg/detail/twist2_d_stamped__rosidl_typesupport_introspection_cpp.hpp
[0.451s] -- Up-to-date symlink: /home/pierres/COURS/slamnav/install/nav_2d_msgs/share/nav_2d_msgs/environment/pythonpath.sh
[0.452s] -- Up-to-date symlink: /home/pierres/COURS/slamnav/install/nav_2d_msgs/share/nav_2d_msgs/environment/pythonpath.dsv
[0.452s] -- Up-to-date symlink: /home/pierres/COURS/slamnav/install/nav_2d_msgs/local/lib/python3.10/dist-packages/nav_2d_msgs-1.1.16-py3.10.egg-info/PKG-INFO
[0.452s] -- Up-to-date symlink: /home/pierres/COURS/slamnav/install/nav_2d_msgs/local/lib/python3.10/dist-packages/nav_2d_msgs-1.1.16-py3.10.egg-info/SOURCES.txt
[0.452s] -- Up-to-date symlink: /home/pierres/COURS/slamnav/install/nav_2d_msgs/local/lib/python3.10/dist-packages/nav_2d_msgs-1.1.16-py3.10.egg-info/dependency_links.txt
[0.452s] -- Up-to-date symlink: /home/pierres/COURS/slamnav/install/nav_2d_msgs/local/lib/python3.10/dist-packages/nav_2d_msgs-1.1.16-py3.10.egg-info/top_level.txt
[0.453s] -- Up-to-date symlink: /home/pierres/COURS/slamnav/install/nav_2d_msgs/local/lib/python3.10/dist-packages/nav_2d_msgs/__init__.py
[0.453s] -- Up-to-date symlink: /home/pierres/COURS/slamnav/install/nav_2d_msgs/local/lib/python3.10/dist-packages/nav_2d_msgs/_nav_2d_msgs_s.ep.rosidl_typesupport_c.c
[0.453s] -- Up-to-date symlink: /home/pierres/COURS/slamnav/install/nav_2d_msgs/local/lib/python3.10/dist-packages/nav_2d_msgs/_nav_2d_msgs_s.ep.rosidl_typesupport_fastrtps_c.c
[0.454s] -- Up-to-date symlink: /home/pierres/COURS/slamnav/install/nav_2d_msgs/local/lib/python3.10/dist-packages/nav_2d_msgs/_nav_2d_msgs_s.ep.rosidl_typesupport_introspection_c.c
[0.454s] -- Up-to-date symlink: /home/pierres/COURS/slamnav/install/nav_2d_msgs/local/lib/python3.10/dist-packages/nav_2d_msgs/libnav_2d_msgs__rosidl_generator_py.so
[0.454s] -- Up-to-date symlink: /home/pierres/COURS/slamnav/install/nav_2d_msgs/local/lib/python3.10/dist-packages/nav_2d_msgs/msg/__init__.py
[0.454s] -- Up-to-date symlink: /home/pierres/COURS/slamnav/install/nav_2d_msgs/local/lib/python3.10/dist-packages/nav_2d_msgs/msg/_path2_d.py
[0.454s] -- Up-to-date symlink: /home/pierres/COURS/slamnav/install/nav_2d_msgs/local/lib/python3.10/dist-packages/nav_2d_msgs/msg/_path2_d_s.c
[0.455s] -- Up-to-date symlink: /home/pierres/COURS/slamnav/install/nav_2d_msgs/local/lib/python3.10/dist-packages/nav_2d_msgs/msg/_pose2_d32.py
[0.455s] -- Up-to-date symlink: /home/pierres/COURS/slamnav/install/nav_2d_msgs/local/lib/python3.10/dist-packages/nav_2d_msgs/msg/_pose2_d32_s.c
[0.455s] -- Up-to-date symlink: /home/pierres/COURS/slamnav/install/nav_2d_msgs/local/lib/python3.10/dist-packages/nav_2d_msgs/msg/_pose2_d_stamped.py
[0.455s] -- Up-to-date symlink: /home/pierres/COURS/slamnav/install/nav_2d_msgs/local/lib/python3.10/dist-packages/nav_2d_msgs/msg/_pose2_d_stamped_s.c
[0.455s] -- Up-to-date symlink: /home/pierres/COURS/slamnav/install/nav_2d_msgs/local/lib/python3.10/dist-packages/nav_2d_msgs/msg/_twist2_d.py
[0.456s] -- Up-to-date symlink: /home/pierres/COURS/slamnav/install/nav_2d_msgs/local/lib/python3.10/dist-packages/nav_2d_msgs/msg/_twist2_d32.py
[0.456s] -- Up-to-date symlink: /home/pierres/COURS/slamnav/install/nav_2d_msgs/local/lib/python3.10/dist-packages/nav_2d_msgs/msg/_twist2_d32_s.c
[0.456s] -- Up-to-date symlink: /home/pierres/COURS/slamnav/install/nav_2d_msgs/local/lib/python3.10/dist-packages/nav_2d_msgs/msg/_twist2_d_s.c
[0.456s] -- Up-to-date symlink: /home/pierres/COURS/slamnav/install/nav_2d_msgs/local/lib/python3.10/dist-packages/nav_2d_msgs/msg/_twist2_d_stamped.py
[0.456s] -- Up-to-date symlink: /home/pierres/COURS/slamnav/install/nav_2d_msgs/local/lib/python3.10/dist-packages/nav_2d_msgs/msg/_twist2_d_stamped_s.c
[0.457s] -- Up-to-date symlink: /home/pierres/COURS/slamnav/install/nav_2d_msgs/local/lib/python3.10/dist-packages/nav_2d_msgs/nav_2d_msgs_s__rosidl_typesupport_c.cpython-310-x86_64-linux-gnu.so
[0.457s] -- Up-to-date symlink: /home/pierres/COURS/slamnav/install/nav_2d_msgs/local/lib/python3.10/dist-packages/nav_2d_msgs/nav_2d_msgs_s__rosidl_typesupport_fastrtps_c.cpython-310-x86_64-linux-gnu.so
[0.457s] -- Up-to-date symlink: /home/pierres/COURS/slamnav/install/nav_2d_msgs/local/lib/python3.10/dist-packages/nav_2d_msgs/nav_2d_msgs_s__rosidl_typesupport_introspection_c.cpython-310-x86_64-linux-gnu.so
[0.457s] -- Up-to-date symlink: /home/pierres/COURS/slamnav/install/nav_2d_msgs/local/lib/python3.10/dist-packages/nav_2d_msgs/nav_2d_msgs_s__rosidl_typesupport_fastrtps_c.cpython-310-x86_64-linux-gnu.so
[0.457s] -- Up-to-date symlink: /home/pierres/COURS/slamnav/install/nav_2d_msgs/local/lib/python3.10/dist-packages/nav_2d_msgs/nav_2d_msgs_s__rosidl_typesupport_introspection_c.cpython-310-x86_64-linux-gnu.so
[0.458s] -- Up-to-date symlink: /home/pierres/COURS/slamnav/install/nav_2d_msgs/local/lib/python3.10/dist-packages/nav_2d_msgs/nav_2d_msgs_s__rosidl_typesupport_c.cpython-310-x86_64-linux-gnu.so
[0.458s] -- Up-to-date symlink: /home/pierres/COURS/slamnav/install/nav_2d_msgs/share/nav_2d_msgs/msg/Path2D.idl
[0.458s] -- Up-to-date symlink: /home/pierres/COURS/slamnav/install/nav_2d_msgs/share/nav_2d_msgs/msg/Pose2D32.idl
[0.458s] -- Up-to-date symlink: /home/pierres/COURS/slamnav/install/nav_2d_msgs/share/nav_2d_msgs/msg/Pose2DStamped.idl
[0.459s] -- Up-to-date symlink: /home/pierres/COURS/slamnav/install/nav_2d_msgs/share/nav_2d_msgs/msg/Twist2D.idl
[0.459s] -- Up-to-date symlink: /home/pierres/COURS/slamnav/install/nav_2d_msgs/share/nav_2d_msgs/msg/Twist2D32.idl
[0.459s] -- Up-to-date symlink: /home/pierres/COURS/slamnav/install/nav_2d_msgs/share/nav_2d_msgs/msg/Twist2DStamped.idl
[0.459s] -- Up-to-date symlink: /home/pierres/COURS/slamnav/install/nav_2d_msgs/share/nav_2d_msgs/msg/Path2D.msg
[0.459s] -- Up-to-date symlink: /home/pierres/COURS/slamnav/install/nav_2d_msgs/share/nav_2d_msgs/msg/Pose2D32.msg
[0.460s] -- Up-to-date symlink: /home/pierres/COURS/slamnav/install/nav_2d_msgs/share/nav_2d_msgs/msg/Pose2DStamped.msg
[0.460s] -- Up-to-date symlink: /home/pierres/COURS/slamnav/install/nav_2d_msgs/share/nav_2d_msgs/msg/Twist2D.msg
[0.460s] -- Up-to-date symlink: /home/pierres/COURS/slamnav/install/nav_2d_msgs/share/nav_2d_msgs/msg/Twist2D32.msg
[0.460s] -- Up-to-date symlink: /home/pierres/COURS/slamnav/install/nav_2d_msgs/share/nav_2d_msgs/msg/Twist2DStamped.msg
[0.460s] -- Up-to-date symlink: /home/pierres/COURS/slamnav/install/nav_2d_msgs/share/ament_index/resource_index/package_run_dependencies/nav_2d_msgs
[0.461s] -- Up-to-date symlink: /home/pierres/COURS/slamnav/install/nav_2d_msgs/share/ament_index/resource_index/parent_prefix_path/nav_2d_msgs
[0.461s] -- Up-to-date symlink: /home/pierres/COURS/slamnav/install/nav_2d_msgs/share/nav_2d_msgs/environment/ament_prefix_path.sh
[0.461s] -- Up-to-date symlink: /home/pierres/COURS/slamnav/install/nav_2d_msgs/share/nav_2d_msgs/environment/ament_prefix_path.dsv
[0.461s] -- Up-to-date symlink: /home/pierres/COURS/slamnav/install/nav_2d_msgs/share/nav_2d_msgs/environment/path.sh
[0.461s] -- Up-to-date symlink: /home/pierres/COURS/slamnav/install/nav_2d_msgs/share/nav_2d_msgs/environment/path.dsv
[0.462s] -- Up-to-date symlink: /home/pierres/COURS/slamnav/install/nav_2d_msgs/share/nav_2d_msgs/local_setup.bash
[0.462s] -- Up-to-date symlink: /home/pierres/COURS/slamnav/install/nav_2d_msgs/share/nav_2d_msgs/local_setup.sh
[0.462s] -- Up-to-date symlink: /home/pierres/COURS/slamnav/install/nav_2d_msgs/share/nav_2d_msgs/local_setup.zsh
[0.462s] -- Up-to-date symlink: /home/pierres/COURS/slamnav/install/nav_2d_msgs/share/nav_2d_msgs/local_setup.dsv
[0.463s] -- Symlinking: /home/pierres/COURS/slamnav/install/nav_2d_msgs/share/nav_2d_msgs/package.dsv
[0.470s] -- Up-to-date symlink: /home/pierres/COURS/slamnav/install/nav_2d_msgs/share/ament_index/resource_index/packages/nav_2d_msgs
[0.470s] -- Up-to-date symlink: /home/pierres/COURS/slamnav/install/nav_2d_msgs/share/nav_2d_msgs/cmake/rosidl_cmake-extras.cmake
[0.470s] -- Up-to-date symlink: /home/pierres/COURS/slamnav/install/nav_2d_msgs/share/nav_2d_msgs/cmake/ament_cmake_export_dependencies-extras.cmake
[0.471s] -- Up-to-date symlink: /home/pierres/COURS/slamnav/install/nav_2d_msgs/share/nav_2d_msgs/cmake/ament_cmake_export_include_directories-extras.cmake
[0.471s] -- Up-to-date symlink: /home/pierres/COURS/slamnav/install/nav_2d_msgs/share/nav_2d_msgs/cmake/ament_cmake_export_libraries-extras.cmake
[0.471s] -- Up-to-date symlink: /home/pierres/COURS/slamnav/install/nav_2d_msgs/share/nav_2d_msgs/cmake/ament_cmake_export_targets-extras.cmake
[0.472s] -- Up-to-date symlink: /home/pierres/COURS/slamnav/install/nav_2d_msgs/share/nav_2d_msgs/cmake/rosidl_cmake_export_typesupport_targets-extras.cmake
[0.472s] -- Up-to-date symlink: /home/pierres/COURS/slamnav/install/nav_2d_msgs/share/nav_2d_msgs/cmake/rosidl_cmake_export_typesupport_libraries-extras.cmake
[0.472s] -- Up-to-date symlink: /home/pierres/COURS/slamnav/install/nav_2d_msgs/share/nav_2d_msgs/cmake/nav_2d_msgsConfig.cmake
[0.472s] -- Up-to-date symlink: /home/pierres/COURS/slamnav/install/nav_2d_msgs/share/nav_2d_msgs/cmake/nav_2d_msgsConfig-version.cmake
[0.472s] -- Up-to-date symlink: /home/pierres/COURS/slamnav/install/nav_2d_msgs/share/nav_2d_msgs/package.xml
[0.472s] -- Up-to-date: /home/pierres/COURS/slamnav/install/nav_2d_msgs/lib/libnav_2d_msgs__rosidl_generator_c.so
[0.473s] -- Up-to-date: /home/pierres/COURS/slamnav/install/nav_2d_msgs/lib/libnav_2d_msgs__rosidl_typesupport_fastrtps_c.so
[0.473s] -- Up-to-date: /home/pierres/COURS/slamnav/install/nav_2d_msgs/lib/libnav_2d_msgs__rosidl_typesupport_fastrtps_cpp.so
[0.473s] -- Up-to-date: /home/pierres/COURS/slamnav/install/nav_2d_msgs/lib/libnav_2d_msgs__rosidl_typesupport_introspection_c.so
[0.473s] -- Up-to-date: /home/pierres/COURS/slamnav/install/nav_2d_msgs/lib/libnav_2d_msgs__rosidl_typesupport_c.so
[0.473s] -- Up-to-date: /home/pierres/COURS/slamnav/install/nav_2d_msgs/lib/libnav_2d_msgs__rosidl_typesupport_introspection_cpp.so
[0.473s] -- Up-to-date: /home/pierres/COURS/slamnav/install/nav_2d_msgs/lib/libnav_2d_msgs__rosidl_typesupport_cpp.so
[0.503s] Listing '/home/pierres/COURS/slamnav/install/nav_2d_msgs/local/lib/python3.10/dist-packages/nav_2d_msgs'...
[0.503s] Listing '/home/pierres/COURS/slamnav/install/nav_2d_msgs/local/lib/python3.10/dist-packages/nav_2d_msgs/msg'...
[0.506s] -- Up-to-date: /home/pierres/COURS/slamnav/install/nav_2d_msgs/lib/libnav_2d_msgs__rosidl_generator_py.so
[0.506s] -- Up-to-date: /home/pierres/COURS/slamnav/install/nav_2d_msgs/share/nav_2d_msgs/cmake/export_nav_2d_msgs__rosidl_generator_cExport.cmake
[0.506s] -- Up-to-date: /home/pierres/COURS/slamnav/install/nav_2d_msgs/share/nav_2d_msgs/cmake/export_nav_2d_msgs__rosidl_generator_cExport-humble.cmake
[0.506s] -- Up-to-date: /home/pierres/COURS/slamnav/install/nav_2d_msgs/share/nav_2d_msgs/cmake/export_nav_2d_msgs__rosidl_typesupport_fastrtps_cExport.cmake
[0.506s] -- Up-to-date: /home/pierres/COURS/slamnav/install/nav_2d_msgs/share/nav_2d_msgs/cmake/export_nav_2d_msgs__rosidl_typesupport_fastrtps_cExport-humble.cmake
[0.506s] -- Up-to-date: /home/pierres/COURS/slamnav/install/nav_2d_msgs/share/nav_2d_msgs/cmake/export_nav_2d_msgs__rosidl_generator_cppExport.cmake
[0.506s] -- Up-to-date: /home/pierres/COURS/slamnav/install/nav_2d_msgs/share/nav_2d_msgs/cmake/export_nav_2d_msgs__rosidl_typesupport_fastrtps_cppExport.cmake
[0.507s] -- Up-to-date: /home/pierres/COURS/slamnav/install/nav_2d_msgs/share/nav_2d_msgs/cmake/export_nav_2d_msgs__rosidl_typesupport_fastrtps_cppExport-humble.cmake
[0.507s] -- Up-to-date: /home/pierres/COURS/slamnav/install/nav_2d_msgs/share/nav_2d_msgs/cmake/nav_2d_msgs__rosidl_typesupport_introspection_cExport.cmake
[0.507s] -- Up-to-date: /home/pierres/COURS/slamnav/install/nav_2d_msgs/share/nav_2d_msgs/cmake/nav_2d_msgs__rosidl_typesupport_introspection_cExport-humble.cmake
[0.507s] -- Up-to-date: /home/pierres/COURS/slamnav/install/nav_2d_msgs/share/nav_2d_msgs/cmake/nav_2d_msgs__rosidl_typesupport_cExport.cmake
[0.507s] -- Up-to-date: /home/pierres/COURS/slamnav/install/nav_2d_msgs/share/nav_2d_msgs/cmake/nav_2d_msgs__rosidl_typesupport_cExport-humble.cmake
[0.507s] -- Up-to-date: /home/pierres/COURS/slamnav/install/nav_2d_msgs/share/nav_2d_msgs/cmake/nav_2d_msgs__rosidl_typesupport_introspection_cppExport.cmake
[0.507s] -- Up-to-date: /home/pierres/COURS/slamnav/install/nav_2d_msgs/share/nav_2d_msgs/cmake/nav_2d_msgs__rosidl_typesupport_introspection_cppExport-humble.cmake
[0.507s] -- Up-to-date: /home/pierres/COURS/slamnav/install/nav_2d_msgs/share/nav_2d_msgs/cmake/nav_2d_msgs__rosidl_typesupport_cppExport.cmake
[0.507s] -- Up-to-date: /home/pierres/COURS/slamnav/install/nav_2d_msgs/share/nav_2d_msgs/cmake/nav_2d_msgs__rosidl_typesupport_cppExport-humble.cmake
[0.508s] -- Up-to-date: /home/pierres/COURS/slamnav/install/nav_2d_msgs/share/nav_2d_msgs/cmake/export_nav_2d_msgs__rosidl_generator_pyExport.cmake
[0.508s] -- Up-to-date: /home/pierres/COURS/slamnav/install/nav_2d_msgs/share/nav_2d_msgs/cmake/export_nav_2d_msgs__rosidl_generator_pyExport-humble.cmake
[0.509s] Invoked command in '/home/pierres/COURS/slamnav/build/nav_2d_msgs' returned '0': CMAKE_PREFIX_PATH=/opt/ros/humble:/home/pierres/COURS/slamnav/install/slamnav_turtlebot /usr/bin/cmake --install /home/pierres/COURS/slamnav/build/nav_2d_msgs
