[0.017s] Invoking command in '/home/pierres/COURS/slamnav/build/nav2_map_server': AMENT_PREFIX_PATH=/home/pierres/COURS/slamnav/install/nav2_util:/home/pierres/COURS/slamnav/install/nav2_msgs:/home/pierres/COURS/slamnav/install/nav2_common CMAKE_PREFIX_PATH=/home/pierres/COURS/slamnav/install/nav2_util:/home/pierres/COURS/slamnav/install/nav2_msgs:/home/pierres/COURS/slamnav/install/nav2_common LD_LIBRARY_PATH=/home/pierres/COURS/slamnav/install/nav2_util/lib:/home/pierres/COURS/slamnav/install/nav2_msgs/lib PYTHONPATH=/home/pierres/COURS/slamnav/install/nav2_msgs/local/lib/python3.10/dist-packages:/home/pierres/COURS/slamnav/install/nav2_common/local/lib/python3.10/dist-packages /usr/bin/cmake --build /home/pierres/COURS/slamnav/build/nav2_map_server -- -j16 -l16
[0.066s] [  5%] Built target gtest_main
[0.069s] [ 11%] Built target gtest
[0.070s] [ 19%] Built target map_io
[0.119s] [ 27%] Built target test_map_saver_cli
[0.129s] [ 38%] Built target map_server_core
[0.139s] [ 47%] Built target test_map_saver_publisher
[0.155s] [ 55%] Built target test_map_io
[0.161s] [ 61%] Built target map_server
[0.164s] [ 66%] Built target map_saver_cli
[0.168s] [ 72%] Built target map_saver_server
[0.171s] [ 77%] Built target costmap_filter_info_server
[0.173s] [ 83%] Built target test_costmap_filter_info_server
[0.174s] [ 91%] Built target test_map_saver_node
[0.183s] [100%] Built target test_map_server_node
[0.208s] Invoked command in '/home/pierres/COURS/slamnav/build/nav2_map_server' returned '0': AMENT_PREFIX_PATH=/home/pierres/COURS/slamnav/install/nav2_util:/home/pierres/COURS/slamnav/install/nav2_msgs:/home/pierres/COURS/slamnav/install/nav2_common CMAKE_PREFIX_PATH=/home/pierres/COURS/slamnav/install/nav2_util:/home/pierres/COURS/slamnav/install/nav2_msgs:/home/pierres/COURS/slamnav/install/nav2_common LD_LIBRARY_PATH=/home/pierres/COURS/slamnav/install/nav2_util/lib:/home/pierres/COURS/slamnav/install/nav2_msgs/lib PYTHONPATH=/home/pierres/COURS/slamnav/install/nav2_msgs/local/lib/python3.10/dist-packages:/home/pierres/COURS/slamnav/install/nav2_common/local/lib/python3.10/dist-packages /usr/bin/cmake --build /home/pierres/COURS/slamnav/build/nav2_map_server -- -j16 -l16
[0.267s] Invoking command in '/home/pierres/COURS/slamnav/build/nav2_map_server': AMENT_PREFIX_PATH=/home/pierres/COURS/slamnav/install/nav2_util:/home/pierres/COURS/slamnav/install/nav2_msgs:/home/pierres/COURS/slamnav/install/nav2_common CMAKE_PREFIX_PATH=/home/pierres/COURS/slamnav/install/nav2_util:/home/pierres/COURS/slamnav/install/nav2_msgs:/home/pierres/COURS/slamnav/install/nav2_common LD_LIBRARY_PATH=/home/pierres/COURS/slamnav/install/nav2_util/lib:/home/pierres/COURS/slamnav/install/nav2_msgs/lib PYTHONPATH=/home/pierres/COURS/slamnav/install/nav2_msgs/local/lib/python3.10/dist-packages:/home/pierres/COURS/slamnav/install/nav2_common/local/lib/python3.10/dist-packages /usr/bin/cmake --install /home/pierres/COURS/slamnav/build/nav2_map_server
[0.269s] -- Install configuration: "Humble"
[0.269s] -- Execute custom install script
[0.269s] -- Up-to-date symlink: /home/pierres/COURS/slamnav/install/nav2_map_server/lib/libmap_server_core.so
[0.269s] -- Up-to-date symlink: /home/pierres/COURS/slamnav/install/nav2_map_server/lib/libmap_io.so
[0.269s] -- Up-to-date symlink: /home/pierres/COURS/slamnav/install/nav2_map_server/lib/nav2_map_server/map_server
[0.269s] -- Up-to-date symlink: /home/pierres/COURS/slamnav/install/nav2_map_server/lib/nav2_map_server/map_saver_cli
[0.270s] -- Up-to-date symlink: /home/pierres/COURS/slamnav/install/nav2_map_server/lib/nav2_map_server/map_saver_server
[0.270s] -- Up-to-date symlink: /home/pierres/COURS/slamnav/install/nav2_map_server/lib/nav2_map_server/costmap_filter_info_server
[0.270s] -- Up-to-date symlink: /home/pierres/COURS/slamnav/install/nav2_map_server/include//nav2_map_server/costmap_filter_info_server.hpp
[0.270s] -- Up-to-date symlink: /home/pierres/COURS/slamnav/install/nav2_map_server/include//nav2_map_server/map_io.hpp
[0.270s] -- Up-to-date symlink: /home/pierres/COURS/slamnav/install/nav2_map_server/include//nav2_map_server/map_mode.hpp
[0.270s] -- Up-to-date symlink: /home/pierres/COURS/slamnav/install/nav2_map_server/include//nav2_map_server/map_saver.hpp
[0.270s] -- Up-to-date symlink: /home/pierres/COURS/slamnav/install/nav2_map_server/include//nav2_map_server/map_server.hpp
[0.271s] -- Up-to-date symlink: /home/pierres/COURS/slamnav/install/nav2_map_server/share/nav2_map_server/launch/map_saver_server.launch.py
[0.271s] -- Up-to-date symlink: /home/pierres/COURS/slamnav/install/nav2_map_server/share/nav2_map_server/environment/library_path.sh
[0.279s] -- Up-to-date symlink: /home/pierres/COURS/slamnav/install/nav2_map_server/share/nav2_map_server/environment/library_path.dsv
[0.279s] -- Up-to-date symlink: /home/pierres/COURS/slamnav/install/nav2_map_server/share/ament_index/resource_index/package_run_dependencies/nav2_map_server
[0.279s] -- Up-to-date symlink: /home/pierres/COURS/slamnav/install/nav2_map_server/share/ament_index/resource_index/parent_prefix_path/nav2_map_server
[0.279s] -- Up-to-date symlink: /home/pierres/COURS/slamnav/install/nav2_map_server/share/nav2_map_server/environment/ament_prefix_path.sh
[0.279s] -- Up-to-date symlink: /home/pierres/COURS/slamnav/install/nav2_map_server/share/nav2_map_server/environment/ament_prefix_path.dsv
[0.279s] -- Up-to-date symlink: /home/pierres/COURS/slamnav/install/nav2_map_server/share/nav2_map_server/environment/path.sh
[0.279s] -- Up-to-date symlink: /home/pierres/COURS/slamnav/install/nav2_map_server/share/nav2_map_server/environment/path.dsv
[0.279s] -- Up-to-date symlink: /home/pierres/COURS/slamnav/install/nav2_map_server/share/nav2_map_server/local_setup.bash
[0.280s] -- Up-to-date symlink: /home/pierres/COURS/slamnav/install/nav2_map_server/share/nav2_map_server/local_setup.sh
[0.280s] -- Up-to-date symlink: /home/pierres/COURS/slamnav/install/nav2_map_server/share/nav2_map_server/local_setup.zsh
[0.280s] -- Up-to-date symlink: /home/pierres/COURS/slamnav/install/nav2_map_server/share/nav2_map_server/local_setup.dsv
[0.280s] -- Symlinking: /home/pierres/COURS/slamnav/install/nav2_map_server/share/nav2_map_server/package.dsv
[0.282s] -- Up-to-date symlink: /home/pierres/COURS/slamnav/install/nav2_map_server/share/ament_index/resource_index/packages/nav2_map_server
[0.284s] -- Up-to-date symlink: /home/pierres/COURS/slamnav/install/nav2_map_server/share/ament_index/resource_index/rclcpp_components/nav2_map_server
[0.284s] -- Up-to-date symlink: /home/pierres/COURS/slamnav/install/nav2_map_server/share/nav2_map_server/cmake/ament_cmake_export_include_directories-extras.cmake
[0.284s] -- Up-to-date symlink: /home/pierres/COURS/slamnav/install/nav2_map_server/share/nav2_map_server/cmake/ament_cmake_export_libraries-extras.cmake
[0.286s] -- Up-to-date symlink: /home/pierres/COURS/slamnav/install/nav2_map_server/share/nav2_map_server/cmake/ament_cmake_export_dependencies-extras.cmake
[0.286s] -- Up-to-date symlink: /home/pierres/COURS/slamnav/install/nav2_map_server/share/nav2_map_server/cmake/nav2_map_serverConfig.cmake
[0.286s] -- Up-to-date symlink: /home/pierres/COURS/slamnav/install/nav2_map_server/share/nav2_map_server/cmake/nav2_map_serverConfig-version.cmake
[0.286s] -- Up-to-date symlink: /home/pierres/COURS/slamnav/install/nav2_map_server/share/nav2_map_server/package.xml
[0.320s] Invoked command in '/home/pierres/COURS/slamnav/build/nav2_map_server' returned '0': AMENT_PREFIX_PATH=/home/pierres/COURS/slamnav/install/nav2_util:/home/pierres/COURS/slamnav/install/nav2_msgs:/home/pierres/COURS/slamnav/install/nav2_common CMAKE_PREFIX_PATH=/home/pierres/COURS/slamnav/install/nav2_util:/home/pierres/COURS/slamnav/install/nav2_msgs:/home/pierres/COURS/slamnav/install/nav2_common LD_LIBRARY_PATH=/home/pierres/COURS/slamnav/install/nav2_util/lib:/home/pierres/COURS/slamnav/install/nav2_msgs/lib PYTHONPATH=/home/pierres/COURS/slamnav/install/nav2_msgs/local/lib/python3.10/dist-packages:/home/pierres/COURS/slamnav/install/nav2_common/local/lib/python3.10/dist-packages /usr/bin/cmake --install /home/pierres/COURS/slamnav/build/nav2_map_server
