[0.001s] Invoking command in '/home/pierres/COURS/slamnav/build/nav_2d_msgs': CMAKE_PREFIX_PATH=${CMAKE_PREFIX_PATH}:/opt/ros/humble:/home/pierres/COURS/slamnav/install/slamnav_turtlebot /usr/bin/cmake --build /home/pierres/COURS/slamnav/build/nav_2d_msgs -- -j16 -l16
[0.043s] [35m[1mConsolidate compiler generated dependencies of target nav_2d_msgs__rosidl_generator_c[0m
[0.056s] [  1%] Built target nav_2d_msgs__cpp
[0.057s] [ 12%] Built target nav_2d_msgs__rosidl_generator_c
[0.065s] [ 12%] Built target ament_cmake_python_symlink_nav_2d_msgs
[0.072s] [35m[1mConsolidate compiler generated dependencies of target nav_2d_msgs__rosidl_typesupport_cpp[0m
[0.072s] [35m[1mConsolidate compiler generated dependencies of target nav_2d_msgs__rosidl_typesupport_c[0m
[0.076s] [35m[1mConsolidate compiler generated dependencies of target nav_2d_msgs__rosidl_typesupport_introspection_cpp[0m
[0.077s] [35m[1mConsolidate compiler generated dependencies of target nav_2d_msgs__rosidl_typesupport_fastrtps_cpp[0m
[0.077s] [35m[1mConsolidate compiler generated dependencies of target nav_2d_msgs__rosidl_typesupport_introspection_c[0m
[0.078s] [35m[1mConsolidate compiler generated dependencies of target nav_2d_msgs__rosidl_typesupport_fastrtps_c[0m
[0.095s] [ 23%] Built target nav_2d_msgs__rosidl_typesupport_cpp
[0.096s] [ 35%] Built target nav_2d_msgs__rosidl_typesupport_c
[0.102s] [ 46%] Built target nav_2d_msgs__rosidl_typesupport_introspection_cpp
[0.103s] [ 57%] Built target nav_2d_msgs__rosidl_typesupport_introspection_c
[0.104s] [ 69%] Built target nav_2d_msgs__rosidl_typesupport_fastrtps_cpp
[0.106s] [ 80%] Built target nav_2d_msgs__rosidl_typesupport_fastrtps_c
[0.126s] [ 80%] Built target nav_2d_msgs
[0.151s] [ 81%] Built target nav_2d_msgs__py
[0.165s] [35m[1mConsolidate compiler generated dependencies of target nav_2d_msgs__rosidl_generator_py[0m
[0.184s] [ 91%] Built target nav_2d_msgs__rosidl_generator_py
[0.194s] [35m[1mConsolidate compiler generated dependencies of target nav_2d_msgs__rosidl_typesupport_fastrtps_c__pyext[0m
[0.195s] [35m[1mConsolidate compiler generated dependencies of target nav_2d_msgs__rosidl_typesupport_c__pyext[0m
[0.195s] [35m[1mConsolidate compiler generated dependencies of target nav_2d_msgs__rosidl_typesupport_introspection_c__pyext[0m
[0.207s] [ 94%] Built target nav_2d_msgs__rosidl_typesupport_c__pyext
[0.207s] [ 97%] Built target nav_2d_msgs__rosidl_typesupport_fastrtps_c__pyext
[0.208s] [100%] Built target nav_2d_msgs__rosidl_typesupport_introspection_c__pyext
[0.256s] running egg_info
[0.257s] writing nav_2d_msgs.egg-info/PKG-INFO
[0.257s] writing dependency_links to nav_2d_msgs.egg-info/dependency_links.txt
[0.257s] writing top-level names to nav_2d_msgs.egg-info/top_level.txt
[0.258s] reading manifest file 'nav_2d_msgs.egg-info/SOURCES.txt'
[0.259s] writing manifest file 'nav_2d_msgs.egg-info/SOURCES.txt'
[0.278s] [100%] Built target ament_cmake_python_build_nav_2d_msgs_egg
[0.289s] Invoked command in '/home/pierres/COURS/slamnav/build/nav_2d_msgs' returned '0': CMAKE_PREFIX_PATH=${CMAKE_PREFIX_PATH}:/opt/ros/humble:/home/pierres/COURS/slamnav/install/slamnav_turtlebot /usr/bin/cmake --build /home/pierres/COURS/slamnav/build/nav_2d_msgs -- -j16 -l16
[0.426s] Invoking command in '/home/pierres/COURS/slamnav/build/nav_2d_msgs': CMAKE_PREFIX_PATH=${CMAKE_PREFIX_PATH}:/opt/ros/humble:/home/pierres/COURS/slamnav/install/slamnav_turtlebot /usr/bin/cmake --install /home/pierres/COURS/slamnav/build/nav_2d_msgs
[0.434s] -- Install configuration: "Release"
[0.435s] -- Execute custom install script
[0.435s] -- Up-to-date symlink: /home/pierres/COURS/slamnav/install/nav_2d_msgs/share/ament_index/resource_index/rosidl_interfaces/nav_2d_msgs
[0.436s] -- Up-to-date symlink: /home/pierres/COURS/slamnav/install/nav_2d_msgs/include/nav_2d_msgs/nav_2d_msgs/msg/detail/path2_d__functions.h
[0.436s] -- Up-to-date symlink: /home/pierres/COURS/slamnav/install/nav_2d_msgs/include/nav_2d_msgs/nav_2d_msgs/msg/detail/path2_d__struct.h
[0.436s] -- Up-to-date symlink: /home/pierres/COURS/slamnav/install/nav_2d_msgs/include/nav_2d_msgs/nav_2d_msgs/msg/detail/path2_d__type_support.h
[0.436s] -- Up-to-date symlink: /home/pierres/COURS/slamnav/install/nav_2d_msgs/include/nav_2d_msgs/nav_2d_msgs/msg/detail/pose2_d32__functions.h
[0.436s] -- Up-to-date symlink: /home/pierres/COURS/slamnav/install/nav_2d_msgs/include/nav_2d_msgs/nav_2d_msgs/msg/detail/pose2_d32__struct.h
[0.436s] -- Up-to-date symlink: /home/pierres/COURS/slamnav/install/nav_2d_msgs/include/nav_2d_msgs/nav_2d_msgs/msg/detail/pose2_d32__type_support.h
[0.437s] -- Up-to-date symlink: /home/pierres/COURS/slamnav/install/nav_2d_msgs/include/nav_2d_msgs/nav_2d_msgs/msg/detail/pose2_d_stamped__functions.h
[0.437s] -- Up-to-date symlink: /home/pierres/COURS/slamnav/install/nav_2d_msgs/include/nav_2d_msgs/nav_2d_msgs/msg/detail/pose2_d_stamped__struct.h
[0.437s] -- Up-to-date symlink: /home/pierres/COURS/slamnav/install/nav_2d_msgs/include/nav_2d_msgs/nav_2d_msgs/msg/detail/pose2_d_stamped__type_support.h
[0.437s] -- Up-to-date symlink: /home/pierres/COURS/slamnav/install/nav_2d_msgs/include/nav_2d_msgs/nav_2d_msgs/msg/detail/twist2_d32__functions.h
[0.437s] -- Up-to-date symlink: /home/pierres/COURS/slamnav/install/nav_2d_msgs/include/nav_2d_msgs/nav_2d_msgs/msg/detail/twist2_d32__struct.h
[0.437s] -- Up-to-date symlink: /home/pierres/COURS/slamnav/install/nav_2d_msgs/include/nav_2d_msgs/nav_2d_msgs/msg/detail/twist2_d32__type_support.h
[0.437s] -- Up-to-date symlink: /home/pierres/COURS/slamnav/install/nav_2d_msgs/include/nav_2d_msgs/nav_2d_msgs/msg/detail/twist2_d__functions.h
[0.438s] -- Up-to-date symlink: /home/pierres/COURS/slamnav/install/nav_2d_msgs/include/nav_2d_msgs/nav_2d_msgs/msg/detail/twist2_d__struct.h
[0.438s] -- Up-to-date symlink: /home/pierres/COURS/slamnav/install/nav_2d_msgs/include/nav_2d_msgs/nav_2d_msgs/msg/detail/twist2_d__type_support.h
[0.438s] -- Up-to-date symlink: /home/pierres/COURS/slamnav/install/nav_2d_msgs/include/nav_2d_msgs/nav_2d_msgs/msg/detail/twist2_d_stamped__functions.h
[0.438s] -- Up-to-date symlink: /home/pierres/COURS/slamnav/install/nav_2d_msgs/include/nav_2d_msgs/nav_2d_msgs/msg/detail/twist2_d_stamped__struct.h
[0.438s] -- Up-to-date symlink: /home/pierres/COURS/slamnav/install/nav_2d_msgs/include/nav_2d_msgs/nav_2d_msgs/msg/detail/twist2_d_stamped__type_support.h
[0.438s] -- Up-to-date symlink: /home/pierres/COURS/slamnav/install/nav_2d_msgs/include/nav_2d_msgs/nav_2d_msgs/msg/path2_d.h
[0.438s] -- Up-to-date symlink: /home/pierres/COURS/slamnav/install/nav_2d_msgs/include/nav_2d_msgs/nav_2d_msgs/msg/pose2_d32.h
[0.439s] -- Up-to-date symlink: /home/pierres/COURS/slamnav/install/nav_2d_msgs/include/nav_2d_msgs/nav_2d_msgs/msg/pose2_d_stamped.h
[0.439s] -- Up-to-date symlink: /home/pierres/COURS/slamnav/install/nav_2d_msgs/include/nav_2d_msgs/nav_2d_msgs/msg/rosidl_generator_c__visibility_control.h
[0.439s] -- Up-to-date symlink: /home/pierres/COURS/slamnav/install/nav_2d_msgs/include/nav_2d_msgs/nav_2d_msgs/msg/twist2_d.h
[0.439s] -- Up-to-date symlink: /home/pierres/COURS/slamnav/install/nav_2d_msgs/include/nav_2d_msgs/nav_2d_msgs/msg/twist2_d32.h
[0.439s] -- Up-to-date symlink: /home/pierres/COURS/slamnav/install/nav_2d_msgs/include/nav_2d_msgs/nav_2d_msgs/msg/twist2_d_stamped.h
[0.439s] -- Up-to-date symlink: /home/pierres/COURS/slamnav/install/nav_2d_msgs/share/nav_2d_msgs/environment/library_path.sh
[0.439s] -- Up-to-date symlink: /home/pierres/COURS/slamnav/install/nav_2d_msgs/share/nav_2d_msgs/environment/library_path.dsv
[0.440s] -- Up-to-date symlink: /home/pierres/COURS/slamnav/install/nav_2d_msgs/include/nav_2d_msgs/nav_2d_msgs/msg/detail/path2_d__rosidl_typesupport_fastrtps_c.h
[0.440s] -- Up-to-date symlink: /home/pierres/COURS/slamnav/install/nav_2d_msgs/include/nav_2d_msgs/nav_2d_msgs/msg/detail/pose2_d32__rosidl_typesupport_fastrtps_c.h
[0.440s] -- Up-to-date symlink: /home/pierres/COURS/slamnav/install/nav_2d_msgs/include/nav_2d_msgs/nav_2d_msgs/msg/detail/pose2_d_stamped__rosidl_typesupport_fastrtps_c.h
[0.441s] -- Up-to-date symlink: /home/pierres/COURS/slamnav/install/nav_2d_msgs/include/nav_2d_msgs/nav_2d_msgs/msg/detail/twist2_d32__rosidl_typesupport_fastrtps_c.h
[0.441s] -- Up-to-date symlink: /home/pierres/COURS/slamnav/install/nav_2d_msgs/include/nav_2d_msgs/nav_2d_msgs/msg/detail/twist2_d__rosidl_typesupport_fastrtps_c.h
[0.441s] -- Up-to-date symlink: /home/pierres/COURS/slamnav/install/nav_2d_msgs/include/nav_2d_msgs/nav_2d_msgs/msg/detail/twist2_d_stamped__rosidl_typesupport_fastrtps_c.h
[0.441s] -- Up-to-date symlink: /home/pierres/COURS/slamnav/install/nav_2d_msgs/include/nav_2d_msgs/nav_2d_msgs/msg/rosidl_typesupport_fastrtps_c__visibility_control.h
[0.442s] -- Up-to-date symlink: /home/pierres/COURS/slamnav/install/nav_2d_msgs/include/nav_2d_msgs/nav_2d_msgs/msg/detail/path2_d__builder.hpp
[0.442s] -- Up-to-date symlink: /home/pierres/COURS/slamnav/install/nav_2d_msgs/include/nav_2d_msgs/nav_2d_msgs/msg/detail/path2_d__struct.hpp
[0.442s] -- Up-to-date symlink: /home/pierres/COURS/slamnav/install/nav_2d_msgs/include/nav_2d_msgs/nav_2d_msgs/msg/detail/path2_d__traits.hpp
[0.442s] -- Up-to-date symlink: /home/pierres/COURS/slamnav/install/nav_2d_msgs/include/nav_2d_msgs/nav_2d_msgs/msg/detail/pose2_d32__builder.hpp
[0.442s] -- Up-to-date symlink: /home/pierres/COURS/slamnav/install/nav_2d_msgs/include/nav_2d_msgs/nav_2d_msgs/msg/detail/pose2_d32__struct.hpp
[0.442s] -- Up-to-date symlink: /home/pierres/COURS/slamnav/install/nav_2d_msgs/include/nav_2d_msgs/nav_2d_msgs/msg/detail/pose2_d32__traits.hpp
[0.443s] -- Up-to-date symlink: /home/pierres/COURS/slamnav/install/nav_2d_msgs/include/nav_2d_msgs/nav_2d_msgs/msg/detail/pose2_d_stamped__builder.hpp
[0.443s] -- Up-to-date symlink: /home/pierres/COURS/slamnav/install/nav_2d_msgs/include/nav_2d_msgs/nav_2d_msgs/msg/detail/pose2_d_stamped__struct.hpp
[0.443s] -- Up-to-date symlink: /home/pierres/COURS/slamnav/install/nav_2d_msgs/include/nav_2d_msgs/nav_2d_msgs/msg/detail/pose2_d_stamped__traits.hpp
[0.443s] -- Up-to-date symlink: /home/pierres/COURS/slamnav/install/nav_2d_msgs/include/nav_2d_msgs/nav_2d_msgs/msg/detail/twist2_d32__builder.hpp
[0.443s] -- Up-to-date symlink: /home/pierres/COURS/slamnav/install/nav_2d_msgs/include/nav_2d_msgs/nav_2d_msgs/msg/detail/twist2_d32__struct.hpp
[0.443s] -- Up-to-date symlink: /home/pierres/COURS/slamnav/install/nav_2d_msgs/include/nav_2d_msgs/nav_2d_msgs/msg/detail/twist2_d32__traits.hpp
[0.443s] -- Up-to-date symlink: /home/pierres/COURS/slamnav/install/nav_2d_msgs/include/nav_2d_msgs/nav_2d_msgs/msg/detail/twist2_d__builder.hpp
[0.444s] -- Up-to-date symlink: /home/pierres/COURS/slamnav/install/nav_2d_msgs/include/nav_2d_msgs/nav_2d_msgs/msg/detail/twist2_d__struct.hpp
[0.444s] -- Up-to-date symlink: /home/pierres/COURS/slamnav/install/nav_2d_msgs/include/nav_2d_msgs/nav_2d_msgs/msg/detail/twist2_d__traits.hpp
[0.444s] -- Up-to-date symlink: /home/pierres/COURS/slamnav/install/nav_2d_msgs/include/nav_2d_msgs/nav_2d_msgs/msg/detail/twist2_d_stamped__builder.hpp
[0.444s] -- Up-to-date symlink: /home/pierres/COURS/slamnav/install/nav_2d_msgs/include/nav_2d_msgs/nav_2d_msgs/msg/detail/twist2_d_stamped__struct.hpp
[0.444s] -- Up-to-date symlink: /home/pierres/COURS/slamnav/install/nav_2d_msgs/include/nav_2d_msgs/nav_2d_msgs/msg/detail/twist2_d_stamped__traits.hpp
[0.444s] -- Up-to-date symlink: /home/pierres/COURS/slamnav/install/nav_2d_msgs/include/nav_2d_msgs/nav_2d_msgs/msg/path2_d.hpp
[0.444s] -- Up-to-date symlink: /home/pierres/COURS/slamnav/install/nav_2d_msgs/include/nav_2d_msgs/nav_2d_msgs/msg/pose2_d32.hpp
[0.444s] -- Up-to-date symlink: /home/pierres/COURS/slamnav/install/nav_2d_msgs/include/nav_2d_msgs/nav_2d_msgs/msg/pose2_d_stamped.hpp
[0.445s] -- Up-to-date symlink: /home/pierres/COURS/slamnav/install/nav_2d_msgs/include/nav_2d_msgs/nav_2d_msgs/msg/twist2_d.hpp
[0.445s] -- Up-to-date symlink: /home/pierres/COURS/slamnav/install/nav_2d_msgs/include/nav_2d_msgs/nav_2d_msgs/msg/twist2_d32.hpp
[0.445s] -- Up-to-date symlink: /home/pierres/COURS/slamnav/install/nav_2d_msgs/include/nav_2d_msgs/nav_2d_msgs/msg/twist2_d_stamped.hpp
[0.445s] -- Up-to-date symlink: /home/pierres/COURS/slamnav/install/nav_2d_msgs/include/nav_2d_msgs/nav_2d_msgs/msg/detail/path2_d__rosidl_typesupport_fastrtps_cpp.hpp
[0.445s] -- Up-to-date symlink: /home/pierres/COURS/slamnav/install/nav_2d_msgs/include/nav_2d_msgs/nav_2d_msgs/msg/detail/pose2_d32__rosidl_typesupport_fastrtps_cpp.hpp
[0.445s] -- Up-to-date symlink: /home/pierres/COURS/slamnav/install/nav_2d_msgs/include/nav_2d_msgs/nav_2d_msgs/msg/detail/pose2_d_stamped__rosidl_typesupport_fastrtps_cpp.hpp
[0.446s] -- Up-to-date symlink: /home/pierres/COURS/slamnav/install/nav_2d_msgs/include/nav_2d_msgs/nav_2d_msgs/msg/detail/twist2_d32__rosidl_typesupport_fastrtps_cpp.hpp
[0.446s] -- Up-to-date symlink: /home/pierres/COURS/slamnav/install/nav_2d_msgs/include/nav_2d_msgs/nav_2d_msgs/msg/detail/twist2_d__rosidl_typesupport_fastrtps_cpp.hpp
[0.446s] -- Up-to-date symlink: /home/pierres/COURS/slamnav/install/nav_2d_msgs/include/nav_2d_msgs/nav_2d_msgs/msg/detail/twist2_d_stamped__rosidl_typesupport_fastrtps_cpp.hpp
[0.446s] -- Up-to-date symlink: /home/pierres/COURS/slamnav/install/nav_2d_msgs/include/nav_2d_msgs/nav_2d_msgs/msg/rosidl_typesupport_fastrtps_cpp__visibility_control.h
[0.446s] -- Up-to-date symlink: /home/pierres/COURS/slamnav/install/nav_2d_msgs/include/nav_2d_msgs/nav_2d_msgs/msg/detail/path2_d__rosidl_typesupport_introspection_c.h
[0.447s] -- Up-to-date symlink: /home/pierres/COURS/slamnav/install/nav_2d_msgs/include/nav_2d_msgs/nav_2d_msgs/msg/detail/pose2_d32__rosidl_typesupport_introspection_c.h
[0.447s] -- Up-to-date symlink: /home/pierres/COURS/slamnav/install/nav_2d_msgs/include/nav_2d_msgs/nav_2d_msgs/msg/detail/pose2_d_stamped__rosidl_typesupport_introspection_c.h
[0.447s] -- Up-to-date symlink: /home/pierres/COURS/slamnav/install/nav_2d_msgs/include/nav_2d_msgs/nav_2d_msgs/msg/detail/twist2_d32__rosidl_typesupport_introspection_c.h
[0.447s] -- Up-to-date symlink: /home/pierres/COURS/slamnav/install/nav_2d_msgs/include/nav_2d_msgs/nav_2d_msgs/msg/detail/twist2_d__rosidl_typesupport_introspection_c.h
[0.447s] -- Up-to-date symlink: /home/pierres/COURS/slamnav/install/nav_2d_msgs/include/nav_2d_msgs/nav_2d_msgs/msg/detail/twist2_d_stamped__rosidl_typesupport_introspection_c.h
[0.447s] -- Up-to-date symlink: /home/pierres/COURS/slamnav/install/nav_2d_msgs/include/nav_2d_msgs/nav_2d_msgs/msg/rosidl_typesupport_introspection_c__visibility_control.h
[0.448s] -- Up-to-date symlink: /home/pierres/COURS/slamnav/install/nav_2d_msgs/include/nav_2d_msgs/nav_2d_msgs/msg/detail/path2_d__rosidl_typesupport_introspection_cpp.hpp
[0.448s] -- Up-to-date symlink: /home/pierres/COURS/slamnav/install/nav_2d_msgs/include/nav_2d_msgs/nav_2d_msgs/msg/detail/pose2_d32__rosidl_typesupport_introspection_cpp.hpp
[0.448s] -- Up-to-date symlink: /home/pierres/COURS/slamnav/install/nav_2d_msgs/include/nav_2d_msgs/nav_2d_msgs/msg/detail/pose2_d_stamped__rosidl_typesupport_introspection_cpp.hpp
[0.448s] -- Up-to-date symlink: /home/pierres/COURS/slamnav/install/nav_2d_msgs/include/nav_2d_msgs/nav_2d_msgs/msg/detail/twist2_d32__rosidl_typesupport_introspection_cpp.hpp
[0.448s] -- Up-to-date symlink: /home/pierres/COURS/slamnav/install/nav_2d_msgs/include/nav_2d_msgs/nav_2d_msgs/msg/detail/twist2_d__rosidl_typesupport_introspection_cpp.hpp
[0.448s] -- Up-to-date symlink: /home/pierres/COURS/slamnav/install/nav_2d_msgs/include/nav_2d_msgs/nav_2d_msgs/msg/detail/twist2_d_stamped__rosidl_typesupport_introspection_cpp.hpp
[0.448s] -- Up-to-date symlink: /home/pierres/COURS/slamnav/install/nav_2d_msgs/share/nav_2d_msgs/environment/pythonpath.sh
[0.449s] -- Up-to-date symlink: /home/pierres/COURS/slamnav/install/nav_2d_msgs/share/nav_2d_msgs/environment/pythonpath.dsv
[0.449s] -- Up-to-date symlink: /home/pierres/COURS/slamnav/install/nav_2d_msgs/local/lib/python3.10/dist-packages/nav_2d_msgs-1.1.16-py3.10.egg-info/PKG-INFO
[0.449s] -- Up-to-date symlink: /home/pierres/COURS/slamnav/install/nav_2d_msgs/local/lib/python3.10/dist-packages/nav_2d_msgs-1.1.16-py3.10.egg-info/SOURCES.txt
[0.449s] -- Up-to-date symlink: /home/pierres/COURS/slamnav/install/nav_2d_msgs/local/lib/python3.10/dist-packages/nav_2d_msgs-1.1.16-py3.10.egg-info/dependency_links.txt
[0.449s] -- Up-to-date symlink: /home/pierres/COURS/slamnav/install/nav_2d_msgs/local/lib/python3.10/dist-packages/nav_2d_msgs-1.1.16-py3.10.egg-info/top_level.txt
[0.450s] -- Up-to-date symlink: /home/pierres/COURS/slamnav/install/nav_2d_msgs/local/lib/python3.10/dist-packages/nav_2d_msgs/__init__.py
[0.450s] -- Up-to-date symlink: /home/pierres/COURS/slamnav/install/nav_2d_msgs/local/lib/python3.10/dist-packages/nav_2d_msgs/_nav_2d_msgs_s.ep.rosidl_typesupport_c.c
[0.450s] -- Up-to-date symlink: /home/pierres/COURS/slamnav/install/nav_2d_msgs/local/lib/python3.10/dist-packages/nav_2d_msgs/_nav_2d_msgs_s.ep.rosidl_typesupport_fastrtps_c.c
[0.451s] -- Up-to-date symlink: /home/pierres/COURS/slamnav/install/nav_2d_msgs/local/lib/python3.10/dist-packages/nav_2d_msgs/_nav_2d_msgs_s.ep.rosidl_typesupport_introspection_c.c
[0.451s] -- Up-to-date symlink: /home/pierres/COURS/slamnav/install/nav_2d_msgs/local/lib/python3.10/dist-packages/nav_2d_msgs/libnav_2d_msgs__rosidl_generator_py.so
[0.451s] -- Up-to-date symlink: /home/pierres/COURS/slamnav/install/nav_2d_msgs/local/lib/python3.10/dist-packages/nav_2d_msgs/msg/__init__.py
[0.451s] -- Up-to-date symlink: /home/pierres/COURS/slamnav/install/nav_2d_msgs/local/lib/python3.10/dist-packages/nav_2d_msgs/msg/_path2_d.py
[0.451s] -- Up-to-date symlink: /home/pierres/COURS/slamnav/install/nav_2d_msgs/local/lib/python3.10/dist-packages/nav_2d_msgs/msg/_path2_d_s.c
[0.451s] -- Up-to-date symlink: /home/pierres/COURS/slamnav/install/nav_2d_msgs/local/lib/python3.10/dist-packages/nav_2d_msgs/msg/_pose2_d32.py
[0.451s] -- Up-to-date symlink: /home/pierres/COURS/slamnav/install/nav_2d_msgs/local/lib/python3.10/dist-packages/nav_2d_msgs/msg/_pose2_d32_s.c
[0.451s] -- Up-to-date symlink: /home/pierres/COURS/slamnav/install/nav_2d_msgs/local/lib/python3.10/dist-packages/nav_2d_msgs/msg/_pose2_d_stamped.py
[0.452s] -- Up-to-date symlink: /home/pierres/COURS/slamnav/install/nav_2d_msgs/local/lib/python3.10/dist-packages/nav_2d_msgs/msg/_pose2_d_stamped_s.c
[0.452s] -- Up-to-date symlink: /home/pierres/COURS/slamnav/install/nav_2d_msgs/local/lib/python3.10/dist-packages/nav_2d_msgs/msg/_twist2_d.py
[0.452s] -- Up-to-date symlink: /home/pierres/COURS/slamnav/install/nav_2d_msgs/local/lib/python3.10/dist-packages/nav_2d_msgs/msg/_twist2_d32.py
[0.452s] -- Up-to-date symlink: /home/pierres/COURS/slamnav/install/nav_2d_msgs/local/lib/python3.10/dist-packages/nav_2d_msgs/msg/_twist2_d32_s.c
[0.452s] -- Up-to-date symlink: /home/pierres/COURS/slamnav/install/nav_2d_msgs/local/lib/python3.10/dist-packages/nav_2d_msgs/msg/_twist2_d_s.c
[0.452s] -- Up-to-date symlink: /home/pierres/COURS/slamnav/install/nav_2d_msgs/local/lib/python3.10/dist-packages/nav_2d_msgs/msg/_twist2_d_stamped.py
[0.452s] -- Up-to-date symlink: /home/pierres/COURS/slamnav/install/nav_2d_msgs/local/lib/python3.10/dist-packages/nav_2d_msgs/msg/_twist2_d_stamped_s.c
[0.453s] -- Up-to-date symlink: /home/pierres/COURS/slamnav/install/nav_2d_msgs/local/lib/python3.10/dist-packages/nav_2d_msgs/nav_2d_msgs_s__rosidl_typesupport_c.cpython-310-x86_64-linux-gnu.so
[0.453s] -- Up-to-date symlink: /home/pierres/COURS/slamnav/install/nav_2d_msgs/local/lib/python3.10/dist-packages/nav_2d_msgs/nav_2d_msgs_s__rosidl_typesupport_fastrtps_c.cpython-310-x86_64-linux-gnu.so
[0.453s] -- Up-to-date symlink: /home/pierres/COURS/slamnav/install/nav_2d_msgs/local/lib/python3.10/dist-packages/nav_2d_msgs/nav_2d_msgs_s__rosidl_typesupport_introspection_c.cpython-310-x86_64-linux-gnu.so
[0.453s] -- Up-to-date symlink: /home/pierres/COURS/slamnav/install/nav_2d_msgs/local/lib/python3.10/dist-packages/nav_2d_msgs/nav_2d_msgs_s__rosidl_typesupport_fastrtps_c.cpython-310-x86_64-linux-gnu.so
[0.453s] -- Up-to-date symlink: /home/pierres/COURS/slamnav/install/nav_2d_msgs/local/lib/python3.10/dist-packages/nav_2d_msgs/nav_2d_msgs_s__rosidl_typesupport_introspection_c.cpython-310-x86_64-linux-gnu.so
[0.453s] -- Up-to-date symlink: /home/pierres/COURS/slamnav/install/nav_2d_msgs/local/lib/python3.10/dist-packages/nav_2d_msgs/nav_2d_msgs_s__rosidl_typesupport_c.cpython-310-x86_64-linux-gnu.so
[0.454s] -- Up-to-date symlink: /home/pierres/COURS/slamnav/install/nav_2d_msgs/share/nav_2d_msgs/msg/Path2D.idl
[0.454s] -- Up-to-date symlink: /home/pierres/COURS/slamnav/install/nav_2d_msgs/share/nav_2d_msgs/msg/Pose2D32.idl
[0.454s] -- Up-to-date symlink: /home/pierres/COURS/slamnav/install/nav_2d_msgs/share/nav_2d_msgs/msg/Pose2DStamped.idl
[0.454s] -- Up-to-date symlink: /home/pierres/COURS/slamnav/install/nav_2d_msgs/share/nav_2d_msgs/msg/Twist2D.idl
[0.454s] -- Up-to-date symlink: /home/pierres/COURS/slamnav/install/nav_2d_msgs/share/nav_2d_msgs/msg/Twist2D32.idl
[0.454s] -- Up-to-date symlink: /home/pierres/COURS/slamnav/install/nav_2d_msgs/share/nav_2d_msgs/msg/Twist2DStamped.idl
[0.455s] -- Up-to-date symlink: /home/pierres/COURS/slamnav/install/nav_2d_msgs/share/nav_2d_msgs/msg/Path2D.msg
[0.455s] -- Up-to-date symlink: /home/pierres/COURS/slamnav/install/nav_2d_msgs/share/nav_2d_msgs/msg/Pose2D32.msg
[0.455s] -- Up-to-date symlink: /home/pierres/COURS/slamnav/install/nav_2d_msgs/share/nav_2d_msgs/msg/Pose2DStamped.msg
[0.455s] -- Up-to-date symlink: /home/pierres/COURS/slamnav/install/nav_2d_msgs/share/nav_2d_msgs/msg/Twist2D.msg
[0.455s] -- Up-to-date symlink: /home/pierres/COURS/slamnav/install/nav_2d_msgs/share/nav_2d_msgs/msg/Twist2D32.msg
[0.455s] -- Up-to-date symlink: /home/pierres/COURS/slamnav/install/nav_2d_msgs/share/nav_2d_msgs/msg/Twist2DStamped.msg
[0.456s] -- Up-to-date symlink: /home/pierres/COURS/slamnav/install/nav_2d_msgs/share/ament_index/resource_index/package_run_dependencies/nav_2d_msgs
[0.456s] -- Up-to-date symlink: /home/pierres/COURS/slamnav/install/nav_2d_msgs/share/ament_index/resource_index/parent_prefix_path/nav_2d_msgs
[0.456s] -- Up-to-date symlink: /home/pierres/COURS/slamnav/install/nav_2d_msgs/share/nav_2d_msgs/environment/ament_prefix_path.sh
[0.456s] -- Up-to-date symlink: /home/pierres/COURS/slamnav/install/nav_2d_msgs/share/nav_2d_msgs/environment/ament_prefix_path.dsv
[0.456s] -- Up-to-date symlink: /home/pierres/COURS/slamnav/install/nav_2d_msgs/share/nav_2d_msgs/environment/path.sh
[0.456s] -- Up-to-date symlink: /home/pierres/COURS/slamnav/install/nav_2d_msgs/share/nav_2d_msgs/environment/path.dsv
[0.457s] -- Up-to-date symlink: /home/pierres/COURS/slamnav/install/nav_2d_msgs/share/nav_2d_msgs/local_setup.bash
[0.457s] -- Up-to-date symlink: /home/pierres/COURS/slamnav/install/nav_2d_msgs/share/nav_2d_msgs/local_setup.sh
[0.457s] -- Up-to-date symlink: /home/pierres/COURS/slamnav/install/nav_2d_msgs/share/nav_2d_msgs/local_setup.zsh
[0.457s] -- Up-to-date symlink: /home/pierres/COURS/slamnav/install/nav_2d_msgs/share/nav_2d_msgs/local_setup.dsv
[0.457s] -- Symlinking: /home/pierres/COURS/slamnav/install/nav_2d_msgs/share/nav_2d_msgs/package.dsv
[0.467s] -- Up-to-date symlink: /home/pierres/COURS/slamnav/install/nav_2d_msgs/share/ament_index/resource_index/packages/nav_2d_msgs
[0.467s] -- Up-to-date symlink: /home/pierres/COURS/slamnav/install/nav_2d_msgs/share/nav_2d_msgs/cmake/rosidl_cmake-extras.cmake
[0.467s] -- Up-to-date symlink: /home/pierres/COURS/slamnav/install/nav_2d_msgs/share/nav_2d_msgs/cmake/ament_cmake_export_dependencies-extras.cmake
[0.467s] -- Up-to-date symlink: /home/pierres/COURS/slamnav/install/nav_2d_msgs/share/nav_2d_msgs/cmake/ament_cmake_export_include_directories-extras.cmake
[0.468s] -- Up-to-date symlink: /home/pierres/COURS/slamnav/install/nav_2d_msgs/share/nav_2d_msgs/cmake/ament_cmake_export_libraries-extras.cmake
[0.468s] -- Up-to-date symlink: /home/pierres/COURS/slamnav/install/nav_2d_msgs/share/nav_2d_msgs/cmake/ament_cmake_export_targets-extras.cmake
[0.468s] -- Up-to-date symlink: /home/pierres/COURS/slamnav/install/nav_2d_msgs/share/nav_2d_msgs/cmake/rosidl_cmake_export_typesupport_targets-extras.cmake
[0.468s] -- Up-to-date symlink: /home/pierres/COURS/slamnav/install/nav_2d_msgs/share/nav_2d_msgs/cmake/rosidl_cmake_export_typesupport_libraries-extras.cmake
[0.468s] -- Up-to-date symlink: /home/pierres/COURS/slamnav/install/nav_2d_msgs/share/nav_2d_msgs/cmake/nav_2d_msgsConfig.cmake
[0.468s] -- Up-to-date symlink: /home/pierres/COURS/slamnav/install/nav_2d_msgs/share/nav_2d_msgs/cmake/nav_2d_msgsConfig-version.cmake
[0.469s] -- Up-to-date symlink: /home/pierres/COURS/slamnav/install/nav_2d_msgs/share/nav_2d_msgs/package.xml
[0.469s] -- Up-to-date: /home/pierres/COURS/slamnav/install/nav_2d_msgs/lib/libnav_2d_msgs__rosidl_generator_c.so
[0.469s] -- Up-to-date: /home/pierres/COURS/slamnav/install/nav_2d_msgs/lib/libnav_2d_msgs__rosidl_typesupport_fastrtps_c.so
[0.469s] -- Up-to-date: /home/pierres/COURS/slamnav/install/nav_2d_msgs/lib/libnav_2d_msgs__rosidl_typesupport_fastrtps_cpp.so
[0.470s] -- Up-to-date: /home/pierres/COURS/slamnav/install/nav_2d_msgs/lib/libnav_2d_msgs__rosidl_typesupport_introspection_c.so
[0.470s] -- Up-to-date: /home/pierres/COURS/slamnav/install/nav_2d_msgs/lib/libnav_2d_msgs__rosidl_typesupport_c.so
[0.470s] -- Up-to-date: /home/pierres/COURS/slamnav/install/nav_2d_msgs/lib/libnav_2d_msgs__rosidl_typesupport_introspection_cpp.so
[0.471s] -- Up-to-date: /home/pierres/COURS/slamnav/install/nav_2d_msgs/lib/libnav_2d_msgs__rosidl_typesupport_cpp.so
[0.514s] Listing '/home/pierres/COURS/slamnav/install/nav_2d_msgs/local/lib/python3.10/dist-packages/nav_2d_msgs'...
[0.514s] Listing '/home/pierres/COURS/slamnav/install/nav_2d_msgs/local/lib/python3.10/dist-packages/nav_2d_msgs/msg'...
[0.517s] -- Up-to-date: /home/pierres/COURS/slamnav/install/nav_2d_msgs/lib/libnav_2d_msgs__rosidl_generator_py.so
[0.518s] -- Up-to-date: /home/pierres/COURS/slamnav/install/nav_2d_msgs/share/nav_2d_msgs/cmake/export_nav_2d_msgs__rosidl_generator_cExport.cmake
[0.518s] -- Up-to-date: /home/pierres/COURS/slamnav/install/nav_2d_msgs/share/nav_2d_msgs/cmake/export_nav_2d_msgs__rosidl_generator_cExport-release.cmake
[0.518s] -- Up-to-date: /home/pierres/COURS/slamnav/install/nav_2d_msgs/share/nav_2d_msgs/cmake/export_nav_2d_msgs__rosidl_typesupport_fastrtps_cExport.cmake
[0.518s] -- Up-to-date: /home/pierres/COURS/slamnav/install/nav_2d_msgs/share/nav_2d_msgs/cmake/export_nav_2d_msgs__rosidl_typesupport_fastrtps_cExport-release.cmake
[0.518s] -- Up-to-date: /home/pierres/COURS/slamnav/install/nav_2d_msgs/share/nav_2d_msgs/cmake/export_nav_2d_msgs__rosidl_generator_cppExport.cmake
[0.518s] -- Up-to-date: /home/pierres/COURS/slamnav/install/nav_2d_msgs/share/nav_2d_msgs/cmake/export_nav_2d_msgs__rosidl_typesupport_fastrtps_cppExport.cmake
[0.518s] -- Up-to-date: /home/pierres/COURS/slamnav/install/nav_2d_msgs/share/nav_2d_msgs/cmake/export_nav_2d_msgs__rosidl_typesupport_fastrtps_cppExport-release.cmake
[0.518s] -- Up-to-date: /home/pierres/COURS/slamnav/install/nav_2d_msgs/share/nav_2d_msgs/cmake/nav_2d_msgs__rosidl_typesupport_introspection_cExport.cmake
[0.518s] -- Up-to-date: /home/pierres/COURS/slamnav/install/nav_2d_msgs/share/nav_2d_msgs/cmake/nav_2d_msgs__rosidl_typesupport_introspection_cExport-release.cmake
[0.519s] -- Up-to-date: /home/pierres/COURS/slamnav/install/nav_2d_msgs/share/nav_2d_msgs/cmake/nav_2d_msgs__rosidl_typesupport_cExport.cmake
[0.519s] -- Up-to-date: /home/pierres/COURS/slamnav/install/nav_2d_msgs/share/nav_2d_msgs/cmake/nav_2d_msgs__rosidl_typesupport_cExport-release.cmake
[0.519s] -- Up-to-date: /home/pierres/COURS/slamnav/install/nav_2d_msgs/share/nav_2d_msgs/cmake/nav_2d_msgs__rosidl_typesupport_introspection_cppExport.cmake
[0.519s] -- Up-to-date: /home/pierres/COURS/slamnav/install/nav_2d_msgs/share/nav_2d_msgs/cmake/nav_2d_msgs__rosidl_typesupport_introspection_cppExport-release.cmake
[0.519s] -- Up-to-date: /home/pierres/COURS/slamnav/install/nav_2d_msgs/share/nav_2d_msgs/cmake/nav_2d_msgs__rosidl_typesupport_cppExport.cmake
[0.519s] -- Up-to-date: /home/pierres/COURS/slamnav/install/nav_2d_msgs/share/nav_2d_msgs/cmake/nav_2d_msgs__rosidl_typesupport_cppExport-release.cmake
[0.519s] -- Up-to-date: /home/pierres/COURS/slamnav/install/nav_2d_msgs/share/nav_2d_msgs/cmake/export_nav_2d_msgs__rosidl_generator_pyExport.cmake
[0.519s] -- Up-to-date: /home/pierres/COURS/slamnav/install/nav_2d_msgs/share/nav_2d_msgs/cmake/export_nav_2d_msgs__rosidl_generator_pyExport-release.cmake
[0.523s] Invoked command in '/home/pierres/COURS/slamnav/build/nav_2d_msgs' returned '0': CMAKE_PREFIX_PATH=${CMAKE_PREFIX_PATH}:/opt/ros/humble:/home/pierres/COURS/slamnav/install/slamnav_turtlebot /usr/bin/cmake --install /home/pierres/COURS/slamnav/build/nav_2d_msgs
