[0.122s] Invoking command in '/home/pierres/COURS/slamnav/build/nav2_behaviors': AMENT_PREFIX_PATH=/home/pierres/COURS/slamnav/install/nav2_core:/home/pierres/COURS/slamnav/install/nav2_costmap_2d:/home/pierres/COURS/slamnav/install/nav2_map_server:/home/pierres/COURS/slamnav/install/nav2_lifecycle_manager:/home/pierres/COURS/slamnav/install/nav2_behavior_tree:/home/pierres/COURS/slamnav/install/nav2_util:/home/pierres/COURS/slamnav/install/nav2_voxel_grid:/home/pierres/COURS/slamnav/install/nav2_msgs:/home/pierres/COURS/slamnav/install/nav2_common CMAKE_PREFIX_PATH=/home/pierres/COURS/slamnav/install/nav2_core:/home/pierres/COURS/slamnav/install/nav2_costmap_2d:/home/pierres/COURS/slamnav/install/nav2_map_server:/home/pierres/COURS/slamnav/install/nav2_lifecycle_manager:/home/pierres/COURS/slamnav/install/nav2_behavior_tree:/home/pierres/COURS/slamnav/install/nav2_util:/home/pierres/COURS/slamnav/install/nav2_voxel_grid:/home/pierres/COURS/slamnav/install/nav2_msgs:/home/pierres/COURS/slamnav/install/nav2_common LD_LIBRARY_PATH=/home/pierres/COURS/slamnav/install/nav2_costmap_2d/lib:/home/pierres/COURS/slamnav/install/nav2_map_server/lib:/home/pierres/COURS/slamnav/install/nav2_lifecycle_manager/lib:/home/pierres/COURS/slamnav/install/nav2_behavior_tree/lib:/home/pierres/COURS/slamnav/install/nav2_util/lib:/home/pierres/COURS/slamnav/install/nav2_voxel_grid/lib:/home/pierres/COURS/slamnav/install/nav2_msgs/lib PYTHONPATH=/home/pierres/COURS/slamnav/install/nav2_msgs/local/lib/python3.10/dist-packages:/home/pierres/COURS/slamnav/install/nav2_common/local/lib/python3.10/dist-packages /usr/bin/cmake --build /home/pierres/COURS/slamnav/build/nav2_behaviors -- -j16 -l16
[0.180s] [ 10%] Built target nav2_spin_behavior
[0.180s] [ 20%] Built target nav2_wait_behavior
[0.180s] [ 30%] Built target nav2_drive_on_heading_behavior
[0.189s] [ 40%] Built target gtest_main
[0.191s] [ 50%] Built target nav2_back_up_behavior
[0.195s] [ 60%] Built target behavior_server_core
[0.195s] [ 75%] Built target nav2_assisted_teleop_behavior
[0.195s] [ 80%] Built target gtest
[0.241s] [ 90%] Built target behavior_server
[0.245s] [100%] Built target test_behaviors
[0.342s] Invoked command in '/home/pierres/COURS/slamnav/build/nav2_behaviors' returned '0': AMENT_PREFIX_PATH=/home/pierres/COURS/slamnav/install/nav2_core:/home/pierres/COURS/slamnav/install/nav2_costmap_2d:/home/pierres/COURS/slamnav/install/nav2_map_server:/home/pierres/COURS/slamnav/install/nav2_lifecycle_manager:/home/pierres/COURS/slamnav/install/nav2_behavior_tree:/home/pierres/COURS/slamnav/install/nav2_util:/home/pierres/COURS/slamnav/install/nav2_voxel_grid:/home/pierres/COURS/slamnav/install/nav2_msgs:/home/pierres/COURS/slamnav/install/nav2_common CMAKE_PREFIX_PATH=/home/pierres/COURS/slamnav/install/nav2_core:/home/pierres/COURS/slamnav/install/nav2_costmap_2d:/home/pierres/COURS/slamnav/install/nav2_map_server:/home/pierres/COURS/slamnav/install/nav2_lifecycle_manager:/home/pierres/COURS/slamnav/install/nav2_behavior_tree:/home/pierres/COURS/slamnav/install/nav2_util:/home/pierres/COURS/slamnav/install/nav2_voxel_grid:/home/pierres/COURS/slamnav/install/nav2_msgs:/home/pierres/COURS/slamnav/install/nav2_common LD_LIBRARY_PATH=/home/pierres/COURS/slamnav/install/nav2_costmap_2d/lib:/home/pierres/COURS/slamnav/install/nav2_map_server/lib:/home/pierres/COURS/slamnav/install/nav2_lifecycle_manager/lib:/home/pierres/COURS/slamnav/install/nav2_behavior_tree/lib:/home/pierres/COURS/slamnav/install/nav2_util/lib:/home/pierres/COURS/slamnav/install/nav2_voxel_grid/lib:/home/pierres/COURS/slamnav/install/nav2_msgs/lib PYTHONPATH=/home/pierres/COURS/slamnav/install/nav2_msgs/local/lib/python3.10/dist-packages:/home/pierres/COURS/slamnav/install/nav2_common/local/lib/python3.10/dist-packages /usr/bin/cmake --build /home/pierres/COURS/slamnav/build/nav2_behaviors -- -j16 -l16
[0.426s] Invoking command in '/home/pierres/COURS/slamnav/build/nav2_behaviors': AMENT_PREFIX_PATH=/home/pierres/COURS/slamnav/install/nav2_core:/home/pierres/COURS/slamnav/install/nav2_costmap_2d:/home/pierres/COURS/slamnav/install/nav2_map_server:/home/pierres/COURS/slamnav/install/nav2_lifecycle_manager:/home/pierres/COURS/slamnav/install/nav2_behavior_tree:/home/pierres/COURS/slamnav/install/nav2_util:/home/pierres/COURS/slamnav/install/nav2_voxel_grid:/home/pierres/COURS/slamnav/install/nav2_msgs:/home/pierres/COURS/slamnav/install/nav2_common CMAKE_PREFIX_PATH=/home/pierres/COURS/slamnav/install/nav2_core:/home/pierres/COURS/slamnav/install/nav2_costmap_2d:/home/pierres/COURS/slamnav/install/nav2_map_server:/home/pierres/COURS/slamnav/install/nav2_lifecycle_manager:/home/pierres/COURS/slamnav/install/nav2_behavior_tree:/home/pierres/COURS/slamnav/install/nav2_util:/home/pierres/COURS/slamnav/install/nav2_voxel_grid:/home/pierres/COURS/slamnav/install/nav2_msgs:/home/pierres/COURS/slamnav/install/nav2_common LD_LIBRARY_PATH=/home/pierres/COURS/slamnav/install/nav2_costmap_2d/lib:/home/pierres/COURS/slamnav/install/nav2_map_server/lib:/home/pierres/COURS/slamnav/install/nav2_lifecycle_manager/lib:/home/pierres/COURS/slamnav/install/nav2_behavior_tree/lib:/home/pierres/COURS/slamnav/install/nav2_util/lib:/home/pierres/COURS/slamnav/install/nav2_voxel_grid/lib:/home/pierres/COURS/slamnav/install/nav2_msgs/lib PYTHONPATH=/home/pierres/COURS/slamnav/install/nav2_msgs/local/lib/python3.10/dist-packages:/home/pierres/COURS/slamnav/install/nav2_common/local/lib/python3.10/dist-packages /usr/bin/cmake --install /home/pierres/COURS/slamnav/build/nav2_behaviors
[0.436s] -- Install configuration: "Humble"
[0.436s] -- Execute custom install script
[0.436s] -- Up-to-date symlink: /home/pierres/COURS/slamnav/install/nav2_behaviors/share/nav2_behaviors//behavior_plugin.xml
[0.436s] -- Up-to-date symlink: /home/pierres/COURS/slamnav/install/nav2_behaviors/lib/libbehavior_server_core.so
[0.436s] -- Up-to-date symlink: /home/pierres/COURS/slamnav/install/nav2_behaviors/lib/libnav2_spin_behavior.so
[0.436s] -- Up-to-date symlink: /home/pierres/COURS/slamnav/install/nav2_behaviors/lib/libnav2_wait_behavior.so
[0.436s] -- Up-to-date symlink: /home/pierres/COURS/slamnav/install/nav2_behaviors/lib/libnav2_assisted_teleop_behavior.so
[0.436s] -- Up-to-date symlink: /home/pierres/COURS/slamnav/install/nav2_behaviors/lib/libnav2_drive_on_heading_behavior.so
[0.436s] -- Up-to-date symlink: /home/pierres/COURS/slamnav/install/nav2_behaviors/lib/libnav2_back_up_behavior.so
[0.437s] -- Up-to-date symlink: /home/pierres/COURS/slamnav/install/nav2_behaviors/lib/nav2_behaviors/behavior_server
[0.437s] -- Up-to-date symlink: /home/pierres/COURS/slamnav/install/nav2_behaviors/include//nav2_behaviors/behavior_server.hpp
[0.437s] -- Up-to-date symlink: /home/pierres/COURS/slamnav/install/nav2_behaviors/include//nav2_behaviors/plugins/assisted_teleop.hpp
[0.437s] -- Up-to-date symlink: /home/pierres/COURS/slamnav/install/nav2_behaviors/include//nav2_behaviors/plugins/back_up.hpp
[0.437s] -- Up-to-date symlink: /home/pierres/COURS/slamnav/install/nav2_behaviors/include//nav2_behaviors/plugins/drive_on_heading.hpp
[0.437s] -- Up-to-date symlink: /home/pierres/COURS/slamnav/install/nav2_behaviors/include//nav2_behaviors/plugins/spin.hpp
[0.437s] -- Up-to-date symlink: /home/pierres/COURS/slamnav/install/nav2_behaviors/include//nav2_behaviors/plugins/wait.hpp
[0.437s] -- Up-to-date symlink: /home/pierres/COURS/slamnav/install/nav2_behaviors/include//nav2_behaviors/timed_behavior.hpp
[0.437s] -- Up-to-date symlink: /home/pierres/COURS/slamnav/install/nav2_behaviors/share/nav2_behaviors/behavior_plugin.xml
[0.438s] -- Up-to-date symlink: /home/pierres/COURS/slamnav/install/nav2_behaviors/share/nav2_behaviors/plugins//assisted_teleop.cpp
[0.438s] -- Up-to-date symlink: /home/pierres/COURS/slamnav/install/nav2_behaviors/share/nav2_behaviors/plugins//back_up.cpp
[0.438s] -- Up-to-date symlink: /home/pierres/COURS/slamnav/install/nav2_behaviors/share/nav2_behaviors/plugins//drive_on_heading.cpp
[0.438s] -- Up-to-date symlink: /home/pierres/COURS/slamnav/install/nav2_behaviors/share/nav2_behaviors/plugins//spin.cpp
[0.438s] -- Up-to-date symlink: /home/pierres/COURS/slamnav/install/nav2_behaviors/share/nav2_behaviors/plugins//wait.cpp
[0.438s] -- Up-to-date symlink: /home/pierres/COURS/slamnav/install/nav2_behaviors/share/nav2_behaviors/environment/library_path.sh
[0.438s] -- Up-to-date symlink: /home/pierres/COURS/slamnav/install/nav2_behaviors/share/nav2_behaviors/environment/library_path.dsv
[0.438s] -- Up-to-date symlink: /home/pierres/COURS/slamnav/install/nav2_behaviors/share/ament_index/resource_index/package_run_dependencies/nav2_behaviors
[0.438s] -- Up-to-date symlink: /home/pierres/COURS/slamnav/install/nav2_behaviors/share/ament_index/resource_index/parent_prefix_path/nav2_behaviors
[0.438s] -- Up-to-date symlink: /home/pierres/COURS/slamnav/install/nav2_behaviors/share/nav2_behaviors/environment/ament_prefix_path.sh
[0.438s] -- Up-to-date symlink: /home/pierres/COURS/slamnav/install/nav2_behaviors/share/nav2_behaviors/environment/ament_prefix_path.dsv
[0.439s] -- Up-to-date symlink: /home/pierres/COURS/slamnav/install/nav2_behaviors/share/nav2_behaviors/environment/path.sh
[0.439s] -- Up-to-date symlink: /home/pierres/COURS/slamnav/install/nav2_behaviors/share/nav2_behaviors/environment/path.dsv
[0.440s] -- Up-to-date symlink: /home/pierres/COURS/slamnav/install/nav2_behaviors/share/nav2_behaviors/local_setup.bash
[0.440s] -- Up-to-date symlink: /home/pierres/COURS/slamnav/install/nav2_behaviors/share/nav2_behaviors/local_setup.sh
[0.440s] -- Up-to-date symlink: /home/pierres/COURS/slamnav/install/nav2_behaviors/share/nav2_behaviors/local_setup.zsh
[0.440s] -- Up-to-date symlink: /home/pierres/COURS/slamnav/install/nav2_behaviors/share/nav2_behaviors/local_setup.dsv
[0.441s] -- Symlinking: /home/pierres/COURS/slamnav/install/nav2_behaviors/share/nav2_behaviors/package.dsv
[0.441s] -- Up-to-date symlink: /home/pierres/COURS/slamnav/install/nav2_behaviors/share/ament_index/resource_index/packages/nav2_behaviors
[0.441s] -- Up-to-date symlink: /home/pierres/COURS/slamnav/install/nav2_behaviors/share/ament_index/resource_index/nav2_core__pluginlib__plugin/nav2_behaviors
[0.441s] -- Up-to-date symlink: /home/pierres/COURS/slamnav/install/nav2_behaviors/share/ament_index/resource_index/rclcpp_components/nav2_behaviors
[0.442s] -- Up-to-date symlink: /home/pierres/COURS/slamnav/install/nav2_behaviors/share/nav2_behaviors/cmake/ament_cmake_export_include_directories-extras.cmake
[0.442s] -- Up-to-date symlink: /home/pierres/COURS/slamnav/install/nav2_behaviors/share/nav2_behaviors/cmake/ament_cmake_export_libraries-extras.cmake
[0.443s] -- Up-to-date symlink: /home/pierres/COURS/slamnav/install/nav2_behaviors/share/nav2_behaviors/cmake/ament_cmake_export_dependencies-extras.cmake
[0.443s] -- Up-to-date symlink: /home/pierres/COURS/slamnav/install/nav2_behaviors/share/nav2_behaviors/cmake/nav2_behaviorsConfig.cmake
[0.443s] -- Up-to-date symlink: /home/pierres/COURS/slamnav/install/nav2_behaviors/share/nav2_behaviors/cmake/nav2_behaviorsConfig-version.cmake
[0.444s] -- Up-to-date symlink: /home/pierres/COURS/slamnav/install/nav2_behaviors/share/nav2_behaviors/package.xml
[0.510s] Invoked command in '/home/pierres/COURS/slamnav/build/nav2_behaviors' returned '0': AMENT_PREFIX_PATH=/home/pierres/COURS/slamnav/install/nav2_core:/home/pierres/COURS/slamnav/install/nav2_costmap_2d:/home/pierres/COURS/slamnav/install/nav2_map_server:/home/pierres/COURS/slamnav/install/nav2_lifecycle_manager:/home/pierres/COURS/slamnav/install/nav2_behavior_tree:/home/pierres/COURS/slamnav/install/nav2_util:/home/pierres/COURS/slamnav/install/nav2_voxel_grid:/home/pierres/COURS/slamnav/install/nav2_msgs:/home/pierres/COURS/slamnav/install/nav2_common CMAKE_PREFIX_PATH=/home/pierres/COURS/slamnav/install/nav2_core:/home/pierres/COURS/slamnav/install/nav2_costmap_2d:/home/pierres/COURS/slamnav/install/nav2_map_server:/home/pierres/COURS/slamnav/install/nav2_lifecycle_manager:/home/pierres/COURS/slamnav/install/nav2_behavior_tree:/home/pierres/COURS/slamnav/install/nav2_util:/home/pierres/COURS/slamnav/install/nav2_voxel_grid:/home/pierres/COURS/slamnav/install/nav2_msgs:/home/pierres/COURS/slamnav/install/nav2_common LD_LIBRARY_PATH=/home/pierres/COURS/slamnav/install/nav2_costmap_2d/lib:/home/pierres/COURS/slamnav/install/nav2_map_server/lib:/home/pierres/COURS/slamnav/install/nav2_lifecycle_manager/lib:/home/pierres/COURS/slamnav/install/nav2_behavior_tree/lib:/home/pierres/COURS/slamnav/install/nav2_util/lib:/home/pierres/COURS/slamnav/install/nav2_voxel_grid/lib:/home/pierres/COURS/slamnav/install/nav2_msgs/lib PYTHONPATH=/home/pierres/COURS/slamnav/install/nav2_msgs/local/lib/python3.10/dist-packages:/home/pierres/COURS/slamnav/install/nav2_common/local/lib/python3.10/dist-packages /usr/bin/cmake --install /home/pierres/COURS/slamnav/build/nav2_behaviors
